[2024-03-11T15:40:26.382+0000] {processor.py:161} INFO - Started process (PID=506) to work on /usr/local/lib/python3.8/dist-packages/airflow/example_dags/example_bash_operator.py
[2024-03-11T15:40:26.384+0000] {processor.py:830} INFO - Processing file /usr/local/lib/python3.8/dist-packages/airflow/example_dags/example_bash_operator.py for tasks to queue
[2024-03-11T15:40:26.385+0000] {logging_mixin.py:188} INFO - [2024-03-11T15:40:26.384+0000] {dagbag.py:540} INFO - Filling up the DagBag from /usr/local/lib/python3.8/dist-packages/airflow/example_dags/example_bash_operator.py
[2024-03-11T15:40:26.398+0000] {processor.py:840} INFO - DAG(s) 'example_bash_operator' retrieved from /usr/local/lib/python3.8/dist-packages/airflow/example_dags/example_bash_operator.py
[2024-03-11T15:40:26.640+0000] {logging_mixin.py:188} INFO - [2024-03-11T15:40:26.640+0000] {override.py:1769} INFO - Created Permission View: can delete on DAG:example_bash_operator
[2024-03-11T15:40:26.658+0000] {logging_mixin.py:188} INFO - [2024-03-11T15:40:26.658+0000] {override.py:1769} INFO - Created Permission View: can read on DAG:example_bash_operator
[2024-03-11T15:40:26.673+0000] {logging_mixin.py:188} INFO - [2024-03-11T15:40:26.673+0000] {override.py:1769} INFO - Created Permission View: can edit on DAG:example_bash_operator
[2024-03-11T15:40:26.674+0000] {logging_mixin.py:188} INFO - [2024-03-11T15:40:26.674+0000] {dag.py:3047} INFO - Sync 1 DAGs
[2024-03-11T15:40:26.683+0000] {logging_mixin.py:188} INFO - [2024-03-11T15:40:26.682+0000] {dag.py:3069} INFO - Creating ORM DAG for example_bash_operator
[2024-03-11T15:40:26.690+0000] {logging_mixin.py:188} INFO - [2024-03-11T15:40:26.690+0000] {dag.py:3834} INFO - Setting next_dagrun for example_bash_operator to 2024-03-10 00:00:00+00:00, run_after=2024-03-11 00:00:00+00:00
[2024-03-11T15:40:26.721+0000] {processor.py:183} INFO - Processing /usr/local/lib/python3.8/dist-packages/airflow/example_dags/example_bash_operator.py took 0.342 seconds
[2024-03-11T15:41:20.963+0000] {processor.py:161} INFO - Started process (PID=579) to work on /usr/local/lib/python3.8/dist-packages/airflow/example_dags/example_bash_operator.py
[2024-03-11T15:41:20.965+0000] {processor.py:830} INFO - Processing file /usr/local/lib/python3.8/dist-packages/airflow/example_dags/example_bash_operator.py for tasks to queue
[2024-03-11T15:41:20.966+0000] {logging_mixin.py:188} INFO - [2024-03-11T15:41:20.965+0000] {dagbag.py:540} INFO - Filling up the DagBag from /usr/local/lib/python3.8/dist-packages/airflow/example_dags/example_bash_operator.py
[2024-03-11T15:41:20.981+0000] {processor.py:840} INFO - DAG(s) 'example_bash_operator' retrieved from /usr/local/lib/python3.8/dist-packages/airflow/example_dags/example_bash_operator.py
[2024-03-11T15:41:21.008+0000] {logging_mixin.py:188} INFO - [2024-03-11T15:41:21.007+0000] {dag.py:3047} INFO - Sync 1 DAGs
[2024-03-11T15:41:21.032+0000] {logging_mixin.py:188} INFO - [2024-03-11T15:41:21.032+0000] {dag.py:3834} INFO - Setting next_dagrun for example_bash_operator to 2024-03-10 00:00:00+00:00, run_after=2024-03-11 00:00:00+00:00
[2024-03-11T15:41:21.063+0000] {processor.py:183} INFO - Processing /usr/local/lib/python3.8/dist-packages/airflow/example_dags/example_bash_operator.py took 0.104 seconds
[2024-03-11T15:42:07.545+0000] {processor.py:161} INFO - Started process (PID=627) to work on /usr/local/lib/python3.8/dist-packages/airflow/example_dags/example_bash_operator.py
[2024-03-11T15:42:07.547+0000] {processor.py:830} INFO - Processing file /usr/local/lib/python3.8/dist-packages/airflow/example_dags/example_bash_operator.py for tasks to queue
[2024-03-11T15:42:07.548+0000] {logging_mixin.py:188} INFO - [2024-03-11T15:42:07.547+0000] {dagbag.py:540} INFO - Filling up the DagBag from /usr/local/lib/python3.8/dist-packages/airflow/example_dags/example_bash_operator.py
[2024-03-11T15:42:07.558+0000] {processor.py:840} INFO - DAG(s) 'example_bash_operator' retrieved from /usr/local/lib/python3.8/dist-packages/airflow/example_dags/example_bash_operator.py
[2024-03-11T15:42:07.580+0000] {logging_mixin.py:188} INFO - [2024-03-11T15:42:07.580+0000] {dag.py:3047} INFO - Sync 1 DAGs
[2024-03-11T15:42:07.599+0000] {logging_mixin.py:188} INFO - [2024-03-11T15:42:07.599+0000] {dag.py:3834} INFO - Setting next_dagrun for example_bash_operator to 2024-03-10 00:00:00+00:00, run_after=2024-03-11 00:00:00+00:00
[2024-03-11T15:42:07.624+0000] {processor.py:183} INFO - Processing /usr/local/lib/python3.8/dist-packages/airflow/example_dags/example_bash_operator.py took 0.081 seconds
[2024-03-11T15:43:04.637+0000] {processor.py:161} INFO - Started process (PID=682) to work on /usr/local/lib/python3.8/dist-packages/airflow/example_dags/example_bash_operator.py
[2024-03-11T15:43:04.640+0000] {processor.py:830} INFO - Processing file /usr/local/lib/python3.8/dist-packages/airflow/example_dags/example_bash_operator.py for tasks to queue
[2024-03-11T15:43:04.641+0000] {logging_mixin.py:188} INFO - [2024-03-11T15:43:04.641+0000] {dagbag.py:540} INFO - Filling up the DagBag from /usr/local/lib/python3.8/dist-packages/airflow/example_dags/example_bash_operator.py
[2024-03-11T15:43:04.655+0000] {processor.py:840} INFO - DAG(s) 'example_bash_operator' retrieved from /usr/local/lib/python3.8/dist-packages/airflow/example_dags/example_bash_operator.py
[2024-03-11T15:43:04.683+0000] {logging_mixin.py:188} INFO - [2024-03-11T15:43:04.682+0000] {dag.py:3047} INFO - Sync 1 DAGs
[2024-03-11T15:43:04.706+0000] {logging_mixin.py:188} INFO - [2024-03-11T15:43:04.705+0000] {dag.py:3834} INFO - Setting next_dagrun for example_bash_operator to 2024-03-10 00:00:00+00:00, run_after=2024-03-11 00:00:00+00:00
[2024-03-11T15:43:04.736+0000] {processor.py:183} INFO - Processing /usr/local/lib/python3.8/dist-packages/airflow/example_dags/example_bash_operator.py took 0.102 seconds
[2024-03-11T15:44:04.235+0000] {processor.py:161} INFO - Started process (PID=740) to work on /usr/local/lib/python3.8/dist-packages/airflow/example_dags/example_bash_operator.py
[2024-03-11T15:44:04.237+0000] {processor.py:830} INFO - Processing file /usr/local/lib/python3.8/dist-packages/airflow/example_dags/example_bash_operator.py for tasks to queue
[2024-03-11T15:44:04.238+0000] {logging_mixin.py:188} INFO - [2024-03-11T15:44:04.238+0000] {dagbag.py:540} INFO - Filling up the DagBag from /usr/local/lib/python3.8/dist-packages/airflow/example_dags/example_bash_operator.py
[2024-03-11T15:44:04.252+0000] {processor.py:840} INFO - DAG(s) 'example_bash_operator' retrieved from /usr/local/lib/python3.8/dist-packages/airflow/example_dags/example_bash_operator.py
[2024-03-11T15:44:04.280+0000] {logging_mixin.py:188} INFO - [2024-03-11T15:44:04.280+0000] {dag.py:3047} INFO - Sync 1 DAGs
[2024-03-11T15:44:04.305+0000] {logging_mixin.py:188} INFO - [2024-03-11T15:44:04.305+0000] {dag.py:3834} INFO - Setting next_dagrun for example_bash_operator to 2024-03-10 00:00:00+00:00, run_after=2024-03-11 00:00:00+00:00
[2024-03-11T15:44:04.336+0000] {processor.py:183} INFO - Processing /usr/local/lib/python3.8/dist-packages/airflow/example_dags/example_bash_operator.py took 0.104 seconds
[2024-03-11T15:44:59.667+0000] {processor.py:161} INFO - Started process (PID=795) to work on /usr/local/lib/python3.8/dist-packages/airflow/example_dags/example_bash_operator.py
[2024-03-11T15:44:59.669+0000] {processor.py:830} INFO - Processing file /usr/local/lib/python3.8/dist-packages/airflow/example_dags/example_bash_operator.py for tasks to queue
[2024-03-11T15:44:59.670+0000] {logging_mixin.py:188} INFO - [2024-03-11T15:44:59.670+0000] {dagbag.py:540} INFO - Filling up the DagBag from /usr/local/lib/python3.8/dist-packages/airflow/example_dags/example_bash_operator.py
[2024-03-11T15:44:59.684+0000] {processor.py:840} INFO - DAG(s) 'example_bash_operator' retrieved from /usr/local/lib/python3.8/dist-packages/airflow/example_dags/example_bash_operator.py
[2024-03-11T15:44:59.712+0000] {logging_mixin.py:188} INFO - [2024-03-11T15:44:59.712+0000] {dag.py:3047} INFO - Sync 1 DAGs
[2024-03-11T15:44:59.735+0000] {logging_mixin.py:188} INFO - [2024-03-11T15:44:59.735+0000] {dag.py:3834} INFO - Setting next_dagrun for example_bash_operator to 2024-03-10 00:00:00+00:00, run_after=2024-03-11 00:00:00+00:00
[2024-03-11T15:44:59.765+0000] {processor.py:183} INFO - Processing /usr/local/lib/python3.8/dist-packages/airflow/example_dags/example_bash_operator.py took 0.101 seconds
[2024-03-11T15:45:58.737+0000] {processor.py:161} INFO - Started process (PID=852) to work on /usr/local/lib/python3.8/dist-packages/airflow/example_dags/example_bash_operator.py
[2024-03-11T15:45:58.739+0000] {processor.py:830} INFO - Processing file /usr/local/lib/python3.8/dist-packages/airflow/example_dags/example_bash_operator.py for tasks to queue
[2024-03-11T15:45:58.740+0000] {logging_mixin.py:188} INFO - [2024-03-11T15:45:58.740+0000] {dagbag.py:540} INFO - Filling up the DagBag from /usr/local/lib/python3.8/dist-packages/airflow/example_dags/example_bash_operator.py
[2024-03-11T15:45:58.754+0000] {processor.py:840} INFO - DAG(s) 'example_bash_operator' retrieved from /usr/local/lib/python3.8/dist-packages/airflow/example_dags/example_bash_operator.py
[2024-03-11T15:45:58.782+0000] {logging_mixin.py:188} INFO - [2024-03-11T15:45:58.782+0000] {dag.py:3047} INFO - Sync 1 DAGs
[2024-03-11T15:45:58.806+0000] {logging_mixin.py:188} INFO - [2024-03-11T15:45:58.805+0000] {dag.py:3834} INFO - Setting next_dagrun for example_bash_operator to 2024-03-10 00:00:00+00:00, run_after=2024-03-11 00:00:00+00:00
[2024-03-11T15:45:59.295+0000] {processor.py:183} INFO - Processing /usr/local/lib/python3.8/dist-packages/airflow/example_dags/example_bash_operator.py took 0.561 seconds
[2024-03-11T15:46:47.602+0000] {processor.py:161} INFO - Started process (PID=897) to work on /usr/local/lib/python3.8/dist-packages/airflow/example_dags/example_bash_operator.py
[2024-03-11T15:46:47.604+0000] {processor.py:830} INFO - Processing file /usr/local/lib/python3.8/dist-packages/airflow/example_dags/example_bash_operator.py for tasks to queue
[2024-03-11T15:46:47.605+0000] {logging_mixin.py:188} INFO - [2024-03-11T15:46:47.604+0000] {dagbag.py:540} INFO - Filling up the DagBag from /usr/local/lib/python3.8/dist-packages/airflow/example_dags/example_bash_operator.py
[2024-03-11T15:46:47.620+0000] {processor.py:840} INFO - DAG(s) 'example_bash_operator' retrieved from /usr/local/lib/python3.8/dist-packages/airflow/example_dags/example_bash_operator.py
[2024-03-11T15:46:47.647+0000] {logging_mixin.py:188} INFO - [2024-03-11T15:46:47.647+0000] {dag.py:3047} INFO - Sync 1 DAGs
[2024-03-11T15:46:47.672+0000] {logging_mixin.py:188} INFO - [2024-03-11T15:46:47.672+0000] {dag.py:3834} INFO - Setting next_dagrun for example_bash_operator to 2024-03-10 00:00:00+00:00, run_after=2024-03-11 00:00:00+00:00
[2024-03-11T15:46:47.701+0000] {processor.py:183} INFO - Processing /usr/local/lib/python3.8/dist-packages/airflow/example_dags/example_bash_operator.py took 0.103 seconds
[2024-03-11T15:47:44.355+0000] {processor.py:161} INFO - Started process (PID=952) to work on /usr/local/lib/python3.8/dist-packages/airflow/example_dags/example_bash_operator.py
[2024-03-11T15:47:44.358+0000] {processor.py:830} INFO - Processing file /usr/local/lib/python3.8/dist-packages/airflow/example_dags/example_bash_operator.py for tasks to queue
[2024-03-11T15:47:44.359+0000] {logging_mixin.py:188} INFO - [2024-03-11T15:47:44.359+0000] {dagbag.py:540} INFO - Filling up the DagBag from /usr/local/lib/python3.8/dist-packages/airflow/example_dags/example_bash_operator.py
[2024-03-11T15:47:44.373+0000] {processor.py:840} INFO - DAG(s) 'example_bash_operator' retrieved from /usr/local/lib/python3.8/dist-packages/airflow/example_dags/example_bash_operator.py
[2024-03-11T15:47:44.404+0000] {logging_mixin.py:188} INFO - [2024-03-11T15:47:44.403+0000] {dag.py:3047} INFO - Sync 1 DAGs
[2024-03-11T15:47:44.431+0000] {logging_mixin.py:188} INFO - [2024-03-11T15:47:44.431+0000] {dag.py:3834} INFO - Setting next_dagrun for example_bash_operator to 2024-03-10 00:00:00+00:00, run_after=2024-03-11 00:00:00+00:00
[2024-03-11T15:47:44.461+0000] {processor.py:183} INFO - Processing /usr/local/lib/python3.8/dist-packages/airflow/example_dags/example_bash_operator.py took 0.109 seconds
[2024-03-11T15:48:44.905+0000] {processor.py:161} INFO - Started process (PID=1011) to work on /usr/local/lib/python3.8/dist-packages/airflow/example_dags/example_bash_operator.py
[2024-03-11T15:48:44.907+0000] {processor.py:830} INFO - Processing file /usr/local/lib/python3.8/dist-packages/airflow/example_dags/example_bash_operator.py for tasks to queue
[2024-03-11T15:48:44.908+0000] {logging_mixin.py:188} INFO - [2024-03-11T15:48:44.908+0000] {dagbag.py:540} INFO - Filling up the DagBag from /usr/local/lib/python3.8/dist-packages/airflow/example_dags/example_bash_operator.py
[2024-03-11T15:48:44.923+0000] {processor.py:840} INFO - DAG(s) 'example_bash_operator' retrieved from /usr/local/lib/python3.8/dist-packages/airflow/example_dags/example_bash_operator.py
[2024-03-11T15:48:44.950+0000] {logging_mixin.py:188} INFO - [2024-03-11T15:48:44.950+0000] {dag.py:3047} INFO - Sync 1 DAGs
[2024-03-11T15:48:44.975+0000] {logging_mixin.py:188} INFO - [2024-03-11T15:48:44.975+0000] {dag.py:3834} INFO - Setting next_dagrun for example_bash_operator to 2024-03-10 00:00:00+00:00, run_after=2024-03-11 00:00:00+00:00
[2024-03-11T15:48:45.006+0000] {processor.py:183} INFO - Processing /usr/local/lib/python3.8/dist-packages/airflow/example_dags/example_bash_operator.py took 0.105 seconds
[2024-03-11T15:49:53.768+0000] {processor.py:161} INFO - Started process (PID=1076) to work on /usr/local/lib/python3.8/dist-packages/airflow/example_dags/example_bash_operator.py
[2024-03-11T15:49:53.770+0000] {processor.py:830} INFO - Processing file /usr/local/lib/python3.8/dist-packages/airflow/example_dags/example_bash_operator.py for tasks to queue
[2024-03-11T15:49:53.771+0000] {logging_mixin.py:188} INFO - [2024-03-11T15:49:53.771+0000] {dagbag.py:540} INFO - Filling up the DagBag from /usr/local/lib/python3.8/dist-packages/airflow/example_dags/example_bash_operator.py
[2024-03-11T15:49:53.786+0000] {processor.py:840} INFO - DAG(s) 'example_bash_operator' retrieved from /usr/local/lib/python3.8/dist-packages/airflow/example_dags/example_bash_operator.py
[2024-03-11T15:49:53.813+0000] {logging_mixin.py:188} INFO - [2024-03-11T15:49:53.813+0000] {dag.py:3047} INFO - Sync 1 DAGs
[2024-03-11T15:49:53.838+0000] {logging_mixin.py:188} INFO - [2024-03-11T15:49:53.837+0000] {dag.py:3834} INFO - Setting next_dagrun for example_bash_operator to 2024-03-10 00:00:00+00:00, run_after=2024-03-11 00:00:00+00:00
[2024-03-11T15:49:53.871+0000] {processor.py:183} INFO - Processing /usr/local/lib/python3.8/dist-packages/airflow/example_dags/example_bash_operator.py took 0.107 seconds
[2024-03-11T15:50:44.353+0000] {processor.py:161} INFO - Started process (PID=1125) to work on /usr/local/lib/python3.8/dist-packages/airflow/example_dags/example_bash_operator.py
[2024-03-11T15:50:44.355+0000] {processor.py:830} INFO - Processing file /usr/local/lib/python3.8/dist-packages/airflow/example_dags/example_bash_operator.py for tasks to queue
[2024-03-11T15:50:44.356+0000] {logging_mixin.py:188} INFO - [2024-03-11T15:50:44.355+0000] {dagbag.py:540} INFO - Filling up the DagBag from /usr/local/lib/python3.8/dist-packages/airflow/example_dags/example_bash_operator.py
[2024-03-11T15:50:44.369+0000] {processor.py:840} INFO - DAG(s) 'example_bash_operator' retrieved from /usr/local/lib/python3.8/dist-packages/airflow/example_dags/example_bash_operator.py
[2024-03-11T15:50:44.398+0000] {logging_mixin.py:188} INFO - [2024-03-11T15:50:44.397+0000] {dag.py:3047} INFO - Sync 1 DAGs
[2024-03-11T15:50:44.421+0000] {logging_mixin.py:188} INFO - [2024-03-11T15:50:44.420+0000] {dag.py:3834} INFO - Setting next_dagrun for example_bash_operator to 2024-03-10 00:00:00+00:00, run_after=2024-03-11 00:00:00+00:00
[2024-03-11T15:50:44.453+0000] {processor.py:183} INFO - Processing /usr/local/lib/python3.8/dist-packages/airflow/example_dags/example_bash_operator.py took 0.103 seconds
[2024-03-11T15:51:49.480+0000] {processor.py:161} INFO - Started process (PID=1206) to work on /usr/local/lib/python3.8/dist-packages/airflow/example_dags/example_bash_operator.py
[2024-03-11T15:51:49.482+0000] {processor.py:830} INFO - Processing file /usr/local/lib/python3.8/dist-packages/airflow/example_dags/example_bash_operator.py for tasks to queue
[2024-03-11T15:51:49.483+0000] {logging_mixin.py:188} INFO - [2024-03-11T15:51:49.483+0000] {dagbag.py:540} INFO - Filling up the DagBag from /usr/local/lib/python3.8/dist-packages/airflow/example_dags/example_bash_operator.py
[2024-03-11T15:51:49.497+0000] {processor.py:840} INFO - DAG(s) 'example_bash_operator' retrieved from /usr/local/lib/python3.8/dist-packages/airflow/example_dags/example_bash_operator.py
[2024-03-11T15:51:49.525+0000] {logging_mixin.py:188} INFO - [2024-03-11T15:51:49.525+0000] {dag.py:3047} INFO - Sync 1 DAGs
[2024-03-11T15:51:49.549+0000] {logging_mixin.py:188} INFO - [2024-03-11T15:51:49.549+0000] {dag.py:3834} INFO - Setting next_dagrun for example_bash_operator to 2024-03-10 00:00:00+00:00, run_after=2024-03-11 00:00:00+00:00
[2024-03-11T15:51:49.578+0000] {processor.py:183} INFO - Processing /usr/local/lib/python3.8/dist-packages/airflow/example_dags/example_bash_operator.py took 0.102 seconds
[2024-03-11T15:52:51.921+0000] {processor.py:161} INFO - Started process (PID=1270) to work on /usr/local/lib/python3.8/dist-packages/airflow/example_dags/example_bash_operator.py
[2024-03-11T15:52:51.923+0000] {processor.py:830} INFO - Processing file /usr/local/lib/python3.8/dist-packages/airflow/example_dags/example_bash_operator.py for tasks to queue
[2024-03-11T15:52:51.924+0000] {logging_mixin.py:188} INFO - [2024-03-11T15:52:51.923+0000] {dagbag.py:540} INFO - Filling up the DagBag from /usr/local/lib/python3.8/dist-packages/airflow/example_dags/example_bash_operator.py
[2024-03-11T15:52:51.938+0000] {processor.py:840} INFO - DAG(s) 'example_bash_operator' retrieved from /usr/local/lib/python3.8/dist-packages/airflow/example_dags/example_bash_operator.py
[2024-03-11T15:52:51.968+0000] {logging_mixin.py:188} INFO - [2024-03-11T15:52:51.968+0000] {dag.py:3047} INFO - Sync 1 DAGs
[2024-03-11T15:52:51.992+0000] {logging_mixin.py:188} INFO - [2024-03-11T15:52:51.992+0000] {dag.py:3834} INFO - Setting next_dagrun for example_bash_operator to 2024-03-10 00:00:00+00:00, run_after=2024-03-11 00:00:00+00:00
[2024-03-11T15:52:52.026+0000] {processor.py:183} INFO - Processing /usr/local/lib/python3.8/dist-packages/airflow/example_dags/example_bash_operator.py took 0.109 seconds
[2024-03-11T15:53:42.801+0000] {processor.py:161} INFO - Started process (PID=1326) to work on /usr/local/lib/python3.8/dist-packages/airflow/example_dags/example_bash_operator.py
[2024-03-11T15:53:42.803+0000] {processor.py:830} INFO - Processing file /usr/local/lib/python3.8/dist-packages/airflow/example_dags/example_bash_operator.py for tasks to queue
[2024-03-11T15:53:42.804+0000] {logging_mixin.py:188} INFO - [2024-03-11T15:53:42.804+0000] {dagbag.py:540} INFO - Filling up the DagBag from /usr/local/lib/python3.8/dist-packages/airflow/example_dags/example_bash_operator.py
[2024-03-11T15:53:42.818+0000] {processor.py:840} INFO - DAG(s) 'example_bash_operator' retrieved from /usr/local/lib/python3.8/dist-packages/airflow/example_dags/example_bash_operator.py
[2024-03-11T15:53:42.826+0000] {logging_mixin.py:188} INFO - [2024-03-11T15:53:42.825+0000] {dag.py:3047} INFO - Sync 1 DAGs
[2024-03-11T15:53:42.851+0000] {logging_mixin.py:188} INFO - [2024-03-11T15:53:42.851+0000] {dag.py:3834} INFO - Setting next_dagrun for example_bash_operator to 2024-03-10 00:00:00+00:00, run_after=2024-03-11 00:00:00+00:00
[2024-03-11T15:53:42.883+0000] {processor.py:183} INFO - Processing /usr/local/lib/python3.8/dist-packages/airflow/example_dags/example_bash_operator.py took 0.085 seconds
[2024-03-11T15:54:31.231+0000] {processor.py:161} INFO - Started process (PID=1385) to work on /usr/local/lib/python3.8/dist-packages/airflow/example_dags/example_bash_operator.py
[2024-03-11T15:54:31.233+0000] {processor.py:830} INFO - Processing file /usr/local/lib/python3.8/dist-packages/airflow/example_dags/example_bash_operator.py for tasks to queue
[2024-03-11T15:54:31.234+0000] {logging_mixin.py:188} INFO - [2024-03-11T15:54:31.234+0000] {dagbag.py:540} INFO - Filling up the DagBag from /usr/local/lib/python3.8/dist-packages/airflow/example_dags/example_bash_operator.py
[2024-03-11T15:54:31.248+0000] {processor.py:840} INFO - DAG(s) 'example_bash_operator' retrieved from /usr/local/lib/python3.8/dist-packages/airflow/example_dags/example_bash_operator.py
[2024-03-11T15:54:31.367+0000] {logging_mixin.py:188} INFO - [2024-03-11T15:54:31.367+0000] {dag.py:3047} INFO - Sync 1 DAGs
[2024-03-11T15:54:31.389+0000] {logging_mixin.py:188} INFO - [2024-03-11T15:54:31.388+0000] {dag.py:3834} INFO - Setting next_dagrun for example_bash_operator to 2024-03-10 00:00:00+00:00, run_after=2024-03-11 00:00:00+00:00
[2024-03-11T15:54:31.425+0000] {processor.py:183} INFO - Processing /usr/local/lib/python3.8/dist-packages/airflow/example_dags/example_bash_operator.py took 0.197 seconds
[2024-03-11T15:56:00.461+0000] {processor.py:161} INFO - Started process (PID=1473) to work on /usr/local/lib/python3.8/dist-packages/airflow/example_dags/example_bash_operator.py
[2024-03-11T15:56:00.463+0000] {processor.py:830} INFO - Processing file /usr/local/lib/python3.8/dist-packages/airflow/example_dags/example_bash_operator.py for tasks to queue
[2024-03-11T15:56:00.464+0000] {logging_mixin.py:188} INFO - [2024-03-11T15:56:00.464+0000] {dagbag.py:540} INFO - Filling up the DagBag from /usr/local/lib/python3.8/dist-packages/airflow/example_dags/example_bash_operator.py
[2024-03-11T15:56:00.477+0000] {processor.py:840} INFO - DAG(s) 'example_bash_operator' retrieved from /usr/local/lib/python3.8/dist-packages/airflow/example_dags/example_bash_operator.py
[2024-03-11T15:56:00.509+0000] {logging_mixin.py:188} INFO - [2024-03-11T15:56:00.509+0000] {dag.py:3047} INFO - Sync 1 DAGs
[2024-03-11T15:56:00.637+0000] {logging_mixin.py:188} INFO - [2024-03-11T15:56:00.636+0000] {dag.py:3834} INFO - Setting next_dagrun for example_bash_operator to 2024-03-10 00:00:00+00:00, run_after=2024-03-11 00:00:00+00:00
[2024-03-11T15:56:00.666+0000] {processor.py:183} INFO - Processing /usr/local/lib/python3.8/dist-packages/airflow/example_dags/example_bash_operator.py took 0.208 seconds
[2024-03-11T15:56:58.030+0000] {processor.py:161} INFO - Started process (PID=1525) to work on /usr/local/lib/python3.8/dist-packages/airflow/example_dags/example_bash_operator.py
[2024-03-11T15:56:58.032+0000] {processor.py:830} INFO - Processing file /usr/local/lib/python3.8/dist-packages/airflow/example_dags/example_bash_operator.py for tasks to queue
[2024-03-11T15:56:58.033+0000] {logging_mixin.py:188} INFO - [2024-03-11T15:56:58.033+0000] {dagbag.py:540} INFO - Filling up the DagBag from /usr/local/lib/python3.8/dist-packages/airflow/example_dags/example_bash_operator.py
[2024-03-11T15:56:58.047+0000] {processor.py:840} INFO - DAG(s) 'example_bash_operator' retrieved from /usr/local/lib/python3.8/dist-packages/airflow/example_dags/example_bash_operator.py
[2024-03-11T15:56:58.074+0000] {logging_mixin.py:188} INFO - [2024-03-11T15:56:58.073+0000] {dag.py:3047} INFO - Sync 1 DAGs
[2024-03-11T15:56:58.098+0000] {logging_mixin.py:188} INFO - [2024-03-11T15:56:58.097+0000] {dag.py:3834} INFO - Setting next_dagrun for example_bash_operator to 2024-03-10 00:00:00+00:00, run_after=2024-03-11 00:00:00+00:00
[2024-03-11T15:56:58.156+0000] {processor.py:183} INFO - Processing /usr/local/lib/python3.8/dist-packages/airflow/example_dags/example_bash_operator.py took 0.130 seconds
[2024-03-11T15:57:52.898+0000] {processor.py:161} INFO - Started process (PID=1577) to work on /usr/local/lib/python3.8/dist-packages/airflow/example_dags/example_bash_operator.py
[2024-03-11T15:57:52.900+0000] {processor.py:830} INFO - Processing file /usr/local/lib/python3.8/dist-packages/airflow/example_dags/example_bash_operator.py for tasks to queue
[2024-03-11T15:57:52.901+0000] {logging_mixin.py:188} INFO - [2024-03-11T15:57:52.901+0000] {dagbag.py:540} INFO - Filling up the DagBag from /usr/local/lib/python3.8/dist-packages/airflow/example_dags/example_bash_operator.py
[2024-03-11T15:57:52.915+0000] {processor.py:840} INFO - DAG(s) 'example_bash_operator' retrieved from /usr/local/lib/python3.8/dist-packages/airflow/example_dags/example_bash_operator.py
[2024-03-11T15:57:52.942+0000] {logging_mixin.py:188} INFO - [2024-03-11T15:57:52.942+0000] {dag.py:3047} INFO - Sync 1 DAGs
[2024-03-11T15:57:52.965+0000] {logging_mixin.py:188} INFO - [2024-03-11T15:57:52.964+0000] {dag.py:3834} INFO - Setting next_dagrun for example_bash_operator to 2024-03-10 00:00:00+00:00, run_after=2024-03-11 00:00:00+00:00
[2024-03-11T15:57:52.996+0000] {processor.py:183} INFO - Processing /usr/local/lib/python3.8/dist-packages/airflow/example_dags/example_bash_operator.py took 0.101 seconds
[2024-03-11T15:58:47.904+0000] {processor.py:161} INFO - Started process (PID=1823) to work on /usr/local/lib/python3.8/dist-packages/airflow/example_dags/example_bash_operator.py
[2024-03-11T15:58:47.907+0000] {processor.py:830} INFO - Processing file /usr/local/lib/python3.8/dist-packages/airflow/example_dags/example_bash_operator.py for tasks to queue
[2024-03-11T15:58:47.908+0000] {logging_mixin.py:188} INFO - [2024-03-11T15:58:47.908+0000] {dagbag.py:540} INFO - Filling up the DagBag from /usr/local/lib/python3.8/dist-packages/airflow/example_dags/example_bash_operator.py
[2024-03-11T15:58:47.922+0000] {processor.py:840} INFO - DAG(s) 'example_bash_operator' retrieved from /usr/local/lib/python3.8/dist-packages/airflow/example_dags/example_bash_operator.py
[2024-03-11T15:58:47.949+0000] {logging_mixin.py:188} INFO - [2024-03-11T15:58:47.949+0000] {dag.py:3047} INFO - Sync 1 DAGs
[2024-03-11T15:58:47.973+0000] {logging_mixin.py:188} INFO - [2024-03-11T15:58:47.973+0000] {dag.py:3834} INFO - Setting next_dagrun for example_bash_operator to 2024-03-10 00:00:00+00:00, run_after=2024-03-11 00:00:00+00:00
[2024-03-11T15:58:48.003+0000] {processor.py:183} INFO - Processing /usr/local/lib/python3.8/dist-packages/airflow/example_dags/example_bash_operator.py took 0.102 seconds
[2024-03-11T16:08:57.611+0000] {processor.py:161} INFO - Started process (PID=448) to work on /usr/local/lib/python3.8/dist-packages/airflow/example_dags/example_bash_operator.py
[2024-03-11T16:08:57.613+0000] {processor.py:830} INFO - Processing file /usr/local/lib/python3.8/dist-packages/airflow/example_dags/example_bash_operator.py for tasks to queue
[2024-03-11T16:08:57.614+0000] {logging_mixin.py:188} INFO - [2024-03-11T16:08:57.614+0000] {dagbag.py:540} INFO - Filling up the DagBag from /usr/local/lib/python3.8/dist-packages/airflow/example_dags/example_bash_operator.py
[2024-03-11T16:08:57.627+0000] {processor.py:840} INFO - DAG(s) 'example_bash_operator' retrieved from /usr/local/lib/python3.8/dist-packages/airflow/example_dags/example_bash_operator.py
[2024-03-11T16:08:57.655+0000] {logging_mixin.py:188} INFO - [2024-03-11T16:08:57.655+0000] {dag.py:3047} INFO - Sync 1 DAGs
[2024-03-11T16:08:57.784+0000] {logging_mixin.py:188} INFO - [2024-03-11T16:08:57.784+0000] {dag.py:3834} INFO - Setting next_dagrun for example_bash_operator to 2024-03-10 00:00:00+00:00, run_after=2024-03-11 00:00:00+00:00
[2024-03-11T16:08:57.816+0000] {processor.py:183} INFO - Processing /usr/local/lib/python3.8/dist-packages/airflow/example_dags/example_bash_operator.py took 0.209 seconds
[2024-03-11T16:09:51.368+0000] {processor.py:161} INFO - Started process (PID=501) to work on /usr/local/lib/python3.8/dist-packages/airflow/example_dags/example_bash_operator.py
[2024-03-11T16:09:51.370+0000] {processor.py:830} INFO - Processing file /usr/local/lib/python3.8/dist-packages/airflow/example_dags/example_bash_operator.py for tasks to queue
[2024-03-11T16:09:51.371+0000] {logging_mixin.py:188} INFO - [2024-03-11T16:09:51.371+0000] {dagbag.py:540} INFO - Filling up the DagBag from /usr/local/lib/python3.8/dist-packages/airflow/example_dags/example_bash_operator.py
[2024-03-11T16:09:51.386+0000] {processor.py:840} INFO - DAG(s) 'example_bash_operator' retrieved from /usr/local/lib/python3.8/dist-packages/airflow/example_dags/example_bash_operator.py
[2024-03-11T16:09:51.413+0000] {logging_mixin.py:188} INFO - [2024-03-11T16:09:51.412+0000] {dag.py:3047} INFO - Sync 1 DAGs
[2024-03-11T16:09:51.438+0000] {logging_mixin.py:188} INFO - [2024-03-11T16:09:51.438+0000] {dag.py:3834} INFO - Setting next_dagrun for example_bash_operator to 2024-03-10 00:00:00+00:00, run_after=2024-03-11 00:00:00+00:00
[2024-03-11T16:09:51.468+0000] {processor.py:183} INFO - Processing /usr/local/lib/python3.8/dist-packages/airflow/example_dags/example_bash_operator.py took 0.104 seconds
[2024-03-11T16:10:44.737+0000] {processor.py:161} INFO - Started process (PID=554) to work on /usr/local/lib/python3.8/dist-packages/airflow/example_dags/example_bash_operator.py
[2024-03-11T16:10:44.740+0000] {processor.py:830} INFO - Processing file /usr/local/lib/python3.8/dist-packages/airflow/example_dags/example_bash_operator.py for tasks to queue
[2024-03-11T16:10:44.741+0000] {logging_mixin.py:188} INFO - [2024-03-11T16:10:44.741+0000] {dagbag.py:540} INFO - Filling up the DagBag from /usr/local/lib/python3.8/dist-packages/airflow/example_dags/example_bash_operator.py
[2024-03-11T16:10:44.755+0000] {processor.py:840} INFO - DAG(s) 'example_bash_operator' retrieved from /usr/local/lib/python3.8/dist-packages/airflow/example_dags/example_bash_operator.py
[2024-03-11T16:10:44.781+0000] {logging_mixin.py:188} INFO - [2024-03-11T16:10:44.781+0000] {dag.py:3047} INFO - Sync 1 DAGs
[2024-03-11T16:10:44.805+0000] {logging_mixin.py:188} INFO - [2024-03-11T16:10:44.805+0000] {dag.py:3834} INFO - Setting next_dagrun for example_bash_operator to 2024-03-10 00:00:00+00:00, run_after=2024-03-11 00:00:00+00:00
[2024-03-11T16:10:44.839+0000] {processor.py:183} INFO - Processing /usr/local/lib/python3.8/dist-packages/airflow/example_dags/example_bash_operator.py took 0.104 seconds
[2024-03-11T16:11:41.695+0000] {processor.py:161} INFO - Started process (PID=617) to work on /usr/local/lib/python3.8/dist-packages/airflow/example_dags/example_bash_operator.py
[2024-03-11T16:11:41.698+0000] {processor.py:830} INFO - Processing file /usr/local/lib/python3.8/dist-packages/airflow/example_dags/example_bash_operator.py for tasks to queue
[2024-03-11T16:11:41.699+0000] {logging_mixin.py:188} INFO - [2024-03-11T16:11:41.698+0000] {dagbag.py:540} INFO - Filling up the DagBag from /usr/local/lib/python3.8/dist-packages/airflow/example_dags/example_bash_operator.py
[2024-03-11T16:11:41.714+0000] {processor.py:840} INFO - DAG(s) 'example_bash_operator' retrieved from /usr/local/lib/python3.8/dist-packages/airflow/example_dags/example_bash_operator.py
[2024-03-11T16:11:41.740+0000] {logging_mixin.py:188} INFO - [2024-03-11T16:11:41.740+0000] {dag.py:3047} INFO - Sync 1 DAGs
[2024-03-11T16:11:41.765+0000] {logging_mixin.py:188} INFO - [2024-03-11T16:11:41.764+0000] {dag.py:3834} INFO - Setting next_dagrun for example_bash_operator to 2024-03-10 00:00:00+00:00, run_after=2024-03-11 00:00:00+00:00
[2024-03-11T16:11:41.794+0000] {processor.py:183} INFO - Processing /usr/local/lib/python3.8/dist-packages/airflow/example_dags/example_bash_operator.py took 0.101 seconds
[2024-03-11T16:12:36.212+0000] {processor.py:161} INFO - Started process (PID=670) to work on /usr/local/lib/python3.8/dist-packages/airflow/example_dags/example_bash_operator.py
[2024-03-11T16:12:36.215+0000] {processor.py:830} INFO - Processing file /usr/local/lib/python3.8/dist-packages/airflow/example_dags/example_bash_operator.py for tasks to queue
[2024-03-11T16:12:36.216+0000] {logging_mixin.py:188} INFO - [2024-03-11T16:12:36.215+0000] {dagbag.py:540} INFO - Filling up the DagBag from /usr/local/lib/python3.8/dist-packages/airflow/example_dags/example_bash_operator.py
[2024-03-11T16:12:36.230+0000] {processor.py:840} INFO - DAG(s) 'example_bash_operator' retrieved from /usr/local/lib/python3.8/dist-packages/airflow/example_dags/example_bash_operator.py
[2024-03-11T16:12:36.257+0000] {logging_mixin.py:188} INFO - [2024-03-11T16:12:36.257+0000] {dag.py:3047} INFO - Sync 1 DAGs
[2024-03-11T16:12:36.282+0000] {logging_mixin.py:188} INFO - [2024-03-11T16:12:36.282+0000] {dag.py:3834} INFO - Setting next_dagrun for example_bash_operator to 2024-03-10 00:00:00+00:00, run_after=2024-03-11 00:00:00+00:00
[2024-03-11T16:12:36.312+0000] {processor.py:183} INFO - Processing /usr/local/lib/python3.8/dist-packages/airflow/example_dags/example_bash_operator.py took 0.103 seconds
[2024-03-11T16:13:46.444+0000] {processor.py:161} INFO - Started process (PID=753) to work on /usr/local/lib/python3.8/dist-packages/airflow/example_dags/example_bash_operator.py
[2024-03-11T16:13:46.446+0000] {processor.py:830} INFO - Processing file /usr/local/lib/python3.8/dist-packages/airflow/example_dags/example_bash_operator.py for tasks to queue
[2024-03-11T16:13:46.447+0000] {logging_mixin.py:188} INFO - [2024-03-11T16:13:46.446+0000] {dagbag.py:540} INFO - Filling up the DagBag from /usr/local/lib/python3.8/dist-packages/airflow/example_dags/example_bash_operator.py
[2024-03-11T16:13:46.460+0000] {processor.py:840} INFO - DAG(s) 'example_bash_operator' retrieved from /usr/local/lib/python3.8/dist-packages/airflow/example_dags/example_bash_operator.py
[2024-03-11T16:13:46.488+0000] {logging_mixin.py:188} INFO - [2024-03-11T16:13:46.488+0000] {dag.py:3047} INFO - Sync 1 DAGs
[2024-03-11T16:13:46.512+0000] {logging_mixin.py:188} INFO - [2024-03-11T16:13:46.512+0000] {dag.py:3834} INFO - Setting next_dagrun for example_bash_operator to 2024-03-10 00:00:00+00:00, run_after=2024-03-11 00:00:00+00:00
[2024-03-11T16:13:46.543+0000] {processor.py:183} INFO - Processing /usr/local/lib/python3.8/dist-packages/airflow/example_dags/example_bash_operator.py took 0.102 seconds
[2024-03-11T16:14:37.182+0000] {processor.py:161} INFO - Started process (PID=806) to work on /usr/local/lib/python3.8/dist-packages/airflow/example_dags/example_bash_operator.py
[2024-03-11T16:14:37.184+0000] {processor.py:830} INFO - Processing file /usr/local/lib/python3.8/dist-packages/airflow/example_dags/example_bash_operator.py for tasks to queue
[2024-03-11T16:14:37.185+0000] {logging_mixin.py:188} INFO - [2024-03-11T16:14:37.185+0000] {dagbag.py:540} INFO - Filling up the DagBag from /usr/local/lib/python3.8/dist-packages/airflow/example_dags/example_bash_operator.py
[2024-03-11T16:14:37.200+0000] {processor.py:840} INFO - DAG(s) 'example_bash_operator' retrieved from /usr/local/lib/python3.8/dist-packages/airflow/example_dags/example_bash_operator.py
[2024-03-11T16:14:37.227+0000] {logging_mixin.py:188} INFO - [2024-03-11T16:14:37.227+0000] {dag.py:3047} INFO - Sync 1 DAGs
[2024-03-11T16:14:37.252+0000] {logging_mixin.py:188} INFO - [2024-03-11T16:14:37.252+0000] {dag.py:3834} INFO - Setting next_dagrun for example_bash_operator to 2024-03-10 00:00:00+00:00, run_after=2024-03-11 00:00:00+00:00
[2024-03-11T16:14:37.282+0000] {processor.py:183} INFO - Processing /usr/local/lib/python3.8/dist-packages/airflow/example_dags/example_bash_operator.py took 0.103 seconds
[2024-03-11T16:15:24.039+0000] {processor.py:161} INFO - Started process (PID=852) to work on /usr/local/lib/python3.8/dist-packages/airflow/example_dags/example_bash_operator.py
[2024-03-11T16:15:24.042+0000] {processor.py:830} INFO - Processing file /usr/local/lib/python3.8/dist-packages/airflow/example_dags/example_bash_operator.py for tasks to queue
[2024-03-11T16:15:24.043+0000] {logging_mixin.py:188} INFO - [2024-03-11T16:15:24.042+0000] {dagbag.py:540} INFO - Filling up the DagBag from /usr/local/lib/python3.8/dist-packages/airflow/example_dags/example_bash_operator.py
[2024-03-11T16:15:24.057+0000] {processor.py:840} INFO - DAG(s) 'example_bash_operator' retrieved from /usr/local/lib/python3.8/dist-packages/airflow/example_dags/example_bash_operator.py
[2024-03-11T16:15:24.084+0000] {logging_mixin.py:188} INFO - [2024-03-11T16:15:24.084+0000] {dag.py:3047} INFO - Sync 1 DAGs
[2024-03-11T16:15:24.109+0000] {logging_mixin.py:188} INFO - [2024-03-11T16:15:24.109+0000] {dag.py:3834} INFO - Setting next_dagrun for example_bash_operator to 2024-03-10 00:00:00+00:00, run_after=2024-03-11 00:00:00+00:00
[2024-03-11T16:15:24.138+0000] {processor.py:183} INFO - Processing /usr/local/lib/python3.8/dist-packages/airflow/example_dags/example_bash_operator.py took 0.102 seconds
[2024-03-11T16:16:11.106+0000] {processor.py:161} INFO - Started process (PID=900) to work on /usr/local/lib/python3.8/dist-packages/airflow/example_dags/example_bash_operator.py
[2024-03-11T16:16:11.108+0000] {processor.py:830} INFO - Processing file /usr/local/lib/python3.8/dist-packages/airflow/example_dags/example_bash_operator.py for tasks to queue
[2024-03-11T16:16:11.109+0000] {logging_mixin.py:188} INFO - [2024-03-11T16:16:11.109+0000] {dagbag.py:540} INFO - Filling up the DagBag from /usr/local/lib/python3.8/dist-packages/airflow/example_dags/example_bash_operator.py
[2024-03-11T16:16:11.124+0000] {processor.py:840} INFO - DAG(s) 'example_bash_operator' retrieved from /usr/local/lib/python3.8/dist-packages/airflow/example_dags/example_bash_operator.py
[2024-03-11T16:16:11.151+0000] {logging_mixin.py:188} INFO - [2024-03-11T16:16:11.150+0000] {dag.py:3047} INFO - Sync 1 DAGs
[2024-03-11T16:16:11.175+0000] {logging_mixin.py:188} INFO - [2024-03-11T16:16:11.175+0000] {dag.py:3834} INFO - Setting next_dagrun for example_bash_operator to 2024-03-10 00:00:00+00:00, run_after=2024-03-11 00:00:00+00:00
[2024-03-11T16:16:11.208+0000] {processor.py:183} INFO - Processing /usr/local/lib/python3.8/dist-packages/airflow/example_dags/example_bash_operator.py took 0.106 seconds
[2024-03-11T16:16:58.578+0000] {processor.py:161} INFO - Started process (PID=946) to work on /usr/local/lib/python3.8/dist-packages/airflow/example_dags/example_bash_operator.py
[2024-03-11T16:16:58.580+0000] {processor.py:830} INFO - Processing file /usr/local/lib/python3.8/dist-packages/airflow/example_dags/example_bash_operator.py for tasks to queue
[2024-03-11T16:16:58.581+0000] {logging_mixin.py:188} INFO - [2024-03-11T16:16:58.581+0000] {dagbag.py:540} INFO - Filling up the DagBag from /usr/local/lib/python3.8/dist-packages/airflow/example_dags/example_bash_operator.py
[2024-03-11T16:16:58.596+0000] {processor.py:840} INFO - DAG(s) 'example_bash_operator' retrieved from /usr/local/lib/python3.8/dist-packages/airflow/example_dags/example_bash_operator.py
[2024-03-11T16:16:58.622+0000] {logging_mixin.py:188} INFO - [2024-03-11T16:16:58.622+0000] {dag.py:3047} INFO - Sync 1 DAGs
[2024-03-11T16:16:58.647+0000] {logging_mixin.py:188} INFO - [2024-03-11T16:16:58.647+0000] {dag.py:3834} INFO - Setting next_dagrun for example_bash_operator to 2024-03-10 00:00:00+00:00, run_after=2024-03-11 00:00:00+00:00
[2024-03-11T16:16:58.678+0000] {processor.py:183} INFO - Processing /usr/local/lib/python3.8/dist-packages/airflow/example_dags/example_bash_operator.py took 0.103 seconds
[2024-03-11T16:17:45.238+0000] {processor.py:161} INFO - Started process (PID=993) to work on /usr/local/lib/python3.8/dist-packages/airflow/example_dags/example_bash_operator.py
[2024-03-11T16:17:45.240+0000] {processor.py:830} INFO - Processing file /usr/local/lib/python3.8/dist-packages/airflow/example_dags/example_bash_operator.py for tasks to queue
[2024-03-11T16:17:45.241+0000] {logging_mixin.py:188} INFO - [2024-03-11T16:17:45.241+0000] {dagbag.py:540} INFO - Filling up the DagBag from /usr/local/lib/python3.8/dist-packages/airflow/example_dags/example_bash_operator.py
[2024-03-11T16:17:45.256+0000] {processor.py:840} INFO - DAG(s) 'example_bash_operator' retrieved from /usr/local/lib/python3.8/dist-packages/airflow/example_dags/example_bash_operator.py
[2024-03-11T16:17:45.283+0000] {logging_mixin.py:188} INFO - [2024-03-11T16:17:45.283+0000] {dag.py:3047} INFO - Sync 1 DAGs
[2024-03-11T16:17:45.306+0000] {logging_mixin.py:188} INFO - [2024-03-11T16:17:45.306+0000] {dag.py:3834} INFO - Setting next_dagrun for example_bash_operator to 2024-03-10 00:00:00+00:00, run_after=2024-03-11 00:00:00+00:00
[2024-03-11T16:17:45.335+0000] {processor.py:183} INFO - Processing /usr/local/lib/python3.8/dist-packages/airflow/example_dags/example_bash_operator.py took 0.101 seconds
[2024-03-11T16:18:34.510+0000] {processor.py:161} INFO - Started process (PID=1041) to work on /usr/local/lib/python3.8/dist-packages/airflow/example_dags/example_bash_operator.py
[2024-03-11T16:18:34.512+0000] {processor.py:830} INFO - Processing file /usr/local/lib/python3.8/dist-packages/airflow/example_dags/example_bash_operator.py for tasks to queue
[2024-03-11T16:18:34.513+0000] {logging_mixin.py:188} INFO - [2024-03-11T16:18:34.512+0000] {dagbag.py:540} INFO - Filling up the DagBag from /usr/local/lib/python3.8/dist-packages/airflow/example_dags/example_bash_operator.py
[2024-03-11T16:18:34.526+0000] {processor.py:840} INFO - DAG(s) 'example_bash_operator' retrieved from /usr/local/lib/python3.8/dist-packages/airflow/example_dags/example_bash_operator.py
[2024-03-11T16:18:34.554+0000] {logging_mixin.py:188} INFO - [2024-03-11T16:18:34.554+0000] {dag.py:3047} INFO - Sync 1 DAGs
[2024-03-11T16:18:34.577+0000] {logging_mixin.py:188} INFO - [2024-03-11T16:18:34.576+0000] {dag.py:3834} INFO - Setting next_dagrun for example_bash_operator to 2024-03-10 00:00:00+00:00, run_after=2024-03-11 00:00:00+00:00
[2024-03-11T16:18:34.607+0000] {processor.py:183} INFO - Processing /usr/local/lib/python3.8/dist-packages/airflow/example_dags/example_bash_operator.py took 0.101 seconds
[2024-03-11T16:19:36.339+0000] {processor.py:161} INFO - Started process (PID=1106) to work on /usr/local/lib/python3.8/dist-packages/airflow/example_dags/example_bash_operator.py
[2024-03-11T16:19:36.341+0000] {processor.py:830} INFO - Processing file /usr/local/lib/python3.8/dist-packages/airflow/example_dags/example_bash_operator.py for tasks to queue
[2024-03-11T16:19:36.342+0000] {logging_mixin.py:188} INFO - [2024-03-11T16:19:36.341+0000] {dagbag.py:540} INFO - Filling up the DagBag from /usr/local/lib/python3.8/dist-packages/airflow/example_dags/example_bash_operator.py
[2024-03-11T16:19:36.355+0000] {processor.py:840} INFO - DAG(s) 'example_bash_operator' retrieved from /usr/local/lib/python3.8/dist-packages/airflow/example_dags/example_bash_operator.py
[2024-03-11T16:19:36.383+0000] {logging_mixin.py:188} INFO - [2024-03-11T16:19:36.382+0000] {dag.py:3047} INFO - Sync 1 DAGs
[2024-03-11T16:19:36.408+0000] {logging_mixin.py:188} INFO - [2024-03-11T16:19:36.408+0000] {dag.py:3834} INFO - Setting next_dagrun for example_bash_operator to 2024-03-10 00:00:00+00:00, run_after=2024-03-11 00:00:00+00:00
[2024-03-11T16:19:36.439+0000] {processor.py:183} INFO - Processing /usr/local/lib/python3.8/dist-packages/airflow/example_dags/example_bash_operator.py took 0.103 seconds
[2024-03-11T16:20:28.778+0000] {processor.py:161} INFO - Started process (PID=1183) to work on /usr/local/lib/python3.8/dist-packages/airflow/example_dags/example_bash_operator.py
[2024-03-11T16:20:28.780+0000] {processor.py:830} INFO - Processing file /usr/local/lib/python3.8/dist-packages/airflow/example_dags/example_bash_operator.py for tasks to queue
[2024-03-11T16:20:28.781+0000] {logging_mixin.py:188} INFO - [2024-03-11T16:20:28.781+0000] {dagbag.py:540} INFO - Filling up the DagBag from /usr/local/lib/python3.8/dist-packages/airflow/example_dags/example_bash_operator.py
[2024-03-11T16:20:28.796+0000] {processor.py:840} INFO - DAG(s) 'example_bash_operator' retrieved from /usr/local/lib/python3.8/dist-packages/airflow/example_dags/example_bash_operator.py
[2024-03-11T16:20:28.822+0000] {logging_mixin.py:188} INFO - [2024-03-11T16:20:28.822+0000] {dag.py:3047} INFO - Sync 1 DAGs
[2024-03-11T16:20:28.847+0000] {logging_mixin.py:188} INFO - [2024-03-11T16:20:28.847+0000] {dag.py:3834} INFO - Setting next_dagrun for example_bash_operator to 2024-03-10 00:00:00+00:00, run_after=2024-03-11 00:00:00+00:00
[2024-03-11T16:20:28.877+0000] {processor.py:183} INFO - Processing /usr/local/lib/python3.8/dist-packages/airflow/example_dags/example_bash_operator.py took 0.102 seconds
[2024-03-11T16:21:15.814+0000] {processor.py:161} INFO - Started process (PID=1254) to work on /usr/local/lib/python3.8/dist-packages/airflow/example_dags/example_bash_operator.py
[2024-03-11T16:21:15.817+0000] {processor.py:830} INFO - Processing file /usr/local/lib/python3.8/dist-packages/airflow/example_dags/example_bash_operator.py for tasks to queue
[2024-03-11T16:21:15.818+0000] {logging_mixin.py:188} INFO - [2024-03-11T16:21:15.817+0000] {dagbag.py:540} INFO - Filling up the DagBag from /usr/local/lib/python3.8/dist-packages/airflow/example_dags/example_bash_operator.py
[2024-03-11T16:21:15.831+0000] {processor.py:840} INFO - DAG(s) 'example_bash_operator' retrieved from /usr/local/lib/python3.8/dist-packages/airflow/example_dags/example_bash_operator.py
[2024-03-11T16:21:15.858+0000] {logging_mixin.py:188} INFO - [2024-03-11T16:21:15.858+0000] {dag.py:3047} INFO - Sync 1 DAGs
[2024-03-11T16:21:15.883+0000] {logging_mixin.py:188} INFO - [2024-03-11T16:21:15.883+0000] {dag.py:3834} INFO - Setting next_dagrun for example_bash_operator to 2024-03-10 00:00:00+00:00, run_after=2024-03-11 00:00:00+00:00
[2024-03-11T16:21:15.912+0000] {processor.py:183} INFO - Processing /usr/local/lib/python3.8/dist-packages/airflow/example_dags/example_bash_operator.py took 0.102 seconds
[2024-03-11T16:22:02.527+0000] {processor.py:161} INFO - Started process (PID=1310) to work on /usr/local/lib/python3.8/dist-packages/airflow/example_dags/example_bash_operator.py
[2024-03-11T16:22:02.530+0000] {processor.py:830} INFO - Processing file /usr/local/lib/python3.8/dist-packages/airflow/example_dags/example_bash_operator.py for tasks to queue
[2024-03-11T16:22:02.532+0000] {logging_mixin.py:188} INFO - [2024-03-11T16:22:02.531+0000] {dagbag.py:540} INFO - Filling up the DagBag from /usr/local/lib/python3.8/dist-packages/airflow/example_dags/example_bash_operator.py
[2024-03-11T16:22:02.545+0000] {processor.py:840} INFO - DAG(s) 'example_bash_operator' retrieved from /usr/local/lib/python3.8/dist-packages/airflow/example_dags/example_bash_operator.py
[2024-03-11T16:22:02.572+0000] {logging_mixin.py:188} INFO - [2024-03-11T16:22:02.572+0000] {dag.py:3047} INFO - Sync 1 DAGs
[2024-03-11T16:22:02.596+0000] {logging_mixin.py:188} INFO - [2024-03-11T16:22:02.596+0000] {dag.py:3834} INFO - Setting next_dagrun for example_bash_operator to 2024-03-10 00:00:00+00:00, run_after=2024-03-11 00:00:00+00:00
[2024-03-11T16:22:02.625+0000] {processor.py:183} INFO - Processing /usr/local/lib/python3.8/dist-packages/airflow/example_dags/example_bash_operator.py took 0.101 seconds
[2024-03-11T16:23:30.485+0000] {processor.py:161} INFO - Started process (PID=1427) to work on /usr/local/lib/python3.8/dist-packages/airflow/example_dags/example_bash_operator.py
[2024-03-11T16:23:30.487+0000] {processor.py:830} INFO - Processing file /usr/local/lib/python3.8/dist-packages/airflow/example_dags/example_bash_operator.py for tasks to queue
[2024-03-11T16:23:30.488+0000] {logging_mixin.py:188} INFO - [2024-03-11T16:23:30.488+0000] {dagbag.py:540} INFO - Filling up the DagBag from /usr/local/lib/python3.8/dist-packages/airflow/example_dags/example_bash_operator.py
[2024-03-11T16:23:30.502+0000] {processor.py:840} INFO - DAG(s) 'example_bash_operator' retrieved from /usr/local/lib/python3.8/dist-packages/airflow/example_dags/example_bash_operator.py
[2024-03-11T16:23:30.530+0000] {logging_mixin.py:188} INFO - [2024-03-11T16:23:30.529+0000] {dag.py:3047} INFO - Sync 1 DAGs
[2024-03-11T16:23:30.553+0000] {logging_mixin.py:188} INFO - [2024-03-11T16:23:30.553+0000] {dag.py:3834} INFO - Setting next_dagrun for example_bash_operator to 2024-03-10 00:00:00+00:00, run_after=2024-03-11 00:00:00+00:00
[2024-03-11T16:23:30.583+0000] {processor.py:183} INFO - Processing /usr/local/lib/python3.8/dist-packages/airflow/example_dags/example_bash_operator.py took 0.101 seconds
[2024-03-11T16:24:24.505+0000] {processor.py:161} INFO - Started process (PID=1479) to work on /usr/local/lib/python3.8/dist-packages/airflow/example_dags/example_bash_operator.py
[2024-03-11T16:24:24.507+0000] {processor.py:830} INFO - Processing file /usr/local/lib/python3.8/dist-packages/airflow/example_dags/example_bash_operator.py for tasks to queue
[2024-03-11T16:24:24.508+0000] {logging_mixin.py:188} INFO - [2024-03-11T16:24:24.507+0000] {dagbag.py:540} INFO - Filling up the DagBag from /usr/local/lib/python3.8/dist-packages/airflow/example_dags/example_bash_operator.py
[2024-03-11T16:24:24.522+0000] {processor.py:840} INFO - DAG(s) 'example_bash_operator' retrieved from /usr/local/lib/python3.8/dist-packages/airflow/example_dags/example_bash_operator.py
[2024-03-11T16:24:24.549+0000] {logging_mixin.py:188} INFO - [2024-03-11T16:24:24.549+0000] {dag.py:3047} INFO - Sync 1 DAGs
[2024-03-11T16:24:24.574+0000] {logging_mixin.py:188} INFO - [2024-03-11T16:24:24.573+0000] {dag.py:3834} INFO - Setting next_dagrun for example_bash_operator to 2024-03-10 00:00:00+00:00, run_after=2024-03-11 00:00:00+00:00
[2024-03-11T16:24:24.605+0000] {processor.py:183} INFO - Processing /usr/local/lib/python3.8/dist-packages/airflow/example_dags/example_bash_operator.py took 0.103 seconds
[2024-03-11T16:25:20.673+0000] {processor.py:161} INFO - Started process (PID=1539) to work on /usr/local/lib/python3.8/dist-packages/airflow/example_dags/example_bash_operator.py
[2024-03-11T16:25:20.676+0000] {processor.py:830} INFO - Processing file /usr/local/lib/python3.8/dist-packages/airflow/example_dags/example_bash_operator.py for tasks to queue
[2024-03-11T16:25:20.677+0000] {logging_mixin.py:188} INFO - [2024-03-11T16:25:20.677+0000] {dagbag.py:540} INFO - Filling up the DagBag from /usr/local/lib/python3.8/dist-packages/airflow/example_dags/example_bash_operator.py
[2024-03-11T16:25:20.691+0000] {processor.py:840} INFO - DAG(s) 'example_bash_operator' retrieved from /usr/local/lib/python3.8/dist-packages/airflow/example_dags/example_bash_operator.py
[2024-03-11T16:25:20.718+0000] {logging_mixin.py:188} INFO - [2024-03-11T16:25:20.718+0000] {dag.py:3047} INFO - Sync 1 DAGs
[2024-03-11T16:25:20.741+0000] {logging_mixin.py:188} INFO - [2024-03-11T16:25:20.741+0000] {dag.py:3834} INFO - Setting next_dagrun for example_bash_operator to 2024-03-10 00:00:00+00:00, run_after=2024-03-11 00:00:00+00:00
[2024-03-11T16:25:20.793+0000] {processor.py:183} INFO - Processing /usr/local/lib/python3.8/dist-packages/airflow/example_dags/example_bash_operator.py took 0.123 seconds
[2024-03-11T16:27:55.638+0000] {processor.py:161} INFO - Started process (PID=1629) to work on /usr/local/lib/python3.8/dist-packages/airflow/example_dags/example_bash_operator.py
[2024-03-11T16:27:55.640+0000] {processor.py:830} INFO - Processing file /usr/local/lib/python3.8/dist-packages/airflow/example_dags/example_bash_operator.py for tasks to queue
[2024-03-11T16:27:55.644+0000] {logging_mixin.py:188} INFO - [2024-03-11T16:27:55.644+0000] {dagbag.py:540} INFO - Filling up the DagBag from /usr/local/lib/python3.8/dist-packages/airflow/example_dags/example_bash_operator.py
[2024-03-11T16:27:55.664+0000] {processor.py:840} INFO - DAG(s) 'example_bash_operator' retrieved from /usr/local/lib/python3.8/dist-packages/airflow/example_dags/example_bash_operator.py
[2024-03-11T16:27:55.697+0000] {logging_mixin.py:188} INFO - [2024-03-11T16:27:55.697+0000] {dag.py:3047} INFO - Sync 1 DAGs
[2024-03-11T16:27:55.723+0000] {logging_mixin.py:188} INFO - [2024-03-11T16:27:55.723+0000] {dag.py:3834} INFO - Setting next_dagrun for example_bash_operator to 2024-03-10 00:00:00+00:00, run_after=2024-03-11 00:00:00+00:00
[2024-03-11T16:27:55.754+0000] {processor.py:183} INFO - Processing /usr/local/lib/python3.8/dist-packages/airflow/example_dags/example_bash_operator.py took 0.120 seconds
[2024-03-11T16:28:43.403+0000] {processor.py:161} INFO - Started process (PID=1682) to work on /usr/local/lib/python3.8/dist-packages/airflow/example_dags/example_bash_operator.py
[2024-03-11T16:28:43.406+0000] {processor.py:830} INFO - Processing file /usr/local/lib/python3.8/dist-packages/airflow/example_dags/example_bash_operator.py for tasks to queue
[2024-03-11T16:28:43.407+0000] {logging_mixin.py:188} INFO - [2024-03-11T16:28:43.407+0000] {dagbag.py:540} INFO - Filling up the DagBag from /usr/local/lib/python3.8/dist-packages/airflow/example_dags/example_bash_operator.py
[2024-03-11T16:28:43.423+0000] {processor.py:840} INFO - DAG(s) 'example_bash_operator' retrieved from /usr/local/lib/python3.8/dist-packages/airflow/example_dags/example_bash_operator.py
[2024-03-11T16:28:43.452+0000] {logging_mixin.py:188} INFO - [2024-03-11T16:28:43.452+0000] {dag.py:3047} INFO - Sync 1 DAGs
[2024-03-11T16:28:43.477+0000] {logging_mixin.py:188} INFO - [2024-03-11T16:28:43.477+0000] {dag.py:3834} INFO - Setting next_dagrun for example_bash_operator to 2024-03-10 00:00:00+00:00, run_after=2024-03-11 00:00:00+00:00
[2024-03-11T16:28:43.507+0000] {processor.py:183} INFO - Processing /usr/local/lib/python3.8/dist-packages/airflow/example_dags/example_bash_operator.py took 0.108 seconds
[2024-03-11T16:29:42.062+0000] {processor.py:161} INFO - Started process (PID=1743) to work on /usr/local/lib/python3.8/dist-packages/airflow/example_dags/example_bash_operator.py
[2024-03-11T16:29:42.067+0000] {processor.py:830} INFO - Processing file /usr/local/lib/python3.8/dist-packages/airflow/example_dags/example_bash_operator.py for tasks to queue
[2024-03-11T16:29:42.068+0000] {logging_mixin.py:188} INFO - [2024-03-11T16:29:42.068+0000] {dagbag.py:540} INFO - Filling up the DagBag from /usr/local/lib/python3.8/dist-packages/airflow/example_dags/example_bash_operator.py
[2024-03-11T16:29:42.087+0000] {processor.py:840} INFO - DAG(s) 'example_bash_operator' retrieved from /usr/local/lib/python3.8/dist-packages/airflow/example_dags/example_bash_operator.py
[2024-03-11T16:29:42.116+0000] {logging_mixin.py:188} INFO - [2024-03-11T16:29:42.116+0000] {dag.py:3047} INFO - Sync 1 DAGs
[2024-03-11T16:29:42.140+0000] {logging_mixin.py:188} INFO - [2024-03-11T16:29:42.140+0000] {dag.py:3834} INFO - Setting next_dagrun for example_bash_operator to 2024-03-10 00:00:00+00:00, run_after=2024-03-11 00:00:00+00:00
[2024-03-11T16:29:42.171+0000] {processor.py:183} INFO - Processing /usr/local/lib/python3.8/dist-packages/airflow/example_dags/example_bash_operator.py took 0.112 seconds
[2024-03-11T16:30:32.979+0000] {processor.py:161} INFO - Started process (PID=1801) to work on /usr/local/lib/python3.8/dist-packages/airflow/example_dags/example_bash_operator.py
[2024-03-11T16:30:32.982+0000] {processor.py:830} INFO - Processing file /usr/local/lib/python3.8/dist-packages/airflow/example_dags/example_bash_operator.py for tasks to queue
[2024-03-11T16:30:32.983+0000] {logging_mixin.py:188} INFO - [2024-03-11T16:30:32.982+0000] {dagbag.py:540} INFO - Filling up the DagBag from /usr/local/lib/python3.8/dist-packages/airflow/example_dags/example_bash_operator.py
[2024-03-11T16:30:33.005+0000] {processor.py:840} INFO - DAG(s) 'example_bash_operator' retrieved from /usr/local/lib/python3.8/dist-packages/airflow/example_dags/example_bash_operator.py
[2024-03-11T16:30:33.034+0000] {logging_mixin.py:188} INFO - [2024-03-11T16:30:33.034+0000] {dag.py:3047} INFO - Sync 1 DAGs
[2024-03-11T16:30:33.059+0000] {logging_mixin.py:188} INFO - [2024-03-11T16:30:33.059+0000] {dag.py:3834} INFO - Setting next_dagrun for example_bash_operator to 2024-03-10 00:00:00+00:00, run_after=2024-03-11 00:00:00+00:00
[2024-03-11T16:30:33.129+0000] {processor.py:183} INFO - Processing /usr/local/lib/python3.8/dist-packages/airflow/example_dags/example_bash_operator.py took 0.153 seconds
[2024-03-11T16:33:27.044+0000] {processor.py:161} INFO - Started process (PID=1908) to work on /usr/local/lib/python3.8/dist-packages/airflow/example_dags/example_bash_operator.py
[2024-03-11T16:33:27.050+0000] {processor.py:830} INFO - Processing file /usr/local/lib/python3.8/dist-packages/airflow/example_dags/example_bash_operator.py for tasks to queue
[2024-03-11T16:33:27.051+0000] {logging_mixin.py:188} INFO - [2024-03-11T16:33:27.051+0000] {dagbag.py:540} INFO - Filling up the DagBag from /usr/local/lib/python3.8/dist-packages/airflow/example_dags/example_bash_operator.py
[2024-03-11T16:33:27.067+0000] {processor.py:840} INFO - DAG(s) 'example_bash_operator' retrieved from /usr/local/lib/python3.8/dist-packages/airflow/example_dags/example_bash_operator.py
[2024-03-11T16:33:27.096+0000] {logging_mixin.py:188} INFO - [2024-03-11T16:33:27.096+0000] {dag.py:3047} INFO - Sync 1 DAGs
[2024-03-11T16:33:27.122+0000] {logging_mixin.py:188} INFO - [2024-03-11T16:33:27.122+0000] {dag.py:3834} INFO - Setting next_dagrun for example_bash_operator to 2024-03-10 00:00:00+00:00, run_after=2024-03-11 00:00:00+00:00
[2024-03-11T16:33:27.150+0000] {processor.py:183} INFO - Processing /usr/local/lib/python3.8/dist-packages/airflow/example_dags/example_bash_operator.py took 0.110 seconds
[2024-03-11T16:36:15.385+0000] {processor.py:161} INFO - Started process (PID=2001) to work on /usr/local/lib/python3.8/dist-packages/airflow/example_dags/example_bash_operator.py
[2024-03-11T16:36:15.388+0000] {processor.py:830} INFO - Processing file /usr/local/lib/python3.8/dist-packages/airflow/example_dags/example_bash_operator.py for tasks to queue
[2024-03-11T16:36:15.389+0000] {logging_mixin.py:188} INFO - [2024-03-11T16:36:15.388+0000] {dagbag.py:540} INFO - Filling up the DagBag from /usr/local/lib/python3.8/dist-packages/airflow/example_dags/example_bash_operator.py
[2024-03-11T16:36:15.407+0000] {processor.py:840} INFO - DAG(s) 'example_bash_operator' retrieved from /usr/local/lib/python3.8/dist-packages/airflow/example_dags/example_bash_operator.py
[2024-03-11T16:36:15.439+0000] {logging_mixin.py:188} INFO - [2024-03-11T16:36:15.438+0000] {dag.py:3047} INFO - Sync 1 DAGs
[2024-03-11T16:36:15.464+0000] {logging_mixin.py:188} INFO - [2024-03-11T16:36:15.464+0000] {dag.py:3834} INFO - Setting next_dagrun for example_bash_operator to 2024-03-10 00:00:00+00:00, run_after=2024-03-11 00:00:00+00:00
[2024-03-11T16:36:15.494+0000] {processor.py:183} INFO - Processing /usr/local/lib/python3.8/dist-packages/airflow/example_dags/example_bash_operator.py took 0.112 seconds
[2024-03-11T16:41:18.334+0000] {processor.py:161} INFO - Started process (PID=447) to work on /usr/local/lib/python3.8/dist-packages/airflow/example_dags/example_bash_operator.py
[2024-03-11T16:41:18.357+0000] {processor.py:830} INFO - Processing file /usr/local/lib/python3.8/dist-packages/airflow/example_dags/example_bash_operator.py for tasks to queue
[2024-03-11T16:41:18.358+0000] {logging_mixin.py:188} INFO - [2024-03-11T16:41:18.358+0000] {dagbag.py:540} INFO - Filling up the DagBag from /usr/local/lib/python3.8/dist-packages/airflow/example_dags/example_bash_operator.py
[2024-03-11T16:41:18.371+0000] {processor.py:840} INFO - DAG(s) 'example_bash_operator' retrieved from /usr/local/lib/python3.8/dist-packages/airflow/example_dags/example_bash_operator.py
[2024-03-11T16:41:18.397+0000] {logging_mixin.py:188} INFO - [2024-03-11T16:41:18.397+0000] {dag.py:3047} INFO - Sync 1 DAGs
[2024-03-11T16:41:18.499+0000] {logging_mixin.py:188} INFO - [2024-03-11T16:41:18.498+0000] {dag.py:3834} INFO - Setting next_dagrun for example_bash_operator to 2024-03-10 00:00:00+00:00, run_after=2024-03-11 00:00:00+00:00
[2024-03-11T16:41:18.523+0000] {processor.py:183} INFO - Processing /usr/local/lib/python3.8/dist-packages/airflow/example_dags/example_bash_operator.py took 0.192 seconds
[2024-03-11T16:44:40.215+0000] {processor.py:161} INFO - Started process (PID=672) to work on /usr/local/lib/python3.8/dist-packages/airflow/example_dags/example_bash_operator.py
[2024-03-11T16:44:40.217+0000] {processor.py:830} INFO - Processing file /usr/local/lib/python3.8/dist-packages/airflow/example_dags/example_bash_operator.py for tasks to queue
[2024-03-11T16:44:40.218+0000] {logging_mixin.py:188} INFO - [2024-03-11T16:44:40.218+0000] {dagbag.py:540} INFO - Filling up the DagBag from /usr/local/lib/python3.8/dist-packages/airflow/example_dags/example_bash_operator.py
[2024-03-11T16:44:40.231+0000] {processor.py:840} INFO - DAG(s) 'example_bash_operator' retrieved from /usr/local/lib/python3.8/dist-packages/airflow/example_dags/example_bash_operator.py
[2024-03-11T16:44:40.259+0000] {logging_mixin.py:188} INFO - [2024-03-11T16:44:40.259+0000] {dag.py:3047} INFO - Sync 1 DAGs
[2024-03-11T16:44:40.372+0000] {logging_mixin.py:188} INFO - [2024-03-11T16:44:40.372+0000] {dag.py:3834} INFO - Setting next_dagrun for example_bash_operator to 2024-03-10 00:00:00+00:00, run_after=2024-03-11 00:00:00+00:00
[2024-03-11T16:44:40.399+0000] {processor.py:183} INFO - Processing /usr/local/lib/python3.8/dist-packages/airflow/example_dags/example_bash_operator.py took 0.187 seconds
[2024-03-11T16:47:58.414+0000] {processor.py:161} INFO - Started process (PID=820) to work on /usr/local/lib/python3.8/dist-packages/airflow/example_dags/example_bash_operator.py
[2024-03-11T16:47:58.416+0000] {processor.py:830} INFO - Processing file /usr/local/lib/python3.8/dist-packages/airflow/example_dags/example_bash_operator.py for tasks to queue
[2024-03-11T16:47:58.417+0000] {logging_mixin.py:188} INFO - [2024-03-11T16:47:58.417+0000] {dagbag.py:540} INFO - Filling up the DagBag from /usr/local/lib/python3.8/dist-packages/airflow/example_dags/example_bash_operator.py
[2024-03-11T16:47:58.430+0000] {processor.py:840} INFO - DAG(s) 'example_bash_operator' retrieved from /usr/local/lib/python3.8/dist-packages/airflow/example_dags/example_bash_operator.py
[2024-03-11T16:47:58.459+0000] {logging_mixin.py:188} INFO - [2024-03-11T16:47:58.459+0000] {dag.py:3047} INFO - Sync 1 DAGs
[2024-03-11T16:47:58.570+0000] {logging_mixin.py:188} INFO - [2024-03-11T16:47:58.570+0000] {dag.py:3834} INFO - Setting next_dagrun for example_bash_operator to 2024-03-10 00:00:00+00:00, run_after=2024-03-11 00:00:00+00:00
[2024-03-11T16:47:58.600+0000] {processor.py:183} INFO - Processing /usr/local/lib/python3.8/dist-packages/airflow/example_dags/example_bash_operator.py took 0.190 seconds
[2024-03-11T16:48:55.858+0000] {processor.py:161} INFO - Started process (PID=919) to work on /usr/local/lib/python3.8/dist-packages/airflow/example_dags/example_bash_operator.py
[2024-03-11T16:48:55.861+0000] {processor.py:830} INFO - Processing file /usr/local/lib/python3.8/dist-packages/airflow/example_dags/example_bash_operator.py for tasks to queue
[2024-03-11T16:48:55.862+0000] {logging_mixin.py:188} INFO - [2024-03-11T16:48:55.861+0000] {dagbag.py:540} INFO - Filling up the DagBag from /usr/local/lib/python3.8/dist-packages/airflow/example_dags/example_bash_operator.py
[2024-03-11T16:48:55.875+0000] {processor.py:840} INFO - DAG(s) 'example_bash_operator' retrieved from /usr/local/lib/python3.8/dist-packages/airflow/example_dags/example_bash_operator.py
[2024-03-11T16:48:55.902+0000] {logging_mixin.py:188} INFO - [2024-03-11T16:48:55.901+0000] {dag.py:3047} INFO - Sync 1 DAGs
[2024-03-11T16:48:55.925+0000] {logging_mixin.py:188} INFO - [2024-03-11T16:48:55.924+0000] {dag.py:3834} INFO - Setting next_dagrun for example_bash_operator to 2024-03-10 00:00:00+00:00, run_after=2024-03-11 00:00:00+00:00
[2024-03-11T16:48:55.954+0000] {processor.py:183} INFO - Processing /usr/local/lib/python3.8/dist-packages/airflow/example_dags/example_bash_operator.py took 0.098 seconds
[2024-03-11T16:49:49.750+0000] {processor.py:161} INFO - Started process (PID=1020) to work on /usr/local/lib/python3.8/dist-packages/airflow/example_dags/example_bash_operator.py
[2024-03-11T16:49:49.753+0000] {processor.py:830} INFO - Processing file /usr/local/lib/python3.8/dist-packages/airflow/example_dags/example_bash_operator.py for tasks to queue
[2024-03-11T16:49:49.754+0000] {logging_mixin.py:188} INFO - [2024-03-11T16:49:49.753+0000] {dagbag.py:540} INFO - Filling up the DagBag from /usr/local/lib/python3.8/dist-packages/airflow/example_dags/example_bash_operator.py
[2024-03-11T16:49:49.767+0000] {processor.py:840} INFO - DAG(s) 'example_bash_operator' retrieved from /usr/local/lib/python3.8/dist-packages/airflow/example_dags/example_bash_operator.py
[2024-03-11T16:49:49.793+0000] {logging_mixin.py:188} INFO - [2024-03-11T16:49:49.793+0000] {dag.py:3047} INFO - Sync 1 DAGs
[2024-03-11T16:49:49.816+0000] {logging_mixin.py:188} INFO - [2024-03-11T16:49:49.816+0000] {dag.py:3834} INFO - Setting next_dagrun for example_bash_operator to 2024-03-10 00:00:00+00:00, run_after=2024-03-11 00:00:00+00:00
[2024-03-11T16:49:49.848+0000] {processor.py:183} INFO - Processing /usr/local/lib/python3.8/dist-packages/airflow/example_dags/example_bash_operator.py took 0.101 seconds
[2024-03-11T16:50:45.954+0000] {processor.py:161} INFO - Started process (PID=1090) to work on /usr/local/lib/python3.8/dist-packages/airflow/example_dags/example_bash_operator.py
[2024-03-11T16:50:45.956+0000] {processor.py:830} INFO - Processing file /usr/local/lib/python3.8/dist-packages/airflow/example_dags/example_bash_operator.py for tasks to queue
[2024-03-11T16:50:45.957+0000] {logging_mixin.py:188} INFO - [2024-03-11T16:50:45.956+0000] {dagbag.py:540} INFO - Filling up the DagBag from /usr/local/lib/python3.8/dist-packages/airflow/example_dags/example_bash_operator.py
[2024-03-11T16:50:45.969+0000] {processor.py:840} INFO - DAG(s) 'example_bash_operator' retrieved from /usr/local/lib/python3.8/dist-packages/airflow/example_dags/example_bash_operator.py
[2024-03-11T16:50:45.991+0000] {logging_mixin.py:188} INFO - [2024-03-11T16:50:45.991+0000] {dag.py:3047} INFO - Sync 1 DAGs
[2024-03-11T16:50:46.008+0000] {logging_mixin.py:188} INFO - [2024-03-11T16:50:46.008+0000] {dag.py:3834} INFO - Setting next_dagrun for example_bash_operator to 2024-03-10 00:00:00+00:00, run_after=2024-03-11 00:00:00+00:00
[2024-03-11T16:50:46.034+0000] {processor.py:183} INFO - Processing /usr/local/lib/python3.8/dist-packages/airflow/example_dags/example_bash_operator.py took 0.084 seconds
[2024-03-11T16:51:40.882+0000] {processor.py:161} INFO - Started process (PID=1155) to work on /usr/local/lib/python3.8/dist-packages/airflow/example_dags/example_bash_operator.py
[2024-03-11T16:51:40.884+0000] {processor.py:830} INFO - Processing file /usr/local/lib/python3.8/dist-packages/airflow/example_dags/example_bash_operator.py for tasks to queue
[2024-03-11T16:51:40.885+0000] {logging_mixin.py:188} INFO - [2024-03-11T16:51:40.884+0000] {dagbag.py:540} INFO - Filling up the DagBag from /usr/local/lib/python3.8/dist-packages/airflow/example_dags/example_bash_operator.py
[2024-03-11T16:51:40.898+0000] {processor.py:840} INFO - DAG(s) 'example_bash_operator' retrieved from /usr/local/lib/python3.8/dist-packages/airflow/example_dags/example_bash_operator.py
[2024-03-11T16:51:40.925+0000] {logging_mixin.py:188} INFO - [2024-03-11T16:51:40.925+0000] {dag.py:3047} INFO - Sync 1 DAGs
[2024-03-11T16:51:40.944+0000] {logging_mixin.py:188} INFO - [2024-03-11T16:51:40.944+0000] {dag.py:3834} INFO - Setting next_dagrun for example_bash_operator to 2024-03-10 00:00:00+00:00, run_after=2024-03-11 00:00:00+00:00
[2024-03-11T16:51:40.969+0000] {processor.py:183} INFO - Processing /usr/local/lib/python3.8/dist-packages/airflow/example_dags/example_bash_operator.py took 0.090 seconds
[2024-03-11T16:52:37.622+0000] {processor.py:161} INFO - Started process (PID=1233) to work on /usr/local/lib/python3.8/dist-packages/airflow/example_dags/example_bash_operator.py
[2024-03-11T16:52:37.624+0000] {processor.py:830} INFO - Processing file /usr/local/lib/python3.8/dist-packages/airflow/example_dags/example_bash_operator.py for tasks to queue
[2024-03-11T16:52:37.625+0000] {logging_mixin.py:188} INFO - [2024-03-11T16:52:37.625+0000] {dagbag.py:540} INFO - Filling up the DagBag from /usr/local/lib/python3.8/dist-packages/airflow/example_dags/example_bash_operator.py
[2024-03-11T16:52:37.638+0000] {processor.py:840} INFO - DAG(s) 'example_bash_operator' retrieved from /usr/local/lib/python3.8/dist-packages/airflow/example_dags/example_bash_operator.py
[2024-03-11T16:52:37.665+0000] {logging_mixin.py:188} INFO - [2024-03-11T16:52:37.664+0000] {dag.py:3047} INFO - Sync 1 DAGs
[2024-03-11T16:52:37.686+0000] {logging_mixin.py:188} INFO - [2024-03-11T16:52:37.685+0000] {dag.py:3834} INFO - Setting next_dagrun for example_bash_operator to 2024-03-10 00:00:00+00:00, run_after=2024-03-11 00:00:00+00:00
[2024-03-11T16:52:37.710+0000] {processor.py:183} INFO - Processing /usr/local/lib/python3.8/dist-packages/airflow/example_dags/example_bash_operator.py took 0.092 seconds
[2024-03-11T16:53:30.591+0000] {processor.py:161} INFO - Started process (PID=1301) to work on /usr/local/lib/python3.8/dist-packages/airflow/example_dags/example_bash_operator.py
[2024-03-11T16:53:30.593+0000] {processor.py:830} INFO - Processing file /usr/local/lib/python3.8/dist-packages/airflow/example_dags/example_bash_operator.py for tasks to queue
[2024-03-11T16:53:30.594+0000] {logging_mixin.py:188} INFO - [2024-03-11T16:53:30.593+0000] {dagbag.py:540} INFO - Filling up the DagBag from /usr/local/lib/python3.8/dist-packages/airflow/example_dags/example_bash_operator.py
[2024-03-11T16:53:30.607+0000] {processor.py:840} INFO - DAG(s) 'example_bash_operator' retrieved from /usr/local/lib/python3.8/dist-packages/airflow/example_dags/example_bash_operator.py
[2024-03-11T16:53:30.634+0000] {logging_mixin.py:188} INFO - [2024-03-11T16:53:30.634+0000] {dag.py:3047} INFO - Sync 1 DAGs
[2024-03-11T16:53:30.656+0000] {logging_mixin.py:188} INFO - [2024-03-11T16:53:30.656+0000] {dag.py:3834} INFO - Setting next_dagrun for example_bash_operator to 2024-03-10 00:00:00+00:00, run_after=2024-03-11 00:00:00+00:00
[2024-03-11T16:53:30.686+0000] {processor.py:183} INFO - Processing /usr/local/lib/python3.8/dist-packages/airflow/example_dags/example_bash_operator.py took 0.098 seconds
[2024-03-11T16:54:24.311+0000] {processor.py:161} INFO - Started process (PID=1366) to work on /usr/local/lib/python3.8/dist-packages/airflow/example_dags/example_bash_operator.py
[2024-03-11T16:54:24.313+0000] {processor.py:830} INFO - Processing file /usr/local/lib/python3.8/dist-packages/airflow/example_dags/example_bash_operator.py for tasks to queue
[2024-03-11T16:54:24.314+0000] {logging_mixin.py:188} INFO - [2024-03-11T16:54:24.313+0000] {dagbag.py:540} INFO - Filling up the DagBag from /usr/local/lib/python3.8/dist-packages/airflow/example_dags/example_bash_operator.py
[2024-03-11T16:54:24.327+0000] {processor.py:840} INFO - DAG(s) 'example_bash_operator' retrieved from /usr/local/lib/python3.8/dist-packages/airflow/example_dags/example_bash_operator.py
[2024-03-11T16:54:24.349+0000] {logging_mixin.py:188} INFO - [2024-03-11T16:54:24.348+0000] {dag.py:3047} INFO - Sync 1 DAGs
[2024-03-11T16:54:24.366+0000] {logging_mixin.py:188} INFO - [2024-03-11T16:54:24.366+0000] {dag.py:3834} INFO - Setting next_dagrun for example_bash_operator to 2024-03-10 00:00:00+00:00, run_after=2024-03-11 00:00:00+00:00
[2024-03-11T16:54:24.391+0000] {processor.py:183} INFO - Processing /usr/local/lib/python3.8/dist-packages/airflow/example_dags/example_bash_operator.py took 0.084 seconds
[2024-03-11T16:55:19.559+0000] {processor.py:161} INFO - Started process (PID=1442) to work on /usr/local/lib/python3.8/dist-packages/airflow/example_dags/example_bash_operator.py
[2024-03-11T16:55:19.561+0000] {processor.py:830} INFO - Processing file /usr/local/lib/python3.8/dist-packages/airflow/example_dags/example_bash_operator.py for tasks to queue
[2024-03-11T16:55:19.562+0000] {logging_mixin.py:188} INFO - [2024-03-11T16:55:19.562+0000] {dagbag.py:540} INFO - Filling up the DagBag from /usr/local/lib/python3.8/dist-packages/airflow/example_dags/example_bash_operator.py
[2024-03-11T16:55:19.575+0000] {processor.py:840} INFO - DAG(s) 'example_bash_operator' retrieved from /usr/local/lib/python3.8/dist-packages/airflow/example_dags/example_bash_operator.py
[2024-03-11T16:55:19.602+0000] {logging_mixin.py:188} INFO - [2024-03-11T16:55:19.602+0000] {dag.py:3047} INFO - Sync 1 DAGs
[2024-03-11T16:55:19.620+0000] {logging_mixin.py:188} INFO - [2024-03-11T16:55:19.620+0000] {dag.py:3834} INFO - Setting next_dagrun for example_bash_operator to 2024-03-10 00:00:00+00:00, run_after=2024-03-11 00:00:00+00:00
[2024-03-11T16:55:19.646+0000] {processor.py:183} INFO - Processing /usr/local/lib/python3.8/dist-packages/airflow/example_dags/example_bash_operator.py took 0.090 seconds
[2024-03-11T16:56:11.838+0000] {processor.py:161} INFO - Started process (PID=1511) to work on /usr/local/lib/python3.8/dist-packages/airflow/example_dags/example_bash_operator.py
[2024-03-11T16:56:11.840+0000] {processor.py:830} INFO - Processing file /usr/local/lib/python3.8/dist-packages/airflow/example_dags/example_bash_operator.py for tasks to queue
[2024-03-11T16:56:11.841+0000] {logging_mixin.py:188} INFO - [2024-03-11T16:56:11.841+0000] {dagbag.py:540} INFO - Filling up the DagBag from /usr/local/lib/python3.8/dist-packages/airflow/example_dags/example_bash_operator.py
[2024-03-11T16:56:11.854+0000] {processor.py:840} INFO - DAG(s) 'example_bash_operator' retrieved from /usr/local/lib/python3.8/dist-packages/airflow/example_dags/example_bash_operator.py
[2024-03-11T16:56:11.876+0000] {logging_mixin.py:188} INFO - [2024-03-11T16:56:11.876+0000] {dag.py:3047} INFO - Sync 1 DAGs
[2024-03-11T16:56:11.893+0000] {logging_mixin.py:188} INFO - [2024-03-11T16:56:11.893+0000] {dag.py:3834} INFO - Setting next_dagrun for example_bash_operator to 2024-03-10 00:00:00+00:00, run_after=2024-03-11 00:00:00+00:00
[2024-03-11T16:56:11.918+0000] {processor.py:183} INFO - Processing /usr/local/lib/python3.8/dist-packages/airflow/example_dags/example_bash_operator.py took 0.083 seconds
[2024-03-11T16:57:04.023+0000] {processor.py:161} INFO - Started process (PID=1596) to work on /usr/local/lib/python3.8/dist-packages/airflow/example_dags/example_bash_operator.py
[2024-03-11T16:57:04.024+0000] {processor.py:830} INFO - Processing file /usr/local/lib/python3.8/dist-packages/airflow/example_dags/example_bash_operator.py for tasks to queue
[2024-03-11T16:57:04.026+0000] {logging_mixin.py:188} INFO - [2024-03-11T16:57:04.025+0000] {dagbag.py:540} INFO - Filling up the DagBag from /usr/local/lib/python3.8/dist-packages/airflow/example_dags/example_bash_operator.py
[2024-03-11T16:57:04.039+0000] {processor.py:840} INFO - DAG(s) 'example_bash_operator' retrieved from /usr/local/lib/python3.8/dist-packages/airflow/example_dags/example_bash_operator.py
[2024-03-11T16:57:04.066+0000] {logging_mixin.py:188} INFO - [2024-03-11T16:57:04.066+0000] {dag.py:3047} INFO - Sync 1 DAGs
[2024-03-11T16:57:04.087+0000] {logging_mixin.py:188} INFO - [2024-03-11T16:57:04.087+0000] {dag.py:3834} INFO - Setting next_dagrun for example_bash_operator to 2024-03-10 00:00:00+00:00, run_after=2024-03-11 00:00:00+00:00
[2024-03-11T16:57:04.117+0000] {processor.py:183} INFO - Processing /usr/local/lib/python3.8/dist-packages/airflow/example_dags/example_bash_operator.py took 0.097 seconds
[2024-03-11T16:57:59.059+0000] {processor.py:161} INFO - Started process (PID=1768) to work on /usr/local/lib/python3.8/dist-packages/airflow/example_dags/example_bash_operator.py
[2024-03-11T16:57:59.061+0000] {processor.py:830} INFO - Processing file /usr/local/lib/python3.8/dist-packages/airflow/example_dags/example_bash_operator.py for tasks to queue
[2024-03-11T16:57:59.062+0000] {logging_mixin.py:188} INFO - [2024-03-11T16:57:59.062+0000] {dagbag.py:540} INFO - Filling up the DagBag from /usr/local/lib/python3.8/dist-packages/airflow/example_dags/example_bash_operator.py
[2024-03-11T16:57:59.076+0000] {processor.py:840} INFO - DAG(s) 'example_bash_operator' retrieved from /usr/local/lib/python3.8/dist-packages/airflow/example_dags/example_bash_operator.py
[2024-03-11T16:57:59.103+0000] {logging_mixin.py:188} INFO - [2024-03-11T16:57:59.102+0000] {dag.py:3047} INFO - Sync 1 DAGs
[2024-03-11T16:57:59.126+0000] {logging_mixin.py:188} INFO - [2024-03-11T16:57:59.126+0000] {dag.py:3834} INFO - Setting next_dagrun for example_bash_operator to 2024-03-10 00:00:00+00:00, run_after=2024-03-11 00:00:00+00:00
[2024-03-11T16:57:59.156+0000] {processor.py:183} INFO - Processing /usr/local/lib/python3.8/dist-packages/airflow/example_dags/example_bash_operator.py took 0.100 seconds
[2024-03-11T17:07:17.699+0000] {processor.py:161} INFO - Started process (PID=2097) to work on /usr/local/lib/python3.8/dist-packages/airflow/example_dags/example_bash_operator.py
[2024-03-11T17:07:17.701+0000] {processor.py:830} INFO - Processing file /usr/local/lib/python3.8/dist-packages/airflow/example_dags/example_bash_operator.py for tasks to queue
[2024-03-11T17:07:17.702+0000] {logging_mixin.py:188} INFO - [2024-03-11T17:07:17.702+0000] {dagbag.py:540} INFO - Filling up the DagBag from /usr/local/lib/python3.8/dist-packages/airflow/example_dags/example_bash_operator.py
[2024-03-11T17:07:17.714+0000] {processor.py:840} INFO - DAG(s) 'example_bash_operator' retrieved from /usr/local/lib/python3.8/dist-packages/airflow/example_dags/example_bash_operator.py
[2024-03-11T17:07:17.739+0000] {logging_mixin.py:188} INFO - [2024-03-11T17:07:17.739+0000] {dag.py:3047} INFO - Sync 1 DAGs
[2024-03-11T17:07:17.843+0000] {logging_mixin.py:188} INFO - [2024-03-11T17:07:17.843+0000] {dag.py:3834} INFO - Setting next_dagrun for example_bash_operator to 2024-03-10 00:00:00+00:00, run_after=2024-03-11 00:00:00+00:00
[2024-03-11T17:07:17.867+0000] {processor.py:183} INFO - Processing /usr/local/lib/python3.8/dist-packages/airflow/example_dags/example_bash_operator.py took 0.171 seconds
[2024-03-11T17:08:42.751+0000] {processor.py:161} INFO - Started process (PID=2238) to work on /usr/local/lib/python3.8/dist-packages/airflow/example_dags/example_bash_operator.py
[2024-03-11T17:08:42.753+0000] {processor.py:830} INFO - Processing file /usr/local/lib/python3.8/dist-packages/airflow/example_dags/example_bash_operator.py for tasks to queue
[2024-03-11T17:08:42.754+0000] {logging_mixin.py:188} INFO - [2024-03-11T17:08:42.753+0000] {dagbag.py:540} INFO - Filling up the DagBag from /usr/local/lib/python3.8/dist-packages/airflow/example_dags/example_bash_operator.py
[2024-03-11T17:08:42.767+0000] {processor.py:840} INFO - DAG(s) 'example_bash_operator' retrieved from /usr/local/lib/python3.8/dist-packages/airflow/example_dags/example_bash_operator.py
[2024-03-11T17:08:42.797+0000] {logging_mixin.py:188} INFO - [2024-03-11T17:08:42.797+0000] {dag.py:3047} INFO - Sync 1 DAGs
[2024-03-11T17:08:42.899+0000] {logging_mixin.py:188} INFO - [2024-03-11T17:08:42.899+0000] {dag.py:3834} INFO - Setting next_dagrun for example_bash_operator to 2024-03-10 00:00:00+00:00, run_after=2024-03-11 00:00:00+00:00
[2024-03-11T17:08:42.923+0000] {processor.py:183} INFO - Processing /usr/local/lib/python3.8/dist-packages/airflow/example_dags/example_bash_operator.py took 0.175 seconds
[2024-03-11T17:09:41.098+0000] {processor.py:161} INFO - Started process (PID=2391) to work on /usr/local/lib/python3.8/dist-packages/airflow/example_dags/example_bash_operator.py
[2024-03-11T17:09:41.100+0000] {processor.py:830} INFO - Processing file /usr/local/lib/python3.8/dist-packages/airflow/example_dags/example_bash_operator.py for tasks to queue
[2024-03-11T17:09:41.101+0000] {logging_mixin.py:188} INFO - [2024-03-11T17:09:41.101+0000] {dagbag.py:540} INFO - Filling up the DagBag from /usr/local/lib/python3.8/dist-packages/airflow/example_dags/example_bash_operator.py
[2024-03-11T17:09:41.115+0000] {processor.py:840} INFO - DAG(s) 'example_bash_operator' retrieved from /usr/local/lib/python3.8/dist-packages/airflow/example_dags/example_bash_operator.py
[2024-03-11T17:09:41.141+0000] {logging_mixin.py:188} INFO - [2024-03-11T17:09:41.141+0000] {dag.py:3047} INFO - Sync 1 DAGs
[2024-03-11T17:09:41.165+0000] {logging_mixin.py:188} INFO - [2024-03-11T17:09:41.165+0000] {dag.py:3834} INFO - Setting next_dagrun for example_bash_operator to 2024-03-10 00:00:00+00:00, run_after=2024-03-11 00:00:00+00:00
[2024-03-11T17:09:41.194+0000] {processor.py:183} INFO - Processing /usr/local/lib/python3.8/dist-packages/airflow/example_dags/example_bash_operator.py took 0.099 seconds
[2024-03-11T17:10:38.614+0000] {processor.py:161} INFO - Started process (PID=2469) to work on /usr/local/lib/python3.8/dist-packages/airflow/example_dags/example_bash_operator.py
[2024-03-11T17:10:38.616+0000] {processor.py:830} INFO - Processing file /usr/local/lib/python3.8/dist-packages/airflow/example_dags/example_bash_operator.py for tasks to queue
[2024-03-11T17:10:38.617+0000] {logging_mixin.py:188} INFO - [2024-03-11T17:10:38.616+0000] {dagbag.py:540} INFO - Filling up the DagBag from /usr/local/lib/python3.8/dist-packages/airflow/example_dags/example_bash_operator.py
[2024-03-11T17:10:38.630+0000] {processor.py:840} INFO - DAG(s) 'example_bash_operator' retrieved from /usr/local/lib/python3.8/dist-packages/airflow/example_dags/example_bash_operator.py
[2024-03-11T17:10:38.657+0000] {logging_mixin.py:188} INFO - [2024-03-11T17:10:38.657+0000] {dag.py:3047} INFO - Sync 1 DAGs
[2024-03-11T17:10:38.679+0000] {logging_mixin.py:188} INFO - [2024-03-11T17:10:38.679+0000] {dag.py:3834} INFO - Setting next_dagrun for example_bash_operator to 2024-03-10 00:00:00+00:00, run_after=2024-03-11 00:00:00+00:00
[2024-03-11T17:10:38.710+0000] {processor.py:183} INFO - Processing /usr/local/lib/python3.8/dist-packages/airflow/example_dags/example_bash_operator.py took 0.099 seconds
[2024-03-11T17:11:59.738+0000] {processor.py:161} INFO - Started process (PID=2577) to work on /usr/local/lib/python3.8/dist-packages/airflow/example_dags/example_bash_operator.py
[2024-03-11T17:11:59.740+0000] {processor.py:830} INFO - Processing file /usr/local/lib/python3.8/dist-packages/airflow/example_dags/example_bash_operator.py for tasks to queue
[2024-03-11T17:11:59.741+0000] {logging_mixin.py:188} INFO - [2024-03-11T17:11:59.741+0000] {dagbag.py:540} INFO - Filling up the DagBag from /usr/local/lib/python3.8/dist-packages/airflow/example_dags/example_bash_operator.py
[2024-03-11T17:11:59.754+0000] {processor.py:840} INFO - DAG(s) 'example_bash_operator' retrieved from /usr/local/lib/python3.8/dist-packages/airflow/example_dags/example_bash_operator.py
[2024-03-11T17:11:59.785+0000] {logging_mixin.py:188} INFO - [2024-03-11T17:11:59.784+0000] {dag.py:3047} INFO - Sync 1 DAGs
[2024-03-11T17:11:59.893+0000] {logging_mixin.py:188} INFO - [2024-03-11T17:11:59.893+0000] {dag.py:3834} INFO - Setting next_dagrun for example_bash_operator to 2024-03-10 00:00:00+00:00, run_after=2024-03-11 00:00:00+00:00
[2024-03-11T17:11:59.918+0000] {processor.py:183} INFO - Processing /usr/local/lib/python3.8/dist-packages/airflow/example_dags/example_bash_operator.py took 0.183 seconds
[2024-03-11T17:12:59.197+0000] {processor.py:161} INFO - Started process (PID=2655) to work on /usr/local/lib/python3.8/dist-packages/airflow/example_dags/example_bash_operator.py
[2024-03-11T17:12:59.199+0000] {processor.py:830} INFO - Processing file /usr/local/lib/python3.8/dist-packages/airflow/example_dags/example_bash_operator.py for tasks to queue
[2024-03-11T17:12:59.200+0000] {logging_mixin.py:188} INFO - [2024-03-11T17:12:59.199+0000] {dagbag.py:540} INFO - Filling up the DagBag from /usr/local/lib/python3.8/dist-packages/airflow/example_dags/example_bash_operator.py
[2024-03-11T17:12:59.213+0000] {processor.py:840} INFO - DAG(s) 'example_bash_operator' retrieved from /usr/local/lib/python3.8/dist-packages/airflow/example_dags/example_bash_operator.py
[2024-03-11T17:12:59.240+0000] {logging_mixin.py:188} INFO - [2024-03-11T17:12:59.239+0000] {dag.py:3047} INFO - Sync 1 DAGs
[2024-03-11T17:12:59.263+0000] {logging_mixin.py:188} INFO - [2024-03-11T17:12:59.263+0000] {dag.py:3834} INFO - Setting next_dagrun for example_bash_operator to 2024-03-10 00:00:00+00:00, run_after=2024-03-11 00:00:00+00:00
[2024-03-11T17:12:59.293+0000] {processor.py:183} INFO - Processing /usr/local/lib/python3.8/dist-packages/airflow/example_dags/example_bash_operator.py took 0.100 seconds
[2024-03-11T17:13:54.520+0000] {processor.py:161} INFO - Started process (PID=2776) to work on /usr/local/lib/python3.8/dist-packages/airflow/example_dags/example_bash_operator.py
[2024-03-11T17:13:54.521+0000] {processor.py:830} INFO - Processing file /usr/local/lib/python3.8/dist-packages/airflow/example_dags/example_bash_operator.py for tasks to queue
[2024-03-11T17:13:54.523+0000] {logging_mixin.py:188} INFO - [2024-03-11T17:13:54.522+0000] {dagbag.py:540} INFO - Filling up the DagBag from /usr/local/lib/python3.8/dist-packages/airflow/example_dags/example_bash_operator.py
[2024-03-11T17:13:54.536+0000] {processor.py:840} INFO - DAG(s) 'example_bash_operator' retrieved from /usr/local/lib/python3.8/dist-packages/airflow/example_dags/example_bash_operator.py
[2024-03-11T17:13:54.563+0000] {logging_mixin.py:188} INFO - [2024-03-11T17:13:54.563+0000] {dag.py:3047} INFO - Sync 1 DAGs
[2024-03-11T17:13:54.583+0000] {logging_mixin.py:188} INFO - [2024-03-11T17:13:54.583+0000] {dag.py:3834} INFO - Setting next_dagrun for example_bash_operator to 2024-03-10 00:00:00+00:00, run_after=2024-03-11 00:00:00+00:00
[2024-03-11T17:13:54.608+0000] {processor.py:183} INFO - Processing /usr/local/lib/python3.8/dist-packages/airflow/example_dags/example_bash_operator.py took 0.091 seconds
[2024-03-11T17:15:12.714+0000] {processor.py:161} INFO - Started process (PID=2928) to work on /usr/local/lib/python3.8/dist-packages/airflow/example_dags/example_bash_operator.py
[2024-03-11T17:15:12.716+0000] {processor.py:830} INFO - Processing file /usr/local/lib/python3.8/dist-packages/airflow/example_dags/example_bash_operator.py for tasks to queue
[2024-03-11T17:15:12.717+0000] {logging_mixin.py:188} INFO - [2024-03-11T17:15:12.716+0000] {dagbag.py:540} INFO - Filling up the DagBag from /usr/local/lib/python3.8/dist-packages/airflow/example_dags/example_bash_operator.py
[2024-03-11T17:15:12.730+0000] {processor.py:840} INFO - DAG(s) 'example_bash_operator' retrieved from /usr/local/lib/python3.8/dist-packages/airflow/example_dags/example_bash_operator.py
[2024-03-11T17:15:12.757+0000] {logging_mixin.py:188} INFO - [2024-03-11T17:15:12.757+0000] {dag.py:3047} INFO - Sync 1 DAGs
[2024-03-11T17:15:12.780+0000] {logging_mixin.py:188} INFO - [2024-03-11T17:15:12.779+0000] {dag.py:3834} INFO - Setting next_dagrun for example_bash_operator to 2024-03-10 00:00:00+00:00, run_after=2024-03-11 00:00:00+00:00
[2024-03-11T17:15:12.810+0000] {processor.py:183} INFO - Processing /usr/local/lib/python3.8/dist-packages/airflow/example_dags/example_bash_operator.py took 0.099 seconds
[2024-03-11T17:16:08.231+0000] {processor.py:161} INFO - Started process (PID=3006) to work on /usr/local/lib/python3.8/dist-packages/airflow/example_dags/example_bash_operator.py
[2024-03-11T17:16:08.233+0000] {processor.py:830} INFO - Processing file /usr/local/lib/python3.8/dist-packages/airflow/example_dags/example_bash_operator.py for tasks to queue
[2024-03-11T17:16:08.234+0000] {logging_mixin.py:188} INFO - [2024-03-11T17:16:08.233+0000] {dagbag.py:540} INFO - Filling up the DagBag from /usr/local/lib/python3.8/dist-packages/airflow/example_dags/example_bash_operator.py
[2024-03-11T17:16:08.247+0000] {processor.py:840} INFO - DAG(s) 'example_bash_operator' retrieved from /usr/local/lib/python3.8/dist-packages/airflow/example_dags/example_bash_operator.py
[2024-03-11T17:16:08.269+0000] {logging_mixin.py:188} INFO - [2024-03-11T17:16:08.268+0000] {dag.py:3047} INFO - Sync 1 DAGs
[2024-03-11T17:16:08.286+0000] {logging_mixin.py:188} INFO - [2024-03-11T17:16:08.285+0000] {dag.py:3834} INFO - Setting next_dagrun for example_bash_operator to 2024-03-10 00:00:00+00:00, run_after=2024-03-11 00:00:00+00:00
[2024-03-11T17:16:08.310+0000] {processor.py:183} INFO - Processing /usr/local/lib/python3.8/dist-packages/airflow/example_dags/example_bash_operator.py took 0.082 seconds
[2024-03-11T17:17:02.158+0000] {processor.py:161} INFO - Started process (PID=3070) to work on /usr/local/lib/python3.8/dist-packages/airflow/example_dags/example_bash_operator.py
[2024-03-11T17:17:02.160+0000] {processor.py:830} INFO - Processing file /usr/local/lib/python3.8/dist-packages/airflow/example_dags/example_bash_operator.py for tasks to queue
[2024-03-11T17:17:02.161+0000] {logging_mixin.py:188} INFO - [2024-03-11T17:17:02.160+0000] {dagbag.py:540} INFO - Filling up the DagBag from /usr/local/lib/python3.8/dist-packages/airflow/example_dags/example_bash_operator.py
[2024-03-11T17:17:02.174+0000] {processor.py:840} INFO - DAG(s) 'example_bash_operator' retrieved from /usr/local/lib/python3.8/dist-packages/airflow/example_dags/example_bash_operator.py
[2024-03-11T17:17:02.202+0000] {logging_mixin.py:188} INFO - [2024-03-11T17:17:02.201+0000] {dag.py:3047} INFO - Sync 1 DAGs
[2024-03-11T17:17:02.222+0000] {logging_mixin.py:188} INFO - [2024-03-11T17:17:02.222+0000] {dag.py:3834} INFO - Setting next_dagrun for example_bash_operator to 2024-03-10 00:00:00+00:00, run_after=2024-03-11 00:00:00+00:00
[2024-03-11T17:17:02.248+0000] {processor.py:183} INFO - Processing /usr/local/lib/python3.8/dist-packages/airflow/example_dags/example_bash_operator.py took 0.093 seconds
[2024-03-11T17:17:57.714+0000] {processor.py:161} INFO - Started process (PID=3141) to work on /usr/local/lib/python3.8/dist-packages/airflow/example_dags/example_bash_operator.py
[2024-03-11T17:17:57.716+0000] {processor.py:830} INFO - Processing file /usr/local/lib/python3.8/dist-packages/airflow/example_dags/example_bash_operator.py for tasks to queue
[2024-03-11T17:17:57.717+0000] {logging_mixin.py:188} INFO - [2024-03-11T17:17:57.717+0000] {dagbag.py:540} INFO - Filling up the DagBag from /usr/local/lib/python3.8/dist-packages/airflow/example_dags/example_bash_operator.py
[2024-03-11T17:17:57.730+0000] {processor.py:840} INFO - DAG(s) 'example_bash_operator' retrieved from /usr/local/lib/python3.8/dist-packages/airflow/example_dags/example_bash_operator.py
[2024-03-11T17:17:57.752+0000] {logging_mixin.py:188} INFO - [2024-03-11T17:17:57.751+0000] {dag.py:3047} INFO - Sync 1 DAGs
[2024-03-11T17:17:57.769+0000] {logging_mixin.py:188} INFO - [2024-03-11T17:17:57.768+0000] {dag.py:3834} INFO - Setting next_dagrun for example_bash_operator to 2024-03-10 00:00:00+00:00, run_after=2024-03-11 00:00:00+00:00
[2024-03-11T17:17:57.794+0000] {processor.py:183} INFO - Processing /usr/local/lib/python3.8/dist-packages/airflow/example_dags/example_bash_operator.py took 0.082 seconds
[2024-03-11T17:18:53.528+0000] {processor.py:161} INFO - Started process (PID=3217) to work on /usr/local/lib/python3.8/dist-packages/airflow/example_dags/example_bash_operator.py
[2024-03-11T17:18:53.530+0000] {processor.py:830} INFO - Processing file /usr/local/lib/python3.8/dist-packages/airflow/example_dags/example_bash_operator.py for tasks to queue
[2024-03-11T17:18:53.531+0000] {logging_mixin.py:188} INFO - [2024-03-11T17:18:53.530+0000] {dagbag.py:540} INFO - Filling up the DagBag from /usr/local/lib/python3.8/dist-packages/airflow/example_dags/example_bash_operator.py
[2024-03-11T17:18:53.544+0000] {processor.py:840} INFO - DAG(s) 'example_bash_operator' retrieved from /usr/local/lib/python3.8/dist-packages/airflow/example_dags/example_bash_operator.py
[2024-03-11T17:18:53.571+0000] {logging_mixin.py:188} INFO - [2024-03-11T17:18:53.571+0000] {dag.py:3047} INFO - Sync 1 DAGs
[2024-03-11T17:18:53.589+0000] {logging_mixin.py:188} INFO - [2024-03-11T17:18:53.589+0000] {dag.py:3834} INFO - Setting next_dagrun for example_bash_operator to 2024-03-10 00:00:00+00:00, run_after=2024-03-11 00:00:00+00:00
[2024-03-11T17:18:53.622+0000] {processor.py:183} INFO - Processing /usr/local/lib/python3.8/dist-packages/airflow/example_dags/example_bash_operator.py took 0.097 seconds
[2024-03-11T17:19:46.018+0000] {processor.py:161} INFO - Started process (PID=3282) to work on /usr/local/lib/python3.8/dist-packages/airflow/example_dags/example_bash_operator.py
[2024-03-11T17:19:46.020+0000] {processor.py:830} INFO - Processing file /usr/local/lib/python3.8/dist-packages/airflow/example_dags/example_bash_operator.py for tasks to queue
[2024-03-11T17:19:46.021+0000] {logging_mixin.py:188} INFO - [2024-03-11T17:19:46.020+0000] {dagbag.py:540} INFO - Filling up the DagBag from /usr/local/lib/python3.8/dist-packages/airflow/example_dags/example_bash_operator.py
[2024-03-11T17:19:46.033+0000] {processor.py:840} INFO - DAG(s) 'example_bash_operator' retrieved from /usr/local/lib/python3.8/dist-packages/airflow/example_dags/example_bash_operator.py
[2024-03-11T17:19:46.056+0000] {logging_mixin.py:188} INFO - [2024-03-11T17:19:46.056+0000] {dag.py:3047} INFO - Sync 1 DAGs
[2024-03-11T17:19:46.074+0000] {logging_mixin.py:188} INFO - [2024-03-11T17:19:46.074+0000] {dag.py:3834} INFO - Setting next_dagrun for example_bash_operator to 2024-03-10 00:00:00+00:00, run_after=2024-03-11 00:00:00+00:00
[2024-03-11T17:19:46.098+0000] {processor.py:183} INFO - Processing /usr/local/lib/python3.8/dist-packages/airflow/example_dags/example_bash_operator.py took 0.083 seconds
[2024-03-11T17:20:40.426+0000] {processor.py:161} INFO - Started process (PID=3351) to work on /usr/local/lib/python3.8/dist-packages/airflow/example_dags/example_bash_operator.py
[2024-03-11T17:20:40.428+0000] {processor.py:830} INFO - Processing file /usr/local/lib/python3.8/dist-packages/airflow/example_dags/example_bash_operator.py for tasks to queue
[2024-03-11T17:20:40.429+0000] {logging_mixin.py:188} INFO - [2024-03-11T17:20:40.428+0000] {dagbag.py:540} INFO - Filling up the DagBag from /usr/local/lib/python3.8/dist-packages/airflow/example_dags/example_bash_operator.py
[2024-03-11T17:20:40.443+0000] {processor.py:840} INFO - DAG(s) 'example_bash_operator' retrieved from /usr/local/lib/python3.8/dist-packages/airflow/example_dags/example_bash_operator.py
[2024-03-11T17:20:40.470+0000] {logging_mixin.py:188} INFO - [2024-03-11T17:20:40.470+0000] {dag.py:3047} INFO - Sync 1 DAGs
[2024-03-11T17:20:40.490+0000] {logging_mixin.py:188} INFO - [2024-03-11T17:20:40.490+0000] {dag.py:3834} INFO - Setting next_dagrun for example_bash_operator to 2024-03-10 00:00:00+00:00, run_after=2024-03-11 00:00:00+00:00
[2024-03-11T17:20:40.518+0000] {processor.py:183} INFO - Processing /usr/local/lib/python3.8/dist-packages/airflow/example_dags/example_bash_operator.py took 0.096 seconds
[2024-03-11T17:21:32.646+0000] {processor.py:161} INFO - Started process (PID=3427) to work on /usr/local/lib/python3.8/dist-packages/airflow/example_dags/example_bash_operator.py
[2024-03-11T17:21:32.648+0000] {processor.py:830} INFO - Processing file /usr/local/lib/python3.8/dist-packages/airflow/example_dags/example_bash_operator.py for tasks to queue
[2024-03-11T17:21:32.649+0000] {logging_mixin.py:188} INFO - [2024-03-11T17:21:32.648+0000] {dagbag.py:540} INFO - Filling up the DagBag from /usr/local/lib/python3.8/dist-packages/airflow/example_dags/example_bash_operator.py
[2024-03-11T17:21:32.661+0000] {processor.py:840} INFO - DAG(s) 'example_bash_operator' retrieved from /usr/local/lib/python3.8/dist-packages/airflow/example_dags/example_bash_operator.py
[2024-03-11T17:21:32.683+0000] {logging_mixin.py:188} INFO - [2024-03-11T17:21:32.683+0000] {dag.py:3047} INFO - Sync 1 DAGs
[2024-03-11T17:21:32.700+0000] {logging_mixin.py:188} INFO - [2024-03-11T17:21:32.700+0000] {dag.py:3834} INFO - Setting next_dagrun for example_bash_operator to 2024-03-10 00:00:00+00:00, run_after=2024-03-11 00:00:00+00:00
[2024-03-11T17:21:32.726+0000] {processor.py:183} INFO - Processing /usr/local/lib/python3.8/dist-packages/airflow/example_dags/example_bash_operator.py took 0.084 seconds
