[2024-03-11T15:40:45.517+0000] {processor.py:161} INFO - Started process (PID=540) to work on /usr/local/lib/python3.8/dist-packages/airflow/example_dags/example_complex.py
[2024-03-11T15:40:45.518+0000] {processor.py:830} INFO - Processing file /usr/local/lib/python3.8/dist-packages/airflow/example_dags/example_complex.py for tasks to queue
[2024-03-11T15:40:45.519+0000] {logging_mixin.py:188} INFO - [2024-03-11T15:40:45.518+0000] {dagbag.py:540} INFO - Filling up the DagBag from /usr/local/lib/python3.8/dist-packages/airflow/example_dags/example_complex.py
[2024-03-11T15:40:45.539+0000] {processor.py:840} INFO - DAG(s) 'example_complex' retrieved from /usr/local/lib/python3.8/dist-packages/airflow/example_dags/example_complex.py
[2024-03-11T15:40:45.748+0000] {logging_mixin.py:188} INFO - [2024-03-11T15:40:45.747+0000] {override.py:1769} INFO - Created Permission View: can delete on DAG:example_complex
[2024-03-11T15:40:45.765+0000] {logging_mixin.py:188} INFO - [2024-03-11T15:40:45.764+0000] {override.py:1769} INFO - Created Permission View: can read on DAG:example_complex
[2024-03-11T15:40:45.779+0000] {logging_mixin.py:188} INFO - [2024-03-11T15:40:45.778+0000] {override.py:1769} INFO - Created Permission View: can edit on DAG:example_complex
[2024-03-11T15:40:45.779+0000] {logging_mixin.py:188} INFO - [2024-03-11T15:40:45.779+0000] {dag.py:3047} INFO - Sync 1 DAGs
[2024-03-11T15:40:45.789+0000] {logging_mixin.py:188} INFO - [2024-03-11T15:40:45.789+0000] {dag.py:3069} INFO - Creating ORM DAG for example_complex
[2024-03-11T15:40:45.789+0000] {logging_mixin.py:188} INFO - [2024-03-11T15:40:45.789+0000] {dag.py:3834} INFO - Setting next_dagrun for example_complex to None, run_after=None
[2024-03-11T15:40:45.835+0000] {processor.py:183} INFO - Processing /usr/local/lib/python3.8/dist-packages/airflow/example_dags/example_complex.py took 0.338 seconds
[2024-03-11T15:41:55.670+0000] {processor.py:161} INFO - Started process (PID=614) to work on /usr/local/lib/python3.8/dist-packages/airflow/example_dags/example_complex.py
[2024-03-11T15:41:55.672+0000] {processor.py:830} INFO - Processing file /usr/local/lib/python3.8/dist-packages/airflow/example_dags/example_complex.py for tasks to queue
[2024-03-11T15:41:55.673+0000] {logging_mixin.py:188} INFO - [2024-03-11T15:41:55.673+0000] {dagbag.py:540} INFO - Filling up the DagBag from /usr/local/lib/python3.8/dist-packages/airflow/example_dags/example_complex.py
[2024-03-11T15:41:55.686+0000] {processor.py:840} INFO - DAG(s) 'example_complex' retrieved from /usr/local/lib/python3.8/dist-packages/airflow/example_dags/example_complex.py
[2024-03-11T15:41:55.717+0000] {logging_mixin.py:188} INFO - [2024-03-11T15:41:55.716+0000] {dag.py:3047} INFO - Sync 1 DAGs
[2024-03-11T15:41:55.731+0000] {logging_mixin.py:188} INFO - [2024-03-11T15:41:55.731+0000] {dag.py:3834} INFO - Setting next_dagrun for example_complex to None, run_after=None
[2024-03-11T15:41:55.761+0000] {processor.py:183} INFO - Processing /usr/local/lib/python3.8/dist-packages/airflow/example_dags/example_complex.py took 0.094 seconds
[2024-03-11T15:42:49.049+0000] {processor.py:161} INFO - Started process (PID=667) to work on /usr/local/lib/python3.8/dist-packages/airflow/example_dags/example_complex.py
[2024-03-11T15:42:49.051+0000] {processor.py:830} INFO - Processing file /usr/local/lib/python3.8/dist-packages/airflow/example_dags/example_complex.py for tasks to queue
[2024-03-11T15:42:49.052+0000] {logging_mixin.py:188} INFO - [2024-03-11T15:42:49.052+0000] {dagbag.py:540} INFO - Filling up the DagBag from /usr/local/lib/python3.8/dist-packages/airflow/example_dags/example_complex.py
[2024-03-11T15:42:49.065+0000] {processor.py:840} INFO - DAG(s) 'example_complex' retrieved from /usr/local/lib/python3.8/dist-packages/airflow/example_dags/example_complex.py
[2024-03-11T15:42:49.095+0000] {logging_mixin.py:188} INFO - [2024-03-11T15:42:49.094+0000] {dag.py:3047} INFO - Sync 1 DAGs
[2024-03-11T15:42:49.107+0000] {logging_mixin.py:188} INFO - [2024-03-11T15:42:49.107+0000] {dag.py:3834} INFO - Setting next_dagrun for example_complex to None, run_after=None
[2024-03-11T15:42:49.136+0000] {processor.py:183} INFO - Processing /usr/local/lib/python3.8/dist-packages/airflow/example_dags/example_complex.py took 0.091 seconds
[2024-03-11T15:43:51.420+0000] {processor.py:161} INFO - Started process (PID=726) to work on /usr/local/lib/python3.8/dist-packages/airflow/example_dags/example_complex.py
[2024-03-11T15:43:51.422+0000] {processor.py:830} INFO - Processing file /usr/local/lib/python3.8/dist-packages/airflow/example_dags/example_complex.py for tasks to queue
[2024-03-11T15:43:51.423+0000] {logging_mixin.py:188} INFO - [2024-03-11T15:43:51.423+0000] {dagbag.py:540} INFO - Filling up the DagBag from /usr/local/lib/python3.8/dist-packages/airflow/example_dags/example_complex.py
[2024-03-11T15:43:51.436+0000] {processor.py:840} INFO - DAG(s) 'example_complex' retrieved from /usr/local/lib/python3.8/dist-packages/airflow/example_dags/example_complex.py
[2024-03-11T15:43:51.465+0000] {logging_mixin.py:188} INFO - [2024-03-11T15:43:51.465+0000] {dag.py:3047} INFO - Sync 1 DAGs
[2024-03-11T15:43:51.478+0000] {logging_mixin.py:188} INFO - [2024-03-11T15:43:51.478+0000] {dag.py:3834} INFO - Setting next_dagrun for example_complex to None, run_after=None
[2024-03-11T15:43:51.507+0000] {processor.py:183} INFO - Processing /usr/local/lib/python3.8/dist-packages/airflow/example_dags/example_complex.py took 0.090 seconds
[2024-03-11T15:44:47.751+0000] {processor.py:161} INFO - Started process (PID=782) to work on /usr/local/lib/python3.8/dist-packages/airflow/example_dags/example_complex.py
[2024-03-11T15:44:47.754+0000] {processor.py:830} INFO - Processing file /usr/local/lib/python3.8/dist-packages/airflow/example_dags/example_complex.py for tasks to queue
[2024-03-11T15:44:47.756+0000] {logging_mixin.py:188} INFO - [2024-03-11T15:44:47.755+0000] {dagbag.py:540} INFO - Filling up the DagBag from /usr/local/lib/python3.8/dist-packages/airflow/example_dags/example_complex.py
[2024-03-11T15:44:47.768+0000] {processor.py:840} INFO - DAG(s) 'example_complex' retrieved from /usr/local/lib/python3.8/dist-packages/airflow/example_dags/example_complex.py
[2024-03-11T15:44:47.797+0000] {logging_mixin.py:188} INFO - [2024-03-11T15:44:47.796+0000] {dag.py:3047} INFO - Sync 1 DAGs
[2024-03-11T15:44:47.811+0000] {logging_mixin.py:188} INFO - [2024-03-11T15:44:47.810+0000] {dag.py:3834} INFO - Setting next_dagrun for example_complex to None, run_after=None
[2024-03-11T15:44:47.840+0000] {processor.py:183} INFO - Processing /usr/local/lib/python3.8/dist-packages/airflow/example_dags/example_complex.py took 0.092 seconds
[2024-03-11T15:45:44.470+0000] {processor.py:161} INFO - Started process (PID=837) to work on /usr/local/lib/python3.8/dist-packages/airflow/example_dags/example_complex.py
[2024-03-11T15:45:44.472+0000] {processor.py:830} INFO - Processing file /usr/local/lib/python3.8/dist-packages/airflow/example_dags/example_complex.py for tasks to queue
[2024-03-11T15:45:44.473+0000] {logging_mixin.py:188} INFO - [2024-03-11T15:45:44.473+0000] {dagbag.py:540} INFO - Filling up the DagBag from /usr/local/lib/python3.8/dist-packages/airflow/example_dags/example_complex.py
[2024-03-11T15:45:44.487+0000] {processor.py:840} INFO - DAG(s) 'example_complex' retrieved from /usr/local/lib/python3.8/dist-packages/airflow/example_dags/example_complex.py
[2024-03-11T15:45:44.516+0000] {logging_mixin.py:188} INFO - [2024-03-11T15:45:44.515+0000] {dag.py:3047} INFO - Sync 1 DAGs
[2024-03-11T15:45:44.529+0000] {logging_mixin.py:188} INFO - [2024-03-11T15:45:44.529+0000] {dag.py:3834} INFO - Setting next_dagrun for example_complex to None, run_after=None
[2024-03-11T15:45:44.560+0000] {processor.py:183} INFO - Processing /usr/local/lib/python3.8/dist-packages/airflow/example_dags/example_complex.py took 0.093 seconds
[2024-03-11T15:46:50.829+0000] {processor.py:161} INFO - Started process (PID=900) to work on /usr/local/lib/python3.8/dist-packages/airflow/example_dags/example_complex.py
[2024-03-11T15:46:50.831+0000] {processor.py:830} INFO - Processing file /usr/local/lib/python3.8/dist-packages/airflow/example_dags/example_complex.py for tasks to queue
[2024-03-11T15:46:50.832+0000] {logging_mixin.py:188} INFO - [2024-03-11T15:46:50.832+0000] {dagbag.py:540} INFO - Filling up the DagBag from /usr/local/lib/python3.8/dist-packages/airflow/example_dags/example_complex.py
[2024-03-11T15:46:50.846+0000] {processor.py:840} INFO - DAG(s) 'example_complex' retrieved from /usr/local/lib/python3.8/dist-packages/airflow/example_dags/example_complex.py
[2024-03-11T15:46:50.874+0000] {logging_mixin.py:188} INFO - [2024-03-11T15:46:50.874+0000] {dag.py:3047} INFO - Sync 1 DAGs
[2024-03-11T15:46:50.887+0000] {logging_mixin.py:188} INFO - [2024-03-11T15:46:50.887+0000] {dag.py:3834} INFO - Setting next_dagrun for example_complex to None, run_after=None
[2024-03-11T15:46:50.916+0000] {processor.py:183} INFO - Processing /usr/local/lib/python3.8/dist-packages/airflow/example_dags/example_complex.py took 0.090 seconds
[2024-03-11T15:47:48.177+0000] {processor.py:161} INFO - Started process (PID=955) to work on /usr/local/lib/python3.8/dist-packages/airflow/example_dags/example_complex.py
[2024-03-11T15:47:48.179+0000] {processor.py:830} INFO - Processing file /usr/local/lib/python3.8/dist-packages/airflow/example_dags/example_complex.py for tasks to queue
[2024-03-11T15:47:48.180+0000] {logging_mixin.py:188} INFO - [2024-03-11T15:47:48.180+0000] {dagbag.py:540} INFO - Filling up the DagBag from /usr/local/lib/python3.8/dist-packages/airflow/example_dags/example_complex.py
[2024-03-11T15:47:48.193+0000] {processor.py:840} INFO - DAG(s) 'example_complex' retrieved from /usr/local/lib/python3.8/dist-packages/airflow/example_dags/example_complex.py
[2024-03-11T15:47:48.222+0000] {logging_mixin.py:188} INFO - [2024-03-11T15:47:48.222+0000] {dag.py:3047} INFO - Sync 1 DAGs
[2024-03-11T15:47:48.235+0000] {logging_mixin.py:188} INFO - [2024-03-11T15:47:48.235+0000] {dag.py:3834} INFO - Setting next_dagrun for example_complex to None, run_after=None
[2024-03-11T15:47:48.271+0000] {processor.py:183} INFO - Processing /usr/local/lib/python3.8/dist-packages/airflow/example_dags/example_complex.py took 0.097 seconds
[2024-03-11T15:48:48.027+0000] {processor.py:161} INFO - Started process (PID=1014) to work on /usr/local/lib/python3.8/dist-packages/airflow/example_dags/example_complex.py
[2024-03-11T15:48:48.029+0000] {processor.py:830} INFO - Processing file /usr/local/lib/python3.8/dist-packages/airflow/example_dags/example_complex.py for tasks to queue
[2024-03-11T15:48:48.030+0000] {logging_mixin.py:188} INFO - [2024-03-11T15:48:48.030+0000] {dagbag.py:540} INFO - Filling up the DagBag from /usr/local/lib/python3.8/dist-packages/airflow/example_dags/example_complex.py
[2024-03-11T15:48:48.044+0000] {processor.py:840} INFO - DAG(s) 'example_complex' retrieved from /usr/local/lib/python3.8/dist-packages/airflow/example_dags/example_complex.py
[2024-03-11T15:48:48.073+0000] {logging_mixin.py:188} INFO - [2024-03-11T15:48:48.073+0000] {dag.py:3047} INFO - Sync 1 DAGs
[2024-03-11T15:48:48.086+0000] {logging_mixin.py:188} INFO - [2024-03-11T15:48:48.085+0000] {dag.py:3834} INFO - Setting next_dagrun for example_complex to None, run_after=None
[2024-03-11T15:48:48.116+0000] {processor.py:183} INFO - Processing /usr/local/lib/python3.8/dist-packages/airflow/example_dags/example_complex.py took 0.093 seconds
[2024-03-11T15:50:00.134+0000] {processor.py:161} INFO - Started process (PID=1082) to work on /usr/local/lib/python3.8/dist-packages/airflow/example_dags/example_complex.py
[2024-03-11T15:50:00.136+0000] {processor.py:830} INFO - Processing file /usr/local/lib/python3.8/dist-packages/airflow/example_dags/example_complex.py for tasks to queue
[2024-03-11T15:50:00.137+0000] {logging_mixin.py:188} INFO - [2024-03-11T15:50:00.137+0000] {dagbag.py:540} INFO - Filling up the DagBag from /usr/local/lib/python3.8/dist-packages/airflow/example_dags/example_complex.py
[2024-03-11T15:50:00.150+0000] {processor.py:840} INFO - DAG(s) 'example_complex' retrieved from /usr/local/lib/python3.8/dist-packages/airflow/example_dags/example_complex.py
[2024-03-11T15:50:00.179+0000] {logging_mixin.py:188} INFO - [2024-03-11T15:50:00.179+0000] {dag.py:3047} INFO - Sync 1 DAGs
[2024-03-11T15:50:00.192+0000] {logging_mixin.py:188} INFO - [2024-03-11T15:50:00.191+0000] {dag.py:3834} INFO - Setting next_dagrun for example_complex to None, run_after=None
[2024-03-11T15:50:00.224+0000] {processor.py:183} INFO - Processing /usr/local/lib/python3.8/dist-packages/airflow/example_dags/example_complex.py took 0.093 seconds
[2024-03-11T15:51:08.916+0000] {processor.py:161} INFO - Started process (PID=1149) to work on /usr/local/lib/python3.8/dist-packages/airflow/example_dags/example_complex.py
[2024-03-11T15:51:08.919+0000] {processor.py:830} INFO - Processing file /usr/local/lib/python3.8/dist-packages/airflow/example_dags/example_complex.py for tasks to queue
[2024-03-11T15:51:08.920+0000] {logging_mixin.py:188} INFO - [2024-03-11T15:51:08.919+0000] {dagbag.py:540} INFO - Filling up the DagBag from /usr/local/lib/python3.8/dist-packages/airflow/example_dags/example_complex.py
[2024-03-11T15:51:08.932+0000] {processor.py:840} INFO - DAG(s) 'example_complex' retrieved from /usr/local/lib/python3.8/dist-packages/airflow/example_dags/example_complex.py
[2024-03-11T15:51:08.962+0000] {logging_mixin.py:188} INFO - [2024-03-11T15:51:08.962+0000] {dag.py:3047} INFO - Sync 1 DAGs
[2024-03-11T15:51:08.975+0000] {logging_mixin.py:188} INFO - [2024-03-11T15:51:08.974+0000] {dag.py:3834} INFO - Setting next_dagrun for example_complex to None, run_after=None
[2024-03-11T15:51:09.005+0000] {processor.py:183} INFO - Processing /usr/local/lib/python3.8/dist-packages/airflow/example_dags/example_complex.py took 0.092 seconds
[2024-03-11T15:52:14.929+0000] {processor.py:161} INFO - Started process (PID=1232) to work on /usr/local/lib/python3.8/dist-packages/airflow/example_dags/example_complex.py
[2024-03-11T15:52:14.931+0000] {processor.py:830} INFO - Processing file /usr/local/lib/python3.8/dist-packages/airflow/example_dags/example_complex.py for tasks to queue
[2024-03-11T15:52:14.932+0000] {logging_mixin.py:188} INFO - [2024-03-11T15:52:14.931+0000] {dagbag.py:540} INFO - Filling up the DagBag from /usr/local/lib/python3.8/dist-packages/airflow/example_dags/example_complex.py
[2024-03-11T15:52:14.944+0000] {processor.py:840} INFO - DAG(s) 'example_complex' retrieved from /usr/local/lib/python3.8/dist-packages/airflow/example_dags/example_complex.py
[2024-03-11T15:52:14.975+0000] {logging_mixin.py:188} INFO - [2024-03-11T15:52:14.974+0000] {dag.py:3047} INFO - Sync 1 DAGs
[2024-03-11T15:52:14.987+0000] {logging_mixin.py:188} INFO - [2024-03-11T15:52:14.987+0000] {dag.py:3834} INFO - Setting next_dagrun for example_complex to None, run_after=None
[2024-03-11T15:52:15.018+0000] {processor.py:183} INFO - Processing /usr/local/lib/python3.8/dist-packages/airflow/example_dags/example_complex.py took 0.093 seconds
[2024-03-11T15:53:23.407+0000] {processor.py:161} INFO - Started process (PID=1300) to work on /usr/local/lib/python3.8/dist-packages/airflow/example_dags/example_complex.py
[2024-03-11T15:53:23.409+0000] {processor.py:830} INFO - Processing file /usr/local/lib/python3.8/dist-packages/airflow/example_dags/example_complex.py for tasks to queue
[2024-03-11T15:53:23.410+0000] {logging_mixin.py:188} INFO - [2024-03-11T15:53:23.409+0000] {dagbag.py:540} INFO - Filling up the DagBag from /usr/local/lib/python3.8/dist-packages/airflow/example_dags/example_complex.py
[2024-03-11T15:53:23.422+0000] {processor.py:840} INFO - DAG(s) 'example_complex' retrieved from /usr/local/lib/python3.8/dist-packages/airflow/example_dags/example_complex.py
[2024-03-11T15:53:23.452+0000] {logging_mixin.py:188} INFO - [2024-03-11T15:53:23.452+0000] {dag.py:3047} INFO - Sync 1 DAGs
[2024-03-11T15:53:23.464+0000] {logging_mixin.py:188} INFO - [2024-03-11T15:53:23.464+0000] {dag.py:3834} INFO - Setting next_dagrun for example_complex to None, run_after=None
[2024-03-11T15:53:23.495+0000] {processor.py:183} INFO - Processing /usr/local/lib/python3.8/dist-packages/airflow/example_dags/example_complex.py took 0.091 seconds
[2024-03-11T15:54:37.898+0000] {processor.py:161} INFO - Started process (PID=1391) to work on /usr/local/lib/python3.8/dist-packages/airflow/example_dags/example_complex.py
[2024-03-11T15:54:37.900+0000] {processor.py:830} INFO - Processing file /usr/local/lib/python3.8/dist-packages/airflow/example_dags/example_complex.py for tasks to queue
[2024-03-11T15:54:37.901+0000] {logging_mixin.py:188} INFO - [2024-03-11T15:54:37.900+0000] {dagbag.py:540} INFO - Filling up the DagBag from /usr/local/lib/python3.8/dist-packages/airflow/example_dags/example_complex.py
[2024-03-11T15:54:37.913+0000] {processor.py:840} INFO - DAG(s) 'example_complex' retrieved from /usr/local/lib/python3.8/dist-packages/airflow/example_dags/example_complex.py
[2024-03-11T15:54:38.038+0000] {logging_mixin.py:188} INFO - [2024-03-11T15:54:38.038+0000] {dag.py:3047} INFO - Sync 1 DAGs
[2024-03-11T15:54:38.049+0000] {logging_mixin.py:188} INFO - [2024-03-11T15:54:38.049+0000] {dag.py:3834} INFO - Setting next_dagrun for example_complex to None, run_after=None
[2024-03-11T15:54:38.088+0000] {processor.py:183} INFO - Processing /usr/local/lib/python3.8/dist-packages/airflow/example_dags/example_complex.py took 0.193 seconds
[2024-03-11T15:56:20.047+0000] {processor.py:161} INFO - Started process (PID=1490) to work on /usr/local/lib/python3.8/dist-packages/airflow/example_dags/example_complex.py
[2024-03-11T15:56:20.049+0000] {processor.py:830} INFO - Processing file /usr/local/lib/python3.8/dist-packages/airflow/example_dags/example_complex.py for tasks to queue
[2024-03-11T15:56:20.050+0000] {logging_mixin.py:188} INFO - [2024-03-11T15:56:20.049+0000] {dagbag.py:540} INFO - Filling up the DagBag from /usr/local/lib/python3.8/dist-packages/airflow/example_dags/example_complex.py
[2024-03-11T15:56:20.062+0000] {processor.py:840} INFO - DAG(s) 'example_complex' retrieved from /usr/local/lib/python3.8/dist-packages/airflow/example_dags/example_complex.py
[2024-03-11T15:56:20.094+0000] {logging_mixin.py:188} INFO - [2024-03-11T15:56:20.094+0000] {dag.py:3047} INFO - Sync 1 DAGs
[2024-03-11T15:56:20.107+0000] {logging_mixin.py:188} INFO - [2024-03-11T15:56:20.106+0000] {dag.py:3834} INFO - Setting next_dagrun for example_complex to None, run_after=None
[2024-03-11T15:56:20.136+0000] {processor.py:183} INFO - Processing /usr/local/lib/python3.8/dist-packages/airflow/example_dags/example_complex.py took 0.093 seconds
[2024-03-11T15:57:16.096+0000] {processor.py:161} INFO - Started process (PID=1542) to work on /usr/local/lib/python3.8/dist-packages/airflow/example_dags/example_complex.py
[2024-03-11T15:57:16.098+0000] {processor.py:830} INFO - Processing file /usr/local/lib/python3.8/dist-packages/airflow/example_dags/example_complex.py for tasks to queue
[2024-03-11T15:57:16.099+0000] {logging_mixin.py:188} INFO - [2024-03-11T15:57:16.099+0000] {dagbag.py:540} INFO - Filling up the DagBag from /usr/local/lib/python3.8/dist-packages/airflow/example_dags/example_complex.py
[2024-03-11T15:57:16.112+0000] {processor.py:840} INFO - DAG(s) 'example_complex' retrieved from /usr/local/lib/python3.8/dist-packages/airflow/example_dags/example_complex.py
[2024-03-11T15:57:16.142+0000] {logging_mixin.py:188} INFO - [2024-03-11T15:57:16.141+0000] {dag.py:3047} INFO - Sync 1 DAGs
[2024-03-11T15:57:16.155+0000] {logging_mixin.py:188} INFO - [2024-03-11T15:57:16.154+0000] {dag.py:3834} INFO - Setting next_dagrun for example_complex to None, run_after=None
[2024-03-11T15:57:16.185+0000] {processor.py:183} INFO - Processing /usr/local/lib/python3.8/dist-packages/airflow/example_dags/example_complex.py took 0.093 seconds
[2024-03-11T15:58:32.358+0000] {processor.py:161} INFO - Started process (PID=1805) to work on /usr/local/lib/python3.8/dist-packages/airflow/example_dags/example_complex.py
[2024-03-11T15:58:32.360+0000] {processor.py:830} INFO - Processing file /usr/local/lib/python3.8/dist-packages/airflow/example_dags/example_complex.py for tasks to queue
[2024-03-11T15:58:32.361+0000] {logging_mixin.py:188} INFO - [2024-03-11T15:58:32.361+0000] {dagbag.py:540} INFO - Filling up the DagBag from /usr/local/lib/python3.8/dist-packages/airflow/example_dags/example_complex.py
[2024-03-11T15:58:32.371+0000] {processor.py:840} INFO - DAG(s) 'example_complex' retrieved from /usr/local/lib/python3.8/dist-packages/airflow/example_dags/example_complex.py
[2024-03-11T15:58:32.392+0000] {logging_mixin.py:188} INFO - [2024-03-11T15:58:32.392+0000] {dag.py:3047} INFO - Sync 1 DAGs
[2024-03-11T15:58:32.402+0000] {logging_mixin.py:188} INFO - [2024-03-11T15:58:32.401+0000] {dag.py:3834} INFO - Setting next_dagrun for example_complex to None, run_after=None
[2024-03-11T15:58:32.429+0000] {processor.py:183} INFO - Processing /usr/local/lib/python3.8/dist-packages/airflow/example_dags/example_complex.py took 0.073 seconds
[2024-03-11T16:09:14.896+0000] {processor.py:161} INFO - Started process (PID=465) to work on /usr/local/lib/python3.8/dist-packages/airflow/example_dags/example_complex.py
[2024-03-11T16:09:14.898+0000] {processor.py:830} INFO - Processing file /usr/local/lib/python3.8/dist-packages/airflow/example_dags/example_complex.py for tasks to queue
[2024-03-11T16:09:14.899+0000] {logging_mixin.py:188} INFO - [2024-03-11T16:09:14.899+0000] {dagbag.py:540} INFO - Filling up the DagBag from /usr/local/lib/python3.8/dist-packages/airflow/example_dags/example_complex.py
[2024-03-11T16:09:14.912+0000] {processor.py:840} INFO - DAG(s) 'example_complex' retrieved from /usr/local/lib/python3.8/dist-packages/airflow/example_dags/example_complex.py
[2024-03-11T16:09:14.945+0000] {logging_mixin.py:188} INFO - [2024-03-11T16:09:14.945+0000] {dag.py:3047} INFO - Sync 1 DAGs
[2024-03-11T16:09:14.958+0000] {logging_mixin.py:188} INFO - [2024-03-11T16:09:14.958+0000] {dag.py:3834} INFO - Setting next_dagrun for example_complex to None, run_after=None
[2024-03-11T16:09:14.991+0000] {processor.py:183} INFO - Processing /usr/local/lib/python3.8/dist-packages/airflow/example_dags/example_complex.py took 0.098 seconds
[2024-03-11T16:10:08.548+0000] {processor.py:161} INFO - Started process (PID=518) to work on /usr/local/lib/python3.8/dist-packages/airflow/example_dags/example_complex.py
[2024-03-11T16:10:08.551+0000] {processor.py:830} INFO - Processing file /usr/local/lib/python3.8/dist-packages/airflow/example_dags/example_complex.py for tasks to queue
[2024-03-11T16:10:08.552+0000] {logging_mixin.py:188} INFO - [2024-03-11T16:10:08.551+0000] {dagbag.py:540} INFO - Filling up the DagBag from /usr/local/lib/python3.8/dist-packages/airflow/example_dags/example_complex.py
[2024-03-11T16:10:08.564+0000] {processor.py:840} INFO - DAG(s) 'example_complex' retrieved from /usr/local/lib/python3.8/dist-packages/airflow/example_dags/example_complex.py
[2024-03-11T16:10:08.595+0000] {logging_mixin.py:188} INFO - [2024-03-11T16:10:08.595+0000] {dag.py:3047} INFO - Sync 1 DAGs
[2024-03-11T16:10:08.608+0000] {logging_mixin.py:188} INFO - [2024-03-11T16:10:08.608+0000] {dag.py:3834} INFO - Setting next_dagrun for example_complex to None, run_after=None
[2024-03-11T16:10:08.638+0000] {processor.py:183} INFO - Processing /usr/local/lib/python3.8/dist-packages/airflow/example_dags/example_complex.py took 0.093 seconds
[2024-03-11T16:11:19.129+0000] {processor.py:161} INFO - Started process (PID=590) to work on /usr/local/lib/python3.8/dist-packages/airflow/example_dags/example_complex.py
[2024-03-11T16:11:19.132+0000] {processor.py:830} INFO - Processing file /usr/local/lib/python3.8/dist-packages/airflow/example_dags/example_complex.py for tasks to queue
[2024-03-11T16:11:19.132+0000] {logging_mixin.py:188} INFO - [2024-03-11T16:11:19.132+0000] {dagbag.py:540} INFO - Filling up the DagBag from /usr/local/lib/python3.8/dist-packages/airflow/example_dags/example_complex.py
[2024-03-11T16:11:19.141+0000] {processor.py:840} INFO - DAG(s) 'example_complex' retrieved from /usr/local/lib/python3.8/dist-packages/airflow/example_dags/example_complex.py
[2024-03-11T16:11:19.164+0000] {logging_mixin.py:188} INFO - [2024-03-11T16:11:19.164+0000] {dag.py:3047} INFO - Sync 1 DAGs
[2024-03-11T16:11:19.173+0000] {logging_mixin.py:188} INFO - [2024-03-11T16:11:19.173+0000] {dag.py:3834} INFO - Setting next_dagrun for example_complex to None, run_after=None
[2024-03-11T16:11:19.198+0000] {processor.py:183} INFO - Processing /usr/local/lib/python3.8/dist-packages/airflow/example_dags/example_complex.py took 0.071 seconds
[2024-03-11T16:12:23.389+0000] {processor.py:161} INFO - Started process (PID=658) to work on /usr/local/lib/python3.8/dist-packages/airflow/example_dags/example_complex.py
[2024-03-11T16:12:23.391+0000] {processor.py:830} INFO - Processing file /usr/local/lib/python3.8/dist-packages/airflow/example_dags/example_complex.py for tasks to queue
[2024-03-11T16:12:23.392+0000] {logging_mixin.py:188} INFO - [2024-03-11T16:12:23.392+0000] {dagbag.py:540} INFO - Filling up the DagBag from /usr/local/lib/python3.8/dist-packages/airflow/example_dags/example_complex.py
[2024-03-11T16:12:23.406+0000] {processor.py:840} INFO - DAG(s) 'example_complex' retrieved from /usr/local/lib/python3.8/dist-packages/airflow/example_dags/example_complex.py
[2024-03-11T16:12:23.434+0000] {logging_mixin.py:188} INFO - [2024-03-11T16:12:23.434+0000] {dag.py:3047} INFO - Sync 1 DAGs
[2024-03-11T16:12:23.447+0000] {logging_mixin.py:188} INFO - [2024-03-11T16:12:23.447+0000] {dag.py:3834} INFO - Setting next_dagrun for example_complex to None, run_after=None
[2024-03-11T16:12:23.478+0000] {processor.py:183} INFO - Processing /usr/local/lib/python3.8/dist-packages/airflow/example_dags/example_complex.py took 0.092 seconds
[2024-03-11T16:13:57.742+0000] {processor.py:161} INFO - Started process (PID=765) to work on /usr/local/lib/python3.8/dist-packages/airflow/example_dags/example_complex.py
[2024-03-11T16:13:57.744+0000] {processor.py:830} INFO - Processing file /usr/local/lib/python3.8/dist-packages/airflow/example_dags/example_complex.py for tasks to queue
[2024-03-11T16:13:57.745+0000] {logging_mixin.py:188} INFO - [2024-03-11T16:13:57.745+0000] {dagbag.py:540} INFO - Filling up the DagBag from /usr/local/lib/python3.8/dist-packages/airflow/example_dags/example_complex.py
[2024-03-11T16:13:57.759+0000] {processor.py:840} INFO - DAG(s) 'example_complex' retrieved from /usr/local/lib/python3.8/dist-packages/airflow/example_dags/example_complex.py
[2024-03-11T16:13:57.787+0000] {logging_mixin.py:188} INFO - [2024-03-11T16:13:57.787+0000] {dag.py:3047} INFO - Sync 1 DAGs
[2024-03-11T16:13:57.801+0000] {logging_mixin.py:188} INFO - [2024-03-11T16:13:57.801+0000] {dag.py:3834} INFO - Setting next_dagrun for example_complex to None, run_after=None
[2024-03-11T16:13:57.831+0000] {processor.py:183} INFO - Processing /usr/local/lib/python3.8/dist-packages/airflow/example_dags/example_complex.py took 0.093 seconds
[2024-03-11T16:15:06.885+0000] {processor.py:161} INFO - Started process (PID=836) to work on /usr/local/lib/python3.8/dist-packages/airflow/example_dags/example_complex.py
[2024-03-11T16:15:06.887+0000] {processor.py:830} INFO - Processing file /usr/local/lib/python3.8/dist-packages/airflow/example_dags/example_complex.py for tasks to queue
[2024-03-11T16:15:06.888+0000] {logging_mixin.py:188} INFO - [2024-03-11T16:15:06.888+0000] {dagbag.py:540} INFO - Filling up the DagBag from /usr/local/lib/python3.8/dist-packages/airflow/example_dags/example_complex.py
[2024-03-11T16:15:06.902+0000] {processor.py:840} INFO - DAG(s) 'example_complex' retrieved from /usr/local/lib/python3.8/dist-packages/airflow/example_dags/example_complex.py
[2024-03-11T16:15:06.931+0000] {logging_mixin.py:188} INFO - [2024-03-11T16:15:06.931+0000] {dag.py:3047} INFO - Sync 1 DAGs
[2024-03-11T16:15:06.943+0000] {logging_mixin.py:188} INFO - [2024-03-11T16:15:06.943+0000] {dag.py:3834} INFO - Setting next_dagrun for example_complex to None, run_after=None
[2024-03-11T16:15:06.974+0000] {processor.py:183} INFO - Processing /usr/local/lib/python3.8/dist-packages/airflow/example_dags/example_complex.py took 0.092 seconds
[2024-03-11T16:16:17.609+0000] {processor.py:161} INFO - Started process (PID=906) to work on /usr/local/lib/python3.8/dist-packages/airflow/example_dags/example_complex.py
[2024-03-11T16:16:17.611+0000] {processor.py:830} INFO - Processing file /usr/local/lib/python3.8/dist-packages/airflow/example_dags/example_complex.py for tasks to queue
[2024-03-11T16:16:17.612+0000] {logging_mixin.py:188} INFO - [2024-03-11T16:16:17.611+0000] {dagbag.py:540} INFO - Filling up the DagBag from /usr/local/lib/python3.8/dist-packages/airflow/example_dags/example_complex.py
[2024-03-11T16:16:17.624+0000] {processor.py:840} INFO - DAG(s) 'example_complex' retrieved from /usr/local/lib/python3.8/dist-packages/airflow/example_dags/example_complex.py
[2024-03-11T16:16:17.654+0000] {logging_mixin.py:188} INFO - [2024-03-11T16:16:17.653+0000] {dag.py:3047} INFO - Sync 1 DAGs
[2024-03-11T16:16:17.666+0000] {logging_mixin.py:188} INFO - [2024-03-11T16:16:17.666+0000] {dag.py:3834} INFO - Setting next_dagrun for example_complex to None, run_after=None
[2024-03-11T16:16:17.696+0000] {processor.py:183} INFO - Processing /usr/local/lib/python3.8/dist-packages/airflow/example_dags/example_complex.py took 0.090 seconds
[2024-03-11T16:17:27.942+0000] {processor.py:161} INFO - Started process (PID=977) to work on /usr/local/lib/python3.8/dist-packages/airflow/example_dags/example_complex.py
[2024-03-11T16:17:27.944+0000] {processor.py:830} INFO - Processing file /usr/local/lib/python3.8/dist-packages/airflow/example_dags/example_complex.py for tasks to queue
[2024-03-11T16:17:27.945+0000] {logging_mixin.py:188} INFO - [2024-03-11T16:17:27.945+0000] {dagbag.py:540} INFO - Filling up the DagBag from /usr/local/lib/python3.8/dist-packages/airflow/example_dags/example_complex.py
[2024-03-11T16:17:27.958+0000] {processor.py:840} INFO - DAG(s) 'example_complex' retrieved from /usr/local/lib/python3.8/dist-packages/airflow/example_dags/example_complex.py
[2024-03-11T16:17:27.988+0000] {logging_mixin.py:188} INFO - [2024-03-11T16:17:27.987+0000] {dag.py:3047} INFO - Sync 1 DAGs
[2024-03-11T16:17:28.000+0000] {logging_mixin.py:188} INFO - [2024-03-11T16:17:28.000+0000] {dag.py:3834} INFO - Setting next_dagrun for example_complex to None, run_after=None
[2024-03-11T16:17:28.030+0000] {processor.py:183} INFO - Processing /usr/local/lib/python3.8/dist-packages/airflow/example_dags/example_complex.py took 0.091 seconds
[2024-03-11T16:18:42.239+0000] {processor.py:161} INFO - Started process (PID=1048) to work on /usr/local/lib/python3.8/dist-packages/airflow/example_dags/example_complex.py
[2024-03-11T16:18:42.241+0000] {processor.py:830} INFO - Processing file /usr/local/lib/python3.8/dist-packages/airflow/example_dags/example_complex.py for tasks to queue
[2024-03-11T16:18:42.242+0000] {logging_mixin.py:188} INFO - [2024-03-11T16:18:42.242+0000] {dagbag.py:540} INFO - Filling up the DagBag from /usr/local/lib/python3.8/dist-packages/airflow/example_dags/example_complex.py
[2024-03-11T16:18:42.255+0000] {processor.py:840} INFO - DAG(s) 'example_complex' retrieved from /usr/local/lib/python3.8/dist-packages/airflow/example_dags/example_complex.py
[2024-03-11T16:18:42.284+0000] {logging_mixin.py:188} INFO - [2024-03-11T16:18:42.284+0000] {dag.py:3047} INFO - Sync 1 DAGs
[2024-03-11T16:18:42.297+0000] {logging_mixin.py:188} INFO - [2024-03-11T16:18:42.297+0000] {dag.py:3834} INFO - Setting next_dagrun for example_complex to None, run_after=None
[2024-03-11T16:18:42.327+0000] {processor.py:183} INFO - Processing /usr/local/lib/python3.8/dist-packages/airflow/example_dags/example_complex.py took 0.091 seconds
[2024-03-11T16:19:48.405+0000] {processor.py:161} INFO - Started process (PID=1118) to work on /usr/local/lib/python3.8/dist-packages/airflow/example_dags/example_complex.py
[2024-03-11T16:19:48.407+0000] {processor.py:830} INFO - Processing file /usr/local/lib/python3.8/dist-packages/airflow/example_dags/example_complex.py for tasks to queue
[2024-03-11T16:19:48.409+0000] {logging_mixin.py:188} INFO - [2024-03-11T16:19:48.408+0000] {dagbag.py:540} INFO - Filling up the DagBag from /usr/local/lib/python3.8/dist-packages/airflow/example_dags/example_complex.py
[2024-03-11T16:19:48.421+0000] {processor.py:840} INFO - DAG(s) 'example_complex' retrieved from /usr/local/lib/python3.8/dist-packages/airflow/example_dags/example_complex.py
[2024-03-11T16:19:48.453+0000] {logging_mixin.py:188} INFO - [2024-03-11T16:19:48.453+0000] {dag.py:3047} INFO - Sync 1 DAGs
[2024-03-11T16:19:48.465+0000] {logging_mixin.py:188} INFO - [2024-03-11T16:19:48.465+0000] {dag.py:3834} INFO - Setting next_dagrun for example_complex to None, run_after=None
[2024-03-11T16:19:48.495+0000] {processor.py:183} INFO - Processing /usr/local/lib/python3.8/dist-packages/airflow/example_dags/example_complex.py took 0.093 seconds
[2024-03-11T16:20:41.576+0000] {processor.py:161} INFO - Started process (PID=1203) to work on /usr/local/lib/python3.8/dist-packages/airflow/example_dags/example_complex.py
[2024-03-11T16:20:41.578+0000] {processor.py:830} INFO - Processing file /usr/local/lib/python3.8/dist-packages/airflow/example_dags/example_complex.py for tasks to queue
[2024-03-11T16:20:41.580+0000] {logging_mixin.py:188} INFO - [2024-03-11T16:20:41.579+0000] {dagbag.py:540} INFO - Filling up the DagBag from /usr/local/lib/python3.8/dist-packages/airflow/example_dags/example_complex.py
[2024-03-11T16:20:41.593+0000] {processor.py:840} INFO - DAG(s) 'example_complex' retrieved from /usr/local/lib/python3.8/dist-packages/airflow/example_dags/example_complex.py
[2024-03-11T16:20:41.621+0000] {logging_mixin.py:188} INFO - [2024-03-11T16:20:41.621+0000] {dag.py:3047} INFO - Sync 1 DAGs
[2024-03-11T16:20:41.635+0000] {logging_mixin.py:188} INFO - [2024-03-11T16:20:41.635+0000] {dag.py:3834} INFO - Setting next_dagrun for example_complex to None, run_after=None
[2024-03-11T16:20:41.665+0000] {processor.py:183} INFO - Processing /usr/local/lib/python3.8/dist-packages/airflow/example_dags/example_complex.py took 0.092 seconds
[2024-03-11T16:21:51.778+0000] {processor.py:161} INFO - Started process (PID=1298) to work on /usr/local/lib/python3.8/dist-packages/airflow/example_dags/example_complex.py
[2024-03-11T16:21:51.780+0000] {processor.py:830} INFO - Processing file /usr/local/lib/python3.8/dist-packages/airflow/example_dags/example_complex.py for tasks to queue
[2024-03-11T16:21:51.781+0000] {logging_mixin.py:188} INFO - [2024-03-11T16:21:51.780+0000] {dagbag.py:540} INFO - Filling up the DagBag from /usr/local/lib/python3.8/dist-packages/airflow/example_dags/example_complex.py
[2024-03-11T16:21:51.793+0000] {processor.py:840} INFO - DAG(s) 'example_complex' retrieved from /usr/local/lib/python3.8/dist-packages/airflow/example_dags/example_complex.py
[2024-03-11T16:21:51.823+0000] {logging_mixin.py:188} INFO - [2024-03-11T16:21:51.823+0000] {dag.py:3047} INFO - Sync 1 DAGs
[2024-03-11T16:21:51.836+0000] {logging_mixin.py:188} INFO - [2024-03-11T16:21:51.836+0000] {dag.py:3834} INFO - Setting next_dagrun for example_complex to None, run_after=None
[2024-03-11T16:21:51.867+0000] {processor.py:183} INFO - Processing /usr/local/lib/python3.8/dist-packages/airflow/example_dags/example_complex.py took 0.093 seconds
[2024-03-11T16:23:39.225+0000] {processor.py:161} INFO - Started process (PID=1435) to work on /usr/local/lib/python3.8/dist-packages/airflow/example_dags/example_complex.py
[2024-03-11T16:23:39.228+0000] {processor.py:830} INFO - Processing file /usr/local/lib/python3.8/dist-packages/airflow/example_dags/example_complex.py for tasks to queue
[2024-03-11T16:23:39.229+0000] {logging_mixin.py:188} INFO - [2024-03-11T16:23:39.228+0000] {dagbag.py:540} INFO - Filling up the DagBag from /usr/local/lib/python3.8/dist-packages/airflow/example_dags/example_complex.py
[2024-03-11T16:23:39.241+0000] {processor.py:840} INFO - DAG(s) 'example_complex' retrieved from /usr/local/lib/python3.8/dist-packages/airflow/example_dags/example_complex.py
[2024-03-11T16:23:39.271+0000] {logging_mixin.py:188} INFO - [2024-03-11T16:23:39.271+0000] {dag.py:3047} INFO - Sync 1 DAGs
[2024-03-11T16:23:39.284+0000] {logging_mixin.py:188} INFO - [2024-03-11T16:23:39.283+0000] {dag.py:3834} INFO - Setting next_dagrun for example_complex to None, run_after=None
[2024-03-11T16:23:39.314+0000] {processor.py:183} INFO - Processing /usr/local/lib/python3.8/dist-packages/airflow/example_dags/example_complex.py took 0.092 seconds
[2024-03-11T16:24:33.284+0000] {processor.py:161} INFO - Started process (PID=1487) to work on /usr/local/lib/python3.8/dist-packages/airflow/example_dags/example_complex.py
[2024-03-11T16:24:33.286+0000] {processor.py:830} INFO - Processing file /usr/local/lib/python3.8/dist-packages/airflow/example_dags/example_complex.py for tasks to queue
[2024-03-11T16:24:33.288+0000] {logging_mixin.py:188} INFO - [2024-03-11T16:24:33.287+0000] {dagbag.py:540} INFO - Filling up the DagBag from /usr/local/lib/python3.8/dist-packages/airflow/example_dags/example_complex.py
[2024-03-11T16:24:33.301+0000] {processor.py:840} INFO - DAG(s) 'example_complex' retrieved from /usr/local/lib/python3.8/dist-packages/airflow/example_dags/example_complex.py
[2024-03-11T16:24:33.329+0000] {logging_mixin.py:188} INFO - [2024-03-11T16:24:33.329+0000] {dag.py:3047} INFO - Sync 1 DAGs
[2024-03-11T16:24:33.343+0000] {logging_mixin.py:188} INFO - [2024-03-11T16:24:33.343+0000] {dag.py:3834} INFO - Setting next_dagrun for example_complex to None, run_after=None
[2024-03-11T16:24:33.373+0000] {processor.py:183} INFO - Processing /usr/local/lib/python3.8/dist-packages/airflow/example_dags/example_complex.py took 0.092 seconds
[2024-03-11T16:25:35.008+0000] {processor.py:161} INFO - Started process (PID=1552) to work on /usr/local/lib/python3.8/dist-packages/airflow/example_dags/example_complex.py
[2024-03-11T16:25:35.010+0000] {processor.py:830} INFO - Processing file /usr/local/lib/python3.8/dist-packages/airflow/example_dags/example_complex.py for tasks to queue
[2024-03-11T16:25:35.011+0000] {logging_mixin.py:188} INFO - [2024-03-11T16:25:35.010+0000] {dagbag.py:540} INFO - Filling up the DagBag from /usr/local/lib/python3.8/dist-packages/airflow/example_dags/example_complex.py
[2024-03-11T16:25:35.023+0000] {processor.py:840} INFO - DAG(s) 'example_complex' retrieved from /usr/local/lib/python3.8/dist-packages/airflow/example_dags/example_complex.py
[2024-03-11T16:25:35.055+0000] {logging_mixin.py:188} INFO - [2024-03-11T16:25:35.054+0000] {dag.py:3047} INFO - Sync 1 DAGs
[2024-03-11T16:25:35.067+0000] {logging_mixin.py:188} INFO - [2024-03-11T16:25:35.067+0000] {dag.py:3834} INFO - Setting next_dagrun for example_complex to None, run_after=None
[2024-03-11T16:25:35.097+0000] {processor.py:183} INFO - Processing /usr/local/lib/python3.8/dist-packages/airflow/example_dags/example_complex.py took 0.093 seconds
[2024-03-11T16:28:07.932+0000] {processor.py:161} INFO - Started process (PID=1642) to work on /usr/local/lib/python3.8/dist-packages/airflow/example_dags/example_complex.py
[2024-03-11T16:28:07.934+0000] {processor.py:830} INFO - Processing file /usr/local/lib/python3.8/dist-packages/airflow/example_dags/example_complex.py for tasks to queue
[2024-03-11T16:28:07.935+0000] {logging_mixin.py:188} INFO - [2024-03-11T16:28:07.935+0000] {dagbag.py:540} INFO - Filling up the DagBag from /usr/local/lib/python3.8/dist-packages/airflow/example_dags/example_complex.py
[2024-03-11T16:28:07.949+0000] {processor.py:840} INFO - DAG(s) 'example_complex' retrieved from /usr/local/lib/python3.8/dist-packages/airflow/example_dags/example_complex.py
[2024-03-11T16:28:07.981+0000] {logging_mixin.py:188} INFO - [2024-03-11T16:28:07.981+0000] {dag.py:3047} INFO - Sync 1 DAGs
[2024-03-11T16:28:07.994+0000] {logging_mixin.py:188} INFO - [2024-03-11T16:28:07.994+0000] {dag.py:3834} INFO - Setting next_dagrun for example_complex to None, run_after=None
[2024-03-11T16:28:08.025+0000] {processor.py:183} INFO - Processing /usr/local/lib/python3.8/dist-packages/airflow/example_dags/example_complex.py took 0.096 seconds
[2024-03-11T16:29:04.754+0000] {processor.py:161} INFO - Started process (PID=1703) to work on /usr/local/lib/python3.8/dist-packages/airflow/example_dags/example_complex.py
[2024-03-11T16:29:04.756+0000] {processor.py:830} INFO - Processing file /usr/local/lib/python3.8/dist-packages/airflow/example_dags/example_complex.py for tasks to queue
[2024-03-11T16:29:04.757+0000] {logging_mixin.py:188} INFO - [2024-03-11T16:29:04.757+0000] {dagbag.py:540} INFO - Filling up the DagBag from /usr/local/lib/python3.8/dist-packages/airflow/example_dags/example_complex.py
[2024-03-11T16:29:04.771+0000] {processor.py:840} INFO - DAG(s) 'example_complex' retrieved from /usr/local/lib/python3.8/dist-packages/airflow/example_dags/example_complex.py
[2024-03-11T16:29:04.802+0000] {logging_mixin.py:188} INFO - [2024-03-11T16:29:04.802+0000] {dag.py:3047} INFO - Sync 1 DAGs
[2024-03-11T16:29:04.816+0000] {logging_mixin.py:188} INFO - [2024-03-11T16:29:04.815+0000] {dag.py:3834} INFO - Setting next_dagrun for example_complex to None, run_after=None
[2024-03-11T16:29:04.846+0000] {processor.py:183} INFO - Processing /usr/local/lib/python3.8/dist-packages/airflow/example_dags/example_complex.py took 0.096 seconds
[2024-03-11T16:30:05.768+0000] {processor.py:161} INFO - Started process (PID=1769) to work on /usr/local/lib/python3.8/dist-packages/airflow/example_dags/example_complex.py
[2024-03-11T16:30:05.771+0000] {processor.py:830} INFO - Processing file /usr/local/lib/python3.8/dist-packages/airflow/example_dags/example_complex.py for tasks to queue
[2024-03-11T16:30:05.772+0000] {logging_mixin.py:188} INFO - [2024-03-11T16:30:05.771+0000] {dagbag.py:540} INFO - Filling up the DagBag from /usr/local/lib/python3.8/dist-packages/airflow/example_dags/example_complex.py
[2024-03-11T16:30:05.785+0000] {processor.py:840} INFO - DAG(s) 'example_complex' retrieved from /usr/local/lib/python3.8/dist-packages/airflow/example_dags/example_complex.py
[2024-03-11T16:30:05.817+0000] {logging_mixin.py:188} INFO - [2024-03-11T16:30:05.816+0000] {dag.py:3047} INFO - Sync 1 DAGs
[2024-03-11T16:30:05.830+0000] {logging_mixin.py:188} INFO - [2024-03-11T16:30:05.830+0000] {dag.py:3834} INFO - Setting next_dagrun for example_complex to None, run_after=None
[2024-03-11T16:30:05.863+0000] {processor.py:183} INFO - Processing /usr/local/lib/python3.8/dist-packages/airflow/example_dags/example_complex.py took 0.099 seconds
[2024-03-11T16:30:57.461+0000] {processor.py:161} INFO - Started process (PID=1827) to work on /usr/local/lib/python3.8/dist-packages/airflow/example_dags/example_complex.py
[2024-03-11T16:30:57.464+0000] {processor.py:830} INFO - Processing file /usr/local/lib/python3.8/dist-packages/airflow/example_dags/example_complex.py for tasks to queue
[2024-03-11T16:30:57.466+0000] {logging_mixin.py:188} INFO - [2024-03-11T16:30:57.465+0000] {dagbag.py:540} INFO - Filling up the DagBag from /usr/local/lib/python3.8/dist-packages/airflow/example_dags/example_complex.py
[2024-03-11T16:30:57.479+0000] {processor.py:840} INFO - DAG(s) 'example_complex' retrieved from /usr/local/lib/python3.8/dist-packages/airflow/example_dags/example_complex.py
[2024-03-11T16:30:57.514+0000] {logging_mixin.py:188} INFO - [2024-03-11T16:30:57.514+0000] {dag.py:3047} INFO - Sync 1 DAGs
[2024-03-11T16:30:57.529+0000] {logging_mixin.py:188} INFO - [2024-03-11T16:30:57.529+0000] {dag.py:3834} INFO - Setting next_dagrun for example_complex to None, run_after=None
[2024-03-11T16:30:57.561+0000] {processor.py:183} INFO - Processing /usr/local/lib/python3.8/dist-packages/airflow/example_dags/example_complex.py took 0.103 seconds
[2024-03-11T16:33:41.107+0000] {processor.py:161} INFO - Started process (PID=1923) to work on /usr/local/lib/python3.8/dist-packages/airflow/example_dags/example_complex.py
[2024-03-11T16:33:41.113+0000] {processor.py:830} INFO - Processing file /usr/local/lib/python3.8/dist-packages/airflow/example_dags/example_complex.py for tasks to queue
[2024-03-11T16:33:41.114+0000] {logging_mixin.py:188} INFO - [2024-03-11T16:33:41.113+0000] {dagbag.py:540} INFO - Filling up the DagBag from /usr/local/lib/python3.8/dist-packages/airflow/example_dags/example_complex.py
[2024-03-11T16:33:41.127+0000] {processor.py:840} INFO - DAG(s) 'example_complex' retrieved from /usr/local/lib/python3.8/dist-packages/airflow/example_dags/example_complex.py
[2024-03-11T16:33:41.159+0000] {logging_mixin.py:188} INFO - [2024-03-11T16:33:41.159+0000] {dag.py:3047} INFO - Sync 1 DAGs
[2024-03-11T16:33:41.172+0000] {logging_mixin.py:188} INFO - [2024-03-11T16:33:41.172+0000] {dag.py:3834} INFO - Setting next_dagrun for example_complex to None, run_after=None
[2024-03-11T16:33:41.202+0000] {processor.py:183} INFO - Processing /usr/local/lib/python3.8/dist-packages/airflow/example_dags/example_complex.py took 0.098 seconds
[2024-03-11T16:36:29.532+0000] {processor.py:161} INFO - Started process (PID=2016) to work on /usr/local/lib/python3.8/dist-packages/airflow/example_dags/example_complex.py
[2024-03-11T16:36:29.534+0000] {processor.py:830} INFO - Processing file /usr/local/lib/python3.8/dist-packages/airflow/example_dags/example_complex.py for tasks to queue
[2024-03-11T16:36:29.535+0000] {logging_mixin.py:188} INFO - [2024-03-11T16:36:29.535+0000] {dagbag.py:540} INFO - Filling up the DagBag from /usr/local/lib/python3.8/dist-packages/airflow/example_dags/example_complex.py
[2024-03-11T16:36:29.549+0000] {processor.py:840} INFO - DAG(s) 'example_complex' retrieved from /usr/local/lib/python3.8/dist-packages/airflow/example_dags/example_complex.py
[2024-03-11T16:36:29.581+0000] {logging_mixin.py:188} INFO - [2024-03-11T16:36:29.580+0000] {dag.py:3047} INFO - Sync 1 DAGs
[2024-03-11T16:36:29.594+0000] {logging_mixin.py:188} INFO - [2024-03-11T16:36:29.594+0000] {dag.py:3834} INFO - Setting next_dagrun for example_complex to None, run_after=None
[2024-03-11T16:36:29.624+0000] {processor.py:183} INFO - Processing /usr/local/lib/python3.8/dist-packages/airflow/example_dags/example_complex.py took 0.096 seconds
[2024-03-11T16:41:37.994+0000] {processor.py:161} INFO - Started process (PID=465) to work on /usr/local/lib/python3.8/dist-packages/airflow/example_dags/example_complex.py
[2024-03-11T16:41:37.996+0000] {processor.py:830} INFO - Processing file /usr/local/lib/python3.8/dist-packages/airflow/example_dags/example_complex.py for tasks to queue
[2024-03-11T16:41:37.997+0000] {logging_mixin.py:188} INFO - [2024-03-11T16:41:37.996+0000] {dagbag.py:540} INFO - Filling up the DagBag from /usr/local/lib/python3.8/dist-packages/airflow/example_dags/example_complex.py
[2024-03-11T16:41:38.009+0000] {processor.py:840} INFO - DAG(s) 'example_complex' retrieved from /usr/local/lib/python3.8/dist-packages/airflow/example_dags/example_complex.py
[2024-03-11T16:41:38.039+0000] {logging_mixin.py:188} INFO - [2024-03-11T16:41:38.038+0000] {dag.py:3047} INFO - Sync 1 DAGs
[2024-03-11T16:41:38.051+0000] {logging_mixin.py:188} INFO - [2024-03-11T16:41:38.051+0000] {dag.py:3834} INFO - Setting next_dagrun for example_complex to None, run_after=None
[2024-03-11T16:41:38.081+0000] {processor.py:183} INFO - Processing /usr/local/lib/python3.8/dist-packages/airflow/example_dags/example_complex.py took 0.090 seconds
[2024-03-11T16:48:20.399+0000] {processor.py:161} INFO - Started process (PID=838) to work on /usr/local/lib/python3.8/dist-packages/airflow/example_dags/example_complex.py
[2024-03-11T16:48:20.401+0000] {processor.py:830} INFO - Processing file /usr/local/lib/python3.8/dist-packages/airflow/example_dags/example_complex.py for tasks to queue
[2024-03-11T16:48:20.402+0000] {logging_mixin.py:188} INFO - [2024-03-11T16:48:20.401+0000] {dagbag.py:540} INFO - Filling up the DagBag from /usr/local/lib/python3.8/dist-packages/airflow/example_dags/example_complex.py
[2024-03-11T16:48:20.414+0000] {processor.py:840} INFO - DAG(s) 'example_complex' retrieved from /usr/local/lib/python3.8/dist-packages/airflow/example_dags/example_complex.py
[2024-03-11T16:48:20.444+0000] {logging_mixin.py:188} INFO - [2024-03-11T16:48:20.444+0000] {dag.py:3047} INFO - Sync 1 DAGs
[2024-03-11T16:48:20.457+0000] {logging_mixin.py:188} INFO - [2024-03-11T16:48:20.457+0000] {dag.py:3834} INFO - Setting next_dagrun for example_complex to None, run_after=None
[2024-03-11T16:48:20.540+0000] {processor.py:183} INFO - Processing /usr/local/lib/python3.8/dist-packages/airflow/example_dags/example_complex.py took 0.145 seconds
[2024-03-11T16:49:13.639+0000] {processor.py:161} INFO - Started process (PID=949) to work on /usr/local/lib/python3.8/dist-packages/airflow/example_dags/example_complex.py
[2024-03-11T16:49:13.641+0000] {processor.py:830} INFO - Processing file /usr/local/lib/python3.8/dist-packages/airflow/example_dags/example_complex.py for tasks to queue
[2024-03-11T16:49:13.642+0000] {logging_mixin.py:188} INFO - [2024-03-11T16:49:13.642+0000] {dagbag.py:540} INFO - Filling up the DagBag from /usr/local/lib/python3.8/dist-packages/airflow/example_dags/example_complex.py
[2024-03-11T16:49:13.655+0000] {processor.py:840} INFO - DAG(s) 'example_complex' retrieved from /usr/local/lib/python3.8/dist-packages/airflow/example_dags/example_complex.py
[2024-03-11T16:49:13.683+0000] {logging_mixin.py:188} INFO - [2024-03-11T16:49:13.682+0000] {dag.py:3047} INFO - Sync 1 DAGs
[2024-03-11T16:49:13.695+0000] {logging_mixin.py:188} INFO - [2024-03-11T16:49:13.695+0000] {dag.py:3834} INFO - Setting next_dagrun for example_complex to None, run_after=None
[2024-03-11T16:49:13.727+0000] {processor.py:183} INFO - Processing /usr/local/lib/python3.8/dist-packages/airflow/example_dags/example_complex.py took 0.090 seconds
[2024-03-11T16:50:08.643+0000] {processor.py:161} INFO - Started process (PID=1038) to work on /usr/local/lib/python3.8/dist-packages/airflow/example_dags/example_complex.py
[2024-03-11T16:50:08.645+0000] {processor.py:830} INFO - Processing file /usr/local/lib/python3.8/dist-packages/airflow/example_dags/example_complex.py for tasks to queue
[2024-03-11T16:50:08.646+0000] {logging_mixin.py:188} INFO - [2024-03-11T16:50:08.646+0000] {dagbag.py:540} INFO - Filling up the DagBag from /usr/local/lib/python3.8/dist-packages/airflow/example_dags/example_complex.py
[2024-03-11T16:50:08.659+0000] {processor.py:840} INFO - DAG(s) 'example_complex' retrieved from /usr/local/lib/python3.8/dist-packages/airflow/example_dags/example_complex.py
[2024-03-11T16:50:08.687+0000] {logging_mixin.py:188} INFO - [2024-03-11T16:50:08.687+0000] {dag.py:3047} INFO - Sync 1 DAGs
[2024-03-11T16:50:08.700+0000] {logging_mixin.py:188} INFO - [2024-03-11T16:50:08.699+0000] {dag.py:3834} INFO - Setting next_dagrun for example_complex to None, run_after=None
[2024-03-11T16:50:08.729+0000] {processor.py:183} INFO - Processing /usr/local/lib/python3.8/dist-packages/airflow/example_dags/example_complex.py took 0.089 seconds
[2024-03-11T16:51:26.447+0000] {processor.py:161} INFO - Started process (PID=1141) to work on /usr/local/lib/python3.8/dist-packages/airflow/example_dags/example_complex.py
[2024-03-11T16:51:26.449+0000] {processor.py:830} INFO - Processing file /usr/local/lib/python3.8/dist-packages/airflow/example_dags/example_complex.py for tasks to queue
[2024-03-11T16:51:26.450+0000] {logging_mixin.py:188} INFO - [2024-03-11T16:51:26.449+0000] {dagbag.py:540} INFO - Filling up the DagBag from /usr/local/lib/python3.8/dist-packages/airflow/example_dags/example_complex.py
[2024-03-11T16:51:26.462+0000] {processor.py:840} INFO - DAG(s) 'example_complex' retrieved from /usr/local/lib/python3.8/dist-packages/airflow/example_dags/example_complex.py
[2024-03-11T16:51:26.490+0000] {logging_mixin.py:188} INFO - [2024-03-11T16:51:26.490+0000] {dag.py:3047} INFO - Sync 1 DAGs
[2024-03-11T16:51:26.502+0000] {logging_mixin.py:188} INFO - [2024-03-11T16:51:26.502+0000] {dag.py:3834} INFO - Setting next_dagrun for example_complex to None, run_after=None
[2024-03-11T16:51:26.539+0000] {processor.py:183} INFO - Processing /usr/local/lib/python3.8/dist-packages/airflow/example_dags/example_complex.py took 0.095 seconds
[2024-03-11T16:52:22.171+0000] {processor.py:161} INFO - Started process (PID=1211) to work on /usr/local/lib/python3.8/dist-packages/airflow/example_dags/example_complex.py
[2024-03-11T16:52:22.173+0000] {processor.py:830} INFO - Processing file /usr/local/lib/python3.8/dist-packages/airflow/example_dags/example_complex.py for tasks to queue
[2024-03-11T16:52:22.174+0000] {logging_mixin.py:188} INFO - [2024-03-11T16:52:22.174+0000] {dagbag.py:540} INFO - Filling up the DagBag from /usr/local/lib/python3.8/dist-packages/airflow/example_dags/example_complex.py
[2024-03-11T16:52:22.187+0000] {processor.py:840} INFO - DAG(s) 'example_complex' retrieved from /usr/local/lib/python3.8/dist-packages/airflow/example_dags/example_complex.py
[2024-03-11T16:52:22.214+0000] {logging_mixin.py:188} INFO - [2024-03-11T16:52:22.214+0000] {dag.py:3047} INFO - Sync 1 DAGs
[2024-03-11T16:52:22.223+0000] {logging_mixin.py:188} INFO - [2024-03-11T16:52:22.223+0000] {dag.py:3834} INFO - Setting next_dagrun for example_complex to None, run_after=None
[2024-03-11T16:52:22.250+0000] {processor.py:183} INFO - Processing /usr/local/lib/python3.8/dist-packages/airflow/example_dags/example_complex.py took 0.082 seconds
[2024-03-11T16:53:16.119+0000] {processor.py:161} INFO - Started process (PID=1276) to work on /usr/local/lib/python3.8/dist-packages/airflow/example_dags/example_complex.py
[2024-03-11T16:53:16.121+0000] {processor.py:830} INFO - Processing file /usr/local/lib/python3.8/dist-packages/airflow/example_dags/example_complex.py for tasks to queue
[2024-03-11T16:53:16.122+0000] {logging_mixin.py:188} INFO - [2024-03-11T16:53:16.121+0000] {dagbag.py:540} INFO - Filling up the DagBag from /usr/local/lib/python3.8/dist-packages/airflow/example_dags/example_complex.py
[2024-03-11T16:53:16.134+0000] {processor.py:840} INFO - DAG(s) 'example_complex' retrieved from /usr/local/lib/python3.8/dist-packages/airflow/example_dags/example_complex.py
[2024-03-11T16:53:16.162+0000] {logging_mixin.py:188} INFO - [2024-03-11T16:53:16.162+0000] {dag.py:3047} INFO - Sync 1 DAGs
[2024-03-11T16:53:16.175+0000] {logging_mixin.py:188} INFO - [2024-03-11T16:53:16.174+0000] {dag.py:3834} INFO - Setting next_dagrun for example_complex to None, run_after=None
[2024-03-11T16:53:16.215+0000] {processor.py:183} INFO - Processing /usr/local/lib/python3.8/dist-packages/airflow/example_dags/example_complex.py took 0.100 seconds
[2024-03-11T16:54:12.574+0000] {processor.py:161} INFO - Started process (PID=1354) to work on /usr/local/lib/python3.8/dist-packages/airflow/example_dags/example_complex.py
[2024-03-11T16:54:12.576+0000] {processor.py:830} INFO - Processing file /usr/local/lib/python3.8/dist-packages/airflow/example_dags/example_complex.py for tasks to queue
[2024-03-11T16:54:12.577+0000] {logging_mixin.py:188} INFO - [2024-03-11T16:54:12.577+0000] {dagbag.py:540} INFO - Filling up the DagBag from /usr/local/lib/python3.8/dist-packages/airflow/example_dags/example_complex.py
[2024-03-11T16:54:12.590+0000] {processor.py:840} INFO - DAG(s) 'example_complex' retrieved from /usr/local/lib/python3.8/dist-packages/airflow/example_dags/example_complex.py
[2024-03-11T16:54:12.618+0000] {logging_mixin.py:188} INFO - [2024-03-11T16:54:12.618+0000] {dag.py:3047} INFO - Sync 1 DAGs
[2024-03-11T16:54:12.630+0000] {logging_mixin.py:188} INFO - [2024-03-11T16:54:12.630+0000] {dag.py:3834} INFO - Setting next_dagrun for example_complex to None, run_after=None
[2024-03-11T16:54:12.670+0000] {processor.py:183} INFO - Processing /usr/local/lib/python3.8/dist-packages/airflow/example_dags/example_complex.py took 0.099 seconds
[2024-03-11T16:55:32.694+0000] {processor.py:161} INFO - Started process (PID=1455) to work on /usr/local/lib/python3.8/dist-packages/airflow/example_dags/example_complex.py
[2024-03-11T16:55:32.696+0000] {processor.py:830} INFO - Processing file /usr/local/lib/python3.8/dist-packages/airflow/example_dags/example_complex.py for tasks to queue
[2024-03-11T16:55:32.697+0000] {logging_mixin.py:188} INFO - [2024-03-11T16:55:32.697+0000] {dagbag.py:540} INFO - Filling up the DagBag from /usr/local/lib/python3.8/dist-packages/airflow/example_dags/example_complex.py
[2024-03-11T16:55:32.708+0000] {processor.py:840} INFO - DAG(s) 'example_complex' retrieved from /usr/local/lib/python3.8/dist-packages/airflow/example_dags/example_complex.py
[2024-03-11T16:55:32.732+0000] {logging_mixin.py:188} INFO - [2024-03-11T16:55:32.731+0000] {dag.py:3047} INFO - Sync 1 DAGs
[2024-03-11T16:55:32.741+0000] {logging_mixin.py:188} INFO - [2024-03-11T16:55:32.741+0000] {dag.py:3834} INFO - Setting next_dagrun for example_complex to None, run_after=None
[2024-03-11T16:55:32.765+0000] {processor.py:183} INFO - Processing /usr/local/lib/python3.8/dist-packages/airflow/example_dags/example_complex.py took 0.074 seconds
[2024-03-11T16:56:50.826+0000] {processor.py:161} INFO - Started process (PID=1582) to work on /usr/local/lib/python3.8/dist-packages/airflow/example_dags/example_complex.py
[2024-03-11T16:56:50.828+0000] {processor.py:830} INFO - Processing file /usr/local/lib/python3.8/dist-packages/airflow/example_dags/example_complex.py for tasks to queue
[2024-03-11T16:56:50.829+0000] {logging_mixin.py:188} INFO - [2024-03-11T16:56:50.829+0000] {dagbag.py:540} INFO - Filling up the DagBag from /usr/local/lib/python3.8/dist-packages/airflow/example_dags/example_complex.py
[2024-03-11T16:56:50.842+0000] {processor.py:840} INFO - DAG(s) 'example_complex' retrieved from /usr/local/lib/python3.8/dist-packages/airflow/example_dags/example_complex.py
[2024-03-11T16:56:50.869+0000] {logging_mixin.py:188} INFO - [2024-03-11T16:56:50.869+0000] {dag.py:3047} INFO - Sync 1 DAGs
[2024-03-11T16:56:50.882+0000] {logging_mixin.py:188} INFO - [2024-03-11T16:56:50.882+0000] {dag.py:3834} INFO - Setting next_dagrun for example_complex to None, run_after=None
[2024-03-11T16:56:50.910+0000] {processor.py:183} INFO - Processing /usr/local/lib/python3.8/dist-packages/airflow/example_dags/example_complex.py took 0.087 seconds
[2024-03-11T16:57:45.162+0000] {processor.py:161} INFO - Started process (PID=1749) to work on /usr/local/lib/python3.8/dist-packages/airflow/example_dags/example_complex.py
[2024-03-11T16:57:45.164+0000] {processor.py:830} INFO - Processing file /usr/local/lib/python3.8/dist-packages/airflow/example_dags/example_complex.py for tasks to queue
[2024-03-11T16:57:45.164+0000] {logging_mixin.py:188} INFO - [2024-03-11T16:57:45.164+0000] {dagbag.py:540} INFO - Filling up the DagBag from /usr/local/lib/python3.8/dist-packages/airflow/example_dags/example_complex.py
[2024-03-11T16:57:45.175+0000] {processor.py:840} INFO - DAG(s) 'example_complex' retrieved from /usr/local/lib/python3.8/dist-packages/airflow/example_dags/example_complex.py
[2024-03-11T16:57:45.197+0000] {logging_mixin.py:188} INFO - [2024-03-11T16:57:45.197+0000] {dag.py:3047} INFO - Sync 1 DAGs
[2024-03-11T16:57:45.207+0000] {logging_mixin.py:188} INFO - [2024-03-11T16:57:45.207+0000] {dag.py:3834} INFO - Setting next_dagrun for example_complex to None, run_after=None
[2024-03-11T16:57:45.232+0000] {processor.py:183} INFO - Processing /usr/local/lib/python3.8/dist-packages/airflow/example_dags/example_complex.py took 0.073 seconds
[2024-03-11T17:09:02.790+0000] {processor.py:161} INFO - Started process (PID=2331) to work on /usr/local/lib/python3.8/dist-packages/airflow/example_dags/example_complex.py
[2024-03-11T17:09:02.792+0000] {processor.py:830} INFO - Processing file /usr/local/lib/python3.8/dist-packages/airflow/example_dags/example_complex.py for tasks to queue
[2024-03-11T17:09:02.793+0000] {logging_mixin.py:188} INFO - [2024-03-11T17:09:02.793+0000] {dagbag.py:540} INFO - Filling up the DagBag from /usr/local/lib/python3.8/dist-packages/airflow/example_dags/example_complex.py
[2024-03-11T17:09:02.805+0000] {processor.py:840} INFO - DAG(s) 'example_complex' retrieved from /usr/local/lib/python3.8/dist-packages/airflow/example_dags/example_complex.py
[2024-03-11T17:09:02.828+0000] {logging_mixin.py:188} INFO - [2024-03-11T17:09:02.828+0000] {dag.py:3047} INFO - Sync 1 DAGs
[2024-03-11T17:09:02.837+0000] {logging_mixin.py:188} INFO - [2024-03-11T17:09:02.837+0000] {dag.py:3834} INFO - Setting next_dagrun for example_complex to None, run_after=None
[2024-03-11T17:09:02.861+0000] {processor.py:183} INFO - Processing /usr/local/lib/python3.8/dist-packages/airflow/example_dags/example_complex.py took 0.074 seconds
[2024-03-11T17:09:59.303+0000] {processor.py:161} INFO - Started process (PID=2409) to work on /usr/local/lib/python3.8/dist-packages/airflow/example_dags/example_complex.py
[2024-03-11T17:09:59.305+0000] {processor.py:830} INFO - Processing file /usr/local/lib/python3.8/dist-packages/airflow/example_dags/example_complex.py for tasks to queue
[2024-03-11T17:09:59.306+0000] {logging_mixin.py:188} INFO - [2024-03-11T17:09:59.305+0000] {dagbag.py:540} INFO - Filling up the DagBag from /usr/local/lib/python3.8/dist-packages/airflow/example_dags/example_complex.py
[2024-03-11T17:09:59.319+0000] {processor.py:840} INFO - DAG(s) 'example_complex' retrieved from /usr/local/lib/python3.8/dist-packages/airflow/example_dags/example_complex.py
[2024-03-11T17:09:59.347+0000] {logging_mixin.py:188} INFO - [2024-03-11T17:09:59.347+0000] {dag.py:3047} INFO - Sync 1 DAGs
[2024-03-11T17:09:59.359+0000] {logging_mixin.py:188} INFO - [2024-03-11T17:09:59.359+0000] {dag.py:3834} INFO - Setting next_dagrun for example_complex to None, run_after=None
[2024-03-11T17:09:59.385+0000] {processor.py:183} INFO - Processing /usr/local/lib/python3.8/dist-packages/airflow/example_dags/example_complex.py took 0.086 seconds
[2024-03-11T17:10:57.150+0000] {processor.py:161} INFO - Started process (PID=2487) to work on /usr/local/lib/python3.8/dist-packages/airflow/example_dags/example_complex.py
[2024-03-11T17:10:57.152+0000] {processor.py:830} INFO - Processing file /usr/local/lib/python3.8/dist-packages/airflow/example_dags/example_complex.py for tasks to queue
[2024-03-11T17:10:57.153+0000] {logging_mixin.py:188} INFO - [2024-03-11T17:10:57.153+0000] {dagbag.py:540} INFO - Filling up the DagBag from /usr/local/lib/python3.8/dist-packages/airflow/example_dags/example_complex.py
[2024-03-11T17:10:57.166+0000] {processor.py:840} INFO - DAG(s) 'example_complex' retrieved from /usr/local/lib/python3.8/dist-packages/airflow/example_dags/example_complex.py
[2024-03-11T17:10:57.194+0000] {logging_mixin.py:188} INFO - [2024-03-11T17:10:57.193+0000] {dag.py:3047} INFO - Sync 1 DAGs
[2024-03-11T17:10:57.203+0000] {logging_mixin.py:188} INFO - [2024-03-11T17:10:57.203+0000] {dag.py:3834} INFO - Setting next_dagrun for example_complex to None, run_after=None
[2024-03-11T17:10:57.229+0000] {processor.py:183} INFO - Processing /usr/local/lib/python3.8/dist-packages/airflow/example_dags/example_complex.py took 0.082 seconds
[2024-03-11T17:12:20.485+0000] {processor.py:161} INFO - Started process (PID=2595) to work on /usr/local/lib/python3.8/dist-packages/airflow/example_dags/example_complex.py
[2024-03-11T17:12:20.487+0000] {processor.py:830} INFO - Processing file /usr/local/lib/python3.8/dist-packages/airflow/example_dags/example_complex.py for tasks to queue
[2024-03-11T17:12:20.488+0000] {logging_mixin.py:188} INFO - [2024-03-11T17:12:20.488+0000] {dagbag.py:540} INFO - Filling up the DagBag from /usr/local/lib/python3.8/dist-packages/airflow/example_dags/example_complex.py
[2024-03-11T17:12:20.500+0000] {processor.py:840} INFO - DAG(s) 'example_complex' retrieved from /usr/local/lib/python3.8/dist-packages/airflow/example_dags/example_complex.py
[2024-03-11T17:12:20.523+0000] {logging_mixin.py:188} INFO - [2024-03-11T17:12:20.523+0000] {dag.py:3047} INFO - Sync 1 DAGs
[2024-03-11T17:12:20.533+0000] {logging_mixin.py:188} INFO - [2024-03-11T17:12:20.532+0000] {dag.py:3834} INFO - Setting next_dagrun for example_complex to None, run_after=None
[2024-03-11T17:12:20.558+0000] {processor.py:183} INFO - Processing /usr/local/lib/python3.8/dist-packages/airflow/example_dags/example_complex.py took 0.075 seconds
[2024-03-11T17:13:17.197+0000] {processor.py:161} INFO - Started process (PID=2716) to work on /usr/local/lib/python3.8/dist-packages/airflow/example_dags/example_complex.py
[2024-03-11T17:13:17.201+0000] {processor.py:830} INFO - Processing file /usr/local/lib/python3.8/dist-packages/airflow/example_dags/example_complex.py for tasks to queue
[2024-03-11T17:13:17.201+0000] {logging_mixin.py:188} INFO - [2024-03-11T17:13:17.201+0000] {dagbag.py:540} INFO - Filling up the DagBag from /usr/local/lib/python3.8/dist-packages/airflow/example_dags/example_complex.py
[2024-03-11T17:13:17.214+0000] {processor.py:840} INFO - DAG(s) 'example_complex' retrieved from /usr/local/lib/python3.8/dist-packages/airflow/example_dags/example_complex.py
[2024-03-11T17:13:17.237+0000] {logging_mixin.py:188} INFO - [2024-03-11T17:13:17.237+0000] {dag.py:3047} INFO - Sync 1 DAGs
[2024-03-11T17:13:17.246+0000] {logging_mixin.py:188} INFO - [2024-03-11T17:13:17.246+0000] {dag.py:3834} INFO - Setting next_dagrun for example_complex to None, run_after=None
[2024-03-11T17:13:17.272+0000] {processor.py:183} INFO - Processing /usr/local/lib/python3.8/dist-packages/airflow/example_dags/example_complex.py took 0.078 seconds
[2024-03-11T17:14:13.706+0000] {processor.py:161} INFO - Started process (PID=2794) to work on /usr/local/lib/python3.8/dist-packages/airflow/example_dags/example_complex.py
[2024-03-11T17:14:13.709+0000] {processor.py:830} INFO - Processing file /usr/local/lib/python3.8/dist-packages/airflow/example_dags/example_complex.py for tasks to queue
[2024-03-11T17:14:13.709+0000] {logging_mixin.py:188} INFO - [2024-03-11T17:14:13.709+0000] {dagbag.py:540} INFO - Filling up the DagBag from /usr/local/lib/python3.8/dist-packages/airflow/example_dags/example_complex.py
[2024-03-11T17:14:13.722+0000] {processor.py:840} INFO - DAG(s) 'example_complex' retrieved from /usr/local/lib/python3.8/dist-packages/airflow/example_dags/example_complex.py
[2024-03-11T17:14:13.748+0000] {logging_mixin.py:188} INFO - [2024-03-11T17:14:13.748+0000] {dag.py:3047} INFO - Sync 1 DAGs
[2024-03-11T17:14:13.757+0000] {logging_mixin.py:188} INFO - [2024-03-11T17:14:13.757+0000] {dag.py:3834} INFO - Setting next_dagrun for example_complex to None, run_after=None
[2024-03-11T17:14:13.781+0000] {processor.py:183} INFO - Processing /usr/local/lib/python3.8/dist-packages/airflow/example_dags/example_complex.py took 0.078 seconds
[2024-03-11T17:15:30.506+0000] {processor.py:161} INFO - Started process (PID=2946) to work on /usr/local/lib/python3.8/dist-packages/airflow/example_dags/example_complex.py
[2024-03-11T17:15:30.508+0000] {processor.py:830} INFO - Processing file /usr/local/lib/python3.8/dist-packages/airflow/example_dags/example_complex.py for tasks to queue
[2024-03-11T17:15:30.509+0000] {logging_mixin.py:188} INFO - [2024-03-11T17:15:30.509+0000] {dagbag.py:540} INFO - Filling up the DagBag from /usr/local/lib/python3.8/dist-packages/airflow/example_dags/example_complex.py
[2024-03-11T17:15:30.522+0000] {processor.py:840} INFO - DAG(s) 'example_complex' retrieved from /usr/local/lib/python3.8/dist-packages/airflow/example_dags/example_complex.py
[2024-03-11T17:15:30.561+0000] {logging_mixin.py:188} INFO - [2024-03-11T17:15:30.561+0000] {dag.py:3047} INFO - Sync 1 DAGs
[2024-03-11T17:15:30.574+0000] {logging_mixin.py:188} INFO - [2024-03-11T17:15:30.573+0000] {dag.py:3834} INFO - Setting next_dagrun for example_complex to None, run_after=None
[2024-03-11T17:15:30.603+0000] {processor.py:183} INFO - Processing /usr/local/lib/python3.8/dist-packages/airflow/example_dags/example_complex.py took 0.100 seconds
[2024-03-11T17:16:47.907+0000] {processor.py:161} INFO - Started process (PID=3045) to work on /usr/local/lib/python3.8/dist-packages/airflow/example_dags/example_complex.py
[2024-03-11T17:16:47.909+0000] {processor.py:830} INFO - Processing file /usr/local/lib/python3.8/dist-packages/airflow/example_dags/example_complex.py for tasks to queue
[2024-03-11T17:16:47.910+0000] {logging_mixin.py:188} INFO - [2024-03-11T17:16:47.909+0000] {dagbag.py:540} INFO - Filling up the DagBag from /usr/local/lib/python3.8/dist-packages/airflow/example_dags/example_complex.py
[2024-03-11T17:16:47.922+0000] {processor.py:840} INFO - DAG(s) 'example_complex' retrieved from /usr/local/lib/python3.8/dist-packages/airflow/example_dags/example_complex.py
[2024-03-11T17:16:47.951+0000] {logging_mixin.py:188} INFO - [2024-03-11T17:16:47.951+0000] {dag.py:3047} INFO - Sync 1 DAGs
[2024-03-11T17:16:47.964+0000] {logging_mixin.py:188} INFO - [2024-03-11T17:16:47.964+0000] {dag.py:3834} INFO - Setting next_dagrun for example_complex to None, run_after=None
[2024-03-11T17:16:47.994+0000] {processor.py:183} INFO - Processing /usr/local/lib/python3.8/dist-packages/airflow/example_dags/example_complex.py took 0.091 seconds
[2024-03-11T17:17:44.239+0000] {processor.py:161} INFO - Started process (PID=3123) to work on /usr/local/lib/python3.8/dist-packages/airflow/example_dags/example_complex.py
[2024-03-11T17:17:44.242+0000] {processor.py:830} INFO - Processing file /usr/local/lib/python3.8/dist-packages/airflow/example_dags/example_complex.py for tasks to queue
[2024-03-11T17:17:44.243+0000] {logging_mixin.py:188} INFO - [2024-03-11T17:17:44.242+0000] {dagbag.py:540} INFO - Filling up the DagBag from /usr/local/lib/python3.8/dist-packages/airflow/example_dags/example_complex.py
[2024-03-11T17:17:44.255+0000] {processor.py:840} INFO - DAG(s) 'example_complex' retrieved from /usr/local/lib/python3.8/dist-packages/airflow/example_dags/example_complex.py
[2024-03-11T17:17:44.284+0000] {logging_mixin.py:188} INFO - [2024-03-11T17:17:44.284+0000] {dag.py:3047} INFO - Sync 1 DAGs
[2024-03-11T17:17:44.294+0000] {logging_mixin.py:188} INFO - [2024-03-11T17:17:44.294+0000] {dag.py:3834} INFO - Setting next_dagrun for example_complex to None, run_after=None
[2024-03-11T17:17:44.327+0000] {processor.py:183} INFO - Processing /usr/local/lib/python3.8/dist-packages/airflow/example_dags/example_complex.py took 0.091 seconds
[2024-03-11T17:18:40.067+0000] {processor.py:161} INFO - Started process (PID=3188) to work on /usr/local/lib/python3.8/dist-packages/airflow/example_dags/example_complex.py
[2024-03-11T17:18:40.070+0000] {processor.py:830} INFO - Processing file /usr/local/lib/python3.8/dist-packages/airflow/example_dags/example_complex.py for tasks to queue
[2024-03-11T17:18:40.070+0000] {logging_mixin.py:188} INFO - [2024-03-11T17:18:40.070+0000] {dagbag.py:540} INFO - Filling up the DagBag from /usr/local/lib/python3.8/dist-packages/airflow/example_dags/example_complex.py
[2024-03-11T17:18:40.083+0000] {processor.py:840} INFO - DAG(s) 'example_complex' retrieved from /usr/local/lib/python3.8/dist-packages/airflow/example_dags/example_complex.py
[2024-03-11T17:18:40.111+0000] {logging_mixin.py:188} INFO - [2024-03-11T17:18:40.111+0000] {dag.py:3047} INFO - Sync 1 DAGs
[2024-03-11T17:18:40.124+0000] {logging_mixin.py:188} INFO - [2024-03-11T17:18:40.124+0000] {dag.py:3834} INFO - Setting next_dagrun for example_complex to None, run_after=None
[2024-03-11T17:18:40.154+0000] {processor.py:183} INFO - Processing /usr/local/lib/python3.8/dist-packages/airflow/example_dags/example_complex.py took 0.089 seconds
[2024-03-11T17:19:35.666+0000] {processor.py:161} INFO - Started process (PID=3259) to work on /usr/local/lib/python3.8/dist-packages/airflow/example_dags/example_complex.py
[2024-03-11T17:19:35.668+0000] {processor.py:830} INFO - Processing file /usr/local/lib/python3.8/dist-packages/airflow/example_dags/example_complex.py for tasks to queue
[2024-03-11T17:19:35.670+0000] {logging_mixin.py:188} INFO - [2024-03-11T17:19:35.669+0000] {dagbag.py:540} INFO - Filling up the DagBag from /usr/local/lib/python3.8/dist-packages/airflow/example_dags/example_complex.py
[2024-03-11T17:19:35.682+0000] {processor.py:840} INFO - DAG(s) 'example_complex' retrieved from /usr/local/lib/python3.8/dist-packages/airflow/example_dags/example_complex.py
[2024-03-11T17:19:35.706+0000] {logging_mixin.py:188} INFO - [2024-03-11T17:19:35.705+0000] {dag.py:3047} INFO - Sync 1 DAGs
[2024-03-11T17:19:35.715+0000] {logging_mixin.py:188} INFO - [2024-03-11T17:19:35.715+0000] {dag.py:3834} INFO - Setting next_dagrun for example_complex to None, run_after=None
[2024-03-11T17:19:35.740+0000] {processor.py:183} INFO - Processing /usr/local/lib/python3.8/dist-packages/airflow/example_dags/example_complex.py took 0.078 seconds
[2024-03-11T17:20:54.991+0000] {processor.py:161} INFO - Started process (PID=3366) to work on /usr/local/lib/python3.8/dist-packages/airflow/example_dags/example_complex.py
[2024-03-11T17:20:54.993+0000] {processor.py:830} INFO - Processing file /usr/local/lib/python3.8/dist-packages/airflow/example_dags/example_complex.py for tasks to queue
[2024-03-11T17:20:54.994+0000] {logging_mixin.py:188} INFO - [2024-03-11T17:20:54.994+0000] {dagbag.py:540} INFO - Filling up the DagBag from /usr/local/lib/python3.8/dist-packages/airflow/example_dags/example_complex.py
[2024-03-11T17:20:55.007+0000] {processor.py:840} INFO - DAG(s) 'example_complex' retrieved from /usr/local/lib/python3.8/dist-packages/airflow/example_dags/example_complex.py
[2024-03-11T17:20:55.031+0000] {logging_mixin.py:188} INFO - [2024-03-11T17:20:55.031+0000] {dag.py:3047} INFO - Sync 1 DAGs
[2024-03-11T17:20:55.040+0000] {logging_mixin.py:188} INFO - [2024-03-11T17:20:55.040+0000] {dag.py:3834} INFO - Setting next_dagrun for example_complex to None, run_after=None
[2024-03-11T17:20:55.068+0000] {processor.py:183} INFO - Processing /usr/local/lib/python3.8/dist-packages/airflow/example_dags/example_complex.py took 0.080 seconds
[2024-03-11T17:21:47.530+0000] {processor.py:161} INFO - Started process (PID=3442) to work on /usr/local/lib/python3.8/dist-packages/airflow/example_dags/example_complex.py
[2024-03-11T17:21:47.532+0000] {processor.py:830} INFO - Processing file /usr/local/lib/python3.8/dist-packages/airflow/example_dags/example_complex.py for tasks to queue
[2024-03-11T17:21:47.533+0000] {logging_mixin.py:188} INFO - [2024-03-11T17:21:47.532+0000] {dagbag.py:540} INFO - Filling up the DagBag from /usr/local/lib/python3.8/dist-packages/airflow/example_dags/example_complex.py
[2024-03-11T17:21:47.545+0000] {processor.py:840} INFO - DAG(s) 'example_complex' retrieved from /usr/local/lib/python3.8/dist-packages/airflow/example_dags/example_complex.py
[2024-03-11T17:21:47.574+0000] {logging_mixin.py:188} INFO - [2024-03-11T17:21:47.574+0000] {dag.py:3047} INFO - Sync 1 DAGs
[2024-03-11T17:21:47.586+0000] {logging_mixin.py:188} INFO - [2024-03-11T17:21:47.586+0000] {dag.py:3834} INFO - Setting next_dagrun for example_complex to None, run_after=None
[2024-03-11T17:21:47.618+0000] {processor.py:183} INFO - Processing /usr/local/lib/python3.8/dist-packages/airflow/example_dags/example_complex.py took 0.091 seconds
