[2024-03-11T15:40:32.968+0000] {processor.py:161} INFO - Started process (PID=521) to work on /usr/local/lib/python3.8/dist-packages/airflow/example_dags/example_latest_only_with_trigger.py
[2024-03-11T15:40:32.968+0000] {processor.py:830} INFO - Processing file /usr/local/lib/python3.8/dist-packages/airflow/example_dags/example_latest_only_with_trigger.py for tasks to queue
[2024-03-11T15:40:32.969+0000] {logging_mixin.py:188} INFO - [2024-03-11T15:40:32.969+0000] {dagbag.py:540} INFO - Filling up the DagBag from /usr/local/lib/python3.8/dist-packages/airflow/example_dags/example_latest_only_with_trigger.py
[2024-03-11T15:40:33.189+0000] {processor.py:840} INFO - DAG(s) 'latest_only_with_trigger' retrieved from /usr/local/lib/python3.8/dist-packages/airflow/example_dags/example_latest_only_with_trigger.py
[2024-03-11T15:40:33.365+0000] {logging_mixin.py:188} INFO - [2024-03-11T15:40:33.364+0000] {override.py:1769} INFO - Created Permission View: can delete on DAG:latest_only_with_trigger
[2024-03-11T15:40:33.382+0000] {logging_mixin.py:188} INFO - [2024-03-11T15:40:33.382+0000] {override.py:1769} INFO - Created Permission View: can read on DAG:latest_only_with_trigger
[2024-03-11T15:40:33.396+0000] {logging_mixin.py:188} INFO - [2024-03-11T15:40:33.395+0000] {override.py:1769} INFO - Created Permission View: can edit on DAG:latest_only_with_trigger
[2024-03-11T15:40:33.396+0000] {logging_mixin.py:188} INFO - [2024-03-11T15:40:33.396+0000] {dag.py:3047} INFO - Sync 1 DAGs
[2024-03-11T15:40:33.404+0000] {logging_mixin.py:188} INFO - [2024-03-11T15:40:33.404+0000] {dag.py:3069} INFO - Creating ORM DAG for latest_only_with_trigger
[2024-03-11T15:40:33.411+0000] {logging_mixin.py:188} INFO - [2024-03-11T15:40:33.411+0000] {dag.py:3834} INFO - Setting next_dagrun for latest_only_with_trigger to 2024-03-11 08:00:00+00:00, run_after=2024-03-11 12:00:00+00:00
[2024-03-11T15:40:33.450+0000] {processor.py:183} INFO - Processing /usr/local/lib/python3.8/dist-packages/airflow/example_dags/example_latest_only_with_trigger.py took 0.486 seconds
[2024-03-11T15:41:27.423+0000] {processor.py:161} INFO - Started process (PID=585) to work on /usr/local/lib/python3.8/dist-packages/airflow/example_dags/example_latest_only_with_trigger.py
[2024-03-11T15:41:27.425+0000] {processor.py:830} INFO - Processing file /usr/local/lib/python3.8/dist-packages/airflow/example_dags/example_latest_only_with_trigger.py for tasks to queue
[2024-03-11T15:41:27.426+0000] {logging_mixin.py:188} INFO - [2024-03-11T15:41:27.426+0000] {dagbag.py:540} INFO - Filling up the DagBag from /usr/local/lib/python3.8/dist-packages/airflow/example_dags/example_latest_only_with_trigger.py
[2024-03-11T15:41:27.433+0000] {processor.py:840} INFO - DAG(s) 'latest_only_with_trigger' retrieved from /usr/local/lib/python3.8/dist-packages/airflow/example_dags/example_latest_only_with_trigger.py
[2024-03-11T15:41:27.450+0000] {logging_mixin.py:188} INFO - [2024-03-11T15:41:27.450+0000] {dag.py:3047} INFO - Sync 1 DAGs
[2024-03-11T15:41:27.473+0000] {logging_mixin.py:188} INFO - [2024-03-11T15:41:27.473+0000] {dag.py:3834} INFO - Setting next_dagrun for latest_only_with_trigger to 2024-03-11 08:00:00+00:00, run_after=2024-03-11 12:00:00+00:00
[2024-03-11T15:41:27.502+0000] {processor.py:183} INFO - Processing /usr/local/lib/python3.8/dist-packages/airflow/example_dags/example_latest_only_with_trigger.py took 0.082 seconds
[2024-03-11T15:42:13.870+0000] {processor.py:161} INFO - Started process (PID=633) to work on /usr/local/lib/python3.8/dist-packages/airflow/example_dags/example_latest_only_with_trigger.py
[2024-03-11T15:42:13.873+0000] {processor.py:830} INFO - Processing file /usr/local/lib/python3.8/dist-packages/airflow/example_dags/example_latest_only_with_trigger.py for tasks to queue
[2024-03-11T15:42:13.873+0000] {logging_mixin.py:188} INFO - [2024-03-11T15:42:13.873+0000] {dagbag.py:540} INFO - Filling up the DagBag from /usr/local/lib/python3.8/dist-packages/airflow/example_dags/example_latest_only_with_trigger.py
[2024-03-11T15:42:13.880+0000] {processor.py:840} INFO - DAG(s) 'latest_only_with_trigger' retrieved from /usr/local/lib/python3.8/dist-packages/airflow/example_dags/example_latest_only_with_trigger.py
[2024-03-11T15:42:13.899+0000] {logging_mixin.py:188} INFO - [2024-03-11T15:42:13.899+0000] {dag.py:3047} INFO - Sync 1 DAGs
[2024-03-11T15:42:13.921+0000] {logging_mixin.py:188} INFO - [2024-03-11T15:42:13.921+0000] {dag.py:3834} INFO - Setting next_dagrun for latest_only_with_trigger to 2024-03-11 08:00:00+00:00, run_after=2024-03-11 12:00:00+00:00
[2024-03-11T15:42:13.952+0000] {processor.py:183} INFO - Processing /usr/local/lib/python3.8/dist-packages/airflow/example_dags/example_latest_only_with_trigger.py took 0.085 seconds
[2024-03-11T15:43:11.092+0000] {processor.py:161} INFO - Started process (PID=688) to work on /usr/local/lib/python3.8/dist-packages/airflow/example_dags/example_latest_only_with_trigger.py
[2024-03-11T15:43:11.094+0000] {processor.py:830} INFO - Processing file /usr/local/lib/python3.8/dist-packages/airflow/example_dags/example_latest_only_with_trigger.py for tasks to queue
[2024-03-11T15:43:11.095+0000] {logging_mixin.py:188} INFO - [2024-03-11T15:43:11.094+0000] {dagbag.py:540} INFO - Filling up the DagBag from /usr/local/lib/python3.8/dist-packages/airflow/example_dags/example_latest_only_with_trigger.py
[2024-03-11T15:43:11.101+0000] {processor.py:840} INFO - DAG(s) 'latest_only_with_trigger' retrieved from /usr/local/lib/python3.8/dist-packages/airflow/example_dags/example_latest_only_with_trigger.py
[2024-03-11T15:43:11.119+0000] {logging_mixin.py:188} INFO - [2024-03-11T15:43:11.119+0000] {dag.py:3047} INFO - Sync 1 DAGs
[2024-03-11T15:43:11.143+0000] {logging_mixin.py:188} INFO - [2024-03-11T15:43:11.142+0000] {dag.py:3834} INFO - Setting next_dagrun for latest_only_with_trigger to 2024-03-11 08:00:00+00:00, run_after=2024-03-11 12:00:00+00:00
[2024-03-11T15:43:11.173+0000] {processor.py:183} INFO - Processing /usr/local/lib/python3.8/dist-packages/airflow/example_dags/example_latest_only_with_trigger.py took 0.085 seconds
[2024-03-11T15:44:10.907+0000] {processor.py:161} INFO - Started process (PID=746) to work on /usr/local/lib/python3.8/dist-packages/airflow/example_dags/example_latest_only_with_trigger.py
[2024-03-11T15:44:10.908+0000] {processor.py:830} INFO - Processing file /usr/local/lib/python3.8/dist-packages/airflow/example_dags/example_latest_only_with_trigger.py for tasks to queue
[2024-03-11T15:44:10.909+0000] {logging_mixin.py:188} INFO - [2024-03-11T15:44:10.909+0000] {dagbag.py:540} INFO - Filling up the DagBag from /usr/local/lib/python3.8/dist-packages/airflow/example_dags/example_latest_only_with_trigger.py
[2024-03-11T15:44:10.916+0000] {processor.py:840} INFO - DAG(s) 'latest_only_with_trigger' retrieved from /usr/local/lib/python3.8/dist-packages/airflow/example_dags/example_latest_only_with_trigger.py
[2024-03-11T15:44:10.934+0000] {logging_mixin.py:188} INFO - [2024-03-11T15:44:10.934+0000] {dag.py:3047} INFO - Sync 1 DAGs
[2024-03-11T15:44:10.958+0000] {logging_mixin.py:188} INFO - [2024-03-11T15:44:10.957+0000] {dag.py:3834} INFO - Setting next_dagrun for latest_only_with_trigger to 2024-03-11 08:00:00+00:00, run_after=2024-03-11 12:00:00+00:00
[2024-03-11T15:44:10.987+0000] {processor.py:183} INFO - Processing /usr/local/lib/python3.8/dist-packages/airflow/example_dags/example_latest_only_with_trigger.py took 0.084 seconds
[2024-03-11T15:45:05.523+0000] {processor.py:161} INFO - Started process (PID=801) to work on /usr/local/lib/python3.8/dist-packages/airflow/example_dags/example_latest_only_with_trigger.py
[2024-03-11T15:45:05.526+0000] {processor.py:830} INFO - Processing file /usr/local/lib/python3.8/dist-packages/airflow/example_dags/example_latest_only_with_trigger.py for tasks to queue
[2024-03-11T15:45:05.528+0000] {logging_mixin.py:188} INFO - [2024-03-11T15:45:05.527+0000] {dagbag.py:540} INFO - Filling up the DagBag from /usr/local/lib/python3.8/dist-packages/airflow/example_dags/example_latest_only_with_trigger.py
[2024-03-11T15:45:05.534+0000] {processor.py:840} INFO - DAG(s) 'latest_only_with_trigger' retrieved from /usr/local/lib/python3.8/dist-packages/airflow/example_dags/example_latest_only_with_trigger.py
[2024-03-11T15:45:05.552+0000] {logging_mixin.py:188} INFO - [2024-03-11T15:45:05.551+0000] {dag.py:3047} INFO - Sync 1 DAGs
[2024-03-11T15:45:05.573+0000] {logging_mixin.py:188} INFO - [2024-03-11T15:45:05.573+0000] {dag.py:3834} INFO - Setting next_dagrun for latest_only_with_trigger to 2024-03-11 08:00:00+00:00, run_after=2024-03-11 12:00:00+00:00
[2024-03-11T15:45:05.603+0000] {processor.py:183} INFO - Processing /usr/local/lib/python3.8/dist-packages/airflow/example_dags/example_latest_only_with_trigger.py took 0.083 seconds
[2024-03-11T15:46:06.263+0000] {processor.py:161} INFO - Started process (PID=858) to work on /usr/local/lib/python3.8/dist-packages/airflow/example_dags/example_latest_only_with_trigger.py
[2024-03-11T15:46:06.266+0000] {processor.py:830} INFO - Processing file /usr/local/lib/python3.8/dist-packages/airflow/example_dags/example_latest_only_with_trigger.py for tasks to queue
[2024-03-11T15:46:06.267+0000] {logging_mixin.py:188} INFO - [2024-03-11T15:46:06.266+0000] {dagbag.py:540} INFO - Filling up the DagBag from /usr/local/lib/python3.8/dist-packages/airflow/example_dags/example_latest_only_with_trigger.py
[2024-03-11T15:46:06.273+0000] {processor.py:840} INFO - DAG(s) 'latest_only_with_trigger' retrieved from /usr/local/lib/python3.8/dist-packages/airflow/example_dags/example_latest_only_with_trigger.py
[2024-03-11T15:46:06.292+0000] {logging_mixin.py:188} INFO - [2024-03-11T15:46:06.292+0000] {dag.py:3047} INFO - Sync 1 DAGs
[2024-03-11T15:46:06.314+0000] {logging_mixin.py:188} INFO - [2024-03-11T15:46:06.314+0000] {dag.py:3834} INFO - Setting next_dagrun for latest_only_with_trigger to 2024-03-11 08:00:00+00:00, run_after=2024-03-11 12:00:00+00:00
[2024-03-11T15:46:06.346+0000] {processor.py:183} INFO - Processing /usr/local/lib/python3.8/dist-packages/airflow/example_dags/example_latest_only_with_trigger.py took 0.086 seconds
[2024-03-11T15:47:08.463+0000] {processor.py:161} INFO - Started process (PID=918) to work on /usr/local/lib/python3.8/dist-packages/airflow/example_dags/example_latest_only_with_trigger.py
[2024-03-11T15:47:08.466+0000] {processor.py:830} INFO - Processing file /usr/local/lib/python3.8/dist-packages/airflow/example_dags/example_latest_only_with_trigger.py for tasks to queue
[2024-03-11T15:47:08.467+0000] {logging_mixin.py:188} INFO - [2024-03-11T15:47:08.467+0000] {dagbag.py:540} INFO - Filling up the DagBag from /usr/local/lib/python3.8/dist-packages/airflow/example_dags/example_latest_only_with_trigger.py
[2024-03-11T15:47:08.473+0000] {processor.py:840} INFO - DAG(s) 'latest_only_with_trigger' retrieved from /usr/local/lib/python3.8/dist-packages/airflow/example_dags/example_latest_only_with_trigger.py
[2024-03-11T15:47:08.491+0000] {logging_mixin.py:188} INFO - [2024-03-11T15:47:08.491+0000] {dag.py:3047} INFO - Sync 1 DAGs
[2024-03-11T15:47:08.513+0000] {logging_mixin.py:188} INFO - [2024-03-11T15:47:08.513+0000] {dag.py:3834} INFO - Setting next_dagrun for latest_only_with_trigger to 2024-03-11 08:00:00+00:00, run_after=2024-03-11 12:00:00+00:00
[2024-03-11T15:47:08.542+0000] {processor.py:183} INFO - Processing /usr/local/lib/python3.8/dist-packages/airflow/example_dags/example_latest_only_with_trigger.py took 0.082 seconds
[2024-03-11T15:48:07.333+0000] {processor.py:161} INFO - Started process (PID=975) to work on /usr/local/lib/python3.8/dist-packages/airflow/example_dags/example_latest_only_with_trigger.py
[2024-03-11T15:48:07.335+0000] {processor.py:830} INFO - Processing file /usr/local/lib/python3.8/dist-packages/airflow/example_dags/example_latest_only_with_trigger.py for tasks to queue
[2024-03-11T15:48:07.337+0000] {logging_mixin.py:188} INFO - [2024-03-11T15:48:07.336+0000] {dagbag.py:540} INFO - Filling up the DagBag from /usr/local/lib/python3.8/dist-packages/airflow/example_dags/example_latest_only_with_trigger.py
[2024-03-11T15:48:07.344+0000] {processor.py:840} INFO - DAG(s) 'latest_only_with_trigger' retrieved from /usr/local/lib/python3.8/dist-packages/airflow/example_dags/example_latest_only_with_trigger.py
[2024-03-11T15:48:07.361+0000] {logging_mixin.py:188} INFO - [2024-03-11T15:48:07.361+0000] {dag.py:3047} INFO - Sync 1 DAGs
[2024-03-11T15:48:07.383+0000] {logging_mixin.py:188} INFO - [2024-03-11T15:48:07.383+0000] {dag.py:3834} INFO - Setting next_dagrun for latest_only_with_trigger to 2024-03-11 08:00:00+00:00, run_after=2024-03-11 12:00:00+00:00
[2024-03-11T15:48:07.415+0000] {processor.py:183} INFO - Processing /usr/local/lib/python3.8/dist-packages/airflow/example_dags/example_latest_only_with_trigger.py took 0.085 seconds
[2024-03-11T15:49:08.086+0000] {processor.py:161} INFO - Started process (PID=1033) to work on /usr/local/lib/python3.8/dist-packages/airflow/example_dags/example_latest_only_with_trigger.py
[2024-03-11T15:49:08.089+0000] {processor.py:830} INFO - Processing file /usr/local/lib/python3.8/dist-packages/airflow/example_dags/example_latest_only_with_trigger.py for tasks to queue
[2024-03-11T15:49:08.090+0000] {logging_mixin.py:188} INFO - [2024-03-11T15:49:08.089+0000] {dagbag.py:540} INFO - Filling up the DagBag from /usr/local/lib/python3.8/dist-packages/airflow/example_dags/example_latest_only_with_trigger.py
[2024-03-11T15:49:08.097+0000] {processor.py:840} INFO - DAG(s) 'latest_only_with_trigger' retrieved from /usr/local/lib/python3.8/dist-packages/airflow/example_dags/example_latest_only_with_trigger.py
[2024-03-11T15:49:08.115+0000] {logging_mixin.py:188} INFO - [2024-03-11T15:49:08.114+0000] {dag.py:3047} INFO - Sync 1 DAGs
[2024-03-11T15:49:08.137+0000] {logging_mixin.py:188} INFO - [2024-03-11T15:49:08.136+0000] {dag.py:3834} INFO - Setting next_dagrun for latest_only_with_trigger to 2024-03-11 08:00:00+00:00, run_after=2024-03-11 12:00:00+00:00
[2024-03-11T15:49:08.167+0000] {processor.py:183} INFO - Processing /usr/local/lib/python3.8/dist-packages/airflow/example_dags/example_latest_only_with_trigger.py took 0.084 seconds
[2024-03-11T15:50:16.677+0000] {processor.py:161} INFO - Started process (PID=1098) to work on /usr/local/lib/python3.8/dist-packages/airflow/example_dags/example_latest_only_with_trigger.py
[2024-03-11T15:50:16.679+0000] {processor.py:830} INFO - Processing file /usr/local/lib/python3.8/dist-packages/airflow/example_dags/example_latest_only_with_trigger.py for tasks to queue
[2024-03-11T15:50:16.680+0000] {logging_mixin.py:188} INFO - [2024-03-11T15:50:16.679+0000] {dagbag.py:540} INFO - Filling up the DagBag from /usr/local/lib/python3.8/dist-packages/airflow/example_dags/example_latest_only_with_trigger.py
[2024-03-11T15:50:16.687+0000] {processor.py:840} INFO - DAG(s) 'latest_only_with_trigger' retrieved from /usr/local/lib/python3.8/dist-packages/airflow/example_dags/example_latest_only_with_trigger.py
[2024-03-11T15:50:16.704+0000] {logging_mixin.py:188} INFO - [2024-03-11T15:50:16.704+0000] {dag.py:3047} INFO - Sync 1 DAGs
[2024-03-11T15:50:16.728+0000] {logging_mixin.py:188} INFO - [2024-03-11T15:50:16.728+0000] {dag.py:3834} INFO - Setting next_dagrun for latest_only_with_trigger to 2024-03-11 08:00:00+00:00, run_after=2024-03-11 12:00:00+00:00
[2024-03-11T15:50:16.757+0000] {processor.py:183} INFO - Processing /usr/local/lib/python3.8/dist-packages/airflow/example_dags/example_latest_only_with_trigger.py took 0.085 seconds
[2024-03-11T15:51:07.215+0000] {processor.py:161} INFO - Started process (PID=1147) to work on /usr/local/lib/python3.8/dist-packages/airflow/example_dags/example_latest_only_with_trigger.py
[2024-03-11T15:51:07.217+0000] {processor.py:830} INFO - Processing file /usr/local/lib/python3.8/dist-packages/airflow/example_dags/example_latest_only_with_trigger.py for tasks to queue
[2024-03-11T15:51:07.218+0000] {logging_mixin.py:188} INFO - [2024-03-11T15:51:07.218+0000] {dagbag.py:540} INFO - Filling up the DagBag from /usr/local/lib/python3.8/dist-packages/airflow/example_dags/example_latest_only_with_trigger.py
[2024-03-11T15:51:07.225+0000] {processor.py:840} INFO - DAG(s) 'latest_only_with_trigger' retrieved from /usr/local/lib/python3.8/dist-packages/airflow/example_dags/example_latest_only_with_trigger.py
[2024-03-11T15:51:07.242+0000] {logging_mixin.py:188} INFO - [2024-03-11T15:51:07.242+0000] {dag.py:3047} INFO - Sync 1 DAGs
[2024-03-11T15:51:07.265+0000] {logging_mixin.py:188} INFO - [2024-03-11T15:51:07.265+0000] {dag.py:3834} INFO - Setting next_dagrun for latest_only_with_trigger to 2024-03-11 08:00:00+00:00, run_after=2024-03-11 12:00:00+00:00
[2024-03-11T15:51:07.295+0000] {processor.py:183} INFO - Processing /usr/local/lib/python3.8/dist-packages/airflow/example_dags/example_latest_only_with_trigger.py took 0.084 seconds
[2024-03-11T15:52:12.746+0000] {processor.py:161} INFO - Started process (PID=1230) to work on /usr/local/lib/python3.8/dist-packages/airflow/example_dags/example_latest_only_with_trigger.py
[2024-03-11T15:52:12.748+0000] {processor.py:830} INFO - Processing file /usr/local/lib/python3.8/dist-packages/airflow/example_dags/example_latest_only_with_trigger.py for tasks to queue
[2024-03-11T15:52:12.749+0000] {logging_mixin.py:188} INFO - [2024-03-11T15:52:12.749+0000] {dagbag.py:540} INFO - Filling up the DagBag from /usr/local/lib/python3.8/dist-packages/airflow/example_dags/example_latest_only_with_trigger.py
[2024-03-11T15:52:12.759+0000] {processor.py:840} INFO - DAG(s) 'latest_only_with_trigger' retrieved from /usr/local/lib/python3.8/dist-packages/airflow/example_dags/example_latest_only_with_trigger.py
[2024-03-11T15:52:12.777+0000] {logging_mixin.py:188} INFO - [2024-03-11T15:52:12.777+0000] {dag.py:3047} INFO - Sync 1 DAGs
[2024-03-11T15:52:12.799+0000] {logging_mixin.py:188} INFO - [2024-03-11T15:52:12.799+0000] {dag.py:3834} INFO - Setting next_dagrun for latest_only_with_trigger to 2024-03-11 08:00:00+00:00, run_after=2024-03-11 12:00:00+00:00
[2024-03-11T15:52:12.829+0000] {processor.py:183} INFO - Processing /usr/local/lib/python3.8/dist-packages/airflow/example_dags/example_latest_only_with_trigger.py took 0.086 seconds
[2024-03-11T15:53:20.658+0000] {processor.py:161} INFO - Started process (PID=1297) to work on /usr/local/lib/python3.8/dist-packages/airflow/example_dags/example_latest_only_with_trigger.py
[2024-03-11T15:53:20.660+0000] {processor.py:830} INFO - Processing file /usr/local/lib/python3.8/dist-packages/airflow/example_dags/example_latest_only_with_trigger.py for tasks to queue
[2024-03-11T15:53:20.661+0000] {logging_mixin.py:188} INFO - [2024-03-11T15:53:20.661+0000] {dagbag.py:540} INFO - Filling up the DagBag from /usr/local/lib/python3.8/dist-packages/airflow/example_dags/example_latest_only_with_trigger.py
[2024-03-11T15:53:20.668+0000] {processor.py:840} INFO - DAG(s) 'latest_only_with_trigger' retrieved from /usr/local/lib/python3.8/dist-packages/airflow/example_dags/example_latest_only_with_trigger.py
[2024-03-11T15:53:20.687+0000] {logging_mixin.py:188} INFO - [2024-03-11T15:53:20.687+0000] {dag.py:3047} INFO - Sync 1 DAGs
[2024-03-11T15:53:20.709+0000] {logging_mixin.py:188} INFO - [2024-03-11T15:53:20.709+0000] {dag.py:3834} INFO - Setting next_dagrun for latest_only_with_trigger to 2024-03-11 08:00:00+00:00, run_after=2024-03-11 12:00:00+00:00
[2024-03-11T15:53:20.740+0000] {processor.py:183} INFO - Processing /usr/local/lib/python3.8/dist-packages/airflow/example_dags/example_latest_only_with_trigger.py took 0.085 seconds
[2024-03-11T15:54:10.347+0000] {processor.py:161} INFO - Started process (PID=1364) to work on /usr/local/lib/python3.8/dist-packages/airflow/example_dags/example_latest_only_with_trigger.py
[2024-03-11T15:54:10.350+0000] {processor.py:830} INFO - Processing file /usr/local/lib/python3.8/dist-packages/airflow/example_dags/example_latest_only_with_trigger.py for tasks to queue
[2024-03-11T15:54:10.351+0000] {logging_mixin.py:188} INFO - [2024-03-11T15:54:10.350+0000] {dagbag.py:540} INFO - Filling up the DagBag from /usr/local/lib/python3.8/dist-packages/airflow/example_dags/example_latest_only_with_trigger.py
[2024-03-11T15:54:10.356+0000] {processor.py:840} INFO - DAG(s) 'latest_only_with_trigger' retrieved from /usr/local/lib/python3.8/dist-packages/airflow/example_dags/example_latest_only_with_trigger.py
[2024-03-11T15:54:10.527+0000] {logging_mixin.py:188} INFO - [2024-03-11T15:54:10.526+0000] {dag.py:3047} INFO - Sync 1 DAGs
[2024-03-11T15:54:10.540+0000] {logging_mixin.py:188} INFO - [2024-03-11T15:54:10.540+0000] {dag.py:3834} INFO - Setting next_dagrun for latest_only_with_trigger to 2024-03-11 08:00:00+00:00, run_after=2024-03-11 12:00:00+00:00
[2024-03-11T15:54:10.590+0000] {processor.py:183} INFO - Processing /usr/local/lib/python3.8/dist-packages/airflow/example_dags/example_latest_only_with_trigger.py took 0.246 seconds
[2024-03-11T15:56:08.188+0000] {processor.py:161} INFO - Started process (PID=1479) to work on /usr/local/lib/python3.8/dist-packages/airflow/example_dags/example_latest_only_with_trigger.py
[2024-03-11T15:56:08.190+0000] {processor.py:830} INFO - Processing file /usr/local/lib/python3.8/dist-packages/airflow/example_dags/example_latest_only_with_trigger.py for tasks to queue
[2024-03-11T15:56:08.191+0000] {logging_mixin.py:188} INFO - [2024-03-11T15:56:08.191+0000] {dagbag.py:540} INFO - Filling up the DagBag from /usr/local/lib/python3.8/dist-packages/airflow/example_dags/example_latest_only_with_trigger.py
[2024-03-11T15:56:08.199+0000] {processor.py:840} INFO - DAG(s) 'latest_only_with_trigger' retrieved from /usr/local/lib/python3.8/dist-packages/airflow/example_dags/example_latest_only_with_trigger.py
[2024-03-11T15:56:08.324+0000] {logging_mixin.py:188} INFO - [2024-03-11T15:56:08.324+0000] {dag.py:3047} INFO - Sync 1 DAGs
[2024-03-11T15:56:08.345+0000] {logging_mixin.py:188} INFO - [2024-03-11T15:56:08.344+0000] {dag.py:3834} INFO - Setting next_dagrun for latest_only_with_trigger to 2024-03-11 08:00:00+00:00, run_after=2024-03-11 12:00:00+00:00
[2024-03-11T15:56:08.373+0000] {processor.py:183} INFO - Processing /usr/local/lib/python3.8/dist-packages/airflow/example_dags/example_latest_only_with_trigger.py took 0.189 seconds
[2024-03-11T15:57:04.490+0000] {processor.py:161} INFO - Started process (PID=1531) to work on /usr/local/lib/python3.8/dist-packages/airflow/example_dags/example_latest_only_with_trigger.py
[2024-03-11T15:57:04.492+0000] {processor.py:830} INFO - Processing file /usr/local/lib/python3.8/dist-packages/airflow/example_dags/example_latest_only_with_trigger.py for tasks to queue
[2024-03-11T15:57:04.493+0000] {logging_mixin.py:188} INFO - [2024-03-11T15:57:04.493+0000] {dagbag.py:540} INFO - Filling up the DagBag from /usr/local/lib/python3.8/dist-packages/airflow/example_dags/example_latest_only_with_trigger.py
[2024-03-11T15:57:04.500+0000] {processor.py:840} INFO - DAG(s) 'latest_only_with_trigger' retrieved from /usr/local/lib/python3.8/dist-packages/airflow/example_dags/example_latest_only_with_trigger.py
[2024-03-11T15:57:04.519+0000] {logging_mixin.py:188} INFO - [2024-03-11T15:57:04.519+0000] {dag.py:3047} INFO - Sync 1 DAGs
[2024-03-11T15:57:04.541+0000] {logging_mixin.py:188} INFO - [2024-03-11T15:57:04.541+0000] {dag.py:3834} INFO - Setting next_dagrun for latest_only_with_trigger to 2024-03-11 08:00:00+00:00, run_after=2024-03-11 12:00:00+00:00
[2024-03-11T15:57:04.571+0000] {processor.py:183} INFO - Processing /usr/local/lib/python3.8/dist-packages/airflow/example_dags/example_latest_only_with_trigger.py took 0.084 seconds
[2024-03-11T15:57:59.290+0000] {processor.py:161} INFO - Started process (PID=1583) to work on /usr/local/lib/python3.8/dist-packages/airflow/example_dags/example_latest_only_with_trigger.py
[2024-03-11T15:57:59.292+0000] {processor.py:830} INFO - Processing file /usr/local/lib/python3.8/dist-packages/airflow/example_dags/example_latest_only_with_trigger.py for tasks to queue
[2024-03-11T15:57:59.293+0000] {logging_mixin.py:188} INFO - [2024-03-11T15:57:59.292+0000] {dagbag.py:540} INFO - Filling up the DagBag from /usr/local/lib/python3.8/dist-packages/airflow/example_dags/example_latest_only_with_trigger.py
[2024-03-11T15:57:59.299+0000] {processor.py:840} INFO - DAG(s) 'latest_only_with_trigger' retrieved from /usr/local/lib/python3.8/dist-packages/airflow/example_dags/example_latest_only_with_trigger.py
[2024-03-11T15:57:59.317+0000] {logging_mixin.py:188} INFO - [2024-03-11T15:57:59.317+0000] {dag.py:3047} INFO - Sync 1 DAGs
[2024-03-11T15:57:59.340+0000] {logging_mixin.py:188} INFO - [2024-03-11T15:57:59.340+0000] {dag.py:3834} INFO - Setting next_dagrun for latest_only_with_trigger to 2024-03-11 08:00:00+00:00, run_after=2024-03-11 12:00:00+00:00
[2024-03-11T15:57:59.369+0000] {processor.py:183} INFO - Processing /usr/local/lib/python3.8/dist-packages/airflow/example_dags/example_latest_only_with_trigger.py took 0.083 seconds
[2024-03-11T16:09:03.756+0000] {processor.py:161} INFO - Started process (PID=454) to work on /usr/local/lib/python3.8/dist-packages/airflow/example_dags/example_latest_only_with_trigger.py
[2024-03-11T16:09:03.758+0000] {processor.py:830} INFO - Processing file /usr/local/lib/python3.8/dist-packages/airflow/example_dags/example_latest_only_with_trigger.py for tasks to queue
[2024-03-11T16:09:03.759+0000] {logging_mixin.py:188} INFO - [2024-03-11T16:09:03.759+0000] {dagbag.py:540} INFO - Filling up the DagBag from /usr/local/lib/python3.8/dist-packages/airflow/example_dags/example_latest_only_with_trigger.py
[2024-03-11T16:09:03.766+0000] {processor.py:840} INFO - DAG(s) 'latest_only_with_trigger' retrieved from /usr/local/lib/python3.8/dist-packages/airflow/example_dags/example_latest_only_with_trigger.py
[2024-03-11T16:09:03.889+0000] {logging_mixin.py:188} INFO - [2024-03-11T16:09:03.889+0000] {dag.py:3047} INFO - Sync 1 DAGs
[2024-03-11T16:09:03.909+0000] {logging_mixin.py:188} INFO - [2024-03-11T16:09:03.909+0000] {dag.py:3834} INFO - Setting next_dagrun for latest_only_with_trigger to 2024-03-11 12:00:00+00:00, run_after=2024-03-11 16:00:00+00:00
[2024-03-11T16:09:03.939+0000] {processor.py:183} INFO - Processing /usr/local/lib/python3.8/dist-packages/airflow/example_dags/example_latest_only_with_trigger.py took 0.187 seconds
[2024-03-11T16:09:57.831+0000] {processor.py:161} INFO - Started process (PID=507) to work on /usr/local/lib/python3.8/dist-packages/airflow/example_dags/example_latest_only_with_trigger.py
[2024-03-11T16:09:57.833+0000] {processor.py:830} INFO - Processing file /usr/local/lib/python3.8/dist-packages/airflow/example_dags/example_latest_only_with_trigger.py for tasks to queue
[2024-03-11T16:09:57.834+0000] {logging_mixin.py:188} INFO - [2024-03-11T16:09:57.834+0000] {dagbag.py:540} INFO - Filling up the DagBag from /usr/local/lib/python3.8/dist-packages/airflow/example_dags/example_latest_only_with_trigger.py
[2024-03-11T16:09:57.841+0000] {processor.py:840} INFO - DAG(s) 'latest_only_with_trigger' retrieved from /usr/local/lib/python3.8/dist-packages/airflow/example_dags/example_latest_only_with_trigger.py
[2024-03-11T16:09:57.859+0000] {logging_mixin.py:188} INFO - [2024-03-11T16:09:57.859+0000] {dag.py:3047} INFO - Sync 1 DAGs
[2024-03-11T16:09:57.882+0000] {logging_mixin.py:188} INFO - [2024-03-11T16:09:57.882+0000] {dag.py:3834} INFO - Setting next_dagrun for latest_only_with_trigger to 2024-03-11 12:00:00+00:00, run_after=2024-03-11 16:00:00+00:00
[2024-03-11T16:09:57.912+0000] {processor.py:183} INFO - Processing /usr/local/lib/python3.8/dist-packages/airflow/example_dags/example_latest_only_with_trigger.py took 0.084 seconds
[2024-03-11T16:10:51.071+0000] {processor.py:161} INFO - Started process (PID=560) to work on /usr/local/lib/python3.8/dist-packages/airflow/example_dags/example_latest_only_with_trigger.py
[2024-03-11T16:10:51.074+0000] {processor.py:830} INFO - Processing file /usr/local/lib/python3.8/dist-packages/airflow/example_dags/example_latest_only_with_trigger.py for tasks to queue
[2024-03-11T16:10:51.075+0000] {logging_mixin.py:188} INFO - [2024-03-11T16:10:51.074+0000] {dagbag.py:540} INFO - Filling up the DagBag from /usr/local/lib/python3.8/dist-packages/airflow/example_dags/example_latest_only_with_trigger.py
[2024-03-11T16:10:51.081+0000] {processor.py:840} INFO - DAG(s) 'latest_only_with_trigger' retrieved from /usr/local/lib/python3.8/dist-packages/airflow/example_dags/example_latest_only_with_trigger.py
[2024-03-11T16:10:51.098+0000] {logging_mixin.py:188} INFO - [2024-03-11T16:10:51.098+0000] {dag.py:3047} INFO - Sync 1 DAGs
[2024-03-11T16:10:51.122+0000] {logging_mixin.py:188} INFO - [2024-03-11T16:10:51.121+0000] {dag.py:3834} INFO - Setting next_dagrun for latest_only_with_trigger to 2024-03-11 12:00:00+00:00, run_after=2024-03-11 16:00:00+00:00
[2024-03-11T16:10:51.153+0000] {processor.py:183} INFO - Processing /usr/local/lib/python3.8/dist-packages/airflow/example_dags/example_latest_only_with_trigger.py took 0.086 seconds
[2024-03-11T16:11:49.007+0000] {processor.py:161} INFO - Started process (PID=623) to work on /usr/local/lib/python3.8/dist-packages/airflow/example_dags/example_latest_only_with_trigger.py
[2024-03-11T16:11:49.010+0000] {processor.py:830} INFO - Processing file /usr/local/lib/python3.8/dist-packages/airflow/example_dags/example_latest_only_with_trigger.py for tasks to queue
[2024-03-11T16:11:49.011+0000] {logging_mixin.py:188} INFO - [2024-03-11T16:11:49.010+0000] {dagbag.py:540} INFO - Filling up the DagBag from /usr/local/lib/python3.8/dist-packages/airflow/example_dags/example_latest_only_with_trigger.py
[2024-03-11T16:11:49.017+0000] {processor.py:840} INFO - DAG(s) 'latest_only_with_trigger' retrieved from /usr/local/lib/python3.8/dist-packages/airflow/example_dags/example_latest_only_with_trigger.py
[2024-03-11T16:11:49.034+0000] {logging_mixin.py:188} INFO - [2024-03-11T16:11:49.034+0000] {dag.py:3047} INFO - Sync 1 DAGs
[2024-03-11T16:11:49.057+0000] {logging_mixin.py:188} INFO - [2024-03-11T16:11:49.057+0000] {dag.py:3834} INFO - Setting next_dagrun for latest_only_with_trigger to 2024-03-11 12:00:00+00:00, run_after=2024-03-11 16:00:00+00:00
[2024-03-11T16:11:49.088+0000] {processor.py:183} INFO - Processing /usr/local/lib/python3.8/dist-packages/airflow/example_dags/example_latest_only_with_trigger.py took 0.083 seconds
[2024-03-11T16:12:42.670+0000] {processor.py:161} INFO - Started process (PID=676) to work on /usr/local/lib/python3.8/dist-packages/airflow/example_dags/example_latest_only_with_trigger.py
[2024-03-11T16:12:42.672+0000] {processor.py:830} INFO - Processing file /usr/local/lib/python3.8/dist-packages/airflow/example_dags/example_latest_only_with_trigger.py for tasks to queue
[2024-03-11T16:12:42.673+0000] {logging_mixin.py:188} INFO - [2024-03-11T16:12:42.673+0000] {dagbag.py:540} INFO - Filling up the DagBag from /usr/local/lib/python3.8/dist-packages/airflow/example_dags/example_latest_only_with_trigger.py
[2024-03-11T16:12:42.680+0000] {processor.py:840} INFO - DAG(s) 'latest_only_with_trigger' retrieved from /usr/local/lib/python3.8/dist-packages/airflow/example_dags/example_latest_only_with_trigger.py
[2024-03-11T16:12:42.697+0000] {logging_mixin.py:188} INFO - [2024-03-11T16:12:42.697+0000] {dag.py:3047} INFO - Sync 1 DAGs
[2024-03-11T16:12:42.720+0000] {logging_mixin.py:188} INFO - [2024-03-11T16:12:42.720+0000] {dag.py:3834} INFO - Setting next_dagrun for latest_only_with_trigger to 2024-03-11 12:00:00+00:00, run_after=2024-03-11 16:00:00+00:00
[2024-03-11T16:12:42.749+0000] {processor.py:183} INFO - Processing /usr/local/lib/python3.8/dist-packages/airflow/example_dags/example_latest_only_with_trigger.py took 0.082 seconds
[2024-03-11T16:13:52.607+0000] {processor.py:161} INFO - Started process (PID=759) to work on /usr/local/lib/python3.8/dist-packages/airflow/example_dags/example_latest_only_with_trigger.py
[2024-03-11T16:13:52.609+0000] {processor.py:830} INFO - Processing file /usr/local/lib/python3.8/dist-packages/airflow/example_dags/example_latest_only_with_trigger.py for tasks to queue
[2024-03-11T16:13:52.610+0000] {logging_mixin.py:188} INFO - [2024-03-11T16:13:52.610+0000] {dagbag.py:540} INFO - Filling up the DagBag from /usr/local/lib/python3.8/dist-packages/airflow/example_dags/example_latest_only_with_trigger.py
[2024-03-11T16:13:52.617+0000] {processor.py:840} INFO - DAG(s) 'latest_only_with_trigger' retrieved from /usr/local/lib/python3.8/dist-packages/airflow/example_dags/example_latest_only_with_trigger.py
[2024-03-11T16:13:52.634+0000] {logging_mixin.py:188} INFO - [2024-03-11T16:13:52.634+0000] {dag.py:3047} INFO - Sync 1 DAGs
[2024-03-11T16:13:52.657+0000] {logging_mixin.py:188} INFO - [2024-03-11T16:13:52.657+0000] {dag.py:3834} INFO - Setting next_dagrun for latest_only_with_trigger to 2024-03-11 12:00:00+00:00, run_after=2024-03-11 16:00:00+00:00
[2024-03-11T16:13:52.688+0000] {processor.py:183} INFO - Processing /usr/local/lib/python3.8/dist-packages/airflow/example_dags/example_latest_only_with_trigger.py took 0.084 seconds
[2024-03-11T16:14:43.865+0000] {processor.py:161} INFO - Started process (PID=812) to work on /usr/local/lib/python3.8/dist-packages/airflow/example_dags/example_latest_only_with_trigger.py
[2024-03-11T16:14:43.867+0000] {processor.py:830} INFO - Processing file /usr/local/lib/python3.8/dist-packages/airflow/example_dags/example_latest_only_with_trigger.py for tasks to queue
[2024-03-11T16:14:43.868+0000] {logging_mixin.py:188} INFO - [2024-03-11T16:14:43.868+0000] {dagbag.py:540} INFO - Filling up the DagBag from /usr/local/lib/python3.8/dist-packages/airflow/example_dags/example_latest_only_with_trigger.py
[2024-03-11T16:14:43.874+0000] {processor.py:840} INFO - DAG(s) 'latest_only_with_trigger' retrieved from /usr/local/lib/python3.8/dist-packages/airflow/example_dags/example_latest_only_with_trigger.py
[2024-03-11T16:14:43.892+0000] {logging_mixin.py:188} INFO - [2024-03-11T16:14:43.892+0000] {dag.py:3047} INFO - Sync 1 DAGs
[2024-03-11T16:14:43.915+0000] {logging_mixin.py:188} INFO - [2024-03-11T16:14:43.915+0000] {dag.py:3834} INFO - Setting next_dagrun for latest_only_with_trigger to 2024-03-11 12:00:00+00:00, run_after=2024-03-11 16:00:00+00:00
[2024-03-11T16:14:43.945+0000] {processor.py:183} INFO - Processing /usr/local/lib/python3.8/dist-packages/airflow/example_dags/example_latest_only_with_trigger.py took 0.083 seconds
[2024-03-11T16:15:54.818+0000] {processor.py:161} INFO - Started process (PID=883) to work on /usr/local/lib/python3.8/dist-packages/airflow/example_dags/example_latest_only_with_trigger.py
[2024-03-11T16:15:54.820+0000] {processor.py:830} INFO - Processing file /usr/local/lib/python3.8/dist-packages/airflow/example_dags/example_latest_only_with_trigger.py for tasks to queue
[2024-03-11T16:15:54.821+0000] {logging_mixin.py:188} INFO - [2024-03-11T16:15:54.821+0000] {dagbag.py:540} INFO - Filling up the DagBag from /usr/local/lib/python3.8/dist-packages/airflow/example_dags/example_latest_only_with_trigger.py
[2024-03-11T16:15:54.828+0000] {processor.py:840} INFO - DAG(s) 'latest_only_with_trigger' retrieved from /usr/local/lib/python3.8/dist-packages/airflow/example_dags/example_latest_only_with_trigger.py
[2024-03-11T16:15:54.845+0000] {logging_mixin.py:188} INFO - [2024-03-11T16:15:54.845+0000] {dag.py:3047} INFO - Sync 1 DAGs
[2024-03-11T16:15:54.869+0000] {logging_mixin.py:188} INFO - [2024-03-11T16:15:54.868+0000] {dag.py:3834} INFO - Setting next_dagrun for latest_only_with_trigger to 2024-03-11 12:00:00+00:00, run_after=2024-03-11 16:00:00+00:00
[2024-03-11T16:15:54.908+0000] {processor.py:183} INFO - Processing /usr/local/lib/python3.8/dist-packages/airflow/example_dags/example_latest_only_with_trigger.py took 0.094 seconds
[2024-03-11T16:17:04.594+0000] {processor.py:161} INFO - Started process (PID=952) to work on /usr/local/lib/python3.8/dist-packages/airflow/example_dags/example_latest_only_with_trigger.py
[2024-03-11T16:17:04.596+0000] {processor.py:830} INFO - Processing file /usr/local/lib/python3.8/dist-packages/airflow/example_dags/example_latest_only_with_trigger.py for tasks to queue
[2024-03-11T16:17:04.597+0000] {logging_mixin.py:188} INFO - [2024-03-11T16:17:04.597+0000] {dagbag.py:540} INFO - Filling up the DagBag from /usr/local/lib/python3.8/dist-packages/airflow/example_dags/example_latest_only_with_trigger.py
[2024-03-11T16:17:04.603+0000] {processor.py:840} INFO - DAG(s) 'latest_only_with_trigger' retrieved from /usr/local/lib/python3.8/dist-packages/airflow/example_dags/example_latest_only_with_trigger.py
[2024-03-11T16:17:04.622+0000] {logging_mixin.py:188} INFO - [2024-03-11T16:17:04.622+0000] {dag.py:3047} INFO - Sync 1 DAGs
[2024-03-11T16:17:04.645+0000] {logging_mixin.py:188} INFO - [2024-03-11T16:17:04.644+0000] {dag.py:3834} INFO - Setting next_dagrun for latest_only_with_trigger to 2024-03-11 12:00:00+00:00, run_after=2024-03-11 16:00:00+00:00
[2024-03-11T16:17:04.674+0000] {processor.py:183} INFO - Processing /usr/local/lib/python3.8/dist-packages/airflow/example_dags/example_latest_only_with_trigger.py took 0.083 seconds
[2024-03-11T16:18:16.032+0000] {processor.py:161} INFO - Started process (PID=1023) to work on /usr/local/lib/python3.8/dist-packages/airflow/example_dags/example_latest_only_with_trigger.py
[2024-03-11T16:18:16.035+0000] {processor.py:830} INFO - Processing file /usr/local/lib/python3.8/dist-packages/airflow/example_dags/example_latest_only_with_trigger.py for tasks to queue
[2024-03-11T16:18:16.036+0000] {logging_mixin.py:188} INFO - [2024-03-11T16:18:16.035+0000] {dagbag.py:540} INFO - Filling up the DagBag from /usr/local/lib/python3.8/dist-packages/airflow/example_dags/example_latest_only_with_trigger.py
[2024-03-11T16:18:16.043+0000] {processor.py:840} INFO - DAG(s) 'latest_only_with_trigger' retrieved from /usr/local/lib/python3.8/dist-packages/airflow/example_dags/example_latest_only_with_trigger.py
[2024-03-11T16:18:16.061+0000] {logging_mixin.py:188} INFO - [2024-03-11T16:18:16.061+0000] {dag.py:3047} INFO - Sync 1 DAGs
[2024-03-11T16:18:16.083+0000] {logging_mixin.py:188} INFO - [2024-03-11T16:18:16.083+0000] {dag.py:3834} INFO - Setting next_dagrun for latest_only_with_trigger to 2024-03-11 12:00:00+00:00, run_after=2024-03-11 16:00:00+00:00
[2024-03-11T16:18:16.112+0000] {processor.py:183} INFO - Processing /usr/local/lib/python3.8/dist-packages/airflow/example_dags/example_latest_only_with_trigger.py took 0.083 seconds
[2024-03-11T16:19:07.187+0000] {processor.py:161} INFO - Started process (PID=1072) to work on /usr/local/lib/python3.8/dist-packages/airflow/example_dags/example_latest_only_with_trigger.py
[2024-03-11T16:19:07.190+0000] {processor.py:830} INFO - Processing file /usr/local/lib/python3.8/dist-packages/airflow/example_dags/example_latest_only_with_trigger.py for tasks to queue
[2024-03-11T16:19:07.191+0000] {logging_mixin.py:188} INFO - [2024-03-11T16:19:07.190+0000] {dagbag.py:540} INFO - Filling up the DagBag from /usr/local/lib/python3.8/dist-packages/airflow/example_dags/example_latest_only_with_trigger.py
[2024-03-11T16:19:07.198+0000] {processor.py:840} INFO - DAG(s) 'latest_only_with_trigger' retrieved from /usr/local/lib/python3.8/dist-packages/airflow/example_dags/example_latest_only_with_trigger.py
[2024-03-11T16:19:07.216+0000] {logging_mixin.py:188} INFO - [2024-03-11T16:19:07.216+0000] {dag.py:3047} INFO - Sync 1 DAGs
[2024-03-11T16:19:07.238+0000] {logging_mixin.py:188} INFO - [2024-03-11T16:19:07.238+0000] {dag.py:3834} INFO - Setting next_dagrun for latest_only_with_trigger to 2024-03-11 12:00:00+00:00, run_after=2024-03-11 16:00:00+00:00
[2024-03-11T16:19:07.268+0000] {processor.py:183} INFO - Processing /usr/local/lib/python3.8/dist-packages/airflow/example_dags/example_latest_only_with_trigger.py took 0.084 seconds
[2024-03-11T16:20:13.160+0000] {processor.py:161} INFO - Started process (PID=1159) to work on /usr/local/lib/python3.8/dist-packages/airflow/example_dags/example_latest_only_with_trigger.py
[2024-03-11T16:20:13.162+0000] {processor.py:830} INFO - Processing file /usr/local/lib/python3.8/dist-packages/airflow/example_dags/example_latest_only_with_trigger.py for tasks to queue
[2024-03-11T16:20:13.163+0000] {logging_mixin.py:188} INFO - [2024-03-11T16:20:13.162+0000] {dagbag.py:540} INFO - Filling up the DagBag from /usr/local/lib/python3.8/dist-packages/airflow/example_dags/example_latest_only_with_trigger.py
[2024-03-11T16:20:13.170+0000] {processor.py:840} INFO - DAG(s) 'latest_only_with_trigger' retrieved from /usr/local/lib/python3.8/dist-packages/airflow/example_dags/example_latest_only_with_trigger.py
[2024-03-11T16:20:13.187+0000] {logging_mixin.py:188} INFO - [2024-03-11T16:20:13.187+0000] {dag.py:3047} INFO - Sync 1 DAGs
[2024-03-11T16:20:13.210+0000] {logging_mixin.py:188} INFO - [2024-03-11T16:20:13.210+0000] {dag.py:3834} INFO - Setting next_dagrun for latest_only_with_trigger to 2024-03-11 12:00:00+00:00, run_after=2024-03-11 16:00:00+00:00
[2024-03-11T16:20:13.240+0000] {processor.py:183} INFO - Processing /usr/local/lib/python3.8/dist-packages/airflow/example_dags/example_latest_only_with_trigger.py took 0.083 seconds
[2024-03-11T16:21:21.077+0000] {processor.py:161} INFO - Started process (PID=1259) to work on /usr/local/lib/python3.8/dist-packages/airflow/example_dags/example_latest_only_with_trigger.py
[2024-03-11T16:21:21.079+0000] {processor.py:830} INFO - Processing file /usr/local/lib/python3.8/dist-packages/airflow/example_dags/example_latest_only_with_trigger.py for tasks to queue
[2024-03-11T16:21:21.080+0000] {logging_mixin.py:188} INFO - [2024-03-11T16:21:21.079+0000] {dagbag.py:540} INFO - Filling up the DagBag from /usr/local/lib/python3.8/dist-packages/airflow/example_dags/example_latest_only_with_trigger.py
[2024-03-11T16:21:21.086+0000] {processor.py:840} INFO - DAG(s) 'latest_only_with_trigger' retrieved from /usr/local/lib/python3.8/dist-packages/airflow/example_dags/example_latest_only_with_trigger.py
[2024-03-11T16:21:21.105+0000] {logging_mixin.py:188} INFO - [2024-03-11T16:21:21.104+0000] {dag.py:3047} INFO - Sync 1 DAGs
[2024-03-11T16:21:21.126+0000] {logging_mixin.py:188} INFO - [2024-03-11T16:21:21.126+0000] {dag.py:3834} INFO - Setting next_dagrun for latest_only_with_trigger to 2024-03-11 12:00:00+00:00, run_after=2024-03-11 16:00:00+00:00
[2024-03-11T16:21:21.156+0000] {processor.py:183} INFO - Processing /usr/local/lib/python3.8/dist-packages/airflow/example_dags/example_latest_only_with_trigger.py took 0.082 seconds
[2024-03-11T16:22:10.641+0000] {processor.py:161} INFO - Started process (PID=1319) to work on /usr/local/lib/python3.8/dist-packages/airflow/example_dags/example_latest_only_with_trigger.py
[2024-03-11T16:22:10.644+0000] {processor.py:830} INFO - Processing file /usr/local/lib/python3.8/dist-packages/airflow/example_dags/example_latest_only_with_trigger.py for tasks to queue
[2024-03-11T16:22:10.645+0000] {logging_mixin.py:188} INFO - [2024-03-11T16:22:10.644+0000] {dagbag.py:540} INFO - Filling up the DagBag from /usr/local/lib/python3.8/dist-packages/airflow/example_dags/example_latest_only_with_trigger.py
[2024-03-11T16:22:10.649+0000] {processor.py:840} INFO - DAG(s) 'latest_only_with_trigger' retrieved from /usr/local/lib/python3.8/dist-packages/airflow/example_dags/example_latest_only_with_trigger.py
[2024-03-11T16:22:10.662+0000] {logging_mixin.py:188} INFO - [2024-03-11T16:22:10.662+0000] {dag.py:3047} INFO - Sync 1 DAGs
[2024-03-11T16:22:10.678+0000] {logging_mixin.py:188} INFO - [2024-03-11T16:22:10.678+0000] {dag.py:3834} INFO - Setting next_dagrun for latest_only_with_trigger to 2024-03-11 12:00:00+00:00, run_after=2024-03-11 16:00:00+00:00
[2024-03-11T16:22:10.700+0000] {processor.py:183} INFO - Processing /usr/local/lib/python3.8/dist-packages/airflow/example_dags/example_latest_only_with_trigger.py took 0.061 seconds
[2024-03-11T16:23:37.545+0000] {processor.py:161} INFO - Started process (PID=1433) to work on /usr/local/lib/python3.8/dist-packages/airflow/example_dags/example_latest_only_with_trigger.py
[2024-03-11T16:23:37.548+0000] {processor.py:830} INFO - Processing file /usr/local/lib/python3.8/dist-packages/airflow/example_dags/example_latest_only_with_trigger.py for tasks to queue
[2024-03-11T16:23:37.549+0000] {logging_mixin.py:188} INFO - [2024-03-11T16:23:37.548+0000] {dagbag.py:540} INFO - Filling up the DagBag from /usr/local/lib/python3.8/dist-packages/airflow/example_dags/example_latest_only_with_trigger.py
[2024-03-11T16:23:37.555+0000] {processor.py:840} INFO - DAG(s) 'latest_only_with_trigger' retrieved from /usr/local/lib/python3.8/dist-packages/airflow/example_dags/example_latest_only_with_trigger.py
[2024-03-11T16:23:37.573+0000] {logging_mixin.py:188} INFO - [2024-03-11T16:23:37.573+0000] {dag.py:3047} INFO - Sync 1 DAGs
[2024-03-11T16:23:37.596+0000] {logging_mixin.py:188} INFO - [2024-03-11T16:23:37.595+0000] {dag.py:3834} INFO - Setting next_dagrun for latest_only_with_trigger to 2024-03-11 12:00:00+00:00, run_after=2024-03-11 16:00:00+00:00
[2024-03-11T16:23:37.624+0000] {processor.py:183} INFO - Processing /usr/local/lib/python3.8/dist-packages/airflow/example_dags/example_latest_only_with_trigger.py took 0.082 seconds
[2024-03-11T16:24:30.969+0000] {processor.py:161} INFO - Started process (PID=1485) to work on /usr/local/lib/python3.8/dist-packages/airflow/example_dags/example_latest_only_with_trigger.py
[2024-03-11T16:24:30.971+0000] {processor.py:830} INFO - Processing file /usr/local/lib/python3.8/dist-packages/airflow/example_dags/example_latest_only_with_trigger.py for tasks to queue
[2024-03-11T16:24:30.972+0000] {logging_mixin.py:188} INFO - [2024-03-11T16:24:30.972+0000] {dagbag.py:540} INFO - Filling up the DagBag from /usr/local/lib/python3.8/dist-packages/airflow/example_dags/example_latest_only_with_trigger.py
[2024-03-11T16:24:30.979+0000] {processor.py:840} INFO - DAG(s) 'latest_only_with_trigger' retrieved from /usr/local/lib/python3.8/dist-packages/airflow/example_dags/example_latest_only_with_trigger.py
[2024-03-11T16:24:30.998+0000] {logging_mixin.py:188} INFO - [2024-03-11T16:24:30.997+0000] {dag.py:3047} INFO - Sync 1 DAGs
[2024-03-11T16:24:31.020+0000] {logging_mixin.py:188} INFO - [2024-03-11T16:24:31.020+0000] {dag.py:3834} INFO - Setting next_dagrun for latest_only_with_trigger to 2024-03-11 12:00:00+00:00, run_after=2024-03-11 16:00:00+00:00
[2024-03-11T16:24:31.051+0000] {processor.py:183} INFO - Processing /usr/local/lib/python3.8/dist-packages/airflow/example_dags/example_latest_only_with_trigger.py took 0.085 seconds
[2024-03-11T16:25:28.046+0000] {processor.py:161} INFO - Started process (PID=1545) to work on /usr/local/lib/python3.8/dist-packages/airflow/example_dags/example_latest_only_with_trigger.py
[2024-03-11T16:25:28.048+0000] {processor.py:830} INFO - Processing file /usr/local/lib/python3.8/dist-packages/airflow/example_dags/example_latest_only_with_trigger.py for tasks to queue
[2024-03-11T16:25:28.049+0000] {logging_mixin.py:188} INFO - [2024-03-11T16:25:28.049+0000] {dagbag.py:540} INFO - Filling up the DagBag from /usr/local/lib/python3.8/dist-packages/airflow/example_dags/example_latest_only_with_trigger.py
[2024-03-11T16:25:28.056+0000] {processor.py:840} INFO - DAG(s) 'latest_only_with_trigger' retrieved from /usr/local/lib/python3.8/dist-packages/airflow/example_dags/example_latest_only_with_trigger.py
[2024-03-11T16:25:28.073+0000] {logging_mixin.py:188} INFO - [2024-03-11T16:25:28.073+0000] {dag.py:3047} INFO - Sync 1 DAGs
[2024-03-11T16:25:28.096+0000] {logging_mixin.py:188} INFO - [2024-03-11T16:25:28.096+0000] {dag.py:3834} INFO - Setting next_dagrun for latest_only_with_trigger to 2024-03-11 12:00:00+00:00, run_after=2024-03-11 16:00:00+00:00
[2024-03-11T16:25:28.125+0000] {processor.py:183} INFO - Processing /usr/local/lib/python3.8/dist-packages/airflow/example_dags/example_latest_only_with_trigger.py took 0.082 seconds
[2024-03-11T16:28:01.783+0000] {processor.py:161} INFO - Started process (PID=1635) to work on /usr/local/lib/python3.8/dist-packages/airflow/example_dags/example_latest_only_with_trigger.py
[2024-03-11T16:28:01.785+0000] {processor.py:830} INFO - Processing file /usr/local/lib/python3.8/dist-packages/airflow/example_dags/example_latest_only_with_trigger.py for tasks to queue
[2024-03-11T16:28:01.786+0000] {logging_mixin.py:188} INFO - [2024-03-11T16:28:01.785+0000] {dagbag.py:540} INFO - Filling up the DagBag from /usr/local/lib/python3.8/dist-packages/airflow/example_dags/example_latest_only_with_trigger.py
[2024-03-11T16:28:01.795+0000] {processor.py:840} INFO - DAG(s) 'latest_only_with_trigger' retrieved from /usr/local/lib/python3.8/dist-packages/airflow/example_dags/example_latest_only_with_trigger.py
[2024-03-11T16:28:01.816+0000] {logging_mixin.py:188} INFO - [2024-03-11T16:28:01.815+0000] {dag.py:3047} INFO - Sync 1 DAGs
[2024-03-11T16:28:01.839+0000] {logging_mixin.py:188} INFO - [2024-03-11T16:28:01.839+0000] {dag.py:3834} INFO - Setting next_dagrun for latest_only_with_trigger to 2024-03-11 12:00:00+00:00, run_after=2024-03-11 16:00:00+00:00
[2024-03-11T16:28:01.871+0000] {processor.py:183} INFO - Processing /usr/local/lib/python3.8/dist-packages/airflow/example_dags/example_latest_only_with_trigger.py took 0.092 seconds
[2024-03-11T16:28:57.559+0000] {processor.py:161} INFO - Started process (PID=1696) to work on /usr/local/lib/python3.8/dist-packages/airflow/example_dags/example_latest_only_with_trigger.py
[2024-03-11T16:28:57.562+0000] {processor.py:830} INFO - Processing file /usr/local/lib/python3.8/dist-packages/airflow/example_dags/example_latest_only_with_trigger.py for tasks to queue
[2024-03-11T16:28:57.564+0000] {logging_mixin.py:188} INFO - [2024-03-11T16:28:57.563+0000] {dagbag.py:540} INFO - Filling up the DagBag from /usr/local/lib/python3.8/dist-packages/airflow/example_dags/example_latest_only_with_trigger.py
[2024-03-11T16:28:57.571+0000] {processor.py:840} INFO - DAG(s) 'latest_only_with_trigger' retrieved from /usr/local/lib/python3.8/dist-packages/airflow/example_dags/example_latest_only_with_trigger.py
[2024-03-11T16:28:57.590+0000] {logging_mixin.py:188} INFO - [2024-03-11T16:28:57.589+0000] {dag.py:3047} INFO - Sync 1 DAGs
[2024-03-11T16:28:57.614+0000] {logging_mixin.py:188} INFO - [2024-03-11T16:28:57.614+0000] {dag.py:3834} INFO - Setting next_dagrun for latest_only_with_trigger to 2024-03-11 12:00:00+00:00, run_after=2024-03-11 16:00:00+00:00
[2024-03-11T16:28:57.644+0000] {processor.py:183} INFO - Processing /usr/local/lib/python3.8/dist-packages/airflow/example_dags/example_latest_only_with_trigger.py took 0.090 seconds
[2024-03-11T16:29:47.299+0000] {processor.py:161} INFO - Started process (PID=1749) to work on /usr/local/lib/python3.8/dist-packages/airflow/example_dags/example_latest_only_with_trigger.py
[2024-03-11T16:29:47.301+0000] {processor.py:830} INFO - Processing file /usr/local/lib/python3.8/dist-packages/airflow/example_dags/example_latest_only_with_trigger.py for tasks to queue
[2024-03-11T16:29:47.305+0000] {logging_mixin.py:188} INFO - [2024-03-11T16:29:47.305+0000] {dagbag.py:540} INFO - Filling up the DagBag from /usr/local/lib/python3.8/dist-packages/airflow/example_dags/example_latest_only_with_trigger.py
[2024-03-11T16:29:47.315+0000] {processor.py:840} INFO - DAG(s) 'latest_only_with_trigger' retrieved from /usr/local/lib/python3.8/dist-packages/airflow/example_dags/example_latest_only_with_trigger.py
[2024-03-11T16:29:47.336+0000] {logging_mixin.py:188} INFO - [2024-03-11T16:29:47.336+0000] {dag.py:3047} INFO - Sync 1 DAGs
[2024-03-11T16:29:47.359+0000] {logging_mixin.py:188} INFO - [2024-03-11T16:29:47.359+0000] {dag.py:3834} INFO - Setting next_dagrun for latest_only_with_trigger to 2024-03-11 12:00:00+00:00, run_after=2024-03-11 16:00:00+00:00
[2024-03-11T16:29:47.389+0000] {processor.py:183} INFO - Processing /usr/local/lib/python3.8/dist-packages/airflow/example_dags/example_latest_only_with_trigger.py took 0.094 seconds
[2024-03-11T16:30:38.052+0000] {processor.py:161} INFO - Started process (PID=1807) to work on /usr/local/lib/python3.8/dist-packages/airflow/example_dags/example_latest_only_with_trigger.py
[2024-03-11T16:30:38.058+0000] {processor.py:830} INFO - Processing file /usr/local/lib/python3.8/dist-packages/airflow/example_dags/example_latest_only_with_trigger.py for tasks to queue
[2024-03-11T16:30:38.059+0000] {logging_mixin.py:188} INFO - [2024-03-11T16:30:38.059+0000] {dagbag.py:540} INFO - Filling up the DagBag from /usr/local/lib/python3.8/dist-packages/airflow/example_dags/example_latest_only_with_trigger.py
[2024-03-11T16:30:38.067+0000] {processor.py:840} INFO - DAG(s) 'latest_only_with_trigger' retrieved from /usr/local/lib/python3.8/dist-packages/airflow/example_dags/example_latest_only_with_trigger.py
[2024-03-11T16:30:38.098+0000] {logging_mixin.py:188} INFO - [2024-03-11T16:30:38.098+0000] {dag.py:3047} INFO - Sync 1 DAGs
[2024-03-11T16:30:38.121+0000] {logging_mixin.py:188} INFO - [2024-03-11T16:30:38.121+0000] {dag.py:3834} INFO - Setting next_dagrun for latest_only_with_trigger to 2024-03-11 12:00:00+00:00, run_after=2024-03-11 16:00:00+00:00
[2024-03-11T16:30:38.153+0000] {processor.py:183} INFO - Processing /usr/local/lib/python3.8/dist-packages/airflow/example_dags/example_latest_only_with_trigger.py took 0.104 seconds
[2024-03-11T16:33:32.105+0000] {processor.py:161} INFO - Started process (PID=1914) to work on /usr/local/lib/python3.8/dist-packages/airflow/example_dags/example_latest_only_with_trigger.py
[2024-03-11T16:33:32.108+0000] {processor.py:830} INFO - Processing file /usr/local/lib/python3.8/dist-packages/airflow/example_dags/example_latest_only_with_trigger.py for tasks to queue
[2024-03-11T16:33:32.109+0000] {logging_mixin.py:188} INFO - [2024-03-11T16:33:32.109+0000] {dagbag.py:540} INFO - Filling up the DagBag from /usr/local/lib/python3.8/dist-packages/airflow/example_dags/example_latest_only_with_trigger.py
[2024-03-11T16:33:32.117+0000] {processor.py:840} INFO - DAG(s) 'latest_only_with_trigger' retrieved from /usr/local/lib/python3.8/dist-packages/airflow/example_dags/example_latest_only_with_trigger.py
[2024-03-11T16:33:32.137+0000] {logging_mixin.py:188} INFO - [2024-03-11T16:33:32.137+0000] {dag.py:3047} INFO - Sync 1 DAGs
[2024-03-11T16:33:32.160+0000] {logging_mixin.py:188} INFO - [2024-03-11T16:33:32.160+0000] {dag.py:3834} INFO - Setting next_dagrun for latest_only_with_trigger to 2024-03-11 12:00:00+00:00, run_after=2024-03-11 16:00:00+00:00
[2024-03-11T16:33:32.191+0000] {processor.py:183} INFO - Processing /usr/local/lib/python3.8/dist-packages/airflow/example_dags/example_latest_only_with_trigger.py took 0.090 seconds
[2024-03-11T16:36:20.813+0000] {processor.py:161} INFO - Started process (PID=2007) to work on /usr/local/lib/python3.8/dist-packages/airflow/example_dags/example_latest_only_with_trigger.py
[2024-03-11T16:36:20.820+0000] {processor.py:830} INFO - Processing file /usr/local/lib/python3.8/dist-packages/airflow/example_dags/example_latest_only_with_trigger.py for tasks to queue
[2024-03-11T16:36:20.821+0000] {logging_mixin.py:188} INFO - [2024-03-11T16:36:20.821+0000] {dagbag.py:540} INFO - Filling up the DagBag from /usr/local/lib/python3.8/dist-packages/airflow/example_dags/example_latest_only_with_trigger.py
[2024-03-11T16:36:20.829+0000] {processor.py:840} INFO - DAG(s) 'latest_only_with_trigger' retrieved from /usr/local/lib/python3.8/dist-packages/airflow/example_dags/example_latest_only_with_trigger.py
[2024-03-11T16:36:20.850+0000] {logging_mixin.py:188} INFO - [2024-03-11T16:36:20.849+0000] {dag.py:3047} INFO - Sync 1 DAGs
[2024-03-11T16:36:20.873+0000] {logging_mixin.py:188} INFO - [2024-03-11T16:36:20.873+0000] {dag.py:3834} INFO - Setting next_dagrun for latest_only_with_trigger to 2024-03-11 12:00:00+00:00, run_after=2024-03-11 16:00:00+00:00
[2024-03-11T16:36:20.902+0000] {processor.py:183} INFO - Processing /usr/local/lib/python3.8/dist-packages/airflow/example_dags/example_latest_only_with_trigger.py took 0.093 seconds
[2024-03-11T16:41:28.874+0000] {processor.py:161} INFO - Started process (PID=457) to work on /usr/local/lib/python3.8/dist-packages/airflow/example_dags/example_latest_only_with_trigger.py
[2024-03-11T16:41:28.876+0000] {processor.py:830} INFO - Processing file /usr/local/lib/python3.8/dist-packages/airflow/example_dags/example_latest_only_with_trigger.py for tasks to queue
[2024-03-11T16:41:28.877+0000] {logging_mixin.py:188} INFO - [2024-03-11T16:41:28.876+0000] {dagbag.py:540} INFO - Filling up the DagBag from /usr/local/lib/python3.8/dist-packages/airflow/example_dags/example_latest_only_with_trigger.py
[2024-03-11T16:41:28.884+0000] {processor.py:840} INFO - DAG(s) 'latest_only_with_trigger' retrieved from /usr/local/lib/python3.8/dist-packages/airflow/example_dags/example_latest_only_with_trigger.py
[2024-03-11T16:41:28.902+0000] {logging_mixin.py:188} INFO - [2024-03-11T16:41:28.901+0000] {dag.py:3047} INFO - Sync 1 DAGs
[2024-03-11T16:41:29.022+0000] {logging_mixin.py:188} INFO - [2024-03-11T16:41:29.021+0000] {dag.py:3834} INFO - Setting next_dagrun for latest_only_with_trigger to 2024-03-11 12:00:00+00:00, run_after=2024-03-11 16:00:00+00:00
[2024-03-11T16:41:29.049+0000] {processor.py:183} INFO - Processing /usr/local/lib/python3.8/dist-packages/airflow/example_dags/example_latest_only_with_trigger.py took 0.179 seconds
[2024-03-11T16:48:11.607+0000] {processor.py:161} INFO - Started process (PID=830) to work on /usr/local/lib/python3.8/dist-packages/airflow/example_dags/example_latest_only_with_trigger.py
[2024-03-11T16:48:11.609+0000] {processor.py:830} INFO - Processing file /usr/local/lib/python3.8/dist-packages/airflow/example_dags/example_latest_only_with_trigger.py for tasks to queue
[2024-03-11T16:48:11.610+0000] {logging_mixin.py:188} INFO - [2024-03-11T16:48:11.610+0000] {dagbag.py:540} INFO - Filling up the DagBag from /usr/local/lib/python3.8/dist-packages/airflow/example_dags/example_latest_only_with_trigger.py
[2024-03-11T16:48:11.617+0000] {processor.py:840} INFO - DAG(s) 'latest_only_with_trigger' retrieved from /usr/local/lib/python3.8/dist-packages/airflow/example_dags/example_latest_only_with_trigger.py
[2024-03-11T16:48:11.736+0000] {logging_mixin.py:188} INFO - [2024-03-11T16:48:11.735+0000] {dag.py:3047} INFO - Sync 1 DAGs
[2024-03-11T16:48:11.753+0000] {logging_mixin.py:188} INFO - [2024-03-11T16:48:11.752+0000] {dag.py:3834} INFO - Setting next_dagrun for latest_only_with_trigger to 2024-03-11 12:00:00+00:00, run_after=2024-03-11 16:00:00+00:00
[2024-03-11T16:48:11.777+0000] {processor.py:183} INFO - Processing /usr/local/lib/python3.8/dist-packages/airflow/example_dags/example_latest_only_with_trigger.py took 0.173 seconds
[2024-03-11T16:49:05.795+0000] {processor.py:161} INFO - Started process (PID=941) to work on /usr/local/lib/python3.8/dist-packages/airflow/example_dags/example_latest_only_with_trigger.py
[2024-03-11T16:49:05.797+0000] {processor.py:830} INFO - Processing file /usr/local/lib/python3.8/dist-packages/airflow/example_dags/example_latest_only_with_trigger.py for tasks to queue
[2024-03-11T16:49:05.798+0000] {logging_mixin.py:188} INFO - [2024-03-11T16:49:05.798+0000] {dagbag.py:540} INFO - Filling up the DagBag from /usr/local/lib/python3.8/dist-packages/airflow/example_dags/example_latest_only_with_trigger.py
[2024-03-11T16:49:05.805+0000] {processor.py:840} INFO - DAG(s) 'latest_only_with_trigger' retrieved from /usr/local/lib/python3.8/dist-packages/airflow/example_dags/example_latest_only_with_trigger.py
[2024-03-11T16:49:05.822+0000] {logging_mixin.py:188} INFO - [2024-03-11T16:49:05.822+0000] {dag.py:3047} INFO - Sync 1 DAGs
[2024-03-11T16:49:05.844+0000] {logging_mixin.py:188} INFO - [2024-03-11T16:49:05.844+0000] {dag.py:3834} INFO - Setting next_dagrun for latest_only_with_trigger to 2024-03-11 12:00:00+00:00, run_after=2024-03-11 16:00:00+00:00
[2024-03-11T16:49:05.889+0000] {processor.py:183} INFO - Processing /usr/local/lib/python3.8/dist-packages/airflow/example_dags/example_latest_only_with_trigger.py took 0.098 seconds
[2024-03-11T16:50:01.031+0000] {processor.py:161} INFO - Started process (PID=1030) to work on /usr/local/lib/python3.8/dist-packages/airflow/example_dags/example_latest_only_with_trigger.py
[2024-03-11T16:50:01.033+0000] {processor.py:830} INFO - Processing file /usr/local/lib/python3.8/dist-packages/airflow/example_dags/example_latest_only_with_trigger.py for tasks to queue
[2024-03-11T16:50:01.034+0000] {logging_mixin.py:188} INFO - [2024-03-11T16:50:01.034+0000] {dagbag.py:540} INFO - Filling up the DagBag from /usr/local/lib/python3.8/dist-packages/airflow/example_dags/example_latest_only_with_trigger.py
[2024-03-11T16:50:01.041+0000] {processor.py:840} INFO - DAG(s) 'latest_only_with_trigger' retrieved from /usr/local/lib/python3.8/dist-packages/airflow/example_dags/example_latest_only_with_trigger.py
[2024-03-11T16:50:01.058+0000] {logging_mixin.py:188} INFO - [2024-03-11T16:50:01.058+0000] {dag.py:3047} INFO - Sync 1 DAGs
[2024-03-11T16:50:01.080+0000] {logging_mixin.py:188} INFO - [2024-03-11T16:50:01.080+0000] {dag.py:3834} INFO - Setting next_dagrun for latest_only_with_trigger to 2024-03-11 12:00:00+00:00, run_after=2024-03-11 16:00:00+00:00
[2024-03-11T16:50:01.109+0000] {processor.py:183} INFO - Processing /usr/local/lib/python3.8/dist-packages/airflow/example_dags/example_latest_only_with_trigger.py took 0.081 seconds
[2024-03-11T16:50:56.118+0000] {processor.py:161} INFO - Started process (PID=1100) to work on /usr/local/lib/python3.8/dist-packages/airflow/example_dags/example_latest_only_with_trigger.py
[2024-03-11T16:50:56.120+0000] {processor.py:830} INFO - Processing file /usr/local/lib/python3.8/dist-packages/airflow/example_dags/example_latest_only_with_trigger.py for tasks to queue
[2024-03-11T16:50:56.121+0000] {logging_mixin.py:188} INFO - [2024-03-11T16:50:56.121+0000] {dagbag.py:540} INFO - Filling up the DagBag from /usr/local/lib/python3.8/dist-packages/airflow/example_dags/example_latest_only_with_trigger.py
[2024-03-11T16:50:56.128+0000] {processor.py:840} INFO - DAG(s) 'latest_only_with_trigger' retrieved from /usr/local/lib/python3.8/dist-packages/airflow/example_dags/example_latest_only_with_trigger.py
[2024-03-11T16:50:56.145+0000] {logging_mixin.py:188} INFO - [2024-03-11T16:50:56.145+0000] {dag.py:3047} INFO - Sync 1 DAGs
[2024-03-11T16:50:56.166+0000] {logging_mixin.py:188} INFO - [2024-03-11T16:50:56.166+0000] {dag.py:3834} INFO - Setting next_dagrun for latest_only_with_trigger to 2024-03-11 12:00:00+00:00, run_after=2024-03-11 16:00:00+00:00
[2024-03-11T16:50:56.196+0000] {processor.py:183} INFO - Processing /usr/local/lib/python3.8/dist-packages/airflow/example_dags/example_latest_only_with_trigger.py took 0.081 seconds
[2024-03-11T16:51:51.896+0000] {processor.py:161} INFO - Started process (PID=1165) to work on /usr/local/lib/python3.8/dist-packages/airflow/example_dags/example_latest_only_with_trigger.py
[2024-03-11T16:51:51.898+0000] {processor.py:830} INFO - Processing file /usr/local/lib/python3.8/dist-packages/airflow/example_dags/example_latest_only_with_trigger.py for tasks to queue
[2024-03-11T16:51:51.899+0000] {logging_mixin.py:188} INFO - [2024-03-11T16:51:51.899+0000] {dagbag.py:540} INFO - Filling up the DagBag from /usr/local/lib/python3.8/dist-packages/airflow/example_dags/example_latest_only_with_trigger.py
[2024-03-11T16:51:51.909+0000] {processor.py:840} INFO - DAG(s) 'latest_only_with_trigger' retrieved from /usr/local/lib/python3.8/dist-packages/airflow/example_dags/example_latest_only_with_trigger.py
[2024-03-11T16:51:51.927+0000] {logging_mixin.py:188} INFO - [2024-03-11T16:51:51.926+0000] {dag.py:3047} INFO - Sync 1 DAGs
[2024-03-11T16:51:51.948+0000] {logging_mixin.py:188} INFO - [2024-03-11T16:51:51.948+0000] {dag.py:3834} INFO - Setting next_dagrun for latest_only_with_trigger to 2024-03-11 12:00:00+00:00, run_after=2024-03-11 16:00:00+00:00
[2024-03-11T16:51:51.979+0000] {processor.py:183} INFO - Processing /usr/local/lib/python3.8/dist-packages/airflow/example_dags/example_latest_only_with_trigger.py took 0.087 seconds
[2024-03-11T16:52:47.926+0000] {processor.py:161} INFO - Started process (PID=1243) to work on /usr/local/lib/python3.8/dist-packages/airflow/example_dags/example_latest_only_with_trigger.py
[2024-03-11T16:52:47.928+0000] {processor.py:830} INFO - Processing file /usr/local/lib/python3.8/dist-packages/airflow/example_dags/example_latest_only_with_trigger.py for tasks to queue
[2024-03-11T16:52:47.929+0000] {logging_mixin.py:188} INFO - [2024-03-11T16:52:47.928+0000] {dagbag.py:540} INFO - Filling up the DagBag from /usr/local/lib/python3.8/dist-packages/airflow/example_dags/example_latest_only_with_trigger.py
[2024-03-11T16:52:47.935+0000] {processor.py:840} INFO - DAG(s) 'latest_only_with_trigger' retrieved from /usr/local/lib/python3.8/dist-packages/airflow/example_dags/example_latest_only_with_trigger.py
[2024-03-11T16:52:47.950+0000] {logging_mixin.py:188} INFO - [2024-03-11T16:52:47.950+0000] {dag.py:3047} INFO - Sync 1 DAGs
[2024-03-11T16:52:47.967+0000] {logging_mixin.py:188} INFO - [2024-03-11T16:52:47.967+0000] {dag.py:3834} INFO - Setting next_dagrun for latest_only_with_trigger to 2024-03-11 12:00:00+00:00, run_after=2024-03-11 16:00:00+00:00
[2024-03-11T16:52:47.995+0000] {processor.py:183} INFO - Processing /usr/local/lib/python3.8/dist-packages/airflow/example_dags/example_latest_only_with_trigger.py took 0.072 seconds
[2024-03-11T16:53:40.606+0000] {processor.py:161} INFO - Started process (PID=1311) to work on /usr/local/lib/python3.8/dist-packages/airflow/example_dags/example_latest_only_with_trigger.py
[2024-03-11T16:53:40.608+0000] {processor.py:830} INFO - Processing file /usr/local/lib/python3.8/dist-packages/airflow/example_dags/example_latest_only_with_trigger.py for tasks to queue
[2024-03-11T16:53:40.609+0000] {logging_mixin.py:188} INFO - [2024-03-11T16:53:40.609+0000] {dagbag.py:540} INFO - Filling up the DagBag from /usr/local/lib/python3.8/dist-packages/airflow/example_dags/example_latest_only_with_trigger.py
[2024-03-11T16:53:40.616+0000] {processor.py:840} INFO - DAG(s) 'latest_only_with_trigger' retrieved from /usr/local/lib/python3.8/dist-packages/airflow/example_dags/example_latest_only_with_trigger.py
[2024-03-11T16:53:40.633+0000] {logging_mixin.py:188} INFO - [2024-03-11T16:53:40.633+0000] {dag.py:3047} INFO - Sync 1 DAGs
[2024-03-11T16:53:40.655+0000] {logging_mixin.py:188} INFO - [2024-03-11T16:53:40.655+0000] {dag.py:3834} INFO - Setting next_dagrun for latest_only_with_trigger to 2024-03-11 12:00:00+00:00, run_after=2024-03-11 16:00:00+00:00
[2024-03-11T16:53:40.688+0000] {processor.py:183} INFO - Processing /usr/local/lib/python3.8/dist-packages/airflow/example_dags/example_latest_only_with_trigger.py took 0.085 seconds
[2024-03-11T16:54:34.327+0000] {processor.py:161} INFO - Started process (PID=1376) to work on /usr/local/lib/python3.8/dist-packages/airflow/example_dags/example_latest_only_with_trigger.py
[2024-03-11T16:54:34.329+0000] {processor.py:830} INFO - Processing file /usr/local/lib/python3.8/dist-packages/airflow/example_dags/example_latest_only_with_trigger.py for tasks to queue
[2024-03-11T16:54:34.330+0000] {logging_mixin.py:188} INFO - [2024-03-11T16:54:34.329+0000] {dagbag.py:540} INFO - Filling up the DagBag from /usr/local/lib/python3.8/dist-packages/airflow/example_dags/example_latest_only_with_trigger.py
[2024-03-11T16:54:34.337+0000] {processor.py:840} INFO - DAG(s) 'latest_only_with_trigger' retrieved from /usr/local/lib/python3.8/dist-packages/airflow/example_dags/example_latest_only_with_trigger.py
[2024-03-11T16:54:34.353+0000] {logging_mixin.py:188} INFO - [2024-03-11T16:54:34.353+0000] {dag.py:3047} INFO - Sync 1 DAGs
[2024-03-11T16:54:34.375+0000] {logging_mixin.py:188} INFO - [2024-03-11T16:54:34.375+0000] {dag.py:3834} INFO - Setting next_dagrun for latest_only_with_trigger to 2024-03-11 12:00:00+00:00, run_after=2024-03-11 16:00:00+00:00
[2024-03-11T16:54:34.413+0000] {processor.py:183} INFO - Processing /usr/local/lib/python3.8/dist-packages/airflow/example_dags/example_latest_only_with_trigger.py took 0.089 seconds
[2024-03-11T16:55:29.870+0000] {processor.py:161} INFO - Started process (PID=1452) to work on /usr/local/lib/python3.8/dist-packages/airflow/example_dags/example_latest_only_with_trigger.py
[2024-03-11T16:55:29.872+0000] {processor.py:830} INFO - Processing file /usr/local/lib/python3.8/dist-packages/airflow/example_dags/example_latest_only_with_trigger.py for tasks to queue
[2024-03-11T16:55:29.873+0000] {logging_mixin.py:188} INFO - [2024-03-11T16:55:29.873+0000] {dagbag.py:540} INFO - Filling up the DagBag from /usr/local/lib/python3.8/dist-packages/airflow/example_dags/example_latest_only_with_trigger.py
[2024-03-11T16:55:29.880+0000] {processor.py:840} INFO - DAG(s) 'latest_only_with_trigger' retrieved from /usr/local/lib/python3.8/dist-packages/airflow/example_dags/example_latest_only_with_trigger.py
[2024-03-11T16:55:29.895+0000] {logging_mixin.py:188} INFO - [2024-03-11T16:55:29.895+0000] {dag.py:3047} INFO - Sync 1 DAGs
[2024-03-11T16:55:29.912+0000] {logging_mixin.py:188} INFO - [2024-03-11T16:55:29.911+0000] {dag.py:3834} INFO - Setting next_dagrun for latest_only_with_trigger to 2024-03-11 12:00:00+00:00, run_after=2024-03-11 16:00:00+00:00
[2024-03-11T16:55:29.937+0000] {processor.py:183} INFO - Processing /usr/local/lib/python3.8/dist-packages/airflow/example_dags/example_latest_only_with_trigger.py took 0.070 seconds
[2024-03-11T16:56:22.407+0000] {processor.py:161} INFO - Started process (PID=1542) to work on /usr/local/lib/python3.8/dist-packages/airflow/example_dags/example_latest_only_with_trigger.py
[2024-03-11T16:56:22.408+0000] {processor.py:830} INFO - Processing file /usr/local/lib/python3.8/dist-packages/airflow/example_dags/example_latest_only_with_trigger.py for tasks to queue
[2024-03-11T16:56:22.409+0000] {logging_mixin.py:188} INFO - [2024-03-11T16:56:22.409+0000] {dagbag.py:540} INFO - Filling up the DagBag from /usr/local/lib/python3.8/dist-packages/airflow/example_dags/example_latest_only_with_trigger.py
[2024-03-11T16:56:22.416+0000] {processor.py:840} INFO - DAG(s) 'latest_only_with_trigger' retrieved from /usr/local/lib/python3.8/dist-packages/airflow/example_dags/example_latest_only_with_trigger.py
[2024-03-11T16:56:22.431+0000] {logging_mixin.py:188} INFO - [2024-03-11T16:56:22.431+0000] {dag.py:3047} INFO - Sync 1 DAGs
[2024-03-11T16:56:22.448+0000] {logging_mixin.py:188} INFO - [2024-03-11T16:56:22.447+0000] {dag.py:3834} INFO - Setting next_dagrun for latest_only_with_trigger to 2024-03-11 12:00:00+00:00, run_after=2024-03-11 16:00:00+00:00
[2024-03-11T16:56:22.472+0000] {processor.py:183} INFO - Processing /usr/local/lib/python3.8/dist-packages/airflow/example_dags/example_latest_only_with_trigger.py took 0.069 seconds
[2024-03-11T16:57:14.375+0000] {processor.py:161} INFO - Started process (PID=1606) to work on /usr/local/lib/python3.8/dist-packages/airflow/example_dags/example_latest_only_with_trigger.py
[2024-03-11T16:57:14.377+0000] {processor.py:830} INFO - Processing file /usr/local/lib/python3.8/dist-packages/airflow/example_dags/example_latest_only_with_trigger.py for tasks to queue
[2024-03-11T16:57:14.378+0000] {logging_mixin.py:188} INFO - [2024-03-11T16:57:14.378+0000] {dagbag.py:540} INFO - Filling up the DagBag from /usr/local/lib/python3.8/dist-packages/airflow/example_dags/example_latest_only_with_trigger.py
[2024-03-11T16:57:14.386+0000] {processor.py:840} INFO - DAG(s) 'latest_only_with_trigger' retrieved from /usr/local/lib/python3.8/dist-packages/airflow/example_dags/example_latest_only_with_trigger.py
[2024-03-11T16:57:14.410+0000] {logging_mixin.py:188} INFO - [2024-03-11T16:57:14.410+0000] {dag.py:3047} INFO - Sync 1 DAGs
[2024-03-11T16:57:14.432+0000] {logging_mixin.py:188} INFO - [2024-03-11T16:57:14.432+0000] {dag.py:3834} INFO - Setting next_dagrun for latest_only_with_trigger to 2024-03-11 12:00:00+00:00, run_after=2024-03-11 16:00:00+00:00
[2024-03-11T16:57:14.462+0000] {processor.py:183} INFO - Processing /usr/local/lib/python3.8/dist-packages/airflow/example_dags/example_latest_only_with_trigger.py took 0.090 seconds
[2024-03-11T16:58:09.430+0000] {processor.py:161} INFO - Started process (PID=1778) to work on /usr/local/lib/python3.8/dist-packages/airflow/example_dags/example_latest_only_with_trigger.py
[2024-03-11T16:58:09.432+0000] {processor.py:830} INFO - Processing file /usr/local/lib/python3.8/dist-packages/airflow/example_dags/example_latest_only_with_trigger.py for tasks to queue
[2024-03-11T16:58:09.433+0000] {logging_mixin.py:188} INFO - [2024-03-11T16:58:09.432+0000] {dagbag.py:540} INFO - Filling up the DagBag from /usr/local/lib/python3.8/dist-packages/airflow/example_dags/example_latest_only_with_trigger.py
[2024-03-11T16:58:09.440+0000] {processor.py:840} INFO - DAG(s) 'latest_only_with_trigger' retrieved from /usr/local/lib/python3.8/dist-packages/airflow/example_dags/example_latest_only_with_trigger.py
[2024-03-11T16:58:09.456+0000] {logging_mixin.py:188} INFO - [2024-03-11T16:58:09.456+0000] {dag.py:3047} INFO - Sync 1 DAGs
[2024-03-11T16:58:09.474+0000] {logging_mixin.py:188} INFO - [2024-03-11T16:58:09.474+0000] {dag.py:3834} INFO - Setting next_dagrun for latest_only_with_trigger to 2024-03-11 12:00:00+00:00, run_after=2024-03-11 16:00:00+00:00
[2024-03-11T16:58:09.501+0000] {processor.py:183} INFO - Processing /usr/local/lib/python3.8/dist-packages/airflow/example_dags/example_latest_only_with_trigger.py took 0.074 seconds
[2024-03-11T17:07:29.304+0000] {processor.py:161} INFO - Started process (PID=2107) to work on /usr/local/lib/python3.8/dist-packages/airflow/example_dags/example_latest_only_with_trigger.py
[2024-03-11T17:07:29.307+0000] {processor.py:830} INFO - Processing file /usr/local/lib/python3.8/dist-packages/airflow/example_dags/example_latest_only_with_trigger.py for tasks to queue
[2024-03-11T17:07:29.308+0000] {logging_mixin.py:188} INFO - [2024-03-11T17:07:29.308+0000] {dagbag.py:540} INFO - Filling up the DagBag from /usr/local/lib/python3.8/dist-packages/airflow/example_dags/example_latest_only_with_trigger.py
[2024-03-11T17:07:29.317+0000] {processor.py:840} INFO - DAG(s) 'latest_only_with_trigger' retrieved from /usr/local/lib/python3.8/dist-packages/airflow/example_dags/example_latest_only_with_trigger.py
[2024-03-11T17:07:29.423+0000] {logging_mixin.py:188} INFO - [2024-03-11T17:07:29.423+0000] {dag.py:3047} INFO - Sync 1 DAGs
[2024-03-11T17:07:29.439+0000] {logging_mixin.py:188} INFO - [2024-03-11T17:07:29.439+0000] {dag.py:3834} INFO - Setting next_dagrun for latest_only_with_trigger to 2024-03-11 12:00:00+00:00, run_after=2024-03-11 16:00:00+00:00
[2024-03-11T17:07:29.463+0000] {processor.py:183} INFO - Processing /usr/local/lib/python3.8/dist-packages/airflow/example_dags/example_latest_only_with_trigger.py took 0.163 seconds
[2024-03-11T17:08:53.806+0000] {processor.py:161} INFO - Started process (PID=2323) to work on /usr/local/lib/python3.8/dist-packages/airflow/example_dags/example_latest_only_with_trigger.py
[2024-03-11T17:08:53.808+0000] {processor.py:830} INFO - Processing file /usr/local/lib/python3.8/dist-packages/airflow/example_dags/example_latest_only_with_trigger.py for tasks to queue
[2024-03-11T17:08:53.809+0000] {logging_mixin.py:188} INFO - [2024-03-11T17:08:53.809+0000] {dagbag.py:540} INFO - Filling up the DagBag from /usr/local/lib/python3.8/dist-packages/airflow/example_dags/example_latest_only_with_trigger.py
[2024-03-11T17:08:53.815+0000] {processor.py:840} INFO - DAG(s) 'latest_only_with_trigger' retrieved from /usr/local/lib/python3.8/dist-packages/airflow/example_dags/example_latest_only_with_trigger.py
[2024-03-11T17:08:53.914+0000] {logging_mixin.py:188} INFO - [2024-03-11T17:08:53.913+0000] {dag.py:3047} INFO - Sync 1 DAGs
[2024-03-11T17:08:53.928+0000] {logging_mixin.py:188} INFO - [2024-03-11T17:08:53.928+0000] {dag.py:3834} INFO - Setting next_dagrun for latest_only_with_trigger to 2024-03-11 12:00:00+00:00, run_after=2024-03-11 16:00:00+00:00
[2024-03-11T17:08:53.951+0000] {processor.py:183} INFO - Processing /usr/local/lib/python3.8/dist-packages/airflow/example_dags/example_latest_only_with_trigger.py took 0.148 seconds
[2024-03-11T17:09:51.258+0000] {processor.py:161} INFO - Started process (PID=2401) to work on /usr/local/lib/python3.8/dist-packages/airflow/example_dags/example_latest_only_with_trigger.py
[2024-03-11T17:09:51.260+0000] {processor.py:830} INFO - Processing file /usr/local/lib/python3.8/dist-packages/airflow/example_dags/example_latest_only_with_trigger.py for tasks to queue
[2024-03-11T17:09:51.261+0000] {logging_mixin.py:188} INFO - [2024-03-11T17:09:51.261+0000] {dagbag.py:540} INFO - Filling up the DagBag from /usr/local/lib/python3.8/dist-packages/airflow/example_dags/example_latest_only_with_trigger.py
[2024-03-11T17:09:51.268+0000] {processor.py:840} INFO - DAG(s) 'latest_only_with_trigger' retrieved from /usr/local/lib/python3.8/dist-packages/airflow/example_dags/example_latest_only_with_trigger.py
[2024-03-11T17:09:51.283+0000] {logging_mixin.py:188} INFO - [2024-03-11T17:09:51.283+0000] {dag.py:3047} INFO - Sync 1 DAGs
[2024-03-11T17:09:51.300+0000] {logging_mixin.py:188} INFO - [2024-03-11T17:09:51.300+0000] {dag.py:3834} INFO - Setting next_dagrun for latest_only_with_trigger to 2024-03-11 12:00:00+00:00, run_after=2024-03-11 16:00:00+00:00
[2024-03-11T17:09:51.326+0000] {processor.py:183} INFO - Processing /usr/local/lib/python3.8/dist-packages/airflow/example_dags/example_latest_only_with_trigger.py took 0.071 seconds
[2024-03-11T17:10:49.038+0000] {processor.py:161} INFO - Started process (PID=2479) to work on /usr/local/lib/python3.8/dist-packages/airflow/example_dags/example_latest_only_with_trigger.py
[2024-03-11T17:10:49.040+0000] {processor.py:830} INFO - Processing file /usr/local/lib/python3.8/dist-packages/airflow/example_dags/example_latest_only_with_trigger.py for tasks to queue
[2024-03-11T17:10:49.041+0000] {logging_mixin.py:188} INFO - [2024-03-11T17:10:49.041+0000] {dagbag.py:540} INFO - Filling up the DagBag from /usr/local/lib/python3.8/dist-packages/airflow/example_dags/example_latest_only_with_trigger.py
[2024-03-11T17:10:49.048+0000] {processor.py:840} INFO - DAG(s) 'latest_only_with_trigger' retrieved from /usr/local/lib/python3.8/dist-packages/airflow/example_dags/example_latest_only_with_trigger.py
[2024-03-11T17:10:49.065+0000] {logging_mixin.py:188} INFO - [2024-03-11T17:10:49.065+0000] {dag.py:3047} INFO - Sync 1 DAGs
[2024-03-11T17:10:49.086+0000] {logging_mixin.py:188} INFO - [2024-03-11T17:10:49.086+0000] {dag.py:3834} INFO - Setting next_dagrun for latest_only_with_trigger to 2024-03-11 12:00:00+00:00, run_after=2024-03-11 16:00:00+00:00
[2024-03-11T17:10:49.116+0000] {processor.py:183} INFO - Processing /usr/local/lib/python3.8/dist-packages/airflow/example_dags/example_latest_only_with_trigger.py took 0.081 seconds
[2024-03-11T17:12:11.438+0000] {processor.py:161} INFO - Started process (PID=2587) to work on /usr/local/lib/python3.8/dist-packages/airflow/example_dags/example_latest_only_with_trigger.py
[2024-03-11T17:12:11.440+0000] {processor.py:830} INFO - Processing file /usr/local/lib/python3.8/dist-packages/airflow/example_dags/example_latest_only_with_trigger.py for tasks to queue
[2024-03-11T17:12:11.441+0000] {logging_mixin.py:188} INFO - [2024-03-11T17:12:11.441+0000] {dagbag.py:540} INFO - Filling up the DagBag from /usr/local/lib/python3.8/dist-packages/airflow/example_dags/example_latest_only_with_trigger.py
[2024-03-11T17:12:11.448+0000] {processor.py:840} INFO - DAG(s) 'latest_only_with_trigger' retrieved from /usr/local/lib/python3.8/dist-packages/airflow/example_dags/example_latest_only_with_trigger.py
[2024-03-11T17:12:11.563+0000] {logging_mixin.py:188} INFO - [2024-03-11T17:12:11.563+0000] {dag.py:3047} INFO - Sync 1 DAGs
[2024-03-11T17:12:11.578+0000] {logging_mixin.py:188} INFO - [2024-03-11T17:12:11.577+0000] {dag.py:3834} INFO - Setting next_dagrun for latest_only_with_trigger to 2024-03-11 12:00:00+00:00, run_after=2024-03-11 16:00:00+00:00
[2024-03-11T17:12:11.601+0000] {processor.py:183} INFO - Processing /usr/local/lib/python3.8/dist-packages/airflow/example_dags/example_latest_only_with_trigger.py took 0.165 seconds
[2024-03-11T17:13:08.491+0000] {processor.py:161} INFO - Started process (PID=2687) to work on /usr/local/lib/python3.8/dist-packages/airflow/example_dags/example_latest_only_with_trigger.py
[2024-03-11T17:13:08.493+0000] {processor.py:830} INFO - Processing file /usr/local/lib/python3.8/dist-packages/airflow/example_dags/example_latest_only_with_trigger.py for tasks to queue
[2024-03-11T17:13:08.494+0000] {logging_mixin.py:188} INFO - [2024-03-11T17:13:08.494+0000] {dagbag.py:540} INFO - Filling up the DagBag from /usr/local/lib/python3.8/dist-packages/airflow/example_dags/example_latest_only_with_trigger.py
[2024-03-11T17:13:08.502+0000] {processor.py:840} INFO - DAG(s) 'latest_only_with_trigger' retrieved from /usr/local/lib/python3.8/dist-packages/airflow/example_dags/example_latest_only_with_trigger.py
[2024-03-11T17:13:08.520+0000] {logging_mixin.py:188} INFO - [2024-03-11T17:13:08.520+0000] {dag.py:3047} INFO - Sync 1 DAGs
[2024-03-11T17:13:08.542+0000] {logging_mixin.py:188} INFO - [2024-03-11T17:13:08.542+0000] {dag.py:3834} INFO - Setting next_dagrun for latest_only_with_trigger to 2024-03-11 12:00:00+00:00, run_after=2024-03-11 16:00:00+00:00
[2024-03-11T17:13:08.574+0000] {processor.py:183} INFO - Processing /usr/local/lib/python3.8/dist-packages/airflow/example_dags/example_latest_only_with_trigger.py took 0.086 seconds
[2024-03-11T17:14:04.698+0000] {processor.py:161} INFO - Started process (PID=2786) to work on /usr/local/lib/python3.8/dist-packages/airflow/example_dags/example_latest_only_with_trigger.py
[2024-03-11T17:14:04.700+0000] {processor.py:830} INFO - Processing file /usr/local/lib/python3.8/dist-packages/airflow/example_dags/example_latest_only_with_trigger.py for tasks to queue
[2024-03-11T17:14:04.701+0000] {logging_mixin.py:188} INFO - [2024-03-11T17:14:04.701+0000] {dagbag.py:540} INFO - Filling up the DagBag from /usr/local/lib/python3.8/dist-packages/airflow/example_dags/example_latest_only_with_trigger.py
[2024-03-11T17:14:04.708+0000] {processor.py:840} INFO - DAG(s) 'latest_only_with_trigger' retrieved from /usr/local/lib/python3.8/dist-packages/airflow/example_dags/example_latest_only_with_trigger.py
[2024-03-11T17:14:04.725+0000] {logging_mixin.py:188} INFO - [2024-03-11T17:14:04.725+0000] {dag.py:3047} INFO - Sync 1 DAGs
[2024-03-11T17:14:04.746+0000] {logging_mixin.py:188} INFO - [2024-03-11T17:14:04.746+0000] {dag.py:3834} INFO - Setting next_dagrun for latest_only_with_trigger to 2024-03-11 12:00:00+00:00, run_after=2024-03-11 16:00:00+00:00
[2024-03-11T17:14:04.776+0000] {processor.py:183} INFO - Processing /usr/local/lib/python3.8/dist-packages/airflow/example_dags/example_latest_only_with_trigger.py took 0.081 seconds
[2024-03-11T17:15:23.127+0000] {processor.py:161} INFO - Started process (PID=2938) to work on /usr/local/lib/python3.8/dist-packages/airflow/example_dags/example_latest_only_with_trigger.py
[2024-03-11T17:15:23.129+0000] {processor.py:830} INFO - Processing file /usr/local/lib/python3.8/dist-packages/airflow/example_dags/example_latest_only_with_trigger.py for tasks to queue
[2024-03-11T17:15:23.130+0000] {logging_mixin.py:188} INFO - [2024-03-11T17:15:23.130+0000] {dagbag.py:540} INFO - Filling up the DagBag from /usr/local/lib/python3.8/dist-packages/airflow/example_dags/example_latest_only_with_trigger.py
[2024-03-11T17:15:23.137+0000] {processor.py:840} INFO - DAG(s) 'latest_only_with_trigger' retrieved from /usr/local/lib/python3.8/dist-packages/airflow/example_dags/example_latest_only_with_trigger.py
[2024-03-11T17:15:23.155+0000] {logging_mixin.py:188} INFO - [2024-03-11T17:15:23.154+0000] {dag.py:3047} INFO - Sync 1 DAGs
[2024-03-11T17:15:23.177+0000] {logging_mixin.py:188} INFO - [2024-03-11T17:15:23.177+0000] {dag.py:3834} INFO - Setting next_dagrun for latest_only_with_trigger to 2024-03-11 12:00:00+00:00, run_after=2024-03-11 16:00:00+00:00
[2024-03-11T17:15:23.208+0000] {processor.py:183} INFO - Processing /usr/local/lib/python3.8/dist-packages/airflow/example_dags/example_latest_only_with_trigger.py took 0.084 seconds
[2024-03-11T17:16:18.730+0000] {processor.py:161} INFO - Started process (PID=3016) to work on /usr/local/lib/python3.8/dist-packages/airflow/example_dags/example_latest_only_with_trigger.py
[2024-03-11T17:16:18.732+0000] {processor.py:830} INFO - Processing file /usr/local/lib/python3.8/dist-packages/airflow/example_dags/example_latest_only_with_trigger.py for tasks to queue
[2024-03-11T17:16:18.733+0000] {logging_mixin.py:188} INFO - [2024-03-11T17:16:18.733+0000] {dagbag.py:540} INFO - Filling up the DagBag from /usr/local/lib/python3.8/dist-packages/airflow/example_dags/example_latest_only_with_trigger.py
[2024-03-11T17:16:18.740+0000] {processor.py:840} INFO - DAG(s) 'latest_only_with_trigger' retrieved from /usr/local/lib/python3.8/dist-packages/airflow/example_dags/example_latest_only_with_trigger.py
[2024-03-11T17:16:18.757+0000] {logging_mixin.py:188} INFO - [2024-03-11T17:16:18.757+0000] {dag.py:3047} INFO - Sync 1 DAGs
[2024-03-11T17:16:18.780+0000] {logging_mixin.py:188} INFO - [2024-03-11T17:16:18.780+0000] {dag.py:3834} INFO - Setting next_dagrun for latest_only_with_trigger to 2024-03-11 12:00:00+00:00, run_after=2024-03-11 16:00:00+00:00
[2024-03-11T17:16:18.808+0000] {processor.py:183} INFO - Processing /usr/local/lib/python3.8/dist-packages/airflow/example_dags/example_latest_only_with_trigger.py took 0.081 seconds
[2024-03-11T17:17:12.147+0000] {processor.py:161} INFO - Started process (PID=3080) to work on /usr/local/lib/python3.8/dist-packages/airflow/example_dags/example_latest_only_with_trigger.py
[2024-03-11T17:17:12.149+0000] {processor.py:830} INFO - Processing file /usr/local/lib/python3.8/dist-packages/airflow/example_dags/example_latest_only_with_trigger.py for tasks to queue
[2024-03-11T17:17:12.150+0000] {logging_mixin.py:188} INFO - [2024-03-11T17:17:12.149+0000] {dagbag.py:540} INFO - Filling up the DagBag from /usr/local/lib/python3.8/dist-packages/airflow/example_dags/example_latest_only_with_trigger.py
[2024-03-11T17:17:12.157+0000] {processor.py:840} INFO - DAG(s) 'latest_only_with_trigger' retrieved from /usr/local/lib/python3.8/dist-packages/airflow/example_dags/example_latest_only_with_trigger.py
[2024-03-11T17:17:12.173+0000] {logging_mixin.py:188} INFO - [2024-03-11T17:17:12.173+0000] {dag.py:3047} INFO - Sync 1 DAGs
[2024-03-11T17:17:12.195+0000] {logging_mixin.py:188} INFO - [2024-03-11T17:17:12.195+0000] {dag.py:3834} INFO - Setting next_dagrun for latest_only_with_trigger to 2024-03-11 12:00:00+00:00, run_after=2024-03-11 16:00:00+00:00
[2024-03-11T17:17:12.223+0000] {processor.py:183} INFO - Processing /usr/local/lib/python3.8/dist-packages/airflow/example_dags/example_latest_only_with_trigger.py took 0.080 seconds
[2024-03-11T17:18:08.279+0000] {processor.py:161} INFO - Started process (PID=3151) to work on /usr/local/lib/python3.8/dist-packages/airflow/example_dags/example_latest_only_with_trigger.py
[2024-03-11T17:18:08.281+0000] {processor.py:830} INFO - Processing file /usr/local/lib/python3.8/dist-packages/airflow/example_dags/example_latest_only_with_trigger.py for tasks to queue
[2024-03-11T17:18:08.282+0000] {logging_mixin.py:188} INFO - [2024-03-11T17:18:08.282+0000] {dagbag.py:540} INFO - Filling up the DagBag from /usr/local/lib/python3.8/dist-packages/airflow/example_dags/example_latest_only_with_trigger.py
[2024-03-11T17:18:08.288+0000] {processor.py:840} INFO - DAG(s) 'latest_only_with_trigger' retrieved from /usr/local/lib/python3.8/dist-packages/airflow/example_dags/example_latest_only_with_trigger.py
[2024-03-11T17:18:08.303+0000] {logging_mixin.py:188} INFO - [2024-03-11T17:18:08.302+0000] {dag.py:3047} INFO - Sync 1 DAGs
[2024-03-11T17:18:08.319+0000] {logging_mixin.py:188} INFO - [2024-03-11T17:18:08.319+0000] {dag.py:3834} INFO - Setting next_dagrun for latest_only_with_trigger to 2024-03-11 12:00:00+00:00, run_after=2024-03-11 16:00:00+00:00
[2024-03-11T17:18:08.344+0000] {processor.py:183} INFO - Processing /usr/local/lib/python3.8/dist-packages/airflow/example_dags/example_latest_only_with_trigger.py took 0.068 seconds
[2024-03-11T17:19:04.108+0000] {processor.py:161} INFO - Started process (PID=3227) to work on /usr/local/lib/python3.8/dist-packages/airflow/example_dags/example_latest_only_with_trigger.py
[2024-03-11T17:19:04.110+0000] {processor.py:830} INFO - Processing file /usr/local/lib/python3.8/dist-packages/airflow/example_dags/example_latest_only_with_trigger.py for tasks to queue
[2024-03-11T17:19:04.111+0000] {logging_mixin.py:188} INFO - [2024-03-11T17:19:04.110+0000] {dagbag.py:540} INFO - Filling up the DagBag from /usr/local/lib/python3.8/dist-packages/airflow/example_dags/example_latest_only_with_trigger.py
[2024-03-11T17:19:04.118+0000] {processor.py:840} INFO - DAG(s) 'latest_only_with_trigger' retrieved from /usr/local/lib/python3.8/dist-packages/airflow/example_dags/example_latest_only_with_trigger.py
[2024-03-11T17:19:04.135+0000] {logging_mixin.py:188} INFO - [2024-03-11T17:19:04.135+0000] {dag.py:3047} INFO - Sync 1 DAGs
[2024-03-11T17:19:04.157+0000] {logging_mixin.py:188} INFO - [2024-03-11T17:19:04.156+0000] {dag.py:3834} INFO - Setting next_dagrun for latest_only_with_trigger to 2024-03-11 12:00:00+00:00, run_after=2024-03-11 16:00:00+00:00
[2024-03-11T17:19:04.181+0000] {processor.py:183} INFO - Processing /usr/local/lib/python3.8/dist-packages/airflow/example_dags/example_latest_only_with_trigger.py took 0.076 seconds
[2024-03-11T17:19:56.474+0000] {processor.py:161} INFO - Started process (PID=3292) to work on /usr/local/lib/python3.8/dist-packages/airflow/example_dags/example_latest_only_with_trigger.py
[2024-03-11T17:19:56.476+0000] {processor.py:830} INFO - Processing file /usr/local/lib/python3.8/dist-packages/airflow/example_dags/example_latest_only_with_trigger.py for tasks to queue
[2024-03-11T17:19:56.477+0000] {logging_mixin.py:188} INFO - [2024-03-11T17:19:56.477+0000] {dagbag.py:540} INFO - Filling up the DagBag from /usr/local/lib/python3.8/dist-packages/airflow/example_dags/example_latest_only_with_trigger.py
[2024-03-11T17:19:56.484+0000] {processor.py:840} INFO - DAG(s) 'latest_only_with_trigger' retrieved from /usr/local/lib/python3.8/dist-packages/airflow/example_dags/example_latest_only_with_trigger.py
[2024-03-11T17:19:56.502+0000] {logging_mixin.py:188} INFO - [2024-03-11T17:19:56.501+0000] {dag.py:3047} INFO - Sync 1 DAGs
[2024-03-11T17:19:56.523+0000] {logging_mixin.py:188} INFO - [2024-03-11T17:19:56.523+0000] {dag.py:3834} INFO - Setting next_dagrun for latest_only_with_trigger to 2024-03-11 12:00:00+00:00, run_after=2024-03-11 16:00:00+00:00
[2024-03-11T17:19:56.555+0000] {processor.py:183} INFO - Processing /usr/local/lib/python3.8/dist-packages/airflow/example_dags/example_latest_only_with_trigger.py took 0.084 seconds
[2024-03-11T17:20:49.791+0000] {processor.py:161} INFO - Started process (PID=3361) to work on /usr/local/lib/python3.8/dist-packages/airflow/example_dags/example_latest_only_with_trigger.py
[2024-03-11T17:20:49.793+0000] {processor.py:830} INFO - Processing file /usr/local/lib/python3.8/dist-packages/airflow/example_dags/example_latest_only_with_trigger.py for tasks to queue
[2024-03-11T17:20:49.794+0000] {logging_mixin.py:188} INFO - [2024-03-11T17:20:49.794+0000] {dagbag.py:540} INFO - Filling up the DagBag from /usr/local/lib/python3.8/dist-packages/airflow/example_dags/example_latest_only_with_trigger.py
[2024-03-11T17:20:49.801+0000] {processor.py:840} INFO - DAG(s) 'latest_only_with_trigger' retrieved from /usr/local/lib/python3.8/dist-packages/airflow/example_dags/example_latest_only_with_trigger.py
[2024-03-11T17:20:49.819+0000] {logging_mixin.py:188} INFO - [2024-03-11T17:20:49.819+0000] {dag.py:3047} INFO - Sync 1 DAGs
[2024-03-11T17:20:49.842+0000] {logging_mixin.py:188} INFO - [2024-03-11T17:20:49.842+0000] {dag.py:3834} INFO - Setting next_dagrun for latest_only_with_trigger to 2024-03-11 12:00:00+00:00, run_after=2024-03-11 16:00:00+00:00
[2024-03-11T17:20:49.869+0000] {processor.py:183} INFO - Processing /usr/local/lib/python3.8/dist-packages/airflow/example_dags/example_latest_only_with_trigger.py took 0.081 seconds
[2024-03-11T17:21:43.018+0000] {processor.py:161} INFO - Started process (PID=3437) to work on /usr/local/lib/python3.8/dist-packages/airflow/example_dags/example_latest_only_with_trigger.py
[2024-03-11T17:21:43.020+0000] {processor.py:830} INFO - Processing file /usr/local/lib/python3.8/dist-packages/airflow/example_dags/example_latest_only_with_trigger.py for tasks to queue
[2024-03-11T17:21:43.021+0000] {logging_mixin.py:188} INFO - [2024-03-11T17:21:43.020+0000] {dagbag.py:540} INFO - Filling up the DagBag from /usr/local/lib/python3.8/dist-packages/airflow/example_dags/example_latest_only_with_trigger.py
[2024-03-11T17:21:43.028+0000] {processor.py:840} INFO - DAG(s) 'latest_only_with_trigger' retrieved from /usr/local/lib/python3.8/dist-packages/airflow/example_dags/example_latest_only_with_trigger.py
[2024-03-11T17:21:43.044+0000] {logging_mixin.py:188} INFO - [2024-03-11T17:21:43.044+0000] {dag.py:3047} INFO - Sync 1 DAGs
[2024-03-11T17:21:43.066+0000] {logging_mixin.py:188} INFO - [2024-03-11T17:21:43.066+0000] {dag.py:3834} INFO - Setting next_dagrun for latest_only_with_trigger to 2024-03-11 12:00:00+00:00, run_after=2024-03-11 16:00:00+00:00
[2024-03-11T17:21:43.096+0000] {processor.py:183} INFO - Processing /usr/local/lib/python3.8/dist-packages/airflow/example_dags/example_latest_only_with_trigger.py took 0.081 seconds
