[2024-03-11T15:40:40.106+0000] {processor.py:161} INFO - Started process (PID=527) to work on /usr/local/lib/python3.8/dist-packages/airflow/example_dags/example_params_ui_tutorial.py
[2024-03-11T15:40:40.107+0000] {processor.py:830} INFO - Processing file /usr/local/lib/python3.8/dist-packages/airflow/example_dags/example_params_ui_tutorial.py for tasks to queue
[2024-03-11T15:40:40.108+0000] {logging_mixin.py:188} INFO - [2024-03-11T15:40:40.108+0000] {dagbag.py:540} INFO - Filling up the DagBag from /usr/local/lib/python3.8/dist-packages/airflow/example_dags/example_params_ui_tutorial.py
[2024-03-11T15:40:40.122+0000] {processor.py:840} INFO - DAG(s) 'example_params_ui_tutorial' retrieved from /usr/local/lib/python3.8/dist-packages/airflow/example_dags/example_params_ui_tutorial.py
[2024-03-11T15:40:40.297+0000] {logging_mixin.py:188} INFO - [2024-03-11T15:40:40.296+0000] {override.py:1769} INFO - Created Permission View: can delete on DAG:example_params_ui_tutorial
[2024-03-11T15:40:40.317+0000] {logging_mixin.py:188} INFO - [2024-03-11T15:40:40.317+0000] {override.py:1769} INFO - Created Permission View: can read on DAG:example_params_ui_tutorial
[2024-03-11T15:40:40.332+0000] {logging_mixin.py:188} INFO - [2024-03-11T15:40:40.332+0000] {override.py:1769} INFO - Created Permission View: can edit on DAG:example_params_ui_tutorial
[2024-03-11T15:40:40.332+0000] {logging_mixin.py:188} INFO - [2024-03-11T15:40:40.332+0000] {dag.py:3047} INFO - Sync 1 DAGs
[2024-03-11T15:40:40.344+0000] {logging_mixin.py:188} INFO - [2024-03-11T15:40:40.344+0000] {dag.py:3069} INFO - Creating ORM DAG for example_params_ui_tutorial
[2024-03-11T15:40:40.345+0000] {logging_mixin.py:188} INFO - [2024-03-11T15:40:40.345+0000] {dag.py:3834} INFO - Setting next_dagrun for example_params_ui_tutorial to None, run_after=None
[2024-03-11T15:40:40.381+0000] {processor.py:183} INFO - Processing /usr/local/lib/python3.8/dist-packages/airflow/example_dags/example_params_ui_tutorial.py took 0.278 seconds
[2024-03-11T15:41:33.197+0000] {processor.py:161} INFO - Started process (PID=591) to work on /usr/local/lib/python3.8/dist-packages/airflow/example_dags/example_params_ui_tutorial.py
[2024-03-11T15:41:33.199+0000] {processor.py:830} INFO - Processing file /usr/local/lib/python3.8/dist-packages/airflow/example_dags/example_params_ui_tutorial.py for tasks to queue
[2024-03-11T15:41:33.200+0000] {logging_mixin.py:188} INFO - [2024-03-11T15:41:33.199+0000] {dagbag.py:540} INFO - Filling up the DagBag from /usr/local/lib/python3.8/dist-packages/airflow/example_dags/example_params_ui_tutorial.py
[2024-03-11T15:41:33.213+0000] {processor.py:840} INFO - DAG(s) 'example_params_ui_tutorial' retrieved from /usr/local/lib/python3.8/dist-packages/airflow/example_dags/example_params_ui_tutorial.py
[2024-03-11T15:41:33.272+0000] {logging_mixin.py:188} INFO - [2024-03-11T15:41:33.271+0000] {dag.py:3047} INFO - Sync 1 DAGs
[2024-03-11T15:41:33.284+0000] {logging_mixin.py:188} INFO - [2024-03-11T15:41:33.284+0000] {dag.py:3834} INFO - Setting next_dagrun for example_params_ui_tutorial to None, run_after=None
[2024-03-11T15:41:33.314+0000] {processor.py:183} INFO - Processing /usr/local/lib/python3.8/dist-packages/airflow/example_dags/example_params_ui_tutorial.py took 0.120 seconds
[2024-03-11T15:42:27.695+0000] {processor.py:161} INFO - Started process (PID=646) to work on /usr/local/lib/python3.8/dist-packages/airflow/example_dags/example_params_ui_tutorial.py
[2024-03-11T15:42:27.698+0000] {processor.py:830} INFO - Processing file /usr/local/lib/python3.8/dist-packages/airflow/example_dags/example_params_ui_tutorial.py for tasks to queue
[2024-03-11T15:42:27.699+0000] {logging_mixin.py:188} INFO - [2024-03-11T15:42:27.698+0000] {dagbag.py:540} INFO - Filling up the DagBag from /usr/local/lib/python3.8/dist-packages/airflow/example_dags/example_params_ui_tutorial.py
[2024-03-11T15:42:27.713+0000] {processor.py:840} INFO - DAG(s) 'example_params_ui_tutorial' retrieved from /usr/local/lib/python3.8/dist-packages/airflow/example_dags/example_params_ui_tutorial.py
[2024-03-11T15:42:27.771+0000] {logging_mixin.py:188} INFO - [2024-03-11T15:42:27.771+0000] {dag.py:3047} INFO - Sync 1 DAGs
[2024-03-11T15:42:27.827+0000] {logging_mixin.py:188} INFO - [2024-03-11T15:42:27.827+0000] {dag.py:3834} INFO - Setting next_dagrun for example_params_ui_tutorial to None, run_after=None
[2024-03-11T15:42:27.857+0000] {processor.py:183} INFO - Processing /usr/local/lib/python3.8/dist-packages/airflow/example_dags/example_params_ui_tutorial.py took 0.165 seconds
[2024-03-11T15:43:28.122+0000] {processor.py:161} INFO - Started process (PID=704) to work on /usr/local/lib/python3.8/dist-packages/airflow/example_dags/example_params_ui_tutorial.py
[2024-03-11T15:43:28.124+0000] {processor.py:830} INFO - Processing file /usr/local/lib/python3.8/dist-packages/airflow/example_dags/example_params_ui_tutorial.py for tasks to queue
[2024-03-11T15:43:28.125+0000] {logging_mixin.py:188} INFO - [2024-03-11T15:43:28.125+0000] {dagbag.py:540} INFO - Filling up the DagBag from /usr/local/lib/python3.8/dist-packages/airflow/example_dags/example_params_ui_tutorial.py
[2024-03-11T15:43:28.139+0000] {processor.py:840} INFO - DAG(s) 'example_params_ui_tutorial' retrieved from /usr/local/lib/python3.8/dist-packages/airflow/example_dags/example_params_ui_tutorial.py
[2024-03-11T15:43:28.197+0000] {logging_mixin.py:188} INFO - [2024-03-11T15:43:28.197+0000] {dag.py:3047} INFO - Sync 1 DAGs
[2024-03-11T15:43:28.210+0000] {logging_mixin.py:188} INFO - [2024-03-11T15:43:28.210+0000] {dag.py:3834} INFO - Setting next_dagrun for example_params_ui_tutorial to None, run_after=None
[2024-03-11T15:43:28.243+0000] {processor.py:183} INFO - Processing /usr/local/lib/python3.8/dist-packages/airflow/example_dags/example_params_ui_tutorial.py took 0.124 seconds
[2024-03-11T15:44:26.070+0000] {processor.py:161} INFO - Started process (PID=761) to work on /usr/local/lib/python3.8/dist-packages/airflow/example_dags/example_params_ui_tutorial.py
[2024-03-11T15:44:26.072+0000] {processor.py:830} INFO - Processing file /usr/local/lib/python3.8/dist-packages/airflow/example_dags/example_params_ui_tutorial.py for tasks to queue
[2024-03-11T15:44:26.073+0000] {logging_mixin.py:188} INFO - [2024-03-11T15:44:26.072+0000] {dagbag.py:540} INFO - Filling up the DagBag from /usr/local/lib/python3.8/dist-packages/airflow/example_dags/example_params_ui_tutorial.py
[2024-03-11T15:44:26.087+0000] {processor.py:840} INFO - DAG(s) 'example_params_ui_tutorial' retrieved from /usr/local/lib/python3.8/dist-packages/airflow/example_dags/example_params_ui_tutorial.py
[2024-03-11T15:44:26.145+0000] {logging_mixin.py:188} INFO - [2024-03-11T15:44:26.145+0000] {dag.py:3047} INFO - Sync 1 DAGs
[2024-03-11T15:44:26.157+0000] {logging_mixin.py:188} INFO - [2024-03-11T15:44:26.157+0000] {dag.py:3834} INFO - Setting next_dagrun for example_params_ui_tutorial to None, run_after=None
[2024-03-11T15:44:26.532+0000] {processor.py:183} INFO - Processing /usr/local/lib/python3.8/dist-packages/airflow/example_dags/example_params_ui_tutorial.py took 0.466 seconds
[2024-03-11T15:45:20.782+0000] {processor.py:161} INFO - Started process (PID=816) to work on /usr/local/lib/python3.8/dist-packages/airflow/example_dags/example_params_ui_tutorial.py
[2024-03-11T15:45:20.798+0000] {processor.py:830} INFO - Processing file /usr/local/lib/python3.8/dist-packages/airflow/example_dags/example_params_ui_tutorial.py for tasks to queue
[2024-03-11T15:45:20.799+0000] {logging_mixin.py:188} INFO - [2024-03-11T15:45:20.799+0000] {dagbag.py:540} INFO - Filling up the DagBag from /usr/local/lib/python3.8/dist-packages/airflow/example_dags/example_params_ui_tutorial.py
[2024-03-11T15:45:20.813+0000] {processor.py:840} INFO - DAG(s) 'example_params_ui_tutorial' retrieved from /usr/local/lib/python3.8/dist-packages/airflow/example_dags/example_params_ui_tutorial.py
[2024-03-11T15:45:20.884+0000] {logging_mixin.py:188} INFO - [2024-03-11T15:45:20.883+0000] {dag.py:3047} INFO - Sync 1 DAGs
[2024-03-11T15:45:20.896+0000] {logging_mixin.py:188} INFO - [2024-03-11T15:45:20.896+0000] {dag.py:3834} INFO - Setting next_dagrun for example_params_ui_tutorial to None, run_after=None
[2024-03-11T15:45:20.926+0000] {processor.py:183} INFO - Processing /usr/local/lib/python3.8/dist-packages/airflow/example_dags/example_params_ui_tutorial.py took 0.148 seconds
[2024-03-11T15:46:26.317+0000] {processor.py:161} INFO - Started process (PID=876) to work on /usr/local/lib/python3.8/dist-packages/airflow/example_dags/example_params_ui_tutorial.py
[2024-03-11T15:46:26.319+0000] {processor.py:830} INFO - Processing file /usr/local/lib/python3.8/dist-packages/airflow/example_dags/example_params_ui_tutorial.py for tasks to queue
[2024-03-11T15:46:26.320+0000] {logging_mixin.py:188} INFO - [2024-03-11T15:46:26.319+0000] {dagbag.py:540} INFO - Filling up the DagBag from /usr/local/lib/python3.8/dist-packages/airflow/example_dags/example_params_ui_tutorial.py
[2024-03-11T15:46:26.333+0000] {processor.py:840} INFO - DAG(s) 'example_params_ui_tutorial' retrieved from /usr/local/lib/python3.8/dist-packages/airflow/example_dags/example_params_ui_tutorial.py
[2024-03-11T15:46:26.416+0000] {logging_mixin.py:188} INFO - [2024-03-11T15:46:26.415+0000] {dag.py:3047} INFO - Sync 1 DAGs
[2024-03-11T15:46:26.428+0000] {logging_mixin.py:188} INFO - [2024-03-11T15:46:26.428+0000] {dag.py:3834} INFO - Setting next_dagrun for example_params_ui_tutorial to None, run_after=None
[2024-03-11T15:46:26.458+0000] {processor.py:183} INFO - Processing /usr/local/lib/python3.8/dist-packages/airflow/example_dags/example_params_ui_tutorial.py took 0.145 seconds
[2024-03-11T15:47:25.526+0000] {processor.py:161} INFO - Started process (PID=934) to work on /usr/local/lib/python3.8/dist-packages/airflow/example_dags/example_params_ui_tutorial.py
[2024-03-11T15:47:25.528+0000] {processor.py:830} INFO - Processing file /usr/local/lib/python3.8/dist-packages/airflow/example_dags/example_params_ui_tutorial.py for tasks to queue
[2024-03-11T15:47:25.529+0000] {logging_mixin.py:188} INFO - [2024-03-11T15:47:25.529+0000] {dagbag.py:540} INFO - Filling up the DagBag from /usr/local/lib/python3.8/dist-packages/airflow/example_dags/example_params_ui_tutorial.py
[2024-03-11T15:47:25.543+0000] {processor.py:840} INFO - DAG(s) 'example_params_ui_tutorial' retrieved from /usr/local/lib/python3.8/dist-packages/airflow/example_dags/example_params_ui_tutorial.py
[2024-03-11T15:47:25.601+0000] {logging_mixin.py:188} INFO - [2024-03-11T15:47:25.601+0000] {dag.py:3047} INFO - Sync 1 DAGs
[2024-03-11T15:47:25.613+0000] {logging_mixin.py:188} INFO - [2024-03-11T15:47:25.613+0000] {dag.py:3834} INFO - Setting next_dagrun for example_params_ui_tutorial to None, run_after=None
[2024-03-11T15:47:25.642+0000] {processor.py:183} INFO - Processing /usr/local/lib/python3.8/dist-packages/airflow/example_dags/example_params_ui_tutorial.py took 0.120 seconds
[2024-03-11T15:48:24.004+0000] {processor.py:161} INFO - Started process (PID=991) to work on /usr/local/lib/python3.8/dist-packages/airflow/example_dags/example_params_ui_tutorial.py
[2024-03-11T15:48:24.007+0000] {processor.py:830} INFO - Processing file /usr/local/lib/python3.8/dist-packages/airflow/example_dags/example_params_ui_tutorial.py for tasks to queue
[2024-03-11T15:48:24.008+0000] {logging_mixin.py:188} INFO - [2024-03-11T15:48:24.007+0000] {dagbag.py:540} INFO - Filling up the DagBag from /usr/local/lib/python3.8/dist-packages/airflow/example_dags/example_params_ui_tutorial.py
[2024-03-11T15:48:24.021+0000] {processor.py:840} INFO - DAG(s) 'example_params_ui_tutorial' retrieved from /usr/local/lib/python3.8/dist-packages/airflow/example_dags/example_params_ui_tutorial.py
[2024-03-11T15:48:24.079+0000] {logging_mixin.py:188} INFO - [2024-03-11T15:48:24.079+0000] {dag.py:3047} INFO - Sync 1 DAGs
[2024-03-11T15:48:24.092+0000] {logging_mixin.py:188} INFO - [2024-03-11T15:48:24.091+0000] {dag.py:3834} INFO - Setting next_dagrun for example_params_ui_tutorial to None, run_after=None
[2024-03-11T15:48:24.122+0000] {processor.py:183} INFO - Processing /usr/local/lib/python3.8/dist-packages/airflow/example_dags/example_params_ui_tutorial.py took 0.121 seconds
[2024-03-11T15:49:30.485+0000] {processor.py:161} INFO - Started process (PID=1052) to work on /usr/local/lib/python3.8/dist-packages/airflow/example_dags/example_params_ui_tutorial.py
[2024-03-11T15:49:30.487+0000] {processor.py:830} INFO - Processing file /usr/local/lib/python3.8/dist-packages/airflow/example_dags/example_params_ui_tutorial.py for tasks to queue
[2024-03-11T15:49:30.488+0000] {logging_mixin.py:188} INFO - [2024-03-11T15:49:30.488+0000] {dagbag.py:540} INFO - Filling up the DagBag from /usr/local/lib/python3.8/dist-packages/airflow/example_dags/example_params_ui_tutorial.py
[2024-03-11T15:49:30.502+0000] {processor.py:840} INFO - DAG(s) 'example_params_ui_tutorial' retrieved from /usr/local/lib/python3.8/dist-packages/airflow/example_dags/example_params_ui_tutorial.py
[2024-03-11T15:49:30.561+0000] {logging_mixin.py:188} INFO - [2024-03-11T15:49:30.560+0000] {dag.py:3047} INFO - Sync 1 DAGs
[2024-03-11T15:49:30.574+0000] {logging_mixin.py:188} INFO - [2024-03-11T15:49:30.574+0000] {dag.py:3834} INFO - Setting next_dagrun for example_params_ui_tutorial to None, run_after=None
[2024-03-11T15:49:30.602+0000] {processor.py:183} INFO - Processing /usr/local/lib/python3.8/dist-packages/airflow/example_dags/example_params_ui_tutorial.py took 0.121 seconds
[2024-03-11T15:50:22.557+0000] {processor.py:161} INFO - Started process (PID=1104) to work on /usr/local/lib/python3.8/dist-packages/airflow/example_dags/example_params_ui_tutorial.py
[2024-03-11T15:50:22.560+0000] {processor.py:830} INFO - Processing file /usr/local/lib/python3.8/dist-packages/airflow/example_dags/example_params_ui_tutorial.py for tasks to queue
[2024-03-11T15:50:22.561+0000] {logging_mixin.py:188} INFO - [2024-03-11T15:50:22.561+0000] {dagbag.py:540} INFO - Filling up the DagBag from /usr/local/lib/python3.8/dist-packages/airflow/example_dags/example_params_ui_tutorial.py
[2024-03-11T15:50:22.575+0000] {processor.py:840} INFO - DAG(s) 'example_params_ui_tutorial' retrieved from /usr/local/lib/python3.8/dist-packages/airflow/example_dags/example_params_ui_tutorial.py
[2024-03-11T15:50:22.633+0000] {logging_mixin.py:188} INFO - [2024-03-11T15:50:22.633+0000] {dag.py:3047} INFO - Sync 1 DAGs
[2024-03-11T15:50:22.645+0000] {logging_mixin.py:188} INFO - [2024-03-11T15:50:22.645+0000] {dag.py:3834} INFO - Setting next_dagrun for example_params_ui_tutorial to None, run_after=None
[2024-03-11T15:50:22.675+0000] {processor.py:183} INFO - Processing /usr/local/lib/python3.8/dist-packages/airflow/example_dags/example_params_ui_tutorial.py took 0.121 seconds
[2024-03-11T15:51:33.858+0000] {processor.py:161} INFO - Started process (PID=1190) to work on /usr/local/lib/python3.8/dist-packages/airflow/example_dags/example_params_ui_tutorial.py
[2024-03-11T15:51:33.861+0000] {processor.py:830} INFO - Processing file /usr/local/lib/python3.8/dist-packages/airflow/example_dags/example_params_ui_tutorial.py for tasks to queue
[2024-03-11T15:51:33.862+0000] {logging_mixin.py:188} INFO - [2024-03-11T15:51:33.862+0000] {dagbag.py:540} INFO - Filling up the DagBag from /usr/local/lib/python3.8/dist-packages/airflow/example_dags/example_params_ui_tutorial.py
[2024-03-11T15:51:33.876+0000] {processor.py:840} INFO - DAG(s) 'example_params_ui_tutorial' retrieved from /usr/local/lib/python3.8/dist-packages/airflow/example_dags/example_params_ui_tutorial.py
[2024-03-11T15:51:33.935+0000] {logging_mixin.py:188} INFO - [2024-03-11T15:51:33.935+0000] {dag.py:3047} INFO - Sync 1 DAGs
[2024-03-11T15:51:33.948+0000] {logging_mixin.py:188} INFO - [2024-03-11T15:51:33.948+0000] {dag.py:3834} INFO - Setting next_dagrun for example_params_ui_tutorial to None, run_after=None
[2024-03-11T15:51:33.978+0000] {processor.py:183} INFO - Processing /usr/local/lib/python3.8/dist-packages/airflow/example_dags/example_params_ui_tutorial.py took 0.123 seconds
[2024-03-11T15:52:36.333+0000] {processor.py:161} INFO - Started process (PID=1254) to work on /usr/local/lib/python3.8/dist-packages/airflow/example_dags/example_params_ui_tutorial.py
[2024-03-11T15:52:36.335+0000] {processor.py:830} INFO - Processing file /usr/local/lib/python3.8/dist-packages/airflow/example_dags/example_params_ui_tutorial.py for tasks to queue
[2024-03-11T15:52:36.336+0000] {logging_mixin.py:188} INFO - [2024-03-11T15:52:36.336+0000] {dagbag.py:540} INFO - Filling up the DagBag from /usr/local/lib/python3.8/dist-packages/airflow/example_dags/example_params_ui_tutorial.py
[2024-03-11T15:52:36.351+0000] {processor.py:840} INFO - DAG(s) 'example_params_ui_tutorial' retrieved from /usr/local/lib/python3.8/dist-packages/airflow/example_dags/example_params_ui_tutorial.py
[2024-03-11T15:52:36.410+0000] {logging_mixin.py:188} INFO - [2024-03-11T15:52:36.409+0000] {dag.py:3047} INFO - Sync 1 DAGs
[2024-03-11T15:52:36.422+0000] {logging_mixin.py:188} INFO - [2024-03-11T15:52:36.422+0000] {dag.py:3834} INFO - Setting next_dagrun for example_params_ui_tutorial to None, run_after=None
[2024-03-11T15:52:36.453+0000] {processor.py:183} INFO - Processing /usr/local/lib/python3.8/dist-packages/airflow/example_dags/example_params_ui_tutorial.py took 0.124 seconds
[2024-03-11T15:53:49.295+0000] {processor.py:161} INFO - Started process (PID=1333) to work on /usr/local/lib/python3.8/dist-packages/airflow/example_dags/example_params_ui_tutorial.py
[2024-03-11T15:53:49.298+0000] {processor.py:830} INFO - Processing file /usr/local/lib/python3.8/dist-packages/airflow/example_dags/example_params_ui_tutorial.py for tasks to queue
[2024-03-11T15:53:49.299+0000] {logging_mixin.py:188} INFO - [2024-03-11T15:53:49.298+0000] {dagbag.py:540} INFO - Filling up the DagBag from /usr/local/lib/python3.8/dist-packages/airflow/example_dags/example_params_ui_tutorial.py
[2024-03-11T15:53:49.312+0000] {processor.py:840} INFO - DAG(s) 'example_params_ui_tutorial' retrieved from /usr/local/lib/python3.8/dist-packages/airflow/example_dags/example_params_ui_tutorial.py
[2024-03-11T15:53:49.320+0000] {logging_mixin.py:188} INFO - [2024-03-11T15:53:49.320+0000] {dag.py:3047} INFO - Sync 1 DAGs
[2024-03-11T15:53:49.334+0000] {logging_mixin.py:188} INFO - [2024-03-11T15:53:49.334+0000] {dag.py:3834} INFO - Setting next_dagrun for example_params_ui_tutorial to None, run_after=None
[2024-03-11T15:53:49.365+0000] {processor.py:183} INFO - Processing /usr/local/lib/python3.8/dist-packages/airflow/example_dags/example_params_ui_tutorial.py took 0.073 seconds
[2024-03-11T15:56:14.875+0000] {processor.py:161} INFO - Started process (PID=1485) to work on /usr/local/lib/python3.8/dist-packages/airflow/example_dags/example_params_ui_tutorial.py
[2024-03-11T15:56:14.877+0000] {processor.py:830} INFO - Processing file /usr/local/lib/python3.8/dist-packages/airflow/example_dags/example_params_ui_tutorial.py for tasks to queue
[2024-03-11T15:56:14.878+0000] {logging_mixin.py:188} INFO - [2024-03-11T15:56:14.878+0000] {dagbag.py:540} INFO - Filling up the DagBag from /usr/local/lib/python3.8/dist-packages/airflow/example_dags/example_params_ui_tutorial.py
[2024-03-11T15:56:14.892+0000] {processor.py:840} INFO - DAG(s) 'example_params_ui_tutorial' retrieved from /usr/local/lib/python3.8/dist-packages/airflow/example_dags/example_params_ui_tutorial.py
[2024-03-11T15:56:15.039+0000] {logging_mixin.py:188} INFO - [2024-03-11T15:56:15.038+0000] {dag.py:3047} INFO - Sync 1 DAGs
[2024-03-11T15:56:15.049+0000] {logging_mixin.py:188} INFO - [2024-03-11T15:56:15.049+0000] {dag.py:3834} INFO - Setting next_dagrun for example_params_ui_tutorial to None, run_after=None
[2024-03-11T15:56:15.083+0000] {processor.py:183} INFO - Processing /usr/local/lib/python3.8/dist-packages/airflow/example_dags/example_params_ui_tutorial.py took 0.211 seconds
[2024-03-11T15:57:10.803+0000] {processor.py:161} INFO - Started process (PID=1537) to work on /usr/local/lib/python3.8/dist-packages/airflow/example_dags/example_params_ui_tutorial.py
[2024-03-11T15:57:10.806+0000] {processor.py:830} INFO - Processing file /usr/local/lib/python3.8/dist-packages/airflow/example_dags/example_params_ui_tutorial.py for tasks to queue
[2024-03-11T15:57:10.807+0000] {logging_mixin.py:188} INFO - [2024-03-11T15:57:10.806+0000] {dagbag.py:540} INFO - Filling up the DagBag from /usr/local/lib/python3.8/dist-packages/airflow/example_dags/example_params_ui_tutorial.py
[2024-03-11T15:57:10.821+0000] {processor.py:840} INFO - DAG(s) 'example_params_ui_tutorial' retrieved from /usr/local/lib/python3.8/dist-packages/airflow/example_dags/example_params_ui_tutorial.py
[2024-03-11T15:57:10.878+0000] {logging_mixin.py:188} INFO - [2024-03-11T15:57:10.878+0000] {dag.py:3047} INFO - Sync 1 DAGs
[2024-03-11T15:57:10.891+0000] {logging_mixin.py:188} INFO - [2024-03-11T15:57:10.891+0000] {dag.py:3834} INFO - Setting next_dagrun for example_params_ui_tutorial to None, run_after=None
[2024-03-11T15:57:10.920+0000] {processor.py:183} INFO - Processing /usr/local/lib/python3.8/dist-packages/airflow/example_dags/example_params_ui_tutorial.py took 0.120 seconds
[2024-03-11T15:58:05.338+0000] {processor.py:161} INFO - Started process (PID=1589) to work on /usr/local/lib/python3.8/dist-packages/airflow/example_dags/example_params_ui_tutorial.py
[2024-03-11T15:58:05.341+0000] {processor.py:830} INFO - Processing file /usr/local/lib/python3.8/dist-packages/airflow/example_dags/example_params_ui_tutorial.py for tasks to queue
[2024-03-11T15:58:05.342+0000] {logging_mixin.py:188} INFO - [2024-03-11T15:58:05.341+0000] {dagbag.py:540} INFO - Filling up the DagBag from /usr/local/lib/python3.8/dist-packages/airflow/example_dags/example_params_ui_tutorial.py
[2024-03-11T15:58:05.355+0000] {processor.py:840} INFO - DAG(s) 'example_params_ui_tutorial' retrieved from /usr/local/lib/python3.8/dist-packages/airflow/example_dags/example_params_ui_tutorial.py
[2024-03-11T15:58:05.414+0000] {logging_mixin.py:188} INFO - [2024-03-11T15:58:05.414+0000] {dag.py:3047} INFO - Sync 1 DAGs
[2024-03-11T15:58:05.427+0000] {logging_mixin.py:188} INFO - [2024-03-11T15:58:05.427+0000] {dag.py:3834} INFO - Setting next_dagrun for example_params_ui_tutorial to None, run_after=None
[2024-03-11T15:58:05.457+0000] {processor.py:183} INFO - Processing /usr/local/lib/python3.8/dist-packages/airflow/example_dags/example_params_ui_tutorial.py took 0.123 seconds
[2024-03-11T16:09:09.368+0000] {processor.py:161} INFO - Started process (PID=460) to work on /usr/local/lib/python3.8/dist-packages/airflow/example_dags/example_params_ui_tutorial.py
[2024-03-11T16:09:09.370+0000] {processor.py:830} INFO - Processing file /usr/local/lib/python3.8/dist-packages/airflow/example_dags/example_params_ui_tutorial.py for tasks to queue
[2024-03-11T16:09:09.371+0000] {logging_mixin.py:188} INFO - [2024-03-11T16:09:09.370+0000] {dagbag.py:540} INFO - Filling up the DagBag from /usr/local/lib/python3.8/dist-packages/airflow/example_dags/example_params_ui_tutorial.py
[2024-03-11T16:09:09.493+0000] {processor.py:840} INFO - DAG(s) 'example_params_ui_tutorial' retrieved from /usr/local/lib/python3.8/dist-packages/airflow/example_dags/example_params_ui_tutorial.py
[2024-03-11T16:09:09.548+0000] {logging_mixin.py:188} INFO - [2024-03-11T16:09:09.548+0000] {dag.py:3047} INFO - Sync 1 DAGs
[2024-03-11T16:09:09.559+0000] {logging_mixin.py:188} INFO - [2024-03-11T16:09:09.558+0000] {dag.py:3834} INFO - Setting next_dagrun for example_params_ui_tutorial to None, run_after=None
[2024-03-11T16:09:09.591+0000] {processor.py:183} INFO - Processing /usr/local/lib/python3.8/dist-packages/airflow/example_dags/example_params_ui_tutorial.py took 0.227 seconds
[2024-03-11T16:10:04.137+0000] {processor.py:161} INFO - Started process (PID=513) to work on /usr/local/lib/python3.8/dist-packages/airflow/example_dags/example_params_ui_tutorial.py
[2024-03-11T16:10:04.139+0000] {processor.py:830} INFO - Processing file /usr/local/lib/python3.8/dist-packages/airflow/example_dags/example_params_ui_tutorial.py for tasks to queue
[2024-03-11T16:10:04.140+0000] {logging_mixin.py:188} INFO - [2024-03-11T16:10:04.140+0000] {dagbag.py:540} INFO - Filling up the DagBag from /usr/local/lib/python3.8/dist-packages/airflow/example_dags/example_params_ui_tutorial.py
[2024-03-11T16:10:04.154+0000] {processor.py:840} INFO - DAG(s) 'example_params_ui_tutorial' retrieved from /usr/local/lib/python3.8/dist-packages/airflow/example_dags/example_params_ui_tutorial.py
[2024-03-11T16:10:04.212+0000] {logging_mixin.py:188} INFO - [2024-03-11T16:10:04.212+0000] {dag.py:3047} INFO - Sync 1 DAGs
[2024-03-11T16:10:04.225+0000] {logging_mixin.py:188} INFO - [2024-03-11T16:10:04.225+0000] {dag.py:3834} INFO - Setting next_dagrun for example_params_ui_tutorial to None, run_after=None
[2024-03-11T16:10:04.507+0000] {processor.py:183} INFO - Processing /usr/local/lib/python3.8/dist-packages/airflow/example_dags/example_params_ui_tutorial.py took 0.373 seconds
[2024-03-11T16:11:13.106+0000] {processor.py:161} INFO - Started process (PID=582) to work on /usr/local/lib/python3.8/dist-packages/airflow/example_dags/example_params_ui_tutorial.py
[2024-03-11T16:11:13.108+0000] {processor.py:830} INFO - Processing file /usr/local/lib/python3.8/dist-packages/airflow/example_dags/example_params_ui_tutorial.py for tasks to queue
[2024-03-11T16:11:13.109+0000] {logging_mixin.py:188} INFO - [2024-03-11T16:11:13.109+0000] {dagbag.py:540} INFO - Filling up the DagBag from /usr/local/lib/python3.8/dist-packages/airflow/example_dags/example_params_ui_tutorial.py
[2024-03-11T16:11:13.123+0000] {processor.py:840} INFO - DAG(s) 'example_params_ui_tutorial' retrieved from /usr/local/lib/python3.8/dist-packages/airflow/example_dags/example_params_ui_tutorial.py
[2024-03-11T16:11:13.181+0000] {logging_mixin.py:188} INFO - [2024-03-11T16:11:13.181+0000] {dag.py:3047} INFO - Sync 1 DAGs
[2024-03-11T16:11:13.193+0000] {logging_mixin.py:188} INFO - [2024-03-11T16:11:13.193+0000] {dag.py:3834} INFO - Setting next_dagrun for example_params_ui_tutorial to None, run_after=None
[2024-03-11T16:11:13.226+0000] {processor.py:183} INFO - Processing /usr/local/lib/python3.8/dist-packages/airflow/example_dags/example_params_ui_tutorial.py took 0.123 seconds
[2024-03-11T16:12:18.477+0000] {processor.py:161} INFO - Started process (PID=653) to work on /usr/local/lib/python3.8/dist-packages/airflow/example_dags/example_params_ui_tutorial.py
[2024-03-11T16:12:18.480+0000] {processor.py:830} INFO - Processing file /usr/local/lib/python3.8/dist-packages/airflow/example_dags/example_params_ui_tutorial.py for tasks to queue
[2024-03-11T16:12:18.481+0000] {logging_mixin.py:188} INFO - [2024-03-11T16:12:18.480+0000] {dagbag.py:540} INFO - Filling up the DagBag from /usr/local/lib/python3.8/dist-packages/airflow/example_dags/example_params_ui_tutorial.py
[2024-03-11T16:12:18.494+0000] {processor.py:840} INFO - DAG(s) 'example_params_ui_tutorial' retrieved from /usr/local/lib/python3.8/dist-packages/airflow/example_dags/example_params_ui_tutorial.py
[2024-03-11T16:12:18.551+0000] {logging_mixin.py:188} INFO - [2024-03-11T16:12:18.551+0000] {dag.py:3047} INFO - Sync 1 DAGs
[2024-03-11T16:12:18.564+0000] {logging_mixin.py:188} INFO - [2024-03-11T16:12:18.563+0000] {dag.py:3834} INFO - Setting next_dagrun for example_params_ui_tutorial to None, run_after=None
[2024-03-11T16:12:18.595+0000] {processor.py:183} INFO - Processing /usr/local/lib/python3.8/dist-packages/airflow/example_dags/example_params_ui_tutorial.py took 0.121 seconds
[2024-03-11T16:13:17.907+0000] {processor.py:161} INFO - Started process (PID=719) to work on /usr/local/lib/python3.8/dist-packages/airflow/example_dags/example_params_ui_tutorial.py
[2024-03-11T16:13:17.909+0000] {processor.py:830} INFO - Processing file /usr/local/lib/python3.8/dist-packages/airflow/example_dags/example_params_ui_tutorial.py for tasks to queue
[2024-03-11T16:13:17.910+0000] {logging_mixin.py:188} INFO - [2024-03-11T16:13:17.910+0000] {dagbag.py:540} INFO - Filling up the DagBag from /usr/local/lib/python3.8/dist-packages/airflow/example_dags/example_params_ui_tutorial.py
[2024-03-11T16:13:17.924+0000] {processor.py:840} INFO - DAG(s) 'example_params_ui_tutorial' retrieved from /usr/local/lib/python3.8/dist-packages/airflow/example_dags/example_params_ui_tutorial.py
[2024-03-11T16:13:17.981+0000] {logging_mixin.py:188} INFO - [2024-03-11T16:13:17.981+0000] {dag.py:3047} INFO - Sync 1 DAGs
[2024-03-11T16:13:17.993+0000] {logging_mixin.py:188} INFO - [2024-03-11T16:13:17.993+0000] {dag.py:3834} INFO - Setting next_dagrun for example_params_ui_tutorial to None, run_after=None
[2024-03-11T16:13:18.025+0000] {processor.py:183} INFO - Processing /usr/local/lib/python3.8/dist-packages/airflow/example_dags/example_params_ui_tutorial.py took 0.121 seconds
[2024-03-11T16:14:20.144+0000] {processor.py:161} INFO - Started process (PID=790) to work on /usr/local/lib/python3.8/dist-packages/airflow/example_dags/example_params_ui_tutorial.py
[2024-03-11T16:14:20.146+0000] {processor.py:830} INFO - Processing file /usr/local/lib/python3.8/dist-packages/airflow/example_dags/example_params_ui_tutorial.py for tasks to queue
[2024-03-11T16:14:20.147+0000] {logging_mixin.py:188} INFO - [2024-03-11T16:14:20.147+0000] {dagbag.py:540} INFO - Filling up the DagBag from /usr/local/lib/python3.8/dist-packages/airflow/example_dags/example_params_ui_tutorial.py
[2024-03-11T16:14:20.162+0000] {processor.py:840} INFO - DAG(s) 'example_params_ui_tutorial' retrieved from /usr/local/lib/python3.8/dist-packages/airflow/example_dags/example_params_ui_tutorial.py
[2024-03-11T16:14:20.220+0000] {logging_mixin.py:188} INFO - [2024-03-11T16:14:20.220+0000] {dag.py:3047} INFO - Sync 1 DAGs
[2024-03-11T16:14:20.232+0000] {logging_mixin.py:188} INFO - [2024-03-11T16:14:20.232+0000] {dag.py:3834} INFO - Setting next_dagrun for example_params_ui_tutorial to None, run_after=None
[2024-03-11T16:14:20.285+0000] {processor.py:183} INFO - Processing /usr/local/lib/python3.8/dist-packages/airflow/example_dags/example_params_ui_tutorial.py took 0.144 seconds
[2024-03-11T16:15:31.442+0000] {processor.py:161} INFO - Started process (PID=859) to work on /usr/local/lib/python3.8/dist-packages/airflow/example_dags/example_params_ui_tutorial.py
[2024-03-11T16:15:31.444+0000] {processor.py:830} INFO - Processing file /usr/local/lib/python3.8/dist-packages/airflow/example_dags/example_params_ui_tutorial.py for tasks to queue
[2024-03-11T16:15:31.445+0000] {logging_mixin.py:188} INFO - [2024-03-11T16:15:31.444+0000] {dagbag.py:540} INFO - Filling up the DagBag from /usr/local/lib/python3.8/dist-packages/airflow/example_dags/example_params_ui_tutorial.py
[2024-03-11T16:15:31.459+0000] {processor.py:840} INFO - DAG(s) 'example_params_ui_tutorial' retrieved from /usr/local/lib/python3.8/dist-packages/airflow/example_dags/example_params_ui_tutorial.py
[2024-03-11T16:15:31.518+0000] {logging_mixin.py:188} INFO - [2024-03-11T16:15:31.517+0000] {dag.py:3047} INFO - Sync 1 DAGs
[2024-03-11T16:15:31.530+0000] {logging_mixin.py:188} INFO - [2024-03-11T16:15:31.530+0000] {dag.py:3834} INFO - Setting next_dagrun for example_params_ui_tutorial to None, run_after=None
[2024-03-11T16:15:31.562+0000] {processor.py:183} INFO - Processing /usr/local/lib/python3.8/dist-packages/airflow/example_dags/example_params_ui_tutorial.py took 0.124 seconds
[2024-03-11T16:16:41.742+0000] {processor.py:161} INFO - Started process (PID=930) to work on /usr/local/lib/python3.8/dist-packages/airflow/example_dags/example_params_ui_tutorial.py
[2024-03-11T16:16:41.744+0000] {processor.py:830} INFO - Processing file /usr/local/lib/python3.8/dist-packages/airflow/example_dags/example_params_ui_tutorial.py for tasks to queue
[2024-03-11T16:16:41.745+0000] {logging_mixin.py:188} INFO - [2024-03-11T16:16:41.745+0000] {dagbag.py:540} INFO - Filling up the DagBag from /usr/local/lib/python3.8/dist-packages/airflow/example_dags/example_params_ui_tutorial.py
[2024-03-11T16:16:41.760+0000] {processor.py:840} INFO - DAG(s) 'example_params_ui_tutorial' retrieved from /usr/local/lib/python3.8/dist-packages/airflow/example_dags/example_params_ui_tutorial.py
[2024-03-11T16:16:41.817+0000] {logging_mixin.py:188} INFO - [2024-03-11T16:16:41.817+0000] {dag.py:3047} INFO - Sync 1 DAGs
[2024-03-11T16:16:41.830+0000] {logging_mixin.py:188} INFO - [2024-03-11T16:16:41.830+0000] {dag.py:3834} INFO - Setting next_dagrun for example_params_ui_tutorial to None, run_after=None
[2024-03-11T16:16:41.861+0000] {processor.py:183} INFO - Processing /usr/local/lib/python3.8/dist-packages/airflow/example_dags/example_params_ui_tutorial.py took 0.122 seconds
[2024-03-11T16:17:52.394+0000] {processor.py:161} INFO - Started process (PID=999) to work on /usr/local/lib/python3.8/dist-packages/airflow/example_dags/example_params_ui_tutorial.py
[2024-03-11T16:17:52.396+0000] {processor.py:830} INFO - Processing file /usr/local/lib/python3.8/dist-packages/airflow/example_dags/example_params_ui_tutorial.py for tasks to queue
[2024-03-11T16:17:52.397+0000] {logging_mixin.py:188} INFO - [2024-03-11T16:17:52.397+0000] {dagbag.py:540} INFO - Filling up the DagBag from /usr/local/lib/python3.8/dist-packages/airflow/example_dags/example_params_ui_tutorial.py
[2024-03-11T16:17:52.411+0000] {processor.py:840} INFO - DAG(s) 'example_params_ui_tutorial' retrieved from /usr/local/lib/python3.8/dist-packages/airflow/example_dags/example_params_ui_tutorial.py
[2024-03-11T16:17:52.469+0000] {logging_mixin.py:188} INFO - [2024-03-11T16:17:52.468+0000] {dag.py:3047} INFO - Sync 1 DAGs
[2024-03-11T16:17:52.481+0000] {logging_mixin.py:188} INFO - [2024-03-11T16:17:52.481+0000] {dag.py:3834} INFO - Setting next_dagrun for example_params_ui_tutorial to None, run_after=None
[2024-03-11T16:17:52.513+0000] {processor.py:183} INFO - Processing /usr/local/lib/python3.8/dist-packages/airflow/example_dags/example_params_ui_tutorial.py took 0.122 seconds
[2024-03-11T16:18:40.966+0000] {processor.py:161} INFO - Started process (PID=1047) to work on /usr/local/lib/python3.8/dist-packages/airflow/example_dags/example_params_ui_tutorial.py
[2024-03-11T16:18:40.968+0000] {processor.py:830} INFO - Processing file /usr/local/lib/python3.8/dist-packages/airflow/example_dags/example_params_ui_tutorial.py for tasks to queue
[2024-03-11T16:18:40.969+0000] {logging_mixin.py:188} INFO - [2024-03-11T16:18:40.969+0000] {dagbag.py:540} INFO - Filling up the DagBag from /usr/local/lib/python3.8/dist-packages/airflow/example_dags/example_params_ui_tutorial.py
[2024-03-11T16:18:40.984+0000] {processor.py:840} INFO - DAG(s) 'example_params_ui_tutorial' retrieved from /usr/local/lib/python3.8/dist-packages/airflow/example_dags/example_params_ui_tutorial.py
[2024-03-11T16:18:41.040+0000] {logging_mixin.py:188} INFO - [2024-03-11T16:18:41.040+0000] {dag.py:3047} INFO - Sync 1 DAGs
[2024-03-11T16:18:41.053+0000] {logging_mixin.py:188} INFO - [2024-03-11T16:18:41.052+0000] {dag.py:3834} INFO - Setting next_dagrun for example_params_ui_tutorial to None, run_after=None
[2024-03-11T16:18:41.084+0000] {processor.py:183} INFO - Processing /usr/local/lib/python3.8/dist-packages/airflow/example_dags/example_params_ui_tutorial.py took 0.122 seconds
[2024-03-11T16:19:45.533+0000] {processor.py:161} INFO - Started process (PID=1115) to work on /usr/local/lib/python3.8/dist-packages/airflow/example_dags/example_params_ui_tutorial.py
[2024-03-11T16:19:45.536+0000] {processor.py:830} INFO - Processing file /usr/local/lib/python3.8/dist-packages/airflow/example_dags/example_params_ui_tutorial.py for tasks to queue
[2024-03-11T16:19:45.537+0000] {logging_mixin.py:188} INFO - [2024-03-11T16:19:45.536+0000] {dagbag.py:540} INFO - Filling up the DagBag from /usr/local/lib/python3.8/dist-packages/airflow/example_dags/example_params_ui_tutorial.py
[2024-03-11T16:19:45.551+0000] {processor.py:840} INFO - DAG(s) 'example_params_ui_tutorial' retrieved from /usr/local/lib/python3.8/dist-packages/airflow/example_dags/example_params_ui_tutorial.py
[2024-03-11T16:19:45.609+0000] {logging_mixin.py:188} INFO - [2024-03-11T16:19:45.609+0000] {dag.py:3047} INFO - Sync 1 DAGs
[2024-03-11T16:19:45.622+0000] {logging_mixin.py:188} INFO - [2024-03-11T16:19:45.621+0000] {dag.py:3834} INFO - Setting next_dagrun for example_params_ui_tutorial to None, run_after=None
[2024-03-11T16:19:45.744+0000] {processor.py:183} INFO - Processing /usr/local/lib/python3.8/dist-packages/airflow/example_dags/example_params_ui_tutorial.py took 0.215 seconds
[2024-03-11T16:20:38.242+0000] {processor.py:161} INFO - Started process (PID=1200) to work on /usr/local/lib/python3.8/dist-packages/airflow/example_dags/example_params_ui_tutorial.py
[2024-03-11T16:20:38.245+0000] {processor.py:830} INFO - Processing file /usr/local/lib/python3.8/dist-packages/airflow/example_dags/example_params_ui_tutorial.py for tasks to queue
[2024-03-11T16:20:38.246+0000] {logging_mixin.py:188} INFO - [2024-03-11T16:20:38.246+0000] {dagbag.py:540} INFO - Filling up the DagBag from /usr/local/lib/python3.8/dist-packages/airflow/example_dags/example_params_ui_tutorial.py
[2024-03-11T16:20:38.261+0000] {processor.py:840} INFO - DAG(s) 'example_params_ui_tutorial' retrieved from /usr/local/lib/python3.8/dist-packages/airflow/example_dags/example_params_ui_tutorial.py
[2024-03-11T16:20:38.318+0000] {logging_mixin.py:188} INFO - [2024-03-11T16:20:38.318+0000] {dag.py:3047} INFO - Sync 1 DAGs
[2024-03-11T16:20:38.330+0000] {logging_mixin.py:188} INFO - [2024-03-11T16:20:38.330+0000] {dag.py:3834} INFO - Setting next_dagrun for example_params_ui_tutorial to None, run_after=None
[2024-03-11T16:20:38.360+0000] {processor.py:183} INFO - Processing /usr/local/lib/python3.8/dist-packages/airflow/example_dags/example_params_ui_tutorial.py took 0.122 seconds
[2024-03-11T16:21:48.205+0000] {processor.py:161} INFO - Started process (PID=1295) to work on /usr/local/lib/python3.8/dist-packages/airflow/example_dags/example_params_ui_tutorial.py
[2024-03-11T16:21:48.207+0000] {processor.py:830} INFO - Processing file /usr/local/lib/python3.8/dist-packages/airflow/example_dags/example_params_ui_tutorial.py for tasks to queue
[2024-03-11T16:21:48.208+0000] {logging_mixin.py:188} INFO - [2024-03-11T16:21:48.208+0000] {dagbag.py:540} INFO - Filling up the DagBag from /usr/local/lib/python3.8/dist-packages/airflow/example_dags/example_params_ui_tutorial.py
[2024-03-11T16:21:48.222+0000] {processor.py:840} INFO - DAG(s) 'example_params_ui_tutorial' retrieved from /usr/local/lib/python3.8/dist-packages/airflow/example_dags/example_params_ui_tutorial.py
[2024-03-11T16:21:48.279+0000] {logging_mixin.py:188} INFO - [2024-03-11T16:21:48.279+0000] {dag.py:3047} INFO - Sync 1 DAGs
[2024-03-11T16:21:48.292+0000] {logging_mixin.py:188} INFO - [2024-03-11T16:21:48.292+0000] {dag.py:3834} INFO - Setting next_dagrun for example_params_ui_tutorial to None, run_after=None
[2024-03-11T16:21:48.323+0000] {processor.py:183} INFO - Processing /usr/local/lib/python3.8/dist-packages/airflow/example_dags/example_params_ui_tutorial.py took 0.121 seconds
[2024-03-11T16:22:58.121+0000] {processor.py:161} INFO - Started process (PID=1383) to work on /usr/local/lib/python3.8/dist-packages/airflow/example_dags/example_params_ui_tutorial.py
[2024-03-11T16:22:58.123+0000] {processor.py:830} INFO - Processing file /usr/local/lib/python3.8/dist-packages/airflow/example_dags/example_params_ui_tutorial.py for tasks to queue
[2024-03-11T16:22:58.124+0000] {logging_mixin.py:188} INFO - [2024-03-11T16:22:58.124+0000] {dagbag.py:540} INFO - Filling up the DagBag from /usr/local/lib/python3.8/dist-packages/airflow/example_dags/example_params_ui_tutorial.py
[2024-03-11T16:22:58.139+0000] {processor.py:840} INFO - DAG(s) 'example_params_ui_tutorial' retrieved from /usr/local/lib/python3.8/dist-packages/airflow/example_dags/example_params_ui_tutorial.py
[2024-03-11T16:22:58.196+0000] {logging_mixin.py:188} INFO - [2024-03-11T16:22:58.196+0000] {dag.py:3047} INFO - Sync 1 DAGs
[2024-03-11T16:22:58.209+0000] {logging_mixin.py:188} INFO - [2024-03-11T16:22:58.208+0000] {dag.py:3834} INFO - Setting next_dagrun for example_params_ui_tutorial to None, run_after=None
[2024-03-11T16:22:58.241+0000] {processor.py:183} INFO - Processing /usr/local/lib/python3.8/dist-packages/airflow/example_dags/example_params_ui_tutorial.py took 0.123 seconds
[2024-03-11T16:24:10.253+0000] {processor.py:161} INFO - Started process (PID=1465) to work on /usr/local/lib/python3.8/dist-packages/airflow/example_dags/example_params_ui_tutorial.py
[2024-03-11T16:24:10.255+0000] {processor.py:830} INFO - Processing file /usr/local/lib/python3.8/dist-packages/airflow/example_dags/example_params_ui_tutorial.py for tasks to queue
[2024-03-11T16:24:10.256+0000] {logging_mixin.py:188} INFO - [2024-03-11T16:24:10.256+0000] {dagbag.py:540} INFO - Filling up the DagBag from /usr/local/lib/python3.8/dist-packages/airflow/example_dags/example_params_ui_tutorial.py
[2024-03-11T16:24:10.271+0000] {processor.py:840} INFO - DAG(s) 'example_params_ui_tutorial' retrieved from /usr/local/lib/python3.8/dist-packages/airflow/example_dags/example_params_ui_tutorial.py
[2024-03-11T16:24:10.327+0000] {logging_mixin.py:188} INFO - [2024-03-11T16:24:10.327+0000] {dag.py:3047} INFO - Sync 1 DAGs
[2024-03-11T16:24:10.340+0000] {logging_mixin.py:188} INFO - [2024-03-11T16:24:10.339+0000] {dag.py:3834} INFO - Setting next_dagrun for example_params_ui_tutorial to None, run_after=None
[2024-03-11T16:24:10.370+0000] {processor.py:183} INFO - Processing /usr/local/lib/python3.8/dist-packages/airflow/example_dags/example_params_ui_tutorial.py took 0.121 seconds
[2024-03-11T16:25:29.722+0000] {processor.py:161} INFO - Started process (PID=1547) to work on /usr/local/lib/python3.8/dist-packages/airflow/example_dags/example_params_ui_tutorial.py
[2024-03-11T16:25:29.724+0000] {processor.py:830} INFO - Processing file /usr/local/lib/python3.8/dist-packages/airflow/example_dags/example_params_ui_tutorial.py for tasks to queue
[2024-03-11T16:25:29.725+0000] {logging_mixin.py:188} INFO - [2024-03-11T16:25:29.724+0000] {dagbag.py:540} INFO - Filling up the DagBag from /usr/local/lib/python3.8/dist-packages/airflow/example_dags/example_params_ui_tutorial.py
[2024-03-11T16:25:29.744+0000] {processor.py:840} INFO - DAG(s) 'example_params_ui_tutorial' retrieved from /usr/local/lib/python3.8/dist-packages/airflow/example_dags/example_params_ui_tutorial.py
[2024-03-11T16:25:29.805+0000] {logging_mixin.py:188} INFO - [2024-03-11T16:25:29.804+0000] {dag.py:3047} INFO - Sync 1 DAGs
[2024-03-11T16:25:29.818+0000] {logging_mixin.py:188} INFO - [2024-03-11T16:25:29.817+0000] {dag.py:3834} INFO - Setting next_dagrun for example_params_ui_tutorial to None, run_after=None
[2024-03-11T16:25:29.848+0000] {processor.py:183} INFO - Processing /usr/local/lib/python3.8/dist-packages/airflow/example_dags/example_params_ui_tutorial.py took 0.129 seconds
[2024-03-11T16:28:03.902+0000] {processor.py:161} INFO - Started process (PID=1637) to work on /usr/local/lib/python3.8/dist-packages/airflow/example_dags/example_params_ui_tutorial.py
[2024-03-11T16:28:03.904+0000] {processor.py:830} INFO - Processing file /usr/local/lib/python3.8/dist-packages/airflow/example_dags/example_params_ui_tutorial.py for tasks to queue
[2024-03-11T16:28:03.905+0000] {logging_mixin.py:188} INFO - [2024-03-11T16:28:03.905+0000] {dagbag.py:540} INFO - Filling up the DagBag from /usr/local/lib/python3.8/dist-packages/airflow/example_dags/example_params_ui_tutorial.py
[2024-03-11T16:28:03.922+0000] {processor.py:840} INFO - DAG(s) 'example_params_ui_tutorial' retrieved from /usr/local/lib/python3.8/dist-packages/airflow/example_dags/example_params_ui_tutorial.py
[2024-03-11T16:28:03.982+0000] {logging_mixin.py:188} INFO - [2024-03-11T16:28:03.981+0000] {dag.py:3047} INFO - Sync 1 DAGs
[2024-03-11T16:28:03.995+0000] {logging_mixin.py:188} INFO - [2024-03-11T16:28:03.995+0000] {dag.py:3834} INFO - Setting next_dagrun for example_params_ui_tutorial to None, run_after=None
[2024-03-11T16:28:04.025+0000] {processor.py:183} INFO - Processing /usr/local/lib/python3.8/dist-packages/airflow/example_dags/example_params_ui_tutorial.py took 0.126 seconds
[2024-03-11T16:28:59.667+0000] {processor.py:161} INFO - Started process (PID=1698) to work on /usr/local/lib/python3.8/dist-packages/airflow/example_dags/example_params_ui_tutorial.py
[2024-03-11T16:28:59.669+0000] {processor.py:830} INFO - Processing file /usr/local/lib/python3.8/dist-packages/airflow/example_dags/example_params_ui_tutorial.py for tasks to queue
[2024-03-11T16:28:59.670+0000] {logging_mixin.py:188} INFO - [2024-03-11T16:28:59.670+0000] {dagbag.py:540} INFO - Filling up the DagBag from /usr/local/lib/python3.8/dist-packages/airflow/example_dags/example_params_ui_tutorial.py
[2024-03-11T16:28:59.686+0000] {processor.py:840} INFO - DAG(s) 'example_params_ui_tutorial' retrieved from /usr/local/lib/python3.8/dist-packages/airflow/example_dags/example_params_ui_tutorial.py
[2024-03-11T16:28:59.745+0000] {logging_mixin.py:188} INFO - [2024-03-11T16:28:59.745+0000] {dag.py:3047} INFO - Sync 1 DAGs
[2024-03-11T16:28:59.760+0000] {logging_mixin.py:188} INFO - [2024-03-11T16:28:59.760+0000] {dag.py:3834} INFO - Setting next_dagrun for example_params_ui_tutorial to None, run_after=None
[2024-03-11T16:28:59.790+0000] {processor.py:183} INFO - Processing /usr/local/lib/python3.8/dist-packages/airflow/example_dags/example_params_ui_tutorial.py took 0.127 seconds
[2024-03-11T16:29:49.429+0000] {processor.py:161} INFO - Started process (PID=1751) to work on /usr/local/lib/python3.8/dist-packages/airflow/example_dags/example_params_ui_tutorial.py
[2024-03-11T16:29:49.431+0000] {processor.py:830} INFO - Processing file /usr/local/lib/python3.8/dist-packages/airflow/example_dags/example_params_ui_tutorial.py for tasks to queue
[2024-03-11T16:29:49.433+0000] {logging_mixin.py:188} INFO - [2024-03-11T16:29:49.432+0000] {dagbag.py:540} INFO - Filling up the DagBag from /usr/local/lib/python3.8/dist-packages/airflow/example_dags/example_params_ui_tutorial.py
[2024-03-11T16:29:49.449+0000] {processor.py:840} INFO - DAG(s) 'example_params_ui_tutorial' retrieved from /usr/local/lib/python3.8/dist-packages/airflow/example_dags/example_params_ui_tutorial.py
[2024-03-11T16:29:49.507+0000] {logging_mixin.py:188} INFO - [2024-03-11T16:29:49.507+0000] {dag.py:3047} INFO - Sync 1 DAGs
[2024-03-11T16:29:49.520+0000] {logging_mixin.py:188} INFO - [2024-03-11T16:29:49.520+0000] {dag.py:3834} INFO - Setting next_dagrun for example_params_ui_tutorial to None, run_after=None
[2024-03-11T16:29:49.552+0000] {processor.py:183} INFO - Processing /usr/local/lib/python3.8/dist-packages/airflow/example_dags/example_params_ui_tutorial.py took 0.128 seconds
[2024-03-11T16:30:40.222+0000] {processor.py:161} INFO - Started process (PID=1809) to work on /usr/local/lib/python3.8/dist-packages/airflow/example_dags/example_params_ui_tutorial.py
[2024-03-11T16:30:40.225+0000] {processor.py:830} INFO - Processing file /usr/local/lib/python3.8/dist-packages/airflow/example_dags/example_params_ui_tutorial.py for tasks to queue
[2024-03-11T16:30:40.226+0000] {logging_mixin.py:188} INFO - [2024-03-11T16:30:40.226+0000] {dagbag.py:540} INFO - Filling up the DagBag from /usr/local/lib/python3.8/dist-packages/airflow/example_dags/example_params_ui_tutorial.py
[2024-03-11T16:30:40.242+0000] {processor.py:840} INFO - DAG(s) 'example_params_ui_tutorial' retrieved from /usr/local/lib/python3.8/dist-packages/airflow/example_dags/example_params_ui_tutorial.py
[2024-03-11T16:30:40.301+0000] {logging_mixin.py:188} INFO - [2024-03-11T16:30:40.300+0000] {dag.py:3047} INFO - Sync 1 DAGs
[2024-03-11T16:30:40.317+0000] {logging_mixin.py:188} INFO - [2024-03-11T16:30:40.317+0000] {dag.py:3834} INFO - Setting next_dagrun for example_params_ui_tutorial to None, run_after=None
[2024-03-11T16:30:40.348+0000] {processor.py:183} INFO - Processing /usr/local/lib/python3.8/dist-packages/airflow/example_dags/example_params_ui_tutorial.py took 0.130 seconds
[2024-03-11T16:33:36.110+0000] {processor.py:161} INFO - Started process (PID=1918) to work on /usr/local/lib/python3.8/dist-packages/airflow/example_dags/example_params_ui_tutorial.py
[2024-03-11T16:33:36.116+0000] {processor.py:830} INFO - Processing file /usr/local/lib/python3.8/dist-packages/airflow/example_dags/example_params_ui_tutorial.py for tasks to queue
[2024-03-11T16:33:36.117+0000] {logging_mixin.py:188} INFO - [2024-03-11T16:33:36.117+0000] {dagbag.py:540} INFO - Filling up the DagBag from /usr/local/lib/python3.8/dist-packages/airflow/example_dags/example_params_ui_tutorial.py
[2024-03-11T16:33:36.133+0000] {processor.py:840} INFO - DAG(s) 'example_params_ui_tutorial' retrieved from /usr/local/lib/python3.8/dist-packages/airflow/example_dags/example_params_ui_tutorial.py
[2024-03-11T16:33:36.208+0000] {logging_mixin.py:188} INFO - [2024-03-11T16:33:36.208+0000] {dag.py:3047} INFO - Sync 1 DAGs
[2024-03-11T16:33:36.221+0000] {logging_mixin.py:188} INFO - [2024-03-11T16:33:36.221+0000] {dag.py:3834} INFO - Setting next_dagrun for example_params_ui_tutorial to None, run_after=None
[2024-03-11T16:33:36.250+0000] {processor.py:183} INFO - Processing /usr/local/lib/python3.8/dist-packages/airflow/example_dags/example_params_ui_tutorial.py took 0.144 seconds
[2024-03-11T16:36:24.432+0000] {processor.py:161} INFO - Started process (PID=2011) to work on /usr/local/lib/python3.8/dist-packages/airflow/example_dags/example_params_ui_tutorial.py
[2024-03-11T16:36:24.434+0000] {processor.py:830} INFO - Processing file /usr/local/lib/python3.8/dist-packages/airflow/example_dags/example_params_ui_tutorial.py for tasks to queue
[2024-03-11T16:36:24.435+0000] {logging_mixin.py:188} INFO - [2024-03-11T16:36:24.435+0000] {dagbag.py:540} INFO - Filling up the DagBag from /usr/local/lib/python3.8/dist-packages/airflow/example_dags/example_params_ui_tutorial.py
[2024-03-11T16:36:24.452+0000] {processor.py:840} INFO - DAG(s) 'example_params_ui_tutorial' retrieved from /usr/local/lib/python3.8/dist-packages/airflow/example_dags/example_params_ui_tutorial.py
[2024-03-11T16:36:24.515+0000] {logging_mixin.py:188} INFO - [2024-03-11T16:36:24.515+0000] {dag.py:3047} INFO - Sync 1 DAGs
[2024-03-11T16:36:24.528+0000] {logging_mixin.py:188} INFO - [2024-03-11T16:36:24.528+0000] {dag.py:3834} INFO - Setting next_dagrun for example_params_ui_tutorial to None, run_after=None
[2024-03-11T16:36:24.559+0000] {processor.py:183} INFO - Processing /usr/local/lib/python3.8/dist-packages/airflow/example_dags/example_params_ui_tutorial.py took 0.131 seconds
[2024-03-11T16:41:19.598+0000] {processor.py:161} INFO - Started process (PID=448) to work on /usr/local/lib/python3.8/dist-packages/airflow/example_dags/example_params_ui_tutorial.py
[2024-03-11T16:41:19.600+0000] {processor.py:830} INFO - Processing file /usr/local/lib/python3.8/dist-packages/airflow/example_dags/example_params_ui_tutorial.py for tasks to queue
[2024-03-11T16:41:19.601+0000] {logging_mixin.py:188} INFO - [2024-03-11T16:41:19.601+0000] {dagbag.py:540} INFO - Filling up the DagBag from /usr/local/lib/python3.8/dist-packages/airflow/example_dags/example_params_ui_tutorial.py
[2024-03-11T16:41:19.614+0000] {processor.py:840} INFO - DAG(s) 'example_params_ui_tutorial' retrieved from /usr/local/lib/python3.8/dist-packages/airflow/example_dags/example_params_ui_tutorial.py
[2024-03-11T16:41:19.670+0000] {logging_mixin.py:188} INFO - [2024-03-11T16:41:19.670+0000] {dag.py:3047} INFO - Sync 1 DAGs
[2024-03-11T16:41:19.759+0000] {logging_mixin.py:188} INFO - [2024-03-11T16:41:19.759+0000] {dag.py:3834} INFO - Setting next_dagrun for example_params_ui_tutorial to None, run_after=None
[2024-03-11T16:41:19.786+0000] {processor.py:183} INFO - Processing /usr/local/lib/python3.8/dist-packages/airflow/example_dags/example_params_ui_tutorial.py took 0.191 seconds
[2024-03-11T16:44:41.466+0000] {processor.py:161} INFO - Started process (PID=673) to work on /usr/local/lib/python3.8/dist-packages/airflow/example_dags/example_params_ui_tutorial.py
[2024-03-11T16:44:41.468+0000] {processor.py:830} INFO - Processing file /usr/local/lib/python3.8/dist-packages/airflow/example_dags/example_params_ui_tutorial.py for tasks to queue
[2024-03-11T16:44:41.469+0000] {logging_mixin.py:188} INFO - [2024-03-11T16:44:41.469+0000] {dagbag.py:540} INFO - Filling up the DagBag from /usr/local/lib/python3.8/dist-packages/airflow/example_dags/example_params_ui_tutorial.py
[2024-03-11T16:44:41.481+0000] {processor.py:840} INFO - DAG(s) 'example_params_ui_tutorial' retrieved from /usr/local/lib/python3.8/dist-packages/airflow/example_dags/example_params_ui_tutorial.py
[2024-03-11T16:44:41.529+0000] {logging_mixin.py:188} INFO - [2024-03-11T16:44:41.528+0000] {dag.py:3047} INFO - Sync 1 DAGs
[2024-03-11T16:44:41.632+0000] {logging_mixin.py:188} INFO - [2024-03-11T16:44:41.632+0000] {dag.py:3834} INFO - Setting next_dagrun for example_params_ui_tutorial to None, run_after=None
[2024-03-11T16:44:42.045+0000] {processor.py:183} INFO - Processing /usr/local/lib/python3.8/dist-packages/airflow/example_dags/example_params_ui_tutorial.py took 0.581 seconds
[2024-03-11T16:47:59.692+0000] {processor.py:161} INFO - Started process (PID=821) to work on /usr/local/lib/python3.8/dist-packages/airflow/example_dags/example_params_ui_tutorial.py
[2024-03-11T16:47:59.694+0000] {processor.py:830} INFO - Processing file /usr/local/lib/python3.8/dist-packages/airflow/example_dags/example_params_ui_tutorial.py for tasks to queue
[2024-03-11T16:47:59.695+0000] {logging_mixin.py:188} INFO - [2024-03-11T16:47:59.695+0000] {dagbag.py:540} INFO - Filling up the DagBag from /usr/local/lib/python3.8/dist-packages/airflow/example_dags/example_params_ui_tutorial.py
[2024-03-11T16:47:59.708+0000] {processor.py:840} INFO - DAG(s) 'example_params_ui_tutorial' retrieved from /usr/local/lib/python3.8/dist-packages/airflow/example_dags/example_params_ui_tutorial.py
[2024-03-11T16:47:59.876+0000] {logging_mixin.py:188} INFO - [2024-03-11T16:47:59.876+0000] {dag.py:3047} INFO - Sync 1 DAGs
[2024-03-11T16:47:59.885+0000] {logging_mixin.py:188} INFO - [2024-03-11T16:47:59.885+0000] {dag.py:3834} INFO - Setting next_dagrun for example_params_ui_tutorial to None, run_after=None
[2024-03-11T16:47:59.929+0000] {processor.py:183} INFO - Processing /usr/local/lib/python3.8/dist-packages/airflow/example_dags/example_params_ui_tutorial.py took 0.240 seconds
[2024-03-11T16:48:57.134+0000] {processor.py:161} INFO - Started process (PID=920) to work on /usr/local/lib/python3.8/dist-packages/airflow/example_dags/example_params_ui_tutorial.py
[2024-03-11T16:48:57.136+0000] {processor.py:830} INFO - Processing file /usr/local/lib/python3.8/dist-packages/airflow/example_dags/example_params_ui_tutorial.py for tasks to queue
[2024-03-11T16:48:57.137+0000] {logging_mixin.py:188} INFO - [2024-03-11T16:48:57.137+0000] {dagbag.py:540} INFO - Filling up the DagBag from /usr/local/lib/python3.8/dist-packages/airflow/example_dags/example_params_ui_tutorial.py
[2024-03-11T16:48:57.151+0000] {processor.py:840} INFO - DAG(s) 'example_params_ui_tutorial' retrieved from /usr/local/lib/python3.8/dist-packages/airflow/example_dags/example_params_ui_tutorial.py
[2024-03-11T16:48:57.207+0000] {logging_mixin.py:188} INFO - [2024-03-11T16:48:57.207+0000] {dag.py:3047} INFO - Sync 1 DAGs
[2024-03-11T16:48:57.219+0000] {logging_mixin.py:188} INFO - [2024-03-11T16:48:57.219+0000] {dag.py:3834} INFO - Setting next_dagrun for example_params_ui_tutorial to None, run_after=None
[2024-03-11T16:48:57.248+0000] {processor.py:183} INFO - Processing /usr/local/lib/python3.8/dist-packages/airflow/example_dags/example_params_ui_tutorial.py took 0.117 seconds
[2024-03-11T16:49:51.038+0000] {processor.py:161} INFO - Started process (PID=1021) to work on /usr/local/lib/python3.8/dist-packages/airflow/example_dags/example_params_ui_tutorial.py
[2024-03-11T16:49:51.040+0000] {processor.py:830} INFO - Processing file /usr/local/lib/python3.8/dist-packages/airflow/example_dags/example_params_ui_tutorial.py for tasks to queue
[2024-03-11T16:49:51.041+0000] {logging_mixin.py:188} INFO - [2024-03-11T16:49:51.041+0000] {dagbag.py:540} INFO - Filling up the DagBag from /usr/local/lib/python3.8/dist-packages/airflow/example_dags/example_params_ui_tutorial.py
[2024-03-11T16:49:51.055+0000] {processor.py:840} INFO - DAG(s) 'example_params_ui_tutorial' retrieved from /usr/local/lib/python3.8/dist-packages/airflow/example_dags/example_params_ui_tutorial.py
[2024-03-11T16:49:51.111+0000] {logging_mixin.py:188} INFO - [2024-03-11T16:49:51.111+0000] {dag.py:3047} INFO - Sync 1 DAGs
[2024-03-11T16:49:51.124+0000] {logging_mixin.py:188} INFO - [2024-03-11T16:49:51.124+0000] {dag.py:3834} INFO - Setting next_dagrun for example_params_ui_tutorial to None, run_after=None
[2024-03-11T16:49:51.153+0000] {processor.py:183} INFO - Processing /usr/local/lib/python3.8/dist-packages/airflow/example_dags/example_params_ui_tutorial.py took 0.118 seconds
[2024-03-11T16:50:46.134+0000] {processor.py:161} INFO - Started process (PID=1091) to work on /usr/local/lib/python3.8/dist-packages/airflow/example_dags/example_params_ui_tutorial.py
[2024-03-11T16:50:46.136+0000] {processor.py:830} INFO - Processing file /usr/local/lib/python3.8/dist-packages/airflow/example_dags/example_params_ui_tutorial.py for tasks to queue
[2024-03-11T16:50:46.137+0000] {logging_mixin.py:188} INFO - [2024-03-11T16:50:46.136+0000] {dagbag.py:540} INFO - Filling up the DagBag from /usr/local/lib/python3.8/dist-packages/airflow/example_dags/example_params_ui_tutorial.py
[2024-03-11T16:50:46.149+0000] {processor.py:840} INFO - DAG(s) 'example_params_ui_tutorial' retrieved from /usr/local/lib/python3.8/dist-packages/airflow/example_dags/example_params_ui_tutorial.py
[2024-03-11T16:50:46.193+0000] {logging_mixin.py:188} INFO - [2024-03-11T16:50:46.193+0000] {dag.py:3047} INFO - Sync 1 DAGs
[2024-03-11T16:50:46.202+0000] {logging_mixin.py:188} INFO - [2024-03-11T16:50:46.202+0000] {dag.py:3834} INFO - Setting next_dagrun for example_params_ui_tutorial to None, run_after=None
[2024-03-11T16:50:46.227+0000] {processor.py:183} INFO - Processing /usr/local/lib/python3.8/dist-packages/airflow/example_dags/example_params_ui_tutorial.py took 0.097 seconds
[2024-03-11T16:51:42.051+0000] {processor.py:161} INFO - Started process (PID=1156) to work on /usr/local/lib/python3.8/dist-packages/airflow/example_dags/example_params_ui_tutorial.py
[2024-03-11T16:51:42.053+0000] {processor.py:830} INFO - Processing file /usr/local/lib/python3.8/dist-packages/airflow/example_dags/example_params_ui_tutorial.py for tasks to queue
[2024-03-11T16:51:42.054+0000] {logging_mixin.py:188} INFO - [2024-03-11T16:51:42.054+0000] {dagbag.py:540} INFO - Filling up the DagBag from /usr/local/lib/python3.8/dist-packages/airflow/example_dags/example_params_ui_tutorial.py
[2024-03-11T16:51:42.068+0000] {processor.py:840} INFO - DAG(s) 'example_params_ui_tutorial' retrieved from /usr/local/lib/python3.8/dist-packages/airflow/example_dags/example_params_ui_tutorial.py
[2024-03-11T16:51:42.122+0000] {logging_mixin.py:188} INFO - [2024-03-11T16:51:42.122+0000] {dag.py:3047} INFO - Sync 1 DAGs
[2024-03-11T16:51:42.132+0000] {logging_mixin.py:188} INFO - [2024-03-11T16:51:42.131+0000] {dag.py:3834} INFO - Setting next_dagrun for example_params_ui_tutorial to None, run_after=None
[2024-03-11T16:51:42.156+0000] {processor.py:183} INFO - Processing /usr/local/lib/python3.8/dist-packages/airflow/example_dags/example_params_ui_tutorial.py took 0.108 seconds
[2024-03-11T16:52:38.782+0000] {processor.py:161} INFO - Started process (PID=1234) to work on /usr/local/lib/python3.8/dist-packages/airflow/example_dags/example_params_ui_tutorial.py
[2024-03-11T16:52:38.784+0000] {processor.py:830} INFO - Processing file /usr/local/lib/python3.8/dist-packages/airflow/example_dags/example_params_ui_tutorial.py for tasks to queue
[2024-03-11T16:52:38.785+0000] {logging_mixin.py:188} INFO - [2024-03-11T16:52:38.785+0000] {dagbag.py:540} INFO - Filling up the DagBag from /usr/local/lib/python3.8/dist-packages/airflow/example_dags/example_params_ui_tutorial.py
[2024-03-11T16:52:38.799+0000] {processor.py:840} INFO - DAG(s) 'example_params_ui_tutorial' retrieved from /usr/local/lib/python3.8/dist-packages/airflow/example_dags/example_params_ui_tutorial.py
[2024-03-11T16:52:38.855+0000] {logging_mixin.py:188} INFO - [2024-03-11T16:52:38.855+0000] {dag.py:3047} INFO - Sync 1 DAGs
[2024-03-11T16:52:38.867+0000] {logging_mixin.py:188} INFO - [2024-03-11T16:52:38.867+0000] {dag.py:3834} INFO - Setting next_dagrun for example_params_ui_tutorial to None, run_after=None
[2024-03-11T16:52:38.900+0000] {processor.py:183} INFO - Processing /usr/local/lib/python3.8/dist-packages/airflow/example_dags/example_params_ui_tutorial.py took 0.121 seconds
[2024-03-11T16:53:31.867+0000] {processor.py:161} INFO - Started process (PID=1302) to work on /usr/local/lib/python3.8/dist-packages/airflow/example_dags/example_params_ui_tutorial.py
[2024-03-11T16:53:31.869+0000] {processor.py:830} INFO - Processing file /usr/local/lib/python3.8/dist-packages/airflow/example_dags/example_params_ui_tutorial.py for tasks to queue
[2024-03-11T16:53:31.870+0000] {logging_mixin.py:188} INFO - [2024-03-11T16:53:31.870+0000] {dagbag.py:540} INFO - Filling up the DagBag from /usr/local/lib/python3.8/dist-packages/airflow/example_dags/example_params_ui_tutorial.py
[2024-03-11T16:53:31.884+0000] {processor.py:840} INFO - DAG(s) 'example_params_ui_tutorial' retrieved from /usr/local/lib/python3.8/dist-packages/airflow/example_dags/example_params_ui_tutorial.py
[2024-03-11T16:53:31.940+0000] {logging_mixin.py:188} INFO - [2024-03-11T16:53:31.940+0000] {dag.py:3047} INFO - Sync 1 DAGs
[2024-03-11T16:53:31.952+0000] {logging_mixin.py:188} INFO - [2024-03-11T16:53:31.952+0000] {dag.py:3834} INFO - Setting next_dagrun for example_params_ui_tutorial to None, run_after=None
[2024-03-11T16:53:31.982+0000] {processor.py:183} INFO - Processing /usr/local/lib/python3.8/dist-packages/airflow/example_dags/example_params_ui_tutorial.py took 0.119 seconds
[2024-03-11T16:54:25.479+0000] {processor.py:161} INFO - Started process (PID=1367) to work on /usr/local/lib/python3.8/dist-packages/airflow/example_dags/example_params_ui_tutorial.py
[2024-03-11T16:54:25.481+0000] {processor.py:830} INFO - Processing file /usr/local/lib/python3.8/dist-packages/airflow/example_dags/example_params_ui_tutorial.py for tasks to queue
[2024-03-11T16:54:25.482+0000] {logging_mixin.py:188} INFO - [2024-03-11T16:54:25.481+0000] {dagbag.py:540} INFO - Filling up the DagBag from /usr/local/lib/python3.8/dist-packages/airflow/example_dags/example_params_ui_tutorial.py
[2024-03-11T16:54:25.495+0000] {processor.py:840} INFO - DAG(s) 'example_params_ui_tutorial' retrieved from /usr/local/lib/python3.8/dist-packages/airflow/example_dags/example_params_ui_tutorial.py
[2024-03-11T16:54:25.552+0000] {logging_mixin.py:188} INFO - [2024-03-11T16:54:25.552+0000] {dag.py:3047} INFO - Sync 1 DAGs
[2024-03-11T16:54:25.564+0000] {logging_mixin.py:188} INFO - [2024-03-11T16:54:25.564+0000] {dag.py:3834} INFO - Setting next_dagrun for example_params_ui_tutorial to None, run_after=None
[2024-03-11T16:54:25.592+0000] {processor.py:183} INFO - Processing /usr/local/lib/python3.8/dist-packages/airflow/example_dags/example_params_ui_tutorial.py took 0.117 seconds
[2024-03-11T16:55:20.730+0000] {processor.py:161} INFO - Started process (PID=1443) to work on /usr/local/lib/python3.8/dist-packages/airflow/example_dags/example_params_ui_tutorial.py
[2024-03-11T16:55:20.732+0000] {processor.py:830} INFO - Processing file /usr/local/lib/python3.8/dist-packages/airflow/example_dags/example_params_ui_tutorial.py for tasks to queue
[2024-03-11T16:55:20.733+0000] {logging_mixin.py:188} INFO - [2024-03-11T16:55:20.733+0000] {dagbag.py:540} INFO - Filling up the DagBag from /usr/local/lib/python3.8/dist-packages/airflow/example_dags/example_params_ui_tutorial.py
[2024-03-11T16:55:20.746+0000] {processor.py:840} INFO - DAG(s) 'example_params_ui_tutorial' retrieved from /usr/local/lib/python3.8/dist-packages/airflow/example_dags/example_params_ui_tutorial.py
[2024-03-11T16:55:20.790+0000] {logging_mixin.py:188} INFO - [2024-03-11T16:55:20.790+0000] {dag.py:3047} INFO - Sync 1 DAGs
[2024-03-11T16:55:20.800+0000] {logging_mixin.py:188} INFO - [2024-03-11T16:55:20.800+0000] {dag.py:3834} INFO - Setting next_dagrun for example_params_ui_tutorial to None, run_after=None
[2024-03-11T16:55:20.826+0000] {processor.py:183} INFO - Processing /usr/local/lib/python3.8/dist-packages/airflow/example_dags/example_params_ui_tutorial.py took 0.099 seconds
[2024-03-11T16:56:13.030+0000] {processor.py:161} INFO - Started process (PID=1512) to work on /usr/local/lib/python3.8/dist-packages/airflow/example_dags/example_params_ui_tutorial.py
[2024-03-11T16:56:13.033+0000] {processor.py:830} INFO - Processing file /usr/local/lib/python3.8/dist-packages/airflow/example_dags/example_params_ui_tutorial.py for tasks to queue
[2024-03-11T16:56:13.034+0000] {logging_mixin.py:188} INFO - [2024-03-11T16:56:13.034+0000] {dagbag.py:540} INFO - Filling up the DagBag from /usr/local/lib/python3.8/dist-packages/airflow/example_dags/example_params_ui_tutorial.py
[2024-03-11T16:56:13.048+0000] {processor.py:840} INFO - DAG(s) 'example_params_ui_tutorial' retrieved from /usr/local/lib/python3.8/dist-packages/airflow/example_dags/example_params_ui_tutorial.py
[2024-03-11T16:56:13.105+0000] {logging_mixin.py:188} INFO - [2024-03-11T16:56:13.104+0000] {dag.py:3047} INFO - Sync 1 DAGs
[2024-03-11T16:56:13.117+0000] {logging_mixin.py:188} INFO - [2024-03-11T16:56:13.117+0000] {dag.py:3834} INFO - Setting next_dagrun for example_params_ui_tutorial to None, run_after=None
[2024-03-11T16:56:13.146+0000] {processor.py:183} INFO - Processing /usr/local/lib/python3.8/dist-packages/airflow/example_dags/example_params_ui_tutorial.py took 0.119 seconds
[2024-03-11T16:57:04.613+0000] {processor.py:161} INFO - Started process (PID=1597) to work on /usr/local/lib/python3.8/dist-packages/airflow/example_dags/example_params_ui_tutorial.py
[2024-03-11T16:57:04.615+0000] {processor.py:830} INFO - Processing file /usr/local/lib/python3.8/dist-packages/airflow/example_dags/example_params_ui_tutorial.py for tasks to queue
[2024-03-11T16:57:04.616+0000] {logging_mixin.py:188} INFO - [2024-03-11T16:57:04.616+0000] {dagbag.py:540} INFO - Filling up the DagBag from /usr/local/lib/python3.8/dist-packages/airflow/example_dags/example_params_ui_tutorial.py
[2024-03-11T16:57:04.630+0000] {processor.py:840} INFO - DAG(s) 'example_params_ui_tutorial' retrieved from /usr/local/lib/python3.8/dist-packages/airflow/example_dags/example_params_ui_tutorial.py
[2024-03-11T16:57:04.677+0000] {logging_mixin.py:188} INFO - [2024-03-11T16:57:04.677+0000] {dag.py:3047} INFO - Sync 1 DAGs
[2024-03-11T16:57:04.686+0000] {logging_mixin.py:188} INFO - [2024-03-11T16:57:04.686+0000] {dag.py:3834} INFO - Setting next_dagrun for example_params_ui_tutorial to None, run_after=None
[2024-03-11T16:57:04.710+0000] {processor.py:183} INFO - Processing /usr/local/lib/python3.8/dist-packages/airflow/example_dags/example_params_ui_tutorial.py took 0.100 seconds
[2024-03-11T16:58:00.335+0000] {processor.py:161} INFO - Started process (PID=1769) to work on /usr/local/lib/python3.8/dist-packages/airflow/example_dags/example_params_ui_tutorial.py
[2024-03-11T16:58:00.337+0000] {processor.py:830} INFO - Processing file /usr/local/lib/python3.8/dist-packages/airflow/example_dags/example_params_ui_tutorial.py for tasks to queue
[2024-03-11T16:58:00.338+0000] {logging_mixin.py:188} INFO - [2024-03-11T16:58:00.338+0000] {dagbag.py:540} INFO - Filling up the DagBag from /usr/local/lib/python3.8/dist-packages/airflow/example_dags/example_params_ui_tutorial.py
[2024-03-11T16:58:00.351+0000] {processor.py:840} INFO - DAG(s) 'example_params_ui_tutorial' retrieved from /usr/local/lib/python3.8/dist-packages/airflow/example_dags/example_params_ui_tutorial.py
[2024-03-11T16:58:00.404+0000] {logging_mixin.py:188} INFO - [2024-03-11T16:58:00.404+0000] {dag.py:3047} INFO - Sync 1 DAGs
[2024-03-11T16:58:00.413+0000] {logging_mixin.py:188} INFO - [2024-03-11T16:58:00.413+0000] {dag.py:3834} INFO - Setting next_dagrun for example_params_ui_tutorial to None, run_after=None
[2024-03-11T16:58:00.438+0000] {processor.py:183} INFO - Processing /usr/local/lib/python3.8/dist-packages/airflow/example_dags/example_params_ui_tutorial.py took 0.106 seconds
[2024-03-11T17:07:18.970+0000] {processor.py:161} INFO - Started process (PID=2098) to work on /usr/local/lib/python3.8/dist-packages/airflow/example_dags/example_params_ui_tutorial.py
[2024-03-11T17:07:18.973+0000] {processor.py:830} INFO - Processing file /usr/local/lib/python3.8/dist-packages/airflow/example_dags/example_params_ui_tutorial.py for tasks to queue
[2024-03-11T17:07:18.974+0000] {logging_mixin.py:188} INFO - [2024-03-11T17:07:18.973+0000] {dagbag.py:540} INFO - Filling up the DagBag from /usr/local/lib/python3.8/dist-packages/airflow/example_dags/example_params_ui_tutorial.py
[2024-03-11T17:07:18.989+0000] {processor.py:840} INFO - DAG(s) 'example_params_ui_tutorial' retrieved from /usr/local/lib/python3.8/dist-packages/airflow/example_dags/example_params_ui_tutorial.py
[2024-03-11T17:07:19.128+0000] {logging_mixin.py:188} INFO - [2024-03-11T17:07:19.127+0000] {dag.py:3047} INFO - Sync 1 DAGs
[2024-03-11T17:07:19.136+0000] {logging_mixin.py:188} INFO - [2024-03-11T17:07:19.135+0000] {dag.py:3834} INFO - Setting next_dagrun for example_params_ui_tutorial to None, run_after=None
[2024-03-11T17:07:19.159+0000] {processor.py:183} INFO - Processing /usr/local/lib/python3.8/dist-packages/airflow/example_dags/example_params_ui_tutorial.py took 0.192 seconds
[2024-03-11T17:08:43.407+0000] {processor.py:161} INFO - Started process (PID=2239) to work on /usr/local/lib/python3.8/dist-packages/airflow/example_dags/example_params_ui_tutorial.py
[2024-03-11T17:08:43.409+0000] {processor.py:830} INFO - Processing file /usr/local/lib/python3.8/dist-packages/airflow/example_dags/example_params_ui_tutorial.py for tasks to queue
[2024-03-11T17:08:43.410+0000] {logging_mixin.py:188} INFO - [2024-03-11T17:08:43.409+0000] {dagbag.py:540} INFO - Filling up the DagBag from /usr/local/lib/python3.8/dist-packages/airflow/example_dags/example_params_ui_tutorial.py
[2024-03-11T17:08:43.422+0000] {processor.py:840} INFO - DAG(s) 'example_params_ui_tutorial' retrieved from /usr/local/lib/python3.8/dist-packages/airflow/example_dags/example_params_ui_tutorial.py
[2024-03-11T17:08:43.550+0000] {logging_mixin.py:188} INFO - [2024-03-11T17:08:43.550+0000] {dag.py:3047} INFO - Sync 1 DAGs
[2024-03-11T17:08:43.558+0000] {logging_mixin.py:188} INFO - [2024-03-11T17:08:43.558+0000] {dag.py:3834} INFO - Setting next_dagrun for example_params_ui_tutorial to None, run_after=None
[2024-03-11T17:08:43.581+0000] {processor.py:183} INFO - Processing /usr/local/lib/python3.8/dist-packages/airflow/example_dags/example_params_ui_tutorial.py took 0.177 seconds
[2024-03-11T17:09:42.371+0000] {processor.py:161} INFO - Started process (PID=2392) to work on /usr/local/lib/python3.8/dist-packages/airflow/example_dags/example_params_ui_tutorial.py
[2024-03-11T17:09:42.372+0000] {processor.py:830} INFO - Processing file /usr/local/lib/python3.8/dist-packages/airflow/example_dags/example_params_ui_tutorial.py for tasks to queue
[2024-03-11T17:09:42.373+0000] {logging_mixin.py:188} INFO - [2024-03-11T17:09:42.373+0000] {dagbag.py:540} INFO - Filling up the DagBag from /usr/local/lib/python3.8/dist-packages/airflow/example_dags/example_params_ui_tutorial.py
[2024-03-11T17:09:42.385+0000] {processor.py:840} INFO - DAG(s) 'example_params_ui_tutorial' retrieved from /usr/local/lib/python3.8/dist-packages/airflow/example_dags/example_params_ui_tutorial.py
[2024-03-11T17:09:42.429+0000] {logging_mixin.py:188} INFO - [2024-03-11T17:09:42.428+0000] {dag.py:3047} INFO - Sync 1 DAGs
[2024-03-11T17:09:42.439+0000] {logging_mixin.py:188} INFO - [2024-03-11T17:09:42.439+0000] {dag.py:3834} INFO - Setting next_dagrun for example_params_ui_tutorial to None, run_after=None
[2024-03-11T17:09:42.464+0000] {processor.py:183} INFO - Processing /usr/local/lib/python3.8/dist-packages/airflow/example_dags/example_params_ui_tutorial.py took 0.096 seconds
[2024-03-11T17:10:39.895+0000] {processor.py:161} INFO - Started process (PID=2470) to work on /usr/local/lib/python3.8/dist-packages/airflow/example_dags/example_params_ui_tutorial.py
[2024-03-11T17:10:39.897+0000] {processor.py:830} INFO - Processing file /usr/local/lib/python3.8/dist-packages/airflow/example_dags/example_params_ui_tutorial.py for tasks to queue
[2024-03-11T17:10:39.898+0000] {logging_mixin.py:188} INFO - [2024-03-11T17:10:39.898+0000] {dagbag.py:540} INFO - Filling up the DagBag from /usr/local/lib/python3.8/dist-packages/airflow/example_dags/example_params_ui_tutorial.py
[2024-03-11T17:10:39.912+0000] {processor.py:840} INFO - DAG(s) 'example_params_ui_tutorial' retrieved from /usr/local/lib/python3.8/dist-packages/airflow/example_dags/example_params_ui_tutorial.py
[2024-03-11T17:10:39.968+0000] {logging_mixin.py:188} INFO - [2024-03-11T17:10:39.967+0000] {dag.py:3047} INFO - Sync 1 DAGs
[2024-03-11T17:10:39.978+0000] {logging_mixin.py:188} INFO - [2024-03-11T17:10:39.977+0000] {dag.py:3834} INFO - Setting next_dagrun for example_params_ui_tutorial to None, run_after=None
[2024-03-11T17:10:40.004+0000] {processor.py:183} INFO - Processing /usr/local/lib/python3.8/dist-packages/airflow/example_dags/example_params_ui_tutorial.py took 0.112 seconds
[2024-03-11T17:12:01.041+0000] {processor.py:161} INFO - Started process (PID=2578) to work on /usr/local/lib/python3.8/dist-packages/airflow/example_dags/example_params_ui_tutorial.py
[2024-03-11T17:12:01.043+0000] {processor.py:830} INFO - Processing file /usr/local/lib/python3.8/dist-packages/airflow/example_dags/example_params_ui_tutorial.py for tasks to queue
[2024-03-11T17:12:01.044+0000] {logging_mixin.py:188} INFO - [2024-03-11T17:12:01.043+0000] {dagbag.py:540} INFO - Filling up the DagBag from /usr/local/lib/python3.8/dist-packages/airflow/example_dags/example_params_ui_tutorial.py
[2024-03-11T17:12:01.057+0000] {processor.py:840} INFO - DAG(s) 'example_params_ui_tutorial' retrieved from /usr/local/lib/python3.8/dist-packages/airflow/example_dags/example_params_ui_tutorial.py
[2024-03-11T17:12:01.207+0000] {logging_mixin.py:188} INFO - [2024-03-11T17:12:01.207+0000] {dag.py:3047} INFO - Sync 1 DAGs
[2024-03-11T17:12:01.217+0000] {logging_mixin.py:188} INFO - [2024-03-11T17:12:01.216+0000] {dag.py:3834} INFO - Setting next_dagrun for example_params_ui_tutorial to None, run_after=None
[2024-03-11T17:12:01.242+0000] {processor.py:183} INFO - Processing /usr/local/lib/python3.8/dist-packages/airflow/example_dags/example_params_ui_tutorial.py took 0.204 seconds
[2024-03-11T17:12:59.654+0000] {processor.py:161} INFO - Started process (PID=2656) to work on /usr/local/lib/python3.8/dist-packages/airflow/example_dags/example_params_ui_tutorial.py
[2024-03-11T17:12:59.656+0000] {processor.py:830} INFO - Processing file /usr/local/lib/python3.8/dist-packages/airflow/example_dags/example_params_ui_tutorial.py for tasks to queue
[2024-03-11T17:12:59.657+0000] {logging_mixin.py:188} INFO - [2024-03-11T17:12:59.657+0000] {dagbag.py:540} INFO - Filling up the DagBag from /usr/local/lib/python3.8/dist-packages/airflow/example_dags/example_params_ui_tutorial.py
[2024-03-11T17:12:59.671+0000] {processor.py:840} INFO - DAG(s) 'example_params_ui_tutorial' retrieved from /usr/local/lib/python3.8/dist-packages/airflow/example_dags/example_params_ui_tutorial.py
[2024-03-11T17:12:59.727+0000] {logging_mixin.py:188} INFO - [2024-03-11T17:12:59.727+0000] {dag.py:3047} INFO - Sync 1 DAGs
[2024-03-11T17:12:59.740+0000] {logging_mixin.py:188} INFO - [2024-03-11T17:12:59.739+0000] {dag.py:3834} INFO - Setting next_dagrun for example_params_ui_tutorial to None, run_after=None
[2024-03-11T17:12:59.770+0000] {processor.py:183} INFO - Processing /usr/local/lib/python3.8/dist-packages/airflow/example_dags/example_params_ui_tutorial.py took 0.118 seconds
[2024-03-11T17:13:55.003+0000] {processor.py:161} INFO - Started process (PID=2777) to work on /usr/local/lib/python3.8/dist-packages/airflow/example_dags/example_params_ui_tutorial.py
[2024-03-11T17:13:55.005+0000] {processor.py:830} INFO - Processing file /usr/local/lib/python3.8/dist-packages/airflow/example_dags/example_params_ui_tutorial.py for tasks to queue
[2024-03-11T17:13:55.006+0000] {logging_mixin.py:188} INFO - [2024-03-11T17:13:55.006+0000] {dagbag.py:540} INFO - Filling up the DagBag from /usr/local/lib/python3.8/dist-packages/airflow/example_dags/example_params_ui_tutorial.py
[2024-03-11T17:13:55.019+0000] {processor.py:840} INFO - DAG(s) 'example_params_ui_tutorial' retrieved from /usr/local/lib/python3.8/dist-packages/airflow/example_dags/example_params_ui_tutorial.py
[2024-03-11T17:13:55.062+0000] {logging_mixin.py:188} INFO - [2024-03-11T17:13:55.061+0000] {dag.py:3047} INFO - Sync 1 DAGs
[2024-03-11T17:13:55.071+0000] {logging_mixin.py:188} INFO - [2024-03-11T17:13:55.071+0000] {dag.py:3834} INFO - Setting next_dagrun for example_params_ui_tutorial to None, run_after=None
[2024-03-11T17:13:55.096+0000] {processor.py:183} INFO - Processing /usr/local/lib/python3.8/dist-packages/airflow/example_dags/example_params_ui_tutorial.py took 0.096 seconds
[2024-03-11T17:15:13.978+0000] {processor.py:161} INFO - Started process (PID=2929) to work on /usr/local/lib/python3.8/dist-packages/airflow/example_dags/example_params_ui_tutorial.py
[2024-03-11T17:15:13.980+0000] {processor.py:830} INFO - Processing file /usr/local/lib/python3.8/dist-packages/airflow/example_dags/example_params_ui_tutorial.py for tasks to queue
[2024-03-11T17:15:13.981+0000] {logging_mixin.py:188} INFO - [2024-03-11T17:15:13.980+0000] {dagbag.py:540} INFO - Filling up the DagBag from /usr/local/lib/python3.8/dist-packages/airflow/example_dags/example_params_ui_tutorial.py
[2024-03-11T17:15:13.994+0000] {processor.py:840} INFO - DAG(s) 'example_params_ui_tutorial' retrieved from /usr/local/lib/python3.8/dist-packages/airflow/example_dags/example_params_ui_tutorial.py
[2024-03-11T17:15:14.050+0000] {logging_mixin.py:188} INFO - [2024-03-11T17:15:14.050+0000] {dag.py:3047} INFO - Sync 1 DAGs
[2024-03-11T17:15:14.062+0000] {logging_mixin.py:188} INFO - [2024-03-11T17:15:14.062+0000] {dag.py:3834} INFO - Setting next_dagrun for example_params_ui_tutorial to None, run_after=None
[2024-03-11T17:15:14.092+0000] {processor.py:183} INFO - Processing /usr/local/lib/python3.8/dist-packages/airflow/example_dags/example_params_ui_tutorial.py took 0.118 seconds
[2024-03-11T17:16:09.437+0000] {processor.py:161} INFO - Started process (PID=3007) to work on /usr/local/lib/python3.8/dist-packages/airflow/example_dags/example_params_ui_tutorial.py
[2024-03-11T17:16:09.439+0000] {processor.py:830} INFO - Processing file /usr/local/lib/python3.8/dist-packages/airflow/example_dags/example_params_ui_tutorial.py for tasks to queue
[2024-03-11T17:16:09.440+0000] {logging_mixin.py:188} INFO - [2024-03-11T17:16:09.440+0000] {dagbag.py:540} INFO - Filling up the DagBag from /usr/local/lib/python3.8/dist-packages/airflow/example_dags/example_params_ui_tutorial.py
[2024-03-11T17:16:09.454+0000] {processor.py:840} INFO - DAG(s) 'example_params_ui_tutorial' retrieved from /usr/local/lib/python3.8/dist-packages/airflow/example_dags/example_params_ui_tutorial.py
[2024-03-11T17:16:09.524+0000] {logging_mixin.py:188} INFO - [2024-03-11T17:16:09.523+0000] {dag.py:3047} INFO - Sync 1 DAGs
[2024-03-11T17:16:09.538+0000] {logging_mixin.py:188} INFO - [2024-03-11T17:16:09.537+0000] {dag.py:3834} INFO - Setting next_dagrun for example_params_ui_tutorial to None, run_after=None
[2024-03-11T17:16:09.563+0000] {processor.py:183} INFO - Processing /usr/local/lib/python3.8/dist-packages/airflow/example_dags/example_params_ui_tutorial.py took 0.129 seconds
[2024-03-11T17:17:02.411+0000] {processor.py:161} INFO - Started process (PID=3071) to work on /usr/local/lib/python3.8/dist-packages/airflow/example_dags/example_params_ui_tutorial.py
[2024-03-11T17:17:02.413+0000] {processor.py:830} INFO - Processing file /usr/local/lib/python3.8/dist-packages/airflow/example_dags/example_params_ui_tutorial.py for tasks to queue
[2024-03-11T17:17:02.414+0000] {logging_mixin.py:188} INFO - [2024-03-11T17:17:02.414+0000] {dagbag.py:540} INFO - Filling up the DagBag from /usr/local/lib/python3.8/dist-packages/airflow/example_dags/example_params_ui_tutorial.py
[2024-03-11T17:17:02.427+0000] {processor.py:840} INFO - DAG(s) 'example_params_ui_tutorial' retrieved from /usr/local/lib/python3.8/dist-packages/airflow/example_dags/example_params_ui_tutorial.py
[2024-03-11T17:17:02.474+0000] {logging_mixin.py:188} INFO - [2024-03-11T17:17:02.474+0000] {dag.py:3047} INFO - Sync 1 DAGs
[2024-03-11T17:17:02.484+0000] {logging_mixin.py:188} INFO - [2024-03-11T17:17:02.484+0000] {dag.py:3834} INFO - Setting next_dagrun for example_params_ui_tutorial to None, run_after=None
[2024-03-11T17:17:02.509+0000] {processor.py:183} INFO - Processing /usr/local/lib/python3.8/dist-packages/airflow/example_dags/example_params_ui_tutorial.py took 0.101 seconds
[2024-03-11T17:17:58.891+0000] {processor.py:161} INFO - Started process (PID=3142) to work on /usr/local/lib/python3.8/dist-packages/airflow/example_dags/example_params_ui_tutorial.py
[2024-03-11T17:17:58.893+0000] {processor.py:830} INFO - Processing file /usr/local/lib/python3.8/dist-packages/airflow/example_dags/example_params_ui_tutorial.py for tasks to queue
[2024-03-11T17:17:58.894+0000] {logging_mixin.py:188} INFO - [2024-03-11T17:17:58.894+0000] {dagbag.py:540} INFO - Filling up the DagBag from /usr/local/lib/python3.8/dist-packages/airflow/example_dags/example_params_ui_tutorial.py
[2024-03-11T17:17:58.907+0000] {processor.py:840} INFO - DAG(s) 'example_params_ui_tutorial' retrieved from /usr/local/lib/python3.8/dist-packages/airflow/example_dags/example_params_ui_tutorial.py
[2024-03-11T17:17:58.950+0000] {logging_mixin.py:188} INFO - [2024-03-11T17:17:58.950+0000] {dag.py:3047} INFO - Sync 1 DAGs
[2024-03-11T17:17:58.960+0000] {logging_mixin.py:188} INFO - [2024-03-11T17:17:58.959+0000] {dag.py:3834} INFO - Setting next_dagrun for example_params_ui_tutorial to None, run_after=None
[2024-03-11T17:17:58.985+0000] {processor.py:183} INFO - Processing /usr/local/lib/python3.8/dist-packages/airflow/example_dags/example_params_ui_tutorial.py took 0.097 seconds
[2024-03-11T17:18:54.067+0000] {processor.py:161} INFO - Started process (PID=3218) to work on /usr/local/lib/python3.8/dist-packages/airflow/example_dags/example_params_ui_tutorial.py
[2024-03-11T17:18:54.069+0000] {processor.py:830} INFO - Processing file /usr/local/lib/python3.8/dist-packages/airflow/example_dags/example_params_ui_tutorial.py for tasks to queue
[2024-03-11T17:18:54.070+0000] {logging_mixin.py:188} INFO - [2024-03-11T17:18:54.070+0000] {dagbag.py:540} INFO - Filling up the DagBag from /usr/local/lib/python3.8/dist-packages/airflow/example_dags/example_params_ui_tutorial.py
[2024-03-11T17:18:54.083+0000] {processor.py:840} INFO - DAG(s) 'example_params_ui_tutorial' retrieved from /usr/local/lib/python3.8/dist-packages/airflow/example_dags/example_params_ui_tutorial.py
[2024-03-11T17:18:54.127+0000] {logging_mixin.py:188} INFO - [2024-03-11T17:18:54.126+0000] {dag.py:3047} INFO - Sync 1 DAGs
[2024-03-11T17:18:54.136+0000] {logging_mixin.py:188} INFO - [2024-03-11T17:18:54.136+0000] {dag.py:3834} INFO - Setting next_dagrun for example_params_ui_tutorial to None, run_after=None
[2024-03-11T17:18:54.162+0000] {processor.py:183} INFO - Processing /usr/local/lib/python3.8/dist-packages/airflow/example_dags/example_params_ui_tutorial.py took 0.098 seconds
[2024-03-11T17:19:47.191+0000] {processor.py:161} INFO - Started process (PID=3283) to work on /usr/local/lib/python3.8/dist-packages/airflow/example_dags/example_params_ui_tutorial.py
[2024-03-11T17:19:47.193+0000] {processor.py:830} INFO - Processing file /usr/local/lib/python3.8/dist-packages/airflow/example_dags/example_params_ui_tutorial.py for tasks to queue
[2024-03-11T17:19:47.194+0000] {logging_mixin.py:188} INFO - [2024-03-11T17:19:47.193+0000] {dagbag.py:540} INFO - Filling up the DagBag from /usr/local/lib/python3.8/dist-packages/airflow/example_dags/example_params_ui_tutorial.py
[2024-03-11T17:19:47.206+0000] {processor.py:840} INFO - DAG(s) 'example_params_ui_tutorial' retrieved from /usr/local/lib/python3.8/dist-packages/airflow/example_dags/example_params_ui_tutorial.py
[2024-03-11T17:19:47.250+0000] {logging_mixin.py:188} INFO - [2024-03-11T17:19:47.250+0000] {dag.py:3047} INFO - Sync 1 DAGs
[2024-03-11T17:19:47.260+0000] {logging_mixin.py:188} INFO - [2024-03-11T17:19:47.260+0000] {dag.py:3834} INFO - Setting next_dagrun for example_params_ui_tutorial to None, run_after=None
[2024-03-11T17:19:47.296+0000] {processor.py:183} INFO - Processing /usr/local/lib/python3.8/dist-packages/airflow/example_dags/example_params_ui_tutorial.py took 0.108 seconds
[2024-03-11T17:20:41.705+0000] {processor.py:161} INFO - Started process (PID=3352) to work on /usr/local/lib/python3.8/dist-packages/airflow/example_dags/example_params_ui_tutorial.py
[2024-03-11T17:20:41.707+0000] {processor.py:830} INFO - Processing file /usr/local/lib/python3.8/dist-packages/airflow/example_dags/example_params_ui_tutorial.py for tasks to queue
[2024-03-11T17:20:41.708+0000] {logging_mixin.py:188} INFO - [2024-03-11T17:20:41.708+0000] {dagbag.py:540} INFO - Filling up the DagBag from /usr/local/lib/python3.8/dist-packages/airflow/example_dags/example_params_ui_tutorial.py
[2024-03-11T17:20:41.721+0000] {processor.py:840} INFO - DAG(s) 'example_params_ui_tutorial' retrieved from /usr/local/lib/python3.8/dist-packages/airflow/example_dags/example_params_ui_tutorial.py
[2024-03-11T17:20:41.781+0000] {logging_mixin.py:188} INFO - [2024-03-11T17:20:41.781+0000] {dag.py:3047} INFO - Sync 1 DAGs
[2024-03-11T17:20:41.793+0000] {logging_mixin.py:188} INFO - [2024-03-11T17:20:41.793+0000] {dag.py:3834} INFO - Setting next_dagrun for example_params_ui_tutorial to None, run_after=None
[2024-03-11T17:20:41.822+0000] {processor.py:183} INFO - Processing /usr/local/lib/python3.8/dist-packages/airflow/example_dags/example_params_ui_tutorial.py took 0.120 seconds
[2024-03-11T17:21:33.806+0000] {processor.py:161} INFO - Started process (PID=3428) to work on /usr/local/lib/python3.8/dist-packages/airflow/example_dags/example_params_ui_tutorial.py
[2024-03-11T17:21:33.808+0000] {processor.py:830} INFO - Processing file /usr/local/lib/python3.8/dist-packages/airflow/example_dags/example_params_ui_tutorial.py for tasks to queue
[2024-03-11T17:21:33.809+0000] {logging_mixin.py:188} INFO - [2024-03-11T17:21:33.808+0000] {dagbag.py:540} INFO - Filling up the DagBag from /usr/local/lib/python3.8/dist-packages/airflow/example_dags/example_params_ui_tutorial.py
[2024-03-11T17:21:33.823+0000] {processor.py:840} INFO - DAG(s) 'example_params_ui_tutorial' retrieved from /usr/local/lib/python3.8/dist-packages/airflow/example_dags/example_params_ui_tutorial.py
[2024-03-11T17:21:33.869+0000] {logging_mixin.py:188} INFO - [2024-03-11T17:21:33.869+0000] {dag.py:3047} INFO - Sync 1 DAGs
[2024-03-11T17:21:33.879+0000] {logging_mixin.py:188} INFO - [2024-03-11T17:21:33.878+0000] {dag.py:3834} INFO - Setting next_dagrun for example_params_ui_tutorial to None, run_after=None
[2024-03-11T17:21:33.904+0000] {processor.py:183} INFO - Processing /usr/local/lib/python3.8/dist-packages/airflow/example_dags/example_params_ui_tutorial.py took 0.101 seconds
