[2024-03-11T15:40:14.336+0000] {processor.py:161} INFO - Started process (PID=497) to work on /usr/local/lib/python3.8/dist-packages/airflow/example_dags/example_xcom.py
[2024-03-11T15:40:14.337+0000] {processor.py:830} INFO - Processing file /usr/local/lib/python3.8/dist-packages/airflow/example_dags/example_xcom.py for tasks to queue
[2024-03-11T15:40:14.338+0000] {logging_mixin.py:188} INFO - [2024-03-11T15:40:14.338+0000] {dagbag.py:540} INFO - Filling up the DagBag from /usr/local/lib/python3.8/dist-packages/airflow/example_dags/example_xcom.py
[2024-03-11T15:40:14.346+0000] {processor.py:840} INFO - DAG(s) 'example_xcom' retrieved from /usr/local/lib/python3.8/dist-packages/airflow/example_dags/example_xcom.py
[2024-03-11T15:40:14.534+0000] {logging_mixin.py:188} INFO - [2024-03-11T15:40:14.534+0000] {override.py:1769} INFO - Created Permission View: can delete on DAG:example_xcom
[2024-03-11T15:40:14.550+0000] {logging_mixin.py:188} INFO - [2024-03-11T15:40:14.550+0000] {override.py:1769} INFO - Created Permission View: can read on DAG:example_xcom
[2024-03-11T15:40:14.564+0000] {logging_mixin.py:188} INFO - [2024-03-11T15:40:14.564+0000] {override.py:1769} INFO - Created Permission View: can edit on DAG:example_xcom
[2024-03-11T15:40:14.564+0000] {logging_mixin.py:188} INFO - [2024-03-11T15:40:14.564+0000] {dag.py:3047} INFO - Sync 1 DAGs
[2024-03-11T15:40:14.572+0000] {logging_mixin.py:188} INFO - [2024-03-11T15:40:14.572+0000] {dag.py:3069} INFO - Creating ORM DAG for example_xcom
[2024-03-11T15:40:14.578+0000] {logging_mixin.py:188} INFO - [2024-03-11T15:40:14.578+0000] {dag.py:3834} INFO - Setting next_dagrun for example_xcom to 2021-01-01 00:00:00+00:00, run_after=2021-01-01 00:00:00+00:00
[2024-03-11T15:40:14.644+0000] {processor.py:183} INFO - Processing /usr/local/lib/python3.8/dist-packages/airflow/example_dags/example_xcom.py took 0.311 seconds
[2024-03-11T15:41:10.207+0000] {processor.py:161} INFO - Started process (PID=570) to work on /usr/local/lib/python3.8/dist-packages/airflow/example_dags/example_xcom.py
[2024-03-11T15:41:10.209+0000] {processor.py:830} INFO - Processing file /usr/local/lib/python3.8/dist-packages/airflow/example_dags/example_xcom.py for tasks to queue
[2024-03-11T15:41:10.210+0000] {logging_mixin.py:188} INFO - [2024-03-11T15:41:10.209+0000] {dagbag.py:540} INFO - Filling up the DagBag from /usr/local/lib/python3.8/dist-packages/airflow/example_dags/example_xcom.py
[2024-03-11T15:41:10.219+0000] {processor.py:840} INFO - DAG(s) 'example_xcom' retrieved from /usr/local/lib/python3.8/dist-packages/airflow/example_dags/example_xcom.py
[2024-03-11T15:41:10.236+0000] {logging_mixin.py:188} INFO - [2024-03-11T15:41:10.236+0000] {dag.py:3047} INFO - Sync 1 DAGs
[2024-03-11T15:41:10.258+0000] {logging_mixin.py:188} INFO - [2024-03-11T15:41:10.258+0000] {dag.py:3834} INFO - Setting next_dagrun for example_xcom to 2021-01-01 00:00:00+00:00, run_after=2021-01-01 00:00:00+00:00
[2024-03-11T15:41:10.542+0000] {processor.py:183} INFO - Processing /usr/local/lib/python3.8/dist-packages/airflow/example_dags/example_xcom.py took 0.338 seconds
[2024-03-11T15:41:59.799+0000] {processor.py:161} INFO - Started process (PID=618) to work on /usr/local/lib/python3.8/dist-packages/airflow/example_dags/example_xcom.py
[2024-03-11T15:41:59.801+0000] {processor.py:830} INFO - Processing file /usr/local/lib/python3.8/dist-packages/airflow/example_dags/example_xcom.py for tasks to queue
[2024-03-11T15:41:59.802+0000] {logging_mixin.py:188} INFO - [2024-03-11T15:41:59.801+0000] {dagbag.py:540} INFO - Filling up the DagBag from /usr/local/lib/python3.8/dist-packages/airflow/example_dags/example_xcom.py
[2024-03-11T15:41:59.811+0000] {processor.py:840} INFO - DAG(s) 'example_xcom' retrieved from /usr/local/lib/python3.8/dist-packages/airflow/example_dags/example_xcom.py
[2024-03-11T15:41:59.830+0000] {logging_mixin.py:188} INFO - [2024-03-11T15:41:59.829+0000] {dag.py:3047} INFO - Sync 1 DAGs
[2024-03-11T15:41:59.851+0000] {logging_mixin.py:188} INFO - [2024-03-11T15:41:59.851+0000] {dag.py:3834} INFO - Setting next_dagrun for example_xcom to 2021-01-01 00:00:00+00:00, run_after=2021-01-01 00:00:00+00:00
[2024-03-11T15:41:59.885+0000] {processor.py:183} INFO - Processing /usr/local/lib/python3.8/dist-packages/airflow/example_dags/example_xcom.py took 0.089 seconds
[2024-03-11T15:42:45.053+0000] {processor.py:161} INFO - Started process (PID=663) to work on /usr/local/lib/python3.8/dist-packages/airflow/example_dags/example_xcom.py
[2024-03-11T15:42:45.055+0000] {processor.py:830} INFO - Processing file /usr/local/lib/python3.8/dist-packages/airflow/example_dags/example_xcom.py for tasks to queue
[2024-03-11T15:42:45.056+0000] {logging_mixin.py:188} INFO - [2024-03-11T15:42:45.056+0000] {dagbag.py:540} INFO - Filling up the DagBag from /usr/local/lib/python3.8/dist-packages/airflow/example_dags/example_xcom.py
[2024-03-11T15:42:45.065+0000] {processor.py:840} INFO - DAG(s) 'example_xcom' retrieved from /usr/local/lib/python3.8/dist-packages/airflow/example_dags/example_xcom.py
[2024-03-11T15:42:45.083+0000] {logging_mixin.py:188} INFO - [2024-03-11T15:42:45.082+0000] {dag.py:3047} INFO - Sync 1 DAGs
[2024-03-11T15:42:45.105+0000] {logging_mixin.py:188} INFO - [2024-03-11T15:42:45.105+0000] {dag.py:3834} INFO - Setting next_dagrun for example_xcom to 2021-01-01 00:00:00+00:00, run_after=2021-01-01 00:00:00+00:00
[2024-03-11T15:42:45.135+0000] {processor.py:183} INFO - Processing /usr/local/lib/python3.8/dist-packages/airflow/example_dags/example_xcom.py took 0.084 seconds
[2024-03-11T15:43:42.643+0000] {processor.py:161} INFO - Started process (PID=718) to work on /usr/local/lib/python3.8/dist-packages/airflow/example_dags/example_xcom.py
[2024-03-11T15:43:42.646+0000] {processor.py:830} INFO - Processing file /usr/local/lib/python3.8/dist-packages/airflow/example_dags/example_xcom.py for tasks to queue
[2024-03-11T15:43:42.647+0000] {logging_mixin.py:188} INFO - [2024-03-11T15:43:42.646+0000] {dagbag.py:540} INFO - Filling up the DagBag from /usr/local/lib/python3.8/dist-packages/airflow/example_dags/example_xcom.py
[2024-03-11T15:43:42.655+0000] {processor.py:840} INFO - DAG(s) 'example_xcom' retrieved from /usr/local/lib/python3.8/dist-packages/airflow/example_dags/example_xcom.py
[2024-03-11T15:43:42.673+0000] {logging_mixin.py:188} INFO - [2024-03-11T15:43:42.673+0000] {dag.py:3047} INFO - Sync 1 DAGs
[2024-03-11T15:43:42.696+0000] {logging_mixin.py:188} INFO - [2024-03-11T15:43:42.696+0000] {dag.py:3834} INFO - Setting next_dagrun for example_xcom to 2021-01-01 00:00:00+00:00, run_after=2021-01-01 00:00:00+00:00
[2024-03-11T15:43:42.856+0000] {processor.py:183} INFO - Processing /usr/local/lib/python3.8/dist-packages/airflow/example_dags/example_xcom.py took 0.216 seconds
[2024-03-11T15:44:38.916+0000] {processor.py:161} INFO - Started process (PID=774) to work on /usr/local/lib/python3.8/dist-packages/airflow/example_dags/example_xcom.py
[2024-03-11T15:44:38.918+0000] {processor.py:830} INFO - Processing file /usr/local/lib/python3.8/dist-packages/airflow/example_dags/example_xcom.py for tasks to queue
[2024-03-11T15:44:38.919+0000] {logging_mixin.py:188} INFO - [2024-03-11T15:44:38.919+0000] {dagbag.py:540} INFO - Filling up the DagBag from /usr/local/lib/python3.8/dist-packages/airflow/example_dags/example_xcom.py
[2024-03-11T15:44:38.928+0000] {processor.py:840} INFO - DAG(s) 'example_xcom' retrieved from /usr/local/lib/python3.8/dist-packages/airflow/example_dags/example_xcom.py
[2024-03-11T15:44:38.947+0000] {logging_mixin.py:188} INFO - [2024-03-11T15:44:38.947+0000] {dag.py:3047} INFO - Sync 1 DAGs
[2024-03-11T15:44:38.970+0000] {logging_mixin.py:188} INFO - [2024-03-11T15:44:38.969+0000] {dag.py:3834} INFO - Setting next_dagrun for example_xcom to 2021-01-01 00:00:00+00:00, run_after=2021-01-01 00:00:00+00:00
[2024-03-11T15:44:39.000+0000] {processor.py:183} INFO - Processing /usr/local/lib/python3.8/dist-packages/airflow/example_dags/example_xcom.py took 0.086 seconds
[2024-03-11T15:45:35.793+0000] {processor.py:161} INFO - Started process (PID=829) to work on /usr/local/lib/python3.8/dist-packages/airflow/example_dags/example_xcom.py
[2024-03-11T15:45:35.795+0000] {processor.py:830} INFO - Processing file /usr/local/lib/python3.8/dist-packages/airflow/example_dags/example_xcom.py for tasks to queue
[2024-03-11T15:45:35.796+0000] {logging_mixin.py:188} INFO - [2024-03-11T15:45:35.795+0000] {dagbag.py:540} INFO - Filling up the DagBag from /usr/local/lib/python3.8/dist-packages/airflow/example_dags/example_xcom.py
[2024-03-11T15:45:35.805+0000] {processor.py:840} INFO - DAG(s) 'example_xcom' retrieved from /usr/local/lib/python3.8/dist-packages/airflow/example_dags/example_xcom.py
[2024-03-11T15:45:35.837+0000] {logging_mixin.py:188} INFO - [2024-03-11T15:45:35.837+0000] {dag.py:3047} INFO - Sync 1 DAGs
[2024-03-11T15:45:35.870+0000] {logging_mixin.py:188} INFO - [2024-03-11T15:45:35.870+0000] {dag.py:3834} INFO - Setting next_dagrun for example_xcom to 2021-01-01 00:00:00+00:00, run_after=2021-01-01 00:00:00+00:00
[2024-03-11T15:45:35.923+0000] {processor.py:183} INFO - Processing /usr/local/lib/python3.8/dist-packages/airflow/example_dags/example_xcom.py took 0.134 seconds
[2024-03-11T15:46:18.175+0000] {processor.py:161} INFO - Started process (PID=869) to work on /usr/local/lib/python3.8/dist-packages/airflow/example_dags/example_xcom.py
[2024-03-11T15:46:18.177+0000] {processor.py:830} INFO - Processing file /usr/local/lib/python3.8/dist-packages/airflow/example_dags/example_xcom.py for tasks to queue
[2024-03-11T15:46:18.179+0000] {logging_mixin.py:188} INFO - [2024-03-11T15:46:18.178+0000] {dagbag.py:540} INFO - Filling up the DagBag from /usr/local/lib/python3.8/dist-packages/airflow/example_dags/example_xcom.py
[2024-03-11T15:46:18.187+0000] {processor.py:840} INFO - DAG(s) 'example_xcom' retrieved from /usr/local/lib/python3.8/dist-packages/airflow/example_dags/example_xcom.py
[2024-03-11T15:46:18.206+0000] {logging_mixin.py:188} INFO - [2024-03-11T15:46:18.206+0000] {dag.py:3047} INFO - Sync 1 DAGs
[2024-03-11T15:46:18.227+0000] {logging_mixin.py:188} INFO - [2024-03-11T15:46:18.227+0000] {dag.py:3834} INFO - Setting next_dagrun for example_xcom to 2021-01-01 00:00:00+00:00, run_after=2021-01-01 00:00:00+00:00
[2024-03-11T15:46:18.256+0000] {processor.py:183} INFO - Processing /usr/local/lib/python3.8/dist-packages/airflow/example_dags/example_xcom.py took 0.084 seconds
[2024-03-11T15:47:01.383+0000] {processor.py:161} INFO - Started process (PID=911) to work on /usr/local/lib/python3.8/dist-packages/airflow/example_dags/example_xcom.py
[2024-03-11T15:47:01.385+0000] {processor.py:830} INFO - Processing file /usr/local/lib/python3.8/dist-packages/airflow/example_dags/example_xcom.py for tasks to queue
[2024-03-11T15:47:01.386+0000] {logging_mixin.py:188} INFO - [2024-03-11T15:47:01.385+0000] {dagbag.py:540} INFO - Filling up the DagBag from /usr/local/lib/python3.8/dist-packages/airflow/example_dags/example_xcom.py
[2024-03-11T15:47:01.394+0000] {processor.py:840} INFO - DAG(s) 'example_xcom' retrieved from /usr/local/lib/python3.8/dist-packages/airflow/example_dags/example_xcom.py
[2024-03-11T15:47:01.412+0000] {logging_mixin.py:188} INFO - [2024-03-11T15:47:01.412+0000] {dag.py:3047} INFO - Sync 1 DAGs
[2024-03-11T15:47:01.435+0000] {logging_mixin.py:188} INFO - [2024-03-11T15:47:01.434+0000] {dag.py:3834} INFO - Setting next_dagrun for example_xcom to 2021-01-01 00:00:00+00:00, run_after=2021-01-01 00:00:00+00:00
[2024-03-11T15:47:01.463+0000] {processor.py:183} INFO - Processing /usr/local/lib/python3.8/dist-packages/airflow/example_dags/example_xcom.py took 0.085 seconds
[2024-03-11T15:47:59.219+0000] {processor.py:161} INFO - Started process (PID=968) to work on /usr/local/lib/python3.8/dist-packages/airflow/example_dags/example_xcom.py
[2024-03-11T15:47:59.222+0000] {processor.py:830} INFO - Processing file /usr/local/lib/python3.8/dist-packages/airflow/example_dags/example_xcom.py for tasks to queue
[2024-03-11T15:47:59.224+0000] {logging_mixin.py:188} INFO - [2024-03-11T15:47:59.223+0000] {dagbag.py:540} INFO - Filling up the DagBag from /usr/local/lib/python3.8/dist-packages/airflow/example_dags/example_xcom.py
[2024-03-11T15:47:59.233+0000] {processor.py:840} INFO - DAG(s) 'example_xcom' retrieved from /usr/local/lib/python3.8/dist-packages/airflow/example_dags/example_xcom.py
[2024-03-11T15:47:59.251+0000] {logging_mixin.py:188} INFO - [2024-03-11T15:47:59.251+0000] {dag.py:3047} INFO - Sync 1 DAGs
[2024-03-11T15:47:59.273+0000] {logging_mixin.py:188} INFO - [2024-03-11T15:47:59.273+0000] {dag.py:3834} INFO - Setting next_dagrun for example_xcom to 2021-01-01 00:00:00+00:00, run_after=2021-01-01 00:00:00+00:00
[2024-03-11T15:47:59.304+0000] {processor.py:183} INFO - Processing /usr/local/lib/python3.8/dist-packages/airflow/example_dags/example_xcom.py took 0.088 seconds
[2024-03-11T15:48:39.694+0000] {processor.py:161} INFO - Started process (PID=1006) to work on /usr/local/lib/python3.8/dist-packages/airflow/example_dags/example_xcom.py
[2024-03-11T15:48:39.697+0000] {processor.py:830} INFO - Processing file /usr/local/lib/python3.8/dist-packages/airflow/example_dags/example_xcom.py for tasks to queue
[2024-03-11T15:48:39.698+0000] {logging_mixin.py:188} INFO - [2024-03-11T15:48:39.698+0000] {dagbag.py:540} INFO - Filling up the DagBag from /usr/local/lib/python3.8/dist-packages/airflow/example_dags/example_xcom.py
[2024-03-11T15:48:39.707+0000] {processor.py:840} INFO - DAG(s) 'example_xcom' retrieved from /usr/local/lib/python3.8/dist-packages/airflow/example_dags/example_xcom.py
[2024-03-11T15:48:39.725+0000] {logging_mixin.py:188} INFO - [2024-03-11T15:48:39.724+0000] {dag.py:3047} INFO - Sync 1 DAGs
[2024-03-11T15:48:39.747+0000] {logging_mixin.py:188} INFO - [2024-03-11T15:48:39.747+0000] {dag.py:3834} INFO - Setting next_dagrun for example_xcom to 2021-01-01 00:00:00+00:00, run_after=2021-01-01 00:00:00+00:00
[2024-03-11T15:48:39.777+0000] {processor.py:183} INFO - Processing /usr/local/lib/python3.8/dist-packages/airflow/example_dags/example_xcom.py took 0.086 seconds
[2024-03-11T15:49:23.640+0000] {processor.py:161} INFO - Started process (PID=1047) to work on /usr/local/lib/python3.8/dist-packages/airflow/example_dags/example_xcom.py
[2024-03-11T15:49:23.641+0000] {processor.py:830} INFO - Processing file /usr/local/lib/python3.8/dist-packages/airflow/example_dags/example_xcom.py for tasks to queue
[2024-03-11T15:49:23.642+0000] {logging_mixin.py:188} INFO - [2024-03-11T15:49:23.642+0000] {dagbag.py:540} INFO - Filling up the DagBag from /usr/local/lib/python3.8/dist-packages/airflow/example_dags/example_xcom.py
[2024-03-11T15:49:23.651+0000] {processor.py:840} INFO - DAG(s) 'example_xcom' retrieved from /usr/local/lib/python3.8/dist-packages/airflow/example_dags/example_xcom.py
[2024-03-11T15:49:23.669+0000] {logging_mixin.py:188} INFO - [2024-03-11T15:49:23.669+0000] {dag.py:3047} INFO - Sync 1 DAGs
[2024-03-11T15:49:23.692+0000] {logging_mixin.py:188} INFO - [2024-03-11T15:49:23.692+0000] {dag.py:3834} INFO - Setting next_dagrun for example_xcom to 2021-01-01 00:00:00+00:00, run_after=2021-01-01 00:00:00+00:00
[2024-03-11T15:49:23.721+0000] {processor.py:183} INFO - Processing /usr/local/lib/python3.8/dist-packages/airflow/example_dags/example_xcom.py took 0.085 seconds
[2024-03-11T15:50:14.134+0000] {processor.py:161} INFO - Started process (PID=1095) to work on /usr/local/lib/python3.8/dist-packages/airflow/example_dags/example_xcom.py
[2024-03-11T15:50:14.136+0000] {processor.py:830} INFO - Processing file /usr/local/lib/python3.8/dist-packages/airflow/example_dags/example_xcom.py for tasks to queue
[2024-03-11T15:50:14.137+0000] {logging_mixin.py:188} INFO - [2024-03-11T15:50:14.136+0000] {dagbag.py:540} INFO - Filling up the DagBag from /usr/local/lib/python3.8/dist-packages/airflow/example_dags/example_xcom.py
[2024-03-11T15:50:14.147+0000] {processor.py:840} INFO - DAG(s) 'example_xcom' retrieved from /usr/local/lib/python3.8/dist-packages/airflow/example_dags/example_xcom.py
[2024-03-11T15:50:14.166+0000] {logging_mixin.py:188} INFO - [2024-03-11T15:50:14.165+0000] {dag.py:3047} INFO - Sync 1 DAGs
[2024-03-11T15:50:14.188+0000] {logging_mixin.py:188} INFO - [2024-03-11T15:50:14.188+0000] {dag.py:3834} INFO - Setting next_dagrun for example_xcom to 2021-01-01 00:00:00+00:00, run_after=2021-01-01 00:00:00+00:00
[2024-03-11T15:50:14.218+0000] {processor.py:183} INFO - Processing /usr/local/lib/python3.8/dist-packages/airflow/example_dags/example_xcom.py took 0.087 seconds
[2024-03-11T15:50:58.561+0000] {processor.py:161} INFO - Started process (PID=1139) to work on /usr/local/lib/python3.8/dist-packages/airflow/example_dags/example_xcom.py
[2024-03-11T15:50:58.563+0000] {processor.py:830} INFO - Processing file /usr/local/lib/python3.8/dist-packages/airflow/example_dags/example_xcom.py for tasks to queue
[2024-03-11T15:50:58.564+0000] {logging_mixin.py:188} INFO - [2024-03-11T15:50:58.564+0000] {dagbag.py:540} INFO - Filling up the DagBag from /usr/local/lib/python3.8/dist-packages/airflow/example_dags/example_xcom.py
[2024-03-11T15:50:58.573+0000] {processor.py:840} INFO - DAG(s) 'example_xcom' retrieved from /usr/local/lib/python3.8/dist-packages/airflow/example_dags/example_xcom.py
[2024-03-11T15:50:58.591+0000] {logging_mixin.py:188} INFO - [2024-03-11T15:50:58.591+0000] {dag.py:3047} INFO - Sync 1 DAGs
[2024-03-11T15:50:58.613+0000] {logging_mixin.py:188} INFO - [2024-03-11T15:50:58.613+0000] {dag.py:3834} INFO - Setting next_dagrun for example_xcom to 2021-01-01 00:00:00+00:00, run_after=2021-01-01 00:00:00+00:00
[2024-03-11T15:50:58.644+0000] {processor.py:183} INFO - Processing /usr/local/lib/python3.8/dist-packages/airflow/example_dags/example_xcom.py took 0.086 seconds
[2024-03-11T15:51:45.443+0000] {processor.py:161} INFO - Started process (PID=1202) to work on /usr/local/lib/python3.8/dist-packages/airflow/example_dags/example_xcom.py
[2024-03-11T15:51:45.445+0000] {processor.py:830} INFO - Processing file /usr/local/lib/python3.8/dist-packages/airflow/example_dags/example_xcom.py for tasks to queue
[2024-03-11T15:51:45.446+0000] {logging_mixin.py:188} INFO - [2024-03-11T15:51:45.446+0000] {dagbag.py:540} INFO - Filling up the DagBag from /usr/local/lib/python3.8/dist-packages/airflow/example_dags/example_xcom.py
[2024-03-11T15:51:45.456+0000] {processor.py:840} INFO - DAG(s) 'example_xcom' retrieved from /usr/local/lib/python3.8/dist-packages/airflow/example_dags/example_xcom.py
[2024-03-11T15:51:45.474+0000] {logging_mixin.py:188} INFO - [2024-03-11T15:51:45.473+0000] {dag.py:3047} INFO - Sync 1 DAGs
[2024-03-11T15:51:45.495+0000] {logging_mixin.py:188} INFO - [2024-03-11T15:51:45.495+0000] {dag.py:3834} INFO - Setting next_dagrun for example_xcom to 2021-01-01 00:00:00+00:00, run_after=2021-01-01 00:00:00+00:00
[2024-03-11T15:51:45.526+0000] {processor.py:183} INFO - Processing /usr/local/lib/python3.8/dist-packages/airflow/example_dags/example_xcom.py took 0.086 seconds
[2024-03-11T15:52:27.216+0000] {processor.py:161} INFO - Started process (PID=1245) to work on /usr/local/lib/python3.8/dist-packages/airflow/example_dags/example_xcom.py
[2024-03-11T15:52:27.218+0000] {processor.py:830} INFO - Processing file /usr/local/lib/python3.8/dist-packages/airflow/example_dags/example_xcom.py for tasks to queue
[2024-03-11T15:52:27.219+0000] {logging_mixin.py:188} INFO - [2024-03-11T15:52:27.219+0000] {dagbag.py:540} INFO - Filling up the DagBag from /usr/local/lib/python3.8/dist-packages/airflow/example_dags/example_xcom.py
[2024-03-11T15:52:27.228+0000] {processor.py:840} INFO - DAG(s) 'example_xcom' retrieved from /usr/local/lib/python3.8/dist-packages/airflow/example_dags/example_xcom.py
[2024-03-11T15:52:27.246+0000] {logging_mixin.py:188} INFO - [2024-03-11T15:52:27.246+0000] {dag.py:3047} INFO - Sync 1 DAGs
[2024-03-11T15:52:27.268+0000] {logging_mixin.py:188} INFO - [2024-03-11T15:52:27.268+0000] {dag.py:3834} INFO - Setting next_dagrun for example_xcom to 2021-01-01 00:00:00+00:00, run_after=2021-01-01 00:00:00+00:00
[2024-03-11T15:52:27.297+0000] {processor.py:183} INFO - Processing /usr/local/lib/python3.8/dist-packages/airflow/example_dags/example_xcom.py took 0.084 seconds
[2024-03-11T15:53:14.247+0000] {processor.py:161} INFO - Started process (PID=1290) to work on /usr/local/lib/python3.8/dist-packages/airflow/example_dags/example_xcom.py
[2024-03-11T15:53:14.249+0000] {processor.py:830} INFO - Processing file /usr/local/lib/python3.8/dist-packages/airflow/example_dags/example_xcom.py for tasks to queue
[2024-03-11T15:53:14.250+0000] {logging_mixin.py:188} INFO - [2024-03-11T15:53:14.249+0000] {dagbag.py:540} INFO - Filling up the DagBag from /usr/local/lib/python3.8/dist-packages/airflow/example_dags/example_xcom.py
[2024-03-11T15:53:14.258+0000] {processor.py:840} INFO - DAG(s) 'example_xcom' retrieved from /usr/local/lib/python3.8/dist-packages/airflow/example_dags/example_xcom.py
[2024-03-11T15:53:14.277+0000] {logging_mixin.py:188} INFO - [2024-03-11T15:53:14.277+0000] {dag.py:3047} INFO - Sync 1 DAGs
[2024-03-11T15:53:14.299+0000] {logging_mixin.py:188} INFO - [2024-03-11T15:53:14.299+0000] {dag.py:3834} INFO - Setting next_dagrun for example_xcom to 2021-01-01 00:00:00+00:00, run_after=2021-01-01 00:00:00+00:00
[2024-03-11T15:53:14.329+0000] {processor.py:183} INFO - Processing /usr/local/lib/python3.8/dist-packages/airflow/example_dags/example_xcom.py took 0.085 seconds
[2024-03-11T15:54:01.180+0000] {processor.py:161} INFO - Started process (PID=1346) to work on /usr/local/lib/python3.8/dist-packages/airflow/example_dags/example_xcom.py
[2024-03-11T15:54:01.182+0000] {processor.py:830} INFO - Processing file /usr/local/lib/python3.8/dist-packages/airflow/example_dags/example_xcom.py for tasks to queue
[2024-03-11T15:54:01.183+0000] {logging_mixin.py:188} INFO - [2024-03-11T15:54:01.183+0000] {dagbag.py:540} INFO - Filling up the DagBag from /usr/local/lib/python3.8/dist-packages/airflow/example_dags/example_xcom.py
[2024-03-11T15:54:01.192+0000] {processor.py:840} INFO - DAG(s) 'example_xcom' retrieved from /usr/local/lib/python3.8/dist-packages/airflow/example_dags/example_xcom.py
[2024-03-11T15:54:01.201+0000] {logging_mixin.py:188} INFO - [2024-03-11T15:54:01.200+0000] {dag.py:3047} INFO - Sync 1 DAGs
[2024-03-11T15:54:01.223+0000] {logging_mixin.py:188} INFO - [2024-03-11T15:54:01.223+0000] {dag.py:3834} INFO - Setting next_dagrun for example_xcom to 2021-01-01 00:00:00+00:00, run_after=2021-01-01 00:00:00+00:00
[2024-03-11T15:54:01.256+0000] {processor.py:183} INFO - Processing /usr/local/lib/python3.8/dist-packages/airflow/example_dags/example_xcom.py took 0.079 seconds
[2024-03-11T15:54:53.606+0000] {processor.py:161} INFO - Started process (PID=1405) to work on /usr/local/lib/python3.8/dist-packages/airflow/example_dags/example_xcom.py
[2024-03-11T15:54:53.608+0000] {processor.py:830} INFO - Processing file /usr/local/lib/python3.8/dist-packages/airflow/example_dags/example_xcom.py for tasks to queue
[2024-03-11T15:54:53.609+0000] {logging_mixin.py:188} INFO - [2024-03-11T15:54:53.609+0000] {dagbag.py:540} INFO - Filling up the DagBag from /usr/local/lib/python3.8/dist-packages/airflow/example_dags/example_xcom.py
[2024-03-11T15:54:53.618+0000] {processor.py:840} INFO - DAG(s) 'example_xcom' retrieved from /usr/local/lib/python3.8/dist-packages/airflow/example_dags/example_xcom.py
[2024-03-11T15:54:53.729+0000] {logging_mixin.py:188} INFO - [2024-03-11T15:54:53.728+0000] {dag.py:3047} INFO - Sync 1 DAGs
[2024-03-11T15:54:53.747+0000] {logging_mixin.py:188} INFO - [2024-03-11T15:54:53.747+0000] {dag.py:3834} INFO - Setting next_dagrun for example_xcom to 2021-01-01 00:00:00+00:00, run_after=2021-01-01 00:00:00+00:00
[2024-03-11T15:54:53.781+0000] {processor.py:183} INFO - Processing /usr/local/lib/python3.8/dist-packages/airflow/example_dags/example_xcom.py took 0.178 seconds
[2024-03-11T15:55:49.973+0000] {processor.py:161} INFO - Started process (PID=1464) to work on /usr/local/lib/python3.8/dist-packages/airflow/example_dags/example_xcom.py
[2024-03-11T15:55:49.975+0000] {processor.py:830} INFO - Processing file /usr/local/lib/python3.8/dist-packages/airflow/example_dags/example_xcom.py for tasks to queue
[2024-03-11T15:55:49.976+0000] {logging_mixin.py:188} INFO - [2024-03-11T15:55:49.976+0000] {dagbag.py:540} INFO - Filling up the DagBag from /usr/local/lib/python3.8/dist-packages/airflow/example_dags/example_xcom.py
[2024-03-11T15:55:49.986+0000] {processor.py:840} INFO - DAG(s) 'example_xcom' retrieved from /usr/local/lib/python3.8/dist-packages/airflow/example_dags/example_xcom.py
[2024-03-11T15:55:50.005+0000] {logging_mixin.py:188} INFO - [2024-03-11T15:55:50.005+0000] {dag.py:3047} INFO - Sync 1 DAGs
[2024-03-11T15:55:50.026+0000] {logging_mixin.py:188} INFO - [2024-03-11T15:55:50.026+0000] {dag.py:3834} INFO - Setting next_dagrun for example_xcom to 2021-01-01 00:00:00+00:00, run_after=2021-01-01 00:00:00+00:00
[2024-03-11T15:55:50.065+0000] {processor.py:183} INFO - Processing /usr/local/lib/python3.8/dist-packages/airflow/example_dags/example_xcom.py took 0.095 seconds
[2024-03-11T15:56:48.873+0000] {processor.py:161} INFO - Started process (PID=1516) to work on /usr/local/lib/python3.8/dist-packages/airflow/example_dags/example_xcom.py
[2024-03-11T15:56:48.875+0000] {processor.py:830} INFO - Processing file /usr/local/lib/python3.8/dist-packages/airflow/example_dags/example_xcom.py for tasks to queue
[2024-03-11T15:56:48.876+0000] {logging_mixin.py:188} INFO - [2024-03-11T15:56:48.875+0000] {dagbag.py:540} INFO - Filling up the DagBag from /usr/local/lib/python3.8/dist-packages/airflow/example_dags/example_xcom.py
[2024-03-11T15:56:48.885+0000] {processor.py:840} INFO - DAG(s) 'example_xcom' retrieved from /usr/local/lib/python3.8/dist-packages/airflow/example_dags/example_xcom.py
[2024-03-11T15:56:48.903+0000] {logging_mixin.py:188} INFO - [2024-03-11T15:56:48.902+0000] {dag.py:3047} INFO - Sync 1 DAGs
[2024-03-11T15:56:48.925+0000] {logging_mixin.py:188} INFO - [2024-03-11T15:56:48.925+0000] {dag.py:3834} INFO - Setting next_dagrun for example_xcom to 2021-01-01 00:00:00+00:00, run_after=2021-01-01 00:00:00+00:00
[2024-03-11T15:56:48.956+0000] {processor.py:183} INFO - Processing /usr/local/lib/python3.8/dist-packages/airflow/example_dags/example_xcom.py took 0.087 seconds
[2024-03-11T15:57:42.974+0000] {processor.py:161} INFO - Started process (PID=1568) to work on /usr/local/lib/python3.8/dist-packages/airflow/example_dags/example_xcom.py
[2024-03-11T15:57:42.976+0000] {processor.py:830} INFO - Processing file /usr/local/lib/python3.8/dist-packages/airflow/example_dags/example_xcom.py for tasks to queue
[2024-03-11T15:57:42.977+0000] {logging_mixin.py:188} INFO - [2024-03-11T15:57:42.977+0000] {dagbag.py:540} INFO - Filling up the DagBag from /usr/local/lib/python3.8/dist-packages/airflow/example_dags/example_xcom.py
[2024-03-11T15:57:42.986+0000] {processor.py:840} INFO - DAG(s) 'example_xcom' retrieved from /usr/local/lib/python3.8/dist-packages/airflow/example_dags/example_xcom.py
[2024-03-11T15:57:43.004+0000] {logging_mixin.py:188} INFO - [2024-03-11T15:57:43.004+0000] {dag.py:3047} INFO - Sync 1 DAGs
[2024-03-11T15:57:43.025+0000] {logging_mixin.py:188} INFO - [2024-03-11T15:57:43.025+0000] {dag.py:3834} INFO - Setting next_dagrun for example_xcom to 2021-01-01 00:00:00+00:00, run_after=2021-01-01 00:00:00+00:00
[2024-03-11T15:57:43.055+0000] {processor.py:183} INFO - Processing /usr/local/lib/python3.8/dist-packages/airflow/example_dags/example_xcom.py took 0.084 seconds
[2024-03-11T15:58:38.947+0000] {processor.py:161} INFO - Started process (PID=1814) to work on /usr/local/lib/python3.8/dist-packages/airflow/example_dags/example_xcom.py
[2024-03-11T15:58:38.950+0000] {processor.py:830} INFO - Processing file /usr/local/lib/python3.8/dist-packages/airflow/example_dags/example_xcom.py for tasks to queue
[2024-03-11T15:58:38.951+0000] {logging_mixin.py:188} INFO - [2024-03-11T15:58:38.950+0000] {dagbag.py:540} INFO - Filling up the DagBag from /usr/local/lib/python3.8/dist-packages/airflow/example_dags/example_xcom.py
[2024-03-11T15:58:38.959+0000] {processor.py:840} INFO - DAG(s) 'example_xcom' retrieved from /usr/local/lib/python3.8/dist-packages/airflow/example_dags/example_xcom.py
[2024-03-11T15:58:38.977+0000] {logging_mixin.py:188} INFO - [2024-03-11T15:58:38.977+0000] {dag.py:3047} INFO - Sync 1 DAGs
[2024-03-11T15:58:38.998+0000] {logging_mixin.py:188} INFO - [2024-03-11T15:58:38.998+0000] {dag.py:3834} INFO - Setting next_dagrun for example_xcom to 2021-01-01 00:00:00+00:00, run_after=2021-01-01 00:00:00+00:00
[2024-03-11T15:58:39.028+0000] {processor.py:183} INFO - Processing /usr/local/lib/python3.8/dist-packages/airflow/example_dags/example_xcom.py took 0.085 seconds
[2024-03-11T16:08:48.076+0000] {processor.py:161} INFO - Started process (PID=439) to work on /usr/local/lib/python3.8/dist-packages/airflow/example_dags/example_xcom.py
[2024-03-11T16:08:48.078+0000] {processor.py:830} INFO - Processing file /usr/local/lib/python3.8/dist-packages/airflow/example_dags/example_xcom.py for tasks to queue
[2024-03-11T16:08:48.080+0000] {logging_mixin.py:188} INFO - [2024-03-11T16:08:48.079+0000] {dagbag.py:540} INFO - Filling up the DagBag from /usr/local/lib/python3.8/dist-packages/airflow/example_dags/example_xcom.py
[2024-03-11T16:08:48.088+0000] {processor.py:840} INFO - DAG(s) 'example_xcom' retrieved from /usr/local/lib/python3.8/dist-packages/airflow/example_dags/example_xcom.py
[2024-03-11T16:08:48.107+0000] {logging_mixin.py:188} INFO - [2024-03-11T16:08:48.107+0000] {dag.py:3047} INFO - Sync 1 DAGs
[2024-03-11T16:08:48.128+0000] {logging_mixin.py:188} INFO - [2024-03-11T16:08:48.128+0000] {dag.py:3834} INFO - Setting next_dagrun for example_xcom to 2021-01-01 00:00:00+00:00, run_after=2021-01-01 00:00:00+00:00
[2024-03-11T16:08:48.159+0000] {processor.py:183} INFO - Processing /usr/local/lib/python3.8/dist-packages/airflow/example_dags/example_xcom.py took 0.086 seconds
[2024-03-11T16:09:42.429+0000] {processor.py:161} INFO - Started process (PID=492) to work on /usr/local/lib/python3.8/dist-packages/airflow/example_dags/example_xcom.py
[2024-03-11T16:09:42.431+0000] {processor.py:830} INFO - Processing file /usr/local/lib/python3.8/dist-packages/airflow/example_dags/example_xcom.py for tasks to queue
[2024-03-11T16:09:42.432+0000] {logging_mixin.py:188} INFO - [2024-03-11T16:09:42.432+0000] {dagbag.py:540} INFO - Filling up the DagBag from /usr/local/lib/python3.8/dist-packages/airflow/example_dags/example_xcom.py
[2024-03-11T16:09:42.441+0000] {processor.py:840} INFO - DAG(s) 'example_xcom' retrieved from /usr/local/lib/python3.8/dist-packages/airflow/example_dags/example_xcom.py
[2024-03-11T16:09:42.459+0000] {logging_mixin.py:188} INFO - [2024-03-11T16:09:42.459+0000] {dag.py:3047} INFO - Sync 1 DAGs
[2024-03-11T16:09:42.481+0000] {logging_mixin.py:188} INFO - [2024-03-11T16:09:42.481+0000] {dag.py:3834} INFO - Setting next_dagrun for example_xcom to 2021-01-01 00:00:00+00:00, run_after=2021-01-01 00:00:00+00:00
[2024-03-11T16:09:42.511+0000] {processor.py:183} INFO - Processing /usr/local/lib/python3.8/dist-packages/airflow/example_dags/example_xcom.py took 0.086 seconds
[2024-03-11T16:10:35.416+0000] {processor.py:161} INFO - Started process (PID=545) to work on /usr/local/lib/python3.8/dist-packages/airflow/example_dags/example_xcom.py
[2024-03-11T16:10:35.418+0000] {processor.py:830} INFO - Processing file /usr/local/lib/python3.8/dist-packages/airflow/example_dags/example_xcom.py for tasks to queue
[2024-03-11T16:10:35.419+0000] {logging_mixin.py:188} INFO - [2024-03-11T16:10:35.419+0000] {dagbag.py:540} INFO - Filling up the DagBag from /usr/local/lib/python3.8/dist-packages/airflow/example_dags/example_xcom.py
[2024-03-11T16:10:35.429+0000] {processor.py:840} INFO - DAG(s) 'example_xcom' retrieved from /usr/local/lib/python3.8/dist-packages/airflow/example_dags/example_xcom.py
[2024-03-11T16:10:35.446+0000] {logging_mixin.py:188} INFO - [2024-03-11T16:10:35.446+0000] {dag.py:3047} INFO - Sync 1 DAGs
[2024-03-11T16:10:35.468+0000] {logging_mixin.py:188} INFO - [2024-03-11T16:10:35.468+0000] {dag.py:3834} INFO - Setting next_dagrun for example_xcom to 2021-01-01 00:00:00+00:00, run_after=2021-01-01 00:00:00+00:00
[2024-03-11T16:10:35.497+0000] {processor.py:183} INFO - Processing /usr/local/lib/python3.8/dist-packages/airflow/example_dags/example_xcom.py took 0.085 seconds
[2024-03-11T16:11:30.342+0000] {processor.py:161} INFO - Started process (PID=605) to work on /usr/local/lib/python3.8/dist-packages/airflow/example_dags/example_xcom.py
[2024-03-11T16:11:30.344+0000] {processor.py:830} INFO - Processing file /usr/local/lib/python3.8/dist-packages/airflow/example_dags/example_xcom.py for tasks to queue
[2024-03-11T16:11:30.345+0000] {logging_mixin.py:188} INFO - [2024-03-11T16:11:30.344+0000] {dagbag.py:540} INFO - Filling up the DagBag from /usr/local/lib/python3.8/dist-packages/airflow/example_dags/example_xcom.py
[2024-03-11T16:11:30.353+0000] {processor.py:840} INFO - DAG(s) 'example_xcom' retrieved from /usr/local/lib/python3.8/dist-packages/airflow/example_dags/example_xcom.py
[2024-03-11T16:11:30.371+0000] {logging_mixin.py:188} INFO - [2024-03-11T16:11:30.371+0000] {dag.py:3047} INFO - Sync 1 DAGs
[2024-03-11T16:11:30.394+0000] {logging_mixin.py:188} INFO - [2024-03-11T16:11:30.394+0000] {dag.py:3834} INFO - Setting next_dagrun for example_xcom to 2021-01-01 00:00:00+00:00, run_after=2021-01-01 00:00:00+00:00
[2024-03-11T16:11:30.422+0000] {processor.py:183} INFO - Processing /usr/local/lib/python3.8/dist-packages/airflow/example_dags/example_xcom.py took 0.084 seconds
[2024-03-11T16:12:26.106+0000] {processor.py:161} INFO - Started process (PID=661) to work on /usr/local/lib/python3.8/dist-packages/airflow/example_dags/example_xcom.py
[2024-03-11T16:12:26.108+0000] {processor.py:830} INFO - Processing file /usr/local/lib/python3.8/dist-packages/airflow/example_dags/example_xcom.py for tasks to queue
[2024-03-11T16:12:26.109+0000] {logging_mixin.py:188} INFO - [2024-03-11T16:12:26.109+0000] {dagbag.py:540} INFO - Filling up the DagBag from /usr/local/lib/python3.8/dist-packages/airflow/example_dags/example_xcom.py
[2024-03-11T16:12:26.119+0000] {processor.py:840} INFO - DAG(s) 'example_xcom' retrieved from /usr/local/lib/python3.8/dist-packages/airflow/example_dags/example_xcom.py
[2024-03-11T16:12:26.137+0000] {logging_mixin.py:188} INFO - [2024-03-11T16:12:26.137+0000] {dag.py:3047} INFO - Sync 1 DAGs
[2024-03-11T16:12:26.159+0000] {logging_mixin.py:188} INFO - [2024-03-11T16:12:26.159+0000] {dag.py:3834} INFO - Setting next_dagrun for example_xcom to 2021-01-01 00:00:00+00:00, run_after=2021-01-01 00:00:00+00:00
[2024-03-11T16:12:26.189+0000] {processor.py:183} INFO - Processing /usr/local/lib/python3.8/dist-packages/airflow/example_dags/example_xcom.py took 0.086 seconds
[2024-03-11T16:13:34.950+0000] {processor.py:161} INFO - Started process (PID=741) to work on /usr/local/lib/python3.8/dist-packages/airflow/example_dags/example_xcom.py
[2024-03-11T16:13:34.952+0000] {processor.py:830} INFO - Processing file /usr/local/lib/python3.8/dist-packages/airflow/example_dags/example_xcom.py for tasks to queue
[2024-03-11T16:13:34.953+0000] {logging_mixin.py:188} INFO - [2024-03-11T16:13:34.952+0000] {dagbag.py:540} INFO - Filling up the DagBag from /usr/local/lib/python3.8/dist-packages/airflow/example_dags/example_xcom.py
[2024-03-11T16:13:34.962+0000] {processor.py:840} INFO - DAG(s) 'example_xcom' retrieved from /usr/local/lib/python3.8/dist-packages/airflow/example_dags/example_xcom.py
[2024-03-11T16:13:34.979+0000] {logging_mixin.py:188} INFO - [2024-03-11T16:13:34.979+0000] {dag.py:3047} INFO - Sync 1 DAGs
[2024-03-11T16:13:35.003+0000] {logging_mixin.py:188} INFO - [2024-03-11T16:13:35.003+0000] {dag.py:3834} INFO - Setting next_dagrun for example_xcom to 2021-01-01 00:00:00+00:00, run_after=2021-01-01 00:00:00+00:00
[2024-03-11T16:13:35.032+0000] {processor.py:183} INFO - Processing /usr/local/lib/python3.8/dist-packages/airflow/example_dags/example_xcom.py took 0.086 seconds
[2024-03-11T16:14:27.973+0000] {processor.py:161} INFO - Started process (PID=797) to work on /usr/local/lib/python3.8/dist-packages/airflow/example_dags/example_xcom.py
[2024-03-11T16:14:27.975+0000] {processor.py:830} INFO - Processing file /usr/local/lib/python3.8/dist-packages/airflow/example_dags/example_xcom.py for tasks to queue
[2024-03-11T16:14:27.976+0000] {logging_mixin.py:188} INFO - [2024-03-11T16:14:27.976+0000] {dagbag.py:540} INFO - Filling up the DagBag from /usr/local/lib/python3.8/dist-packages/airflow/example_dags/example_xcom.py
[2024-03-11T16:14:27.985+0000] {processor.py:840} INFO - DAG(s) 'example_xcom' retrieved from /usr/local/lib/python3.8/dist-packages/airflow/example_dags/example_xcom.py
[2024-03-11T16:14:28.004+0000] {logging_mixin.py:188} INFO - [2024-03-11T16:14:28.003+0000] {dag.py:3047} INFO - Sync 1 DAGs
[2024-03-11T16:14:28.026+0000] {logging_mixin.py:188} INFO - [2024-03-11T16:14:28.025+0000] {dag.py:3834} INFO - Setting next_dagrun for example_xcom to 2021-01-01 00:00:00+00:00, run_after=2021-01-01 00:00:00+00:00
[2024-03-11T16:14:28.056+0000] {processor.py:183} INFO - Processing /usr/local/lib/python3.8/dist-packages/airflow/example_dags/example_xcom.py took 0.086 seconds
[2024-03-11T16:15:14.316+0000] {processor.py:161} INFO - Started process (PID=843) to work on /usr/local/lib/python3.8/dist-packages/airflow/example_dags/example_xcom.py
[2024-03-11T16:15:14.318+0000] {processor.py:830} INFO - Processing file /usr/local/lib/python3.8/dist-packages/airflow/example_dags/example_xcom.py for tasks to queue
[2024-03-11T16:15:14.319+0000] {logging_mixin.py:188} INFO - [2024-03-11T16:15:14.319+0000] {dagbag.py:540} INFO - Filling up the DagBag from /usr/local/lib/python3.8/dist-packages/airflow/example_dags/example_xcom.py
[2024-03-11T16:15:14.328+0000] {processor.py:840} INFO - DAG(s) 'example_xcom' retrieved from /usr/local/lib/python3.8/dist-packages/airflow/example_dags/example_xcom.py
[2024-03-11T16:15:14.346+0000] {logging_mixin.py:188} INFO - [2024-03-11T16:15:14.346+0000] {dag.py:3047} INFO - Sync 1 DAGs
[2024-03-11T16:15:14.368+0000] {logging_mixin.py:188} INFO - [2024-03-11T16:15:14.367+0000] {dag.py:3834} INFO - Setting next_dagrun for example_xcom to 2021-01-01 00:00:00+00:00, run_after=2021-01-01 00:00:00+00:00
[2024-03-11T16:15:14.397+0000] {processor.py:183} INFO - Processing /usr/local/lib/python3.8/dist-packages/airflow/example_dags/example_xcom.py took 0.084 seconds
[2024-03-11T16:16:02.624+0000] {processor.py:161} INFO - Started process (PID=891) to work on /usr/local/lib/python3.8/dist-packages/airflow/example_dags/example_xcom.py
[2024-03-11T16:16:02.626+0000] {processor.py:830} INFO - Processing file /usr/local/lib/python3.8/dist-packages/airflow/example_dags/example_xcom.py for tasks to queue
[2024-03-11T16:16:02.627+0000] {logging_mixin.py:188} INFO - [2024-03-11T16:16:02.626+0000] {dagbag.py:540} INFO - Filling up the DagBag from /usr/local/lib/python3.8/dist-packages/airflow/example_dags/example_xcom.py
[2024-03-11T16:16:02.635+0000] {processor.py:840} INFO - DAG(s) 'example_xcom' retrieved from /usr/local/lib/python3.8/dist-packages/airflow/example_dags/example_xcom.py
[2024-03-11T16:16:02.653+0000] {logging_mixin.py:188} INFO - [2024-03-11T16:16:02.653+0000] {dag.py:3047} INFO - Sync 1 DAGs
[2024-03-11T16:16:02.675+0000] {logging_mixin.py:188} INFO - [2024-03-11T16:16:02.675+0000] {dag.py:3834} INFO - Setting next_dagrun for example_xcom to 2021-01-01 00:00:00+00:00, run_after=2021-01-01 00:00:00+00:00
[2024-03-11T16:16:02.705+0000] {processor.py:183} INFO - Processing /usr/local/lib/python3.8/dist-packages/airflow/example_dags/example_xcom.py took 0.085 seconds
[2024-03-11T16:16:49.436+0000] {processor.py:161} INFO - Started process (PID=937) to work on /usr/local/lib/python3.8/dist-packages/airflow/example_dags/example_xcom.py
[2024-03-11T16:16:49.438+0000] {processor.py:830} INFO - Processing file /usr/local/lib/python3.8/dist-packages/airflow/example_dags/example_xcom.py for tasks to queue
[2024-03-11T16:16:49.439+0000] {logging_mixin.py:188} INFO - [2024-03-11T16:16:49.438+0000] {dagbag.py:540} INFO - Filling up the DagBag from /usr/local/lib/python3.8/dist-packages/airflow/example_dags/example_xcom.py
[2024-03-11T16:16:49.447+0000] {processor.py:840} INFO - DAG(s) 'example_xcom' retrieved from /usr/local/lib/python3.8/dist-packages/airflow/example_dags/example_xcom.py
[2024-03-11T16:16:49.466+0000] {logging_mixin.py:188} INFO - [2024-03-11T16:16:49.465+0000] {dag.py:3047} INFO - Sync 1 DAGs
[2024-03-11T16:16:49.488+0000] {logging_mixin.py:188} INFO - [2024-03-11T16:16:49.487+0000] {dag.py:3834} INFO - Setting next_dagrun for example_xcom to 2021-01-01 00:00:00+00:00, run_after=2021-01-01 00:00:00+00:00
[2024-03-11T16:16:49.518+0000] {processor.py:183} INFO - Processing /usr/local/lib/python3.8/dist-packages/airflow/example_dags/example_xcom.py took 0.086 seconds
[2024-03-11T16:17:36.089+0000] {processor.py:161} INFO - Started process (PID=984) to work on /usr/local/lib/python3.8/dist-packages/airflow/example_dags/example_xcom.py
[2024-03-11T16:17:36.091+0000] {processor.py:830} INFO - Processing file /usr/local/lib/python3.8/dist-packages/airflow/example_dags/example_xcom.py for tasks to queue
[2024-03-11T16:17:36.092+0000] {logging_mixin.py:188} INFO - [2024-03-11T16:17:36.091+0000] {dagbag.py:540} INFO - Filling up the DagBag from /usr/local/lib/python3.8/dist-packages/airflow/example_dags/example_xcom.py
[2024-03-11T16:17:36.100+0000] {processor.py:840} INFO - DAG(s) 'example_xcom' retrieved from /usr/local/lib/python3.8/dist-packages/airflow/example_dags/example_xcom.py
[2024-03-11T16:17:36.119+0000] {logging_mixin.py:188} INFO - [2024-03-11T16:17:36.119+0000] {dag.py:3047} INFO - Sync 1 DAGs
[2024-03-11T16:17:36.140+0000] {logging_mixin.py:188} INFO - [2024-03-11T16:17:36.140+0000] {dag.py:3834} INFO - Setting next_dagrun for example_xcom to 2021-01-01 00:00:00+00:00, run_after=2021-01-01 00:00:00+00:00
[2024-03-11T16:17:36.169+0000] {processor.py:183} INFO - Processing /usr/local/lib/python3.8/dist-packages/airflow/example_dags/example_xcom.py took 0.083 seconds
[2024-03-11T16:18:25.351+0000] {processor.py:161} INFO - Started process (PID=1032) to work on /usr/local/lib/python3.8/dist-packages/airflow/example_dags/example_xcom.py
[2024-03-11T16:18:25.353+0000] {processor.py:830} INFO - Processing file /usr/local/lib/python3.8/dist-packages/airflow/example_dags/example_xcom.py for tasks to queue
[2024-03-11T16:18:25.354+0000] {logging_mixin.py:188} INFO - [2024-03-11T16:18:25.353+0000] {dagbag.py:540} INFO - Filling up the DagBag from /usr/local/lib/python3.8/dist-packages/airflow/example_dags/example_xcom.py
[2024-03-11T16:18:25.362+0000] {processor.py:840} INFO - DAG(s) 'example_xcom' retrieved from /usr/local/lib/python3.8/dist-packages/airflow/example_dags/example_xcom.py
[2024-03-11T16:18:25.380+0000] {logging_mixin.py:188} INFO - [2024-03-11T16:18:25.380+0000] {dag.py:3047} INFO - Sync 1 DAGs
[2024-03-11T16:18:25.405+0000] {logging_mixin.py:188} INFO - [2024-03-11T16:18:25.404+0000] {dag.py:3834} INFO - Setting next_dagrun for example_xcom to 2021-01-01 00:00:00+00:00, run_after=2021-01-01 00:00:00+00:00
[2024-03-11T16:18:25.435+0000] {processor.py:183} INFO - Processing /usr/local/lib/python3.8/dist-packages/airflow/example_dags/example_xcom.py took 0.088 seconds
[2024-03-11T16:19:26.602+0000] {processor.py:161} INFO - Started process (PID=1097) to work on /usr/local/lib/python3.8/dist-packages/airflow/example_dags/example_xcom.py
[2024-03-11T16:19:26.604+0000] {processor.py:830} INFO - Processing file /usr/local/lib/python3.8/dist-packages/airflow/example_dags/example_xcom.py for tasks to queue
[2024-03-11T16:19:26.605+0000] {logging_mixin.py:188} INFO - [2024-03-11T16:19:26.604+0000] {dagbag.py:540} INFO - Filling up the DagBag from /usr/local/lib/python3.8/dist-packages/airflow/example_dags/example_xcom.py
[2024-03-11T16:19:26.611+0000] {processor.py:840} INFO - DAG(s) 'example_xcom' retrieved from /usr/local/lib/python3.8/dist-packages/airflow/example_dags/example_xcom.py
[2024-03-11T16:19:26.624+0000] {logging_mixin.py:188} INFO - [2024-03-11T16:19:26.624+0000] {dag.py:3047} INFO - Sync 1 DAGs
[2024-03-11T16:19:26.639+0000] {logging_mixin.py:188} INFO - [2024-03-11T16:19:26.639+0000] {dag.py:3834} INFO - Setting next_dagrun for example_xcom to 2021-01-01 00:00:00+00:00, run_after=2021-01-01 00:00:00+00:00
[2024-03-11T16:19:26.663+0000] {processor.py:183} INFO - Processing /usr/local/lib/python3.8/dist-packages/airflow/example_dags/example_xcom.py took 0.064 seconds
[2024-03-11T16:20:20.897+0000] {processor.py:161} INFO - Started process (PID=1174) to work on /usr/local/lib/python3.8/dist-packages/airflow/example_dags/example_xcom.py
[2024-03-11T16:20:20.899+0000] {processor.py:830} INFO - Processing file /usr/local/lib/python3.8/dist-packages/airflow/example_dags/example_xcom.py for tasks to queue
[2024-03-11T16:20:20.900+0000] {logging_mixin.py:188} INFO - [2024-03-11T16:20:20.900+0000] {dagbag.py:540} INFO - Filling up the DagBag from /usr/local/lib/python3.8/dist-packages/airflow/example_dags/example_xcom.py
[2024-03-11T16:20:20.910+0000] {processor.py:840} INFO - DAG(s) 'example_xcom' retrieved from /usr/local/lib/python3.8/dist-packages/airflow/example_dags/example_xcom.py
[2024-03-11T16:20:20.928+0000] {logging_mixin.py:188} INFO - [2024-03-11T16:20:20.928+0000] {dag.py:3047} INFO - Sync 1 DAGs
[2024-03-11T16:20:20.949+0000] {logging_mixin.py:188} INFO - [2024-03-11T16:20:20.949+0000] {dag.py:3834} INFO - Setting next_dagrun for example_xcom to 2021-01-01 00:00:00+00:00, run_after=2021-01-01 00:00:00+00:00
[2024-03-11T16:20:20.979+0000] {processor.py:183} INFO - Processing /usr/local/lib/python3.8/dist-packages/airflow/example_dags/example_xcom.py took 0.086 seconds
[2024-03-11T16:21:07.399+0000] {processor.py:161} INFO - Started process (PID=1237) to work on /usr/local/lib/python3.8/dist-packages/airflow/example_dags/example_xcom.py
[2024-03-11T16:21:07.401+0000] {processor.py:830} INFO - Processing file /usr/local/lib/python3.8/dist-packages/airflow/example_dags/example_xcom.py for tasks to queue
[2024-03-11T16:21:07.402+0000] {logging_mixin.py:188} INFO - [2024-03-11T16:21:07.402+0000] {dagbag.py:540} INFO - Filling up the DagBag from /usr/local/lib/python3.8/dist-packages/airflow/example_dags/example_xcom.py
[2024-03-11T16:21:07.410+0000] {processor.py:840} INFO - DAG(s) 'example_xcom' retrieved from /usr/local/lib/python3.8/dist-packages/airflow/example_dags/example_xcom.py
[2024-03-11T16:21:07.428+0000] {logging_mixin.py:188} INFO - [2024-03-11T16:21:07.428+0000] {dag.py:3047} INFO - Sync 1 DAGs
[2024-03-11T16:21:07.451+0000] {logging_mixin.py:188} INFO - [2024-03-11T16:21:07.450+0000] {dag.py:3834} INFO - Setting next_dagrun for example_xcom to 2021-01-01 00:00:00+00:00, run_after=2021-01-01 00:00:00+00:00
[2024-03-11T16:21:07.480+0000] {processor.py:183} INFO - Processing /usr/local/lib/python3.8/dist-packages/airflow/example_dags/example_xcom.py took 0.084 seconds
[2024-03-11T16:21:53.563+0000] {processor.py:161} INFO - Started process (PID=1301) to work on /usr/local/lib/python3.8/dist-packages/airflow/example_dags/example_xcom.py
[2024-03-11T16:21:53.565+0000] {processor.py:830} INFO - Processing file /usr/local/lib/python3.8/dist-packages/airflow/example_dags/example_xcom.py for tasks to queue
[2024-03-11T16:21:53.566+0000] {logging_mixin.py:188} INFO - [2024-03-11T16:21:53.566+0000] {dagbag.py:540} INFO - Filling up the DagBag from /usr/local/lib/python3.8/dist-packages/airflow/example_dags/example_xcom.py
[2024-03-11T16:21:53.575+0000] {processor.py:840} INFO - DAG(s) 'example_xcom' retrieved from /usr/local/lib/python3.8/dist-packages/airflow/example_dags/example_xcom.py
[2024-03-11T16:21:53.593+0000] {logging_mixin.py:188} INFO - [2024-03-11T16:21:53.593+0000] {dag.py:3047} INFO - Sync 1 DAGs
[2024-03-11T16:21:53.615+0000] {logging_mixin.py:188} INFO - [2024-03-11T16:21:53.614+0000] {dag.py:3834} INFO - Setting next_dagrun for example_xcom to 2021-01-01 00:00:00+00:00, run_after=2021-01-01 00:00:00+00:00
[2024-03-11T16:21:53.644+0000] {processor.py:183} INFO - Processing /usr/local/lib/python3.8/dist-packages/airflow/example_dags/example_xcom.py took 0.084 seconds
[2024-03-11T16:23:11.327+0000] {processor.py:161} INFO - Started process (PID=1397) to work on /usr/local/lib/python3.8/dist-packages/airflow/example_dags/example_xcom.py
[2024-03-11T16:23:11.338+0000] {processor.py:830} INFO - Processing file /usr/local/lib/python3.8/dist-packages/airflow/example_dags/example_xcom.py for tasks to queue
[2024-03-11T16:23:11.339+0000] {logging_mixin.py:188} INFO - [2024-03-11T16:23:11.338+0000] {dagbag.py:540} INFO - Filling up the DagBag from /usr/local/lib/python3.8/dist-packages/airflow/example_dags/example_xcom.py
[2024-03-11T16:23:11.357+0000] {processor.py:840} INFO - DAG(s) 'example_xcom' retrieved from /usr/local/lib/python3.8/dist-packages/airflow/example_dags/example_xcom.py
[2024-03-11T16:23:11.560+0000] {logging_mixin.py:188} INFO - [2024-03-11T16:23:11.560+0000] {dag.py:3047} INFO - Sync 1 DAGs
[2024-03-11T16:23:11.862+0000] {logging_mixin.py:188} INFO - [2024-03-11T16:23:11.862+0000] {dag.py:3834} INFO - Setting next_dagrun for example_xcom to 2021-01-01 00:00:00+00:00, run_after=2021-01-01 00:00:00+00:00
[2024-03-11T16:23:11.887+0000] {processor.py:183} INFO - Processing /usr/local/lib/python3.8/dist-packages/airflow/example_dags/example_xcom.py took 0.563 seconds
[2024-03-11T16:24:04.641+0000] {processor.py:161} INFO - Started process (PID=1459) to work on /usr/local/lib/python3.8/dist-packages/airflow/example_dags/example_xcom.py
[2024-03-11T16:24:04.644+0000] {processor.py:830} INFO - Processing file /usr/local/lib/python3.8/dist-packages/airflow/example_dags/example_xcom.py for tasks to queue
[2024-03-11T16:24:04.645+0000] {logging_mixin.py:188} INFO - [2024-03-11T16:24:04.644+0000] {dagbag.py:540} INFO - Filling up the DagBag from /usr/local/lib/python3.8/dist-packages/airflow/example_dags/example_xcom.py
[2024-03-11T16:24:04.653+0000] {processor.py:840} INFO - DAG(s) 'example_xcom' retrieved from /usr/local/lib/python3.8/dist-packages/airflow/example_dags/example_xcom.py
[2024-03-11T16:24:04.671+0000] {logging_mixin.py:188} INFO - [2024-03-11T16:24:04.671+0000] {dag.py:3047} INFO - Sync 1 DAGs
[2024-03-11T16:24:04.693+0000] {logging_mixin.py:188} INFO - [2024-03-11T16:24:04.693+0000] {dag.py:3834} INFO - Setting next_dagrun for example_xcom to 2021-01-01 00:00:00+00:00, run_after=2021-01-01 00:00:00+00:00
[2024-03-11T16:24:04.723+0000] {processor.py:183} INFO - Processing /usr/local/lib/python3.8/dist-packages/airflow/example_dags/example_xcom.py took 0.085 seconds
[2024-03-11T16:24:58.070+0000] {processor.py:161} INFO - Started process (PID=1510) to work on /usr/local/lib/python3.8/dist-packages/airflow/example_dags/example_xcom.py
[2024-03-11T16:24:58.072+0000] {processor.py:830} INFO - Processing file /usr/local/lib/python3.8/dist-packages/airflow/example_dags/example_xcom.py for tasks to queue
[2024-03-11T16:24:58.073+0000] {logging_mixin.py:188} INFO - [2024-03-11T16:24:58.072+0000] {dagbag.py:540} INFO - Filling up the DagBag from /usr/local/lib/python3.8/dist-packages/airflow/example_dags/example_xcom.py
[2024-03-11T16:24:58.081+0000] {processor.py:840} INFO - DAG(s) 'example_xcom' retrieved from /usr/local/lib/python3.8/dist-packages/airflow/example_dags/example_xcom.py
[2024-03-11T16:24:58.099+0000] {logging_mixin.py:188} INFO - [2024-03-11T16:24:58.099+0000] {dag.py:3047} INFO - Sync 1 DAGs
[2024-03-11T16:24:58.121+0000] {logging_mixin.py:188} INFO - [2024-03-11T16:24:58.121+0000] {dag.py:3834} INFO - Setting next_dagrun for example_xcom to 2021-01-01 00:00:00+00:00, run_after=2021-01-01 00:00:00+00:00
[2024-03-11T16:24:58.149+0000] {processor.py:183} INFO - Processing /usr/local/lib/python3.8/dist-packages/airflow/example_dags/example_xcom.py took 0.083 seconds
[2024-03-11T16:27:29.837+0000] {processor.py:161} INFO - Started process (PID=1600) to work on /usr/local/lib/python3.8/dist-packages/airflow/example_dags/example_xcom.py
[2024-03-11T16:27:29.840+0000] {processor.py:830} INFO - Processing file /usr/local/lib/python3.8/dist-packages/airflow/example_dags/example_xcom.py for tasks to queue
[2024-03-11T16:27:29.841+0000] {logging_mixin.py:188} INFO - [2024-03-11T16:27:29.841+0000] {dagbag.py:540} INFO - Filling up the DagBag from /usr/local/lib/python3.8/dist-packages/airflow/example_dags/example_xcom.py
[2024-03-11T16:27:29.852+0000] {processor.py:840} INFO - DAG(s) 'example_xcom' retrieved from /usr/local/lib/python3.8/dist-packages/airflow/example_dags/example_xcom.py
[2024-03-11T16:27:29.870+0000] {logging_mixin.py:188} INFO - [2024-03-11T16:27:29.870+0000] {dag.py:3047} INFO - Sync 1 DAGs
[2024-03-11T16:27:29.895+0000] {logging_mixin.py:188} INFO - [2024-03-11T16:27:29.894+0000] {dag.py:3834} INFO - Setting next_dagrun for example_xcom to 2021-01-01 00:00:00+00:00, run_after=2021-01-01 00:00:00+00:00
[2024-03-11T16:27:29.936+0000] {processor.py:183} INFO - Processing /usr/local/lib/python3.8/dist-packages/airflow/example_dags/example_xcom.py took 0.103 seconds
[2024-03-11T16:28:22.077+0000] {processor.py:161} INFO - Started process (PID=1659) to work on /usr/local/lib/python3.8/dist-packages/airflow/example_dags/example_xcom.py
[2024-03-11T16:28:22.080+0000] {processor.py:830} INFO - Processing file /usr/local/lib/python3.8/dist-packages/airflow/example_dags/example_xcom.py for tasks to queue
[2024-03-11T16:28:22.081+0000] {logging_mixin.py:188} INFO - [2024-03-11T16:28:22.081+0000] {dagbag.py:540} INFO - Filling up the DagBag from /usr/local/lib/python3.8/dist-packages/airflow/example_dags/example_xcom.py
[2024-03-11T16:28:22.091+0000] {processor.py:840} INFO - DAG(s) 'example_xcom' retrieved from /usr/local/lib/python3.8/dist-packages/airflow/example_dags/example_xcom.py
[2024-03-11T16:28:22.111+0000] {logging_mixin.py:188} INFO - [2024-03-11T16:28:22.110+0000] {dag.py:3047} INFO - Sync 1 DAGs
[2024-03-11T16:28:22.134+0000] {logging_mixin.py:188} INFO - [2024-03-11T16:28:22.134+0000] {dag.py:3834} INFO - Setting next_dagrun for example_xcom to 2021-01-01 00:00:00+00:00, run_after=2021-01-01 00:00:00+00:00
[2024-03-11T16:28:22.164+0000] {processor.py:183} INFO - Processing /usr/local/lib/python3.8/dist-packages/airflow/example_dags/example_xcom.py took 0.091 seconds
[2024-03-11T16:29:22.857+0000] {processor.py:161} INFO - Started process (PID=1721) to work on /usr/local/lib/python3.8/dist-packages/airflow/example_dags/example_xcom.py
[2024-03-11T16:29:22.860+0000] {processor.py:830} INFO - Processing file /usr/local/lib/python3.8/dist-packages/airflow/example_dags/example_xcom.py for tasks to queue
[2024-03-11T16:29:22.861+0000] {logging_mixin.py:188} INFO - [2024-03-11T16:29:22.860+0000] {dagbag.py:540} INFO - Filling up the DagBag from /usr/local/lib/python3.8/dist-packages/airflow/example_dags/example_xcom.py
[2024-03-11T16:29:22.871+0000] {processor.py:840} INFO - DAG(s) 'example_xcom' retrieved from /usr/local/lib/python3.8/dist-packages/airflow/example_dags/example_xcom.py
[2024-03-11T16:29:22.889+0000] {logging_mixin.py:188} INFO - [2024-03-11T16:29:22.889+0000] {dag.py:3047} INFO - Sync 1 DAGs
[2024-03-11T16:29:22.913+0000] {logging_mixin.py:188} INFO - [2024-03-11T16:29:22.913+0000] {dag.py:3834} INFO - Setting next_dagrun for example_xcom to 2021-01-01 00:00:00+00:00, run_after=2021-01-01 00:00:00+00:00
[2024-03-11T16:29:22.947+0000] {processor.py:183} INFO - Processing /usr/local/lib/python3.8/dist-packages/airflow/example_dags/example_xcom.py took 0.093 seconds
[2024-03-11T16:30:16.181+0000] {processor.py:161} INFO - Started process (PID=1782) to work on /usr/local/lib/python3.8/dist-packages/airflow/example_dags/example_xcom.py
[2024-03-11T16:30:16.186+0000] {processor.py:830} INFO - Processing file /usr/local/lib/python3.8/dist-packages/airflow/example_dags/example_xcom.py for tasks to queue
[2024-03-11T16:30:16.187+0000] {logging_mixin.py:188} INFO - [2024-03-11T16:30:16.186+0000] {dagbag.py:540} INFO - Filling up the DagBag from /usr/local/lib/python3.8/dist-packages/airflow/example_dags/example_xcom.py
[2024-03-11T16:30:16.200+0000] {processor.py:840} INFO - DAG(s) 'example_xcom' retrieved from /usr/local/lib/python3.8/dist-packages/airflow/example_dags/example_xcom.py
[2024-03-11T16:30:16.219+0000] {logging_mixin.py:188} INFO - [2024-03-11T16:30:16.219+0000] {dag.py:3047} INFO - Sync 1 DAGs
[2024-03-11T16:30:16.242+0000] {logging_mixin.py:188} INFO - [2024-03-11T16:30:16.241+0000] {dag.py:3834} INFO - Setting next_dagrun for example_xcom to 2021-01-01 00:00:00+00:00, run_after=2021-01-01 00:00:00+00:00
[2024-03-11T16:30:16.271+0000] {processor.py:183} INFO - Processing /usr/local/lib/python3.8/dist-packages/airflow/example_dags/example_xcom.py took 0.094 seconds
[2024-03-11T16:31:12.218+0000] {processor.py:161} INFO - Started process (PID=1842) to work on /usr/local/lib/python3.8/dist-packages/airflow/example_dags/example_xcom.py
[2024-03-11T16:31:12.221+0000] {processor.py:830} INFO - Processing file /usr/local/lib/python3.8/dist-packages/airflow/example_dags/example_xcom.py for tasks to queue
[2024-03-11T16:31:12.222+0000] {logging_mixin.py:188} INFO - [2024-03-11T16:31:12.221+0000] {dagbag.py:540} INFO - Filling up the DagBag from /usr/local/lib/python3.8/dist-packages/airflow/example_dags/example_xcom.py
[2024-03-11T16:31:12.232+0000] {processor.py:840} INFO - DAG(s) 'example_xcom' retrieved from /usr/local/lib/python3.8/dist-packages/airflow/example_dags/example_xcom.py
[2024-03-11T16:31:12.252+0000] {logging_mixin.py:188} INFO - [2024-03-11T16:31:12.251+0000] {dag.py:3047} INFO - Sync 1 DAGs
[2024-03-11T16:31:12.274+0000] {logging_mixin.py:188} INFO - [2024-03-11T16:31:12.274+0000] {dag.py:3834} INFO - Setting next_dagrun for example_xcom to 2021-01-01 00:00:00+00:00, run_after=2021-01-01 00:00:00+00:00
[2024-03-11T16:31:12.304+0000] {processor.py:183} INFO - Processing /usr/local/lib/python3.8/dist-packages/airflow/example_dags/example_xcom.py took 0.090 seconds
[2024-03-11T16:33:17.953+0000] {processor.py:161} INFO - Started process (PID=1899) to work on /usr/local/lib/python3.8/dist-packages/airflow/example_dags/example_xcom.py
[2024-03-11T16:33:17.955+0000] {processor.py:830} INFO - Processing file /usr/local/lib/python3.8/dist-packages/airflow/example_dags/example_xcom.py for tasks to queue
[2024-03-11T16:33:17.957+0000] {logging_mixin.py:188} INFO - [2024-03-11T16:33:17.956+0000] {dagbag.py:540} INFO - Filling up the DagBag from /usr/local/lib/python3.8/dist-packages/airflow/example_dags/example_xcom.py
[2024-03-11T16:33:17.967+0000] {processor.py:840} INFO - DAG(s) 'example_xcom' retrieved from /usr/local/lib/python3.8/dist-packages/airflow/example_dags/example_xcom.py
[2024-03-11T16:33:17.985+0000] {logging_mixin.py:188} INFO - [2024-03-11T16:33:17.985+0000] {dag.py:3047} INFO - Sync 1 DAGs
[2024-03-11T16:33:18.010+0000] {logging_mixin.py:188} INFO - [2024-03-11T16:33:18.010+0000] {dag.py:3834} INFO - Setting next_dagrun for example_xcom to 2021-01-01 00:00:00+00:00, run_after=2021-01-01 00:00:00+00:00
[2024-03-11T16:33:18.039+0000] {processor.py:183} INFO - Processing /usr/local/lib/python3.8/dist-packages/airflow/example_dags/example_xcom.py took 0.090 seconds
[2024-03-11T16:36:06.741+0000] {processor.py:161} INFO - Started process (PID=1992) to work on /usr/local/lib/python3.8/dist-packages/airflow/example_dags/example_xcom.py
[2024-03-11T16:36:06.746+0000] {processor.py:830} INFO - Processing file /usr/local/lib/python3.8/dist-packages/airflow/example_dags/example_xcom.py for tasks to queue
[2024-03-11T16:36:06.747+0000] {logging_mixin.py:188} INFO - [2024-03-11T16:36:06.747+0000] {dagbag.py:540} INFO - Filling up the DagBag from /usr/local/lib/python3.8/dist-packages/airflow/example_dags/example_xcom.py
[2024-03-11T16:36:06.760+0000] {processor.py:840} INFO - DAG(s) 'example_xcom' retrieved from /usr/local/lib/python3.8/dist-packages/airflow/example_dags/example_xcom.py
[2024-03-11T16:36:06.780+0000] {logging_mixin.py:188} INFO - [2024-03-11T16:36:06.780+0000] {dag.py:3047} INFO - Sync 1 DAGs
[2024-03-11T16:36:06.804+0000] {logging_mixin.py:188} INFO - [2024-03-11T16:36:06.803+0000] {dag.py:3834} INFO - Setting next_dagrun for example_xcom to 2021-01-01 00:00:00+00:00, run_after=2021-01-01 00:00:00+00:00
[2024-03-11T16:36:06.834+0000] {processor.py:183} INFO - Processing /usr/local/lib/python3.8/dist-packages/airflow/example_dags/example_xcom.py took 0.097 seconds
[2024-03-11T16:40:58.730+0000] {processor.py:161} INFO - Started process (PID=428) to work on /usr/local/lib/python3.8/dist-packages/airflow/example_dags/example_xcom.py
[2024-03-11T16:40:58.732+0000] {processor.py:830} INFO - Processing file /usr/local/lib/python3.8/dist-packages/airflow/example_dags/example_xcom.py for tasks to queue
[2024-03-11T16:40:58.733+0000] {logging_mixin.py:188} INFO - [2024-03-11T16:40:58.733+0000] {dagbag.py:540} INFO - Filling up the DagBag from /usr/local/lib/python3.8/dist-packages/airflow/example_dags/example_xcom.py
[2024-03-11T16:40:58.741+0000] {processor.py:840} INFO - DAG(s) 'example_xcom' retrieved from /usr/local/lib/python3.8/dist-packages/airflow/example_dags/example_xcom.py
[2024-03-11T16:40:58.768+0000] {logging_mixin.py:188} INFO - [2024-03-11T16:40:58.768+0000] {dag.py:3047} INFO - Sync 1 DAGs
[2024-03-11T16:40:58.789+0000] {logging_mixin.py:188} INFO - [2024-03-11T16:40:58.789+0000] {dag.py:3834} INFO - Setting next_dagrun for example_xcom to 2021-01-01 00:00:00+00:00, run_after=2021-01-01 00:00:00+00:00
[2024-03-11T16:40:58.817+0000] {processor.py:183} INFO - Processing /usr/local/lib/python3.8/dist-packages/airflow/example_dags/example_xcom.py took 0.090 seconds
[2024-03-11T16:44:17.237+0000] {processor.py:161} INFO - Started process (PID=653) to work on /usr/local/lib/python3.8/dist-packages/airflow/example_dags/example_xcom.py
[2024-03-11T16:44:17.240+0000] {processor.py:830} INFO - Processing file /usr/local/lib/python3.8/dist-packages/airflow/example_dags/example_xcom.py for tasks to queue
[2024-03-11T16:44:17.241+0000] {logging_mixin.py:188} INFO - [2024-03-11T16:44:17.240+0000] {dagbag.py:540} INFO - Filling up the DagBag from /usr/local/lib/python3.8/dist-packages/airflow/example_dags/example_xcom.py
[2024-03-11T16:44:17.248+0000] {processor.py:840} INFO - DAG(s) 'example_xcom' retrieved from /usr/local/lib/python3.8/dist-packages/airflow/example_dags/example_xcom.py
[2024-03-11T16:44:17.272+0000] {logging_mixin.py:188} INFO - [2024-03-11T16:44:17.272+0000] {dag.py:3047} INFO - Sync 1 DAGs
[2024-03-11T16:44:17.289+0000] {logging_mixin.py:188} INFO - [2024-03-11T16:44:17.288+0000] {dag.py:3834} INFO - Setting next_dagrun for example_xcom to 2021-01-01 00:00:00+00:00, run_after=2021-01-01 00:00:00+00:00
[2024-03-11T16:44:17.313+0000] {processor.py:183} INFO - Processing /usr/local/lib/python3.8/dist-packages/airflow/example_dags/example_xcom.py took 0.079 seconds
[2024-03-11T16:47:37.168+0000] {processor.py:161} INFO - Started process (PID=801) to work on /usr/local/lib/python3.8/dist-packages/airflow/example_dags/example_xcom.py
[2024-03-11T16:47:37.171+0000] {processor.py:830} INFO - Processing file /usr/local/lib/python3.8/dist-packages/airflow/example_dags/example_xcom.py for tasks to queue
[2024-03-11T16:47:37.172+0000] {logging_mixin.py:188} INFO - [2024-03-11T16:47:37.171+0000] {dagbag.py:540} INFO - Filling up the DagBag from /usr/local/lib/python3.8/dist-packages/airflow/example_dags/example_xcom.py
[2024-03-11T16:47:37.182+0000] {processor.py:840} INFO - DAG(s) 'example_xcom' retrieved from /usr/local/lib/python3.8/dist-packages/airflow/example_dags/example_xcom.py
[2024-03-11T16:47:37.208+0000] {logging_mixin.py:188} INFO - [2024-03-11T16:47:37.207+0000] {dag.py:3047} INFO - Sync 1 DAGs
[2024-03-11T16:47:37.230+0000] {logging_mixin.py:188} INFO - [2024-03-11T16:47:37.230+0000] {dag.py:3834} INFO - Setting next_dagrun for example_xcom to 2021-01-01 00:00:00+00:00, run_after=2021-01-01 00:00:00+00:00
[2024-03-11T16:47:37.254+0000] {processor.py:183} INFO - Processing /usr/local/lib/python3.8/dist-packages/airflow/example_dags/example_xcom.py took 0.088 seconds
[2024-03-11T16:48:37.450+0000] {processor.py:161} INFO - Started process (PID=878) to work on /usr/local/lib/python3.8/dist-packages/airflow/example_dags/example_xcom.py
[2024-03-11T16:48:37.452+0000] {processor.py:830} INFO - Processing file /usr/local/lib/python3.8/dist-packages/airflow/example_dags/example_xcom.py for tasks to queue
[2024-03-11T16:48:37.453+0000] {logging_mixin.py:188} INFO - [2024-03-11T16:48:37.452+0000] {dagbag.py:540} INFO - Filling up the DagBag from /usr/local/lib/python3.8/dist-packages/airflow/example_dags/example_xcom.py
[2024-03-11T16:48:37.461+0000] {processor.py:840} INFO - DAG(s) 'example_xcom' retrieved from /usr/local/lib/python3.8/dist-packages/airflow/example_dags/example_xcom.py
[2024-03-11T16:48:37.478+0000] {logging_mixin.py:188} INFO - [2024-03-11T16:48:37.478+0000] {dag.py:3047} INFO - Sync 1 DAGs
[2024-03-11T16:48:37.500+0000] {logging_mixin.py:188} INFO - [2024-03-11T16:48:37.500+0000] {dag.py:3834} INFO - Setting next_dagrun for example_xcom to 2021-01-01 00:00:00+00:00, run_after=2021-01-01 00:00:00+00:00
[2024-03-11T16:48:37.531+0000] {processor.py:183} INFO - Processing /usr/local/lib/python3.8/dist-packages/airflow/example_dags/example_xcom.py took 0.085 seconds
[2024-03-11T16:49:30.789+0000] {processor.py:161} INFO - Started process (PID=982) to work on /usr/local/lib/python3.8/dist-packages/airflow/example_dags/example_xcom.py
[2024-03-11T16:49:30.791+0000] {processor.py:830} INFO - Processing file /usr/local/lib/python3.8/dist-packages/airflow/example_dags/example_xcom.py for tasks to queue
[2024-03-11T16:49:30.792+0000] {logging_mixin.py:188} INFO - [2024-03-11T16:49:30.792+0000] {dagbag.py:540} INFO - Filling up the DagBag from /usr/local/lib/python3.8/dist-packages/airflow/example_dags/example_xcom.py
[2024-03-11T16:49:30.801+0000] {processor.py:840} INFO - DAG(s) 'example_xcom' retrieved from /usr/local/lib/python3.8/dist-packages/airflow/example_dags/example_xcom.py
[2024-03-11T16:49:30.818+0000] {logging_mixin.py:188} INFO - [2024-03-11T16:49:30.818+0000] {dag.py:3047} INFO - Sync 1 DAGs
[2024-03-11T16:49:30.839+0000] {logging_mixin.py:188} INFO - [2024-03-11T16:49:30.839+0000] {dag.py:3834} INFO - Setting next_dagrun for example_xcom to 2021-01-01 00:00:00+00:00, run_after=2021-01-01 00:00:00+00:00
[2024-03-11T16:49:30.869+0000] {processor.py:183} INFO - Processing /usr/local/lib/python3.8/dist-packages/airflow/example_dags/example_xcom.py took 0.083 seconds
[2024-03-11T16:50:19.302+0000] {processor.py:161} INFO - Started process (PID=1054) to work on /usr/local/lib/python3.8/dist-packages/airflow/example_dags/example_xcom.py
[2024-03-11T16:50:19.304+0000] {processor.py:830} INFO - Processing file /usr/local/lib/python3.8/dist-packages/airflow/example_dags/example_xcom.py for tasks to queue
[2024-03-11T16:50:19.305+0000] {logging_mixin.py:188} INFO - [2024-03-11T16:50:19.305+0000] {dagbag.py:540} INFO - Filling up the DagBag from /usr/local/lib/python3.8/dist-packages/airflow/example_dags/example_xcom.py
[2024-03-11T16:50:19.313+0000] {processor.py:840} INFO - DAG(s) 'example_xcom' retrieved from /usr/local/lib/python3.8/dist-packages/airflow/example_dags/example_xcom.py
[2024-03-11T16:50:19.329+0000] {logging_mixin.py:188} INFO - [2024-03-11T16:50:19.329+0000] {dag.py:3047} INFO - Sync 1 DAGs
[2024-03-11T16:50:19.346+0000] {logging_mixin.py:188} INFO - [2024-03-11T16:50:19.346+0000] {dag.py:3834} INFO - Setting next_dagrun for example_xcom to 2021-01-01 00:00:00+00:00, run_after=2021-01-01 00:00:00+00:00
[2024-03-11T16:50:19.370+0000] {processor.py:183} INFO - Processing /usr/local/lib/python3.8/dist-packages/airflow/example_dags/example_xcom.py took 0.071 seconds
[2024-03-11T16:51:14.910+0000] {processor.py:161} INFO - Started process (PID=1129) to work on /usr/local/lib/python3.8/dist-packages/airflow/example_dags/example_xcom.py
[2024-03-11T16:51:14.911+0000] {processor.py:830} INFO - Processing file /usr/local/lib/python3.8/dist-packages/airflow/example_dags/example_xcom.py for tasks to queue
[2024-03-11T16:51:14.913+0000] {logging_mixin.py:188} INFO - [2024-03-11T16:51:14.912+0000] {dagbag.py:540} INFO - Filling up the DagBag from /usr/local/lib/python3.8/dist-packages/airflow/example_dags/example_xcom.py
[2024-03-11T16:51:14.921+0000] {processor.py:840} INFO - DAG(s) 'example_xcom' retrieved from /usr/local/lib/python3.8/dist-packages/airflow/example_dags/example_xcom.py
[2024-03-11T16:51:14.939+0000] {logging_mixin.py:188} INFO - [2024-03-11T16:51:14.938+0000] {dag.py:3047} INFO - Sync 1 DAGs
[2024-03-11T16:51:14.959+0000] {logging_mixin.py:188} INFO - [2024-03-11T16:51:14.959+0000] {dag.py:3834} INFO - Setting next_dagrun for example_xcom to 2021-01-01 00:00:00+00:00, run_after=2021-01-01 00:00:00+00:00
[2024-03-11T16:51:14.986+0000] {processor.py:183} INFO - Processing /usr/local/lib/python3.8/dist-packages/airflow/example_dags/example_xcom.py took 0.080 seconds
[2024-03-11T16:52:09.202+0000] {processor.py:161} INFO - Started process (PID=1198) to work on /usr/local/lib/python3.8/dist-packages/airflow/example_dags/example_xcom.py
[2024-03-11T16:52:09.205+0000] {processor.py:830} INFO - Processing file /usr/local/lib/python3.8/dist-packages/airflow/example_dags/example_xcom.py for tasks to queue
[2024-03-11T16:52:09.206+0000] {logging_mixin.py:188} INFO - [2024-03-11T16:52:09.205+0000] {dagbag.py:540} INFO - Filling up the DagBag from /usr/local/lib/python3.8/dist-packages/airflow/example_dags/example_xcom.py
[2024-03-11T16:52:09.214+0000] {processor.py:840} INFO - DAG(s) 'example_xcom' retrieved from /usr/local/lib/python3.8/dist-packages/airflow/example_dags/example_xcom.py
[2024-03-11T16:52:09.231+0000] {logging_mixin.py:188} INFO - [2024-03-11T16:52:09.231+0000] {dag.py:3047} INFO - Sync 1 DAGs
[2024-03-11T16:52:09.249+0000] {logging_mixin.py:188} INFO - [2024-03-11T16:52:09.248+0000] {dag.py:3834} INFO - Setting next_dagrun for example_xcom to 2021-01-01 00:00:00+00:00, run_after=2021-01-01 00:00:00+00:00
[2024-03-11T16:52:09.274+0000] {processor.py:183} INFO - Processing /usr/local/lib/python3.8/dist-packages/airflow/example_dags/example_xcom.py took 0.075 seconds
[2024-03-11T16:53:02.373+0000] {processor.py:161} INFO - Started process (PID=1263) to work on /usr/local/lib/python3.8/dist-packages/airflow/example_dags/example_xcom.py
[2024-03-11T16:53:02.376+0000] {processor.py:830} INFO - Processing file /usr/local/lib/python3.8/dist-packages/airflow/example_dags/example_xcom.py for tasks to queue
[2024-03-11T16:53:02.377+0000] {logging_mixin.py:188} INFO - [2024-03-11T16:53:02.376+0000] {dagbag.py:540} INFO - Filling up the DagBag from /usr/local/lib/python3.8/dist-packages/airflow/example_dags/example_xcom.py
[2024-03-11T16:53:02.385+0000] {processor.py:840} INFO - DAG(s) 'example_xcom' retrieved from /usr/local/lib/python3.8/dist-packages/airflow/example_dags/example_xcom.py
[2024-03-11T16:53:02.402+0000] {logging_mixin.py:188} INFO - [2024-03-11T16:53:02.402+0000] {dag.py:3047} INFO - Sync 1 DAGs
[2024-03-11T16:53:02.424+0000] {logging_mixin.py:188} INFO - [2024-03-11T16:53:02.424+0000] {dag.py:3834} INFO - Setting next_dagrun for example_xcom to 2021-01-01 00:00:00+00:00, run_after=2021-01-01 00:00:00+00:00
[2024-03-11T16:53:02.454+0000] {processor.py:183} INFO - Processing /usr/local/lib/python3.8/dist-packages/airflow/example_dags/example_xcom.py took 0.084 seconds
[2024-03-11T16:53:57.061+0000] {processor.py:161} INFO - Started process (PID=1339) to work on /usr/local/lib/python3.8/dist-packages/airflow/example_dags/example_xcom.py
[2024-03-11T16:53:57.063+0000] {processor.py:830} INFO - Processing file /usr/local/lib/python3.8/dist-packages/airflow/example_dags/example_xcom.py for tasks to queue
[2024-03-11T16:53:57.063+0000] {logging_mixin.py:188} INFO - [2024-03-11T16:53:57.063+0000] {dagbag.py:540} INFO - Filling up the DagBag from /usr/local/lib/python3.8/dist-packages/airflow/example_dags/example_xcom.py
[2024-03-11T16:53:57.070+0000] {processor.py:840} INFO - DAG(s) 'example_xcom' retrieved from /usr/local/lib/python3.8/dist-packages/airflow/example_dags/example_xcom.py
[2024-03-11T16:53:57.084+0000] {logging_mixin.py:188} INFO - [2024-03-11T16:53:57.084+0000] {dag.py:3047} INFO - Sync 1 DAGs
[2024-03-11T16:53:57.100+0000] {logging_mixin.py:188} INFO - [2024-03-11T16:53:57.100+0000] {dag.py:3834} INFO - Setting next_dagrun for example_xcom to 2021-01-01 00:00:00+00:00, run_after=2021-01-01 00:00:00+00:00
[2024-03-11T16:53:57.125+0000] {processor.py:183} INFO - Processing /usr/local/lib/python3.8/dist-packages/airflow/example_dags/example_xcom.py took 0.068 seconds
[2024-03-11T16:54:51.159+0000] {processor.py:161} INFO - Started process (PID=1409) to work on /usr/local/lib/python3.8/dist-packages/airflow/example_dags/example_xcom.py
[2024-03-11T16:54:51.161+0000] {processor.py:830} INFO - Processing file /usr/local/lib/python3.8/dist-packages/airflow/example_dags/example_xcom.py for tasks to queue
[2024-03-11T16:54:51.162+0000] {logging_mixin.py:188} INFO - [2024-03-11T16:54:51.162+0000] {dagbag.py:540} INFO - Filling up the DagBag from /usr/local/lib/python3.8/dist-packages/airflow/example_dags/example_xcom.py
[2024-03-11T16:54:51.170+0000] {processor.py:840} INFO - DAG(s) 'example_xcom' retrieved from /usr/local/lib/python3.8/dist-packages/airflow/example_dags/example_xcom.py
[2024-03-11T16:54:51.185+0000] {logging_mixin.py:188} INFO - [2024-03-11T16:54:51.185+0000] {dag.py:3047} INFO - Sync 1 DAGs
[2024-03-11T16:54:51.201+0000] {logging_mixin.py:188} INFO - [2024-03-11T16:54:51.201+0000] {dag.py:3834} INFO - Setting next_dagrun for example_xcom to 2021-01-01 00:00:00+00:00, run_after=2021-01-01 00:00:00+00:00
[2024-03-11T16:54:51.227+0000] {processor.py:183} INFO - Processing /usr/local/lib/python3.8/dist-packages/airflow/example_dags/example_xcom.py took 0.071 seconds
[2024-03-11T16:55:45.547+0000] {processor.py:161} INFO - Started process (PID=1474) to work on /usr/local/lib/python3.8/dist-packages/airflow/example_dags/example_xcom.py
[2024-03-11T16:55:45.549+0000] {processor.py:830} INFO - Processing file /usr/local/lib/python3.8/dist-packages/airflow/example_dags/example_xcom.py for tasks to queue
[2024-03-11T16:55:45.550+0000] {logging_mixin.py:188} INFO - [2024-03-11T16:55:45.549+0000] {dagbag.py:540} INFO - Filling up the DagBag from /usr/local/lib/python3.8/dist-packages/airflow/example_dags/example_xcom.py
[2024-03-11T16:55:45.558+0000] {processor.py:840} INFO - DAG(s) 'example_xcom' retrieved from /usr/local/lib/python3.8/dist-packages/airflow/example_dags/example_xcom.py
[2024-03-11T16:55:45.577+0000] {logging_mixin.py:188} INFO - [2024-03-11T16:55:45.576+0000] {dag.py:3047} INFO - Sync 1 DAGs
[2024-03-11T16:55:45.598+0000] {logging_mixin.py:188} INFO - [2024-03-11T16:55:45.598+0000] {dag.py:3834} INFO - Setting next_dagrun for example_xcom to 2021-01-01 00:00:00+00:00, run_after=2021-01-01 00:00:00+00:00
[2024-03-11T16:55:45.628+0000] {processor.py:183} INFO - Processing /usr/local/lib/python3.8/dist-packages/airflow/example_dags/example_xcom.py took 0.084 seconds
[2024-03-11T16:56:36.399+0000] {processor.py:161} INFO - Started process (PID=1568) to work on /usr/local/lib/python3.8/dist-packages/airflow/example_dags/example_xcom.py
[2024-03-11T16:56:36.401+0000] {processor.py:830} INFO - Processing file /usr/local/lib/python3.8/dist-packages/airflow/example_dags/example_xcom.py for tasks to queue
[2024-03-11T16:56:36.402+0000] {logging_mixin.py:188} INFO - [2024-03-11T16:56:36.402+0000] {dagbag.py:540} INFO - Filling up the DagBag from /usr/local/lib/python3.8/dist-packages/airflow/example_dags/example_xcom.py
[2024-03-11T16:56:36.411+0000] {processor.py:840} INFO - DAG(s) 'example_xcom' retrieved from /usr/local/lib/python3.8/dist-packages/airflow/example_dags/example_xcom.py
[2024-03-11T16:56:36.428+0000] {logging_mixin.py:188} INFO - [2024-03-11T16:56:36.428+0000] {dag.py:3047} INFO - Sync 1 DAGs
[2024-03-11T16:56:36.448+0000] {logging_mixin.py:188} INFO - [2024-03-11T16:56:36.448+0000] {dag.py:3834} INFO - Setting next_dagrun for example_xcom to 2021-01-01 00:00:00+00:00, run_after=2021-01-01 00:00:00+00:00
[2024-03-11T16:56:36.474+0000] {processor.py:183} INFO - Processing /usr/local/lib/python3.8/dist-packages/airflow/example_dags/example_xcom.py took 0.078 seconds
[2024-03-11T16:57:31.591+0000] {processor.py:161} INFO - Started process (PID=1638) to work on /usr/local/lib/python3.8/dist-packages/airflow/example_dags/example_xcom.py
[2024-03-11T16:57:31.592+0000] {processor.py:830} INFO - Processing file /usr/local/lib/python3.8/dist-packages/airflow/example_dags/example_xcom.py for tasks to queue
[2024-03-11T16:57:31.593+0000] {logging_mixin.py:188} INFO - [2024-03-11T16:57:31.593+0000] {dagbag.py:540} INFO - Filling up the DagBag from /usr/local/lib/python3.8/dist-packages/airflow/example_dags/example_xcom.py
[2024-03-11T16:57:31.601+0000] {processor.py:840} INFO - DAG(s) 'example_xcom' retrieved from /usr/local/lib/python3.8/dist-packages/airflow/example_dags/example_xcom.py
[2024-03-11T16:57:31.617+0000] {logging_mixin.py:188} INFO - [2024-03-11T16:57:31.617+0000] {dag.py:3047} INFO - Sync 1 DAGs
[2024-03-11T16:57:31.633+0000] {logging_mixin.py:188} INFO - [2024-03-11T16:57:31.633+0000] {dag.py:3834} INFO - Setting next_dagrun for example_xcom to 2021-01-01 00:00:00+00:00, run_after=2021-01-01 00:00:00+00:00
[2024-03-11T16:57:31.658+0000] {processor.py:183} INFO - Processing /usr/local/lib/python3.8/dist-packages/airflow/example_dags/example_xcom.py took 0.071 seconds
[2024-03-11T17:06:00.027+0000] {processor.py:161} INFO - Started process (PID=1975) to work on /usr/local/lib/python3.8/dist-packages/airflow/example_dags/example_xcom.py
[2024-03-11T17:06:00.029+0000] {processor.py:830} INFO - Processing file /usr/local/lib/python3.8/dist-packages/airflow/example_dags/example_xcom.py for tasks to queue
[2024-03-11T17:06:00.030+0000] {logging_mixin.py:188} INFO - [2024-03-11T17:06:00.030+0000] {dagbag.py:540} INFO - Filling up the DagBag from /usr/local/lib/python3.8/dist-packages/airflow/example_dags/example_xcom.py
[2024-03-11T17:06:00.038+0000] {processor.py:840} INFO - DAG(s) 'example_xcom' retrieved from /usr/local/lib/python3.8/dist-packages/airflow/example_dags/example_xcom.py
[2024-03-11T17:06:00.065+0000] {logging_mixin.py:188} INFO - [2024-03-11T17:06:00.065+0000] {dag.py:3047} INFO - Sync 1 DAGs
[2024-03-11T17:06:00.083+0000] {logging_mixin.py:188} INFO - [2024-03-11T17:06:00.082+0000] {dag.py:3834} INFO - Setting next_dagrun for example_xcom to 2021-01-01 00:00:00+00:00, run_after=2021-01-01 00:00:00+00:00
[2024-03-11T17:06:00.110+0000] {processor.py:183} INFO - Processing /usr/local/lib/python3.8/dist-packages/airflow/example_dags/example_xcom.py took 0.086 seconds
[2024-03-11T17:06:57.042+0000] {processor.py:161} INFO - Started process (PID=2066) to work on /usr/local/lib/python3.8/dist-packages/airflow/example_dags/example_xcom.py
[2024-03-11T17:06:57.046+0000] {processor.py:830} INFO - Processing file /usr/local/lib/python3.8/dist-packages/airflow/example_dags/example_xcom.py for tasks to queue
[2024-03-11T17:06:57.048+0000] {logging_mixin.py:188} INFO - [2024-03-11T17:06:57.047+0000] {dagbag.py:540} INFO - Filling up the DagBag from /usr/local/lib/python3.8/dist-packages/airflow/example_dags/example_xcom.py
[2024-03-11T17:06:57.058+0000] {processor.py:840} INFO - DAG(s) 'example_xcom' retrieved from /usr/local/lib/python3.8/dist-packages/airflow/example_dags/example_xcom.py
[2024-03-11T17:06:57.080+0000] {logging_mixin.py:188} INFO - [2024-03-11T17:06:57.079+0000] {dag.py:3047} INFO - Sync 1 DAGs
[2024-03-11T17:06:57.095+0000] {logging_mixin.py:188} INFO - [2024-03-11T17:06:57.095+0000] {dag.py:3834} INFO - Setting next_dagrun for example_xcom to 2021-01-01 00:00:00+00:00, run_after=2021-01-01 00:00:00+00:00
[2024-03-11T17:06:57.120+0000] {processor.py:183} INFO - Processing /usr/local/lib/python3.8/dist-packages/airflow/example_dags/example_xcom.py took 0.082 seconds
[2024-03-11T17:08:24.646+0000] {processor.py:161} INFO - Started process (PID=2219) to work on /usr/local/lib/python3.8/dist-packages/airflow/example_dags/example_xcom.py
[2024-03-11T17:08:24.648+0000] {processor.py:830} INFO - Processing file /usr/local/lib/python3.8/dist-packages/airflow/example_dags/example_xcom.py for tasks to queue
[2024-03-11T17:08:24.649+0000] {logging_mixin.py:188} INFO - [2024-03-11T17:08:24.648+0000] {dagbag.py:540} INFO - Filling up the DagBag from /usr/local/lib/python3.8/dist-packages/airflow/example_dags/example_xcom.py
[2024-03-11T17:08:24.659+0000] {processor.py:840} INFO - DAG(s) 'example_xcom' retrieved from /usr/local/lib/python3.8/dist-packages/airflow/example_dags/example_xcom.py
[2024-03-11T17:08:24.680+0000] {logging_mixin.py:188} INFO - [2024-03-11T17:08:24.680+0000] {dag.py:3047} INFO - Sync 1 DAGs
[2024-03-11T17:08:24.697+0000] {logging_mixin.py:188} INFO - [2024-03-11T17:08:24.696+0000] {dag.py:3834} INFO - Setting next_dagrun for example_xcom to 2021-01-01 00:00:00+00:00, run_after=2021-01-01 00:00:00+00:00
[2024-03-11T17:08:24.726+0000] {processor.py:183} INFO - Processing /usr/local/lib/python3.8/dist-packages/airflow/example_dags/example_xcom.py took 0.084 seconds
[2024-03-11T17:09:22.719+0000] {processor.py:161} INFO - Started process (PID=2372) to work on /usr/local/lib/python3.8/dist-packages/airflow/example_dags/example_xcom.py
[2024-03-11T17:09:22.721+0000] {processor.py:830} INFO - Processing file /usr/local/lib/python3.8/dist-packages/airflow/example_dags/example_xcom.py for tasks to queue
[2024-03-11T17:09:22.722+0000] {logging_mixin.py:188} INFO - [2024-03-11T17:09:22.722+0000] {dagbag.py:540} INFO - Filling up the DagBag from /usr/local/lib/python3.8/dist-packages/airflow/example_dags/example_xcom.py
[2024-03-11T17:09:22.731+0000] {processor.py:840} INFO - DAG(s) 'example_xcom' retrieved from /usr/local/lib/python3.8/dist-packages/airflow/example_dags/example_xcom.py
[2024-03-11T17:09:22.748+0000] {logging_mixin.py:188} INFO - [2024-03-11T17:09:22.748+0000] {dag.py:3047} INFO - Sync 1 DAGs
[2024-03-11T17:09:22.769+0000] {logging_mixin.py:188} INFO - [2024-03-11T17:09:22.769+0000] {dag.py:3834} INFO - Setting next_dagrun for example_xcom to 2021-01-01 00:00:00+00:00, run_after=2021-01-01 00:00:00+00:00
[2024-03-11T17:09:22.800+0000] {processor.py:183} INFO - Processing /usr/local/lib/python3.8/dist-packages/airflow/example_dags/example_xcom.py took 0.084 seconds
[2024-03-11T17:10:17.651+0000] {processor.py:161} INFO - Started process (PID=2443) to work on /usr/local/lib/python3.8/dist-packages/airflow/example_dags/example_xcom.py
[2024-03-11T17:10:17.653+0000] {processor.py:830} INFO - Processing file /usr/local/lib/python3.8/dist-packages/airflow/example_dags/example_xcom.py for tasks to queue
[2024-03-11T17:10:17.654+0000] {logging_mixin.py:188} INFO - [2024-03-11T17:10:17.653+0000] {dagbag.py:540} INFO - Filling up the DagBag from /usr/local/lib/python3.8/dist-packages/airflow/example_dags/example_xcom.py
[2024-03-11T17:10:17.662+0000] {processor.py:840} INFO - DAG(s) 'example_xcom' retrieved from /usr/local/lib/python3.8/dist-packages/airflow/example_dags/example_xcom.py
[2024-03-11T17:10:17.680+0000] {logging_mixin.py:188} INFO - [2024-03-11T17:10:17.680+0000] {dag.py:3047} INFO - Sync 1 DAGs
[2024-03-11T17:10:17.701+0000] {logging_mixin.py:188} INFO - [2024-03-11T17:10:17.701+0000] {dag.py:3834} INFO - Setting next_dagrun for example_xcom to 2021-01-01 00:00:00+00:00, run_after=2021-01-01 00:00:00+00:00
[2024-03-11T17:10:17.731+0000] {processor.py:183} INFO - Processing /usr/local/lib/python3.8/dist-packages/airflow/example_dags/example_xcom.py took 0.084 seconds
[2024-03-11T17:11:41.251+0000] {processor.py:161} INFO - Started process (PID=2558) to work on /usr/local/lib/python3.8/dist-packages/airflow/example_dags/example_xcom.py
[2024-03-11T17:11:41.253+0000] {processor.py:830} INFO - Processing file /usr/local/lib/python3.8/dist-packages/airflow/example_dags/example_xcom.py for tasks to queue
[2024-03-11T17:11:41.254+0000] {logging_mixin.py:188} INFO - [2024-03-11T17:11:41.253+0000] {dagbag.py:540} INFO - Filling up the DagBag from /usr/local/lib/python3.8/dist-packages/airflow/example_dags/example_xcom.py
[2024-03-11T17:11:41.264+0000] {processor.py:840} INFO - DAG(s) 'example_xcom' retrieved from /usr/local/lib/python3.8/dist-packages/airflow/example_dags/example_xcom.py
[2024-03-11T17:11:41.289+0000] {logging_mixin.py:188} INFO - [2024-03-11T17:11:41.288+0000] {dag.py:3047} INFO - Sync 1 DAGs
[2024-03-11T17:11:41.309+0000] {logging_mixin.py:188} INFO - [2024-03-11T17:11:41.309+0000] {dag.py:3834} INFO - Setting next_dagrun for example_xcom to 2021-01-01 00:00:00+00:00, run_after=2021-01-01 00:00:00+00:00
[2024-03-11T17:11:41.338+0000] {processor.py:183} INFO - Processing /usr/local/lib/python3.8/dist-packages/airflow/example_dags/example_xcom.py took 0.090 seconds
[2024-03-11T17:12:39.830+0000] {processor.py:161} INFO - Started process (PID=2636) to work on /usr/local/lib/python3.8/dist-packages/airflow/example_dags/example_xcom.py
[2024-03-11T17:12:39.832+0000] {processor.py:830} INFO - Processing file /usr/local/lib/python3.8/dist-packages/airflow/example_dags/example_xcom.py for tasks to queue
[2024-03-11T17:12:39.833+0000] {logging_mixin.py:188} INFO - [2024-03-11T17:12:39.833+0000] {dagbag.py:540} INFO - Filling up the DagBag from /usr/local/lib/python3.8/dist-packages/airflow/example_dags/example_xcom.py
[2024-03-11T17:12:39.842+0000] {processor.py:840} INFO - DAG(s) 'example_xcom' retrieved from /usr/local/lib/python3.8/dist-packages/airflow/example_dags/example_xcom.py
[2024-03-11T17:12:39.859+0000] {logging_mixin.py:188} INFO - [2024-03-11T17:12:39.859+0000] {dag.py:3047} INFO - Sync 1 DAGs
[2024-03-11T17:12:39.880+0000] {logging_mixin.py:188} INFO - [2024-03-11T17:12:39.880+0000] {dag.py:3834} INFO - Setting next_dagrun for example_xcom to 2021-01-01 00:00:00+00:00, run_after=2021-01-01 00:00:00+00:00
[2024-03-11T17:12:39.912+0000] {processor.py:183} INFO - Processing /usr/local/lib/python3.8/dist-packages/airflow/example_dags/example_xcom.py took 0.085 seconds
[2024-03-11T17:13:34.226+0000] {processor.py:161} INFO - Started process (PID=2750) to work on /usr/local/lib/python3.8/dist-packages/airflow/example_dags/example_xcom.py
[2024-03-11T17:13:34.228+0000] {processor.py:830} INFO - Processing file /usr/local/lib/python3.8/dist-packages/airflow/example_dags/example_xcom.py for tasks to queue
[2024-03-11T17:13:34.229+0000] {logging_mixin.py:188} INFO - [2024-03-11T17:13:34.228+0000] {dagbag.py:540} INFO - Filling up the DagBag from /usr/local/lib/python3.8/dist-packages/airflow/example_dags/example_xcom.py
[2024-03-11T17:13:34.238+0000] {processor.py:840} INFO - DAG(s) 'example_xcom' retrieved from /usr/local/lib/python3.8/dist-packages/airflow/example_dags/example_xcom.py
[2024-03-11T17:13:34.255+0000] {logging_mixin.py:188} INFO - [2024-03-11T17:13:34.255+0000] {dag.py:3047} INFO - Sync 1 DAGs
[2024-03-11T17:13:34.273+0000] {logging_mixin.py:188} INFO - [2024-03-11T17:13:34.273+0000] {dag.py:3834} INFO - Setting next_dagrun for example_xcom to 2021-01-01 00:00:00+00:00, run_after=2021-01-01 00:00:00+00:00
[2024-03-11T17:13:34.298+0000] {processor.py:183} INFO - Processing /usr/local/lib/python3.8/dist-packages/airflow/example_dags/example_xcom.py took 0.075 seconds
[2024-03-11T17:14:44.462+0000] {processor.py:161} INFO - Started process (PID=2883) to work on /usr/local/lib/python3.8/dist-packages/airflow/example_dags/example_xcom.py
[2024-03-11T17:14:44.464+0000] {processor.py:830} INFO - Processing file /usr/local/lib/python3.8/dist-packages/airflow/example_dags/example_xcom.py for tasks to queue
[2024-03-11T17:14:44.465+0000] {logging_mixin.py:188} INFO - [2024-03-11T17:14:44.465+0000] {dagbag.py:540} INFO - Filling up the DagBag from /usr/local/lib/python3.8/dist-packages/airflow/example_dags/example_xcom.py
[2024-03-11T17:14:44.474+0000] {processor.py:840} INFO - DAG(s) 'example_xcom' retrieved from /usr/local/lib/python3.8/dist-packages/airflow/example_dags/example_xcom.py
[2024-03-11T17:14:44.492+0000] {logging_mixin.py:188} INFO - [2024-03-11T17:14:44.491+0000] {dag.py:3047} INFO - Sync 1 DAGs
[2024-03-11T17:14:44.512+0000] {logging_mixin.py:188} INFO - [2024-03-11T17:14:44.512+0000] {dag.py:3834} INFO - Setting next_dagrun for example_xcom to 2021-01-01 00:00:00+00:00, run_after=2021-01-01 00:00:00+00:00
[2024-03-11T17:14:44.541+0000] {processor.py:183} INFO - Processing /usr/local/lib/python3.8/dist-packages/airflow/example_dags/example_xcom.py took 0.083 seconds
[2024-03-11T17:15:41.502+0000] {processor.py:161} INFO - Started process (PID=2964) to work on /usr/local/lib/python3.8/dist-packages/airflow/example_dags/example_xcom.py
[2024-03-11T17:15:41.504+0000] {processor.py:830} INFO - Processing file /usr/local/lib/python3.8/dist-packages/airflow/example_dags/example_xcom.py for tasks to queue
[2024-03-11T17:15:41.505+0000] {logging_mixin.py:188} INFO - [2024-03-11T17:15:41.505+0000] {dagbag.py:540} INFO - Filling up the DagBag from /usr/local/lib/python3.8/dist-packages/airflow/example_dags/example_xcom.py
[2024-03-11T17:15:41.514+0000] {processor.py:840} INFO - DAG(s) 'example_xcom' retrieved from /usr/local/lib/python3.8/dist-packages/airflow/example_dags/example_xcom.py
[2024-03-11T17:15:41.531+0000] {logging_mixin.py:188} INFO - [2024-03-11T17:15:41.531+0000] {dag.py:3047} INFO - Sync 1 DAGs
[2024-03-11T17:15:41.552+0000] {logging_mixin.py:188} INFO - [2024-03-11T17:15:41.552+0000] {dag.py:3834} INFO - Setting next_dagrun for example_xcom to 2021-01-01 00:00:00+00:00, run_after=2021-01-01 00:00:00+00:00
[2024-03-11T17:15:41.585+0000] {processor.py:183} INFO - Processing /usr/local/lib/python3.8/dist-packages/airflow/example_dags/example_xcom.py took 0.086 seconds
[2024-03-11T17:16:32.833+0000] {processor.py:161} INFO - Started process (PID=3030) to work on /usr/local/lib/python3.8/dist-packages/airflow/example_dags/example_xcom.py
[2024-03-11T17:16:32.835+0000] {processor.py:830} INFO - Processing file /usr/local/lib/python3.8/dist-packages/airflow/example_dags/example_xcom.py for tasks to queue
[2024-03-11T17:16:32.836+0000] {logging_mixin.py:188} INFO - [2024-03-11T17:16:32.835+0000] {dagbag.py:540} INFO - Filling up the DagBag from /usr/local/lib/python3.8/dist-packages/airflow/example_dags/example_xcom.py
[2024-03-11T17:16:32.844+0000] {processor.py:840} INFO - DAG(s) 'example_xcom' retrieved from /usr/local/lib/python3.8/dist-packages/airflow/example_dags/example_xcom.py
[2024-03-11T17:16:32.859+0000] {logging_mixin.py:188} INFO - [2024-03-11T17:16:32.859+0000] {dag.py:3047} INFO - Sync 1 DAGs
[2024-03-11T17:16:32.875+0000] {logging_mixin.py:188} INFO - [2024-03-11T17:16:32.875+0000] {dag.py:3834} INFO - Setting next_dagrun for example_xcom to 2021-01-01 00:00:00+00:00, run_after=2021-01-01 00:00:00+00:00
[2024-03-11T17:16:32.900+0000] {processor.py:183} INFO - Processing /usr/local/lib/python3.8/dist-packages/airflow/example_dags/example_xcom.py took 0.071 seconds
[2024-03-11T17:17:28.553+0000] {processor.py:161} INFO - Started process (PID=3106) to work on /usr/local/lib/python3.8/dist-packages/airflow/example_dags/example_xcom.py
[2024-03-11T17:17:28.555+0000] {processor.py:830} INFO - Processing file /usr/local/lib/python3.8/dist-packages/airflow/example_dags/example_xcom.py for tasks to queue
[2024-03-11T17:17:28.556+0000] {logging_mixin.py:188} INFO - [2024-03-11T17:17:28.556+0000] {dagbag.py:540} INFO - Filling up the DagBag from /usr/local/lib/python3.8/dist-packages/airflow/example_dags/example_xcom.py
[2024-03-11T17:17:28.565+0000] {processor.py:840} INFO - DAG(s) 'example_xcom' retrieved from /usr/local/lib/python3.8/dist-packages/airflow/example_dags/example_xcom.py
[2024-03-11T17:17:28.580+0000] {logging_mixin.py:188} INFO - [2024-03-11T17:17:28.580+0000] {dag.py:3047} INFO - Sync 1 DAGs
[2024-03-11T17:17:28.596+0000] {logging_mixin.py:188} INFO - [2024-03-11T17:17:28.595+0000] {dag.py:3834} INFO - Setting next_dagrun for example_xcom to 2021-01-01 00:00:00+00:00, run_after=2021-01-01 00:00:00+00:00
[2024-03-11T17:17:28.621+0000] {processor.py:183} INFO - Processing /usr/local/lib/python3.8/dist-packages/airflow/example_dags/example_xcom.py took 0.071 seconds
[2024-03-11T17:18:23.862+0000] {processor.py:161} INFO - Started process (PID=3171) to work on /usr/local/lib/python3.8/dist-packages/airflow/example_dags/example_xcom.py
[2024-03-11T17:18:23.864+0000] {processor.py:830} INFO - Processing file /usr/local/lib/python3.8/dist-packages/airflow/example_dags/example_xcom.py for tasks to queue
[2024-03-11T17:18:23.865+0000] {logging_mixin.py:188} INFO - [2024-03-11T17:18:23.864+0000] {dagbag.py:540} INFO - Filling up the DagBag from /usr/local/lib/python3.8/dist-packages/airflow/example_dags/example_xcom.py
[2024-03-11T17:18:23.873+0000] {processor.py:840} INFO - DAG(s) 'example_xcom' retrieved from /usr/local/lib/python3.8/dist-packages/airflow/example_dags/example_xcom.py
[2024-03-11T17:18:23.891+0000] {logging_mixin.py:188} INFO - [2024-03-11T17:18:23.891+0000] {dag.py:3047} INFO - Sync 1 DAGs
[2024-03-11T17:18:23.913+0000] {logging_mixin.py:188} INFO - [2024-03-11T17:18:23.912+0000] {dag.py:3834} INFO - Setting next_dagrun for example_xcom to 2021-01-01 00:00:00+00:00, run_after=2021-01-01 00:00:00+00:00
[2024-03-11T17:18:23.943+0000] {processor.py:183} INFO - Processing /usr/local/lib/python3.8/dist-packages/airflow/example_dags/example_xcom.py took 0.085 seconds
[2024-03-11T17:19:19.595+0000] {processor.py:161} INFO - Started process (PID=3242) to work on /usr/local/lib/python3.8/dist-packages/airflow/example_dags/example_xcom.py
[2024-03-11T17:19:19.597+0000] {processor.py:830} INFO - Processing file /usr/local/lib/python3.8/dist-packages/airflow/example_dags/example_xcom.py for tasks to queue
[2024-03-11T17:19:19.598+0000] {logging_mixin.py:188} INFO - [2024-03-11T17:19:19.598+0000] {dagbag.py:540} INFO - Filling up the DagBag from /usr/local/lib/python3.8/dist-packages/airflow/example_dags/example_xcom.py
[2024-03-11T17:19:19.607+0000] {processor.py:840} INFO - DAG(s) 'example_xcom' retrieved from /usr/local/lib/python3.8/dist-packages/airflow/example_dags/example_xcom.py
[2024-03-11T17:19:19.625+0000] {logging_mixin.py:188} INFO - [2024-03-11T17:19:19.624+0000] {dag.py:3047} INFO - Sync 1 DAGs
[2024-03-11T17:19:19.645+0000] {logging_mixin.py:188} INFO - [2024-03-11T17:19:19.645+0000] {dag.py:3834} INFO - Setting next_dagrun for example_xcom to 2021-01-01 00:00:00+00:00, run_after=2021-01-01 00:00:00+00:00
[2024-03-11T17:19:19.675+0000] {processor.py:183} INFO - Processing /usr/local/lib/python3.8/dist-packages/airflow/example_dags/example_xcom.py took 0.083 seconds
[2024-03-11T17:20:13.267+0000] {processor.py:161} INFO - Started process (PID=3318) to work on /usr/local/lib/python3.8/dist-packages/airflow/example_dags/example_xcom.py
[2024-03-11T17:20:13.269+0000] {processor.py:830} INFO - Processing file /usr/local/lib/python3.8/dist-packages/airflow/example_dags/example_xcom.py for tasks to queue
[2024-03-11T17:20:13.270+0000] {logging_mixin.py:188} INFO - [2024-03-11T17:20:13.270+0000] {dagbag.py:540} INFO - Filling up the DagBag from /usr/local/lib/python3.8/dist-packages/airflow/example_dags/example_xcom.py
[2024-03-11T17:20:13.278+0000] {processor.py:840} INFO - DAG(s) 'example_xcom' retrieved from /usr/local/lib/python3.8/dist-packages/airflow/example_dags/example_xcom.py
[2024-03-11T17:20:13.293+0000] {logging_mixin.py:188} INFO - [2024-03-11T17:20:13.293+0000] {dag.py:3047} INFO - Sync 1 DAGs
[2024-03-11T17:20:13.310+0000] {logging_mixin.py:188} INFO - [2024-03-11T17:20:13.309+0000] {dag.py:3834} INFO - Setting next_dagrun for example_xcom to 2021-01-01 00:00:00+00:00, run_after=2021-01-01 00:00:00+00:00
[2024-03-11T17:20:13.334+0000] {processor.py:183} INFO - Processing /usr/local/lib/python3.8/dist-packages/airflow/example_dags/example_xcom.py took 0.070 seconds
[2024-03-11T17:21:05.361+0000] {processor.py:161} INFO - Started process (PID=3382) to work on /usr/local/lib/python3.8/dist-packages/airflow/example_dags/example_xcom.py
[2024-03-11T17:21:05.364+0000] {processor.py:830} INFO - Processing file /usr/local/lib/python3.8/dist-packages/airflow/example_dags/example_xcom.py for tasks to queue
[2024-03-11T17:21:05.364+0000] {logging_mixin.py:188} INFO - [2024-03-11T17:21:05.364+0000] {dagbag.py:540} INFO - Filling up the DagBag from /usr/local/lib/python3.8/dist-packages/airflow/example_dags/example_xcom.py
[2024-03-11T17:21:05.373+0000] {processor.py:840} INFO - DAG(s) 'example_xcom' retrieved from /usr/local/lib/python3.8/dist-packages/airflow/example_dags/example_xcom.py
[2024-03-11T17:21:05.390+0000] {logging_mixin.py:188} INFO - [2024-03-11T17:21:05.390+0000] {dag.py:3047} INFO - Sync 1 DAGs
[2024-03-11T17:21:05.411+0000] {logging_mixin.py:188} INFO - [2024-03-11T17:21:05.411+0000] {dag.py:3834} INFO - Setting next_dagrun for example_xcom to 2021-01-01 00:00:00+00:00, run_after=2021-01-01 00:00:00+00:00
[2024-03-11T17:21:05.442+0000] {processor.py:183} INFO - Processing /usr/local/lib/python3.8/dist-packages/airflow/example_dags/example_xcom.py took 0.084 seconds
[2024-03-11T17:21:58.898+0000] {processor.py:161} INFO - Started process (PID=3453) to work on /usr/local/lib/python3.8/dist-packages/airflow/example_dags/example_xcom.py
[2024-03-11T17:21:58.900+0000] {processor.py:830} INFO - Processing file /usr/local/lib/python3.8/dist-packages/airflow/example_dags/example_xcom.py for tasks to queue
[2024-03-11T17:21:58.901+0000] {logging_mixin.py:188} INFO - [2024-03-11T17:21:58.901+0000] {dagbag.py:540} INFO - Filling up the DagBag from /usr/local/lib/python3.8/dist-packages/airflow/example_dags/example_xcom.py
[2024-03-11T17:21:58.910+0000] {processor.py:840} INFO - DAG(s) 'example_xcom' retrieved from /usr/local/lib/python3.8/dist-packages/airflow/example_dags/example_xcom.py
[2024-03-11T17:21:58.925+0000] {logging_mixin.py:188} INFO - [2024-03-11T17:21:58.925+0000] {dag.py:3047} INFO - Sync 1 DAGs
[2024-03-11T17:21:58.941+0000] {logging_mixin.py:188} INFO - [2024-03-11T17:21:58.941+0000] {dag.py:3834} INFO - Setting next_dagrun for example_xcom to 2021-01-01 00:00:00+00:00, run_after=2021-01-01 00:00:00+00:00
[2024-03-11T17:21:58.966+0000] {processor.py:183} INFO - Processing /usr/local/lib/python3.8/dist-packages/airflow/example_dags/example_xcom.py took 0.071 seconds
