[2024-03-11T15:40:44.101+0000] {processor.py:161} INFO - Started process (PID=531) to work on /usr/local/lib/python3.8/dist-packages/airflow/example_dags/example_branch_day_of_week_operator.py
[2024-03-11T15:40:44.102+0000] {processor.py:830} INFO - Processing file /usr/local/lib/python3.8/dist-packages/airflow/example_dags/example_branch_day_of_week_operator.py for tasks to queue
[2024-03-11T15:40:44.103+0000] {logging_mixin.py:188} INFO - [2024-03-11T15:40:44.103+0000] {dagbag.py:540} INFO - Filling up the DagBag from /usr/local/lib/python3.8/dist-packages/airflow/example_dags/example_branch_day_of_week_operator.py
[2024-03-11T15:40:44.112+0000] {processor.py:840} INFO - DAG(s) 'example_weekday_branch_operator' retrieved from /usr/local/lib/python3.8/dist-packages/airflow/example_dags/example_branch_day_of_week_operator.py
[2024-03-11T15:40:44.252+0000] {logging_mixin.py:188} INFO - [2024-03-11T15:40:44.251+0000] {override.py:1769} INFO - Created Permission View: can delete on DAG:example_weekday_branch_operator
[2024-03-11T15:40:44.271+0000] {logging_mixin.py:188} INFO - [2024-03-11T15:40:44.271+0000] {override.py:1769} INFO - Created Permission View: can read on DAG:example_weekday_branch_operator
[2024-03-11T15:40:44.287+0000] {logging_mixin.py:188} INFO - [2024-03-11T15:40:44.287+0000] {override.py:1769} INFO - Created Permission View: can edit on DAG:example_weekday_branch_operator
[2024-03-11T15:40:44.288+0000] {logging_mixin.py:188} INFO - [2024-03-11T15:40:44.287+0000] {dag.py:3047} INFO - Sync 1 DAGs
[2024-03-11T15:40:44.296+0000] {logging_mixin.py:188} INFO - [2024-03-11T15:40:44.296+0000] {dag.py:3069} INFO - Creating ORM DAG for example_weekday_branch_operator
[2024-03-11T15:40:44.306+0000] {logging_mixin.py:188} INFO - [2024-03-11T15:40:44.305+0000] {dag.py:3834} INFO - Setting next_dagrun for example_weekday_branch_operator to 2024-03-10 00:00:00+00:00, run_after=2024-03-11 00:00:00+00:00
[2024-03-11T15:40:44.335+0000] {processor.py:183} INFO - Processing /usr/local/lib/python3.8/dist-packages/airflow/example_dags/example_branch_day_of_week_operator.py took 0.237 seconds
[2024-03-11T15:41:37.043+0000] {processor.py:161} INFO - Started process (PID=595) to work on /usr/local/lib/python3.8/dist-packages/airflow/example_dags/example_branch_day_of_week_operator.py
[2024-03-11T15:41:37.046+0000] {processor.py:830} INFO - Processing file /usr/local/lib/python3.8/dist-packages/airflow/example_dags/example_branch_day_of_week_operator.py for tasks to queue
[2024-03-11T15:41:37.047+0000] {logging_mixin.py:188} INFO - [2024-03-11T15:41:37.046+0000] {dagbag.py:540} INFO - Filling up the DagBag from /usr/local/lib/python3.8/dist-packages/airflow/example_dags/example_branch_day_of_week_operator.py
[2024-03-11T15:41:37.056+0000] {processor.py:840} INFO - DAG(s) 'example_weekday_branch_operator' retrieved from /usr/local/lib/python3.8/dist-packages/airflow/example_dags/example_branch_day_of_week_operator.py
[2024-03-11T15:41:37.075+0000] {logging_mixin.py:188} INFO - [2024-03-11T15:41:37.075+0000] {dag.py:3047} INFO - Sync 1 DAGs
[2024-03-11T15:41:37.099+0000] {logging_mixin.py:188} INFO - [2024-03-11T15:41:37.098+0000] {dag.py:3834} INFO - Setting next_dagrun for example_weekday_branch_operator to 2024-03-10 00:00:00+00:00, run_after=2024-03-11 00:00:00+00:00
[2024-03-11T15:41:37.129+0000] {processor.py:183} INFO - Processing /usr/local/lib/python3.8/dist-packages/airflow/example_dags/example_branch_day_of_week_operator.py took 0.089 seconds
[2024-03-11T15:42:31.725+0000] {processor.py:161} INFO - Started process (PID=650) to work on /usr/local/lib/python3.8/dist-packages/airflow/example_dags/example_branch_day_of_week_operator.py
[2024-03-11T15:42:31.726+0000] {processor.py:830} INFO - Processing file /usr/local/lib/python3.8/dist-packages/airflow/example_dags/example_branch_day_of_week_operator.py for tasks to queue
[2024-03-11T15:42:31.727+0000] {logging_mixin.py:188} INFO - [2024-03-11T15:42:31.727+0000] {dagbag.py:540} INFO - Filling up the DagBag from /usr/local/lib/python3.8/dist-packages/airflow/example_dags/example_branch_day_of_week_operator.py
[2024-03-11T15:42:31.736+0000] {processor.py:840} INFO - DAG(s) 'example_weekday_branch_operator' retrieved from /usr/local/lib/python3.8/dist-packages/airflow/example_dags/example_branch_day_of_week_operator.py
[2024-03-11T15:42:31.756+0000] {logging_mixin.py:188} INFO - [2024-03-11T15:42:31.756+0000] {dag.py:3047} INFO - Sync 1 DAGs
[2024-03-11T15:42:31.779+0000] {logging_mixin.py:188} INFO - [2024-03-11T15:42:31.779+0000] {dag.py:3834} INFO - Setting next_dagrun for example_weekday_branch_operator to 2024-03-10 00:00:00+00:00, run_after=2024-03-11 00:00:00+00:00
[2024-03-11T15:42:31.809+0000] {processor.py:183} INFO - Processing /usr/local/lib/python3.8/dist-packages/airflow/example_dags/example_branch_day_of_week_operator.py took 0.088 seconds
[2024-03-11T15:43:32.138+0000] {processor.py:161} INFO - Started process (PID=708) to work on /usr/local/lib/python3.8/dist-packages/airflow/example_dags/example_branch_day_of_week_operator.py
[2024-03-11T15:43:32.140+0000] {processor.py:830} INFO - Processing file /usr/local/lib/python3.8/dist-packages/airflow/example_dags/example_branch_day_of_week_operator.py for tasks to queue
[2024-03-11T15:43:32.141+0000] {logging_mixin.py:188} INFO - [2024-03-11T15:43:32.140+0000] {dagbag.py:540} INFO - Filling up the DagBag from /usr/local/lib/python3.8/dist-packages/airflow/example_dags/example_branch_day_of_week_operator.py
[2024-03-11T15:43:32.150+0000] {processor.py:840} INFO - DAG(s) 'example_weekday_branch_operator' retrieved from /usr/local/lib/python3.8/dist-packages/airflow/example_dags/example_branch_day_of_week_operator.py
[2024-03-11T15:43:32.168+0000] {logging_mixin.py:188} INFO - [2024-03-11T15:43:32.168+0000] {dag.py:3047} INFO - Sync 1 DAGs
[2024-03-11T15:43:32.193+0000] {logging_mixin.py:188} INFO - [2024-03-11T15:43:32.193+0000] {dag.py:3834} INFO - Setting next_dagrun for example_weekday_branch_operator to 2024-03-10 00:00:00+00:00, run_after=2024-03-11 00:00:00+00:00
[2024-03-11T15:43:32.223+0000] {processor.py:183} INFO - Processing /usr/local/lib/python3.8/dist-packages/airflow/example_dags/example_branch_day_of_week_operator.py took 0.088 seconds
[2024-03-11T15:44:30.558+0000] {processor.py:161} INFO - Started process (PID=765) to work on /usr/local/lib/python3.8/dist-packages/airflow/example_dags/example_branch_day_of_week_operator.py
[2024-03-11T15:44:30.560+0000] {processor.py:830} INFO - Processing file /usr/local/lib/python3.8/dist-packages/airflow/example_dags/example_branch_day_of_week_operator.py for tasks to queue
[2024-03-11T15:44:30.561+0000] {logging_mixin.py:188} INFO - [2024-03-11T15:44:30.560+0000] {dagbag.py:540} INFO - Filling up the DagBag from /usr/local/lib/python3.8/dist-packages/airflow/example_dags/example_branch_day_of_week_operator.py
[2024-03-11T15:44:30.569+0000] {processor.py:840} INFO - DAG(s) 'example_weekday_branch_operator' retrieved from /usr/local/lib/python3.8/dist-packages/airflow/example_dags/example_branch_day_of_week_operator.py
[2024-03-11T15:44:30.588+0000] {logging_mixin.py:188} INFO - [2024-03-11T15:44:30.588+0000] {dag.py:3047} INFO - Sync 1 DAGs
[2024-03-11T15:44:30.612+0000] {logging_mixin.py:188} INFO - [2024-03-11T15:44:30.612+0000] {dag.py:3834} INFO - Setting next_dagrun for example_weekday_branch_operator to 2024-03-10 00:00:00+00:00, run_after=2024-03-11 00:00:00+00:00
[2024-03-11T15:44:30.645+0000] {processor.py:183} INFO - Processing /usr/local/lib/python3.8/dist-packages/airflow/example_dags/example_branch_day_of_week_operator.py took 0.090 seconds
[2024-03-11T15:45:25.539+0000] {processor.py:161} INFO - Started process (PID=820) to work on /usr/local/lib/python3.8/dist-packages/airflow/example_dags/example_branch_day_of_week_operator.py
[2024-03-11T15:45:25.560+0000] {processor.py:830} INFO - Processing file /usr/local/lib/python3.8/dist-packages/airflow/example_dags/example_branch_day_of_week_operator.py for tasks to queue
[2024-03-11T15:45:25.561+0000] {logging_mixin.py:188} INFO - [2024-03-11T15:45:25.560+0000] {dagbag.py:540} INFO - Filling up the DagBag from /usr/local/lib/python3.8/dist-packages/airflow/example_dags/example_branch_day_of_week_operator.py
[2024-03-11T15:45:25.570+0000] {processor.py:840} INFO - DAG(s) 'example_weekday_branch_operator' retrieved from /usr/local/lib/python3.8/dist-packages/airflow/example_dags/example_branch_day_of_week_operator.py
[2024-03-11T15:45:25.593+0000] {logging_mixin.py:188} INFO - [2024-03-11T15:45:25.593+0000] {dag.py:3047} INFO - Sync 1 DAGs
[2024-03-11T15:45:25.616+0000] {logging_mixin.py:188} INFO - [2024-03-11T15:45:25.616+0000] {dag.py:3834} INFO - Setting next_dagrun for example_weekday_branch_operator to 2024-03-10 00:00:00+00:00, run_after=2024-03-11 00:00:00+00:00
[2024-03-11T15:45:25.704+0000] {processor.py:183} INFO - Processing /usr/local/lib/python3.8/dist-packages/airflow/example_dags/example_branch_day_of_week_operator.py took 0.169 seconds
[2024-03-11T15:46:31.031+0000] {processor.py:161} INFO - Started process (PID=880) to work on /usr/local/lib/python3.8/dist-packages/airflow/example_dags/example_branch_day_of_week_operator.py
[2024-03-11T15:46:31.033+0000] {processor.py:830} INFO - Processing file /usr/local/lib/python3.8/dist-packages/airflow/example_dags/example_branch_day_of_week_operator.py for tasks to queue
[2024-03-11T15:46:31.034+0000] {logging_mixin.py:188} INFO - [2024-03-11T15:46:31.034+0000] {dagbag.py:540} INFO - Filling up the DagBag from /usr/local/lib/python3.8/dist-packages/airflow/example_dags/example_branch_day_of_week_operator.py
[2024-03-11T15:46:31.043+0000] {processor.py:840} INFO - DAG(s) 'example_weekday_branch_operator' retrieved from /usr/local/lib/python3.8/dist-packages/airflow/example_dags/example_branch_day_of_week_operator.py
[2024-03-11T15:46:31.061+0000] {logging_mixin.py:188} INFO - [2024-03-11T15:46:31.061+0000] {dag.py:3047} INFO - Sync 1 DAGs
[2024-03-11T15:46:31.088+0000] {logging_mixin.py:188} INFO - [2024-03-11T15:46:31.088+0000] {dag.py:3834} INFO - Setting next_dagrun for example_weekday_branch_operator to 2024-03-10 00:00:00+00:00, run_after=2024-03-11 00:00:00+00:00
[2024-03-11T15:46:31.140+0000] {processor.py:183} INFO - Processing /usr/local/lib/python3.8/dist-packages/airflow/example_dags/example_branch_day_of_week_operator.py took 0.112 seconds
[2024-03-11T15:47:28.760+0000] {processor.py:161} INFO - Started process (PID=938) to work on /usr/local/lib/python3.8/dist-packages/airflow/example_dags/example_branch_day_of_week_operator.py
[2024-03-11T15:47:28.763+0000] {processor.py:830} INFO - Processing file /usr/local/lib/python3.8/dist-packages/airflow/example_dags/example_branch_day_of_week_operator.py for tasks to queue
[2024-03-11T15:47:28.764+0000] {logging_mixin.py:188} INFO - [2024-03-11T15:47:28.763+0000] {dagbag.py:540} INFO - Filling up the DagBag from /usr/local/lib/python3.8/dist-packages/airflow/example_dags/example_branch_day_of_week_operator.py
[2024-03-11T15:47:28.776+0000] {processor.py:840} INFO - DAG(s) 'example_weekday_branch_operator' retrieved from /usr/local/lib/python3.8/dist-packages/airflow/example_dags/example_branch_day_of_week_operator.py
[2024-03-11T15:47:28.795+0000] {logging_mixin.py:188} INFO - [2024-03-11T15:47:28.794+0000] {dag.py:3047} INFO - Sync 1 DAGs
[2024-03-11T15:47:28.818+0000] {logging_mixin.py:188} INFO - [2024-03-11T15:47:28.818+0000] {dag.py:3834} INFO - Setting next_dagrun for example_weekday_branch_operator to 2024-03-10 00:00:00+00:00, run_after=2024-03-11 00:00:00+00:00
[2024-03-11T15:47:28.847+0000] {processor.py:183} INFO - Processing /usr/local/lib/python3.8/dist-packages/airflow/example_dags/example_branch_day_of_week_operator.py took 0.090 seconds
[2024-03-11T15:48:28.294+0000] {processor.py:161} INFO - Started process (PID=995) to work on /usr/local/lib/python3.8/dist-packages/airflow/example_dags/example_branch_day_of_week_operator.py
[2024-03-11T15:48:28.297+0000] {processor.py:830} INFO - Processing file /usr/local/lib/python3.8/dist-packages/airflow/example_dags/example_branch_day_of_week_operator.py for tasks to queue
[2024-03-11T15:48:28.298+0000] {logging_mixin.py:188} INFO - [2024-03-11T15:48:28.297+0000] {dagbag.py:540} INFO - Filling up the DagBag from /usr/local/lib/python3.8/dist-packages/airflow/example_dags/example_branch_day_of_week_operator.py
[2024-03-11T15:48:28.306+0000] {processor.py:840} INFO - DAG(s) 'example_weekday_branch_operator' retrieved from /usr/local/lib/python3.8/dist-packages/airflow/example_dags/example_branch_day_of_week_operator.py
[2024-03-11T15:48:28.325+0000] {logging_mixin.py:188} INFO - [2024-03-11T15:48:28.325+0000] {dag.py:3047} INFO - Sync 1 DAGs
[2024-03-11T15:48:28.349+0000] {logging_mixin.py:188} INFO - [2024-03-11T15:48:28.348+0000] {dag.py:3834} INFO - Setting next_dagrun for example_weekday_branch_operator to 2024-03-10 00:00:00+00:00, run_after=2024-03-11 00:00:00+00:00
[2024-03-11T15:48:28.379+0000] {processor.py:183} INFO - Processing /usr/local/lib/python3.8/dist-packages/airflow/example_dags/example_branch_day_of_week_operator.py took 0.088 seconds
[2024-03-11T15:49:35.925+0000] {processor.py:161} INFO - Started process (PID=1056) to work on /usr/local/lib/python3.8/dist-packages/airflow/example_dags/example_branch_day_of_week_operator.py
[2024-03-11T15:49:35.927+0000] {processor.py:830} INFO - Processing file /usr/local/lib/python3.8/dist-packages/airflow/example_dags/example_branch_day_of_week_operator.py for tasks to queue
[2024-03-11T15:49:35.928+0000] {logging_mixin.py:188} INFO - [2024-03-11T15:49:35.928+0000] {dagbag.py:540} INFO - Filling up the DagBag from /usr/local/lib/python3.8/dist-packages/airflow/example_dags/example_branch_day_of_week_operator.py
[2024-03-11T15:49:35.937+0000] {processor.py:840} INFO - DAG(s) 'example_weekday_branch_operator' retrieved from /usr/local/lib/python3.8/dist-packages/airflow/example_dags/example_branch_day_of_week_operator.py
[2024-03-11T15:49:35.957+0000] {logging_mixin.py:188} INFO - [2024-03-11T15:49:35.957+0000] {dag.py:3047} INFO - Sync 1 DAGs
[2024-03-11T15:49:35.982+0000] {logging_mixin.py:188} INFO - [2024-03-11T15:49:35.982+0000] {dag.py:3834} INFO - Setting next_dagrun for example_weekday_branch_operator to 2024-03-10 00:00:00+00:00, run_after=2024-03-11 00:00:00+00:00
[2024-03-11T15:49:36.312+0000] {processor.py:183} INFO - Processing /usr/local/lib/python3.8/dist-packages/airflow/example_dags/example_branch_day_of_week_operator.py took 0.391 seconds
[2024-03-11T15:50:47.092+0000] {processor.py:161} INFO - Started process (PID=1128) to work on /usr/local/lib/python3.8/dist-packages/airflow/example_dags/example_branch_day_of_week_operator.py
[2024-03-11T15:50:47.094+0000] {processor.py:830} INFO - Processing file /usr/local/lib/python3.8/dist-packages/airflow/example_dags/example_branch_day_of_week_operator.py for tasks to queue
[2024-03-11T15:50:47.095+0000] {logging_mixin.py:188} INFO - [2024-03-11T15:50:47.095+0000] {dagbag.py:540} INFO - Filling up the DagBag from /usr/local/lib/python3.8/dist-packages/airflow/example_dags/example_branch_day_of_week_operator.py
[2024-03-11T15:50:47.104+0000] {processor.py:840} INFO - DAG(s) 'example_weekday_branch_operator' retrieved from /usr/local/lib/python3.8/dist-packages/airflow/example_dags/example_branch_day_of_week_operator.py
[2024-03-11T15:50:47.122+0000] {logging_mixin.py:188} INFO - [2024-03-11T15:50:47.122+0000] {dag.py:3047} INFO - Sync 1 DAGs
[2024-03-11T15:50:47.146+0000] {logging_mixin.py:188} INFO - [2024-03-11T15:50:47.146+0000] {dag.py:3834} INFO - Setting next_dagrun for example_weekday_branch_operator to 2024-03-10 00:00:00+00:00, run_after=2024-03-11 00:00:00+00:00
[2024-03-11T15:50:47.180+0000] {processor.py:183} INFO - Processing /usr/local/lib/python3.8/dist-packages/airflow/example_dags/example_branch_day_of_week_operator.py took 0.092 seconds
[2024-03-11T15:51:57.100+0000] {processor.py:161} INFO - Started process (PID=1214) to work on /usr/local/lib/python3.8/dist-packages/airflow/example_dags/example_branch_day_of_week_operator.py
[2024-03-11T15:51:57.102+0000] {processor.py:830} INFO - Processing file /usr/local/lib/python3.8/dist-packages/airflow/example_dags/example_branch_day_of_week_operator.py for tasks to queue
[2024-03-11T15:51:57.103+0000] {logging_mixin.py:188} INFO - [2024-03-11T15:51:57.103+0000] {dagbag.py:540} INFO - Filling up the DagBag from /usr/local/lib/python3.8/dist-packages/airflow/example_dags/example_branch_day_of_week_operator.py
[2024-03-11T15:51:57.112+0000] {processor.py:840} INFO - DAG(s) 'example_weekday_branch_operator' retrieved from /usr/local/lib/python3.8/dist-packages/airflow/example_dags/example_branch_day_of_week_operator.py
[2024-03-11T15:51:57.131+0000] {logging_mixin.py:188} INFO - [2024-03-11T15:51:57.131+0000] {dag.py:3047} INFO - Sync 1 DAGs
[2024-03-11T15:51:57.156+0000] {logging_mixin.py:188} INFO - [2024-03-11T15:51:57.156+0000] {dag.py:3834} INFO - Setting next_dagrun for example_weekday_branch_operator to 2024-03-10 00:00:00+00:00, run_after=2024-03-11 00:00:00+00:00
[2024-03-11T15:51:57.187+0000] {processor.py:183} INFO - Processing /usr/local/lib/python3.8/dist-packages/airflow/example_dags/example_branch_day_of_week_operator.py took 0.090 seconds
[2024-03-11T15:53:01.476+0000] {processor.py:161} INFO - Started process (PID=1278) to work on /usr/local/lib/python3.8/dist-packages/airflow/example_dags/example_branch_day_of_week_operator.py
[2024-03-11T15:53:01.479+0000] {processor.py:830} INFO - Processing file /usr/local/lib/python3.8/dist-packages/airflow/example_dags/example_branch_day_of_week_operator.py for tasks to queue
[2024-03-11T15:53:01.480+0000] {logging_mixin.py:188} INFO - [2024-03-11T15:53:01.479+0000] {dagbag.py:540} INFO - Filling up the DagBag from /usr/local/lib/python3.8/dist-packages/airflow/example_dags/example_branch_day_of_week_operator.py
[2024-03-11T15:53:01.488+0000] {processor.py:840} INFO - DAG(s) 'example_weekday_branch_operator' retrieved from /usr/local/lib/python3.8/dist-packages/airflow/example_dags/example_branch_day_of_week_operator.py
[2024-03-11T15:53:01.507+0000] {logging_mixin.py:188} INFO - [2024-03-11T15:53:01.507+0000] {dag.py:3047} INFO - Sync 1 DAGs
[2024-03-11T15:53:01.531+0000] {logging_mixin.py:188} INFO - [2024-03-11T15:53:01.531+0000] {dag.py:3834} INFO - Setting next_dagrun for example_weekday_branch_operator to 2024-03-10 00:00:00+00:00, run_after=2024-03-11 00:00:00+00:00
[2024-03-11T15:53:01.560+0000] {processor.py:183} INFO - Processing /usr/local/lib/python3.8/dist-packages/airflow/example_dags/example_branch_day_of_week_operator.py took 0.087 seconds
[2024-03-11T15:54:14.370+0000] {processor.py:161} INFO - Started process (PID=1370) to work on /usr/local/lib/python3.8/dist-packages/airflow/example_dags/example_branch_day_of_week_operator.py
[2024-03-11T15:54:14.372+0000] {processor.py:830} INFO - Processing file /usr/local/lib/python3.8/dist-packages/airflow/example_dags/example_branch_day_of_week_operator.py for tasks to queue
[2024-03-11T15:54:14.373+0000] {logging_mixin.py:188} INFO - [2024-03-11T15:54:14.373+0000] {dagbag.py:540} INFO - Filling up the DagBag from /usr/local/lib/python3.8/dist-packages/airflow/example_dags/example_branch_day_of_week_operator.py
[2024-03-11T15:54:14.380+0000] {processor.py:840} INFO - DAG(s) 'example_weekday_branch_operator' retrieved from /usr/local/lib/python3.8/dist-packages/airflow/example_dags/example_branch_day_of_week_operator.py
[2024-03-11T15:54:14.461+0000] {logging_mixin.py:188} INFO - [2024-03-11T15:54:14.461+0000] {dag.py:3047} INFO - Sync 1 DAGs
[2024-03-11T15:54:14.479+0000] {logging_mixin.py:188} INFO - [2024-03-11T15:54:14.478+0000] {dag.py:3834} INFO - Setting next_dagrun for example_weekday_branch_operator to 2024-03-10 00:00:00+00:00, run_after=2024-03-11 00:00:00+00:00
[2024-03-11T15:54:14.503+0000] {processor.py:183} INFO - Processing /usr/local/lib/python3.8/dist-packages/airflow/example_dags/example_branch_day_of_week_operator.py took 0.137 seconds
[2024-03-11T15:56:18.896+0000] {processor.py:161} INFO - Started process (PID=1489) to work on /usr/local/lib/python3.8/dist-packages/airflow/example_dags/example_branch_day_of_week_operator.py
[2024-03-11T15:56:18.898+0000] {processor.py:830} INFO - Processing file /usr/local/lib/python3.8/dist-packages/airflow/example_dags/example_branch_day_of_week_operator.py for tasks to queue
[2024-03-11T15:56:18.899+0000] {logging_mixin.py:188} INFO - [2024-03-11T15:56:18.899+0000] {dagbag.py:540} INFO - Filling up the DagBag from /usr/local/lib/python3.8/dist-packages/airflow/example_dags/example_branch_day_of_week_operator.py
[2024-03-11T15:56:18.909+0000] {processor.py:840} INFO - DAG(s) 'example_weekday_branch_operator' retrieved from /usr/local/lib/python3.8/dist-packages/airflow/example_dags/example_branch_day_of_week_operator.py
[2024-03-11T15:56:18.929+0000] {logging_mixin.py:188} INFO - [2024-03-11T15:56:18.929+0000] {dag.py:3047} INFO - Sync 1 DAGs
[2024-03-11T15:56:18.953+0000] {logging_mixin.py:188} INFO - [2024-03-11T15:56:18.953+0000] {dag.py:3834} INFO - Setting next_dagrun for example_weekday_branch_operator to 2024-03-10 00:00:00+00:00, run_after=2024-03-11 00:00:00+00:00
[2024-03-11T15:56:18.983+0000] {processor.py:183} INFO - Processing /usr/local/lib/python3.8/dist-packages/airflow/example_dags/example_branch_day_of_week_operator.py took 0.090 seconds
[2024-03-11T15:57:14.946+0000] {processor.py:161} INFO - Started process (PID=1541) to work on /usr/local/lib/python3.8/dist-packages/airflow/example_dags/example_branch_day_of_week_operator.py
[2024-03-11T15:57:14.949+0000] {processor.py:830} INFO - Processing file /usr/local/lib/python3.8/dist-packages/airflow/example_dags/example_branch_day_of_week_operator.py for tasks to queue
[2024-03-11T15:57:14.950+0000] {logging_mixin.py:188} INFO - [2024-03-11T15:57:14.949+0000] {dagbag.py:540} INFO - Filling up the DagBag from /usr/local/lib/python3.8/dist-packages/airflow/example_dags/example_branch_day_of_week_operator.py
[2024-03-11T15:57:14.959+0000] {processor.py:840} INFO - DAG(s) 'example_weekday_branch_operator' retrieved from /usr/local/lib/python3.8/dist-packages/airflow/example_dags/example_branch_day_of_week_operator.py
[2024-03-11T15:57:14.978+0000] {logging_mixin.py:188} INFO - [2024-03-11T15:57:14.977+0000] {dag.py:3047} INFO - Sync 1 DAGs
[2024-03-11T15:57:15.001+0000] {logging_mixin.py:188} INFO - [2024-03-11T15:57:15.001+0000] {dag.py:3834} INFO - Setting next_dagrun for example_weekday_branch_operator to 2024-03-10 00:00:00+00:00, run_after=2024-03-11 00:00:00+00:00
[2024-03-11T15:57:15.031+0000] {processor.py:183} INFO - Processing /usr/local/lib/python3.8/dist-packages/airflow/example_dags/example_branch_day_of_week_operator.py took 0.087 seconds
[2024-03-11T15:58:30.975+0000] {processor.py:161} INFO - Started process (PID=1793) to work on /usr/local/lib/python3.8/dist-packages/airflow/example_dags/example_branch_day_of_week_operator.py
[2024-03-11T15:58:30.981+0000] {processor.py:830} INFO - Processing file /usr/local/lib/python3.8/dist-packages/airflow/example_dags/example_branch_day_of_week_operator.py for tasks to queue
[2024-03-11T15:58:30.982+0000] {logging_mixin.py:188} INFO - [2024-03-11T15:58:30.982+0000] {dagbag.py:540} INFO - Filling up the DagBag from /usr/local/lib/python3.8/dist-packages/airflow/example_dags/example_branch_day_of_week_operator.py
[2024-03-11T15:58:30.991+0000] {processor.py:840} INFO - DAG(s) 'example_weekday_branch_operator' retrieved from /usr/local/lib/python3.8/dist-packages/airflow/example_dags/example_branch_day_of_week_operator.py
[2024-03-11T15:58:31.056+0000] {logging_mixin.py:188} INFO - [2024-03-11T15:58:31.055+0000] {dag.py:3047} INFO - Sync 1 DAGs
[2024-03-11T15:58:31.129+0000] {logging_mixin.py:188} INFO - [2024-03-11T15:58:31.129+0000] {dag.py:3834} INFO - Setting next_dagrun for example_weekday_branch_operator to 2024-03-10 00:00:00+00:00, run_after=2024-03-11 00:00:00+00:00
[2024-03-11T15:58:31.197+0000] {processor.py:183} INFO - Processing /usr/local/lib/python3.8/dist-packages/airflow/example_dags/example_branch_day_of_week_operator.py took 0.226 seconds
[2024-03-11T16:09:14.008+0000] {processor.py:161} INFO - Started process (PID=464) to work on /usr/local/lib/python3.8/dist-packages/airflow/example_dags/example_branch_day_of_week_operator.py
[2024-03-11T16:09:14.010+0000] {processor.py:830} INFO - Processing file /usr/local/lib/python3.8/dist-packages/airflow/example_dags/example_branch_day_of_week_operator.py for tasks to queue
[2024-03-11T16:09:14.011+0000] {logging_mixin.py:188} INFO - [2024-03-11T16:09:14.010+0000] {dagbag.py:540} INFO - Filling up the DagBag from /usr/local/lib/python3.8/dist-packages/airflow/example_dags/example_branch_day_of_week_operator.py
[2024-03-11T16:09:14.124+0000] {processor.py:840} INFO - DAG(s) 'example_weekday_branch_operator' retrieved from /usr/local/lib/python3.8/dist-packages/airflow/example_dags/example_branch_day_of_week_operator.py
[2024-03-11T16:09:14.139+0000] {logging_mixin.py:188} INFO - [2024-03-11T16:09:14.139+0000] {dag.py:3047} INFO - Sync 1 DAGs
[2024-03-11T16:09:14.160+0000] {logging_mixin.py:188} INFO - [2024-03-11T16:09:14.160+0000] {dag.py:3834} INFO - Setting next_dagrun for example_weekday_branch_operator to 2024-03-10 00:00:00+00:00, run_after=2024-03-11 00:00:00+00:00
[2024-03-11T16:09:14.190+0000] {processor.py:183} INFO - Processing /usr/local/lib/python3.8/dist-packages/airflow/example_dags/example_branch_day_of_week_operator.py took 0.185 seconds
[2024-03-11T16:10:08.157+0000] {processor.py:161} INFO - Started process (PID=517) to work on /usr/local/lib/python3.8/dist-packages/airflow/example_dags/example_branch_day_of_week_operator.py
[2024-03-11T16:10:08.160+0000] {processor.py:830} INFO - Processing file /usr/local/lib/python3.8/dist-packages/airflow/example_dags/example_branch_day_of_week_operator.py for tasks to queue
[2024-03-11T16:10:08.161+0000] {logging_mixin.py:188} INFO - [2024-03-11T16:10:08.160+0000] {dagbag.py:540} INFO - Filling up the DagBag from /usr/local/lib/python3.8/dist-packages/airflow/example_dags/example_branch_day_of_week_operator.py
[2024-03-11T16:10:08.169+0000] {processor.py:840} INFO - DAG(s) 'example_weekday_branch_operator' retrieved from /usr/local/lib/python3.8/dist-packages/airflow/example_dags/example_branch_day_of_week_operator.py
[2024-03-11T16:10:08.189+0000] {logging_mixin.py:188} INFO - [2024-03-11T16:10:08.188+0000] {dag.py:3047} INFO - Sync 1 DAGs
[2024-03-11T16:10:08.212+0000] {logging_mixin.py:188} INFO - [2024-03-11T16:10:08.212+0000] {dag.py:3834} INFO - Setting next_dagrun for example_weekday_branch_operator to 2024-03-10 00:00:00+00:00, run_after=2024-03-11 00:00:00+00:00
[2024-03-11T16:10:08.244+0000] {processor.py:183} INFO - Processing /usr/local/lib/python3.8/dist-packages/airflow/example_dags/example_branch_day_of_week_operator.py took 0.090 seconds
[2024-03-11T16:11:16.195+0000] {processor.py:161} INFO - Started process (PID=586) to work on /usr/local/lib/python3.8/dist-packages/airflow/example_dags/example_branch_day_of_week_operator.py
[2024-03-11T16:11:16.197+0000] {processor.py:830} INFO - Processing file /usr/local/lib/python3.8/dist-packages/airflow/example_dags/example_branch_day_of_week_operator.py for tasks to queue
[2024-03-11T16:11:16.198+0000] {logging_mixin.py:188} INFO - [2024-03-11T16:11:16.198+0000] {dagbag.py:540} INFO - Filling up the DagBag from /usr/local/lib/python3.8/dist-packages/airflow/example_dags/example_branch_day_of_week_operator.py
[2024-03-11T16:11:16.216+0000] {processor.py:840} INFO - DAG(s) 'example_weekday_branch_operator' retrieved from /usr/local/lib/python3.8/dist-packages/airflow/example_dags/example_branch_day_of_week_operator.py
[2024-03-11T16:11:16.347+0000] {logging_mixin.py:188} INFO - [2024-03-11T16:11:16.347+0000] {dag.py:3047} INFO - Sync 1 DAGs
[2024-03-11T16:11:16.403+0000] {logging_mixin.py:188} INFO - [2024-03-11T16:11:16.403+0000] {dag.py:3834} INFO - Setting next_dagrun for example_weekday_branch_operator to 2024-03-10 00:00:00+00:00, run_after=2024-03-11 00:00:00+00:00
[2024-03-11T16:11:16.587+0000] {processor.py:183} INFO - Processing /usr/local/lib/python3.8/dist-packages/airflow/example_dags/example_branch_day_of_week_operator.py took 0.418 seconds
[2024-03-11T16:12:22.108+0000] {processor.py:161} INFO - Started process (PID=657) to work on /usr/local/lib/python3.8/dist-packages/airflow/example_dags/example_branch_day_of_week_operator.py
[2024-03-11T16:12:22.110+0000] {processor.py:830} INFO - Processing file /usr/local/lib/python3.8/dist-packages/airflow/example_dags/example_branch_day_of_week_operator.py for tasks to queue
[2024-03-11T16:12:22.111+0000] {logging_mixin.py:188} INFO - [2024-03-11T16:12:22.111+0000] {dagbag.py:540} INFO - Filling up the DagBag from /usr/local/lib/python3.8/dist-packages/airflow/example_dags/example_branch_day_of_week_operator.py
[2024-03-11T16:12:22.123+0000] {processor.py:840} INFO - DAG(s) 'example_weekday_branch_operator' retrieved from /usr/local/lib/python3.8/dist-packages/airflow/example_dags/example_branch_day_of_week_operator.py
[2024-03-11T16:12:22.143+0000] {logging_mixin.py:188} INFO - [2024-03-11T16:12:22.142+0000] {dag.py:3047} INFO - Sync 1 DAGs
[2024-03-11T16:12:22.167+0000] {logging_mixin.py:188} INFO - [2024-03-11T16:12:22.167+0000] {dag.py:3834} INFO - Setting next_dagrun for example_weekday_branch_operator to 2024-03-10 00:00:00+00:00, run_after=2024-03-11 00:00:00+00:00
[2024-03-11T16:12:22.200+0000] {processor.py:183} INFO - Processing /usr/local/lib/python3.8/dist-packages/airflow/example_dags/example_branch_day_of_week_operator.py took 0.096 seconds
[2024-03-11T16:13:56.591+0000] {processor.py:161} INFO - Started process (PID=764) to work on /usr/local/lib/python3.8/dist-packages/airflow/example_dags/example_branch_day_of_week_operator.py
[2024-03-11T16:13:56.594+0000] {processor.py:830} INFO - Processing file /usr/local/lib/python3.8/dist-packages/airflow/example_dags/example_branch_day_of_week_operator.py for tasks to queue
[2024-03-11T16:13:56.595+0000] {logging_mixin.py:188} INFO - [2024-03-11T16:13:56.594+0000] {dagbag.py:540} INFO - Filling up the DagBag from /usr/local/lib/python3.8/dist-packages/airflow/example_dags/example_branch_day_of_week_operator.py
[2024-03-11T16:13:56.603+0000] {processor.py:840} INFO - DAG(s) 'example_weekday_branch_operator' retrieved from /usr/local/lib/python3.8/dist-packages/airflow/example_dags/example_branch_day_of_week_operator.py
[2024-03-11T16:13:56.622+0000] {logging_mixin.py:188} INFO - [2024-03-11T16:13:56.622+0000] {dag.py:3047} INFO - Sync 1 DAGs
[2024-03-11T16:13:56.645+0000] {logging_mixin.py:188} INFO - [2024-03-11T16:13:56.645+0000] {dag.py:3834} INFO - Setting next_dagrun for example_weekday_branch_operator to 2024-03-10 00:00:00+00:00, run_after=2024-03-11 00:00:00+00:00
[2024-03-11T16:13:56.676+0000] {processor.py:183} INFO - Processing /usr/local/lib/python3.8/dist-packages/airflow/example_dags/example_branch_day_of_week_operator.py took 0.088 seconds
[2024-03-11T16:15:05.712+0000] {processor.py:161} INFO - Started process (PID=835) to work on /usr/local/lib/python3.8/dist-packages/airflow/example_dags/example_branch_day_of_week_operator.py
[2024-03-11T16:15:05.714+0000] {processor.py:830} INFO - Processing file /usr/local/lib/python3.8/dist-packages/airflow/example_dags/example_branch_day_of_week_operator.py for tasks to queue
[2024-03-11T16:15:05.715+0000] {logging_mixin.py:188} INFO - [2024-03-11T16:15:05.715+0000] {dagbag.py:540} INFO - Filling up the DagBag from /usr/local/lib/python3.8/dist-packages/airflow/example_dags/example_branch_day_of_week_operator.py
[2024-03-11T16:15:05.725+0000] {processor.py:840} INFO - DAG(s) 'example_weekday_branch_operator' retrieved from /usr/local/lib/python3.8/dist-packages/airflow/example_dags/example_branch_day_of_week_operator.py
[2024-03-11T16:15:05.743+0000] {logging_mixin.py:188} INFO - [2024-03-11T16:15:05.743+0000] {dag.py:3047} INFO - Sync 1 DAGs
[2024-03-11T16:15:05.766+0000] {logging_mixin.py:188} INFO - [2024-03-11T16:15:05.766+0000] {dag.py:3834} INFO - Setting next_dagrun for example_weekday_branch_operator to 2024-03-10 00:00:00+00:00, run_after=2024-03-11 00:00:00+00:00
[2024-03-11T16:15:05.796+0000] {processor.py:183} INFO - Processing /usr/local/lib/python3.8/dist-packages/airflow/example_dags/example_branch_day_of_week_operator.py took 0.087 seconds
[2024-03-11T16:15:58.857+0000] {processor.py:161} INFO - Started process (PID=888) to work on /usr/local/lib/python3.8/dist-packages/airflow/example_dags/example_branch_day_of_week_operator.py
[2024-03-11T16:15:58.859+0000] {processor.py:830} INFO - Processing file /usr/local/lib/python3.8/dist-packages/airflow/example_dags/example_branch_day_of_week_operator.py for tasks to queue
[2024-03-11T16:15:58.860+0000] {logging_mixin.py:188} INFO - [2024-03-11T16:15:58.860+0000] {dagbag.py:540} INFO - Filling up the DagBag from /usr/local/lib/python3.8/dist-packages/airflow/example_dags/example_branch_day_of_week_operator.py
[2024-03-11T16:15:58.869+0000] {processor.py:840} INFO - DAG(s) 'example_weekday_branch_operator' retrieved from /usr/local/lib/python3.8/dist-packages/airflow/example_dags/example_branch_day_of_week_operator.py
[2024-03-11T16:15:58.887+0000] {logging_mixin.py:188} INFO - [2024-03-11T16:15:58.887+0000] {dag.py:3047} INFO - Sync 1 DAGs
[2024-03-11T16:15:58.912+0000] {logging_mixin.py:188} INFO - [2024-03-11T16:15:58.912+0000] {dag.py:3834} INFO - Setting next_dagrun for example_weekday_branch_operator to 2024-03-10 00:00:00+00:00, run_after=2024-03-11 00:00:00+00:00
[2024-03-11T16:15:58.942+0000] {processor.py:183} INFO - Processing /usr/local/lib/python3.8/dist-packages/airflow/example_dags/example_branch_day_of_week_operator.py took 0.089 seconds
[2024-03-11T16:17:09.764+0000] {processor.py:161} INFO - Started process (PID=958) to work on /usr/local/lib/python3.8/dist-packages/airflow/example_dags/example_branch_day_of_week_operator.py
[2024-03-11T16:17:09.766+0000] {processor.py:830} INFO - Processing file /usr/local/lib/python3.8/dist-packages/airflow/example_dags/example_branch_day_of_week_operator.py for tasks to queue
[2024-03-11T16:17:09.767+0000] {logging_mixin.py:188} INFO - [2024-03-11T16:17:09.766+0000] {dagbag.py:540} INFO - Filling up the DagBag from /usr/local/lib/python3.8/dist-packages/airflow/example_dags/example_branch_day_of_week_operator.py
[2024-03-11T16:17:09.775+0000] {processor.py:840} INFO - DAG(s) 'example_weekday_branch_operator' retrieved from /usr/local/lib/python3.8/dist-packages/airflow/example_dags/example_branch_day_of_week_operator.py
[2024-03-11T16:17:09.794+0000] {logging_mixin.py:188} INFO - [2024-03-11T16:17:09.794+0000] {dag.py:3047} INFO - Sync 1 DAGs
[2024-03-11T16:17:09.818+0000] {logging_mixin.py:188} INFO - [2024-03-11T16:17:09.817+0000] {dag.py:3834} INFO - Setting next_dagrun for example_weekday_branch_operator to 2024-03-10 00:00:00+00:00, run_after=2024-03-11 00:00:00+00:00
[2024-03-11T16:17:09.846+0000] {processor.py:183} INFO - Processing /usr/local/lib/python3.8/dist-packages/airflow/example_dags/example_branch_day_of_week_operator.py took 0.086 seconds
[2024-03-11T16:18:21.554+0000] {processor.py:161} INFO - Started process (PID=1029) to work on /usr/local/lib/python3.8/dist-packages/airflow/example_dags/example_branch_day_of_week_operator.py
[2024-03-11T16:18:21.556+0000] {processor.py:830} INFO - Processing file /usr/local/lib/python3.8/dist-packages/airflow/example_dags/example_branch_day_of_week_operator.py for tasks to queue
[2024-03-11T16:18:21.557+0000] {logging_mixin.py:188} INFO - [2024-03-11T16:18:21.557+0000] {dagbag.py:540} INFO - Filling up the DagBag from /usr/local/lib/python3.8/dist-packages/airflow/example_dags/example_branch_day_of_week_operator.py
[2024-03-11T16:18:21.566+0000] {processor.py:840} INFO - DAG(s) 'example_weekday_branch_operator' retrieved from /usr/local/lib/python3.8/dist-packages/airflow/example_dags/example_branch_day_of_week_operator.py
[2024-03-11T16:18:21.584+0000] {logging_mixin.py:188} INFO - [2024-03-11T16:18:21.584+0000] {dag.py:3047} INFO - Sync 1 DAGs
[2024-03-11T16:18:21.609+0000] {logging_mixin.py:188} INFO - [2024-03-11T16:18:21.608+0000] {dag.py:3834} INFO - Setting next_dagrun for example_weekday_branch_operator to 2024-03-10 00:00:00+00:00, run_after=2024-03-11 00:00:00+00:00
[2024-03-11T16:18:21.638+0000] {processor.py:183} INFO - Processing /usr/local/lib/python3.8/dist-packages/airflow/example_dags/example_branch_day_of_week_operator.py took 0.087 seconds
[2024-03-11T16:19:47.237+0000] {processor.py:161} INFO - Started process (PID=1117) to work on /usr/local/lib/python3.8/dist-packages/airflow/example_dags/example_branch_day_of_week_operator.py
[2024-03-11T16:19:47.240+0000] {processor.py:830} INFO - Processing file /usr/local/lib/python3.8/dist-packages/airflow/example_dags/example_branch_day_of_week_operator.py for tasks to queue
[2024-03-11T16:19:47.241+0000] {logging_mixin.py:188} INFO - [2024-03-11T16:19:47.240+0000] {dagbag.py:540} INFO - Filling up the DagBag from /usr/local/lib/python3.8/dist-packages/airflow/example_dags/example_branch_day_of_week_operator.py
[2024-03-11T16:19:47.249+0000] {processor.py:840} INFO - DAG(s) 'example_weekday_branch_operator' retrieved from /usr/local/lib/python3.8/dist-packages/airflow/example_dags/example_branch_day_of_week_operator.py
[2024-03-11T16:19:47.267+0000] {logging_mixin.py:188} INFO - [2024-03-11T16:19:47.267+0000] {dag.py:3047} INFO - Sync 1 DAGs
[2024-03-11T16:19:47.291+0000] {logging_mixin.py:188} INFO - [2024-03-11T16:19:47.291+0000] {dag.py:3834} INFO - Setting next_dagrun for example_weekday_branch_operator to 2024-03-10 00:00:00+00:00, run_after=2024-03-11 00:00:00+00:00
[2024-03-11T16:19:47.319+0000] {processor.py:183} INFO - Processing /usr/local/lib/python3.8/dist-packages/airflow/example_dags/example_branch_day_of_week_operator.py took 0.085 seconds
[2024-03-11T16:20:40.430+0000] {processor.py:161} INFO - Started process (PID=1202) to work on /usr/local/lib/python3.8/dist-packages/airflow/example_dags/example_branch_day_of_week_operator.py
[2024-03-11T16:20:40.431+0000] {processor.py:830} INFO - Processing file /usr/local/lib/python3.8/dist-packages/airflow/example_dags/example_branch_day_of_week_operator.py for tasks to queue
[2024-03-11T16:20:40.432+0000] {logging_mixin.py:188} INFO - [2024-03-11T16:20:40.432+0000] {dagbag.py:540} INFO - Filling up the DagBag from /usr/local/lib/python3.8/dist-packages/airflow/example_dags/example_branch_day_of_week_operator.py
[2024-03-11T16:20:40.441+0000] {processor.py:840} INFO - DAG(s) 'example_weekday_branch_operator' retrieved from /usr/local/lib/python3.8/dist-packages/airflow/example_dags/example_branch_day_of_week_operator.py
[2024-03-11T16:20:40.461+0000] {logging_mixin.py:188} INFO - [2024-03-11T16:20:40.461+0000] {dag.py:3047} INFO - Sync 1 DAGs
[2024-03-11T16:20:40.485+0000] {logging_mixin.py:188} INFO - [2024-03-11T16:20:40.484+0000] {dag.py:3834} INFO - Setting next_dagrun for example_weekday_branch_operator to 2024-03-10 00:00:00+00:00, run_after=2024-03-11 00:00:00+00:00
[2024-03-11T16:20:40.514+0000] {processor.py:183} INFO - Processing /usr/local/lib/python3.8/dist-packages/airflow/example_dags/example_branch_day_of_week_operator.py took 0.087 seconds
[2024-03-11T16:21:50.630+0000] {processor.py:161} INFO - Started process (PID=1297) to work on /usr/local/lib/python3.8/dist-packages/airflow/example_dags/example_branch_day_of_week_operator.py
[2024-03-11T16:21:50.632+0000] {processor.py:830} INFO - Processing file /usr/local/lib/python3.8/dist-packages/airflow/example_dags/example_branch_day_of_week_operator.py for tasks to queue
[2024-03-11T16:21:50.633+0000] {logging_mixin.py:188} INFO - [2024-03-11T16:21:50.633+0000] {dagbag.py:540} INFO - Filling up the DagBag from /usr/local/lib/python3.8/dist-packages/airflow/example_dags/example_branch_day_of_week_operator.py
[2024-03-11T16:21:50.642+0000] {processor.py:840} INFO - DAG(s) 'example_weekday_branch_operator' retrieved from /usr/local/lib/python3.8/dist-packages/airflow/example_dags/example_branch_day_of_week_operator.py
[2024-03-11T16:21:50.660+0000] {logging_mixin.py:188} INFO - [2024-03-11T16:21:50.659+0000] {dag.py:3047} INFO - Sync 1 DAGs
[2024-03-11T16:21:50.684+0000] {logging_mixin.py:188} INFO - [2024-03-11T16:21:50.684+0000] {dag.py:3834} INFO - Setting next_dagrun for example_weekday_branch_operator to 2024-03-10 00:00:00+00:00, run_after=2024-03-11 00:00:00+00:00
[2024-03-11T16:21:50.715+0000] {processor.py:183} INFO - Processing /usr/local/lib/python3.8/dist-packages/airflow/example_dags/example_branch_day_of_week_operator.py took 0.089 seconds
[2024-03-11T16:23:38.691+0000] {processor.py:161} INFO - Started process (PID=1434) to work on /usr/local/lib/python3.8/dist-packages/airflow/example_dags/example_branch_day_of_week_operator.py
[2024-03-11T16:23:38.693+0000] {processor.py:830} INFO - Processing file /usr/local/lib/python3.8/dist-packages/airflow/example_dags/example_branch_day_of_week_operator.py for tasks to queue
[2024-03-11T16:23:38.694+0000] {logging_mixin.py:188} INFO - [2024-03-11T16:23:38.694+0000] {dagbag.py:540} INFO - Filling up the DagBag from /usr/local/lib/python3.8/dist-packages/airflow/example_dags/example_branch_day_of_week_operator.py
[2024-03-11T16:23:38.703+0000] {processor.py:840} INFO - DAG(s) 'example_weekday_branch_operator' retrieved from /usr/local/lib/python3.8/dist-packages/airflow/example_dags/example_branch_day_of_week_operator.py
[2024-03-11T16:23:38.721+0000] {logging_mixin.py:188} INFO - [2024-03-11T16:23:38.721+0000] {dag.py:3047} INFO - Sync 1 DAGs
[2024-03-11T16:23:38.745+0000] {logging_mixin.py:188} INFO - [2024-03-11T16:23:38.745+0000] {dag.py:3834} INFO - Setting next_dagrun for example_weekday_branch_operator to 2024-03-10 00:00:00+00:00, run_after=2024-03-11 00:00:00+00:00
[2024-03-11T16:23:38.775+0000] {processor.py:183} INFO - Processing /usr/local/lib/python3.8/dist-packages/airflow/example_dags/example_branch_day_of_week_operator.py took 0.087 seconds
[2024-03-11T16:24:32.136+0000] {processor.py:161} INFO - Started process (PID=1486) to work on /usr/local/lib/python3.8/dist-packages/airflow/example_dags/example_branch_day_of_week_operator.py
[2024-03-11T16:24:32.138+0000] {processor.py:830} INFO - Processing file /usr/local/lib/python3.8/dist-packages/airflow/example_dags/example_branch_day_of_week_operator.py for tasks to queue
[2024-03-11T16:24:32.139+0000] {logging_mixin.py:188} INFO - [2024-03-11T16:24:32.139+0000] {dagbag.py:540} INFO - Filling up the DagBag from /usr/local/lib/python3.8/dist-packages/airflow/example_dags/example_branch_day_of_week_operator.py
[2024-03-11T16:24:32.148+0000] {processor.py:840} INFO - DAG(s) 'example_weekday_branch_operator' retrieved from /usr/local/lib/python3.8/dist-packages/airflow/example_dags/example_branch_day_of_week_operator.py
[2024-03-11T16:24:32.167+0000] {logging_mixin.py:188} INFO - [2024-03-11T16:24:32.167+0000] {dag.py:3047} INFO - Sync 1 DAGs
[2024-03-11T16:24:32.191+0000] {logging_mixin.py:188} INFO - [2024-03-11T16:24:32.191+0000] {dag.py:3834} INFO - Setting next_dagrun for example_weekday_branch_operator to 2024-03-10 00:00:00+00:00, run_after=2024-03-11 00:00:00+00:00
[2024-03-11T16:24:32.220+0000] {processor.py:183} INFO - Processing /usr/local/lib/python3.8/dist-packages/airflow/example_dags/example_branch_day_of_week_operator.py took 0.087 seconds
[2024-03-11T16:25:34.520+0000] {processor.py:161} INFO - Started process (PID=1551) to work on /usr/local/lib/python3.8/dist-packages/airflow/example_dags/example_branch_day_of_week_operator.py
[2024-03-11T16:25:34.522+0000] {processor.py:830} INFO - Processing file /usr/local/lib/python3.8/dist-packages/airflow/example_dags/example_branch_day_of_week_operator.py for tasks to queue
[2024-03-11T16:25:34.523+0000] {logging_mixin.py:188} INFO - [2024-03-11T16:25:34.522+0000] {dagbag.py:540} INFO - Filling up the DagBag from /usr/local/lib/python3.8/dist-packages/airflow/example_dags/example_branch_day_of_week_operator.py
[2024-03-11T16:25:34.531+0000] {processor.py:840} INFO - DAG(s) 'example_weekday_branch_operator' retrieved from /usr/local/lib/python3.8/dist-packages/airflow/example_dags/example_branch_day_of_week_operator.py
[2024-03-11T16:25:34.550+0000] {logging_mixin.py:188} INFO - [2024-03-11T16:25:34.550+0000] {dag.py:3047} INFO - Sync 1 DAGs
[2024-03-11T16:25:34.574+0000] {logging_mixin.py:188} INFO - [2024-03-11T16:25:34.574+0000] {dag.py:3834} INFO - Setting next_dagrun for example_weekday_branch_operator to 2024-03-10 00:00:00+00:00, run_after=2024-03-11 00:00:00+00:00
[2024-03-11T16:25:34.605+0000] {processor.py:183} INFO - Processing /usr/local/lib/python3.8/dist-packages/airflow/example_dags/example_branch_day_of_week_operator.py took 0.089 seconds
[2024-03-11T16:28:06.858+0000] {processor.py:161} INFO - Started process (PID=1641) to work on /usr/local/lib/python3.8/dist-packages/airflow/example_dags/example_branch_day_of_week_operator.py
[2024-03-11T16:28:06.862+0000] {processor.py:830} INFO - Processing file /usr/local/lib/python3.8/dist-packages/airflow/example_dags/example_branch_day_of_week_operator.py for tasks to queue
[2024-03-11T16:28:06.863+0000] {logging_mixin.py:188} INFO - [2024-03-11T16:28:06.863+0000] {dagbag.py:540} INFO - Filling up the DagBag from /usr/local/lib/python3.8/dist-packages/airflow/example_dags/example_branch_day_of_week_operator.py
[2024-03-11T16:28:06.873+0000] {processor.py:840} INFO - DAG(s) 'example_weekday_branch_operator' retrieved from /usr/local/lib/python3.8/dist-packages/airflow/example_dags/example_branch_day_of_week_operator.py
[2024-03-11T16:28:06.894+0000] {logging_mixin.py:188} INFO - [2024-03-11T16:28:06.894+0000] {dag.py:3047} INFO - Sync 1 DAGs
[2024-03-11T16:28:06.919+0000] {logging_mixin.py:188} INFO - [2024-03-11T16:28:06.919+0000] {dag.py:3834} INFO - Setting next_dagrun for example_weekday_branch_operator to 2024-03-10 00:00:00+00:00, run_after=2024-03-11 00:00:00+00:00
[2024-03-11T16:28:06.950+0000] {processor.py:183} INFO - Processing /usr/local/lib/python3.8/dist-packages/airflow/example_dags/example_branch_day_of_week_operator.py took 0.095 seconds
[2024-03-11T16:29:03.694+0000] {processor.py:161} INFO - Started process (PID=1702) to work on /usr/local/lib/python3.8/dist-packages/airflow/example_dags/example_branch_day_of_week_operator.py
[2024-03-11T16:29:03.697+0000] {processor.py:830} INFO - Processing file /usr/local/lib/python3.8/dist-packages/airflow/example_dags/example_branch_day_of_week_operator.py for tasks to queue
[2024-03-11T16:29:03.698+0000] {logging_mixin.py:188} INFO - [2024-03-11T16:29:03.698+0000] {dagbag.py:540} INFO - Filling up the DagBag from /usr/local/lib/python3.8/dist-packages/airflow/example_dags/example_branch_day_of_week_operator.py
[2024-03-11T16:29:03.708+0000] {processor.py:840} INFO - DAG(s) 'example_weekday_branch_operator' retrieved from /usr/local/lib/python3.8/dist-packages/airflow/example_dags/example_branch_day_of_week_operator.py
[2024-03-11T16:29:03.728+0000] {logging_mixin.py:188} INFO - [2024-03-11T16:29:03.728+0000] {dag.py:3047} INFO - Sync 1 DAGs
[2024-03-11T16:29:03.753+0000] {logging_mixin.py:188} INFO - [2024-03-11T16:29:03.753+0000] {dag.py:3834} INFO - Setting next_dagrun for example_weekday_branch_operator to 2024-03-10 00:00:00+00:00, run_after=2024-03-11 00:00:00+00:00
[2024-03-11T16:29:03.783+0000] {processor.py:183} INFO - Processing /usr/local/lib/python3.8/dist-packages/airflow/example_dags/example_branch_day_of_week_operator.py took 0.093 seconds
[2024-03-11T16:30:04.706+0000] {processor.py:161} INFO - Started process (PID=1768) to work on /usr/local/lib/python3.8/dist-packages/airflow/example_dags/example_branch_day_of_week_operator.py
[2024-03-11T16:30:04.708+0000] {processor.py:830} INFO - Processing file /usr/local/lib/python3.8/dist-packages/airflow/example_dags/example_branch_day_of_week_operator.py for tasks to queue
[2024-03-11T16:30:04.709+0000] {logging_mixin.py:188} INFO - [2024-03-11T16:30:04.709+0000] {dagbag.py:540} INFO - Filling up the DagBag from /usr/local/lib/python3.8/dist-packages/airflow/example_dags/example_branch_day_of_week_operator.py
[2024-03-11T16:30:04.719+0000] {processor.py:840} INFO - DAG(s) 'example_weekday_branch_operator' retrieved from /usr/local/lib/python3.8/dist-packages/airflow/example_dags/example_branch_day_of_week_operator.py
[2024-03-11T16:30:04.744+0000] {logging_mixin.py:188} INFO - [2024-03-11T16:30:04.744+0000] {dag.py:3047} INFO - Sync 1 DAGs
[2024-03-11T16:30:04.769+0000] {logging_mixin.py:188} INFO - [2024-03-11T16:30:04.768+0000] {dag.py:3834} INFO - Setting next_dagrun for example_weekday_branch_operator to 2024-03-10 00:00:00+00:00, run_after=2024-03-11 00:00:00+00:00
[2024-03-11T16:30:04.803+0000] {processor.py:183} INFO - Processing /usr/local/lib/python3.8/dist-packages/airflow/example_dags/example_branch_day_of_week_operator.py took 0.101 seconds
[2024-03-11T16:30:56.400+0000] {processor.py:161} INFO - Started process (PID=1826) to work on /usr/local/lib/python3.8/dist-packages/airflow/example_dags/example_branch_day_of_week_operator.py
[2024-03-11T16:30:56.405+0000] {processor.py:830} INFO - Processing file /usr/local/lib/python3.8/dist-packages/airflow/example_dags/example_branch_day_of_week_operator.py for tasks to queue
[2024-03-11T16:30:56.406+0000] {logging_mixin.py:188} INFO - [2024-03-11T16:30:56.405+0000] {dagbag.py:540} INFO - Filling up the DagBag from /usr/local/lib/python3.8/dist-packages/airflow/example_dags/example_branch_day_of_week_operator.py
[2024-03-11T16:30:56.416+0000] {processor.py:840} INFO - DAG(s) 'example_weekday_branch_operator' retrieved from /usr/local/lib/python3.8/dist-packages/airflow/example_dags/example_branch_day_of_week_operator.py
[2024-03-11T16:30:56.437+0000] {logging_mixin.py:188} INFO - [2024-03-11T16:30:56.437+0000] {dag.py:3047} INFO - Sync 1 DAGs
[2024-03-11T16:30:56.461+0000] {logging_mixin.py:188} INFO - [2024-03-11T16:30:56.461+0000] {dag.py:3834} INFO - Setting next_dagrun for example_weekday_branch_operator to 2024-03-10 00:00:00+00:00, run_after=2024-03-11 00:00:00+00:00
[2024-03-11T16:30:56.491+0000] {processor.py:183} INFO - Processing /usr/local/lib/python3.8/dist-packages/airflow/example_dags/example_branch_day_of_week_operator.py took 0.094 seconds
[2024-03-11T16:33:40.387+0000] {processor.py:161} INFO - Started process (PID=1922) to work on /usr/local/lib/python3.8/dist-packages/airflow/example_dags/example_branch_day_of_week_operator.py
[2024-03-11T16:33:40.389+0000] {processor.py:830} INFO - Processing file /usr/local/lib/python3.8/dist-packages/airflow/example_dags/example_branch_day_of_week_operator.py for tasks to queue
[2024-03-11T16:33:40.390+0000] {logging_mixin.py:188} INFO - [2024-03-11T16:33:40.390+0000] {dagbag.py:540} INFO - Filling up the DagBag from /usr/local/lib/python3.8/dist-packages/airflow/example_dags/example_branch_day_of_week_operator.py
[2024-03-11T16:33:40.400+0000] {processor.py:840} INFO - DAG(s) 'example_weekday_branch_operator' retrieved from /usr/local/lib/python3.8/dist-packages/airflow/example_dags/example_branch_day_of_week_operator.py
[2024-03-11T16:33:40.420+0000] {logging_mixin.py:188} INFO - [2024-03-11T16:33:40.420+0000] {dag.py:3047} INFO - Sync 1 DAGs
[2024-03-11T16:33:40.446+0000] {logging_mixin.py:188} INFO - [2024-03-11T16:33:40.446+0000] {dag.py:3834} INFO - Setting next_dagrun for example_weekday_branch_operator to 2024-03-10 00:00:00+00:00, run_after=2024-03-11 00:00:00+00:00
[2024-03-11T16:33:40.476+0000] {processor.py:183} INFO - Processing /usr/local/lib/python3.8/dist-packages/airflow/example_dags/example_branch_day_of_week_operator.py took 0.093 seconds
[2024-03-11T16:36:28.468+0000] {processor.py:161} INFO - Started process (PID=2015) to work on /usr/local/lib/python3.8/dist-packages/airflow/example_dags/example_branch_day_of_week_operator.py
[2024-03-11T16:36:28.470+0000] {processor.py:830} INFO - Processing file /usr/local/lib/python3.8/dist-packages/airflow/example_dags/example_branch_day_of_week_operator.py for tasks to queue
[2024-03-11T16:36:28.471+0000] {logging_mixin.py:188} INFO - [2024-03-11T16:36:28.471+0000] {dagbag.py:540} INFO - Filling up the DagBag from /usr/local/lib/python3.8/dist-packages/airflow/example_dags/example_branch_day_of_week_operator.py
[2024-03-11T16:36:28.484+0000] {processor.py:840} INFO - DAG(s) 'example_weekday_branch_operator' retrieved from /usr/local/lib/python3.8/dist-packages/airflow/example_dags/example_branch_day_of_week_operator.py
[2024-03-11T16:36:28.505+0000] {logging_mixin.py:188} INFO - [2024-03-11T16:36:28.505+0000] {dag.py:3047} INFO - Sync 1 DAGs
[2024-03-11T16:36:28.530+0000] {logging_mixin.py:188} INFO - [2024-03-11T16:36:28.530+0000] {dag.py:3834} INFO - Setting next_dagrun for example_weekday_branch_operator to 2024-03-10 00:00:00+00:00, run_after=2024-03-11 00:00:00+00:00
[2024-03-11T16:36:28.560+0000] {processor.py:183} INFO - Processing /usr/local/lib/python3.8/dist-packages/airflow/example_dags/example_branch_day_of_week_operator.py took 0.102 seconds
[2024-03-11T16:41:34.158+0000] {processor.py:161} INFO - Started process (PID=462) to work on /usr/local/lib/python3.8/dist-packages/airflow/example_dags/example_branch_day_of_week_operator.py
[2024-03-11T16:41:34.160+0000] {processor.py:830} INFO - Processing file /usr/local/lib/python3.8/dist-packages/airflow/example_dags/example_branch_day_of_week_operator.py for tasks to queue
[2024-03-11T16:41:34.161+0000] {logging_mixin.py:188} INFO - [2024-03-11T16:41:34.160+0000] {dagbag.py:540} INFO - Filling up the DagBag from /usr/local/lib/python3.8/dist-packages/airflow/example_dags/example_branch_day_of_week_operator.py
[2024-03-11T16:41:34.169+0000] {processor.py:840} INFO - DAG(s) 'example_weekday_branch_operator' retrieved from /usr/local/lib/python3.8/dist-packages/airflow/example_dags/example_branch_day_of_week_operator.py
[2024-03-11T16:41:34.278+0000] {logging_mixin.py:188} INFO - [2024-03-11T16:41:34.277+0000] {dag.py:3047} INFO - Sync 1 DAGs
[2024-03-11T16:41:34.292+0000] {logging_mixin.py:188} INFO - [2024-03-11T16:41:34.292+0000] {dag.py:3834} INFO - Setting next_dagrun for example_weekday_branch_operator to 2024-03-10 00:00:00+00:00, run_after=2024-03-11 00:00:00+00:00
[2024-03-11T16:41:34.317+0000] {processor.py:183} INFO - Processing /usr/local/lib/python3.8/dist-packages/airflow/example_dags/example_branch_day_of_week_operator.py took 0.163 seconds
[2024-03-11T16:48:17.531+0000] {processor.py:161} INFO - Started process (PID=835) to work on /usr/local/lib/python3.8/dist-packages/airflow/example_dags/example_branch_day_of_week_operator.py
[2024-03-11T16:48:17.533+0000] {processor.py:830} INFO - Processing file /usr/local/lib/python3.8/dist-packages/airflow/example_dags/example_branch_day_of_week_operator.py for tasks to queue
[2024-03-11T16:48:17.534+0000] {logging_mixin.py:188} INFO - [2024-03-11T16:48:17.533+0000] {dagbag.py:540} INFO - Filling up the DagBag from /usr/local/lib/python3.8/dist-packages/airflow/example_dags/example_branch_day_of_week_operator.py
[2024-03-11T16:48:17.543+0000] {processor.py:840} INFO - DAG(s) 'example_weekday_branch_operator' retrieved from /usr/local/lib/python3.8/dist-packages/airflow/example_dags/example_branch_day_of_week_operator.py
[2024-03-11T16:48:17.560+0000] {logging_mixin.py:188} INFO - [2024-03-11T16:48:17.560+0000] {dag.py:3047} INFO - Sync 1 DAGs
[2024-03-11T16:48:17.581+0000] {logging_mixin.py:188} INFO - [2024-03-11T16:48:17.581+0000] {dag.py:3834} INFO - Setting next_dagrun for example_weekday_branch_operator to 2024-03-10 00:00:00+00:00, run_after=2024-03-11 00:00:00+00:00
[2024-03-11T16:48:17.605+0000] {processor.py:183} INFO - Processing /usr/local/lib/python3.8/dist-packages/airflow/example_dags/example_branch_day_of_week_operator.py took 0.078 seconds
[2024-03-11T16:49:11.223+0000] {processor.py:161} INFO - Started process (PID=946) to work on /usr/local/lib/python3.8/dist-packages/airflow/example_dags/example_branch_day_of_week_operator.py
[2024-03-11T16:49:11.225+0000] {processor.py:830} INFO - Processing file /usr/local/lib/python3.8/dist-packages/airflow/example_dags/example_branch_day_of_week_operator.py for tasks to queue
[2024-03-11T16:49:11.226+0000] {logging_mixin.py:188} INFO - [2024-03-11T16:49:11.225+0000] {dagbag.py:540} INFO - Filling up the DagBag from /usr/local/lib/python3.8/dist-packages/airflow/example_dags/example_branch_day_of_week_operator.py
[2024-03-11T16:49:11.234+0000] {processor.py:840} INFO - DAG(s) 'example_weekday_branch_operator' retrieved from /usr/local/lib/python3.8/dist-packages/airflow/example_dags/example_branch_day_of_week_operator.py
[2024-03-11T16:49:11.252+0000] {logging_mixin.py:188} INFO - [2024-03-11T16:49:11.252+0000] {dag.py:3047} INFO - Sync 1 DAGs
[2024-03-11T16:49:11.271+0000] {logging_mixin.py:188} INFO - [2024-03-11T16:49:11.271+0000] {dag.py:3834} INFO - Setting next_dagrun for example_weekday_branch_operator to 2024-03-10 00:00:00+00:00, run_after=2024-03-11 00:00:00+00:00
[2024-03-11T16:49:11.296+0000] {processor.py:183} INFO - Processing /usr/local/lib/python3.8/dist-packages/airflow/example_dags/example_branch_day_of_week_operator.py took 0.077 seconds
[2024-03-11T16:50:05.027+0000] {processor.py:161} INFO - Started process (PID=1035) to work on /usr/local/lib/python3.8/dist-packages/airflow/example_dags/example_branch_day_of_week_operator.py
[2024-03-11T16:50:05.029+0000] {processor.py:830} INFO - Processing file /usr/local/lib/python3.8/dist-packages/airflow/example_dags/example_branch_day_of_week_operator.py for tasks to queue
[2024-03-11T16:50:05.030+0000] {logging_mixin.py:188} INFO - [2024-03-11T16:50:05.030+0000] {dagbag.py:540} INFO - Filling up the DagBag from /usr/local/lib/python3.8/dist-packages/airflow/example_dags/example_branch_day_of_week_operator.py
[2024-03-11T16:50:05.039+0000] {processor.py:840} INFO - DAG(s) 'example_weekday_branch_operator' retrieved from /usr/local/lib/python3.8/dist-packages/airflow/example_dags/example_branch_day_of_week_operator.py
[2024-03-11T16:50:05.057+0000] {logging_mixin.py:188} INFO - [2024-03-11T16:50:05.056+0000] {dag.py:3047} INFO - Sync 1 DAGs
[2024-03-11T16:50:05.088+0000] {logging_mixin.py:188} INFO - [2024-03-11T16:50:05.088+0000] {dag.py:3834} INFO - Setting next_dagrun for example_weekday_branch_operator to 2024-03-10 00:00:00+00:00, run_after=2024-03-11 00:00:00+00:00
[2024-03-11T16:50:05.121+0000] {processor.py:183} INFO - Processing /usr/local/lib/python3.8/dist-packages/airflow/example_dags/example_branch_day_of_week_operator.py took 0.097 seconds
[2024-03-11T16:51:01.611+0000] {processor.py:161} INFO - Started process (PID=1105) to work on /usr/local/lib/python3.8/dist-packages/airflow/example_dags/example_branch_day_of_week_operator.py
[2024-03-11T16:51:01.613+0000] {processor.py:830} INFO - Processing file /usr/local/lib/python3.8/dist-packages/airflow/example_dags/example_branch_day_of_week_operator.py for tasks to queue
[2024-03-11T16:51:01.614+0000] {logging_mixin.py:188} INFO - [2024-03-11T16:51:01.614+0000] {dagbag.py:540} INFO - Filling up the DagBag from /usr/local/lib/python3.8/dist-packages/airflow/example_dags/example_branch_day_of_week_operator.py
[2024-03-11T16:51:01.623+0000] {processor.py:840} INFO - DAG(s) 'example_weekday_branch_operator' retrieved from /usr/local/lib/python3.8/dist-packages/airflow/example_dags/example_branch_day_of_week_operator.py
[2024-03-11T16:51:01.641+0000] {logging_mixin.py:188} INFO - [2024-03-11T16:51:01.640+0000] {dag.py:3047} INFO - Sync 1 DAGs
[2024-03-11T16:51:01.664+0000] {logging_mixin.py:188} INFO - [2024-03-11T16:51:01.663+0000] {dag.py:3834} INFO - Setting next_dagrun for example_weekday_branch_operator to 2024-03-10 00:00:00+00:00, run_after=2024-03-11 00:00:00+00:00
[2024-03-11T16:51:01.692+0000] {processor.py:183} INFO - Processing /usr/local/lib/python3.8/dist-packages/airflow/example_dags/example_branch_day_of_week_operator.py took 0.085 seconds
[2024-03-11T16:52:19.334+0000] {processor.py:161} INFO - Started process (PID=1208) to work on /usr/local/lib/python3.8/dist-packages/airflow/example_dags/example_branch_day_of_week_operator.py
[2024-03-11T16:52:19.336+0000] {processor.py:830} INFO - Processing file /usr/local/lib/python3.8/dist-packages/airflow/example_dags/example_branch_day_of_week_operator.py for tasks to queue
[2024-03-11T16:52:19.337+0000] {logging_mixin.py:188} INFO - [2024-03-11T16:52:19.337+0000] {dagbag.py:540} INFO - Filling up the DagBag from /usr/local/lib/python3.8/dist-packages/airflow/example_dags/example_branch_day_of_week_operator.py
[2024-03-11T16:52:19.346+0000] {processor.py:840} INFO - DAG(s) 'example_weekday_branch_operator' retrieved from /usr/local/lib/python3.8/dist-packages/airflow/example_dags/example_branch_day_of_week_operator.py
[2024-03-11T16:52:19.364+0000] {logging_mixin.py:188} INFO - [2024-03-11T16:52:19.364+0000] {dag.py:3047} INFO - Sync 1 DAGs
[2024-03-11T16:52:19.386+0000] {logging_mixin.py:188} INFO - [2024-03-11T16:52:19.386+0000] {dag.py:3834} INFO - Setting next_dagrun for example_weekday_branch_operator to 2024-03-10 00:00:00+00:00, run_after=2024-03-11 00:00:00+00:00
[2024-03-11T16:52:19.411+0000] {processor.py:183} INFO - Processing /usr/local/lib/python3.8/dist-packages/airflow/example_dags/example_branch_day_of_week_operator.py took 0.080 seconds
[2024-03-11T16:53:12.627+0000] {processor.py:161} INFO - Started process (PID=1273) to work on /usr/local/lib/python3.8/dist-packages/airflow/example_dags/example_branch_day_of_week_operator.py
[2024-03-11T16:53:12.629+0000] {processor.py:830} INFO - Processing file /usr/local/lib/python3.8/dist-packages/airflow/example_dags/example_branch_day_of_week_operator.py for tasks to queue
[2024-03-11T16:53:12.630+0000] {logging_mixin.py:188} INFO - [2024-03-11T16:53:12.629+0000] {dagbag.py:540} INFO - Filling up the DagBag from /usr/local/lib/python3.8/dist-packages/airflow/example_dags/example_branch_day_of_week_operator.py
[2024-03-11T16:53:12.639+0000] {processor.py:840} INFO - DAG(s) 'example_weekday_branch_operator' retrieved from /usr/local/lib/python3.8/dist-packages/airflow/example_dags/example_branch_day_of_week_operator.py
[2024-03-11T16:53:12.657+0000] {logging_mixin.py:188} INFO - [2024-03-11T16:53:12.656+0000] {dag.py:3047} INFO - Sync 1 DAGs
[2024-03-11T16:53:12.680+0000] {logging_mixin.py:188} INFO - [2024-03-11T16:53:12.680+0000] {dag.py:3834} INFO - Setting next_dagrun for example_weekday_branch_operator to 2024-03-10 00:00:00+00:00, run_after=2024-03-11 00:00:00+00:00
[2024-03-11T16:53:12.710+0000] {processor.py:183} INFO - Processing /usr/local/lib/python3.8/dist-packages/airflow/example_dags/example_branch_day_of_week_operator.py took 0.086 seconds
[2024-03-11T16:54:09.807+0000] {processor.py:161} INFO - Started process (PID=1351) to work on /usr/local/lib/python3.8/dist-packages/airflow/example_dags/example_branch_day_of_week_operator.py
[2024-03-11T16:54:09.809+0000] {processor.py:830} INFO - Processing file /usr/local/lib/python3.8/dist-packages/airflow/example_dags/example_branch_day_of_week_operator.py for tasks to queue
[2024-03-11T16:54:09.810+0000] {logging_mixin.py:188} INFO - [2024-03-11T16:54:09.809+0000] {dagbag.py:540} INFO - Filling up the DagBag from /usr/local/lib/python3.8/dist-packages/airflow/example_dags/example_branch_day_of_week_operator.py
[2024-03-11T16:54:09.818+0000] {processor.py:840} INFO - DAG(s) 'example_weekday_branch_operator' retrieved from /usr/local/lib/python3.8/dist-packages/airflow/example_dags/example_branch_day_of_week_operator.py
[2024-03-11T16:54:09.836+0000] {logging_mixin.py:188} INFO - [2024-03-11T16:54:09.836+0000] {dag.py:3047} INFO - Sync 1 DAGs
[2024-03-11T16:54:09.859+0000] {logging_mixin.py:188} INFO - [2024-03-11T16:54:09.859+0000] {dag.py:3834} INFO - Setting next_dagrun for example_weekday_branch_operator to 2024-03-10 00:00:00+00:00, run_after=2024-03-11 00:00:00+00:00
[2024-03-11T16:54:09.896+0000] {processor.py:183} INFO - Processing /usr/local/lib/python3.8/dist-packages/airflow/example_dags/example_branch_day_of_week_operator.py took 0.092 seconds
[2024-03-11T16:55:03.545+0000] {processor.py:161} INFO - Started process (PID=1421) to work on /usr/local/lib/python3.8/dist-packages/airflow/example_dags/example_branch_day_of_week_operator.py
[2024-03-11T16:55:03.547+0000] {processor.py:830} INFO - Processing file /usr/local/lib/python3.8/dist-packages/airflow/example_dags/example_branch_day_of_week_operator.py for tasks to queue
[2024-03-11T16:55:03.548+0000] {logging_mixin.py:188} INFO - [2024-03-11T16:55:03.548+0000] {dagbag.py:540} INFO - Filling up the DagBag from /usr/local/lib/python3.8/dist-packages/airflow/example_dags/example_branch_day_of_week_operator.py
[2024-03-11T16:55:03.557+0000] {processor.py:840} INFO - DAG(s) 'example_weekday_branch_operator' retrieved from /usr/local/lib/python3.8/dist-packages/airflow/example_dags/example_branch_day_of_week_operator.py
[2024-03-11T16:55:03.575+0000] {logging_mixin.py:188} INFO - [2024-03-11T16:55:03.574+0000] {dag.py:3047} INFO - Sync 1 DAGs
[2024-03-11T16:55:03.597+0000] {logging_mixin.py:188} INFO - [2024-03-11T16:55:03.597+0000] {dag.py:3834} INFO - Setting next_dagrun for example_weekday_branch_operator to 2024-03-10 00:00:00+00:00, run_after=2024-03-11 00:00:00+00:00
[2024-03-11T16:55:03.629+0000] {processor.py:183} INFO - Processing /usr/local/lib/python3.8/dist-packages/airflow/example_dags/example_branch_day_of_week_operator.py took 0.086 seconds
[2024-03-11T16:55:56.694+0000] {processor.py:161} INFO - Started process (PID=1486) to work on /usr/local/lib/python3.8/dist-packages/airflow/example_dags/example_branch_day_of_week_operator.py
[2024-03-11T16:55:56.696+0000] {processor.py:830} INFO - Processing file /usr/local/lib/python3.8/dist-packages/airflow/example_dags/example_branch_day_of_week_operator.py for tasks to queue
[2024-03-11T16:55:56.697+0000] {logging_mixin.py:188} INFO - [2024-03-11T16:55:56.697+0000] {dagbag.py:540} INFO - Filling up the DagBag from /usr/local/lib/python3.8/dist-packages/airflow/example_dags/example_branch_day_of_week_operator.py
[2024-03-11T16:55:56.706+0000] {processor.py:840} INFO - DAG(s) 'example_weekday_branch_operator' retrieved from /usr/local/lib/python3.8/dist-packages/airflow/example_dags/example_branch_day_of_week_operator.py
[2024-03-11T16:55:56.724+0000] {logging_mixin.py:188} INFO - [2024-03-11T16:55:56.724+0000] {dag.py:3047} INFO - Sync 1 DAGs
[2024-03-11T16:55:56.742+0000] {logging_mixin.py:188} INFO - [2024-03-11T16:55:56.742+0000] {dag.py:3834} INFO - Setting next_dagrun for example_weekday_branch_operator to 2024-03-10 00:00:00+00:00, run_after=2024-03-11 00:00:00+00:00
[2024-03-11T16:55:56.770+0000] {processor.py:183} INFO - Processing /usr/local/lib/python3.8/dist-packages/airflow/example_dags/example_branch_day_of_week_operator.py took 0.079 seconds
[2024-03-11T16:56:49.646+0000] {processor.py:161} INFO - Started process (PID=1581) to work on /usr/local/lib/python3.8/dist-packages/airflow/example_dags/example_branch_day_of_week_operator.py
[2024-03-11T16:56:49.648+0000] {processor.py:830} INFO - Processing file /usr/local/lib/python3.8/dist-packages/airflow/example_dags/example_branch_day_of_week_operator.py for tasks to queue
[2024-03-11T16:56:49.649+0000] {logging_mixin.py:188} INFO - [2024-03-11T16:56:49.648+0000] {dagbag.py:540} INFO - Filling up the DagBag from /usr/local/lib/python3.8/dist-packages/airflow/example_dags/example_branch_day_of_week_operator.py
[2024-03-11T16:56:49.657+0000] {processor.py:840} INFO - DAG(s) 'example_weekday_branch_operator' retrieved from /usr/local/lib/python3.8/dist-packages/airflow/example_dags/example_branch_day_of_week_operator.py
[2024-03-11T16:56:49.675+0000] {logging_mixin.py:188} INFO - [2024-03-11T16:56:49.675+0000] {dag.py:3047} INFO - Sync 1 DAGs
[2024-03-11T16:56:49.698+0000] {logging_mixin.py:188} INFO - [2024-03-11T16:56:49.698+0000] {dag.py:3834} INFO - Setting next_dagrun for example_weekday_branch_operator to 2024-03-10 00:00:00+00:00, run_after=2024-03-11 00:00:00+00:00
[2024-03-11T16:56:49.727+0000] {processor.py:183} INFO - Processing /usr/local/lib/python3.8/dist-packages/airflow/example_dags/example_branch_day_of_week_operator.py took 0.085 seconds
[2024-03-11T16:57:44.022+0000] {processor.py:161} INFO - Started process (PID=1700) to work on /usr/local/lib/python3.8/dist-packages/airflow/example_dags/example_branch_day_of_week_operator.py
[2024-03-11T16:57:44.024+0000] {processor.py:830} INFO - Processing file /usr/local/lib/python3.8/dist-packages/airflow/example_dags/example_branch_day_of_week_operator.py for tasks to queue
[2024-03-11T16:57:44.025+0000] {logging_mixin.py:188} INFO - [2024-03-11T16:57:44.025+0000] {dagbag.py:540} INFO - Filling up the DagBag from /usr/local/lib/python3.8/dist-packages/airflow/example_dags/example_branch_day_of_week_operator.py
[2024-03-11T16:57:44.033+0000] {processor.py:840} INFO - DAG(s) 'example_weekday_branch_operator' retrieved from /usr/local/lib/python3.8/dist-packages/airflow/example_dags/example_branch_day_of_week_operator.py
[2024-03-11T16:57:44.049+0000] {logging_mixin.py:188} INFO - [2024-03-11T16:57:44.049+0000] {dag.py:3047} INFO - Sync 1 DAGs
[2024-03-11T16:57:44.067+0000] {logging_mixin.py:188} INFO - [2024-03-11T16:57:44.067+0000] {dag.py:3834} INFO - Setting next_dagrun for example_weekday_branch_operator to 2024-03-10 00:00:00+00:00, run_after=2024-03-11 00:00:00+00:00
[2024-03-11T16:57:44.110+0000] {processor.py:183} INFO - Processing /usr/local/lib/python3.8/dist-packages/airflow/example_dags/example_branch_day_of_week_operator.py took 0.091 seconds
[2024-03-11T17:08:59.111+0000] {processor.py:161} INFO - Started process (PID=2328) to work on /usr/local/lib/python3.8/dist-packages/airflow/example_dags/example_branch_day_of_week_operator.py
[2024-03-11T17:08:59.113+0000] {processor.py:830} INFO - Processing file /usr/local/lib/python3.8/dist-packages/airflow/example_dags/example_branch_day_of_week_operator.py for tasks to queue
[2024-03-11T17:08:59.114+0000] {logging_mixin.py:188} INFO - [2024-03-11T17:08:59.114+0000] {dagbag.py:540} INFO - Filling up the DagBag from /usr/local/lib/python3.8/dist-packages/airflow/example_dags/example_branch_day_of_week_operator.py
[2024-03-11T17:08:59.122+0000] {processor.py:840} INFO - DAG(s) 'example_weekday_branch_operator' retrieved from /usr/local/lib/python3.8/dist-packages/airflow/example_dags/example_branch_day_of_week_operator.py
[2024-03-11T17:08:59.232+0000] {logging_mixin.py:188} INFO - [2024-03-11T17:08:59.232+0000] {dag.py:3047} INFO - Sync 1 DAGs
[2024-03-11T17:08:59.247+0000] {logging_mixin.py:188} INFO - [2024-03-11T17:08:59.247+0000] {dag.py:3834} INFO - Setting next_dagrun for example_weekday_branch_operator to 2024-03-10 00:00:00+00:00, run_after=2024-03-11 00:00:00+00:00
[2024-03-11T17:08:59.270+0000] {processor.py:183} INFO - Processing /usr/local/lib/python3.8/dist-packages/airflow/example_dags/example_branch_day_of_week_operator.py took 0.163 seconds
[2024-03-11T17:09:55.766+0000] {processor.py:161} INFO - Started process (PID=2406) to work on /usr/local/lib/python3.8/dist-packages/airflow/example_dags/example_branch_day_of_week_operator.py
[2024-03-11T17:09:55.768+0000] {processor.py:830} INFO - Processing file /usr/local/lib/python3.8/dist-packages/airflow/example_dags/example_branch_day_of_week_operator.py for tasks to queue
[2024-03-11T17:09:55.769+0000] {logging_mixin.py:188} INFO - [2024-03-11T17:09:55.769+0000] {dagbag.py:540} INFO - Filling up the DagBag from /usr/local/lib/python3.8/dist-packages/airflow/example_dags/example_branch_day_of_week_operator.py
[2024-03-11T17:09:55.778+0000] {processor.py:840} INFO - DAG(s) 'example_weekday_branch_operator' retrieved from /usr/local/lib/python3.8/dist-packages/airflow/example_dags/example_branch_day_of_week_operator.py
[2024-03-11T17:09:55.795+0000] {logging_mixin.py:188} INFO - [2024-03-11T17:09:55.795+0000] {dag.py:3047} INFO - Sync 1 DAGs
[2024-03-11T17:09:55.819+0000] {logging_mixin.py:188} INFO - [2024-03-11T17:09:55.818+0000] {dag.py:3834} INFO - Setting next_dagrun for example_weekday_branch_operator to 2024-03-10 00:00:00+00:00, run_after=2024-03-11 00:00:00+00:00
[2024-03-11T17:09:55.852+0000] {processor.py:183} INFO - Processing /usr/local/lib/python3.8/dist-packages/airflow/example_dags/example_branch_day_of_week_operator.py took 0.089 seconds
[2024-03-11T17:10:54.214+0000] {processor.py:161} INFO - Started process (PID=2484) to work on /usr/local/lib/python3.8/dist-packages/airflow/example_dags/example_branch_day_of_week_operator.py
[2024-03-11T17:10:54.216+0000] {processor.py:830} INFO - Processing file /usr/local/lib/python3.8/dist-packages/airflow/example_dags/example_branch_day_of_week_operator.py for tasks to queue
[2024-03-11T17:10:54.217+0000] {logging_mixin.py:188} INFO - [2024-03-11T17:10:54.217+0000] {dagbag.py:540} INFO - Filling up the DagBag from /usr/local/lib/python3.8/dist-packages/airflow/example_dags/example_branch_day_of_week_operator.py
[2024-03-11T17:10:54.227+0000] {processor.py:840} INFO - DAG(s) 'example_weekday_branch_operator' retrieved from /usr/local/lib/python3.8/dist-packages/airflow/example_dags/example_branch_day_of_week_operator.py
[2024-03-11T17:10:54.249+0000] {logging_mixin.py:188} INFO - [2024-03-11T17:10:54.249+0000] {dag.py:3047} INFO - Sync 1 DAGs
[2024-03-11T17:10:54.278+0000] {logging_mixin.py:188} INFO - [2024-03-11T17:10:54.277+0000] {dag.py:3834} INFO - Setting next_dagrun for example_weekday_branch_operator to 2024-03-10 00:00:00+00:00, run_after=2024-03-11 00:00:00+00:00
[2024-03-11T17:10:54.308+0000] {processor.py:183} INFO - Processing /usr/local/lib/python3.8/dist-packages/airflow/example_dags/example_branch_day_of_week_operator.py took 0.097 seconds
[2024-03-11T17:12:17.674+0000] {processor.py:161} INFO - Started process (PID=2592) to work on /usr/local/lib/python3.8/dist-packages/airflow/example_dags/example_branch_day_of_week_operator.py
[2024-03-11T17:12:17.676+0000] {processor.py:830} INFO - Processing file /usr/local/lib/python3.8/dist-packages/airflow/example_dags/example_branch_day_of_week_operator.py for tasks to queue
[2024-03-11T17:12:17.677+0000] {logging_mixin.py:188} INFO - [2024-03-11T17:12:17.677+0000] {dagbag.py:540} INFO - Filling up the DagBag from /usr/local/lib/python3.8/dist-packages/airflow/example_dags/example_branch_day_of_week_operator.py
[2024-03-11T17:12:17.686+0000] {processor.py:840} INFO - DAG(s) 'example_weekday_branch_operator' retrieved from /usr/local/lib/python3.8/dist-packages/airflow/example_dags/example_branch_day_of_week_operator.py
[2024-03-11T17:12:17.794+0000] {logging_mixin.py:188} INFO - [2024-03-11T17:12:17.794+0000] {dag.py:3047} INFO - Sync 1 DAGs
[2024-03-11T17:12:17.809+0000] {logging_mixin.py:188} INFO - [2024-03-11T17:12:17.809+0000] {dag.py:3834} INFO - Setting next_dagrun for example_weekday_branch_operator to 2024-03-10 00:00:00+00:00, run_after=2024-03-11 00:00:00+00:00
[2024-03-11T17:12:17.832+0000] {processor.py:183} INFO - Processing /usr/local/lib/python3.8/dist-packages/airflow/example_dags/example_branch_day_of_week_operator.py took 0.161 seconds
[2024-03-11T17:13:13.659+0000] {processor.py:161} INFO - Started process (PID=2713) to work on /usr/local/lib/python3.8/dist-packages/airflow/example_dags/example_branch_day_of_week_operator.py
[2024-03-11T17:13:13.661+0000] {processor.py:830} INFO - Processing file /usr/local/lib/python3.8/dist-packages/airflow/example_dags/example_branch_day_of_week_operator.py for tasks to queue
[2024-03-11T17:13:13.662+0000] {logging_mixin.py:188} INFO - [2024-03-11T17:13:13.662+0000] {dagbag.py:540} INFO - Filling up the DagBag from /usr/local/lib/python3.8/dist-packages/airflow/example_dags/example_branch_day_of_week_operator.py
[2024-03-11T17:13:13.671+0000] {processor.py:840} INFO - DAG(s) 'example_weekday_branch_operator' retrieved from /usr/local/lib/python3.8/dist-packages/airflow/example_dags/example_branch_day_of_week_operator.py
[2024-03-11T17:13:13.691+0000] {logging_mixin.py:188} INFO - [2024-03-11T17:13:13.690+0000] {dag.py:3047} INFO - Sync 1 DAGs
[2024-03-11T17:13:13.714+0000] {logging_mixin.py:188} INFO - [2024-03-11T17:13:13.714+0000] {dag.py:3834} INFO - Setting next_dagrun for example_weekday_branch_operator to 2024-03-10 00:00:00+00:00, run_after=2024-03-11 00:00:00+00:00
[2024-03-11T17:13:13.746+0000] {processor.py:183} INFO - Processing /usr/local/lib/python3.8/dist-packages/airflow/example_dags/example_branch_day_of_week_operator.py took 0.090 seconds
[2024-03-11T17:14:10.200+0000] {processor.py:161} INFO - Started process (PID=2791) to work on /usr/local/lib/python3.8/dist-packages/airflow/example_dags/example_branch_day_of_week_operator.py
[2024-03-11T17:14:10.202+0000] {processor.py:830} INFO - Processing file /usr/local/lib/python3.8/dist-packages/airflow/example_dags/example_branch_day_of_week_operator.py for tasks to queue
[2024-03-11T17:14:10.203+0000] {logging_mixin.py:188} INFO - [2024-03-11T17:14:10.203+0000] {dagbag.py:540} INFO - Filling up the DagBag from /usr/local/lib/python3.8/dist-packages/airflow/example_dags/example_branch_day_of_week_operator.py
[2024-03-11T17:14:10.212+0000] {processor.py:840} INFO - DAG(s) 'example_weekday_branch_operator' retrieved from /usr/local/lib/python3.8/dist-packages/airflow/example_dags/example_branch_day_of_week_operator.py
[2024-03-11T17:14:10.231+0000] {logging_mixin.py:188} INFO - [2024-03-11T17:14:10.231+0000] {dag.py:3047} INFO - Sync 1 DAGs
[2024-03-11T17:14:10.255+0000] {logging_mixin.py:188} INFO - [2024-03-11T17:14:10.254+0000] {dag.py:3834} INFO - Setting next_dagrun for example_weekday_branch_operator to 2024-03-10 00:00:00+00:00, run_after=2024-03-11 00:00:00+00:00
[2024-03-11T17:14:10.799+0000] {processor.py:183} INFO - Processing /usr/local/lib/python3.8/dist-packages/airflow/example_dags/example_branch_day_of_week_operator.py took 0.602 seconds
[2024-03-11T17:15:28.187+0000] {processor.py:161} INFO - Started process (PID=2943) to work on /usr/local/lib/python3.8/dist-packages/airflow/example_dags/example_branch_day_of_week_operator.py
[2024-03-11T17:15:28.188+0000] {processor.py:830} INFO - Processing file /usr/local/lib/python3.8/dist-packages/airflow/example_dags/example_branch_day_of_week_operator.py for tasks to queue
[2024-03-11T17:15:28.189+0000] {logging_mixin.py:188} INFO - [2024-03-11T17:15:28.189+0000] {dagbag.py:540} INFO - Filling up the DagBag from /usr/local/lib/python3.8/dist-packages/airflow/example_dags/example_branch_day_of_week_operator.py
[2024-03-11T17:15:28.198+0000] {processor.py:840} INFO - DAG(s) 'example_weekday_branch_operator' retrieved from /usr/local/lib/python3.8/dist-packages/airflow/example_dags/example_branch_day_of_week_operator.py
[2024-03-11T17:15:28.216+0000] {logging_mixin.py:188} INFO - [2024-03-11T17:15:28.216+0000] {dag.py:3047} INFO - Sync 1 DAGs
[2024-03-11T17:15:28.239+0000] {logging_mixin.py:188} INFO - [2024-03-11T17:15:28.239+0000] {dag.py:3834} INFO - Setting next_dagrun for example_weekday_branch_operator to 2024-03-10 00:00:00+00:00, run_after=2024-03-11 00:00:00+00:00
[2024-03-11T17:15:28.268+0000] {processor.py:183} INFO - Processing /usr/local/lib/python3.8/dist-packages/airflow/example_dags/example_branch_day_of_week_operator.py took 0.085 seconds
[2024-03-11T17:16:23.826+0000] {processor.py:161} INFO - Started process (PID=3021) to work on /usr/local/lib/python3.8/dist-packages/airflow/example_dags/example_branch_day_of_week_operator.py
[2024-03-11T17:16:23.828+0000] {processor.py:830} INFO - Processing file /usr/local/lib/python3.8/dist-packages/airflow/example_dags/example_branch_day_of_week_operator.py for tasks to queue
[2024-03-11T17:16:23.830+0000] {logging_mixin.py:188} INFO - [2024-03-11T17:16:23.829+0000] {dagbag.py:540} INFO - Filling up the DagBag from /usr/local/lib/python3.8/dist-packages/airflow/example_dags/example_branch_day_of_week_operator.py
[2024-03-11T17:16:23.838+0000] {processor.py:840} INFO - DAG(s) 'example_weekday_branch_operator' retrieved from /usr/local/lib/python3.8/dist-packages/airflow/example_dags/example_branch_day_of_week_operator.py
[2024-03-11T17:16:23.856+0000] {logging_mixin.py:188} INFO - [2024-03-11T17:16:23.856+0000] {dag.py:3047} INFO - Sync 1 DAGs
[2024-03-11T17:16:23.879+0000] {logging_mixin.py:188} INFO - [2024-03-11T17:16:23.879+0000] {dag.py:3834} INFO - Setting next_dagrun for example_weekday_branch_operator to 2024-03-10 00:00:00+00:00, run_after=2024-03-11 00:00:00+00:00
[2024-03-11T17:16:23.911+0000] {processor.py:183} INFO - Processing /usr/local/lib/python3.8/dist-packages/airflow/example_dags/example_branch_day_of_week_operator.py took 0.088 seconds
[2024-03-11T17:17:41.422+0000] {processor.py:161} INFO - Started process (PID=3120) to work on /usr/local/lib/python3.8/dist-packages/airflow/example_dags/example_branch_day_of_week_operator.py
[2024-03-11T17:17:41.424+0000] {processor.py:830} INFO - Processing file /usr/local/lib/python3.8/dist-packages/airflow/example_dags/example_branch_day_of_week_operator.py for tasks to queue
[2024-03-11T17:17:41.425+0000] {logging_mixin.py:188} INFO - [2024-03-11T17:17:41.425+0000] {dagbag.py:540} INFO - Filling up the DagBag from /usr/local/lib/python3.8/dist-packages/airflow/example_dags/example_branch_day_of_week_operator.py
[2024-03-11T17:17:41.434+0000] {processor.py:840} INFO - DAG(s) 'example_weekday_branch_operator' retrieved from /usr/local/lib/python3.8/dist-packages/airflow/example_dags/example_branch_day_of_week_operator.py
[2024-03-11T17:17:41.452+0000] {logging_mixin.py:188} INFO - [2024-03-11T17:17:41.452+0000] {dag.py:3047} INFO - Sync 1 DAGs
[2024-03-11T17:17:41.475+0000] {logging_mixin.py:188} INFO - [2024-03-11T17:17:41.475+0000] {dag.py:3834} INFO - Setting next_dagrun for example_weekday_branch_operator to 2024-03-10 00:00:00+00:00, run_after=2024-03-11 00:00:00+00:00
[2024-03-11T17:17:41.505+0000] {processor.py:183} INFO - Processing /usr/local/lib/python3.8/dist-packages/airflow/example_dags/example_branch_day_of_week_operator.py took 0.086 seconds
[2024-03-11T17:18:37.715+0000] {processor.py:161} INFO - Started process (PID=3185) to work on /usr/local/lib/python3.8/dist-packages/airflow/example_dags/example_branch_day_of_week_operator.py
[2024-03-11T17:18:37.717+0000] {processor.py:830} INFO - Processing file /usr/local/lib/python3.8/dist-packages/airflow/example_dags/example_branch_day_of_week_operator.py for tasks to queue
[2024-03-11T17:18:37.718+0000] {logging_mixin.py:188} INFO - [2024-03-11T17:18:37.718+0000] {dagbag.py:540} INFO - Filling up the DagBag from /usr/local/lib/python3.8/dist-packages/airflow/example_dags/example_branch_day_of_week_operator.py
[2024-03-11T17:18:37.727+0000] {processor.py:840} INFO - DAG(s) 'example_weekday_branch_operator' retrieved from /usr/local/lib/python3.8/dist-packages/airflow/example_dags/example_branch_day_of_week_operator.py
[2024-03-11T17:18:37.745+0000] {logging_mixin.py:188} INFO - [2024-03-11T17:18:37.745+0000] {dag.py:3047} INFO - Sync 1 DAGs
[2024-03-11T17:18:37.768+0000] {logging_mixin.py:188} INFO - [2024-03-11T17:18:37.768+0000] {dag.py:3834} INFO - Setting next_dagrun for example_weekday_branch_operator to 2024-03-10 00:00:00+00:00, run_after=2024-03-11 00:00:00+00:00
[2024-03-11T17:18:37.798+0000] {processor.py:183} INFO - Processing /usr/local/lib/python3.8/dist-packages/airflow/example_dags/example_branch_day_of_week_operator.py took 0.086 seconds
[2024-03-11T17:19:32.835+0000] {processor.py:161} INFO - Started process (PID=3256) to work on /usr/local/lib/python3.8/dist-packages/airflow/example_dags/example_branch_day_of_week_operator.py
[2024-03-11T17:19:32.837+0000] {processor.py:830} INFO - Processing file /usr/local/lib/python3.8/dist-packages/airflow/example_dags/example_branch_day_of_week_operator.py for tasks to queue
[2024-03-11T17:19:32.838+0000] {logging_mixin.py:188} INFO - [2024-03-11T17:19:32.838+0000] {dagbag.py:540} INFO - Filling up the DagBag from /usr/local/lib/python3.8/dist-packages/airflow/example_dags/example_branch_day_of_week_operator.py
[2024-03-11T17:19:32.847+0000] {processor.py:840} INFO - DAG(s) 'example_weekday_branch_operator' retrieved from /usr/local/lib/python3.8/dist-packages/airflow/example_dags/example_branch_day_of_week_operator.py
[2024-03-11T17:19:32.865+0000] {logging_mixin.py:188} INFO - [2024-03-11T17:19:32.865+0000] {dag.py:3047} INFO - Sync 1 DAGs
[2024-03-11T17:19:32.888+0000] {logging_mixin.py:188} INFO - [2024-03-11T17:19:32.888+0000] {dag.py:3834} INFO - Setting next_dagrun for example_weekday_branch_operator to 2024-03-10 00:00:00+00:00, run_after=2024-03-11 00:00:00+00:00
[2024-03-11T17:19:32.914+0000] {processor.py:183} INFO - Processing /usr/local/lib/python3.8/dist-packages/airflow/example_dags/example_branch_day_of_week_operator.py took 0.082 seconds
[2024-03-11T17:20:25.966+0000] {processor.py:161} INFO - Started process (PID=3332) to work on /usr/local/lib/python3.8/dist-packages/airflow/example_dags/example_branch_day_of_week_operator.py
[2024-03-11T17:20:25.969+0000] {processor.py:830} INFO - Processing file /usr/local/lib/python3.8/dist-packages/airflow/example_dags/example_branch_day_of_week_operator.py for tasks to queue
[2024-03-11T17:20:25.969+0000] {logging_mixin.py:188} INFO - [2024-03-11T17:20:25.969+0000] {dagbag.py:540} INFO - Filling up the DagBag from /usr/local/lib/python3.8/dist-packages/airflow/example_dags/example_branch_day_of_week_operator.py
[2024-03-11T17:20:25.977+0000] {processor.py:840} INFO - DAG(s) 'example_weekday_branch_operator' retrieved from /usr/local/lib/python3.8/dist-packages/airflow/example_dags/example_branch_day_of_week_operator.py
[2024-03-11T17:20:25.996+0000] {logging_mixin.py:188} INFO - [2024-03-11T17:20:25.996+0000] {dag.py:3047} INFO - Sync 1 DAGs
[2024-03-11T17:20:26.020+0000] {logging_mixin.py:188} INFO - [2024-03-11T17:20:26.019+0000] {dag.py:3834} INFO - Setting next_dagrun for example_weekday_branch_operator to 2024-03-10 00:00:00+00:00, run_after=2024-03-11 00:00:00+00:00
[2024-03-11T17:20:26.051+0000] {processor.py:183} INFO - Processing /usr/local/lib/python3.8/dist-packages/airflow/example_dags/example_branch_day_of_week_operator.py took 0.088 seconds
[2024-03-11T17:21:19.270+0000] {processor.py:161} INFO - Started process (PID=3396) to work on /usr/local/lib/python3.8/dist-packages/airflow/example_dags/example_branch_day_of_week_operator.py
[2024-03-11T17:21:19.272+0000] {processor.py:830} INFO - Processing file /usr/local/lib/python3.8/dist-packages/airflow/example_dags/example_branch_day_of_week_operator.py for tasks to queue
[2024-03-11T17:21:19.273+0000] {logging_mixin.py:188} INFO - [2024-03-11T17:21:19.273+0000] {dagbag.py:540} INFO - Filling up the DagBag from /usr/local/lib/python3.8/dist-packages/airflow/example_dags/example_branch_day_of_week_operator.py
[2024-03-11T17:21:19.282+0000] {processor.py:840} INFO - DAG(s) 'example_weekday_branch_operator' retrieved from /usr/local/lib/python3.8/dist-packages/airflow/example_dags/example_branch_day_of_week_operator.py
[2024-03-11T17:21:19.299+0000] {logging_mixin.py:188} INFO - [2024-03-11T17:21:19.299+0000] {dag.py:3047} INFO - Sync 1 DAGs
[2024-03-11T17:21:19.317+0000] {logging_mixin.py:188} INFO - [2024-03-11T17:21:19.317+0000] {dag.py:3834} INFO - Setting next_dagrun for example_weekday_branch_operator to 2024-03-10 00:00:00+00:00, run_after=2024-03-11 00:00:00+00:00
[2024-03-11T17:21:19.343+0000] {processor.py:183} INFO - Processing /usr/local/lib/python3.8/dist-packages/airflow/example_dags/example_branch_day_of_week_operator.py took 0.076 seconds
