[2024-03-11T15:40:10.253+0000] {processor.py:161} INFO - Started process (PID=478) to work on /usr/local/lib/python3.8/dist-packages/airflow/example_dags/example_sensors.py
[2024-03-11T15:40:10.254+0000] {processor.py:830} INFO - Processing file /usr/local/lib/python3.8/dist-packages/airflow/example_dags/example_sensors.py for tasks to queue
[2024-03-11T15:40:10.255+0000] {logging_mixin.py:188} INFO - [2024-03-11T15:40:10.255+0000] {dagbag.py:540} INFO - Filling up the DagBag from /usr/local/lib/python3.8/dist-packages/airflow/example_dags/example_sensors.py
[2024-03-11T15:40:10.266+0000] {processor.py:840} INFO - DAG(s) 'example_sensors' retrieved from /usr/local/lib/python3.8/dist-packages/airflow/example_dags/example_sensors.py
[2024-03-11T15:40:10.509+0000] {logging_mixin.py:188} INFO - [2024-03-11T15:40:10.508+0000] {override.py:1769} INFO - Created Permission View: can delete on DAG:example_sensors
[2024-03-11T15:40:10.527+0000] {logging_mixin.py:188} INFO - [2024-03-11T15:40:10.527+0000] {override.py:1769} INFO - Created Permission View: can read on DAG:example_sensors
[2024-03-11T15:40:10.541+0000] {logging_mixin.py:188} INFO - [2024-03-11T15:40:10.541+0000] {override.py:1769} INFO - Created Permission View: can edit on DAG:example_sensors
[2024-03-11T15:40:10.541+0000] {logging_mixin.py:188} INFO - [2024-03-11T15:40:10.541+0000] {dag.py:3047} INFO - Sync 1 DAGs
[2024-03-11T15:40:10.552+0000] {logging_mixin.py:188} INFO - [2024-03-11T15:40:10.552+0000] {dag.py:3069} INFO - Creating ORM DAG for example_sensors
[2024-03-11T15:40:10.553+0000] {logging_mixin.py:188} INFO - [2024-03-11T15:40:10.553+0000] {dag.py:3834} INFO - Setting next_dagrun for example_sensors to None, run_after=None
[2024-03-11T15:40:10.585+0000] {processor.py:183} INFO - Processing /usr/local/lib/python3.8/dist-packages/airflow/example_dags/example_sensors.py took 0.335 seconds
[2024-03-11T15:41:06.589+0000] {processor.py:161} INFO - Started process (PID=567) to work on /usr/local/lib/python3.8/dist-packages/airflow/example_dags/example_sensors.py
[2024-03-11T15:41:06.591+0000] {processor.py:830} INFO - Processing file /usr/local/lib/python3.8/dist-packages/airflow/example_dags/example_sensors.py for tasks to queue
[2024-03-11T15:41:06.592+0000] {logging_mixin.py:188} INFO - [2024-03-11T15:41:06.591+0000] {dagbag.py:540} INFO - Filling up the DagBag from /usr/local/lib/python3.8/dist-packages/airflow/example_dags/example_sensors.py
[2024-03-11T15:41:06.603+0000] {processor.py:840} INFO - DAG(s) 'example_sensors' retrieved from /usr/local/lib/python3.8/dist-packages/airflow/example_dags/example_sensors.py
[2024-03-11T15:41:06.626+0000] {logging_mixin.py:188} INFO - [2024-03-11T15:41:06.625+0000] {dag.py:3047} INFO - Sync 1 DAGs
[2024-03-11T15:41:06.640+0000] {logging_mixin.py:188} INFO - [2024-03-11T15:41:06.639+0000] {dag.py:3834} INFO - Setting next_dagrun for example_sensors to None, run_after=None
[2024-03-11T15:41:06.669+0000] {processor.py:183} INFO - Processing /usr/local/lib/python3.8/dist-packages/airflow/example_dags/example_sensors.py took 0.083 seconds
[2024-03-11T15:41:53.367+0000] {processor.py:161} INFO - Started process (PID=612) to work on /usr/local/lib/python3.8/dist-packages/airflow/example_dags/example_sensors.py
[2024-03-11T15:41:53.369+0000] {processor.py:830} INFO - Processing file /usr/local/lib/python3.8/dist-packages/airflow/example_dags/example_sensors.py for tasks to queue
[2024-03-11T15:41:53.370+0000] {logging_mixin.py:188} INFO - [2024-03-11T15:41:53.370+0000] {dagbag.py:540} INFO - Filling up the DagBag from /usr/local/lib/python3.8/dist-packages/airflow/example_dags/example_sensors.py
[2024-03-11T15:41:53.381+0000] {processor.py:840} INFO - DAG(s) 'example_sensors' retrieved from /usr/local/lib/python3.8/dist-packages/airflow/example_dags/example_sensors.py
[2024-03-11T15:41:53.404+0000] {logging_mixin.py:188} INFO - [2024-03-11T15:41:53.404+0000] {dag.py:3047} INFO - Sync 1 DAGs
[2024-03-11T15:41:53.416+0000] {logging_mixin.py:188} INFO - [2024-03-11T15:41:53.416+0000] {dag.py:3834} INFO - Setting next_dagrun for example_sensors to None, run_after=None
[2024-03-11T15:41:53.447+0000] {processor.py:183} INFO - Processing /usr/local/lib/python3.8/dist-packages/airflow/example_dags/example_sensors.py took 0.083 seconds
[2024-03-11T15:42:42.045+0000] {processor.py:161} INFO - Started process (PID=660) to work on /usr/local/lib/python3.8/dist-packages/airflow/example_dags/example_sensors.py
[2024-03-11T15:42:42.047+0000] {processor.py:830} INFO - Processing file /usr/local/lib/python3.8/dist-packages/airflow/example_dags/example_sensors.py for tasks to queue
[2024-03-11T15:42:42.048+0000] {logging_mixin.py:188} INFO - [2024-03-11T15:42:42.048+0000] {dagbag.py:540} INFO - Filling up the DagBag from /usr/local/lib/python3.8/dist-packages/airflow/example_dags/example_sensors.py
[2024-03-11T15:42:42.059+0000] {processor.py:840} INFO - DAG(s) 'example_sensors' retrieved from /usr/local/lib/python3.8/dist-packages/airflow/example_dags/example_sensors.py
[2024-03-11T15:42:42.092+0000] {logging_mixin.py:188} INFO - [2024-03-11T15:42:42.092+0000] {dag.py:3047} INFO - Sync 1 DAGs
[2024-03-11T15:42:42.105+0000] {logging_mixin.py:188} INFO - [2024-03-11T15:42:42.105+0000] {dag.py:3834} INFO - Setting next_dagrun for example_sensors to None, run_after=None
[2024-03-11T15:42:42.135+0000] {processor.py:183} INFO - Processing /usr/local/lib/python3.8/dist-packages/airflow/example_dags/example_sensors.py took 0.093 seconds
[2024-03-11T15:43:22.970+0000] {processor.py:161} INFO - Started process (PID=698) to work on /usr/local/lib/python3.8/dist-packages/airflow/example_dags/example_sensors.py
[2024-03-11T15:43:22.975+0000] {processor.py:830} INFO - Processing file /usr/local/lib/python3.8/dist-packages/airflow/example_dags/example_sensors.py for tasks to queue
[2024-03-11T15:43:22.976+0000] {logging_mixin.py:188} INFO - [2024-03-11T15:43:22.975+0000] {dagbag.py:540} INFO - Filling up the DagBag from /usr/local/lib/python3.8/dist-packages/airflow/example_dags/example_sensors.py
[2024-03-11T15:43:22.987+0000] {processor.py:840} INFO - DAG(s) 'example_sensors' retrieved from /usr/local/lib/python3.8/dist-packages/airflow/example_dags/example_sensors.py
[2024-03-11T15:43:23.010+0000] {logging_mixin.py:188} INFO - [2024-03-11T15:43:23.010+0000] {dag.py:3047} INFO - Sync 1 DAGs
[2024-03-11T15:43:23.023+0000] {logging_mixin.py:188} INFO - [2024-03-11T15:43:23.022+0000] {dag.py:3834} INFO - Setting next_dagrun for example_sensors to None, run_after=None
[2024-03-11T15:43:23.054+0000] {processor.py:183} INFO - Processing /usr/local/lib/python3.8/dist-packages/airflow/example_dags/example_sensors.py took 0.087 seconds
[2024-03-11T15:44:02.230+0000] {processor.py:161} INFO - Started process (PID=738) to work on /usr/local/lib/python3.8/dist-packages/airflow/example_dags/example_sensors.py
[2024-03-11T15:44:02.232+0000] {processor.py:830} INFO - Processing file /usr/local/lib/python3.8/dist-packages/airflow/example_dags/example_sensors.py for tasks to queue
[2024-03-11T15:44:02.233+0000] {logging_mixin.py:188} INFO - [2024-03-11T15:44:02.233+0000] {dagbag.py:540} INFO - Filling up the DagBag from /usr/local/lib/python3.8/dist-packages/airflow/example_dags/example_sensors.py
[2024-03-11T15:44:02.244+0000] {processor.py:840} INFO - DAG(s) 'example_sensors' retrieved from /usr/local/lib/python3.8/dist-packages/airflow/example_dags/example_sensors.py
[2024-03-11T15:44:02.267+0000] {logging_mixin.py:188} INFO - [2024-03-11T15:44:02.267+0000] {dag.py:3047} INFO - Sync 1 DAGs
[2024-03-11T15:44:02.282+0000] {logging_mixin.py:188} INFO - [2024-03-11T15:44:02.282+0000] {dag.py:3834} INFO - Setting next_dagrun for example_sensors to None, run_after=None
[2024-03-11T15:44:02.311+0000] {processor.py:183} INFO - Processing /usr/local/lib/python3.8/dist-packages/airflow/example_dags/example_sensors.py took 0.085 seconds
[2024-03-11T15:44:57.679+0000] {processor.py:161} INFO - Started process (PID=793) to work on /usr/local/lib/python3.8/dist-packages/airflow/example_dags/example_sensors.py
[2024-03-11T15:44:57.682+0000] {processor.py:830} INFO - Processing file /usr/local/lib/python3.8/dist-packages/airflow/example_dags/example_sensors.py for tasks to queue
[2024-03-11T15:44:57.683+0000] {logging_mixin.py:188} INFO - [2024-03-11T15:44:57.683+0000] {dagbag.py:540} INFO - Filling up the DagBag from /usr/local/lib/python3.8/dist-packages/airflow/example_dags/example_sensors.py
[2024-03-11T15:44:57.693+0000] {processor.py:840} INFO - DAG(s) 'example_sensors' retrieved from /usr/local/lib/python3.8/dist-packages/airflow/example_dags/example_sensors.py
[2024-03-11T15:44:57.715+0000] {logging_mixin.py:188} INFO - [2024-03-11T15:44:57.715+0000] {dag.py:3047} INFO - Sync 1 DAGs
[2024-03-11T15:44:57.729+0000] {logging_mixin.py:188} INFO - [2024-03-11T15:44:57.729+0000] {dag.py:3834} INFO - Setting next_dagrun for example_sensors to None, run_after=None
[2024-03-11T15:44:57.758+0000] {processor.py:183} INFO - Processing /usr/local/lib/python3.8/dist-packages/airflow/example_dags/example_sensors.py took 0.082 seconds
[2024-03-11T15:45:54.814+0000] {processor.py:161} INFO - Started process (PID=848) to work on /usr/local/lib/python3.8/dist-packages/airflow/example_dags/example_sensors.py
[2024-03-11T15:45:54.816+0000] {processor.py:830} INFO - Processing file /usr/local/lib/python3.8/dist-packages/airflow/example_dags/example_sensors.py for tasks to queue
[2024-03-11T15:45:54.817+0000] {logging_mixin.py:188} INFO - [2024-03-11T15:45:54.817+0000] {dagbag.py:540} INFO - Filling up the DagBag from /usr/local/lib/python3.8/dist-packages/airflow/example_dags/example_sensors.py
[2024-03-11T15:45:54.828+0000] {processor.py:840} INFO - DAG(s) 'example_sensors' retrieved from /usr/local/lib/python3.8/dist-packages/airflow/example_dags/example_sensors.py
[2024-03-11T15:45:54.853+0000] {logging_mixin.py:188} INFO - [2024-03-11T15:45:54.853+0000] {dag.py:3047} INFO - Sync 1 DAGs
[2024-03-11T15:45:54.867+0000] {logging_mixin.py:188} INFO - [2024-03-11T15:45:54.866+0000] {dag.py:3834} INFO - Setting next_dagrun for example_sensors to None, run_after=None
[2024-03-11T15:45:54.896+0000] {processor.py:183} INFO - Processing /usr/local/lib/python3.8/dist-packages/airflow/example_dags/example_sensors.py took 0.085 seconds
[2024-03-11T15:46:40.311+0000] {processor.py:161} INFO - Started process (PID=889) to work on /usr/local/lib/python3.8/dist-packages/airflow/example_dags/example_sensors.py
[2024-03-11T15:46:40.313+0000] {processor.py:830} INFO - Processing file /usr/local/lib/python3.8/dist-packages/airflow/example_dags/example_sensors.py for tasks to queue
[2024-03-11T15:46:40.315+0000] {logging_mixin.py:188} INFO - [2024-03-11T15:46:40.314+0000] {dagbag.py:540} INFO - Filling up the DagBag from /usr/local/lib/python3.8/dist-packages/airflow/example_dags/example_sensors.py
[2024-03-11T15:46:40.325+0000] {processor.py:840} INFO - DAG(s) 'example_sensors' retrieved from /usr/local/lib/python3.8/dist-packages/airflow/example_dags/example_sensors.py
[2024-03-11T15:46:40.347+0000] {logging_mixin.py:188} INFO - [2024-03-11T15:46:40.347+0000] {dag.py:3047} INFO - Sync 1 DAGs
[2024-03-11T15:46:40.361+0000] {logging_mixin.py:188} INFO - [2024-03-11T15:46:40.361+0000] {dag.py:3834} INFO - Setting next_dagrun for example_sensors to None, run_after=None
[2024-03-11T15:46:40.390+0000] {processor.py:183} INFO - Processing /usr/local/lib/python3.8/dist-packages/airflow/example_dags/example_sensors.py took 0.083 seconds
[2024-03-11T15:47:19.763+0000] {processor.py:161} INFO - Started process (PID=929) to work on /usr/local/lib/python3.8/dist-packages/airflow/example_dags/example_sensors.py
[2024-03-11T15:47:19.765+0000] {processor.py:830} INFO - Processing file /usr/local/lib/python3.8/dist-packages/airflow/example_dags/example_sensors.py for tasks to queue
[2024-03-11T15:47:19.766+0000] {logging_mixin.py:188} INFO - [2024-03-11T15:47:19.765+0000] {dagbag.py:540} INFO - Filling up the DagBag from /usr/local/lib/python3.8/dist-packages/airflow/example_dags/example_sensors.py
[2024-03-11T15:47:19.776+0000] {processor.py:840} INFO - DAG(s) 'example_sensors' retrieved from /usr/local/lib/python3.8/dist-packages/airflow/example_dags/example_sensors.py
[2024-03-11T15:47:19.798+0000] {logging_mixin.py:188} INFO - [2024-03-11T15:47:19.798+0000] {dag.py:3047} INFO - Sync 1 DAGs
[2024-03-11T15:47:19.812+0000] {logging_mixin.py:188} INFO - [2024-03-11T15:47:19.812+0000] {dag.py:3834} INFO - Setting next_dagrun for example_sensors to None, run_after=None
[2024-03-11T15:47:19.841+0000] {processor.py:183} INFO - Processing /usr/local/lib/python3.8/dist-packages/airflow/example_dags/example_sensors.py took 0.082 seconds
[2024-03-11T15:47:58.765+0000] {processor.py:161} INFO - Started process (PID=967) to work on /usr/local/lib/python3.8/dist-packages/airflow/example_dags/example_sensors.py
[2024-03-11T15:47:58.768+0000] {processor.py:830} INFO - Processing file /usr/local/lib/python3.8/dist-packages/airflow/example_dags/example_sensors.py for tasks to queue
[2024-03-11T15:47:58.769+0000] {logging_mixin.py:188} INFO - [2024-03-11T15:47:58.768+0000] {dagbag.py:540} INFO - Filling up the DagBag from /usr/local/lib/python3.8/dist-packages/airflow/example_dags/example_sensors.py
[2024-03-11T15:47:58.780+0000] {processor.py:840} INFO - DAG(s) 'example_sensors' retrieved from /usr/local/lib/python3.8/dist-packages/airflow/example_dags/example_sensors.py
[2024-03-11T15:47:58.801+0000] {logging_mixin.py:188} INFO - [2024-03-11T15:47:58.801+0000] {dag.py:3047} INFO - Sync 1 DAGs
[2024-03-11T15:47:58.814+0000] {logging_mixin.py:188} INFO - [2024-03-11T15:47:58.814+0000] {dag.py:3834} INFO - Setting next_dagrun for example_sensors to None, run_after=None
[2024-03-11T15:47:58.845+0000] {processor.py:183} INFO - Processing /usr/local/lib/python3.8/dist-packages/airflow/example_dags/example_sensors.py took 0.083 seconds
[2024-03-11T15:48:38.603+0000] {processor.py:161} INFO - Started process (PID=1005) to work on /usr/local/lib/python3.8/dist-packages/airflow/example_dags/example_sensors.py
[2024-03-11T15:48:38.605+0000] {processor.py:830} INFO - Processing file /usr/local/lib/python3.8/dist-packages/airflow/example_dags/example_sensors.py for tasks to queue
[2024-03-11T15:48:38.607+0000] {logging_mixin.py:188} INFO - [2024-03-11T15:48:38.606+0000] {dagbag.py:540} INFO - Filling up the DagBag from /usr/local/lib/python3.8/dist-packages/airflow/example_dags/example_sensors.py
[2024-03-11T15:48:38.617+0000] {processor.py:840} INFO - DAG(s) 'example_sensors' retrieved from /usr/local/lib/python3.8/dist-packages/airflow/example_dags/example_sensors.py
[2024-03-11T15:48:38.639+0000] {logging_mixin.py:188} INFO - [2024-03-11T15:48:38.639+0000] {dag.py:3047} INFO - Sync 1 DAGs
[2024-03-11T15:48:38.652+0000] {logging_mixin.py:188} INFO - [2024-03-11T15:48:38.652+0000] {dag.py:3834} INFO - Setting next_dagrun for example_sensors to None, run_after=None
[2024-03-11T15:48:38.684+0000] {processor.py:183} INFO - Processing /usr/local/lib/python3.8/dist-packages/airflow/example_dags/example_sensors.py took 0.085 seconds
[2024-03-11T15:49:22.475+0000] {processor.py:161} INFO - Started process (PID=1046) to work on /usr/local/lib/python3.8/dist-packages/airflow/example_dags/example_sensors.py
[2024-03-11T15:49:22.479+0000] {processor.py:830} INFO - Processing file /usr/local/lib/python3.8/dist-packages/airflow/example_dags/example_sensors.py for tasks to queue
[2024-03-11T15:49:22.480+0000] {logging_mixin.py:188} INFO - [2024-03-11T15:49:22.479+0000] {dagbag.py:540} INFO - Filling up the DagBag from /usr/local/lib/python3.8/dist-packages/airflow/example_dags/example_sensors.py
[2024-03-11T15:49:22.490+0000] {processor.py:840} INFO - DAG(s) 'example_sensors' retrieved from /usr/local/lib/python3.8/dist-packages/airflow/example_dags/example_sensors.py
[2024-03-11T15:49:22.514+0000] {logging_mixin.py:188} INFO - [2024-03-11T15:49:22.514+0000] {dag.py:3047} INFO - Sync 1 DAGs
[2024-03-11T15:49:22.526+0000] {logging_mixin.py:188} INFO - [2024-03-11T15:49:22.526+0000] {dag.py:3834} INFO - Setting next_dagrun for example_sensors to None, run_after=None
[2024-03-11T15:49:22.558+0000] {processor.py:183} INFO - Processing /usr/local/lib/python3.8/dist-packages/airflow/example_dags/example_sensors.py took 0.086 seconds
[2024-03-11T15:50:13.555+0000] {processor.py:161} INFO - Started process (PID=1094) to work on /usr/local/lib/python3.8/dist-packages/airflow/example_dags/example_sensors.py
[2024-03-11T15:50:13.557+0000] {processor.py:830} INFO - Processing file /usr/local/lib/python3.8/dist-packages/airflow/example_dags/example_sensors.py for tasks to queue
[2024-03-11T15:50:13.558+0000] {logging_mixin.py:188} INFO - [2024-03-11T15:50:13.557+0000] {dagbag.py:540} INFO - Filling up the DagBag from /usr/local/lib/python3.8/dist-packages/airflow/example_dags/example_sensors.py
[2024-03-11T15:50:13.569+0000] {processor.py:840} INFO - DAG(s) 'example_sensors' retrieved from /usr/local/lib/python3.8/dist-packages/airflow/example_dags/example_sensors.py
[2024-03-11T15:50:13.590+0000] {logging_mixin.py:188} INFO - [2024-03-11T15:50:13.590+0000] {dag.py:3047} INFO - Sync 1 DAGs
[2024-03-11T15:50:13.604+0000] {logging_mixin.py:188} INFO - [2024-03-11T15:50:13.604+0000] {dag.py:3834} INFO - Setting next_dagrun for example_sensors to None, run_after=None
[2024-03-11T15:50:13.634+0000] {processor.py:183} INFO - Processing /usr/local/lib/python3.8/dist-packages/airflow/example_dags/example_sensors.py took 0.084 seconds
[2024-03-11T15:50:57.394+0000] {processor.py:161} INFO - Started process (PID=1138) to work on /usr/local/lib/python3.8/dist-packages/airflow/example_dags/example_sensors.py
[2024-03-11T15:50:57.396+0000] {processor.py:830} INFO - Processing file /usr/local/lib/python3.8/dist-packages/airflow/example_dags/example_sensors.py for tasks to queue
[2024-03-11T15:50:57.397+0000] {logging_mixin.py:188} INFO - [2024-03-11T15:50:57.397+0000] {dagbag.py:540} INFO - Filling up the DagBag from /usr/local/lib/python3.8/dist-packages/airflow/example_dags/example_sensors.py
[2024-03-11T15:50:57.408+0000] {processor.py:840} INFO - DAG(s) 'example_sensors' retrieved from /usr/local/lib/python3.8/dist-packages/airflow/example_dags/example_sensors.py
[2024-03-11T15:50:57.431+0000] {logging_mixin.py:188} INFO - [2024-03-11T15:50:57.431+0000] {dag.py:3047} INFO - Sync 1 DAGs
[2024-03-11T15:50:57.443+0000] {logging_mixin.py:188} INFO - [2024-03-11T15:50:57.443+0000] {dag.py:3834} INFO - Setting next_dagrun for example_sensors to None, run_after=None
[2024-03-11T15:50:57.474+0000] {processor.py:183} INFO - Processing /usr/local/lib/python3.8/dist-packages/airflow/example_dags/example_sensors.py took 0.083 seconds
[2024-03-11T15:51:44.315+0000] {processor.py:161} INFO - Started process (PID=1201) to work on /usr/local/lib/python3.8/dist-packages/airflow/example_dags/example_sensors.py
[2024-03-11T15:51:44.319+0000] {processor.py:830} INFO - Processing file /usr/local/lib/python3.8/dist-packages/airflow/example_dags/example_sensors.py for tasks to queue
[2024-03-11T15:51:44.320+0000] {logging_mixin.py:188} INFO - [2024-03-11T15:51:44.320+0000] {dagbag.py:540} INFO - Filling up the DagBag from /usr/local/lib/python3.8/dist-packages/airflow/example_dags/example_sensors.py
[2024-03-11T15:51:44.332+0000] {processor.py:840} INFO - DAG(s) 'example_sensors' retrieved from /usr/local/lib/python3.8/dist-packages/airflow/example_dags/example_sensors.py
[2024-03-11T15:51:44.354+0000] {logging_mixin.py:188} INFO - [2024-03-11T15:51:44.353+0000] {dag.py:3047} INFO - Sync 1 DAGs
[2024-03-11T15:51:44.366+0000] {logging_mixin.py:188} INFO - [2024-03-11T15:51:44.366+0000] {dag.py:3834} INFO - Setting next_dagrun for example_sensors to None, run_after=None
[2024-03-11T15:51:44.396+0000] {processor.py:183} INFO - Processing /usr/local/lib/python3.8/dist-packages/airflow/example_dags/example_sensors.py took 0.084 seconds
[2024-03-11T15:52:26.052+0000] {processor.py:161} INFO - Started process (PID=1244) to work on /usr/local/lib/python3.8/dist-packages/airflow/example_dags/example_sensors.py
[2024-03-11T15:52:26.054+0000] {processor.py:830} INFO - Processing file /usr/local/lib/python3.8/dist-packages/airflow/example_dags/example_sensors.py for tasks to queue
[2024-03-11T15:52:26.055+0000] {logging_mixin.py:188} INFO - [2024-03-11T15:52:26.055+0000] {dagbag.py:540} INFO - Filling up the DagBag from /usr/local/lib/python3.8/dist-packages/airflow/example_dags/example_sensors.py
[2024-03-11T15:52:26.068+0000] {processor.py:840} INFO - DAG(s) 'example_sensors' retrieved from /usr/local/lib/python3.8/dist-packages/airflow/example_dags/example_sensors.py
[2024-03-11T15:52:26.089+0000] {logging_mixin.py:188} INFO - [2024-03-11T15:52:26.089+0000] {dag.py:3047} INFO - Sync 1 DAGs
[2024-03-11T15:52:26.102+0000] {logging_mixin.py:188} INFO - [2024-03-11T15:52:26.102+0000] {dag.py:3834} INFO - Setting next_dagrun for example_sensors to None, run_after=None
[2024-03-11T15:52:26.131+0000] {processor.py:183} INFO - Processing /usr/local/lib/python3.8/dist-packages/airflow/example_dags/example_sensors.py took 0.082 seconds
[2024-03-11T15:53:12.395+0000] {processor.py:161} INFO - Started process (PID=1288) to work on /usr/local/lib/python3.8/dist-packages/airflow/example_dags/example_sensors.py
[2024-03-11T15:53:12.397+0000] {processor.py:830} INFO - Processing file /usr/local/lib/python3.8/dist-packages/airflow/example_dags/example_sensors.py for tasks to queue
[2024-03-11T15:53:12.398+0000] {logging_mixin.py:188} INFO - [2024-03-11T15:53:12.398+0000] {dagbag.py:540} INFO - Filling up the DagBag from /usr/local/lib/python3.8/dist-packages/airflow/example_dags/example_sensors.py
[2024-03-11T15:53:12.409+0000] {processor.py:840} INFO - DAG(s) 'example_sensors' retrieved from /usr/local/lib/python3.8/dist-packages/airflow/example_dags/example_sensors.py
[2024-03-11T15:53:12.432+0000] {logging_mixin.py:188} INFO - [2024-03-11T15:53:12.432+0000] {dag.py:3047} INFO - Sync 1 DAGs
[2024-03-11T15:53:12.445+0000] {logging_mixin.py:188} INFO - [2024-03-11T15:53:12.445+0000] {dag.py:3834} INFO - Setting next_dagrun for example_sensors to None, run_after=None
[2024-03-11T15:53:12.475+0000] {processor.py:183} INFO - Processing /usr/local/lib/python3.8/dist-packages/airflow/example_dags/example_sensors.py took 0.083 seconds
[2024-03-11T15:53:59.135+0000] {processor.py:161} INFO - Started process (PID=1344) to work on /usr/local/lib/python3.8/dist-packages/airflow/example_dags/example_sensors.py
[2024-03-11T15:53:59.137+0000] {processor.py:830} INFO - Processing file /usr/local/lib/python3.8/dist-packages/airflow/example_dags/example_sensors.py for tasks to queue
[2024-03-11T15:53:59.138+0000] {logging_mixin.py:188} INFO - [2024-03-11T15:53:59.138+0000] {dagbag.py:540} INFO - Filling up the DagBag from /usr/local/lib/python3.8/dist-packages/airflow/example_dags/example_sensors.py
[2024-03-11T15:53:59.149+0000] {processor.py:840} INFO - DAG(s) 'example_sensors' retrieved from /usr/local/lib/python3.8/dist-packages/airflow/example_dags/example_sensors.py
[2024-03-11T15:53:59.157+0000] {logging_mixin.py:188} INFO - [2024-03-11T15:53:59.157+0000] {dag.py:3047} INFO - Sync 1 DAGs
[2024-03-11T15:53:59.171+0000] {logging_mixin.py:188} INFO - [2024-03-11T15:53:59.170+0000] {dag.py:3834} INFO - Setting next_dagrun for example_sensors to None, run_after=None
[2024-03-11T15:53:59.203+0000] {processor.py:183} INFO - Processing /usr/local/lib/python3.8/dist-packages/airflow/example_dags/example_sensors.py took 0.071 seconds
[2024-03-11T15:54:51.920+0000] {processor.py:161} INFO - Started process (PID=1403) to work on /usr/local/lib/python3.8/dist-packages/airflow/example_dags/example_sensors.py
[2024-03-11T15:54:51.931+0000] {processor.py:830} INFO - Processing file /usr/local/lib/python3.8/dist-packages/airflow/example_dags/example_sensors.py for tasks to queue
[2024-03-11T15:54:51.932+0000] {logging_mixin.py:188} INFO - [2024-03-11T15:54:51.932+0000] {dagbag.py:540} INFO - Filling up the DagBag from /usr/local/lib/python3.8/dist-packages/airflow/example_dags/example_sensors.py
[2024-03-11T15:54:51.944+0000] {processor.py:840} INFO - DAG(s) 'example_sensors' retrieved from /usr/local/lib/python3.8/dist-packages/airflow/example_dags/example_sensors.py
[2024-03-11T15:54:52.059+0000] {logging_mixin.py:188} INFO - [2024-03-11T15:54:52.058+0000] {dag.py:3047} INFO - Sync 1 DAGs
[2024-03-11T15:54:52.067+0000] {logging_mixin.py:188} INFO - [2024-03-11T15:54:52.066+0000] {dag.py:3834} INFO - Setting next_dagrun for example_sensors to None, run_after=None
[2024-03-11T15:54:52.095+0000] {processor.py:183} INFO - Processing /usr/local/lib/python3.8/dist-packages/airflow/example_dags/example_sensors.py took 0.178 seconds
[2024-03-11T15:55:47.124+0000] {processor.py:161} INFO - Started process (PID=1461) to work on /usr/local/lib/python3.8/dist-packages/airflow/example_dags/example_sensors.py
[2024-03-11T15:55:47.127+0000] {processor.py:830} INFO - Processing file /usr/local/lib/python3.8/dist-packages/airflow/example_dags/example_sensors.py for tasks to queue
[2024-03-11T15:55:47.128+0000] {logging_mixin.py:188} INFO - [2024-03-11T15:55:47.127+0000] {dagbag.py:540} INFO - Filling up the DagBag from /usr/local/lib/python3.8/dist-packages/airflow/example_dags/example_sensors.py
[2024-03-11T15:55:47.138+0000] {processor.py:840} INFO - DAG(s) 'example_sensors' retrieved from /usr/local/lib/python3.8/dist-packages/airflow/example_dags/example_sensors.py
[2024-03-11T15:55:47.164+0000] {logging_mixin.py:188} INFO - [2024-03-11T15:55:47.164+0000] {dag.py:3047} INFO - Sync 1 DAGs
[2024-03-11T15:55:47.176+0000] {logging_mixin.py:188} INFO - [2024-03-11T15:55:47.176+0000] {dag.py:3834} INFO - Setting next_dagrun for example_sensors to None, run_after=None
[2024-03-11T15:55:47.205+0000] {processor.py:183} INFO - Processing /usr/local/lib/python3.8/dist-packages/airflow/example_dags/example_sensors.py took 0.084 seconds
[2024-03-11T15:56:45.871+0000] {processor.py:161} INFO - Started process (PID=1513) to work on /usr/local/lib/python3.8/dist-packages/airflow/example_dags/example_sensors.py
[2024-03-11T15:56:45.873+0000] {processor.py:830} INFO - Processing file /usr/local/lib/python3.8/dist-packages/airflow/example_dags/example_sensors.py for tasks to queue
[2024-03-11T15:56:45.874+0000] {logging_mixin.py:188} INFO - [2024-03-11T15:56:45.874+0000] {dagbag.py:540} INFO - Filling up the DagBag from /usr/local/lib/python3.8/dist-packages/airflow/example_dags/example_sensors.py
[2024-03-11T15:56:45.886+0000] {processor.py:840} INFO - DAG(s) 'example_sensors' retrieved from /usr/local/lib/python3.8/dist-packages/airflow/example_dags/example_sensors.py
[2024-03-11T15:56:45.908+0000] {logging_mixin.py:188} INFO - [2024-03-11T15:56:45.907+0000] {dag.py:3047} INFO - Sync 1 DAGs
[2024-03-11T15:56:45.920+0000] {logging_mixin.py:188} INFO - [2024-03-11T15:56:45.920+0000] {dag.py:3834} INFO - Setting next_dagrun for example_sensors to None, run_after=None
[2024-03-11T15:56:45.950+0000] {processor.py:183} INFO - Processing /usr/local/lib/python3.8/dist-packages/airflow/example_dags/example_sensors.py took 0.082 seconds
[2024-03-11T15:57:39.768+0000] {processor.py:161} INFO - Started process (PID=1565) to work on /usr/local/lib/python3.8/dist-packages/airflow/example_dags/example_sensors.py
[2024-03-11T15:57:39.770+0000] {processor.py:830} INFO - Processing file /usr/local/lib/python3.8/dist-packages/airflow/example_dags/example_sensors.py for tasks to queue
[2024-03-11T15:57:39.771+0000] {logging_mixin.py:188} INFO - [2024-03-11T15:57:39.771+0000] {dagbag.py:540} INFO - Filling up the DagBag from /usr/local/lib/python3.8/dist-packages/airflow/example_dags/example_sensors.py
[2024-03-11T15:57:39.783+0000] {processor.py:840} INFO - DAG(s) 'example_sensors' retrieved from /usr/local/lib/python3.8/dist-packages/airflow/example_dags/example_sensors.py
[2024-03-11T15:57:39.805+0000] {logging_mixin.py:188} INFO - [2024-03-11T15:57:39.804+0000] {dag.py:3047} INFO - Sync 1 DAGs
[2024-03-11T15:57:39.817+0000] {logging_mixin.py:188} INFO - [2024-03-11T15:57:39.817+0000] {dag.py:3834} INFO - Setting next_dagrun for example_sensors to None, run_after=None
[2024-03-11T15:57:39.848+0000] {processor.py:183} INFO - Processing /usr/local/lib/python3.8/dist-packages/airflow/example_dags/example_sensors.py took 0.083 seconds
[2024-03-11T15:58:36.264+0000] {processor.py:161} INFO - Started process (PID=1811) to work on /usr/local/lib/python3.8/dist-packages/airflow/example_dags/example_sensors.py
[2024-03-11T15:58:36.266+0000] {processor.py:830} INFO - Processing file /usr/local/lib/python3.8/dist-packages/airflow/example_dags/example_sensors.py for tasks to queue
[2024-03-11T15:58:36.267+0000] {logging_mixin.py:188} INFO - [2024-03-11T15:58:36.267+0000] {dagbag.py:540} INFO - Filling up the DagBag from /usr/local/lib/python3.8/dist-packages/airflow/example_dags/example_sensors.py
[2024-03-11T15:58:36.278+0000] {processor.py:840} INFO - DAG(s) 'example_sensors' retrieved from /usr/local/lib/python3.8/dist-packages/airflow/example_dags/example_sensors.py
[2024-03-11T15:58:36.301+0000] {logging_mixin.py:188} INFO - [2024-03-11T15:58:36.300+0000] {dag.py:3047} INFO - Sync 1 DAGs
[2024-03-11T15:58:36.314+0000] {logging_mixin.py:188} INFO - [2024-03-11T15:58:36.314+0000] {dag.py:3834} INFO - Setting next_dagrun for example_sensors to None, run_after=None
[2024-03-11T15:58:36.345+0000] {processor.py:183} INFO - Processing /usr/local/lib/python3.8/dist-packages/airflow/example_dags/example_sensors.py took 0.084 seconds
[2024-03-11T16:08:44.508+0000] {processor.py:161} INFO - Started process (PID=436) to work on /usr/local/lib/python3.8/dist-packages/airflow/example_dags/example_sensors.py
[2024-03-11T16:08:44.510+0000] {processor.py:830} INFO - Processing file /usr/local/lib/python3.8/dist-packages/airflow/example_dags/example_sensors.py for tasks to queue
[2024-03-11T16:08:44.511+0000] {logging_mixin.py:188} INFO - [2024-03-11T16:08:44.511+0000] {dagbag.py:540} INFO - Filling up the DagBag from /usr/local/lib/python3.8/dist-packages/airflow/example_dags/example_sensors.py
[2024-03-11T16:08:44.522+0000] {processor.py:840} INFO - DAG(s) 'example_sensors' retrieved from /usr/local/lib/python3.8/dist-packages/airflow/example_dags/example_sensors.py
[2024-03-11T16:08:44.546+0000] {logging_mixin.py:188} INFO - [2024-03-11T16:08:44.546+0000] {dag.py:3047} INFO - Sync 1 DAGs
[2024-03-11T16:08:44.559+0000] {logging_mixin.py:188} INFO - [2024-03-11T16:08:44.558+0000] {dag.py:3834} INFO - Setting next_dagrun for example_sensors to None, run_after=None
[2024-03-11T16:08:44.590+0000] {processor.py:183} INFO - Processing /usr/local/lib/python3.8/dist-packages/airflow/example_dags/example_sensors.py took 0.085 seconds
[2024-03-11T16:09:39.438+0000] {processor.py:161} INFO - Started process (PID=489) to work on /usr/local/lib/python3.8/dist-packages/airflow/example_dags/example_sensors.py
[2024-03-11T16:09:39.440+0000] {processor.py:830} INFO - Processing file /usr/local/lib/python3.8/dist-packages/airflow/example_dags/example_sensors.py for tasks to queue
[2024-03-11T16:09:39.441+0000] {logging_mixin.py:188} INFO - [2024-03-11T16:09:39.440+0000] {dagbag.py:540} INFO - Filling up the DagBag from /usr/local/lib/python3.8/dist-packages/airflow/example_dags/example_sensors.py
[2024-03-11T16:09:39.452+0000] {processor.py:840} INFO - DAG(s) 'example_sensors' retrieved from /usr/local/lib/python3.8/dist-packages/airflow/example_dags/example_sensors.py
[2024-03-11T16:09:39.474+0000] {logging_mixin.py:188} INFO - [2024-03-11T16:09:39.473+0000] {dag.py:3047} INFO - Sync 1 DAGs
[2024-03-11T16:09:39.487+0000] {logging_mixin.py:188} INFO - [2024-03-11T16:09:39.487+0000] {dag.py:3834} INFO - Setting next_dagrun for example_sensors to None, run_after=None
[2024-03-11T16:09:39.519+0000] {processor.py:183} INFO - Processing /usr/local/lib/python3.8/dist-packages/airflow/example_dags/example_sensors.py took 0.084 seconds
[2024-03-11T16:10:27.658+0000] {processor.py:161} INFO - Started process (PID=537) to work on /usr/local/lib/python3.8/dist-packages/airflow/example_dags/example_sensors.py
[2024-03-11T16:10:27.661+0000] {processor.py:830} INFO - Processing file /usr/local/lib/python3.8/dist-packages/airflow/example_dags/example_sensors.py for tasks to queue
[2024-03-11T16:10:27.662+0000] {logging_mixin.py:188} INFO - [2024-03-11T16:10:27.662+0000] {dagbag.py:540} INFO - Filling up the DagBag from /usr/local/lib/python3.8/dist-packages/airflow/example_dags/example_sensors.py
[2024-03-11T16:10:27.673+0000] {processor.py:840} INFO - DAG(s) 'example_sensors' retrieved from /usr/local/lib/python3.8/dist-packages/airflow/example_dags/example_sensors.py
[2024-03-11T16:10:27.695+0000] {logging_mixin.py:188} INFO - [2024-03-11T16:10:27.694+0000] {dag.py:3047} INFO - Sync 1 DAGs
[2024-03-11T16:10:27.707+0000] {logging_mixin.py:188} INFO - [2024-03-11T16:10:27.707+0000] {dag.py:3834} INFO - Setting next_dagrun for example_sensors to None, run_after=None
[2024-03-11T16:10:27.741+0000] {processor.py:183} INFO - Processing /usr/local/lib/python3.8/dist-packages/airflow/example_dags/example_sensors.py took 0.086 seconds
[2024-03-11T16:11:26.592+0000] {processor.py:161} INFO - Started process (PID=602) to work on /usr/local/lib/python3.8/dist-packages/airflow/example_dags/example_sensors.py
[2024-03-11T16:11:26.594+0000] {processor.py:830} INFO - Processing file /usr/local/lib/python3.8/dist-packages/airflow/example_dags/example_sensors.py for tasks to queue
[2024-03-11T16:11:26.595+0000] {logging_mixin.py:188} INFO - [2024-03-11T16:11:26.595+0000] {dagbag.py:540} INFO - Filling up the DagBag from /usr/local/lib/python3.8/dist-packages/airflow/example_dags/example_sensors.py
[2024-03-11T16:11:26.603+0000] {processor.py:840} INFO - DAG(s) 'example_sensors' retrieved from /usr/local/lib/python3.8/dist-packages/airflow/example_dags/example_sensors.py
[2024-03-11T16:11:26.622+0000] {logging_mixin.py:188} INFO - [2024-03-11T16:11:26.622+0000] {dag.py:3047} INFO - Sync 1 DAGs
[2024-03-11T16:11:26.632+0000] {logging_mixin.py:188} INFO - [2024-03-11T16:11:26.632+0000] {dag.py:3834} INFO - Setting next_dagrun for example_sensors to None, run_after=None
[2024-03-11T16:11:26.660+0000] {processor.py:183} INFO - Processing /usr/local/lib/python3.8/dist-packages/airflow/example_dags/example_sensors.py took 0.071 seconds
[2024-03-11T16:12:15.224+0000] {processor.py:161} INFO - Started process (PID=649) to work on /usr/local/lib/python3.8/dist-packages/airflow/example_dags/example_sensors.py
[2024-03-11T16:12:15.226+0000] {processor.py:830} INFO - Processing file /usr/local/lib/python3.8/dist-packages/airflow/example_dags/example_sensors.py for tasks to queue
[2024-03-11T16:12:15.227+0000] {logging_mixin.py:188} INFO - [2024-03-11T16:12:15.227+0000] {dagbag.py:540} INFO - Filling up the DagBag from /usr/local/lib/python3.8/dist-packages/airflow/example_dags/example_sensors.py
[2024-03-11T16:12:15.238+0000] {processor.py:840} INFO - DAG(s) 'example_sensors' retrieved from /usr/local/lib/python3.8/dist-packages/airflow/example_dags/example_sensors.py
[2024-03-11T16:12:15.259+0000] {logging_mixin.py:188} INFO - [2024-03-11T16:12:15.259+0000] {dag.py:3047} INFO - Sync 1 DAGs
[2024-03-11T16:12:15.273+0000] {logging_mixin.py:188} INFO - [2024-03-11T16:12:15.273+0000] {dag.py:3834} INFO - Setting next_dagrun for example_sensors to None, run_after=None
[2024-03-11T16:12:15.305+0000] {processor.py:183} INFO - Processing /usr/local/lib/python3.8/dist-packages/airflow/example_dags/example_sensors.py took 0.085 seconds
[2024-03-11T16:13:14.741+0000] {processor.py:161} INFO - Started process (PID=715) to work on /usr/local/lib/python3.8/dist-packages/airflow/example_dags/example_sensors.py
[2024-03-11T16:13:14.743+0000] {processor.py:830} INFO - Processing file /usr/local/lib/python3.8/dist-packages/airflow/example_dags/example_sensors.py for tasks to queue
[2024-03-11T16:13:14.744+0000] {logging_mixin.py:188} INFO - [2024-03-11T16:13:14.744+0000] {dagbag.py:540} INFO - Filling up the DagBag from /usr/local/lib/python3.8/dist-packages/airflow/example_dags/example_sensors.py
[2024-03-11T16:13:14.756+0000] {processor.py:840} INFO - DAG(s) 'example_sensors' retrieved from /usr/local/lib/python3.8/dist-packages/airflow/example_dags/example_sensors.py
[2024-03-11T16:13:14.777+0000] {logging_mixin.py:188} INFO - [2024-03-11T16:13:14.777+0000] {dag.py:3047} INFO - Sync 1 DAGs
[2024-03-11T16:13:14.790+0000] {logging_mixin.py:188} INFO - [2024-03-11T16:13:14.790+0000] {dag.py:3834} INFO - Setting next_dagrun for example_sensors to None, run_after=None
[2024-03-11T16:13:14.820+0000] {processor.py:183} INFO - Processing /usr/local/lib/python3.8/dist-packages/airflow/example_dags/example_sensors.py took 0.082 seconds
[2024-03-11T16:14:17.275+0000] {processor.py:161} INFO - Started process (PID=786) to work on /usr/local/lib/python3.8/dist-packages/airflow/example_dags/example_sensors.py
[2024-03-11T16:14:17.277+0000] {processor.py:830} INFO - Processing file /usr/local/lib/python3.8/dist-packages/airflow/example_dags/example_sensors.py for tasks to queue
[2024-03-11T16:14:17.278+0000] {logging_mixin.py:188} INFO - [2024-03-11T16:14:17.277+0000] {dagbag.py:540} INFO - Filling up the DagBag from /usr/local/lib/python3.8/dist-packages/airflow/example_dags/example_sensors.py
[2024-03-11T16:14:17.289+0000] {processor.py:840} INFO - DAG(s) 'example_sensors' retrieved from /usr/local/lib/python3.8/dist-packages/airflow/example_dags/example_sensors.py
[2024-03-11T16:14:17.310+0000] {logging_mixin.py:188} INFO - [2024-03-11T16:14:17.310+0000] {dag.py:3047} INFO - Sync 1 DAGs
[2024-03-11T16:14:17.324+0000] {logging_mixin.py:188} INFO - [2024-03-11T16:14:17.323+0000] {dag.py:3834} INFO - Setting next_dagrun for example_sensors to None, run_after=None
[2024-03-11T16:14:17.355+0000] {processor.py:183} INFO - Processing /usr/local/lib/python3.8/dist-packages/airflow/example_dags/example_sensors.py took 0.083 seconds
[2024-03-11T16:15:03.031+0000] {processor.py:161} INFO - Started process (PID=832) to work on /usr/local/lib/python3.8/dist-packages/airflow/example_dags/example_sensors.py
[2024-03-11T16:15:03.034+0000] {processor.py:830} INFO - Processing file /usr/local/lib/python3.8/dist-packages/airflow/example_dags/example_sensors.py for tasks to queue
[2024-03-11T16:15:03.035+0000] {logging_mixin.py:188} INFO - [2024-03-11T16:15:03.034+0000] {dagbag.py:540} INFO - Filling up the DagBag from /usr/local/lib/python3.8/dist-packages/airflow/example_dags/example_sensors.py
[2024-03-11T16:15:03.045+0000] {processor.py:840} INFO - DAG(s) 'example_sensors' retrieved from /usr/local/lib/python3.8/dist-packages/airflow/example_dags/example_sensors.py
[2024-03-11T16:15:03.070+0000] {logging_mixin.py:188} INFO - [2024-03-11T16:15:03.070+0000] {dag.py:3047} INFO - Sync 1 DAGs
[2024-03-11T16:15:03.082+0000] {logging_mixin.py:188} INFO - [2024-03-11T16:15:03.082+0000] {dag.py:3834} INFO - Setting next_dagrun for example_sensors to None, run_after=None
[2024-03-11T16:15:03.111+0000] {processor.py:183} INFO - Processing /usr/local/lib/python3.8/dist-packages/airflow/example_dags/example_sensors.py took 0.083 seconds
[2024-03-11T16:15:52.241+0000] {processor.py:161} INFO - Started process (PID=880) to work on /usr/local/lib/python3.8/dist-packages/airflow/example_dags/example_sensors.py
[2024-03-11T16:15:52.243+0000] {processor.py:830} INFO - Processing file /usr/local/lib/python3.8/dist-packages/airflow/example_dags/example_sensors.py for tasks to queue
[2024-03-11T16:15:52.244+0000] {logging_mixin.py:188} INFO - [2024-03-11T16:15:52.243+0000] {dagbag.py:540} INFO - Filling up the DagBag from /usr/local/lib/python3.8/dist-packages/airflow/example_dags/example_sensors.py
[2024-03-11T16:15:52.255+0000] {processor.py:840} INFO - DAG(s) 'example_sensors' retrieved from /usr/local/lib/python3.8/dist-packages/airflow/example_dags/example_sensors.py
[2024-03-11T16:15:52.276+0000] {logging_mixin.py:188} INFO - [2024-03-11T16:15:52.276+0000] {dag.py:3047} INFO - Sync 1 DAGs
[2024-03-11T16:15:52.291+0000] {logging_mixin.py:188} INFO - [2024-03-11T16:15:52.290+0000] {dag.py:3834} INFO - Setting next_dagrun for example_sensors to None, run_after=None
[2024-03-11T16:15:52.323+0000] {processor.py:183} INFO - Processing /usr/local/lib/python3.8/dist-packages/airflow/example_dags/example_sensors.py took 0.085 seconds
[2024-03-11T16:16:39.078+0000] {processor.py:161} INFO - Started process (PID=927) to work on /usr/local/lib/python3.8/dist-packages/airflow/example_dags/example_sensors.py
[2024-03-11T16:16:39.080+0000] {processor.py:830} INFO - Processing file /usr/local/lib/python3.8/dist-packages/airflow/example_dags/example_sensors.py for tasks to queue
[2024-03-11T16:16:39.081+0000] {logging_mixin.py:188} INFO - [2024-03-11T16:16:39.081+0000] {dagbag.py:540} INFO - Filling up the DagBag from /usr/local/lib/python3.8/dist-packages/airflow/example_dags/example_sensors.py
[2024-03-11T16:16:39.092+0000] {processor.py:840} INFO - DAG(s) 'example_sensors' retrieved from /usr/local/lib/python3.8/dist-packages/airflow/example_dags/example_sensors.py
[2024-03-11T16:16:39.114+0000] {logging_mixin.py:188} INFO - [2024-03-11T16:16:39.113+0000] {dag.py:3047} INFO - Sync 1 DAGs
[2024-03-11T16:16:39.127+0000] {logging_mixin.py:188} INFO - [2024-03-11T16:16:39.127+0000] {dag.py:3834} INFO - Setting next_dagrun for example_sensors to None, run_after=None
[2024-03-11T16:16:39.158+0000] {processor.py:183} INFO - Processing /usr/local/lib/python3.8/dist-packages/airflow/example_dags/example_sensors.py took 0.083 seconds
[2024-03-11T16:17:26.488+0000] {processor.py:161} INFO - Started process (PID=975) to work on /usr/local/lib/python3.8/dist-packages/airflow/example_dags/example_sensors.py
[2024-03-11T16:17:26.491+0000] {processor.py:830} INFO - Processing file /usr/local/lib/python3.8/dist-packages/airflow/example_dags/example_sensors.py for tasks to queue
[2024-03-11T16:17:26.492+0000] {logging_mixin.py:188} INFO - [2024-03-11T16:17:26.491+0000] {dagbag.py:540} INFO - Filling up the DagBag from /usr/local/lib/python3.8/dist-packages/airflow/example_dags/example_sensors.py
[2024-03-11T16:17:26.503+0000] {processor.py:840} INFO - DAG(s) 'example_sensors' retrieved from /usr/local/lib/python3.8/dist-packages/airflow/example_dags/example_sensors.py
[2024-03-11T16:17:26.524+0000] {logging_mixin.py:188} INFO - [2024-03-11T16:17:26.524+0000] {dag.py:3047} INFO - Sync 1 DAGs
[2024-03-11T16:17:26.537+0000] {logging_mixin.py:188} INFO - [2024-03-11T16:17:26.536+0000] {dag.py:3834} INFO - Setting next_dagrun for example_sensors to None, run_after=None
[2024-03-11T16:17:26.568+0000] {processor.py:183} INFO - Processing /usr/local/lib/python3.8/dist-packages/airflow/example_dags/example_sensors.py took 0.083 seconds
[2024-03-11T16:18:12.570+0000] {processor.py:161} INFO - Started process (PID=1020) to work on /usr/local/lib/python3.8/dist-packages/airflow/example_dags/example_sensors.py
[2024-03-11T16:18:12.573+0000] {processor.py:830} INFO - Processing file /usr/local/lib/python3.8/dist-packages/airflow/example_dags/example_sensors.py for tasks to queue
[2024-03-11T16:18:12.574+0000] {logging_mixin.py:188} INFO - [2024-03-11T16:18:12.573+0000] {dagbag.py:540} INFO - Filling up the DagBag from /usr/local/lib/python3.8/dist-packages/airflow/example_dags/example_sensors.py
[2024-03-11T16:18:12.584+0000] {processor.py:840} INFO - DAG(s) 'example_sensors' retrieved from /usr/local/lib/python3.8/dist-packages/airflow/example_dags/example_sensors.py
[2024-03-11T16:18:12.607+0000] {logging_mixin.py:188} INFO - [2024-03-11T16:18:12.607+0000] {dag.py:3047} INFO - Sync 1 DAGs
[2024-03-11T16:18:12.620+0000] {logging_mixin.py:188} INFO - [2024-03-11T16:18:12.620+0000] {dag.py:3834} INFO - Setting next_dagrun for example_sensors to None, run_after=None
[2024-03-11T16:18:12.650+0000] {processor.py:183} INFO - Processing /usr/local/lib/python3.8/dist-packages/airflow/example_dags/example_sensors.py took 0.083 seconds
[2024-03-11T16:19:04.824+0000] {processor.py:161} INFO - Started process (PID=1069) to work on /usr/local/lib/python3.8/dist-packages/airflow/example_dags/example_sensors.py
[2024-03-11T16:19:04.826+0000] {processor.py:830} INFO - Processing file /usr/local/lib/python3.8/dist-packages/airflow/example_dags/example_sensors.py for tasks to queue
[2024-03-11T16:19:04.827+0000] {logging_mixin.py:188} INFO - [2024-03-11T16:19:04.827+0000] {dagbag.py:540} INFO - Filling up the DagBag from /usr/local/lib/python3.8/dist-packages/airflow/example_dags/example_sensors.py
[2024-03-11T16:19:04.838+0000] {processor.py:840} INFO - DAG(s) 'example_sensors' retrieved from /usr/local/lib/python3.8/dist-packages/airflow/example_dags/example_sensors.py
[2024-03-11T16:19:04.861+0000] {logging_mixin.py:188} INFO - [2024-03-11T16:19:04.861+0000] {dag.py:3047} INFO - Sync 1 DAGs
[2024-03-11T16:19:04.874+0000] {logging_mixin.py:188} INFO - [2024-03-11T16:19:04.873+0000] {dag.py:3834} INFO - Setting next_dagrun for example_sensors to None, run_after=None
[2024-03-11T16:19:04.905+0000] {processor.py:183} INFO - Processing /usr/local/lib/python3.8/dist-packages/airflow/example_dags/example_sensors.py took 0.084 seconds
[2024-03-11T16:20:10.484+0000] {processor.py:161} INFO - Started process (PID=1156) to work on /usr/local/lib/python3.8/dist-packages/airflow/example_dags/example_sensors.py
[2024-03-11T16:20:10.486+0000] {processor.py:830} INFO - Processing file /usr/local/lib/python3.8/dist-packages/airflow/example_dags/example_sensors.py for tasks to queue
[2024-03-11T16:20:10.487+0000] {logging_mixin.py:188} INFO - [2024-03-11T16:20:10.486+0000] {dagbag.py:540} INFO - Filling up the DagBag from /usr/local/lib/python3.8/dist-packages/airflow/example_dags/example_sensors.py
[2024-03-11T16:20:10.497+0000] {processor.py:840} INFO - DAG(s) 'example_sensors' retrieved from /usr/local/lib/python3.8/dist-packages/airflow/example_dags/example_sensors.py
[2024-03-11T16:20:10.519+0000] {logging_mixin.py:188} INFO - [2024-03-11T16:20:10.519+0000] {dag.py:3047} INFO - Sync 1 DAGs
[2024-03-11T16:20:10.533+0000] {logging_mixin.py:188} INFO - [2024-03-11T16:20:10.533+0000] {dag.py:3834} INFO - Setting next_dagrun for example_sensors to None, run_after=None
[2024-03-11T16:20:10.563+0000] {processor.py:183} INFO - Processing /usr/local/lib/python3.8/dist-packages/airflow/example_dags/example_sensors.py took 0.083 seconds
[2024-03-11T16:20:59.515+0000] {processor.py:161} INFO - Started process (PID=1221) to work on /usr/local/lib/python3.8/dist-packages/airflow/example_dags/example_sensors.py
[2024-03-11T16:20:59.517+0000] {processor.py:830} INFO - Processing file /usr/local/lib/python3.8/dist-packages/airflow/example_dags/example_sensors.py for tasks to queue
[2024-03-11T16:20:59.518+0000] {logging_mixin.py:188} INFO - [2024-03-11T16:20:59.517+0000] {dagbag.py:540} INFO - Filling up the DagBag from /usr/local/lib/python3.8/dist-packages/airflow/example_dags/example_sensors.py
[2024-03-11T16:20:59.529+0000] {processor.py:840} INFO - DAG(s) 'example_sensors' retrieved from /usr/local/lib/python3.8/dist-packages/airflow/example_dags/example_sensors.py
[2024-03-11T16:20:59.550+0000] {logging_mixin.py:188} INFO - [2024-03-11T16:20:59.550+0000] {dag.py:3047} INFO - Sync 1 DAGs
[2024-03-11T16:20:59.564+0000] {logging_mixin.py:188} INFO - [2024-03-11T16:20:59.563+0000] {dag.py:3834} INFO - Setting next_dagrun for example_sensors to None, run_after=None
[2024-03-11T16:20:59.593+0000] {processor.py:183} INFO - Processing /usr/local/lib/python3.8/dist-packages/airflow/example_dags/example_sensors.py took 0.082 seconds
[2024-03-11T16:21:46.863+0000] {processor.py:161} INFO - Started process (PID=1293) to work on /usr/local/lib/python3.8/dist-packages/airflow/example_dags/example_sensors.py
[2024-03-11T16:21:46.865+0000] {processor.py:830} INFO - Processing file /usr/local/lib/python3.8/dist-packages/airflow/example_dags/example_sensors.py for tasks to queue
[2024-03-11T16:21:46.866+0000] {logging_mixin.py:188} INFO - [2024-03-11T16:21:46.866+0000] {dagbag.py:540} INFO - Filling up the DagBag from /usr/local/lib/python3.8/dist-packages/airflow/example_dags/example_sensors.py
[2024-03-11T16:21:46.877+0000] {processor.py:840} INFO - DAG(s) 'example_sensors' retrieved from /usr/local/lib/python3.8/dist-packages/airflow/example_dags/example_sensors.py
[2024-03-11T16:21:46.899+0000] {logging_mixin.py:188} INFO - [2024-03-11T16:21:46.898+0000] {dag.py:3047} INFO - Sync 1 DAGs
[2024-03-11T16:21:46.913+0000] {logging_mixin.py:188} INFO - [2024-03-11T16:21:46.912+0000] {dag.py:3834} INFO - Setting next_dagrun for example_sensors to None, run_after=None
[2024-03-11T16:21:46.942+0000] {processor.py:183} INFO - Processing /usr/local/lib/python3.8/dist-packages/airflow/example_dags/example_sensors.py took 0.083 seconds
[2024-03-11T16:22:51.948+0000] {processor.py:161} INFO - Started process (PID=1377) to work on /usr/local/lib/python3.8/dist-packages/airflow/example_dags/example_sensors.py
[2024-03-11T16:22:51.951+0000] {processor.py:830} INFO - Processing file /usr/local/lib/python3.8/dist-packages/airflow/example_dags/example_sensors.py for tasks to queue
[2024-03-11T16:22:51.952+0000] {logging_mixin.py:188} INFO - [2024-03-11T16:22:51.952+0000] {dagbag.py:540} INFO - Filling up the DagBag from /usr/local/lib/python3.8/dist-packages/airflow/example_dags/example_sensors.py
[2024-03-11T16:22:51.963+0000] {processor.py:840} INFO - DAG(s) 'example_sensors' retrieved from /usr/local/lib/python3.8/dist-packages/airflow/example_dags/example_sensors.py
[2024-03-11T16:22:51.985+0000] {logging_mixin.py:188} INFO - [2024-03-11T16:22:51.984+0000] {dag.py:3047} INFO - Sync 1 DAGs
[2024-03-11T16:22:51.998+0000] {logging_mixin.py:188} INFO - [2024-03-11T16:22:51.997+0000] {dag.py:3834} INFO - Setting next_dagrun for example_sensors to None, run_after=None
[2024-03-11T16:22:52.028+0000] {processor.py:183} INFO - Processing /usr/local/lib/python3.8/dist-packages/airflow/example_dags/example_sensors.py took 0.083 seconds
[2024-03-11T16:24:01.073+0000] {processor.py:161} INFO - Started process (PID=1456) to work on /usr/local/lib/python3.8/dist-packages/airflow/example_dags/example_sensors.py
[2024-03-11T16:24:01.076+0000] {processor.py:830} INFO - Processing file /usr/local/lib/python3.8/dist-packages/airflow/example_dags/example_sensors.py for tasks to queue
[2024-03-11T16:24:01.077+0000] {logging_mixin.py:188} INFO - [2024-03-11T16:24:01.076+0000] {dagbag.py:540} INFO - Filling up the DagBag from /usr/local/lib/python3.8/dist-packages/airflow/example_dags/example_sensors.py
[2024-03-11T16:24:01.089+0000] {processor.py:840} INFO - DAG(s) 'example_sensors' retrieved from /usr/local/lib/python3.8/dist-packages/airflow/example_dags/example_sensors.py
[2024-03-11T16:24:01.110+0000] {logging_mixin.py:188} INFO - [2024-03-11T16:24:01.110+0000] {dag.py:3047} INFO - Sync 1 DAGs
[2024-03-11T16:24:01.123+0000] {logging_mixin.py:188} INFO - [2024-03-11T16:24:01.122+0000] {dag.py:3834} INFO - Setting next_dagrun for example_sensors to None, run_after=None
[2024-03-11T16:24:01.152+0000] {processor.py:183} INFO - Processing /usr/local/lib/python3.8/dist-packages/airflow/example_dags/example_sensors.py took 0.082 seconds
[2024-03-11T16:24:55.075+0000] {processor.py:161} INFO - Started process (PID=1507) to work on /usr/local/lib/python3.8/dist-packages/airflow/example_dags/example_sensors.py
[2024-03-11T16:24:55.077+0000] {processor.py:830} INFO - Processing file /usr/local/lib/python3.8/dist-packages/airflow/example_dags/example_sensors.py for tasks to queue
[2024-03-11T16:24:55.078+0000] {logging_mixin.py:188} INFO - [2024-03-11T16:24:55.077+0000] {dagbag.py:540} INFO - Filling up the DagBag from /usr/local/lib/python3.8/dist-packages/airflow/example_dags/example_sensors.py
[2024-03-11T16:24:55.090+0000] {processor.py:840} INFO - DAG(s) 'example_sensors' retrieved from /usr/local/lib/python3.8/dist-packages/airflow/example_dags/example_sensors.py
[2024-03-11T16:24:55.114+0000] {logging_mixin.py:188} INFO - [2024-03-11T16:24:55.114+0000] {dag.py:3047} INFO - Sync 1 DAGs
[2024-03-11T16:24:55.127+0000] {logging_mixin.py:188} INFO - [2024-03-11T16:24:55.127+0000] {dag.py:3834} INFO - Setting next_dagrun for example_sensors to None, run_after=None
[2024-03-11T16:24:55.158+0000] {processor.py:183} INFO - Processing /usr/local/lib/python3.8/dist-packages/airflow/example_dags/example_sensors.py took 0.086 seconds
[2024-03-11T16:27:26.617+0000] {processor.py:161} INFO - Started process (PID=1597) to work on /usr/local/lib/python3.8/dist-packages/airflow/example_dags/example_sensors.py
[2024-03-11T16:27:26.620+0000] {processor.py:830} INFO - Processing file /usr/local/lib/python3.8/dist-packages/airflow/example_dags/example_sensors.py for tasks to queue
[2024-03-11T16:27:26.621+0000] {logging_mixin.py:188} INFO - [2024-03-11T16:27:26.620+0000] {dagbag.py:540} INFO - Filling up the DagBag from /usr/local/lib/python3.8/dist-packages/airflow/example_dags/example_sensors.py
[2024-03-11T16:27:26.632+0000] {processor.py:840} INFO - DAG(s) 'example_sensors' retrieved from /usr/local/lib/python3.8/dist-packages/airflow/example_dags/example_sensors.py
[2024-03-11T16:27:26.659+0000] {logging_mixin.py:188} INFO - [2024-03-11T16:27:26.658+0000] {dag.py:3047} INFO - Sync 1 DAGs
[2024-03-11T16:27:26.669+0000] {logging_mixin.py:188} INFO - [2024-03-11T16:27:26.669+0000] {dag.py:3834} INFO - Setting next_dagrun for example_sensors to None, run_after=None
[2024-03-11T16:27:26.692+0000] {processor.py:183} INFO - Processing /usr/local/lib/python3.8/dist-packages/airflow/example_dags/example_sensors.py took 0.079 seconds
[2024-03-11T16:28:19.126+0000] {processor.py:161} INFO - Started process (PID=1656) to work on /usr/local/lib/python3.8/dist-packages/airflow/example_dags/example_sensors.py
[2024-03-11T16:28:19.129+0000] {processor.py:830} INFO - Processing file /usr/local/lib/python3.8/dist-packages/airflow/example_dags/example_sensors.py for tasks to queue
[2024-03-11T16:28:19.130+0000] {logging_mixin.py:188} INFO - [2024-03-11T16:28:19.130+0000] {dagbag.py:540} INFO - Filling up the DagBag from /usr/local/lib/python3.8/dist-packages/airflow/example_dags/example_sensors.py
[2024-03-11T16:28:19.142+0000] {processor.py:840} INFO - DAG(s) 'example_sensors' retrieved from /usr/local/lib/python3.8/dist-packages/airflow/example_dags/example_sensors.py
[2024-03-11T16:28:19.166+0000] {logging_mixin.py:188} INFO - [2024-03-11T16:28:19.166+0000] {dag.py:3047} INFO - Sync 1 DAGs
[2024-03-11T16:28:19.180+0000] {logging_mixin.py:188} INFO - [2024-03-11T16:28:19.180+0000] {dag.py:3834} INFO - Setting next_dagrun for example_sensors to None, run_after=None
[2024-03-11T16:28:19.210+0000] {processor.py:183} INFO - Processing /usr/local/lib/python3.8/dist-packages/airflow/example_dags/example_sensors.py took 0.088 seconds
[2024-03-11T16:29:19.902+0000] {processor.py:161} INFO - Started process (PID=1718) to work on /usr/local/lib/python3.8/dist-packages/airflow/example_dags/example_sensors.py
[2024-03-11T16:29:19.905+0000] {processor.py:830} INFO - Processing file /usr/local/lib/python3.8/dist-packages/airflow/example_dags/example_sensors.py for tasks to queue
[2024-03-11T16:29:19.906+0000] {logging_mixin.py:188} INFO - [2024-03-11T16:29:19.905+0000] {dagbag.py:540} INFO - Filling up the DagBag from /usr/local/lib/python3.8/dist-packages/airflow/example_dags/example_sensors.py
[2024-03-11T16:29:19.920+0000] {processor.py:840} INFO - DAG(s) 'example_sensors' retrieved from /usr/local/lib/python3.8/dist-packages/airflow/example_dags/example_sensors.py
[2024-03-11T16:29:19.944+0000] {logging_mixin.py:188} INFO - [2024-03-11T16:29:19.944+0000] {dag.py:3047} INFO - Sync 1 DAGs
[2024-03-11T16:29:19.957+0000] {logging_mixin.py:188} INFO - [2024-03-11T16:29:19.957+0000] {dag.py:3834} INFO - Setting next_dagrun for example_sensors to None, run_after=None
[2024-03-11T16:29:19.986+0000] {processor.py:183} INFO - Processing /usr/local/lib/python3.8/dist-packages/airflow/example_dags/example_sensors.py took 0.088 seconds
[2024-03-11T16:30:00.646+0000] {processor.py:161} INFO - Started process (PID=1764) to work on /usr/local/lib/python3.8/dist-packages/airflow/example_dags/example_sensors.py
[2024-03-11T16:30:00.649+0000] {processor.py:830} INFO - Processing file /usr/local/lib/python3.8/dist-packages/airflow/example_dags/example_sensors.py for tasks to queue
[2024-03-11T16:30:00.650+0000] {logging_mixin.py:188} INFO - [2024-03-11T16:30:00.649+0000] {dagbag.py:540} INFO - Filling up the DagBag from /usr/local/lib/python3.8/dist-packages/airflow/example_dags/example_sensors.py
[2024-03-11T16:30:00.662+0000] {processor.py:840} INFO - DAG(s) 'example_sensors' retrieved from /usr/local/lib/python3.8/dist-packages/airflow/example_dags/example_sensors.py
[2024-03-11T16:30:00.686+0000] {logging_mixin.py:188} INFO - [2024-03-11T16:30:00.686+0000] {dag.py:3047} INFO - Sync 1 DAGs
[2024-03-11T16:30:00.699+0000] {logging_mixin.py:188} INFO - [2024-03-11T16:30:00.699+0000] {dag.py:3834} INFO - Setting next_dagrun for example_sensors to None, run_after=None
[2024-03-11T16:30:00.730+0000] {processor.py:183} INFO - Processing /usr/local/lib/python3.8/dist-packages/airflow/example_dags/example_sensors.py took 0.088 seconds
[2024-03-11T16:30:53.288+0000] {processor.py:161} INFO - Started process (PID=1822) to work on /usr/local/lib/python3.8/dist-packages/airflow/example_dags/example_sensors.py
[2024-03-11T16:30:53.292+0000] {processor.py:830} INFO - Processing file /usr/local/lib/python3.8/dist-packages/airflow/example_dags/example_sensors.py for tasks to queue
[2024-03-11T16:30:53.293+0000] {logging_mixin.py:188} INFO - [2024-03-11T16:30:53.293+0000] {dagbag.py:540} INFO - Filling up the DagBag from /usr/local/lib/python3.8/dist-packages/airflow/example_dags/example_sensors.py
[2024-03-11T16:30:53.310+0000] {processor.py:840} INFO - DAG(s) 'example_sensors' retrieved from /usr/local/lib/python3.8/dist-packages/airflow/example_dags/example_sensors.py
[2024-03-11T16:30:53.336+0000] {logging_mixin.py:188} INFO - [2024-03-11T16:30:53.336+0000] {dag.py:3047} INFO - Sync 1 DAGs
[2024-03-11T16:30:53.349+0000] {logging_mixin.py:188} INFO - [2024-03-11T16:30:53.349+0000] {dag.py:3834} INFO - Setting next_dagrun for example_sensors to None, run_after=None
[2024-03-11T16:30:53.380+0000] {processor.py:183} INFO - Processing /usr/local/lib/python3.8/dist-packages/airflow/example_dags/example_sensors.py took 0.096 seconds
[2024-03-11T16:33:15.037+0000] {processor.py:161} INFO - Started process (PID=1896) to work on /usr/local/lib/python3.8/dist-packages/airflow/example_dags/example_sensors.py
[2024-03-11T16:33:15.040+0000] {processor.py:830} INFO - Processing file /usr/local/lib/python3.8/dist-packages/airflow/example_dags/example_sensors.py for tasks to queue
[2024-03-11T16:33:15.041+0000] {logging_mixin.py:188} INFO - [2024-03-11T16:33:15.040+0000] {dagbag.py:540} INFO - Filling up the DagBag from /usr/local/lib/python3.8/dist-packages/airflow/example_dags/example_sensors.py
[2024-03-11T16:33:15.053+0000] {processor.py:840} INFO - DAG(s) 'example_sensors' retrieved from /usr/local/lib/python3.8/dist-packages/airflow/example_dags/example_sensors.py
[2024-03-11T16:33:15.076+0000] {logging_mixin.py:188} INFO - [2024-03-11T16:33:15.076+0000] {dag.py:3047} INFO - Sync 1 DAGs
[2024-03-11T16:33:15.091+0000] {logging_mixin.py:188} INFO - [2024-03-11T16:33:15.091+0000] {dag.py:3834} INFO - Setting next_dagrun for example_sensors to None, run_after=None
[2024-03-11T16:33:15.122+0000] {processor.py:183} INFO - Processing /usr/local/lib/python3.8/dist-packages/airflow/example_dags/example_sensors.py took 0.089 seconds
[2024-03-11T16:35:08.203+0000] {processor.py:161} INFO - Started process (PID=1965) to work on /usr/local/lib/python3.8/dist-packages/airflow/example_dags/example_sensors.py
[2024-03-11T16:35:08.207+0000] {processor.py:830} INFO - Processing file /usr/local/lib/python3.8/dist-packages/airflow/example_dags/example_sensors.py for tasks to queue
[2024-03-11T16:35:08.208+0000] {logging_mixin.py:188} INFO - [2024-03-11T16:35:08.207+0000] {dagbag.py:540} INFO - Filling up the DagBag from /usr/local/lib/python3.8/dist-packages/airflow/example_dags/example_sensors.py
[2024-03-11T16:35:08.223+0000] {processor.py:840} INFO - DAG(s) 'example_sensors' retrieved from /usr/local/lib/python3.8/dist-packages/airflow/example_dags/example_sensors.py
[2024-03-11T16:35:08.240+0000] {logging_mixin.py:188} INFO - [2024-03-11T16:35:08.240+0000] {dag.py:3047} INFO - Sync 1 DAGs
[2024-03-11T16:35:08.250+0000] {logging_mixin.py:188} INFO - [2024-03-11T16:35:08.250+0000] {dag.py:3834} INFO - Setting next_dagrun for example_sensors to None, run_after=None
[2024-03-11T16:35:08.276+0000] {processor.py:183} INFO - Processing /usr/local/lib/python3.8/dist-packages/airflow/example_dags/example_sensors.py took 0.079 seconds
[2024-03-11T16:41:11.897+0000] {processor.py:161} INFO - Started process (PID=440) to work on /usr/local/lib/python3.8/dist-packages/airflow/example_dags/example_sensors.py
[2024-03-11T16:41:11.899+0000] {processor.py:830} INFO - Processing file /usr/local/lib/python3.8/dist-packages/airflow/example_dags/example_sensors.py for tasks to queue
[2024-03-11T16:41:11.900+0000] {logging_mixin.py:188} INFO - [2024-03-11T16:41:11.900+0000] {dagbag.py:540} INFO - Filling up the DagBag from /usr/local/lib/python3.8/dist-packages/airflow/example_dags/example_sensors.py
[2024-03-11T16:41:11.910+0000] {processor.py:840} INFO - DAG(s) 'example_sensors' retrieved from /usr/local/lib/python3.8/dist-packages/airflow/example_dags/example_sensors.py
[2024-03-11T16:41:11.930+0000] {logging_mixin.py:188} INFO - [2024-03-11T16:41:11.930+0000] {dag.py:3047} INFO - Sync 1 DAGs
[2024-03-11T16:41:12.029+0000] {logging_mixin.py:188} INFO - [2024-03-11T16:41:12.029+0000] {dag.py:3834} INFO - Setting next_dagrun for example_sensors to None, run_after=None
[2024-03-11T16:41:12.053+0000] {processor.py:183} INFO - Processing /usr/local/lib/python3.8/dist-packages/airflow/example_dags/example_sensors.py took 0.159 seconds
[2024-03-11T16:44:33.650+0000] {processor.py:161} INFO - Started process (PID=665) to work on /usr/local/lib/python3.8/dist-packages/airflow/example_dags/example_sensors.py
[2024-03-11T16:44:33.652+0000] {processor.py:830} INFO - Processing file /usr/local/lib/python3.8/dist-packages/airflow/example_dags/example_sensors.py for tasks to queue
[2024-03-11T16:44:33.653+0000] {logging_mixin.py:188} INFO - [2024-03-11T16:44:33.652+0000] {dagbag.py:540} INFO - Filling up the DagBag from /usr/local/lib/python3.8/dist-packages/airflow/example_dags/example_sensors.py
[2024-03-11T16:44:33.664+0000] {processor.py:840} INFO - DAG(s) 'example_sensors' retrieved from /usr/local/lib/python3.8/dist-packages/airflow/example_dags/example_sensors.py
[2024-03-11T16:44:33.688+0000] {logging_mixin.py:188} INFO - [2024-03-11T16:44:33.688+0000] {dag.py:3047} INFO - Sync 1 DAGs
[2024-03-11T16:44:33.801+0000] {logging_mixin.py:188} INFO - [2024-03-11T16:44:33.801+0000] {dag.py:3834} INFO - Setting next_dagrun for example_sensors to None, run_after=None
[2024-03-11T16:44:33.831+0000] {processor.py:183} INFO - Processing /usr/local/lib/python3.8/dist-packages/airflow/example_dags/example_sensors.py took 0.184 seconds
[2024-03-11T16:47:50.207+0000] {processor.py:161} INFO - Started process (PID=813) to work on /usr/local/lib/python3.8/dist-packages/airflow/example_dags/example_sensors.py
[2024-03-11T16:47:50.210+0000] {processor.py:830} INFO - Processing file /usr/local/lib/python3.8/dist-packages/airflow/example_dags/example_sensors.py for tasks to queue
[2024-03-11T16:47:50.211+0000] {logging_mixin.py:188} INFO - [2024-03-11T16:47:50.210+0000] {dagbag.py:540} INFO - Filling up the DagBag from /usr/local/lib/python3.8/dist-packages/airflow/example_dags/example_sensors.py
[2024-03-11T16:47:50.222+0000] {processor.py:840} INFO - DAG(s) 'example_sensors' retrieved from /usr/local/lib/python3.8/dist-packages/airflow/example_dags/example_sensors.py
[2024-03-11T16:47:50.244+0000] {logging_mixin.py:188} INFO - [2024-03-11T16:47:50.244+0000] {dag.py:3047} INFO - Sync 1 DAGs
[2024-03-11T16:47:50.360+0000] {logging_mixin.py:188} INFO - [2024-03-11T16:47:50.360+0000] {dag.py:3834} INFO - Setting next_dagrun for example_sensors to None, run_after=None
[2024-03-11T16:47:50.387+0000] {processor.py:183} INFO - Processing /usr/local/lib/python3.8/dist-packages/airflow/example_dags/example_sensors.py took 0.183 seconds
[2024-03-11T16:48:50.306+0000] {processor.py:161} INFO - Started process (PID=912) to work on /usr/local/lib/python3.8/dist-packages/airflow/example_dags/example_sensors.py
[2024-03-11T16:48:50.309+0000] {processor.py:830} INFO - Processing file /usr/local/lib/python3.8/dist-packages/airflow/example_dags/example_sensors.py for tasks to queue
[2024-03-11T16:48:50.309+0000] {logging_mixin.py:188} INFO - [2024-03-11T16:48:50.309+0000] {dagbag.py:540} INFO - Filling up the DagBag from /usr/local/lib/python3.8/dist-packages/airflow/example_dags/example_sensors.py
[2024-03-11T16:48:50.319+0000] {processor.py:840} INFO - DAG(s) 'example_sensors' retrieved from /usr/local/lib/python3.8/dist-packages/airflow/example_dags/example_sensors.py
[2024-03-11T16:48:50.338+0000] {logging_mixin.py:188} INFO - [2024-03-11T16:48:50.337+0000] {dag.py:3047} INFO - Sync 1 DAGs
[2024-03-11T16:48:50.348+0000] {logging_mixin.py:188} INFO - [2024-03-11T16:48:50.347+0000] {dag.py:3834} INFO - Setting next_dagrun for example_sensors to None, run_after=None
[2024-03-11T16:48:50.377+0000] {processor.py:183} INFO - Processing /usr/local/lib/python3.8/dist-packages/airflow/example_dags/example_sensors.py took 0.074 seconds
[2024-03-11T16:49:42.186+0000] {processor.py:161} INFO - Started process (PID=1006) to work on /usr/local/lib/python3.8/dist-packages/airflow/example_dags/example_sensors.py
[2024-03-11T16:49:42.188+0000] {processor.py:830} INFO - Processing file /usr/local/lib/python3.8/dist-packages/airflow/example_dags/example_sensors.py for tasks to queue
[2024-03-11T16:49:42.189+0000] {logging_mixin.py:188} INFO - [2024-03-11T16:49:42.189+0000] {dagbag.py:540} INFO - Filling up the DagBag from /usr/local/lib/python3.8/dist-packages/airflow/example_dags/example_sensors.py
[2024-03-11T16:49:42.199+0000] {processor.py:840} INFO - DAG(s) 'example_sensors' retrieved from /usr/local/lib/python3.8/dist-packages/airflow/example_dags/example_sensors.py
[2024-03-11T16:49:42.218+0000] {logging_mixin.py:188} INFO - [2024-03-11T16:49:42.218+0000] {dag.py:3047} INFO - Sync 1 DAGs
[2024-03-11T16:49:42.228+0000] {logging_mixin.py:188} INFO - [2024-03-11T16:49:42.228+0000] {dag.py:3834} INFO - Setting next_dagrun for example_sensors to None, run_after=None
[2024-03-11T16:49:42.253+0000] {processor.py:183} INFO - Processing /usr/local/lib/python3.8/dist-packages/airflow/example_dags/example_sensors.py took 0.070 seconds
[2024-03-11T16:50:39.266+0000] {processor.py:161} INFO - Started process (PID=1083) to work on /usr/local/lib/python3.8/dist-packages/airflow/example_dags/example_sensors.py
[2024-03-11T16:50:39.268+0000] {processor.py:830} INFO - Processing file /usr/local/lib/python3.8/dist-packages/airflow/example_dags/example_sensors.py for tasks to queue
[2024-03-11T16:50:39.269+0000] {logging_mixin.py:188} INFO - [2024-03-11T16:50:39.268+0000] {dagbag.py:540} INFO - Filling up the DagBag from /usr/local/lib/python3.8/dist-packages/airflow/example_dags/example_sensors.py
[2024-03-11T16:50:39.279+0000] {processor.py:840} INFO - DAG(s) 'example_sensors' retrieved from /usr/local/lib/python3.8/dist-packages/airflow/example_dags/example_sensors.py
[2024-03-11T16:50:39.300+0000] {logging_mixin.py:188} INFO - [2024-03-11T16:50:39.300+0000] {dag.py:3047} INFO - Sync 1 DAGs
[2024-03-11T16:50:39.313+0000] {logging_mixin.py:188} INFO - [2024-03-11T16:50:39.312+0000] {dag.py:3834} INFO - Setting next_dagrun for example_sensors to None, run_after=None
[2024-03-11T16:50:39.406+0000] {processor.py:183} INFO - Processing /usr/local/lib/python3.8/dist-packages/airflow/example_dags/example_sensors.py took 0.143 seconds
[2024-03-11T16:51:33.330+0000] {processor.py:161} INFO - Started process (PID=1148) to work on /usr/local/lib/python3.8/dist-packages/airflow/example_dags/example_sensors.py
[2024-03-11T16:51:33.332+0000] {processor.py:830} INFO - Processing file /usr/local/lib/python3.8/dist-packages/airflow/example_dags/example_sensors.py for tasks to queue
[2024-03-11T16:51:33.333+0000] {logging_mixin.py:188} INFO - [2024-03-11T16:51:33.333+0000] {dagbag.py:540} INFO - Filling up the DagBag from /usr/local/lib/python3.8/dist-packages/airflow/example_dags/example_sensors.py
[2024-03-11T16:51:33.343+0000] {processor.py:840} INFO - DAG(s) 'example_sensors' retrieved from /usr/local/lib/python3.8/dist-packages/airflow/example_dags/example_sensors.py
[2024-03-11T16:51:33.361+0000] {logging_mixin.py:188} INFO - [2024-03-11T16:51:33.361+0000] {dag.py:3047} INFO - Sync 1 DAGs
[2024-03-11T16:51:33.371+0000] {logging_mixin.py:188} INFO - [2024-03-11T16:51:33.371+0000] {dag.py:3834} INFO - Setting next_dagrun for example_sensors to None, run_after=None
[2024-03-11T16:51:33.394+0000] {processor.py:183} INFO - Processing /usr/local/lib/python3.8/dist-packages/airflow/example_dags/example_sensors.py took 0.067 seconds
[2024-03-11T16:52:30.202+0000] {processor.py:161} INFO - Started process (PID=1226) to work on /usr/local/lib/python3.8/dist-packages/airflow/example_dags/example_sensors.py
[2024-03-11T16:52:30.204+0000] {processor.py:830} INFO - Processing file /usr/local/lib/python3.8/dist-packages/airflow/example_dags/example_sensors.py for tasks to queue
[2024-03-11T16:52:30.205+0000] {logging_mixin.py:188} INFO - [2024-03-11T16:52:30.205+0000] {dagbag.py:540} INFO - Filling up the DagBag from /usr/local/lib/python3.8/dist-packages/airflow/example_dags/example_sensors.py
[2024-03-11T16:52:30.216+0000] {processor.py:840} INFO - DAG(s) 'example_sensors' retrieved from /usr/local/lib/python3.8/dist-packages/airflow/example_dags/example_sensors.py
[2024-03-11T16:52:30.237+0000] {logging_mixin.py:188} INFO - [2024-03-11T16:52:30.237+0000] {dag.py:3047} INFO - Sync 1 DAGs
[2024-03-11T16:52:30.249+0000] {logging_mixin.py:188} INFO - [2024-03-11T16:52:30.249+0000] {dag.py:3834} INFO - Setting next_dagrun for example_sensors to None, run_after=None
[2024-03-11T16:52:30.278+0000] {processor.py:183} INFO - Processing /usr/local/lib/python3.8/dist-packages/airflow/example_dags/example_sensors.py took 0.079 seconds
[2024-03-11T16:53:23.085+0000] {processor.py:161} INFO - Started process (PID=1294) to work on /usr/local/lib/python3.8/dist-packages/airflow/example_dags/example_sensors.py
[2024-03-11T16:53:23.087+0000] {processor.py:830} INFO - Processing file /usr/local/lib/python3.8/dist-packages/airflow/example_dags/example_sensors.py for tasks to queue
[2024-03-11T16:53:23.088+0000] {logging_mixin.py:188} INFO - [2024-03-11T16:53:23.088+0000] {dagbag.py:540} INFO - Filling up the DagBag from /usr/local/lib/python3.8/dist-packages/airflow/example_dags/example_sensors.py
[2024-03-11T16:53:23.098+0000] {processor.py:840} INFO - DAG(s) 'example_sensors' retrieved from /usr/local/lib/python3.8/dist-packages/airflow/example_dags/example_sensors.py
[2024-03-11T16:53:23.118+0000] {logging_mixin.py:188} INFO - [2024-03-11T16:53:23.117+0000] {dag.py:3047} INFO - Sync 1 DAGs
[2024-03-11T16:53:23.128+0000] {logging_mixin.py:188} INFO - [2024-03-11T16:53:23.128+0000] {dag.py:3834} INFO - Setting next_dagrun for example_sensors to None, run_after=None
[2024-03-11T16:53:23.154+0000] {processor.py:183} INFO - Processing /usr/local/lib/python3.8/dist-packages/airflow/example_dags/example_sensors.py took 0.071 seconds
[2024-03-11T16:54:18.846+0000] {processor.py:161} INFO - Started process (PID=1359) to work on /usr/local/lib/python3.8/dist-packages/airflow/example_dags/example_sensors.py
[2024-03-11T16:54:18.848+0000] {processor.py:830} INFO - Processing file /usr/local/lib/python3.8/dist-packages/airflow/example_dags/example_sensors.py for tasks to queue
[2024-03-11T16:54:18.849+0000] {logging_mixin.py:188} INFO - [2024-03-11T16:54:18.849+0000] {dagbag.py:540} INFO - Filling up the DagBag from /usr/local/lib/python3.8/dist-packages/airflow/example_dags/example_sensors.py
[2024-03-11T16:54:18.860+0000] {processor.py:840} INFO - DAG(s) 'example_sensors' retrieved from /usr/local/lib/python3.8/dist-packages/airflow/example_dags/example_sensors.py
[2024-03-11T16:54:18.882+0000] {logging_mixin.py:188} INFO - [2024-03-11T16:54:18.881+0000] {dag.py:3047} INFO - Sync 1 DAGs
[2024-03-11T16:54:18.894+0000] {logging_mixin.py:188} INFO - [2024-03-11T16:54:18.894+0000] {dag.py:3834} INFO - Setting next_dagrun for example_sensors to None, run_after=None
[2024-03-11T16:54:18.924+0000] {processor.py:183} INFO - Processing /usr/local/lib/python3.8/dist-packages/airflow/example_dags/example_sensors.py took 0.081 seconds
[2024-03-11T16:55:12.031+0000] {processor.py:161} INFO - Started process (PID=1435) to work on /usr/local/lib/python3.8/dist-packages/airflow/example_dags/example_sensors.py
[2024-03-11T16:55:12.033+0000] {processor.py:830} INFO - Processing file /usr/local/lib/python3.8/dist-packages/airflow/example_dags/example_sensors.py for tasks to queue
[2024-03-11T16:55:12.034+0000] {logging_mixin.py:188} INFO - [2024-03-11T16:55:12.034+0000] {dagbag.py:540} INFO - Filling up the DagBag from /usr/local/lib/python3.8/dist-packages/airflow/example_dags/example_sensors.py
[2024-03-11T16:55:12.044+0000] {processor.py:840} INFO - DAG(s) 'example_sensors' retrieved from /usr/local/lib/python3.8/dist-packages/airflow/example_dags/example_sensors.py
[2024-03-11T16:55:12.062+0000] {logging_mixin.py:188} INFO - [2024-03-11T16:55:12.062+0000] {dag.py:3047} INFO - Sync 1 DAGs
[2024-03-11T16:55:12.075+0000] {logging_mixin.py:188} INFO - [2024-03-11T16:55:12.075+0000] {dag.py:3834} INFO - Setting next_dagrun for example_sensors to None, run_after=None
[2024-03-11T16:55:12.105+0000] {processor.py:183} INFO - Processing /usr/local/lib/python3.8/dist-packages/airflow/example_dags/example_sensors.py took 0.077 seconds
[2024-03-11T16:56:04.694+0000] {processor.py:161} INFO - Started process (PID=1504) to work on /usr/local/lib/python3.8/dist-packages/airflow/example_dags/example_sensors.py
[2024-03-11T16:56:04.696+0000] {processor.py:830} INFO - Processing file /usr/local/lib/python3.8/dist-packages/airflow/example_dags/example_sensors.py for tasks to queue
[2024-03-11T16:56:04.697+0000] {logging_mixin.py:188} INFO - [2024-03-11T16:56:04.696+0000] {dagbag.py:540} INFO - Filling up the DagBag from /usr/local/lib/python3.8/dist-packages/airflow/example_dags/example_sensors.py
[2024-03-11T16:56:04.707+0000] {processor.py:840} INFO - DAG(s) 'example_sensors' retrieved from /usr/local/lib/python3.8/dist-packages/airflow/example_dags/example_sensors.py
[2024-03-11T16:56:04.729+0000] {logging_mixin.py:188} INFO - [2024-03-11T16:56:04.728+0000] {dag.py:3047} INFO - Sync 1 DAGs
[2024-03-11T16:56:04.741+0000] {logging_mixin.py:188} INFO - [2024-03-11T16:56:04.741+0000] {dag.py:3834} INFO - Setting next_dagrun for example_sensors to None, run_after=None
[2024-03-11T16:56:04.769+0000] {processor.py:183} INFO - Processing /usr/local/lib/python3.8/dist-packages/airflow/example_dags/example_sensors.py took 0.078 seconds
[2024-03-11T16:56:57.282+0000] {processor.py:161} INFO - Started process (PID=1589) to work on /usr/local/lib/python3.8/dist-packages/airflow/example_dags/example_sensors.py
[2024-03-11T16:56:57.284+0000] {processor.py:830} INFO - Processing file /usr/local/lib/python3.8/dist-packages/airflow/example_dags/example_sensors.py for tasks to queue
[2024-03-11T16:56:57.285+0000] {logging_mixin.py:188} INFO - [2024-03-11T16:56:57.284+0000] {dagbag.py:540} INFO - Filling up the DagBag from /usr/local/lib/python3.8/dist-packages/airflow/example_dags/example_sensors.py
[2024-03-11T16:56:57.294+0000] {processor.py:840} INFO - DAG(s) 'example_sensors' retrieved from /usr/local/lib/python3.8/dist-packages/airflow/example_dags/example_sensors.py
[2024-03-11T16:56:57.313+0000] {logging_mixin.py:188} INFO - [2024-03-11T16:56:57.313+0000] {dag.py:3047} INFO - Sync 1 DAGs
[2024-03-11T16:56:57.322+0000] {logging_mixin.py:188} INFO - [2024-03-11T16:56:57.322+0000] {dag.py:3834} INFO - Setting next_dagrun for example_sensors to None, run_after=None
[2024-03-11T16:56:57.350+0000] {processor.py:183} INFO - Processing /usr/local/lib/python3.8/dist-packages/airflow/example_dags/example_sensors.py took 0.072 seconds
[2024-03-11T16:57:51.483+0000] {processor.py:161} INFO - Started process (PID=1761) to work on /usr/local/lib/python3.8/dist-packages/airflow/example_dags/example_sensors.py
[2024-03-11T16:57:51.485+0000] {processor.py:830} INFO - Processing file /usr/local/lib/python3.8/dist-packages/airflow/example_dags/example_sensors.py for tasks to queue
[2024-03-11T16:57:51.486+0000] {logging_mixin.py:188} INFO - [2024-03-11T16:57:51.485+0000] {dagbag.py:540} INFO - Filling up the DagBag from /usr/local/lib/python3.8/dist-packages/airflow/example_dags/example_sensors.py
[2024-03-11T16:57:51.496+0000] {processor.py:840} INFO - DAG(s) 'example_sensors' retrieved from /usr/local/lib/python3.8/dist-packages/airflow/example_dags/example_sensors.py
[2024-03-11T16:57:51.517+0000] {logging_mixin.py:188} INFO - [2024-03-11T16:57:51.517+0000] {dag.py:3047} INFO - Sync 1 DAGs
[2024-03-11T16:57:51.530+0000] {logging_mixin.py:188} INFO - [2024-03-11T16:57:51.530+0000] {dag.py:3834} INFO - Setting next_dagrun for example_sensors to None, run_after=None
[2024-03-11T16:57:51.559+0000] {processor.py:183} INFO - Processing /usr/local/lib/python3.8/dist-packages/airflow/example_dags/example_sensors.py took 0.079 seconds
[2024-03-11T17:06:13.058+0000] {processor.py:161} INFO - Started process (PID=1987) to work on /usr/local/lib/python3.8/dist-packages/airflow/example_dags/example_sensors.py
[2024-03-11T17:06:13.060+0000] {processor.py:830} INFO - Processing file /usr/local/lib/python3.8/dist-packages/airflow/example_dags/example_sensors.py for tasks to queue
[2024-03-11T17:06:13.061+0000] {logging_mixin.py:188} INFO - [2024-03-11T17:06:13.060+0000] {dagbag.py:540} INFO - Filling up the DagBag from /usr/local/lib/python3.8/dist-packages/airflow/example_dags/example_sensors.py
[2024-03-11T17:06:13.071+0000] {processor.py:840} INFO - DAG(s) 'example_sensors' retrieved from /usr/local/lib/python3.8/dist-packages/airflow/example_dags/example_sensors.py
[2024-03-11T17:06:13.095+0000] {logging_mixin.py:188} INFO - [2024-03-11T17:06:13.094+0000] {dag.py:3047} INFO - Sync 1 DAGs
[2024-03-11T17:06:13.106+0000] {logging_mixin.py:188} INFO - [2024-03-11T17:06:13.106+0000] {dag.py:3834} INFO - Setting next_dagrun for example_sensors to None, run_after=None
[2024-03-11T17:06:13.134+0000] {processor.py:183} INFO - Processing /usr/local/lib/python3.8/dist-packages/airflow/example_dags/example_sensors.py took 0.079 seconds
[2024-03-11T17:07:10.026+0000] {processor.py:161} INFO - Started process (PID=2090) to work on /usr/local/lib/python3.8/dist-packages/airflow/example_dags/example_sensors.py
[2024-03-11T17:07:10.028+0000] {processor.py:830} INFO - Processing file /usr/local/lib/python3.8/dist-packages/airflow/example_dags/example_sensors.py for tasks to queue
[2024-03-11T17:07:10.029+0000] {logging_mixin.py:188} INFO - [2024-03-11T17:07:10.028+0000] {dagbag.py:540} INFO - Filling up the DagBag from /usr/local/lib/python3.8/dist-packages/airflow/example_dags/example_sensors.py
[2024-03-11T17:07:10.039+0000] {processor.py:840} INFO - DAG(s) 'example_sensors' retrieved from /usr/local/lib/python3.8/dist-packages/airflow/example_dags/example_sensors.py
[2024-03-11T17:07:10.064+0000] {logging_mixin.py:188} INFO - [2024-03-11T17:07:10.064+0000] {dag.py:3047} INFO - Sync 1 DAGs
[2024-03-11T17:07:10.165+0000] {logging_mixin.py:188} INFO - [2024-03-11T17:07:10.164+0000] {dag.py:3834} INFO - Setting next_dagrun for example_sensors to None, run_after=None
[2024-03-11T17:07:10.189+0000] {processor.py:183} INFO - Processing /usr/local/lib/python3.8/dist-packages/airflow/example_dags/example_sensors.py took 0.167 seconds
[2024-03-11T17:08:36.645+0000] {processor.py:161} INFO - Started process (PID=2231) to work on /usr/local/lib/python3.8/dist-packages/airflow/example_dags/example_sensors.py
[2024-03-11T17:08:36.647+0000] {processor.py:830} INFO - Processing file /usr/local/lib/python3.8/dist-packages/airflow/example_dags/example_sensors.py for tasks to queue
[2024-03-11T17:08:36.648+0000] {logging_mixin.py:188} INFO - [2024-03-11T17:08:36.648+0000] {dagbag.py:540} INFO - Filling up the DagBag from /usr/local/lib/python3.8/dist-packages/airflow/example_dags/example_sensors.py
[2024-03-11T17:08:36.658+0000] {processor.py:840} INFO - DAG(s) 'example_sensors' retrieved from /usr/local/lib/python3.8/dist-packages/airflow/example_dags/example_sensors.py
[2024-03-11T17:08:36.680+0000] {logging_mixin.py:188} INFO - [2024-03-11T17:08:36.679+0000] {dag.py:3047} INFO - Sync 1 DAGs
[2024-03-11T17:08:36.771+0000] {logging_mixin.py:188} INFO - [2024-03-11T17:08:36.771+0000] {dag.py:3834} INFO - Setting next_dagrun for example_sensors to None, run_after=None
[2024-03-11T17:08:36.795+0000] {processor.py:183} INFO - Processing /usr/local/lib/python3.8/dist-packages/airflow/example_dags/example_sensors.py took 0.153 seconds
[2024-03-11T17:09:34.243+0000] {processor.py:161} INFO - Started process (PID=2384) to work on /usr/local/lib/python3.8/dist-packages/airflow/example_dags/example_sensors.py
[2024-03-11T17:09:34.245+0000] {processor.py:830} INFO - Processing file /usr/local/lib/python3.8/dist-packages/airflow/example_dags/example_sensors.py for tasks to queue
[2024-03-11T17:09:34.246+0000] {logging_mixin.py:188} INFO - [2024-03-11T17:09:34.245+0000] {dagbag.py:540} INFO - Filling up the DagBag from /usr/local/lib/python3.8/dist-packages/airflow/example_dags/example_sensors.py
[2024-03-11T17:09:34.255+0000] {processor.py:840} INFO - DAG(s) 'example_sensors' retrieved from /usr/local/lib/python3.8/dist-packages/airflow/example_dags/example_sensors.py
[2024-03-11T17:09:34.274+0000] {logging_mixin.py:188} INFO - [2024-03-11T17:09:34.274+0000] {dag.py:3047} INFO - Sync 1 DAGs
[2024-03-11T17:09:34.284+0000] {logging_mixin.py:188} INFO - [2024-03-11T17:09:34.284+0000] {dag.py:3834} INFO - Setting next_dagrun for example_sensors to None, run_after=None
[2024-03-11T17:09:34.309+0000] {processor.py:183} INFO - Processing /usr/local/lib/python3.8/dist-packages/airflow/example_dags/example_sensors.py took 0.069 seconds
[2024-03-11T17:10:29.767+0000] {processor.py:161} INFO - Started process (PID=2455) to work on /usr/local/lib/python3.8/dist-packages/airflow/example_dags/example_sensors.py
[2024-03-11T17:10:29.769+0000] {processor.py:830} INFO - Processing file /usr/local/lib/python3.8/dist-packages/airflow/example_dags/example_sensors.py for tasks to queue
[2024-03-11T17:10:29.770+0000] {logging_mixin.py:188} INFO - [2024-03-11T17:10:29.770+0000] {dagbag.py:540} INFO - Filling up the DagBag from /usr/local/lib/python3.8/dist-packages/airflow/example_dags/example_sensors.py
[2024-03-11T17:10:29.781+0000] {processor.py:840} INFO - DAG(s) 'example_sensors' retrieved from /usr/local/lib/python3.8/dist-packages/airflow/example_dags/example_sensors.py
[2024-03-11T17:10:29.803+0000] {logging_mixin.py:188} INFO - [2024-03-11T17:10:29.802+0000] {dag.py:3047} INFO - Sync 1 DAGs
[2024-03-11T17:10:29.815+0000] {logging_mixin.py:188} INFO - [2024-03-11T17:10:29.815+0000] {dag.py:3834} INFO - Setting next_dagrun for example_sensors to None, run_after=None
[2024-03-11T17:10:29.845+0000] {processor.py:183} INFO - Processing /usr/local/lib/python3.8/dist-packages/airflow/example_dags/example_sensors.py took 0.081 seconds
[2024-03-11T17:11:53.290+0000] {processor.py:161} INFO - Started process (PID=2570) to work on /usr/local/lib/python3.8/dist-packages/airflow/example_dags/example_sensors.py
[2024-03-11T17:11:53.292+0000] {processor.py:830} INFO - Processing file /usr/local/lib/python3.8/dist-packages/airflow/example_dags/example_sensors.py for tasks to queue
[2024-03-11T17:11:53.293+0000] {logging_mixin.py:188} INFO - [2024-03-11T17:11:53.293+0000] {dagbag.py:540} INFO - Filling up the DagBag from /usr/local/lib/python3.8/dist-packages/airflow/example_dags/example_sensors.py
[2024-03-11T17:11:53.304+0000] {processor.py:840} INFO - DAG(s) 'example_sensors' retrieved from /usr/local/lib/python3.8/dist-packages/airflow/example_dags/example_sensors.py
[2024-03-11T17:11:53.329+0000] {logging_mixin.py:188} INFO - [2024-03-11T17:11:53.328+0000] {dag.py:3047} INFO - Sync 1 DAGs
[2024-03-11T17:11:53.432+0000] {logging_mixin.py:188} INFO - [2024-03-11T17:11:53.432+0000] {dag.py:3834} INFO - Setting next_dagrun for example_sensors to None, run_after=None
[2024-03-11T17:11:53.457+0000] {processor.py:183} INFO - Processing /usr/local/lib/python3.8/dist-packages/airflow/example_dags/example_sensors.py took 0.170 seconds
[2024-03-11T17:12:51.614+0000] {processor.py:161} INFO - Started process (PID=2648) to work on /usr/local/lib/python3.8/dist-packages/airflow/example_dags/example_sensors.py
[2024-03-11T17:12:51.616+0000] {processor.py:830} INFO - Processing file /usr/local/lib/python3.8/dist-packages/airflow/example_dags/example_sensors.py for tasks to queue
[2024-03-11T17:12:51.617+0000] {logging_mixin.py:188} INFO - [2024-03-11T17:12:51.617+0000] {dagbag.py:540} INFO - Filling up the DagBag from /usr/local/lib/python3.8/dist-packages/airflow/example_dags/example_sensors.py
[2024-03-11T17:12:51.628+0000] {processor.py:840} INFO - DAG(s) 'example_sensors' retrieved from /usr/local/lib/python3.8/dist-packages/airflow/example_dags/example_sensors.py
[2024-03-11T17:12:51.650+0000] {logging_mixin.py:188} INFO - [2024-03-11T17:12:51.649+0000] {dag.py:3047} INFO - Sync 1 DAGs
[2024-03-11T17:12:51.663+0000] {logging_mixin.py:188} INFO - [2024-03-11T17:12:51.662+0000] {dag.py:3834} INFO - Setting next_dagrun for example_sensors to None, run_after=None
[2024-03-11T17:12:51.700+0000] {processor.py:183} INFO - Processing /usr/local/lib/python3.8/dist-packages/airflow/example_dags/example_sensors.py took 0.089 seconds
[2024-03-11T17:13:45.218+0000] {processor.py:161} INFO - Started process (PID=2762) to work on /usr/local/lib/python3.8/dist-packages/airflow/example_dags/example_sensors.py
[2024-03-11T17:13:45.220+0000] {processor.py:830} INFO - Processing file /usr/local/lib/python3.8/dist-packages/airflow/example_dags/example_sensors.py for tasks to queue
[2024-03-11T17:13:45.221+0000] {logging_mixin.py:188} INFO - [2024-03-11T17:13:45.220+0000] {dagbag.py:540} INFO - Filling up the DagBag from /usr/local/lib/python3.8/dist-packages/airflow/example_dags/example_sensors.py
[2024-03-11T17:13:45.231+0000] {processor.py:840} INFO - DAG(s) 'example_sensors' retrieved from /usr/local/lib/python3.8/dist-packages/airflow/example_dags/example_sensors.py
[2024-03-11T17:13:45.253+0000] {logging_mixin.py:188} INFO - [2024-03-11T17:13:45.253+0000] {dag.py:3047} INFO - Sync 1 DAGs
[2024-03-11T17:13:45.265+0000] {logging_mixin.py:188} INFO - [2024-03-11T17:13:45.265+0000] {dag.py:3834} INFO - Setting next_dagrun for example_sensors to None, run_after=None
[2024-03-11T17:13:45.295+0000] {processor.py:183} INFO - Processing /usr/local/lib/python3.8/dist-packages/airflow/example_dags/example_sensors.py took 0.081 seconds
[2024-03-11T17:14:55.999+0000] {processor.py:161} INFO - Started process (PID=2895) to work on /usr/local/lib/python3.8/dist-packages/airflow/example_dags/example_sensors.py
[2024-03-11T17:14:56.001+0000] {processor.py:830} INFO - Processing file /usr/local/lib/python3.8/dist-packages/airflow/example_dags/example_sensors.py for tasks to queue
[2024-03-11T17:14:56.002+0000] {logging_mixin.py:188} INFO - [2024-03-11T17:14:56.002+0000] {dagbag.py:540} INFO - Filling up the DagBag from /usr/local/lib/python3.8/dist-packages/airflow/example_dags/example_sensors.py
[2024-03-11T17:14:56.012+0000] {processor.py:840} INFO - DAG(s) 'example_sensors' retrieved from /usr/local/lib/python3.8/dist-packages/airflow/example_dags/example_sensors.py
[2024-03-11T17:14:56.031+0000] {logging_mixin.py:188} INFO - [2024-03-11T17:14:56.030+0000] {dag.py:3047} INFO - Sync 1 DAGs
[2024-03-11T17:14:56.040+0000] {logging_mixin.py:188} INFO - [2024-03-11T17:14:56.040+0000] {dag.py:3834} INFO - Setting next_dagrun for example_sensors to None, run_after=None
[2024-03-11T17:14:56.065+0000] {processor.py:183} INFO - Processing /usr/local/lib/python3.8/dist-packages/airflow/example_dags/example_sensors.py took 0.068 seconds
[2024-03-11T17:15:54.207+0000] {processor.py:161} INFO - Started process (PID=2976) to work on /usr/local/lib/python3.8/dist-packages/airflow/example_dags/example_sensors.py
[2024-03-11T17:15:54.209+0000] {processor.py:830} INFO - Processing file /usr/local/lib/python3.8/dist-packages/airflow/example_dags/example_sensors.py for tasks to queue
[2024-03-11T17:15:54.210+0000] {logging_mixin.py:188} INFO - [2024-03-11T17:15:54.210+0000] {dagbag.py:540} INFO - Filling up the DagBag from /usr/local/lib/python3.8/dist-packages/airflow/example_dags/example_sensors.py
[2024-03-11T17:15:54.221+0000] {processor.py:840} INFO - DAG(s) 'example_sensors' retrieved from /usr/local/lib/python3.8/dist-packages/airflow/example_dags/example_sensors.py
[2024-03-11T17:15:54.243+0000] {logging_mixin.py:188} INFO - [2024-03-11T17:15:54.242+0000] {dag.py:3047} INFO - Sync 1 DAGs
[2024-03-11T17:15:54.255+0000] {logging_mixin.py:188} INFO - [2024-03-11T17:15:54.255+0000] {dag.py:3834} INFO - Setting next_dagrun for example_sensors to None, run_after=None
[2024-03-11T17:15:54.284+0000] {processor.py:183} INFO - Processing /usr/local/lib/python3.8/dist-packages/airflow/example_dags/example_sensors.py took 0.080 seconds
[2024-03-11T17:16:44.347+0000] {processor.py:161} INFO - Started process (PID=3042) to work on /usr/local/lib/python3.8/dist-packages/airflow/example_dags/example_sensors.py
[2024-03-11T17:16:44.349+0000] {processor.py:830} INFO - Processing file /usr/local/lib/python3.8/dist-packages/airflow/example_dags/example_sensors.py for tasks to queue
[2024-03-11T17:16:44.350+0000] {logging_mixin.py:188} INFO - [2024-03-11T17:16:44.350+0000] {dagbag.py:540} INFO - Filling up the DagBag from /usr/local/lib/python3.8/dist-packages/airflow/example_dags/example_sensors.py
[2024-03-11T17:16:44.360+0000] {processor.py:840} INFO - DAG(s) 'example_sensors' retrieved from /usr/local/lib/python3.8/dist-packages/airflow/example_dags/example_sensors.py
[2024-03-11T17:16:44.383+0000] {logging_mixin.py:188} INFO - [2024-03-11T17:16:44.382+0000] {dag.py:3047} INFO - Sync 1 DAGs
[2024-03-11T17:16:44.395+0000] {logging_mixin.py:188} INFO - [2024-03-11T17:16:44.395+0000] {dag.py:3834} INFO - Setting next_dagrun for example_sensors to None, run_after=None
[2024-03-11T17:16:44.426+0000] {processor.py:183} INFO - Processing /usr/local/lib/python3.8/dist-packages/airflow/example_dags/example_sensors.py took 0.082 seconds
[2024-03-11T17:17:39.911+0000] {processor.py:161} INFO - Started process (PID=3118) to work on /usr/local/lib/python3.8/dist-packages/airflow/example_dags/example_sensors.py
[2024-03-11T17:17:39.913+0000] {processor.py:830} INFO - Processing file /usr/local/lib/python3.8/dist-packages/airflow/example_dags/example_sensors.py for tasks to queue
[2024-03-11T17:17:39.914+0000] {logging_mixin.py:188} INFO - [2024-03-11T17:17:39.913+0000] {dagbag.py:540} INFO - Filling up the DagBag from /usr/local/lib/python3.8/dist-packages/airflow/example_dags/example_sensors.py
[2024-03-11T17:17:39.926+0000] {processor.py:840} INFO - DAG(s) 'example_sensors' retrieved from /usr/local/lib/python3.8/dist-packages/airflow/example_dags/example_sensors.py
[2024-03-11T17:17:39.949+0000] {logging_mixin.py:188} INFO - [2024-03-11T17:17:39.949+0000] {dag.py:3047} INFO - Sync 1 DAGs
[2024-03-11T17:17:39.962+0000] {logging_mixin.py:188} INFO - [2024-03-11T17:17:39.962+0000] {dag.py:3834} INFO - Setting next_dagrun for example_sensors to None, run_after=None
[2024-03-11T17:17:39.991+0000] {processor.py:183} INFO - Processing /usr/local/lib/python3.8/dist-packages/airflow/example_dags/example_sensors.py took 0.084 seconds
[2024-03-11T17:18:35.393+0000] {processor.py:161} INFO - Started process (PID=3183) to work on /usr/local/lib/python3.8/dist-packages/airflow/example_dags/example_sensors.py
[2024-03-11T17:18:35.395+0000] {processor.py:830} INFO - Processing file /usr/local/lib/python3.8/dist-packages/airflow/example_dags/example_sensors.py for tasks to queue
[2024-03-11T17:18:35.396+0000] {logging_mixin.py:188} INFO - [2024-03-11T17:18:35.396+0000] {dagbag.py:540} INFO - Filling up the DagBag from /usr/local/lib/python3.8/dist-packages/airflow/example_dags/example_sensors.py
[2024-03-11T17:18:35.407+0000] {processor.py:840} INFO - DAG(s) 'example_sensors' retrieved from /usr/local/lib/python3.8/dist-packages/airflow/example_dags/example_sensors.py
[2024-03-11T17:18:35.429+0000] {logging_mixin.py:188} INFO - [2024-03-11T17:18:35.429+0000] {dag.py:3047} INFO - Sync 1 DAGs
[2024-03-11T17:18:35.442+0000] {logging_mixin.py:188} INFO - [2024-03-11T17:18:35.442+0000] {dag.py:3834} INFO - Setting next_dagrun for example_sensors to None, run_after=None
[2024-03-11T17:18:35.471+0000] {processor.py:183} INFO - Processing /usr/local/lib/python3.8/dist-packages/airflow/example_dags/example_sensors.py took 0.081 seconds
[2024-03-11T17:19:30.450+0000] {processor.py:161} INFO - Started process (PID=3254) to work on /usr/local/lib/python3.8/dist-packages/airflow/example_dags/example_sensors.py
[2024-03-11T17:19:30.452+0000] {processor.py:830} INFO - Processing file /usr/local/lib/python3.8/dist-packages/airflow/example_dags/example_sensors.py for tasks to queue
[2024-03-11T17:19:30.453+0000] {logging_mixin.py:188} INFO - [2024-03-11T17:19:30.453+0000] {dagbag.py:540} INFO - Filling up the DagBag from /usr/local/lib/python3.8/dist-packages/airflow/example_dags/example_sensors.py
[2024-03-11T17:19:30.464+0000] {processor.py:840} INFO - DAG(s) 'example_sensors' retrieved from /usr/local/lib/python3.8/dist-packages/airflow/example_dags/example_sensors.py
[2024-03-11T17:19:30.486+0000] {logging_mixin.py:188} INFO - [2024-03-11T17:19:30.486+0000] {dag.py:3047} INFO - Sync 1 DAGs
[2024-03-11T17:19:30.499+0000] {logging_mixin.py:188} INFO - [2024-03-11T17:19:30.498+0000] {dag.py:3834} INFO - Setting next_dagrun for example_sensors to None, run_after=None
[2024-03-11T17:19:30.527+0000] {processor.py:183} INFO - Processing /usr/local/lib/python3.8/dist-packages/airflow/example_dags/example_sensors.py took 0.080 seconds
[2024-03-11T17:20:24.095+0000] {processor.py:161} INFO - Started process (PID=3330) to work on /usr/local/lib/python3.8/dist-packages/airflow/example_dags/example_sensors.py
[2024-03-11T17:20:24.097+0000] {processor.py:830} INFO - Processing file /usr/local/lib/python3.8/dist-packages/airflow/example_dags/example_sensors.py for tasks to queue
[2024-03-11T17:20:24.098+0000] {logging_mixin.py:188} INFO - [2024-03-11T17:20:24.097+0000] {dagbag.py:540} INFO - Filling up the DagBag from /usr/local/lib/python3.8/dist-packages/airflow/example_dags/example_sensors.py
[2024-03-11T17:20:24.108+0000] {processor.py:840} INFO - DAG(s) 'example_sensors' retrieved from /usr/local/lib/python3.8/dist-packages/airflow/example_dags/example_sensors.py
[2024-03-11T17:20:24.127+0000] {logging_mixin.py:188} INFO - [2024-03-11T17:20:24.127+0000] {dag.py:3047} INFO - Sync 1 DAGs
[2024-03-11T17:20:24.136+0000] {logging_mixin.py:188} INFO - [2024-03-11T17:20:24.136+0000] {dag.py:3834} INFO - Setting next_dagrun for example_sensors to None, run_after=None
[2024-03-11T17:20:24.159+0000] {processor.py:183} INFO - Processing /usr/local/lib/python3.8/dist-packages/airflow/example_dags/example_sensors.py took 0.067 seconds
[2024-03-11T17:21:16.926+0000] {processor.py:161} INFO - Started process (PID=3394) to work on /usr/local/lib/python3.8/dist-packages/airflow/example_dags/example_sensors.py
[2024-03-11T17:21:16.929+0000] {processor.py:830} INFO - Processing file /usr/local/lib/python3.8/dist-packages/airflow/example_dags/example_sensors.py for tasks to queue
[2024-03-11T17:21:16.930+0000] {logging_mixin.py:188} INFO - [2024-03-11T17:21:16.929+0000] {dagbag.py:540} INFO - Filling up the DagBag from /usr/local/lib/python3.8/dist-packages/airflow/example_dags/example_sensors.py
[2024-03-11T17:21:16.940+0000] {processor.py:840} INFO - DAG(s) 'example_sensors' retrieved from /usr/local/lib/python3.8/dist-packages/airflow/example_dags/example_sensors.py
[2024-03-11T17:21:16.963+0000] {logging_mixin.py:188} INFO - [2024-03-11T17:21:16.963+0000] {dag.py:3047} INFO - Sync 1 DAGs
[2024-03-11T17:21:16.976+0000] {logging_mixin.py:188} INFO - [2024-03-11T17:21:16.976+0000] {dag.py:3834} INFO - Setting next_dagrun for example_sensors to None, run_after=None
[2024-03-11T17:21:17.005+0000] {processor.py:183} INFO - Processing /usr/local/lib/python3.8/dist-packages/airflow/example_dags/example_sensors.py took 0.082 seconds
