[2024-03-11T15:40:23.310+0000] {processor.py:161} INFO - Started process (PID=504) to work on /usr/local/lib/python3.8/dist-packages/airflow/example_dags/example_dag_decorator.py
[2024-03-11T15:40:23.311+0000] {processor.py:830} INFO - Processing file /usr/local/lib/python3.8/dist-packages/airflow/example_dags/example_dag_decorator.py for tasks to queue
[2024-03-11T15:40:23.312+0000] {logging_mixin.py:188} INFO - [2024-03-11T15:40:23.311+0000] {dagbag.py:540} INFO - Filling up the DagBag from /usr/local/lib/python3.8/dist-packages/airflow/example_dags/example_dag_decorator.py
[2024-03-11T15:40:23.528+0000] {processor.py:840} INFO - DAG(s) 'example_dag_decorator' retrieved from /usr/local/lib/python3.8/dist-packages/airflow/example_dags/example_dag_decorator.py
[2024-03-11T15:40:23.661+0000] {logging_mixin.py:188} INFO - [2024-03-11T15:40:23.660+0000] {override.py:1769} INFO - Created Permission View: can delete on DAG:example_dag_decorator
[2024-03-11T15:40:23.676+0000] {logging_mixin.py:188} INFO - [2024-03-11T15:40:23.676+0000] {override.py:1769} INFO - Created Permission View: can read on DAG:example_dag_decorator
[2024-03-11T15:40:23.689+0000] {logging_mixin.py:188} INFO - [2024-03-11T15:40:23.689+0000] {override.py:1769} INFO - Created Permission View: can edit on DAG:example_dag_decorator
[2024-03-11T15:40:23.689+0000] {logging_mixin.py:188} INFO - [2024-03-11T15:40:23.689+0000] {dag.py:3047} INFO - Sync 1 DAGs
[2024-03-11T15:40:23.698+0000] {logging_mixin.py:188} INFO - [2024-03-11T15:40:23.698+0000] {dag.py:3069} INFO - Creating ORM DAG for example_dag_decorator
[2024-03-11T15:40:23.699+0000] {logging_mixin.py:188} INFO - [2024-03-11T15:40:23.699+0000] {dag.py:3834} INFO - Setting next_dagrun for example_dag_decorator to None, run_after=None
[2024-03-11T15:40:23.725+0000] {processor.py:183} INFO - Processing /usr/local/lib/python3.8/dist-packages/airflow/example_dags/example_dag_decorator.py took 0.419 seconds
[2024-03-11T15:41:18.347+0000] {processor.py:161} INFO - Started process (PID=577) to work on /usr/local/lib/python3.8/dist-packages/airflow/example_dags/example_dag_decorator.py
[2024-03-11T15:41:18.349+0000] {processor.py:830} INFO - Processing file /usr/local/lib/python3.8/dist-packages/airflow/example_dags/example_dag_decorator.py for tasks to queue
[2024-03-11T15:41:18.350+0000] {logging_mixin.py:188} INFO - [2024-03-11T15:41:18.350+0000] {dagbag.py:540} INFO - Filling up the DagBag from /usr/local/lib/python3.8/dist-packages/airflow/example_dags/example_dag_decorator.py
[2024-03-11T15:41:18.443+0000] {processor.py:840} INFO - DAG(s) 'example_dag_decorator' retrieved from /usr/local/lib/python3.8/dist-packages/airflow/example_dags/example_dag_decorator.py
[2024-03-11T15:41:18.562+0000] {logging_mixin.py:188} INFO - [2024-03-11T15:41:18.562+0000] {dag.py:3047} INFO - Sync 1 DAGs
[2024-03-11T15:41:18.574+0000] {logging_mixin.py:188} INFO - [2024-03-11T15:41:18.573+0000] {dag.py:3834} INFO - Setting next_dagrun for example_dag_decorator to None, run_after=None
[2024-03-11T15:41:18.604+0000] {processor.py:183} INFO - Processing /usr/local/lib/python3.8/dist-packages/airflow/example_dags/example_dag_decorator.py took 0.260 seconds
[2024-03-11T15:42:07.006+0000] {processor.py:161} INFO - Started process (PID=625) to work on /usr/local/lib/python3.8/dist-packages/airflow/example_dags/example_dag_decorator.py
[2024-03-11T15:42:07.008+0000] {processor.py:830} INFO - Processing file /usr/local/lib/python3.8/dist-packages/airflow/example_dags/example_dag_decorator.py for tasks to queue
[2024-03-11T15:42:07.009+0000] {logging_mixin.py:188} INFO - [2024-03-11T15:42:07.009+0000] {dagbag.py:540} INFO - Filling up the DagBag from /usr/local/lib/python3.8/dist-packages/airflow/example_dags/example_dag_decorator.py
[2024-03-11T15:42:07.102+0000] {processor.py:840} INFO - DAG(s) 'example_dag_decorator' retrieved from /usr/local/lib/python3.8/dist-packages/airflow/example_dags/example_dag_decorator.py
[2024-03-11T15:42:07.211+0000] {logging_mixin.py:188} INFO - [2024-03-11T15:42:07.210+0000] {dag.py:3047} INFO - Sync 1 DAGs
[2024-03-11T15:42:07.221+0000] {logging_mixin.py:188} INFO - [2024-03-11T15:42:07.221+0000] {dag.py:3834} INFO - Setting next_dagrun for example_dag_decorator to None, run_after=None
[2024-03-11T15:42:07.252+0000] {processor.py:183} INFO - Processing /usr/local/lib/python3.8/dist-packages/airflow/example_dags/example_dag_decorator.py took 0.249 seconds
[2024-03-11T15:43:02.929+0000] {processor.py:161} INFO - Started process (PID=680) to work on /usr/local/lib/python3.8/dist-packages/airflow/example_dags/example_dag_decorator.py
[2024-03-11T15:43:02.931+0000] {processor.py:830} INFO - Processing file /usr/local/lib/python3.8/dist-packages/airflow/example_dags/example_dag_decorator.py for tasks to queue
[2024-03-11T15:43:02.932+0000] {logging_mixin.py:188} INFO - [2024-03-11T15:43:02.931+0000] {dagbag.py:540} INFO - Filling up the DagBag from /usr/local/lib/python3.8/dist-packages/airflow/example_dags/example_dag_decorator.py
[2024-03-11T15:43:03.026+0000] {processor.py:840} INFO - DAG(s) 'example_dag_decorator' retrieved from /usr/local/lib/python3.8/dist-packages/airflow/example_dags/example_dag_decorator.py
[2024-03-11T15:43:03.135+0000] {logging_mixin.py:188} INFO - [2024-03-11T15:43:03.134+0000] {dag.py:3047} INFO - Sync 1 DAGs
[2024-03-11T15:43:03.146+0000] {logging_mixin.py:188} INFO - [2024-03-11T15:43:03.146+0000] {dag.py:3834} INFO - Setting next_dagrun for example_dag_decorator to None, run_after=None
[2024-03-11T15:43:03.177+0000] {processor.py:183} INFO - Processing /usr/local/lib/python3.8/dist-packages/airflow/example_dags/example_dag_decorator.py took 0.251 seconds
[2024-03-11T15:43:50.068+0000] {processor.py:161} INFO - Started process (PID=725) to work on /usr/local/lib/python3.8/dist-packages/airflow/example_dags/example_dag_decorator.py
[2024-03-11T15:43:50.071+0000] {processor.py:830} INFO - Processing file /usr/local/lib/python3.8/dist-packages/airflow/example_dags/example_dag_decorator.py for tasks to queue
[2024-03-11T15:43:50.072+0000] {logging_mixin.py:188} INFO - [2024-03-11T15:43:50.071+0000] {dagbag.py:540} INFO - Filling up the DagBag from /usr/local/lib/python3.8/dist-packages/airflow/example_dags/example_dag_decorator.py
[2024-03-11T15:43:50.166+0000] {processor.py:840} INFO - DAG(s) 'example_dag_decorator' retrieved from /usr/local/lib/python3.8/dist-packages/airflow/example_dags/example_dag_decorator.py
[2024-03-11T15:43:50.276+0000] {logging_mixin.py:188} INFO - [2024-03-11T15:43:50.275+0000] {dag.py:3047} INFO - Sync 1 DAGs
[2024-03-11T15:43:50.286+0000] {logging_mixin.py:188} INFO - [2024-03-11T15:43:50.286+0000] {dag.py:3834} INFO - Setting next_dagrun for example_dag_decorator to None, run_after=None
[2024-03-11T15:43:50.319+0000] {processor.py:183} INFO - Processing /usr/local/lib/python3.8/dist-packages/airflow/example_dags/example_dag_decorator.py took 0.254 seconds
[2024-03-11T15:44:46.368+0000] {processor.py:161} INFO - Started process (PID=781) to work on /usr/local/lib/python3.8/dist-packages/airflow/example_dags/example_dag_decorator.py
[2024-03-11T15:44:46.371+0000] {processor.py:830} INFO - Processing file /usr/local/lib/python3.8/dist-packages/airflow/example_dags/example_dag_decorator.py for tasks to queue
[2024-03-11T15:44:46.372+0000] {logging_mixin.py:188} INFO - [2024-03-11T15:44:46.371+0000] {dagbag.py:540} INFO - Filling up the DagBag from /usr/local/lib/python3.8/dist-packages/airflow/example_dags/example_dag_decorator.py
[2024-03-11T15:44:46.465+0000] {processor.py:840} INFO - DAG(s) 'example_dag_decorator' retrieved from /usr/local/lib/python3.8/dist-packages/airflow/example_dags/example_dag_decorator.py
[2024-03-11T15:44:46.575+0000] {logging_mixin.py:188} INFO - [2024-03-11T15:44:46.574+0000] {dag.py:3047} INFO - Sync 1 DAGs
[2024-03-11T15:44:46.585+0000] {logging_mixin.py:188} INFO - [2024-03-11T15:44:46.585+0000] {dag.py:3834} INFO - Setting next_dagrun for example_dag_decorator to None, run_after=None
[2024-03-11T15:44:46.614+0000] {processor.py:183} INFO - Processing /usr/local/lib/python3.8/dist-packages/airflow/example_dags/example_dag_decorator.py took 0.249 seconds
[2024-03-11T15:45:43.103+0000] {processor.py:161} INFO - Started process (PID=836) to work on /usr/local/lib/python3.8/dist-packages/airflow/example_dags/example_dag_decorator.py
[2024-03-11T15:45:43.106+0000] {processor.py:830} INFO - Processing file /usr/local/lib/python3.8/dist-packages/airflow/example_dags/example_dag_decorator.py for tasks to queue
[2024-03-11T15:45:43.107+0000] {logging_mixin.py:188} INFO - [2024-03-11T15:45:43.107+0000] {dagbag.py:540} INFO - Filling up the DagBag from /usr/local/lib/python3.8/dist-packages/airflow/example_dags/example_dag_decorator.py
[2024-03-11T15:45:43.205+0000] {processor.py:840} INFO - DAG(s) 'example_dag_decorator' retrieved from /usr/local/lib/python3.8/dist-packages/airflow/example_dags/example_dag_decorator.py
[2024-03-11T15:45:43.352+0000] {logging_mixin.py:188} INFO - [2024-03-11T15:45:43.352+0000] {dag.py:3047} INFO - Sync 1 DAGs
[2024-03-11T15:45:43.363+0000] {logging_mixin.py:188} INFO - [2024-03-11T15:45:43.362+0000] {dag.py:3834} INFO - Setting next_dagrun for example_dag_decorator to None, run_after=None
[2024-03-11T15:45:43.398+0000] {processor.py:183} INFO - Processing /usr/local/lib/python3.8/dist-packages/airflow/example_dags/example_dag_decorator.py took 0.297 seconds
[2024-03-11T15:46:45.672+0000] {processor.py:161} INFO - Started process (PID=895) to work on /usr/local/lib/python3.8/dist-packages/airflow/example_dags/example_dag_decorator.py
[2024-03-11T15:46:45.675+0000] {processor.py:830} INFO - Processing file /usr/local/lib/python3.8/dist-packages/airflow/example_dags/example_dag_decorator.py for tasks to queue
[2024-03-11T15:46:45.676+0000] {logging_mixin.py:188} INFO - [2024-03-11T15:46:45.675+0000] {dagbag.py:540} INFO - Filling up the DagBag from /usr/local/lib/python3.8/dist-packages/airflow/example_dags/example_dag_decorator.py
[2024-03-11T15:46:45.772+0000] {processor.py:840} INFO - DAG(s) 'example_dag_decorator' retrieved from /usr/local/lib/python3.8/dist-packages/airflow/example_dags/example_dag_decorator.py
[2024-03-11T15:46:45.890+0000] {logging_mixin.py:188} INFO - [2024-03-11T15:46:45.890+0000] {dag.py:3047} INFO - Sync 1 DAGs
[2024-03-11T15:46:45.901+0000] {logging_mixin.py:188} INFO - [2024-03-11T15:46:45.901+0000] {dag.py:3834} INFO - Setting next_dagrun for example_dag_decorator to None, run_after=None
[2024-03-11T15:46:45.930+0000] {processor.py:183} INFO - Processing /usr/local/lib/python3.8/dist-packages/airflow/example_dags/example_dag_decorator.py took 0.261 seconds
[2024-03-11T15:47:42.276+0000] {processor.py:161} INFO - Started process (PID=950) to work on /usr/local/lib/python3.8/dist-packages/airflow/example_dags/example_dag_decorator.py
[2024-03-11T15:47:42.278+0000] {processor.py:830} INFO - Processing file /usr/local/lib/python3.8/dist-packages/airflow/example_dags/example_dag_decorator.py for tasks to queue
[2024-03-11T15:47:42.279+0000] {logging_mixin.py:188} INFO - [2024-03-11T15:47:42.279+0000] {dagbag.py:540} INFO - Filling up the DagBag from /usr/local/lib/python3.8/dist-packages/airflow/example_dags/example_dag_decorator.py
[2024-03-11T15:47:42.373+0000] {processor.py:840} INFO - DAG(s) 'example_dag_decorator' retrieved from /usr/local/lib/python3.8/dist-packages/airflow/example_dags/example_dag_decorator.py
[2024-03-11T15:47:42.398+0000] {logging_mixin.py:188} INFO - [2024-03-11T15:47:42.398+0000] {dag.py:3047} INFO - Sync 1 DAGs
[2024-03-11T15:47:42.411+0000] {logging_mixin.py:188} INFO - [2024-03-11T15:47:42.411+0000] {dag.py:3834} INFO - Setting next_dagrun for example_dag_decorator to None, run_after=None
[2024-03-11T15:47:42.443+0000] {processor.py:183} INFO - Processing /usr/local/lib/python3.8/dist-packages/airflow/example_dags/example_dag_decorator.py took 0.170 seconds
[2024-03-11T15:48:42.293+0000] {processor.py:161} INFO - Started process (PID=1009) to work on /usr/local/lib/python3.8/dist-packages/airflow/example_dags/example_dag_decorator.py
[2024-03-11T15:48:42.295+0000] {processor.py:830} INFO - Processing file /usr/local/lib/python3.8/dist-packages/airflow/example_dags/example_dag_decorator.py for tasks to queue
[2024-03-11T15:48:42.296+0000] {logging_mixin.py:188} INFO - [2024-03-11T15:48:42.296+0000] {dagbag.py:540} INFO - Filling up the DagBag from /usr/local/lib/python3.8/dist-packages/airflow/example_dags/example_dag_decorator.py
[2024-03-11T15:48:42.391+0000] {processor.py:840} INFO - DAG(s) 'example_dag_decorator' retrieved from /usr/local/lib/python3.8/dist-packages/airflow/example_dags/example_dag_decorator.py
[2024-03-11T15:48:42.503+0000] {logging_mixin.py:188} INFO - [2024-03-11T15:48:42.503+0000] {dag.py:3047} INFO - Sync 1 DAGs
[2024-03-11T15:48:42.515+0000] {logging_mixin.py:188} INFO - [2024-03-11T15:48:42.515+0000] {dag.py:3834} INFO - Setting next_dagrun for example_dag_decorator to None, run_after=None
[2024-03-11T15:48:42.545+0000] {processor.py:183} INFO - Processing /usr/local/lib/python3.8/dist-packages/airflow/example_dags/example_dag_decorator.py took 0.254 seconds
[2024-03-11T15:49:49.539+0000] {processor.py:161} INFO - Started process (PID=1070) to work on /usr/local/lib/python3.8/dist-packages/airflow/example_dags/example_dag_decorator.py
[2024-03-11T15:49:49.541+0000] {processor.py:830} INFO - Processing file /usr/local/lib/python3.8/dist-packages/airflow/example_dags/example_dag_decorator.py for tasks to queue
[2024-03-11T15:49:49.542+0000] {logging_mixin.py:188} INFO - [2024-03-11T15:49:49.541+0000] {dagbag.py:540} INFO - Filling up the DagBag from /usr/local/lib/python3.8/dist-packages/airflow/example_dags/example_dag_decorator.py
[2024-03-11T15:49:49.635+0000] {processor.py:840} INFO - DAG(s) 'example_dag_decorator' retrieved from /usr/local/lib/python3.8/dist-packages/airflow/example_dags/example_dag_decorator.py
[2024-03-11T15:49:49.744+0000] {logging_mixin.py:188} INFO - [2024-03-11T15:49:49.744+0000] {dag.py:3047} INFO - Sync 1 DAGs
[2024-03-11T15:49:49.755+0000] {logging_mixin.py:188} INFO - [2024-03-11T15:49:49.754+0000] {dag.py:3834} INFO - Setting next_dagrun for example_dag_decorator to None, run_after=None
[2024-03-11T15:49:49.786+0000] {processor.py:183} INFO - Processing /usr/local/lib/python3.8/dist-packages/airflow/example_dags/example_dag_decorator.py took 0.250 seconds
[2024-03-11T15:50:41.731+0000] {processor.py:161} INFO - Started process (PID=1123) to work on /usr/local/lib/python3.8/dist-packages/airflow/example_dags/example_dag_decorator.py
[2024-03-11T15:50:41.733+0000] {processor.py:830} INFO - Processing file /usr/local/lib/python3.8/dist-packages/airflow/example_dags/example_dag_decorator.py for tasks to queue
[2024-03-11T15:50:41.734+0000] {logging_mixin.py:188} INFO - [2024-03-11T15:50:41.733+0000] {dagbag.py:540} INFO - Filling up the DagBag from /usr/local/lib/python3.8/dist-packages/airflow/example_dags/example_dag_decorator.py
[2024-03-11T15:50:41.827+0000] {processor.py:840} INFO - DAG(s) 'example_dag_decorator' retrieved from /usr/local/lib/python3.8/dist-packages/airflow/example_dags/example_dag_decorator.py
[2024-03-11T15:50:41.935+0000] {logging_mixin.py:188} INFO - [2024-03-11T15:50:41.935+0000] {dag.py:3047} INFO - Sync 1 DAGs
[2024-03-11T15:50:41.946+0000] {logging_mixin.py:188} INFO - [2024-03-11T15:50:41.946+0000] {dag.py:3834} INFO - Setting next_dagrun for example_dag_decorator to None, run_after=None
[2024-03-11T15:50:41.979+0000] {processor.py:183} INFO - Processing /usr/local/lib/python3.8/dist-packages/airflow/example_dags/example_dag_decorator.py took 0.252 seconds
[2024-03-11T15:51:29.864+0000] {processor.py:161} INFO - Started process (PID=1185) to work on /usr/local/lib/python3.8/dist-packages/airflow/example_dags/example_dag_decorator.py
[2024-03-11T15:51:29.867+0000] {processor.py:830} INFO - Processing file /usr/local/lib/python3.8/dist-packages/airflow/example_dags/example_dag_decorator.py for tasks to queue
[2024-03-11T15:51:29.868+0000] {logging_mixin.py:188} INFO - [2024-03-11T15:51:29.867+0000] {dagbag.py:540} INFO - Filling up the DagBag from /usr/local/lib/python3.8/dist-packages/airflow/example_dags/example_dag_decorator.py
[2024-03-11T15:51:29.945+0000] {processor.py:840} INFO - DAG(s) 'example_dag_decorator' retrieved from /usr/local/lib/python3.8/dist-packages/airflow/example_dags/example_dag_decorator.py
[2024-03-11T15:51:30.028+0000] {logging_mixin.py:188} INFO - [2024-03-11T15:51:30.028+0000] {dag.py:3047} INFO - Sync 1 DAGs
[2024-03-11T15:51:30.036+0000] {logging_mixin.py:188} INFO - [2024-03-11T15:51:30.036+0000] {dag.py:3834} INFO - Setting next_dagrun for example_dag_decorator to None, run_after=None
[2024-03-11T15:51:30.062+0000] {processor.py:183} INFO - Processing /usr/local/lib/python3.8/dist-packages/airflow/example_dags/example_dag_decorator.py took 0.202 seconds
[2024-03-11T15:52:30.937+0000] {processor.py:161} INFO - Started process (PID=1249) to work on /usr/local/lib/python3.8/dist-packages/airflow/example_dags/example_dag_decorator.py
[2024-03-11T15:52:30.939+0000] {processor.py:830} INFO - Processing file /usr/local/lib/python3.8/dist-packages/airflow/example_dags/example_dag_decorator.py for tasks to queue
[2024-03-11T15:52:30.940+0000] {logging_mixin.py:188} INFO - [2024-03-11T15:52:30.940+0000] {dagbag.py:540} INFO - Filling up the DagBag from /usr/local/lib/python3.8/dist-packages/airflow/example_dags/example_dag_decorator.py
[2024-03-11T15:52:31.032+0000] {processor.py:840} INFO - DAG(s) 'example_dag_decorator' retrieved from /usr/local/lib/python3.8/dist-packages/airflow/example_dags/example_dag_decorator.py
[2024-03-11T15:52:31.146+0000] {logging_mixin.py:188} INFO - [2024-03-11T15:52:31.146+0000] {dag.py:3047} INFO - Sync 1 DAGs
[2024-03-11T15:52:31.157+0000] {logging_mixin.py:188} INFO - [2024-03-11T15:52:31.157+0000] {dag.py:3834} INFO - Setting next_dagrun for example_dag_decorator to None, run_after=None
[2024-03-11T15:52:31.186+0000] {processor.py:183} INFO - Processing /usr/local/lib/python3.8/dist-packages/airflow/example_dags/example_dag_decorator.py took 0.253 seconds
[2024-03-11T15:53:19.410+0000] {processor.py:161} INFO - Started process (PID=1296) to work on /usr/local/lib/python3.8/dist-packages/airflow/example_dags/example_dag_decorator.py
[2024-03-11T15:53:19.413+0000] {processor.py:830} INFO - Processing file /usr/local/lib/python3.8/dist-packages/airflow/example_dags/example_dag_decorator.py for tasks to queue
[2024-03-11T15:53:19.414+0000] {logging_mixin.py:188} INFO - [2024-03-11T15:53:19.413+0000] {dagbag.py:540} INFO - Filling up the DagBag from /usr/local/lib/python3.8/dist-packages/airflow/example_dags/example_dag_decorator.py
[2024-03-11T15:53:19.507+0000] {processor.py:840} INFO - DAG(s) 'example_dag_decorator' retrieved from /usr/local/lib/python3.8/dist-packages/airflow/example_dags/example_dag_decorator.py
[2024-03-11T15:53:19.528+0000] {logging_mixin.py:188} INFO - [2024-03-11T15:53:19.528+0000] {dag.py:3047} INFO - Sync 1 DAGs
[2024-03-11T15:53:19.540+0000] {logging_mixin.py:188} INFO - [2024-03-11T15:53:19.540+0000] {dag.py:3834} INFO - Setting next_dagrun for example_dag_decorator to None, run_after=None
[2024-03-11T15:53:19.573+0000] {processor.py:183} INFO - Processing /usr/local/lib/python3.8/dist-packages/airflow/example_dags/example_dag_decorator.py took 0.166 seconds
[2024-03-11T15:54:06.984+0000] {processor.py:161} INFO - Started process (PID=1352) to work on /usr/local/lib/python3.8/dist-packages/airflow/example_dags/example_dag_decorator.py
[2024-03-11T15:54:06.986+0000] {processor.py:830} INFO - Processing file /usr/local/lib/python3.8/dist-packages/airflow/example_dags/example_dag_decorator.py for tasks to queue
[2024-03-11T15:54:06.987+0000] {logging_mixin.py:188} INFO - [2024-03-11T15:54:06.986+0000] {dagbag.py:540} INFO - Filling up the DagBag from /usr/local/lib/python3.8/dist-packages/airflow/example_dags/example_dag_decorator.py
[2024-03-11T15:54:07.080+0000] {processor.py:840} INFO - DAG(s) 'example_dag_decorator' retrieved from /usr/local/lib/python3.8/dist-packages/airflow/example_dags/example_dag_decorator.py
[2024-03-11T15:54:07.088+0000] {logging_mixin.py:188} INFO - [2024-03-11T15:54:07.088+0000] {dag.py:3047} INFO - Sync 1 DAGs
[2024-03-11T15:54:07.101+0000] {logging_mixin.py:188} INFO - [2024-03-11T15:54:07.101+0000] {dag.py:3834} INFO - Setting next_dagrun for example_dag_decorator to None, run_after=None
[2024-03-11T15:54:07.131+0000] {processor.py:183} INFO - Processing /usr/local/lib/python3.8/dist-packages/airflow/example_dags/example_dag_decorator.py took 0.151 seconds
[2024-03-11T15:54:59.699+0000] {processor.py:161} INFO - Started process (PID=1411) to work on /usr/local/lib/python3.8/dist-packages/airflow/example_dags/example_dag_decorator.py
[2024-03-11T15:54:59.702+0000] {processor.py:830} INFO - Processing file /usr/local/lib/python3.8/dist-packages/airflow/example_dags/example_dag_decorator.py for tasks to queue
[2024-03-11T15:54:59.703+0000] {logging_mixin.py:188} INFO - [2024-03-11T15:54:59.702+0000] {dagbag.py:540} INFO - Filling up the DagBag from /usr/local/lib/python3.8/dist-packages/airflow/example_dags/example_dag_decorator.py
[2024-03-11T15:54:59.798+0000] {processor.py:840} INFO - DAG(s) 'example_dag_decorator' retrieved from /usr/local/lib/python3.8/dist-packages/airflow/example_dags/example_dag_decorator.py
[2024-03-11T15:54:59.910+0000] {logging_mixin.py:188} INFO - [2024-03-11T15:54:59.910+0000] {dag.py:3047} INFO - Sync 1 DAGs
[2024-03-11T15:54:59.920+0000] {logging_mixin.py:188} INFO - [2024-03-11T15:54:59.920+0000] {dag.py:3834} INFO - Setting next_dagrun for example_dag_decorator to None, run_after=None
[2024-03-11T15:54:59.951+0000] {processor.py:183} INFO - Processing /usr/local/lib/python3.8/dist-packages/airflow/example_dags/example_dag_decorator.py took 0.255 seconds
[2024-03-11T15:55:57.831+0000] {processor.py:161} INFO - Started process (PID=1471) to work on /usr/local/lib/python3.8/dist-packages/airflow/example_dags/example_dag_decorator.py
[2024-03-11T15:55:57.833+0000] {processor.py:830} INFO - Processing file /usr/local/lib/python3.8/dist-packages/airflow/example_dags/example_dag_decorator.py for tasks to queue
[2024-03-11T15:55:57.834+0000] {logging_mixin.py:188} INFO - [2024-03-11T15:55:57.834+0000] {dagbag.py:540} INFO - Filling up the DagBag from /usr/local/lib/python3.8/dist-packages/airflow/example_dags/example_dag_decorator.py
[2024-03-11T15:55:58.029+0000] {processor.py:840} INFO - DAG(s) 'example_dag_decorator' retrieved from /usr/local/lib/python3.8/dist-packages/airflow/example_dags/example_dag_decorator.py
[2024-03-11T15:55:58.131+0000] {logging_mixin.py:188} INFO - [2024-03-11T15:55:58.131+0000] {dag.py:3047} INFO - Sync 1 DAGs
[2024-03-11T15:55:58.141+0000] {logging_mixin.py:188} INFO - [2024-03-11T15:55:58.141+0000] {dag.py:3834} INFO - Setting next_dagrun for example_dag_decorator to None, run_after=None
[2024-03-11T15:55:58.175+0000] {processor.py:183} INFO - Processing /usr/local/lib/python3.8/dist-packages/airflow/example_dags/example_dag_decorator.py took 0.347 seconds
[2024-03-11T15:56:55.966+0000] {processor.py:161} INFO - Started process (PID=1523) to work on /usr/local/lib/python3.8/dist-packages/airflow/example_dags/example_dag_decorator.py
[2024-03-11T15:56:55.968+0000] {processor.py:830} INFO - Processing file /usr/local/lib/python3.8/dist-packages/airflow/example_dags/example_dag_decorator.py for tasks to queue
[2024-03-11T15:56:55.969+0000] {logging_mixin.py:188} INFO - [2024-03-11T15:56:55.969+0000] {dagbag.py:540} INFO - Filling up the DagBag from /usr/local/lib/python3.8/dist-packages/airflow/example_dags/example_dag_decorator.py
[2024-03-11T15:56:56.062+0000] {processor.py:840} INFO - DAG(s) 'example_dag_decorator' retrieved from /usr/local/lib/python3.8/dist-packages/airflow/example_dags/example_dag_decorator.py
[2024-03-11T15:56:56.167+0000] {logging_mixin.py:188} INFO - [2024-03-11T15:56:56.167+0000] {dag.py:3047} INFO - Sync 1 DAGs
[2024-03-11T15:56:56.176+0000] {logging_mixin.py:188} INFO - [2024-03-11T15:56:56.176+0000] {dag.py:3834} INFO - Setting next_dagrun for example_dag_decorator to None, run_after=None
[2024-03-11T15:56:56.201+0000] {processor.py:183} INFO - Processing /usr/local/lib/python3.8/dist-packages/airflow/example_dags/example_dag_decorator.py took 0.238 seconds
[2024-03-11T15:57:50.219+0000] {processor.py:161} INFO - Started process (PID=1575) to work on /usr/local/lib/python3.8/dist-packages/airflow/example_dags/example_dag_decorator.py
[2024-03-11T15:57:50.221+0000] {processor.py:830} INFO - Processing file /usr/local/lib/python3.8/dist-packages/airflow/example_dags/example_dag_decorator.py for tasks to queue
[2024-03-11T15:57:50.222+0000] {logging_mixin.py:188} INFO - [2024-03-11T15:57:50.222+0000] {dagbag.py:540} INFO - Filling up the DagBag from /usr/local/lib/python3.8/dist-packages/airflow/example_dags/example_dag_decorator.py
[2024-03-11T15:57:50.314+0000] {processor.py:840} INFO - DAG(s) 'example_dag_decorator' retrieved from /usr/local/lib/python3.8/dist-packages/airflow/example_dags/example_dag_decorator.py
[2024-03-11T15:57:50.421+0000] {logging_mixin.py:188} INFO - [2024-03-11T15:57:50.420+0000] {dag.py:3047} INFO - Sync 1 DAGs
[2024-03-11T15:57:50.428+0000] {logging_mixin.py:188} INFO - [2024-03-11T15:57:50.428+0000] {dag.py:3834} INFO - Setting next_dagrun for example_dag_decorator to None, run_after=None
[2024-03-11T15:57:50.453+0000] {processor.py:183} INFO - Processing /usr/local/lib/python3.8/dist-packages/airflow/example_dags/example_dag_decorator.py took 0.237 seconds
[2024-03-11T15:58:45.254+0000] {processor.py:161} INFO - Started process (PID=1821) to work on /usr/local/lib/python3.8/dist-packages/airflow/example_dags/example_dag_decorator.py
[2024-03-11T15:58:45.256+0000] {processor.py:830} INFO - Processing file /usr/local/lib/python3.8/dist-packages/airflow/example_dags/example_dag_decorator.py for tasks to queue
[2024-03-11T15:58:45.257+0000] {logging_mixin.py:188} INFO - [2024-03-11T15:58:45.257+0000] {dagbag.py:540} INFO - Filling up the DagBag from /usr/local/lib/python3.8/dist-packages/airflow/example_dags/example_dag_decorator.py
[2024-03-11T15:58:45.349+0000] {processor.py:840} INFO - DAG(s) 'example_dag_decorator' retrieved from /usr/local/lib/python3.8/dist-packages/airflow/example_dags/example_dag_decorator.py
[2024-03-11T15:58:45.455+0000] {logging_mixin.py:188} INFO - [2024-03-11T15:58:45.454+0000] {dag.py:3047} INFO - Sync 1 DAGs
[2024-03-11T15:58:45.462+0000] {logging_mixin.py:188} INFO - [2024-03-11T15:58:45.462+0000] {dag.py:3834} INFO - Setting next_dagrun for example_dag_decorator to None, run_after=None
[2024-03-11T15:58:45.488+0000] {processor.py:183} INFO - Processing /usr/local/lib/python3.8/dist-packages/airflow/example_dags/example_dag_decorator.py took 0.237 seconds
[2024-03-11T16:08:54.755+0000] {processor.py:161} INFO - Started process (PID=446) to work on /usr/local/lib/python3.8/dist-packages/airflow/example_dags/example_dag_decorator.py
[2024-03-11T16:08:54.757+0000] {processor.py:830} INFO - Processing file /usr/local/lib/python3.8/dist-packages/airflow/example_dags/example_dag_decorator.py for tasks to queue
[2024-03-11T16:08:54.758+0000] {logging_mixin.py:188} INFO - [2024-03-11T16:08:54.758+0000] {dagbag.py:540} INFO - Filling up the DagBag from /usr/local/lib/python3.8/dist-packages/airflow/example_dags/example_dag_decorator.py
[2024-03-11T16:08:54.949+0000] {processor.py:840} INFO - DAG(s) 'example_dag_decorator' retrieved from /usr/local/lib/python3.8/dist-packages/airflow/example_dags/example_dag_decorator.py
[2024-03-11T16:08:55.039+0000] {logging_mixin.py:188} INFO - [2024-03-11T16:08:55.039+0000] {dag.py:3047} INFO - Sync 1 DAGs
[2024-03-11T16:08:55.046+0000] {logging_mixin.py:188} INFO - [2024-03-11T16:08:55.046+0000] {dag.py:3834} INFO - Setting next_dagrun for example_dag_decorator to None, run_after=None
[2024-03-11T16:08:55.071+0000] {processor.py:183} INFO - Processing /usr/local/lib/python3.8/dist-packages/airflow/example_dags/example_dag_decorator.py took 0.320 seconds
[2024-03-11T16:09:48.743+0000] {processor.py:161} INFO - Started process (PID=499) to work on /usr/local/lib/python3.8/dist-packages/airflow/example_dags/example_dag_decorator.py
[2024-03-11T16:09:48.746+0000] {processor.py:830} INFO - Processing file /usr/local/lib/python3.8/dist-packages/airflow/example_dags/example_dag_decorator.py for tasks to queue
[2024-03-11T16:09:48.747+0000] {logging_mixin.py:188} INFO - [2024-03-11T16:09:48.746+0000] {dagbag.py:540} INFO - Filling up the DagBag from /usr/local/lib/python3.8/dist-packages/airflow/example_dags/example_dag_decorator.py
[2024-03-11T16:09:48.839+0000] {processor.py:840} INFO - DAG(s) 'example_dag_decorator' retrieved from /usr/local/lib/python3.8/dist-packages/airflow/example_dags/example_dag_decorator.py
[2024-03-11T16:09:48.968+0000] {logging_mixin.py:188} INFO - [2024-03-11T16:09:48.967+0000] {dag.py:3047} INFO - Sync 1 DAGs
[2024-03-11T16:09:48.978+0000] {logging_mixin.py:188} INFO - [2024-03-11T16:09:48.978+0000] {dag.py:3834} INFO - Setting next_dagrun for example_dag_decorator to None, run_after=None
[2024-03-11T16:09:49.008+0000] {processor.py:183} INFO - Processing /usr/local/lib/python3.8/dist-packages/airflow/example_dags/example_dag_decorator.py took 0.268 seconds
[2024-03-11T16:10:42.790+0000] {processor.py:161} INFO - Started process (PID=552) to work on /usr/local/lib/python3.8/dist-packages/airflow/example_dags/example_dag_decorator.py
[2024-03-11T16:10:42.793+0000] {processor.py:830} INFO - Processing file /usr/local/lib/python3.8/dist-packages/airflow/example_dags/example_dag_decorator.py for tasks to queue
[2024-03-11T16:10:42.794+0000] {logging_mixin.py:188} INFO - [2024-03-11T16:10:42.793+0000] {dagbag.py:540} INFO - Filling up the DagBag from /usr/local/lib/python3.8/dist-packages/airflow/example_dags/example_dag_decorator.py
[2024-03-11T16:10:42.889+0000] {processor.py:840} INFO - DAG(s) 'example_dag_decorator' retrieved from /usr/local/lib/python3.8/dist-packages/airflow/example_dags/example_dag_decorator.py
[2024-03-11T16:10:42.997+0000] {logging_mixin.py:188} INFO - [2024-03-11T16:10:42.996+0000] {dag.py:3047} INFO - Sync 1 DAGs
[2024-03-11T16:10:43.007+0000] {logging_mixin.py:188} INFO - [2024-03-11T16:10:43.007+0000] {dag.py:3834} INFO - Setting next_dagrun for example_dag_decorator to None, run_after=None
[2024-03-11T16:10:43.038+0000] {processor.py:183} INFO - Processing /usr/local/lib/python3.8/dist-packages/airflow/example_dags/example_dag_decorator.py took 0.251 seconds
[2024-03-11T16:11:39.061+0000] {processor.py:161} INFO - Started process (PID=615) to work on /usr/local/lib/python3.8/dist-packages/airflow/example_dags/example_dag_decorator.py
[2024-03-11T16:11:39.063+0000] {processor.py:830} INFO - Processing file /usr/local/lib/python3.8/dist-packages/airflow/example_dags/example_dag_decorator.py for tasks to queue
[2024-03-11T16:11:39.064+0000] {logging_mixin.py:188} INFO - [2024-03-11T16:11:39.064+0000] {dagbag.py:540} INFO - Filling up the DagBag from /usr/local/lib/python3.8/dist-packages/airflow/example_dags/example_dag_decorator.py
[2024-03-11T16:11:39.159+0000] {processor.py:840} INFO - DAG(s) 'example_dag_decorator' retrieved from /usr/local/lib/python3.8/dist-packages/airflow/example_dags/example_dag_decorator.py
[2024-03-11T16:11:39.266+0000] {logging_mixin.py:188} INFO - [2024-03-11T16:11:39.266+0000] {dag.py:3047} INFO - Sync 1 DAGs
[2024-03-11T16:11:39.278+0000] {logging_mixin.py:188} INFO - [2024-03-11T16:11:39.277+0000] {dag.py:3834} INFO - Setting next_dagrun for example_dag_decorator to None, run_after=None
[2024-03-11T16:11:39.309+0000] {processor.py:183} INFO - Processing /usr/local/lib/python3.8/dist-packages/airflow/example_dags/example_dag_decorator.py took 0.251 seconds
[2024-03-11T16:12:33.587+0000] {processor.py:161} INFO - Started process (PID=668) to work on /usr/local/lib/python3.8/dist-packages/airflow/example_dags/example_dag_decorator.py
[2024-03-11T16:12:33.590+0000] {processor.py:830} INFO - Processing file /usr/local/lib/python3.8/dist-packages/airflow/example_dags/example_dag_decorator.py for tasks to queue
[2024-03-11T16:12:33.591+0000] {logging_mixin.py:188} INFO - [2024-03-11T16:12:33.590+0000] {dagbag.py:540} INFO - Filling up the DagBag from /usr/local/lib/python3.8/dist-packages/airflow/example_dags/example_dag_decorator.py
[2024-03-11T16:12:33.683+0000] {processor.py:840} INFO - DAG(s) 'example_dag_decorator' retrieved from /usr/local/lib/python3.8/dist-packages/airflow/example_dags/example_dag_decorator.py
[2024-03-11T16:12:33.789+0000] {logging_mixin.py:188} INFO - [2024-03-11T16:12:33.789+0000] {dag.py:3047} INFO - Sync 1 DAGs
[2024-03-11T16:12:33.799+0000] {logging_mixin.py:188} INFO - [2024-03-11T16:12:33.799+0000] {dag.py:3834} INFO - Setting next_dagrun for example_dag_decorator to None, run_after=None
[2024-03-11T16:12:33.831+0000] {processor.py:183} INFO - Processing /usr/local/lib/python3.8/dist-packages/airflow/example_dags/example_dag_decorator.py took 0.247 seconds
[2024-03-11T16:13:43.806+0000] {processor.py:161} INFO - Started process (PID=751) to work on /usr/local/lib/python3.8/dist-packages/airflow/example_dags/example_dag_decorator.py
[2024-03-11T16:13:43.809+0000] {processor.py:830} INFO - Processing file /usr/local/lib/python3.8/dist-packages/airflow/example_dags/example_dag_decorator.py for tasks to queue
[2024-03-11T16:13:43.810+0000] {logging_mixin.py:188} INFO - [2024-03-11T16:13:43.809+0000] {dagbag.py:540} INFO - Filling up the DagBag from /usr/local/lib/python3.8/dist-packages/airflow/example_dags/example_dag_decorator.py
[2024-03-11T16:13:43.903+0000] {processor.py:840} INFO - DAG(s) 'example_dag_decorator' retrieved from /usr/local/lib/python3.8/dist-packages/airflow/example_dags/example_dag_decorator.py
[2024-03-11T16:13:44.012+0000] {logging_mixin.py:188} INFO - [2024-03-11T16:13:44.011+0000] {dag.py:3047} INFO - Sync 1 DAGs
[2024-03-11T16:13:44.022+0000] {logging_mixin.py:188} INFO - [2024-03-11T16:13:44.022+0000] {dag.py:3834} INFO - Setting next_dagrun for example_dag_decorator to None, run_after=None
[2024-03-11T16:13:44.058+0000] {processor.py:183} INFO - Processing /usr/local/lib/python3.8/dist-packages/airflow/example_dags/example_dag_decorator.py took 0.255 seconds
[2024-03-11T16:14:34.499+0000] {processor.py:161} INFO - Started process (PID=804) to work on /usr/local/lib/python3.8/dist-packages/airflow/example_dags/example_dag_decorator.py
[2024-03-11T16:14:34.501+0000] {processor.py:830} INFO - Processing file /usr/local/lib/python3.8/dist-packages/airflow/example_dags/example_dag_decorator.py for tasks to queue
[2024-03-11T16:14:34.502+0000] {logging_mixin.py:188} INFO - [2024-03-11T16:14:34.501+0000] {dagbag.py:540} INFO - Filling up the DagBag from /usr/local/lib/python3.8/dist-packages/airflow/example_dags/example_dag_decorator.py
[2024-03-11T16:14:34.596+0000] {processor.py:840} INFO - DAG(s) 'example_dag_decorator' retrieved from /usr/local/lib/python3.8/dist-packages/airflow/example_dags/example_dag_decorator.py
[2024-03-11T16:14:34.704+0000] {logging_mixin.py:188} INFO - [2024-03-11T16:14:34.703+0000] {dag.py:3047} INFO - Sync 1 DAGs
[2024-03-11T16:14:34.715+0000] {logging_mixin.py:188} INFO - [2024-03-11T16:14:34.715+0000] {dag.py:3834} INFO - Setting next_dagrun for example_dag_decorator to None, run_after=None
[2024-03-11T16:14:34.745+0000] {processor.py:183} INFO - Processing /usr/local/lib/python3.8/dist-packages/airflow/example_dags/example_dag_decorator.py took 0.249 seconds
[2024-03-11T16:15:21.499+0000] {processor.py:161} INFO - Started process (PID=850) to work on /usr/local/lib/python3.8/dist-packages/airflow/example_dags/example_dag_decorator.py
[2024-03-11T16:15:21.500+0000] {processor.py:830} INFO - Processing file /usr/local/lib/python3.8/dist-packages/airflow/example_dags/example_dag_decorator.py for tasks to queue
[2024-03-11T16:15:21.502+0000] {logging_mixin.py:188} INFO - [2024-03-11T16:15:21.501+0000] {dagbag.py:540} INFO - Filling up the DagBag from /usr/local/lib/python3.8/dist-packages/airflow/example_dags/example_dag_decorator.py
[2024-03-11T16:15:21.594+0000] {processor.py:840} INFO - DAG(s) 'example_dag_decorator' retrieved from /usr/local/lib/python3.8/dist-packages/airflow/example_dags/example_dag_decorator.py
[2024-03-11T16:15:21.615+0000] {logging_mixin.py:188} INFO - [2024-03-11T16:15:21.615+0000] {dag.py:3047} INFO - Sync 1 DAGs
[2024-03-11T16:15:21.629+0000] {logging_mixin.py:188} INFO - [2024-03-11T16:15:21.629+0000] {dag.py:3834} INFO - Setting next_dagrun for example_dag_decorator to None, run_after=None
[2024-03-11T16:15:21.658+0000] {processor.py:183} INFO - Processing /usr/local/lib/python3.8/dist-packages/airflow/example_dags/example_dag_decorator.py took 0.162 seconds
[2024-03-11T16:16:08.996+0000] {processor.py:161} INFO - Started process (PID=898) to work on /usr/local/lib/python3.8/dist-packages/airflow/example_dags/example_dag_decorator.py
[2024-03-11T16:16:08.998+0000] {processor.py:830} INFO - Processing file /usr/local/lib/python3.8/dist-packages/airflow/example_dags/example_dag_decorator.py for tasks to queue
[2024-03-11T16:16:08.999+0000] {logging_mixin.py:188} INFO - [2024-03-11T16:16:08.999+0000] {dagbag.py:540} INFO - Filling up the DagBag from /usr/local/lib/python3.8/dist-packages/airflow/example_dags/example_dag_decorator.py
[2024-03-11T16:16:09.095+0000] {processor.py:840} INFO - DAG(s) 'example_dag_decorator' retrieved from /usr/local/lib/python3.8/dist-packages/airflow/example_dags/example_dag_decorator.py
[2024-03-11T16:16:09.115+0000] {logging_mixin.py:188} INFO - [2024-03-11T16:16:09.115+0000] {dag.py:3047} INFO - Sync 1 DAGs
[2024-03-11T16:16:09.129+0000] {logging_mixin.py:188} INFO - [2024-03-11T16:16:09.129+0000] {dag.py:3834} INFO - Setting next_dagrun for example_dag_decorator to None, run_after=None
[2024-03-11T16:16:09.159+0000] {processor.py:183} INFO - Processing /usr/local/lib/python3.8/dist-packages/airflow/example_dags/example_dag_decorator.py took 0.166 seconds
[2024-03-11T16:16:55.967+0000] {processor.py:161} INFO - Started process (PID=944) to work on /usr/local/lib/python3.8/dist-packages/airflow/example_dags/example_dag_decorator.py
[2024-03-11T16:16:55.969+0000] {processor.py:830} INFO - Processing file /usr/local/lib/python3.8/dist-packages/airflow/example_dags/example_dag_decorator.py for tasks to queue
[2024-03-11T16:16:55.970+0000] {logging_mixin.py:188} INFO - [2024-03-11T16:16:55.970+0000] {dagbag.py:540} INFO - Filling up the DagBag from /usr/local/lib/python3.8/dist-packages/airflow/example_dags/example_dag_decorator.py
[2024-03-11T16:16:56.069+0000] {processor.py:840} INFO - DAG(s) 'example_dag_decorator' retrieved from /usr/local/lib/python3.8/dist-packages/airflow/example_dags/example_dag_decorator.py
[2024-03-11T16:16:56.178+0000] {logging_mixin.py:188} INFO - [2024-03-11T16:16:56.177+0000] {dag.py:3047} INFO - Sync 1 DAGs
[2024-03-11T16:16:56.188+0000] {logging_mixin.py:188} INFO - [2024-03-11T16:16:56.188+0000] {dag.py:3834} INFO - Setting next_dagrun for example_dag_decorator to None, run_after=None
[2024-03-11T16:16:56.218+0000] {processor.py:183} INFO - Processing /usr/local/lib/python3.8/dist-packages/airflow/example_dags/example_dag_decorator.py took 0.254 seconds
[2024-03-11T16:17:42.602+0000] {processor.py:161} INFO - Started process (PID=991) to work on /usr/local/lib/python3.8/dist-packages/airflow/example_dags/example_dag_decorator.py
[2024-03-11T16:17:42.604+0000] {processor.py:830} INFO - Processing file /usr/local/lib/python3.8/dist-packages/airflow/example_dags/example_dag_decorator.py for tasks to queue
[2024-03-11T16:17:42.605+0000] {logging_mixin.py:188} INFO - [2024-03-11T16:17:42.604+0000] {dagbag.py:540} INFO - Filling up the DagBag from /usr/local/lib/python3.8/dist-packages/airflow/example_dags/example_dag_decorator.py
[2024-03-11T16:17:42.698+0000] {processor.py:840} INFO - DAG(s) 'example_dag_decorator' retrieved from /usr/local/lib/python3.8/dist-packages/airflow/example_dags/example_dag_decorator.py
[2024-03-11T16:17:42.807+0000] {logging_mixin.py:188} INFO - [2024-03-11T16:17:42.807+0000] {dag.py:3047} INFO - Sync 1 DAGs
[2024-03-11T16:17:42.817+0000] {logging_mixin.py:188} INFO - [2024-03-11T16:17:42.817+0000] {dag.py:3834} INFO - Setting next_dagrun for example_dag_decorator to None, run_after=None
[2024-03-11T16:17:42.846+0000] {processor.py:183} INFO - Processing /usr/local/lib/python3.8/dist-packages/airflow/example_dags/example_dag_decorator.py took 0.247 seconds
[2024-03-11T16:18:32.805+0000] {processor.py:161} INFO - Started process (PID=1039) to work on /usr/local/lib/python3.8/dist-packages/airflow/example_dags/example_dag_decorator.py
[2024-03-11T16:18:32.807+0000] {processor.py:830} INFO - Processing file /usr/local/lib/python3.8/dist-packages/airflow/example_dags/example_dag_decorator.py for tasks to queue
[2024-03-11T16:18:32.808+0000] {logging_mixin.py:188} INFO - [2024-03-11T16:18:32.808+0000] {dagbag.py:540} INFO - Filling up the DagBag from /usr/local/lib/python3.8/dist-packages/airflow/example_dags/example_dag_decorator.py
[2024-03-11T16:18:32.901+0000] {processor.py:840} INFO - DAG(s) 'example_dag_decorator' retrieved from /usr/local/lib/python3.8/dist-packages/airflow/example_dags/example_dag_decorator.py
[2024-03-11T16:18:33.008+0000] {logging_mixin.py:188} INFO - [2024-03-11T16:18:33.008+0000] {dag.py:3047} INFO - Sync 1 DAGs
[2024-03-11T16:18:33.018+0000] {logging_mixin.py:188} INFO - [2024-03-11T16:18:33.018+0000] {dag.py:3834} INFO - Setting next_dagrun for example_dag_decorator to None, run_after=None
[2024-03-11T16:18:33.051+0000] {processor.py:183} INFO - Processing /usr/local/lib/python3.8/dist-packages/airflow/example_dags/example_dag_decorator.py took 0.249 seconds
[2024-03-11T16:19:33.923+0000] {processor.py:161} INFO - Started process (PID=1104) to work on /usr/local/lib/python3.8/dist-packages/airflow/example_dags/example_dag_decorator.py
[2024-03-11T16:19:33.925+0000] {processor.py:830} INFO - Processing file /usr/local/lib/python3.8/dist-packages/airflow/example_dags/example_dag_decorator.py for tasks to queue
[2024-03-11T16:19:33.927+0000] {logging_mixin.py:188} INFO - [2024-03-11T16:19:33.926+0000] {dagbag.py:540} INFO - Filling up the DagBag from /usr/local/lib/python3.8/dist-packages/airflow/example_dags/example_dag_decorator.py
[2024-03-11T16:19:34.018+0000] {processor.py:840} INFO - DAG(s) 'example_dag_decorator' retrieved from /usr/local/lib/python3.8/dist-packages/airflow/example_dags/example_dag_decorator.py
[2024-03-11T16:19:34.126+0000] {logging_mixin.py:188} INFO - [2024-03-11T16:19:34.126+0000] {dag.py:3047} INFO - Sync 1 DAGs
[2024-03-11T16:19:34.136+0000] {logging_mixin.py:188} INFO - [2024-03-11T16:19:34.136+0000] {dag.py:3834} INFO - Setting next_dagrun for example_dag_decorator to None, run_after=None
[2024-03-11T16:19:34.166+0000] {processor.py:183} INFO - Processing /usr/local/lib/python3.8/dist-packages/airflow/example_dags/example_dag_decorator.py took 0.247 seconds
[2024-03-11T16:20:27.074+0000] {processor.py:161} INFO - Started process (PID=1181) to work on /usr/local/lib/python3.8/dist-packages/airflow/example_dags/example_dag_decorator.py
[2024-03-11T16:20:27.076+0000] {processor.py:830} INFO - Processing file /usr/local/lib/python3.8/dist-packages/airflow/example_dags/example_dag_decorator.py for tasks to queue
[2024-03-11T16:20:27.077+0000] {logging_mixin.py:188} INFO - [2024-03-11T16:20:27.077+0000] {dagbag.py:540} INFO - Filling up the DagBag from /usr/local/lib/python3.8/dist-packages/airflow/example_dags/example_dag_decorator.py
[2024-03-11T16:20:27.169+0000] {processor.py:840} INFO - DAG(s) 'example_dag_decorator' retrieved from /usr/local/lib/python3.8/dist-packages/airflow/example_dags/example_dag_decorator.py
[2024-03-11T16:20:27.191+0000] {logging_mixin.py:188} INFO - [2024-03-11T16:20:27.191+0000] {dag.py:3047} INFO - Sync 1 DAGs
[2024-03-11T16:20:27.203+0000] {logging_mixin.py:188} INFO - [2024-03-11T16:20:27.203+0000] {dag.py:3834} INFO - Setting next_dagrun for example_dag_decorator to None, run_after=None
[2024-03-11T16:20:27.233+0000] {processor.py:183} INFO - Processing /usr/local/lib/python3.8/dist-packages/airflow/example_dags/example_dag_decorator.py took 0.162 seconds
[2024-03-11T16:21:14.099+0000] {processor.py:161} INFO - Started process (PID=1252) to work on /usr/local/lib/python3.8/dist-packages/airflow/example_dags/example_dag_decorator.py
[2024-03-11T16:21:14.101+0000] {processor.py:830} INFO - Processing file /usr/local/lib/python3.8/dist-packages/airflow/example_dags/example_dag_decorator.py for tasks to queue
[2024-03-11T16:21:14.102+0000] {logging_mixin.py:188} INFO - [2024-03-11T16:21:14.102+0000] {dagbag.py:540} INFO - Filling up the DagBag from /usr/local/lib/python3.8/dist-packages/airflow/example_dags/example_dag_decorator.py
[2024-03-11T16:21:14.204+0000] {processor.py:840} INFO - DAG(s) 'example_dag_decorator' retrieved from /usr/local/lib/python3.8/dist-packages/airflow/example_dags/example_dag_decorator.py
[2024-03-11T16:21:14.225+0000] {logging_mixin.py:188} INFO - [2024-03-11T16:21:14.225+0000] {dag.py:3047} INFO - Sync 1 DAGs
[2024-03-11T16:21:14.237+0000] {logging_mixin.py:188} INFO - [2024-03-11T16:21:14.237+0000] {dag.py:3834} INFO - Setting next_dagrun for example_dag_decorator to None, run_after=None
[2024-03-11T16:21:14.270+0000] {processor.py:183} INFO - Processing /usr/local/lib/python3.8/dist-packages/airflow/example_dags/example_dag_decorator.py took 0.175 seconds
[2024-03-11T16:22:00.825+0000] {processor.py:161} INFO - Started process (PID=1308) to work on /usr/local/lib/python3.8/dist-packages/airflow/example_dags/example_dag_decorator.py
[2024-03-11T16:22:00.828+0000] {processor.py:830} INFO - Processing file /usr/local/lib/python3.8/dist-packages/airflow/example_dags/example_dag_decorator.py for tasks to queue
[2024-03-11T16:22:00.829+0000] {logging_mixin.py:188} INFO - [2024-03-11T16:22:00.828+0000] {dagbag.py:540} INFO - Filling up the DagBag from /usr/local/lib/python3.8/dist-packages/airflow/example_dags/example_dag_decorator.py
[2024-03-11T16:22:00.921+0000] {processor.py:840} INFO - DAG(s) 'example_dag_decorator' retrieved from /usr/local/lib/python3.8/dist-packages/airflow/example_dags/example_dag_decorator.py
[2024-03-11T16:22:01.029+0000] {logging_mixin.py:188} INFO - [2024-03-11T16:22:01.029+0000] {dag.py:3047} INFO - Sync 1 DAGs
[2024-03-11T16:22:01.039+0000] {logging_mixin.py:188} INFO - [2024-03-11T16:22:01.039+0000] {dag.py:3834} INFO - Setting next_dagrun for example_dag_decorator to None, run_after=None
[2024-03-11T16:22:01.072+0000] {processor.py:183} INFO - Processing /usr/local/lib/python3.8/dist-packages/airflow/example_dags/example_dag_decorator.py took 0.249 seconds
[2024-03-11T16:23:29.012+0000] {processor.py:161} INFO - Started process (PID=1425) to work on /usr/local/lib/python3.8/dist-packages/airflow/example_dags/example_dag_decorator.py
[2024-03-11T16:23:29.014+0000] {processor.py:830} INFO - Processing file /usr/local/lib/python3.8/dist-packages/airflow/example_dags/example_dag_decorator.py for tasks to queue
[2024-03-11T16:23:29.014+0000] {logging_mixin.py:188} INFO - [2024-03-11T16:23:29.014+0000] {dagbag.py:540} INFO - Filling up the DagBag from /usr/local/lib/python3.8/dist-packages/airflow/example_dags/example_dag_decorator.py
[2024-03-11T16:23:29.080+0000] {processor.py:840} INFO - DAG(s) 'example_dag_decorator' retrieved from /usr/local/lib/python3.8/dist-packages/airflow/example_dags/example_dag_decorator.py
[2024-03-11T16:23:29.154+0000] {logging_mixin.py:188} INFO - [2024-03-11T16:23:29.154+0000] {dag.py:3047} INFO - Sync 1 DAGs
[2024-03-11T16:23:29.161+0000] {logging_mixin.py:188} INFO - [2024-03-11T16:23:29.161+0000] {dag.py:3834} INFO - Setting next_dagrun for example_dag_decorator to None, run_after=None
[2024-03-11T16:23:29.185+0000] {processor.py:183} INFO - Processing /usr/local/lib/python3.8/dist-packages/airflow/example_dags/example_dag_decorator.py took 0.176 seconds
[2024-03-11T16:24:21.880+0000] {processor.py:161} INFO - Started process (PID=1477) to work on /usr/local/lib/python3.8/dist-packages/airflow/example_dags/example_dag_decorator.py
[2024-03-11T16:24:21.882+0000] {processor.py:830} INFO - Processing file /usr/local/lib/python3.8/dist-packages/airflow/example_dags/example_dag_decorator.py for tasks to queue
[2024-03-11T16:24:21.883+0000] {logging_mixin.py:188} INFO - [2024-03-11T16:24:21.882+0000] {dagbag.py:540} INFO - Filling up the DagBag from /usr/local/lib/python3.8/dist-packages/airflow/example_dags/example_dag_decorator.py
[2024-03-11T16:24:21.975+0000] {processor.py:840} INFO - DAG(s) 'example_dag_decorator' retrieved from /usr/local/lib/python3.8/dist-packages/airflow/example_dags/example_dag_decorator.py
[2024-03-11T16:24:22.083+0000] {logging_mixin.py:188} INFO - [2024-03-11T16:24:22.082+0000] {dag.py:3047} INFO - Sync 1 DAGs
[2024-03-11T16:24:22.093+0000] {logging_mixin.py:188} INFO - [2024-03-11T16:24:22.093+0000] {dag.py:3834} INFO - Setting next_dagrun for example_dag_decorator to None, run_after=None
[2024-03-11T16:24:22.123+0000] {processor.py:183} INFO - Processing /usr/local/lib/python3.8/dist-packages/airflow/example_dags/example_dag_decorator.py took 0.247 seconds
[2024-03-11T16:25:16.900+0000] {processor.py:161} INFO - Started process (PID=1534) to work on /usr/local/lib/python3.8/dist-packages/airflow/example_dags/example_dag_decorator.py
[2024-03-11T16:25:16.903+0000] {processor.py:830} INFO - Processing file /usr/local/lib/python3.8/dist-packages/airflow/example_dags/example_dag_decorator.py for tasks to queue
[2024-03-11T16:25:16.904+0000] {logging_mixin.py:188} INFO - [2024-03-11T16:25:16.903+0000] {dagbag.py:540} INFO - Filling up the DagBag from /usr/local/lib/python3.8/dist-packages/airflow/example_dags/example_dag_decorator.py
[2024-03-11T16:25:16.999+0000] {processor.py:840} INFO - DAG(s) 'example_dag_decorator' retrieved from /usr/local/lib/python3.8/dist-packages/airflow/example_dags/example_dag_decorator.py
[2024-03-11T16:25:17.105+0000] {logging_mixin.py:188} INFO - [2024-03-11T16:25:17.105+0000] {dag.py:3047} INFO - Sync 1 DAGs
[2024-03-11T16:25:17.117+0000] {logging_mixin.py:188} INFO - [2024-03-11T16:25:17.116+0000] {dag.py:3834} INFO - Setting next_dagrun for example_dag_decorator to None, run_after=None
[2024-03-11T16:25:17.148+0000] {processor.py:183} INFO - Processing /usr/local/lib/python3.8/dist-packages/airflow/example_dags/example_dag_decorator.py took 0.251 seconds
[2024-03-11T16:27:54.825+0000] {processor.py:161} INFO - Started process (PID=1627) to work on /usr/local/lib/python3.8/dist-packages/airflow/example_dags/example_dag_decorator.py
[2024-03-11T16:27:54.827+0000] {processor.py:830} INFO - Processing file /usr/local/lib/python3.8/dist-packages/airflow/example_dags/example_dag_decorator.py for tasks to queue
[2024-03-11T16:27:54.829+0000] {logging_mixin.py:188} INFO - [2024-03-11T16:27:54.828+0000] {dagbag.py:540} INFO - Filling up the DagBag from /usr/local/lib/python3.8/dist-packages/airflow/example_dags/example_dag_decorator.py
[2024-03-11T16:27:54.954+0000] {processor.py:840} INFO - DAG(s) 'example_dag_decorator' retrieved from /usr/local/lib/python3.8/dist-packages/airflow/example_dags/example_dag_decorator.py
[2024-03-11T16:27:55.087+0000] {logging_mixin.py:188} INFO - [2024-03-11T16:27:55.087+0000] {dag.py:3047} INFO - Sync 1 DAGs
[2024-03-11T16:27:55.099+0000] {logging_mixin.py:188} INFO - [2024-03-11T16:27:55.099+0000] {dag.py:3834} INFO - Setting next_dagrun for example_dag_decorator to None, run_after=None
[2024-03-11T16:27:55.131+0000] {processor.py:183} INFO - Processing /usr/local/lib/python3.8/dist-packages/airflow/example_dags/example_dag_decorator.py took 0.309 seconds
[2024-03-11T16:28:41.275+0000] {processor.py:161} INFO - Started process (PID=1680) to work on /usr/local/lib/python3.8/dist-packages/airflow/example_dags/example_dag_decorator.py
[2024-03-11T16:28:41.282+0000] {processor.py:830} INFO - Processing file /usr/local/lib/python3.8/dist-packages/airflow/example_dags/example_dag_decorator.py for tasks to queue
[2024-03-11T16:28:41.283+0000] {logging_mixin.py:188} INFO - [2024-03-11T16:28:41.282+0000] {dagbag.py:540} INFO - Filling up the DagBag from /usr/local/lib/python3.8/dist-packages/airflow/example_dags/example_dag_decorator.py
[2024-03-11T16:28:41.384+0000] {processor.py:840} INFO - DAG(s) 'example_dag_decorator' retrieved from /usr/local/lib/python3.8/dist-packages/airflow/example_dags/example_dag_decorator.py
[2024-03-11T16:28:41.493+0000] {logging_mixin.py:188} INFO - [2024-03-11T16:28:41.493+0000] {dag.py:3047} INFO - Sync 1 DAGs
[2024-03-11T16:28:41.504+0000] {logging_mixin.py:188} INFO - [2024-03-11T16:28:41.503+0000] {dag.py:3834} INFO - Setting next_dagrun for example_dag_decorator to None, run_after=None
[2024-03-11T16:28:41.538+0000] {processor.py:183} INFO - Processing /usr/local/lib/python3.8/dist-packages/airflow/example_dags/example_dag_decorator.py took 0.266 seconds
[2024-03-11T16:29:40.709+0000] {processor.py:161} INFO - Started process (PID=1741) to work on /usr/local/lib/python3.8/dist-packages/airflow/example_dags/example_dag_decorator.py
[2024-03-11T16:29:40.712+0000] {processor.py:830} INFO - Processing file /usr/local/lib/python3.8/dist-packages/airflow/example_dags/example_dag_decorator.py for tasks to queue
[2024-03-11T16:29:40.715+0000] {logging_mixin.py:188} INFO - [2024-03-11T16:29:40.715+0000] {dagbag.py:540} INFO - Filling up the DagBag from /usr/local/lib/python3.8/dist-packages/airflow/example_dags/example_dag_decorator.py
[2024-03-11T16:29:40.812+0000] {processor.py:840} INFO - DAG(s) 'example_dag_decorator' retrieved from /usr/local/lib/python3.8/dist-packages/airflow/example_dags/example_dag_decorator.py
[2024-03-11T16:29:40.835+0000] {logging_mixin.py:188} INFO - [2024-03-11T16:29:40.835+0000] {dag.py:3047} INFO - Sync 1 DAGs
[2024-03-11T16:29:40.848+0000] {logging_mixin.py:188} INFO - [2024-03-11T16:29:40.847+0000] {dag.py:3834} INFO - Setting next_dagrun for example_dag_decorator to None, run_after=None
[2024-03-11T16:29:40.878+0000] {processor.py:183} INFO - Processing /usr/local/lib/python3.8/dist-packages/airflow/example_dags/example_dag_decorator.py took 0.172 seconds
[2024-03-11T16:30:31.100+0000] {processor.py:161} INFO - Started process (PID=1799) to work on /usr/local/lib/python3.8/dist-packages/airflow/example_dags/example_dag_decorator.py
[2024-03-11T16:30:31.104+0000] {processor.py:830} INFO - Processing file /usr/local/lib/python3.8/dist-packages/airflow/example_dags/example_dag_decorator.py for tasks to queue
[2024-03-11T16:30:31.105+0000] {logging_mixin.py:188} INFO - [2024-03-11T16:30:31.104+0000] {dagbag.py:540} INFO - Filling up the DagBag from /usr/local/lib/python3.8/dist-packages/airflow/example_dags/example_dag_decorator.py
[2024-03-11T16:30:31.202+0000] {processor.py:840} INFO - DAG(s) 'example_dag_decorator' retrieved from /usr/local/lib/python3.8/dist-packages/airflow/example_dags/example_dag_decorator.py
[2024-03-11T16:30:31.225+0000] {logging_mixin.py:188} INFO - [2024-03-11T16:30:31.225+0000] {dag.py:3047} INFO - Sync 1 DAGs
[2024-03-11T16:30:31.239+0000] {logging_mixin.py:188} INFO - [2024-03-11T16:30:31.239+0000] {dag.py:3834} INFO - Setting next_dagrun for example_dag_decorator to None, run_after=None
[2024-03-11T16:30:31.271+0000] {processor.py:183} INFO - Processing /usr/local/lib/python3.8/dist-packages/airflow/example_dags/example_dag_decorator.py took 0.175 seconds
[2024-03-11T16:31:22.767+0000] {processor.py:161} INFO - Started process (PID=1855) to work on /usr/local/lib/python3.8/dist-packages/airflow/example_dags/example_dag_decorator.py
[2024-03-11T16:31:22.769+0000] {processor.py:830} INFO - Processing file /usr/local/lib/python3.8/dist-packages/airflow/example_dags/example_dag_decorator.py for tasks to queue
[2024-03-11T16:31:22.770+0000] {logging_mixin.py:188} INFO - [2024-03-11T16:31:22.770+0000] {dagbag.py:540} INFO - Filling up the DagBag from /usr/local/lib/python3.8/dist-packages/airflow/example_dags/example_dag_decorator.py
[2024-03-11T16:31:22.840+0000] {processor.py:840} INFO - DAG(s) 'example_dag_decorator' retrieved from /usr/local/lib/python3.8/dist-packages/airflow/example_dags/example_dag_decorator.py
[2024-03-11T16:31:22.915+0000] {logging_mixin.py:188} INFO - [2024-03-11T16:31:22.915+0000] {dag.py:3047} INFO - Sync 1 DAGs
[2024-03-11T16:31:22.924+0000] {logging_mixin.py:188} INFO - [2024-03-11T16:31:22.924+0000] {dag.py:3834} INFO - Setting next_dagrun for example_dag_decorator to None, run_after=None
[2024-03-11T16:31:22.947+0000] {processor.py:183} INFO - Processing /usr/local/lib/python3.8/dist-packages/airflow/example_dags/example_dag_decorator.py took 0.183 seconds
[2024-03-11T16:33:25.151+0000] {processor.py:161} INFO - Started process (PID=1906) to work on /usr/local/lib/python3.8/dist-packages/airflow/example_dags/example_dag_decorator.py
[2024-03-11T16:33:25.154+0000] {processor.py:830} INFO - Processing file /usr/local/lib/python3.8/dist-packages/airflow/example_dags/example_dag_decorator.py for tasks to queue
[2024-03-11T16:33:25.155+0000] {logging_mixin.py:188} INFO - [2024-03-11T16:33:25.154+0000] {dagbag.py:540} INFO - Filling up the DagBag from /usr/local/lib/python3.8/dist-packages/airflow/example_dags/example_dag_decorator.py
[2024-03-11T16:33:25.279+0000] {processor.py:840} INFO - DAG(s) 'example_dag_decorator' retrieved from /usr/local/lib/python3.8/dist-packages/airflow/example_dags/example_dag_decorator.py
[2024-03-11T16:33:25.411+0000] {logging_mixin.py:188} INFO - [2024-03-11T16:33:25.411+0000] {dag.py:3047} INFO - Sync 1 DAGs
[2024-03-11T16:33:25.422+0000] {logging_mixin.py:188} INFO - [2024-03-11T16:33:25.421+0000] {dag.py:3834} INFO - Setting next_dagrun for example_dag_decorator to None, run_after=None
[2024-03-11T16:33:25.452+0000] {processor.py:183} INFO - Processing /usr/local/lib/python3.8/dist-packages/airflow/example_dags/example_dag_decorator.py took 0.305 seconds
[2024-03-11T16:36:13.267+0000] {processor.py:161} INFO - Started process (PID=1999) to work on /usr/local/lib/python3.8/dist-packages/airflow/example_dags/example_dag_decorator.py
[2024-03-11T16:36:13.270+0000] {processor.py:830} INFO - Processing file /usr/local/lib/python3.8/dist-packages/airflow/example_dags/example_dag_decorator.py for tasks to queue
[2024-03-11T16:36:13.271+0000] {logging_mixin.py:188} INFO - [2024-03-11T16:36:13.270+0000] {dagbag.py:540} INFO - Filling up the DagBag from /usr/local/lib/python3.8/dist-packages/airflow/example_dags/example_dag_decorator.py
[2024-03-11T16:36:13.379+0000] {processor.py:840} INFO - DAG(s) 'example_dag_decorator' retrieved from /usr/local/lib/python3.8/dist-packages/airflow/example_dags/example_dag_decorator.py
[2024-03-11T16:36:13.516+0000] {logging_mixin.py:188} INFO - [2024-03-11T16:36:13.515+0000] {dag.py:3047} INFO - Sync 1 DAGs
[2024-03-11T16:36:13.526+0000] {logging_mixin.py:188} INFO - [2024-03-11T16:36:13.526+0000] {dag.py:3834} INFO - Setting next_dagrun for example_dag_decorator to None, run_after=None
[2024-03-11T16:36:13.556+0000] {processor.py:183} INFO - Processing /usr/local/lib/python3.8/dist-packages/airflow/example_dags/example_dag_decorator.py took 0.293 seconds
[2024-03-11T16:41:24.875+0000] {processor.py:161} INFO - Started process (PID=453) to work on /usr/local/lib/python3.8/dist-packages/airflow/example_dags/example_dag_decorator.py
[2024-03-11T16:41:24.877+0000] {processor.py:830} INFO - Processing file /usr/local/lib/python3.8/dist-packages/airflow/example_dags/example_dag_decorator.py for tasks to queue
[2024-03-11T16:41:24.878+0000] {logging_mixin.py:188} INFO - [2024-03-11T16:41:24.877+0000] {dagbag.py:540} INFO - Filling up the DagBag from /usr/local/lib/python3.8/dist-packages/airflow/example_dags/example_dag_decorator.py
[2024-03-11T16:41:25.030+0000] {processor.py:840} INFO - DAG(s) 'example_dag_decorator' retrieved from /usr/local/lib/python3.8/dist-packages/airflow/example_dags/example_dag_decorator.py
[2024-03-11T16:41:25.102+0000] {logging_mixin.py:188} INFO - [2024-03-11T16:41:25.101+0000] {dag.py:3047} INFO - Sync 1 DAGs
[2024-03-11T16:41:25.109+0000] {logging_mixin.py:188} INFO - [2024-03-11T16:41:25.109+0000] {dag.py:3834} INFO - Setting next_dagrun for example_dag_decorator to None, run_after=None
[2024-03-11T16:41:25.135+0000] {processor.py:183} INFO - Processing /usr/local/lib/python3.8/dist-packages/airflow/example_dags/example_dag_decorator.py took 0.264 seconds
[2024-03-11T16:48:06.250+0000] {processor.py:161} INFO - Started process (PID=826) to work on /usr/local/lib/python3.8/dist-packages/airflow/example_dags/example_dag_decorator.py
[2024-03-11T16:48:06.252+0000] {processor.py:830} INFO - Processing file /usr/local/lib/python3.8/dist-packages/airflow/example_dags/example_dag_decorator.py for tasks to queue
[2024-03-11T16:48:06.253+0000] {logging_mixin.py:188} INFO - [2024-03-11T16:48:06.253+0000] {dagbag.py:540} INFO - Filling up the DagBag from /usr/local/lib/python3.8/dist-packages/airflow/example_dags/example_dag_decorator.py
[2024-03-11T16:48:06.426+0000] {processor.py:840} INFO - DAG(s) 'example_dag_decorator' retrieved from /usr/local/lib/python3.8/dist-packages/airflow/example_dags/example_dag_decorator.py
[2024-03-11T16:48:06.501+0000] {logging_mixin.py:188} INFO - [2024-03-11T16:48:06.501+0000] {dag.py:3047} INFO - Sync 1 DAGs
[2024-03-11T16:48:06.510+0000] {logging_mixin.py:188} INFO - [2024-03-11T16:48:06.509+0000] {dag.py:3834} INFO - Setting next_dagrun for example_dag_decorator to None, run_after=None
[2024-03-11T16:48:06.534+0000] {processor.py:183} INFO - Processing /usr/local/lib/python3.8/dist-packages/airflow/example_dags/example_dag_decorator.py took 0.287 seconds
[2024-03-11T16:49:02.415+0000] {processor.py:161} INFO - Started process (PID=937) to work on /usr/local/lib/python3.8/dist-packages/airflow/example_dags/example_dag_decorator.py
[2024-03-11T16:49:02.417+0000] {processor.py:830} INFO - Processing file /usr/local/lib/python3.8/dist-packages/airflow/example_dags/example_dag_decorator.py for tasks to queue
[2024-03-11T16:49:02.418+0000] {logging_mixin.py:188} INFO - [2024-03-11T16:49:02.417+0000] {dagbag.py:540} INFO - Filling up the DagBag from /usr/local/lib/python3.8/dist-packages/airflow/example_dags/example_dag_decorator.py
[2024-03-11T16:49:02.505+0000] {processor.py:840} INFO - DAG(s) 'example_dag_decorator' retrieved from /usr/local/lib/python3.8/dist-packages/airflow/example_dags/example_dag_decorator.py
[2024-03-11T16:49:02.584+0000] {logging_mixin.py:188} INFO - [2024-03-11T16:49:02.584+0000] {dag.py:3047} INFO - Sync 1 DAGs
[2024-03-11T16:49:02.592+0000] {logging_mixin.py:188} INFO - [2024-03-11T16:49:02.592+0000] {dag.py:3834} INFO - Setting next_dagrun for example_dag_decorator to None, run_after=None
[2024-03-11T16:49:02.618+0000] {processor.py:183} INFO - Processing /usr/local/lib/python3.8/dist-packages/airflow/example_dags/example_dag_decorator.py took 0.207 seconds
[2024-03-11T16:49:56.754+0000] {processor.py:161} INFO - Started process (PID=1026) to work on /usr/local/lib/python3.8/dist-packages/airflow/example_dags/example_dag_decorator.py
[2024-03-11T16:49:56.756+0000] {processor.py:830} INFO - Processing file /usr/local/lib/python3.8/dist-packages/airflow/example_dags/example_dag_decorator.py for tasks to queue
[2024-03-11T16:49:56.757+0000] {logging_mixin.py:188} INFO - [2024-03-11T16:49:56.757+0000] {dagbag.py:540} INFO - Filling up the DagBag from /usr/local/lib/python3.8/dist-packages/airflow/example_dags/example_dag_decorator.py
[2024-03-11T16:49:56.849+0000] {processor.py:840} INFO - DAG(s) 'example_dag_decorator' retrieved from /usr/local/lib/python3.8/dist-packages/airflow/example_dags/example_dag_decorator.py
[2024-03-11T16:49:56.942+0000] {logging_mixin.py:188} INFO - [2024-03-11T16:49:56.941+0000] {dag.py:3047} INFO - Sync 1 DAGs
[2024-03-11T16:49:56.949+0000] {logging_mixin.py:188} INFO - [2024-03-11T16:49:56.949+0000] {dag.py:3834} INFO - Setting next_dagrun for example_dag_decorator to None, run_after=None
[2024-03-11T16:49:56.975+0000] {processor.py:183} INFO - Processing /usr/local/lib/python3.8/dist-packages/airflow/example_dags/example_dag_decorator.py took 0.225 seconds
[2024-03-11T16:50:51.418+0000] {processor.py:161} INFO - Started process (PID=1096) to work on /usr/local/lib/python3.8/dist-packages/airflow/example_dags/example_dag_decorator.py
[2024-03-11T16:50:51.420+0000] {processor.py:830} INFO - Processing file /usr/local/lib/python3.8/dist-packages/airflow/example_dags/example_dag_decorator.py for tasks to queue
[2024-03-11T16:50:51.421+0000] {logging_mixin.py:188} INFO - [2024-03-11T16:50:51.421+0000] {dagbag.py:540} INFO - Filling up the DagBag from /usr/local/lib/python3.8/dist-packages/airflow/example_dags/example_dag_decorator.py
[2024-03-11T16:50:51.508+0000] {processor.py:840} INFO - DAG(s) 'example_dag_decorator' retrieved from /usr/local/lib/python3.8/dist-packages/airflow/example_dags/example_dag_decorator.py
[2024-03-11T16:50:51.590+0000] {logging_mixin.py:188} INFO - [2024-03-11T16:50:51.590+0000] {dag.py:3047} INFO - Sync 1 DAGs
[2024-03-11T16:50:51.598+0000] {logging_mixin.py:188} INFO - [2024-03-11T16:50:51.598+0000] {dag.py:3834} INFO - Setting next_dagrun for example_dag_decorator to None, run_after=None
[2024-03-11T16:50:51.623+0000] {processor.py:183} INFO - Processing /usr/local/lib/python3.8/dist-packages/airflow/example_dags/example_dag_decorator.py took 0.208 seconds
[2024-03-11T16:51:47.183+0000] {processor.py:161} INFO - Started process (PID=1161) to work on /usr/local/lib/python3.8/dist-packages/airflow/example_dags/example_dag_decorator.py
[2024-03-11T16:51:47.185+0000] {processor.py:830} INFO - Processing file /usr/local/lib/python3.8/dist-packages/airflow/example_dags/example_dag_decorator.py for tasks to queue
[2024-03-11T16:51:47.186+0000] {logging_mixin.py:188} INFO - [2024-03-11T16:51:47.185+0000] {dagbag.py:540} INFO - Filling up the DagBag from /usr/local/lib/python3.8/dist-packages/airflow/example_dags/example_dag_decorator.py
[2024-03-11T16:51:47.267+0000] {processor.py:840} INFO - DAG(s) 'example_dag_decorator' retrieved from /usr/local/lib/python3.8/dist-packages/airflow/example_dags/example_dag_decorator.py
[2024-03-11T16:51:47.349+0000] {logging_mixin.py:188} INFO - [2024-03-11T16:51:47.349+0000] {dag.py:3047} INFO - Sync 1 DAGs
[2024-03-11T16:51:47.357+0000] {logging_mixin.py:188} INFO - [2024-03-11T16:51:47.357+0000] {dag.py:3834} INFO - Setting next_dagrun for example_dag_decorator to None, run_after=None
[2024-03-11T16:51:47.382+0000] {processor.py:183} INFO - Processing /usr/local/lib/python3.8/dist-packages/airflow/example_dags/example_dag_decorator.py took 0.202 seconds
[2024-03-11T16:52:44.062+0000] {processor.py:161} INFO - Started process (PID=1239) to work on /usr/local/lib/python3.8/dist-packages/airflow/example_dags/example_dag_decorator.py
[2024-03-11T16:52:44.064+0000] {processor.py:830} INFO - Processing file /usr/local/lib/python3.8/dist-packages/airflow/example_dags/example_dag_decorator.py for tasks to queue
[2024-03-11T16:52:44.065+0000] {logging_mixin.py:188} INFO - [2024-03-11T16:52:44.064+0000] {dagbag.py:540} INFO - Filling up the DagBag from /usr/local/lib/python3.8/dist-packages/airflow/example_dags/example_dag_decorator.py
[2024-03-11T16:52:44.154+0000] {processor.py:840} INFO - DAG(s) 'example_dag_decorator' retrieved from /usr/local/lib/python3.8/dist-packages/airflow/example_dags/example_dag_decorator.py
[2024-03-11T16:52:44.233+0000] {logging_mixin.py:188} INFO - [2024-03-11T16:52:44.233+0000] {dag.py:3047} INFO - Sync 1 DAGs
[2024-03-11T16:52:44.241+0000] {logging_mixin.py:188} INFO - [2024-03-11T16:52:44.241+0000] {dag.py:3834} INFO - Setting next_dagrun for example_dag_decorator to None, run_after=None
[2024-03-11T16:52:44.266+0000] {processor.py:183} INFO - Processing /usr/local/lib/python3.8/dist-packages/airflow/example_dags/example_dag_decorator.py took 0.207 seconds
[2024-03-11T16:53:36.552+0000] {processor.py:161} INFO - Started process (PID=1307) to work on /usr/local/lib/python3.8/dist-packages/airflow/example_dags/example_dag_decorator.py
[2024-03-11T16:53:36.554+0000] {processor.py:830} INFO - Processing file /usr/local/lib/python3.8/dist-packages/airflow/example_dags/example_dag_decorator.py for tasks to queue
[2024-03-11T16:53:36.555+0000] {logging_mixin.py:188} INFO - [2024-03-11T16:53:36.555+0000] {dagbag.py:540} INFO - Filling up the DagBag from /usr/local/lib/python3.8/dist-packages/airflow/example_dags/example_dag_decorator.py
[2024-03-11T16:53:36.627+0000] {processor.py:840} INFO - DAG(s) 'example_dag_decorator' retrieved from /usr/local/lib/python3.8/dist-packages/airflow/example_dags/example_dag_decorator.py
[2024-03-11T16:53:36.704+0000] {logging_mixin.py:188} INFO - [2024-03-11T16:53:36.704+0000] {dag.py:3047} INFO - Sync 1 DAGs
[2024-03-11T16:53:36.712+0000] {logging_mixin.py:188} INFO - [2024-03-11T16:53:36.712+0000] {dag.py:3834} INFO - Setting next_dagrun for example_dag_decorator to None, run_after=None
[2024-03-11T16:53:36.738+0000] {processor.py:183} INFO - Processing /usr/local/lib/python3.8/dist-packages/airflow/example_dags/example_dag_decorator.py took 0.189 seconds
[2024-03-11T16:54:30.779+0000] {processor.py:161} INFO - Started process (PID=1372) to work on /usr/local/lib/python3.8/dist-packages/airflow/example_dags/example_dag_decorator.py
[2024-03-11T16:54:30.781+0000] {processor.py:830} INFO - Processing file /usr/local/lib/python3.8/dist-packages/airflow/example_dags/example_dag_decorator.py for tasks to queue
[2024-03-11T16:54:30.782+0000] {logging_mixin.py:188} INFO - [2024-03-11T16:54:30.782+0000] {dagbag.py:540} INFO - Filling up the DagBag from /usr/local/lib/python3.8/dist-packages/airflow/example_dags/example_dag_decorator.py
[2024-03-11T16:54:30.870+0000] {processor.py:840} INFO - DAG(s) 'example_dag_decorator' retrieved from /usr/local/lib/python3.8/dist-packages/airflow/example_dags/example_dag_decorator.py
[2024-03-11T16:54:30.886+0000] {logging_mixin.py:188} INFO - [2024-03-11T16:54:30.886+0000] {dag.py:3047} INFO - Sync 1 DAGs
[2024-03-11T16:54:30.895+0000] {logging_mixin.py:188} INFO - [2024-03-11T16:54:30.895+0000] {dag.py:3834} INFO - Setting next_dagrun for example_dag_decorator to None, run_after=None
[2024-03-11T16:54:30.920+0000] {processor.py:183} INFO - Processing /usr/local/lib/python3.8/dist-packages/airflow/example_dags/example_dag_decorator.py took 0.144 seconds
[2024-03-11T16:55:25.186+0000] {processor.py:161} INFO - Started process (PID=1448) to work on /usr/local/lib/python3.8/dist-packages/airflow/example_dags/example_dag_decorator.py
[2024-03-11T16:55:25.188+0000] {processor.py:830} INFO - Processing file /usr/local/lib/python3.8/dist-packages/airflow/example_dags/example_dag_decorator.py for tasks to queue
[2024-03-11T16:55:25.189+0000] {logging_mixin.py:188} INFO - [2024-03-11T16:55:25.188+0000] {dagbag.py:540} INFO - Filling up the DagBag from /usr/local/lib/python3.8/dist-packages/airflow/example_dags/example_dag_decorator.py
[2024-03-11T16:55:25.260+0000] {processor.py:840} INFO - DAG(s) 'example_dag_decorator' retrieved from /usr/local/lib/python3.8/dist-packages/airflow/example_dags/example_dag_decorator.py
[2024-03-11T16:55:25.277+0000] {logging_mixin.py:188} INFO - [2024-03-11T16:55:25.277+0000] {dag.py:3047} INFO - Sync 1 DAGs
[2024-03-11T16:55:25.286+0000] {logging_mixin.py:188} INFO - [2024-03-11T16:55:25.286+0000] {dag.py:3834} INFO - Setting next_dagrun for example_dag_decorator to None, run_after=None
[2024-03-11T16:55:25.310+0000] {processor.py:183} INFO - Processing /usr/local/lib/python3.8/dist-packages/airflow/example_dags/example_dag_decorator.py took 0.127 seconds
[2024-03-11T16:56:18.407+0000] {processor.py:161} INFO - Started process (PID=1538) to work on /usr/local/lib/python3.8/dist-packages/airflow/example_dags/example_dag_decorator.py
[2024-03-11T16:56:18.408+0000] {processor.py:830} INFO - Processing file /usr/local/lib/python3.8/dist-packages/airflow/example_dags/example_dag_decorator.py for tasks to queue
[2024-03-11T16:56:18.409+0000] {logging_mixin.py:188} INFO - [2024-03-11T16:56:18.409+0000] {dagbag.py:540} INFO - Filling up the DagBag from /usr/local/lib/python3.8/dist-packages/airflow/example_dags/example_dag_decorator.py
[2024-03-11T16:56:18.512+0000] {processor.py:840} INFO - DAG(s) 'example_dag_decorator' retrieved from /usr/local/lib/python3.8/dist-packages/airflow/example_dags/example_dag_decorator.py
[2024-03-11T16:56:18.597+0000] {logging_mixin.py:188} INFO - [2024-03-11T16:56:18.597+0000] {dag.py:3047} INFO - Sync 1 DAGs
[2024-03-11T16:56:18.605+0000] {logging_mixin.py:188} INFO - [2024-03-11T16:56:18.604+0000] {dag.py:3834} INFO - Setting next_dagrun for example_dag_decorator to None, run_after=None
[2024-03-11T16:56:18.631+0000] {processor.py:183} INFO - Processing /usr/local/lib/python3.8/dist-packages/airflow/example_dags/example_dag_decorator.py took 0.227 seconds
[2024-03-11T16:57:10.355+0000] {processor.py:161} INFO - Started process (PID=1602) to work on /usr/local/lib/python3.8/dist-packages/airflow/example_dags/example_dag_decorator.py
[2024-03-11T16:57:10.357+0000] {processor.py:830} INFO - Processing file /usr/local/lib/python3.8/dist-packages/airflow/example_dags/example_dag_decorator.py for tasks to queue
[2024-03-11T16:57:10.358+0000] {logging_mixin.py:188} INFO - [2024-03-11T16:57:10.357+0000] {dagbag.py:540} INFO - Filling up the DagBag from /usr/local/lib/python3.8/dist-packages/airflow/example_dags/example_dag_decorator.py
[2024-03-11T16:57:10.451+0000] {processor.py:840} INFO - DAG(s) 'example_dag_decorator' retrieved from /usr/local/lib/python3.8/dist-packages/airflow/example_dags/example_dag_decorator.py
[2024-03-11T16:57:10.531+0000] {logging_mixin.py:188} INFO - [2024-03-11T16:57:10.531+0000] {dag.py:3047} INFO - Sync 1 DAGs
[2024-03-11T16:57:10.540+0000] {logging_mixin.py:188} INFO - [2024-03-11T16:57:10.539+0000] {dag.py:3834} INFO - Setting next_dagrun for example_dag_decorator to None, run_after=None
[2024-03-11T16:57:10.565+0000] {processor.py:183} INFO - Processing /usr/local/lib/python3.8/dist-packages/airflow/example_dags/example_dag_decorator.py took 0.213 seconds
[2024-03-11T16:58:05.534+0000] {processor.py:161} INFO - Started process (PID=1774) to work on /usr/local/lib/python3.8/dist-packages/airflow/example_dags/example_dag_decorator.py
[2024-03-11T16:58:05.536+0000] {processor.py:830} INFO - Processing file /usr/local/lib/python3.8/dist-packages/airflow/example_dags/example_dag_decorator.py for tasks to queue
[2024-03-11T16:58:05.537+0000] {logging_mixin.py:188} INFO - [2024-03-11T16:58:05.537+0000] {dagbag.py:540} INFO - Filling up the DagBag from /usr/local/lib/python3.8/dist-packages/airflow/example_dags/example_dag_decorator.py
[2024-03-11T16:58:05.624+0000] {processor.py:840} INFO - DAG(s) 'example_dag_decorator' retrieved from /usr/local/lib/python3.8/dist-packages/airflow/example_dags/example_dag_decorator.py
[2024-03-11T16:58:05.640+0000] {logging_mixin.py:188} INFO - [2024-03-11T16:58:05.640+0000] {dag.py:3047} INFO - Sync 1 DAGs
[2024-03-11T16:58:05.649+0000] {logging_mixin.py:188} INFO - [2024-03-11T16:58:05.649+0000] {dag.py:3834} INFO - Setting next_dagrun for example_dag_decorator to None, run_after=None
[2024-03-11T16:58:05.673+0000] {processor.py:183} INFO - Processing /usr/local/lib/python3.8/dist-packages/airflow/example_dags/example_dag_decorator.py took 0.143 seconds
[2024-03-11T17:07:25.307+0000] {processor.py:161} INFO - Started process (PID=2103) to work on /usr/local/lib/python3.8/dist-packages/airflow/example_dags/example_dag_decorator.py
[2024-03-11T17:07:25.309+0000] {processor.py:830} INFO - Processing file /usr/local/lib/python3.8/dist-packages/airflow/example_dags/example_dag_decorator.py for tasks to queue
[2024-03-11T17:07:25.310+0000] {logging_mixin.py:188} INFO - [2024-03-11T17:07:25.309+0000] {dagbag.py:540} INFO - Filling up the DagBag from /usr/local/lib/python3.8/dist-packages/airflow/example_dags/example_dag_decorator.py
[2024-03-11T17:07:25.479+0000] {processor.py:840} INFO - DAG(s) 'example_dag_decorator' retrieved from /usr/local/lib/python3.8/dist-packages/airflow/example_dags/example_dag_decorator.py
[2024-03-11T17:07:25.554+0000] {logging_mixin.py:188} INFO - [2024-03-11T17:07:25.553+0000] {dag.py:3047} INFO - Sync 1 DAGs
[2024-03-11T17:07:25.561+0000] {logging_mixin.py:188} INFO - [2024-03-11T17:07:25.561+0000] {dag.py:3834} INFO - Setting next_dagrun for example_dag_decorator to None, run_after=None
[2024-03-11T17:07:25.587+0000] {processor.py:183} INFO - Processing /usr/local/lib/python3.8/dist-packages/airflow/example_dags/example_dag_decorator.py took 0.283 seconds
[2024-03-11T17:08:49.809+0000] {processor.py:161} INFO - Started process (PID=2319) to work on /usr/local/lib/python3.8/dist-packages/airflow/example_dags/example_dag_decorator.py
[2024-03-11T17:08:49.811+0000] {processor.py:830} INFO - Processing file /usr/local/lib/python3.8/dist-packages/airflow/example_dags/example_dag_decorator.py for tasks to queue
[2024-03-11T17:08:49.812+0000] {logging_mixin.py:188} INFO - [2024-03-11T17:08:49.812+0000] {dagbag.py:540} INFO - Filling up the DagBag from /usr/local/lib/python3.8/dist-packages/airflow/example_dags/example_dag_decorator.py
[2024-03-11T17:08:49.994+0000] {processor.py:840} INFO - DAG(s) 'example_dag_decorator' retrieved from /usr/local/lib/python3.8/dist-packages/airflow/example_dags/example_dag_decorator.py
[2024-03-11T17:08:50.068+0000] {logging_mixin.py:188} INFO - [2024-03-11T17:08:50.068+0000] {dag.py:3047} INFO - Sync 1 DAGs
[2024-03-11T17:08:50.076+0000] {logging_mixin.py:188} INFO - [2024-03-11T17:08:50.075+0000] {dag.py:3834} INFO - Setting next_dagrun for example_dag_decorator to None, run_after=None
[2024-03-11T17:08:50.101+0000] {processor.py:183} INFO - Processing /usr/local/lib/python3.8/dist-packages/airflow/example_dags/example_dag_decorator.py took 0.295 seconds
[2024-03-11T17:09:46.370+0000] {processor.py:161} INFO - Started process (PID=2397) to work on /usr/local/lib/python3.8/dist-packages/airflow/example_dags/example_dag_decorator.py
[2024-03-11T17:09:46.372+0000] {processor.py:830} INFO - Processing file /usr/local/lib/python3.8/dist-packages/airflow/example_dags/example_dag_decorator.py for tasks to queue
[2024-03-11T17:09:46.373+0000] {logging_mixin.py:188} INFO - [2024-03-11T17:09:46.373+0000] {dagbag.py:540} INFO - Filling up the DagBag from /usr/local/lib/python3.8/dist-packages/airflow/example_dags/example_dag_decorator.py
[2024-03-11T17:09:46.465+0000] {processor.py:840} INFO - DAG(s) 'example_dag_decorator' retrieved from /usr/local/lib/python3.8/dist-packages/airflow/example_dags/example_dag_decorator.py
[2024-03-11T17:09:46.544+0000] {logging_mixin.py:188} INFO - [2024-03-11T17:09:46.544+0000] {dag.py:3047} INFO - Sync 1 DAGs
[2024-03-11T17:09:46.552+0000] {logging_mixin.py:188} INFO - [2024-03-11T17:09:46.551+0000] {dag.py:3834} INFO - Setting next_dagrun for example_dag_decorator to None, run_after=None
[2024-03-11T17:09:46.576+0000] {processor.py:183} INFO - Processing /usr/local/lib/python3.8/dist-packages/airflow/example_dags/example_dag_decorator.py took 0.209 seconds
[2024-03-11T17:10:45.038+0000] {processor.py:161} INFO - Started process (PID=2475) to work on /usr/local/lib/python3.8/dist-packages/airflow/example_dags/example_dag_decorator.py
[2024-03-11T17:10:45.040+0000] {processor.py:830} INFO - Processing file /usr/local/lib/python3.8/dist-packages/airflow/example_dags/example_dag_decorator.py for tasks to queue
[2024-03-11T17:10:45.040+0000] {logging_mixin.py:188} INFO - [2024-03-11T17:10:45.040+0000] {dagbag.py:540} INFO - Filling up the DagBag from /usr/local/lib/python3.8/dist-packages/airflow/example_dags/example_dag_decorator.py
[2024-03-11T17:10:45.110+0000] {processor.py:840} INFO - DAG(s) 'example_dag_decorator' retrieved from /usr/local/lib/python3.8/dist-packages/airflow/example_dags/example_dag_decorator.py
[2024-03-11T17:10:45.192+0000] {logging_mixin.py:188} INFO - [2024-03-11T17:10:45.192+0000] {dag.py:3047} INFO - Sync 1 DAGs
[2024-03-11T17:10:45.200+0000] {logging_mixin.py:188} INFO - [2024-03-11T17:10:45.200+0000] {dag.py:3834} INFO - Setting next_dagrun for example_dag_decorator to None, run_after=None
[2024-03-11T17:10:45.225+0000] {processor.py:183} INFO - Processing /usr/local/lib/python3.8/dist-packages/airflow/example_dags/example_dag_decorator.py took 0.190 seconds
[2024-03-11T17:12:07.615+0000] {processor.py:161} INFO - Started process (PID=2583) to work on /usr/local/lib/python3.8/dist-packages/airflow/example_dags/example_dag_decorator.py
[2024-03-11T17:12:07.617+0000] {processor.py:830} INFO - Processing file /usr/local/lib/python3.8/dist-packages/airflow/example_dags/example_dag_decorator.py for tasks to queue
[2024-03-11T17:12:07.618+0000] {logging_mixin.py:188} INFO - [2024-03-11T17:12:07.618+0000] {dagbag.py:540} INFO - Filling up the DagBag from /usr/local/lib/python3.8/dist-packages/airflow/example_dags/example_dag_decorator.py
[2024-03-11T17:12:07.787+0000] {processor.py:840} INFO - DAG(s) 'example_dag_decorator' retrieved from /usr/local/lib/python3.8/dist-packages/airflow/example_dags/example_dag_decorator.py
[2024-03-11T17:12:07.861+0000] {logging_mixin.py:188} INFO - [2024-03-11T17:12:07.861+0000] {dag.py:3047} INFO - Sync 1 DAGs
[2024-03-11T17:12:07.869+0000] {logging_mixin.py:188} INFO - [2024-03-11T17:12:07.869+0000] {dag.py:3834} INFO - Setting next_dagrun for example_dag_decorator to None, run_after=None
[2024-03-11T17:12:07.894+0000] {processor.py:183} INFO - Processing /usr/local/lib/python3.8/dist-packages/airflow/example_dags/example_dag_decorator.py took 0.282 seconds
[2024-03-11T17:13:04.498+0000] {processor.py:161} INFO - Started process (PID=2661) to work on /usr/local/lib/python3.8/dist-packages/airflow/example_dags/example_dag_decorator.py
[2024-03-11T17:13:04.500+0000] {processor.py:830} INFO - Processing file /usr/local/lib/python3.8/dist-packages/airflow/example_dags/example_dag_decorator.py for tasks to queue
[2024-03-11T17:13:04.501+0000] {logging_mixin.py:188} INFO - [2024-03-11T17:13:04.500+0000] {dagbag.py:540} INFO - Filling up the DagBag from /usr/local/lib/python3.8/dist-packages/airflow/example_dags/example_dag_decorator.py
[2024-03-11T17:13:04.581+0000] {processor.py:840} INFO - DAG(s) 'example_dag_decorator' retrieved from /usr/local/lib/python3.8/dist-packages/airflow/example_dags/example_dag_decorator.py
[2024-03-11T17:13:04.660+0000] {logging_mixin.py:188} INFO - [2024-03-11T17:13:04.660+0000] {dag.py:3047} INFO - Sync 1 DAGs
[2024-03-11T17:13:04.668+0000] {logging_mixin.py:188} INFO - [2024-03-11T17:13:04.668+0000] {dag.py:3834} INFO - Setting next_dagrun for example_dag_decorator to None, run_after=None
[2024-03-11T17:13:04.693+0000] {processor.py:183} INFO - Processing /usr/local/lib/python3.8/dist-packages/airflow/example_dags/example_dag_decorator.py took 0.199 seconds
[2024-03-11T17:14:00.199+0000] {processor.py:161} INFO - Started process (PID=2782) to work on /usr/local/lib/python3.8/dist-packages/airflow/example_dags/example_dag_decorator.py
[2024-03-11T17:14:00.201+0000] {processor.py:830} INFO - Processing file /usr/local/lib/python3.8/dist-packages/airflow/example_dags/example_dag_decorator.py for tasks to queue
[2024-03-11T17:14:00.202+0000] {logging_mixin.py:188} INFO - [2024-03-11T17:14:00.202+0000] {dagbag.py:540} INFO - Filling up the DagBag from /usr/local/lib/python3.8/dist-packages/airflow/example_dags/example_dag_decorator.py
[2024-03-11T17:14:00.273+0000] {processor.py:840} INFO - DAG(s) 'example_dag_decorator' retrieved from /usr/local/lib/python3.8/dist-packages/airflow/example_dags/example_dag_decorator.py
[2024-03-11T17:14:00.351+0000] {logging_mixin.py:188} INFO - [2024-03-11T17:14:00.350+0000] {dag.py:3047} INFO - Sync 1 DAGs
[2024-03-11T17:14:00.358+0000] {logging_mixin.py:188} INFO - [2024-03-11T17:14:00.358+0000] {dag.py:3834} INFO - Setting next_dagrun for example_dag_decorator to None, run_after=None
[2024-03-11T17:14:00.384+0000] {processor.py:183} INFO - Processing /usr/local/lib/python3.8/dist-packages/airflow/example_dags/example_dag_decorator.py took 0.188 seconds
[2024-03-11T17:15:19.167+0000] {processor.py:161} INFO - Started process (PID=2934) to work on /usr/local/lib/python3.8/dist-packages/airflow/example_dags/example_dag_decorator.py
[2024-03-11T17:15:19.169+0000] {processor.py:830} INFO - Processing file /usr/local/lib/python3.8/dist-packages/airflow/example_dags/example_dag_decorator.py for tasks to queue
[2024-03-11T17:15:19.170+0000] {logging_mixin.py:188} INFO - [2024-03-11T17:15:19.170+0000] {dagbag.py:540} INFO - Filling up the DagBag from /usr/local/lib/python3.8/dist-packages/airflow/example_dags/example_dag_decorator.py
[2024-03-11T17:15:19.242+0000] {processor.py:840} INFO - DAG(s) 'example_dag_decorator' retrieved from /usr/local/lib/python3.8/dist-packages/airflow/example_dags/example_dag_decorator.py
[2024-03-11T17:15:19.333+0000] {logging_mixin.py:188} INFO - [2024-03-11T17:15:19.332+0000] {dag.py:3047} INFO - Sync 1 DAGs
[2024-03-11T17:15:19.340+0000] {logging_mixin.py:188} INFO - [2024-03-11T17:15:19.340+0000] {dag.py:3834} INFO - Setting next_dagrun for example_dag_decorator to None, run_after=None
[2024-03-11T17:15:19.368+0000] {processor.py:183} INFO - Processing /usr/local/lib/python3.8/dist-packages/airflow/example_dags/example_dag_decorator.py took 0.204 seconds
[2024-03-11T17:16:14.739+0000] {processor.py:161} INFO - Started process (PID=3012) to work on /usr/local/lib/python3.8/dist-packages/airflow/example_dags/example_dag_decorator.py
[2024-03-11T17:16:14.741+0000] {processor.py:830} INFO - Processing file /usr/local/lib/python3.8/dist-packages/airflow/example_dags/example_dag_decorator.py for tasks to queue
[2024-03-11T17:16:14.742+0000] {logging_mixin.py:188} INFO - [2024-03-11T17:16:14.741+0000] {dagbag.py:540} INFO - Filling up the DagBag from /usr/local/lib/python3.8/dist-packages/airflow/example_dags/example_dag_decorator.py
[2024-03-11T17:16:14.827+0000] {processor.py:840} INFO - DAG(s) 'example_dag_decorator' retrieved from /usr/local/lib/python3.8/dist-packages/airflow/example_dags/example_dag_decorator.py
[2024-03-11T17:16:14.908+0000] {logging_mixin.py:188} INFO - [2024-03-11T17:16:14.908+0000] {dag.py:3047} INFO - Sync 1 DAGs
[2024-03-11T17:16:14.916+0000] {logging_mixin.py:188} INFO - [2024-03-11T17:16:14.915+0000] {dag.py:3834} INFO - Setting next_dagrun for example_dag_decorator to None, run_after=None
[2024-03-11T17:16:14.940+0000] {processor.py:183} INFO - Processing /usr/local/lib/python3.8/dist-packages/airflow/example_dags/example_dag_decorator.py took 0.205 seconds
[2024-03-11T17:17:08.520+0000] {processor.py:161} INFO - Started process (PID=3076) to work on /usr/local/lib/python3.8/dist-packages/airflow/example_dags/example_dag_decorator.py
[2024-03-11T17:17:08.522+0000] {processor.py:830} INFO - Processing file /usr/local/lib/python3.8/dist-packages/airflow/example_dags/example_dag_decorator.py for tasks to queue
[2024-03-11T17:17:08.523+0000] {logging_mixin.py:188} INFO - [2024-03-11T17:17:08.522+0000] {dagbag.py:540} INFO - Filling up the DagBag from /usr/local/lib/python3.8/dist-packages/airflow/example_dags/example_dag_decorator.py
[2024-03-11T17:17:08.594+0000] {processor.py:840} INFO - DAG(s) 'example_dag_decorator' retrieved from /usr/local/lib/python3.8/dist-packages/airflow/example_dags/example_dag_decorator.py
[2024-03-11T17:17:08.674+0000] {logging_mixin.py:188} INFO - [2024-03-11T17:17:08.673+0000] {dag.py:3047} INFO - Sync 1 DAGs
[2024-03-11T17:17:08.681+0000] {logging_mixin.py:188} INFO - [2024-03-11T17:17:08.681+0000] {dag.py:3834} INFO - Setting next_dagrun for example_dag_decorator to None, run_after=None
[2024-03-11T17:17:08.707+0000] {processor.py:183} INFO - Processing /usr/local/lib/python3.8/dist-packages/airflow/example_dags/example_dag_decorator.py took 0.191 seconds
[2024-03-11T17:18:03.419+0000] {processor.py:161} INFO - Started process (PID=3147) to work on /usr/local/lib/python3.8/dist-packages/airflow/example_dags/example_dag_decorator.py
[2024-03-11T17:18:03.421+0000] {processor.py:830} INFO - Processing file /usr/local/lib/python3.8/dist-packages/airflow/example_dags/example_dag_decorator.py for tasks to queue
[2024-03-11T17:18:03.422+0000] {logging_mixin.py:188} INFO - [2024-03-11T17:18:03.422+0000] {dagbag.py:540} INFO - Filling up the DagBag from /usr/local/lib/python3.8/dist-packages/airflow/example_dags/example_dag_decorator.py
[2024-03-11T17:18:03.507+0000] {processor.py:840} INFO - DAG(s) 'example_dag_decorator' retrieved from /usr/local/lib/python3.8/dist-packages/airflow/example_dags/example_dag_decorator.py
[2024-03-11T17:18:03.585+0000] {logging_mixin.py:188} INFO - [2024-03-11T17:18:03.585+0000] {dag.py:3047} INFO - Sync 1 DAGs
[2024-03-11T17:18:03.594+0000] {logging_mixin.py:188} INFO - [2024-03-11T17:18:03.594+0000] {dag.py:3834} INFO - Setting next_dagrun for example_dag_decorator to None, run_after=None
[2024-03-11T17:18:03.619+0000] {processor.py:183} INFO - Processing /usr/local/lib/python3.8/dist-packages/airflow/example_dags/example_dag_decorator.py took 0.203 seconds
[2024-03-11T17:18:59.283+0000] {processor.py:161} INFO - Started process (PID=3223) to work on /usr/local/lib/python3.8/dist-packages/airflow/example_dags/example_dag_decorator.py
[2024-03-11T17:18:59.285+0000] {processor.py:830} INFO - Processing file /usr/local/lib/python3.8/dist-packages/airflow/example_dags/example_dag_decorator.py for tasks to queue
[2024-03-11T17:18:59.286+0000] {logging_mixin.py:188} INFO - [2024-03-11T17:18:59.286+0000] {dagbag.py:540} INFO - Filling up the DagBag from /usr/local/lib/python3.8/dist-packages/airflow/example_dags/example_dag_decorator.py
[2024-03-11T17:18:59.371+0000] {processor.py:840} INFO - DAG(s) 'example_dag_decorator' retrieved from /usr/local/lib/python3.8/dist-packages/airflow/example_dags/example_dag_decorator.py
[2024-03-11T17:18:59.387+0000] {logging_mixin.py:188} INFO - [2024-03-11T17:18:59.387+0000] {dag.py:3047} INFO - Sync 1 DAGs
[2024-03-11T17:18:59.396+0000] {logging_mixin.py:188} INFO - [2024-03-11T17:18:59.396+0000] {dag.py:3834} INFO - Setting next_dagrun for example_dag_decorator to None, run_after=None
[2024-03-11T17:18:59.422+0000] {processor.py:183} INFO - Processing /usr/local/lib/python3.8/dist-packages/airflow/example_dags/example_dag_decorator.py took 0.142 seconds
[2024-03-11T17:19:52.474+0000] {processor.py:161} INFO - Started process (PID=3288) to work on /usr/local/lib/python3.8/dist-packages/airflow/example_dags/example_dag_decorator.py
[2024-03-11T17:19:52.476+0000] {processor.py:830} INFO - Processing file /usr/local/lib/python3.8/dist-packages/airflow/example_dags/example_dag_decorator.py for tasks to queue
[2024-03-11T17:19:52.477+0000] {logging_mixin.py:188} INFO - [2024-03-11T17:19:52.476+0000] {dagbag.py:540} INFO - Filling up the DagBag from /usr/local/lib/python3.8/dist-packages/airflow/example_dags/example_dag_decorator.py
[2024-03-11T17:19:52.568+0000] {processor.py:840} INFO - DAG(s) 'example_dag_decorator' retrieved from /usr/local/lib/python3.8/dist-packages/airflow/example_dags/example_dag_decorator.py
[2024-03-11T17:19:52.586+0000] {logging_mixin.py:188} INFO - [2024-03-11T17:19:52.586+0000] {dag.py:3047} INFO - Sync 1 DAGs
[2024-03-11T17:19:52.595+0000] {logging_mixin.py:188} INFO - [2024-03-11T17:19:52.595+0000] {dag.py:3834} INFO - Setting next_dagrun for example_dag_decorator to None, run_after=None
[2024-03-11T17:19:52.621+0000] {processor.py:183} INFO - Processing /usr/local/lib/python3.8/dist-packages/airflow/example_dags/example_dag_decorator.py took 0.151 seconds
[2024-03-11T17:20:45.891+0000] {processor.py:161} INFO - Started process (PID=3357) to work on /usr/local/lib/python3.8/dist-packages/airflow/example_dags/example_dag_decorator.py
[2024-03-11T17:20:45.893+0000] {processor.py:830} INFO - Processing file /usr/local/lib/python3.8/dist-packages/airflow/example_dags/example_dag_decorator.py for tasks to queue
[2024-03-11T17:20:45.894+0000] {logging_mixin.py:188} INFO - [2024-03-11T17:20:45.894+0000] {dagbag.py:540} INFO - Filling up the DagBag from /usr/local/lib/python3.8/dist-packages/airflow/example_dags/example_dag_decorator.py
[2024-03-11T17:20:45.984+0000] {processor.py:840} INFO - DAG(s) 'example_dag_decorator' retrieved from /usr/local/lib/python3.8/dist-packages/airflow/example_dags/example_dag_decorator.py
[2024-03-11T17:20:46.065+0000] {logging_mixin.py:188} INFO - [2024-03-11T17:20:46.065+0000] {dag.py:3047} INFO - Sync 1 DAGs
[2024-03-11T17:20:46.073+0000] {logging_mixin.py:188} INFO - [2024-03-11T17:20:46.073+0000] {dag.py:3834} INFO - Setting next_dagrun for example_dag_decorator to None, run_after=None
[2024-03-11T17:20:46.103+0000] {processor.py:183} INFO - Processing /usr/local/lib/python3.8/dist-packages/airflow/example_dags/example_dag_decorator.py took 0.215 seconds
[2024-03-11T17:21:38.538+0000] {processor.py:161} INFO - Started process (PID=3433) to work on /usr/local/lib/python3.8/dist-packages/airflow/example_dags/example_dag_decorator.py
[2024-03-11T17:21:38.540+0000] {processor.py:830} INFO - Processing file /usr/local/lib/python3.8/dist-packages/airflow/example_dags/example_dag_decorator.py for tasks to queue
[2024-03-11T17:21:38.541+0000] {logging_mixin.py:188} INFO - [2024-03-11T17:21:38.541+0000] {dagbag.py:540} INFO - Filling up the DagBag from /usr/local/lib/python3.8/dist-packages/airflow/example_dags/example_dag_decorator.py
[2024-03-11T17:21:38.614+0000] {processor.py:840} INFO - DAG(s) 'example_dag_decorator' retrieved from /usr/local/lib/python3.8/dist-packages/airflow/example_dags/example_dag_decorator.py
[2024-03-11T17:21:38.695+0000] {logging_mixin.py:188} INFO - [2024-03-11T17:21:38.694+0000] {dag.py:3047} INFO - Sync 1 DAGs
[2024-03-11T17:21:38.702+0000] {logging_mixin.py:188} INFO - [2024-03-11T17:21:38.702+0000] {dag.py:3834} INFO - Setting next_dagrun for example_dag_decorator to None, run_after=None
[2024-03-11T17:21:38.727+0000] {processor.py:183} INFO - Processing /usr/local/lib/python3.8/dist-packages/airflow/example_dags/example_dag_decorator.py took 0.192 seconds
