[2024-03-11T15:40:21.797+0000] {processor.py:161} INFO - Started process (PID=503) to work on /usr/local/lib/python3.8/dist-packages/airflow/example_dags/example_task_group.py
[2024-03-11T15:40:21.798+0000] {processor.py:830} INFO - Processing file /usr/local/lib/python3.8/dist-packages/airflow/example_dags/example_task_group.py for tasks to queue
[2024-03-11T15:40:21.799+0000] {logging_mixin.py:188} INFO - [2024-03-11T15:40:21.799+0000] {dagbag.py:540} INFO - Filling up the DagBag from /usr/local/lib/python3.8/dist-packages/airflow/example_dags/example_task_group.py
[2024-03-11T15:40:21.808+0000] {processor.py:840} INFO - DAG(s) 'example_task_group' retrieved from /usr/local/lib/python3.8/dist-packages/airflow/example_dags/example_task_group.py
[2024-03-11T15:40:22.055+0000] {logging_mixin.py:188} INFO - [2024-03-11T15:40:22.054+0000] {override.py:1769} INFO - Created Permission View: can delete on DAG:example_task_group
[2024-03-11T15:40:22.075+0000] {logging_mixin.py:188} INFO - [2024-03-11T15:40:22.075+0000] {override.py:1769} INFO - Created Permission View: can read on DAG:example_task_group
[2024-03-11T15:40:22.089+0000] {logging_mixin.py:188} INFO - [2024-03-11T15:40:22.088+0000] {override.py:1769} INFO - Created Permission View: can edit on DAG:example_task_group
[2024-03-11T15:40:22.089+0000] {logging_mixin.py:188} INFO - [2024-03-11T15:40:22.089+0000] {dag.py:3047} INFO - Sync 1 DAGs
[2024-03-11T15:40:22.097+0000] {logging_mixin.py:188} INFO - [2024-03-11T15:40:22.097+0000] {dag.py:3069} INFO - Creating ORM DAG for example_task_group
[2024-03-11T15:40:22.104+0000] {logging_mixin.py:188} INFO - [2024-03-11T15:40:22.104+0000] {dag.py:3834} INFO - Setting next_dagrun for example_task_group to 2024-03-10 00:00:00+00:00, run_after=2024-03-11 00:00:00+00:00
[2024-03-11T15:40:22.131+0000] {processor.py:183} INFO - Processing /usr/local/lib/python3.8/dist-packages/airflow/example_dags/example_task_group.py took 0.337 seconds
[2024-03-11T15:41:17.199+0000] {processor.py:161} INFO - Started process (PID=576) to work on /usr/local/lib/python3.8/dist-packages/airflow/example_dags/example_task_group.py
[2024-03-11T15:41:17.201+0000] {processor.py:830} INFO - Processing file /usr/local/lib/python3.8/dist-packages/airflow/example_dags/example_task_group.py for tasks to queue
[2024-03-11T15:41:17.202+0000] {logging_mixin.py:188} INFO - [2024-03-11T15:41:17.201+0000] {dagbag.py:540} INFO - Filling up the DagBag from /usr/local/lib/python3.8/dist-packages/airflow/example_dags/example_task_group.py
[2024-03-11T15:41:17.211+0000] {processor.py:840} INFO - DAG(s) 'example_task_group' retrieved from /usr/local/lib/python3.8/dist-packages/airflow/example_dags/example_task_group.py
[2024-03-11T15:41:17.230+0000] {logging_mixin.py:188} INFO - [2024-03-11T15:41:17.230+0000] {dag.py:3047} INFO - Sync 1 DAGs
[2024-03-11T15:41:17.253+0000] {logging_mixin.py:188} INFO - [2024-03-11T15:41:17.253+0000] {dag.py:3834} INFO - Setting next_dagrun for example_task_group to 2024-03-10 00:00:00+00:00, run_after=2024-03-11 00:00:00+00:00
[2024-03-11T15:41:17.282+0000] {processor.py:183} INFO - Processing /usr/local/lib/python3.8/dist-packages/airflow/example_dags/example_task_group.py took 0.086 seconds
[2024-03-11T15:42:05.858+0000] {processor.py:161} INFO - Started process (PID=624) to work on /usr/local/lib/python3.8/dist-packages/airflow/example_dags/example_task_group.py
[2024-03-11T15:42:05.862+0000] {processor.py:830} INFO - Processing file /usr/local/lib/python3.8/dist-packages/airflow/example_dags/example_task_group.py for tasks to queue
[2024-03-11T15:42:05.863+0000] {logging_mixin.py:188} INFO - [2024-03-11T15:42:05.862+0000] {dagbag.py:540} INFO - Filling up the DagBag from /usr/local/lib/python3.8/dist-packages/airflow/example_dags/example_task_group.py
[2024-03-11T15:42:05.871+0000] {processor.py:840} INFO - DAG(s) 'example_task_group' retrieved from /usr/local/lib/python3.8/dist-packages/airflow/example_dags/example_task_group.py
[2024-03-11T15:42:05.889+0000] {logging_mixin.py:188} INFO - [2024-03-11T15:42:05.889+0000] {dag.py:3047} INFO - Sync 1 DAGs
[2024-03-11T15:42:05.911+0000] {logging_mixin.py:188} INFO - [2024-03-11T15:42:05.911+0000] {dag.py:3834} INFO - Setting next_dagrun for example_task_group to 2024-03-10 00:00:00+00:00, run_after=2024-03-11 00:00:00+00:00
[2024-03-11T15:42:05.944+0000] {processor.py:183} INFO - Processing /usr/local/lib/python3.8/dist-packages/airflow/example_dags/example_task_group.py took 0.089 seconds
[2024-03-11T15:43:01.783+0000] {processor.py:161} INFO - Started process (PID=679) to work on /usr/local/lib/python3.8/dist-packages/airflow/example_dags/example_task_group.py
[2024-03-11T15:43:01.785+0000] {processor.py:830} INFO - Processing file /usr/local/lib/python3.8/dist-packages/airflow/example_dags/example_task_group.py for tasks to queue
[2024-03-11T15:43:01.786+0000] {logging_mixin.py:188} INFO - [2024-03-11T15:43:01.785+0000] {dagbag.py:540} INFO - Filling up the DagBag from /usr/local/lib/python3.8/dist-packages/airflow/example_dags/example_task_group.py
[2024-03-11T15:43:01.795+0000] {processor.py:840} INFO - DAG(s) 'example_task_group' retrieved from /usr/local/lib/python3.8/dist-packages/airflow/example_dags/example_task_group.py
[2024-03-11T15:43:01.814+0000] {logging_mixin.py:188} INFO - [2024-03-11T15:43:01.814+0000] {dag.py:3047} INFO - Sync 1 DAGs
[2024-03-11T15:43:01.836+0000] {logging_mixin.py:188} INFO - [2024-03-11T15:43:01.836+0000] {dag.py:3834} INFO - Setting next_dagrun for example_task_group to 2024-03-10 00:00:00+00:00, run_after=2024-03-11 00:00:00+00:00
[2024-03-11T15:43:01.868+0000] {processor.py:183} INFO - Processing /usr/local/lib/python3.8/dist-packages/airflow/example_dags/example_task_group.py took 0.088 seconds
[2024-03-11T15:43:48.947+0000] {processor.py:161} INFO - Started process (PID=724) to work on /usr/local/lib/python3.8/dist-packages/airflow/example_dags/example_task_group.py
[2024-03-11T15:43:48.949+0000] {processor.py:830} INFO - Processing file /usr/local/lib/python3.8/dist-packages/airflow/example_dags/example_task_group.py for tasks to queue
[2024-03-11T15:43:48.950+0000] {logging_mixin.py:188} INFO - [2024-03-11T15:43:48.950+0000] {dagbag.py:540} INFO - Filling up the DagBag from /usr/local/lib/python3.8/dist-packages/airflow/example_dags/example_task_group.py
[2024-03-11T15:43:48.959+0000] {processor.py:840} INFO - DAG(s) 'example_task_group' retrieved from /usr/local/lib/python3.8/dist-packages/airflow/example_dags/example_task_group.py
[2024-03-11T15:43:48.979+0000] {logging_mixin.py:188} INFO - [2024-03-11T15:43:48.979+0000] {dag.py:3047} INFO - Sync 1 DAGs
[2024-03-11T15:43:49.001+0000] {logging_mixin.py:188} INFO - [2024-03-11T15:43:49.001+0000] {dag.py:3834} INFO - Setting next_dagrun for example_task_group to 2024-03-10 00:00:00+00:00, run_after=2024-03-11 00:00:00+00:00
[2024-03-11T15:43:49.031+0000] {processor.py:183} INFO - Processing /usr/local/lib/python3.8/dist-packages/airflow/example_dags/example_task_group.py took 0.087 seconds
[2024-03-11T15:44:45.219+0000] {processor.py:161} INFO - Started process (PID=780) to work on /usr/local/lib/python3.8/dist-packages/airflow/example_dags/example_task_group.py
[2024-03-11T15:44:45.221+0000] {processor.py:830} INFO - Processing file /usr/local/lib/python3.8/dist-packages/airflow/example_dags/example_task_group.py for tasks to queue
[2024-03-11T15:44:45.222+0000] {logging_mixin.py:188} INFO - [2024-03-11T15:44:45.222+0000] {dagbag.py:540} INFO - Filling up the DagBag from /usr/local/lib/python3.8/dist-packages/airflow/example_dags/example_task_group.py
[2024-03-11T15:44:45.231+0000] {processor.py:840} INFO - DAG(s) 'example_task_group' retrieved from /usr/local/lib/python3.8/dist-packages/airflow/example_dags/example_task_group.py
[2024-03-11T15:44:45.251+0000] {logging_mixin.py:188} INFO - [2024-03-11T15:44:45.251+0000] {dag.py:3047} INFO - Sync 1 DAGs
[2024-03-11T15:44:45.273+0000] {logging_mixin.py:188} INFO - [2024-03-11T15:44:45.273+0000] {dag.py:3834} INFO - Setting next_dagrun for example_task_group to 2024-03-10 00:00:00+00:00, run_after=2024-03-11 00:00:00+00:00
[2024-03-11T15:44:45.303+0000] {processor.py:183} INFO - Processing /usr/local/lib/python3.8/dist-packages/airflow/example_dags/example_task_group.py took 0.087 seconds
[2024-03-11T15:45:41.825+0000] {processor.py:161} INFO - Started process (PID=835) to work on /usr/local/lib/python3.8/dist-packages/airflow/example_dags/example_task_group.py
[2024-03-11T15:45:41.827+0000] {processor.py:830} INFO - Processing file /usr/local/lib/python3.8/dist-packages/airflow/example_dags/example_task_group.py for tasks to queue
[2024-03-11T15:45:41.828+0000] {logging_mixin.py:188} INFO - [2024-03-11T15:45:41.828+0000] {dagbag.py:540} INFO - Filling up the DagBag from /usr/local/lib/python3.8/dist-packages/airflow/example_dags/example_task_group.py
[2024-03-11T15:45:41.837+0000] {processor.py:840} INFO - DAG(s) 'example_task_group' retrieved from /usr/local/lib/python3.8/dist-packages/airflow/example_dags/example_task_group.py
[2024-03-11T15:45:41.857+0000] {logging_mixin.py:188} INFO - [2024-03-11T15:45:41.857+0000] {dag.py:3047} INFO - Sync 1 DAGs
[2024-03-11T15:45:41.882+0000] {logging_mixin.py:188} INFO - [2024-03-11T15:45:41.882+0000] {dag.py:3834} INFO - Setting next_dagrun for example_task_group to 2024-03-10 00:00:00+00:00, run_after=2024-03-11 00:00:00+00:00
[2024-03-11T15:45:41.936+0000] {processor.py:183} INFO - Processing /usr/local/lib/python3.8/dist-packages/airflow/example_dags/example_task_group.py took 0.115 seconds
[2024-03-11T15:46:45.252+0000] {processor.py:161} INFO - Started process (PID=894) to work on /usr/local/lib/python3.8/dist-packages/airflow/example_dags/example_task_group.py
[2024-03-11T15:46:45.254+0000] {processor.py:830} INFO - Processing file /usr/local/lib/python3.8/dist-packages/airflow/example_dags/example_task_group.py for tasks to queue
[2024-03-11T15:46:45.255+0000] {logging_mixin.py:188} INFO - [2024-03-11T15:46:45.255+0000] {dagbag.py:540} INFO - Filling up the DagBag from /usr/local/lib/python3.8/dist-packages/airflow/example_dags/example_task_group.py
[2024-03-11T15:46:45.265+0000] {processor.py:840} INFO - DAG(s) 'example_task_group' retrieved from /usr/local/lib/python3.8/dist-packages/airflow/example_dags/example_task_group.py
[2024-03-11T15:46:45.283+0000] {logging_mixin.py:188} INFO - [2024-03-11T15:46:45.283+0000] {dag.py:3047} INFO - Sync 1 DAGs
[2024-03-11T15:46:45.305+0000] {logging_mixin.py:188} INFO - [2024-03-11T15:46:45.305+0000] {dag.py:3834} INFO - Setting next_dagrun for example_task_group to 2024-03-10 00:00:00+00:00, run_after=2024-03-11 00:00:00+00:00
[2024-03-11T15:46:45.336+0000] {processor.py:183} INFO - Processing /usr/local/lib/python3.8/dist-packages/airflow/example_dags/example_task_group.py took 0.088 seconds
[2024-03-11T15:47:41.127+0000] {processor.py:161} INFO - Started process (PID=949) to work on /usr/local/lib/python3.8/dist-packages/airflow/example_dags/example_task_group.py
[2024-03-11T15:47:41.130+0000] {processor.py:830} INFO - Processing file /usr/local/lib/python3.8/dist-packages/airflow/example_dags/example_task_group.py for tasks to queue
[2024-03-11T15:47:41.131+0000] {logging_mixin.py:188} INFO - [2024-03-11T15:47:41.130+0000] {dagbag.py:540} INFO - Filling up the DagBag from /usr/local/lib/python3.8/dist-packages/airflow/example_dags/example_task_group.py
[2024-03-11T15:47:41.139+0000] {processor.py:840} INFO - DAG(s) 'example_task_group' retrieved from /usr/local/lib/python3.8/dist-packages/airflow/example_dags/example_task_group.py
[2024-03-11T15:47:41.158+0000] {logging_mixin.py:188} INFO - [2024-03-11T15:47:41.158+0000] {dag.py:3047} INFO - Sync 1 DAGs
[2024-03-11T15:47:41.182+0000] {logging_mixin.py:188} INFO - [2024-03-11T15:47:41.181+0000] {dag.py:3834} INFO - Setting next_dagrun for example_task_group to 2024-03-10 00:00:00+00:00, run_after=2024-03-11 00:00:00+00:00
[2024-03-11T15:47:41.212+0000] {processor.py:183} INFO - Processing /usr/local/lib/python3.8/dist-packages/airflow/example_dags/example_task_group.py took 0.088 seconds
[2024-03-11T15:48:41.465+0000] {processor.py:161} INFO - Started process (PID=1008) to work on /usr/local/lib/python3.8/dist-packages/airflow/example_dags/example_task_group.py
[2024-03-11T15:48:41.468+0000] {processor.py:830} INFO - Processing file /usr/local/lib/python3.8/dist-packages/airflow/example_dags/example_task_group.py for tasks to queue
[2024-03-11T15:48:41.469+0000] {logging_mixin.py:188} INFO - [2024-03-11T15:48:41.468+0000] {dagbag.py:540} INFO - Filling up the DagBag from /usr/local/lib/python3.8/dist-packages/airflow/example_dags/example_task_group.py
[2024-03-11T15:48:41.477+0000] {processor.py:840} INFO - DAG(s) 'example_task_group' retrieved from /usr/local/lib/python3.8/dist-packages/airflow/example_dags/example_task_group.py
[2024-03-11T15:48:41.497+0000] {logging_mixin.py:188} INFO - [2024-03-11T15:48:41.497+0000] {dag.py:3047} INFO - Sync 1 DAGs
[2024-03-11T15:48:41.519+0000] {logging_mixin.py:188} INFO - [2024-03-11T15:48:41.518+0000] {dag.py:3834} INFO - Setting next_dagrun for example_task_group to 2024-03-10 00:00:00+00:00, run_after=2024-03-11 00:00:00+00:00
[2024-03-11T15:48:41.549+0000] {processor.py:183} INFO - Processing /usr/local/lib/python3.8/dist-packages/airflow/example_dags/example_task_group.py took 0.087 seconds
[2024-03-11T15:49:25.935+0000] {processor.py:161} INFO - Started process (PID=1049) to work on /usr/local/lib/python3.8/dist-packages/airflow/example_dags/example_task_group.py
[2024-03-11T15:49:25.937+0000] {processor.py:830} INFO - Processing file /usr/local/lib/python3.8/dist-packages/airflow/example_dags/example_task_group.py for tasks to queue
[2024-03-11T15:49:25.938+0000] {logging_mixin.py:188} INFO - [2024-03-11T15:49:25.938+0000] {dagbag.py:540} INFO - Filling up the DagBag from /usr/local/lib/python3.8/dist-packages/airflow/example_dags/example_task_group.py
[2024-03-11T15:49:25.947+0000] {processor.py:840} INFO - DAG(s) 'example_task_group' retrieved from /usr/local/lib/python3.8/dist-packages/airflow/example_dags/example_task_group.py
[2024-03-11T15:49:25.966+0000] {logging_mixin.py:188} INFO - [2024-03-11T15:49:25.966+0000] {dag.py:3047} INFO - Sync 1 DAGs
[2024-03-11T15:49:25.989+0000] {logging_mixin.py:188} INFO - [2024-03-11T15:49:25.989+0000] {dag.py:3834} INFO - Setting next_dagrun for example_task_group to 2024-03-10 00:00:00+00:00, run_after=2024-03-11 00:00:00+00:00
[2024-03-11T15:49:26.092+0000] {processor.py:183} INFO - Processing /usr/local/lib/python3.8/dist-packages/airflow/example_dags/example_task_group.py took 0.160 seconds
[2024-03-11T15:50:15.514+0000] {processor.py:161} INFO - Started process (PID=1097) to work on /usr/local/lib/python3.8/dist-packages/airflow/example_dags/example_task_group.py
[2024-03-11T15:50:15.517+0000] {processor.py:830} INFO - Processing file /usr/local/lib/python3.8/dist-packages/airflow/example_dags/example_task_group.py for tasks to queue
[2024-03-11T15:50:15.518+0000] {logging_mixin.py:188} INFO - [2024-03-11T15:50:15.517+0000] {dagbag.py:540} INFO - Filling up the DagBag from /usr/local/lib/python3.8/dist-packages/airflow/example_dags/example_task_group.py
[2024-03-11T15:50:15.526+0000] {processor.py:840} INFO - DAG(s) 'example_task_group' retrieved from /usr/local/lib/python3.8/dist-packages/airflow/example_dags/example_task_group.py
[2024-03-11T15:50:15.545+0000] {logging_mixin.py:188} INFO - [2024-03-11T15:50:15.545+0000] {dag.py:3047} INFO - Sync 1 DAGs
[2024-03-11T15:50:15.568+0000] {logging_mixin.py:188} INFO - [2024-03-11T15:50:15.568+0000] {dag.py:3834} INFO - Setting next_dagrun for example_task_group to 2024-03-10 00:00:00+00:00, run_after=2024-03-11 00:00:00+00:00
[2024-03-11T15:50:15.598+0000] {processor.py:183} INFO - Processing /usr/local/lib/python3.8/dist-packages/airflow/example_dags/example_task_group.py took 0.088 seconds
[2024-03-11T15:51:01.091+0000] {processor.py:161} INFO - Started process (PID=1141) to work on /usr/local/lib/python3.8/dist-packages/airflow/example_dags/example_task_group.py
[2024-03-11T15:51:01.093+0000] {processor.py:830} INFO - Processing file /usr/local/lib/python3.8/dist-packages/airflow/example_dags/example_task_group.py for tasks to queue
[2024-03-11T15:51:01.094+0000] {logging_mixin.py:188} INFO - [2024-03-11T15:51:01.094+0000] {dagbag.py:540} INFO - Filling up the DagBag from /usr/local/lib/python3.8/dist-packages/airflow/example_dags/example_task_group.py
[2024-03-11T15:51:01.103+0000] {processor.py:840} INFO - DAG(s) 'example_task_group' retrieved from /usr/local/lib/python3.8/dist-packages/airflow/example_dags/example_task_group.py
[2024-03-11T15:51:01.121+0000] {logging_mixin.py:188} INFO - [2024-03-11T15:51:01.121+0000] {dag.py:3047} INFO - Sync 1 DAGs
[2024-03-11T15:51:01.145+0000] {logging_mixin.py:188} INFO - [2024-03-11T15:51:01.145+0000] {dag.py:3834} INFO - Setting next_dagrun for example_task_group to 2024-03-10 00:00:00+00:00, run_after=2024-03-11 00:00:00+00:00
[2024-03-11T15:51:01.175+0000] {processor.py:183} INFO - Processing /usr/local/lib/python3.8/dist-packages/airflow/example_dags/example_task_group.py took 0.088 seconds
[2024-03-11T15:51:47.744+0000] {processor.py:161} INFO - Started process (PID=1204) to work on /usr/local/lib/python3.8/dist-packages/airflow/example_dags/example_task_group.py
[2024-03-11T15:51:47.748+0000] {processor.py:830} INFO - Processing file /usr/local/lib/python3.8/dist-packages/airflow/example_dags/example_task_group.py for tasks to queue
[2024-03-11T15:51:47.749+0000] {logging_mixin.py:188} INFO - [2024-03-11T15:51:47.748+0000] {dagbag.py:540} INFO - Filling up the DagBag from /usr/local/lib/python3.8/dist-packages/airflow/example_dags/example_task_group.py
[2024-03-11T15:51:47.759+0000] {processor.py:840} INFO - DAG(s) 'example_task_group' retrieved from /usr/local/lib/python3.8/dist-packages/airflow/example_dags/example_task_group.py
[2024-03-11T15:51:47.777+0000] {logging_mixin.py:188} INFO - [2024-03-11T15:51:47.776+0000] {dag.py:3047} INFO - Sync 1 DAGs
[2024-03-11T15:51:47.799+0000] {logging_mixin.py:188} INFO - [2024-03-11T15:51:47.798+0000] {dag.py:3834} INFO - Setting next_dagrun for example_task_group to 2024-03-10 00:00:00+00:00, run_after=2024-03-11 00:00:00+00:00
[2024-03-11T15:51:47.829+0000] {processor.py:183} INFO - Processing /usr/local/lib/python3.8/dist-packages/airflow/example_dags/example_task_group.py took 0.088 seconds
[2024-03-11T15:52:50.350+0000] {processor.py:161} INFO - Started process (PID=1268) to work on /usr/local/lib/python3.8/dist-packages/airflow/example_dags/example_task_group.py
[2024-03-11T15:52:50.352+0000] {processor.py:830} INFO - Processing file /usr/local/lib/python3.8/dist-packages/airflow/example_dags/example_task_group.py for tasks to queue
[2024-03-11T15:52:50.353+0000] {logging_mixin.py:188} INFO - [2024-03-11T15:52:50.353+0000] {dagbag.py:540} INFO - Filling up the DagBag from /usr/local/lib/python3.8/dist-packages/airflow/example_dags/example_task_group.py
[2024-03-11T15:52:50.362+0000] {processor.py:840} INFO - DAG(s) 'example_task_group' retrieved from /usr/local/lib/python3.8/dist-packages/airflow/example_dags/example_task_group.py
[2024-03-11T15:52:50.380+0000] {logging_mixin.py:188} INFO - [2024-03-11T15:52:50.380+0000] {dag.py:3047} INFO - Sync 1 DAGs
[2024-03-11T15:52:50.404+0000] {logging_mixin.py:188} INFO - [2024-03-11T15:52:50.403+0000] {dag.py:3834} INFO - Setting next_dagrun for example_task_group to 2024-03-10 00:00:00+00:00, run_after=2024-03-11 00:00:00+00:00
[2024-03-11T15:52:50.433+0000] {processor.py:183} INFO - Processing /usr/local/lib/python3.8/dist-packages/airflow/example_dags/example_task_group.py took 0.086 seconds
[2024-03-11T15:53:40.511+0000] {processor.py:161} INFO - Started process (PID=1324) to work on /usr/local/lib/python3.8/dist-packages/airflow/example_dags/example_task_group.py
[2024-03-11T15:53:40.514+0000] {processor.py:830} INFO - Processing file /usr/local/lib/python3.8/dist-packages/airflow/example_dags/example_task_group.py for tasks to queue
[2024-03-11T15:53:40.515+0000] {logging_mixin.py:188} INFO - [2024-03-11T15:53:40.514+0000] {dagbag.py:540} INFO - Filling up the DagBag from /usr/local/lib/python3.8/dist-packages/airflow/example_dags/example_task_group.py
[2024-03-11T15:53:40.521+0000] {processor.py:840} INFO - DAG(s) 'example_task_group' retrieved from /usr/local/lib/python3.8/dist-packages/airflow/example_dags/example_task_group.py
[2024-03-11T15:53:40.528+0000] {logging_mixin.py:188} INFO - [2024-03-11T15:53:40.528+0000] {dag.py:3047} INFO - Sync 1 DAGs
[2024-03-11T15:53:40.544+0000] {logging_mixin.py:188} INFO - [2024-03-11T15:53:40.544+0000] {dag.py:3834} INFO - Setting next_dagrun for example_task_group to 2024-03-10 00:00:00+00:00, run_after=2024-03-11 00:00:00+00:00
[2024-03-11T15:53:40.572+0000] {processor.py:183} INFO - Processing /usr/local/lib/python3.8/dist-packages/airflow/example_dags/example_task_group.py took 0.063 seconds
[2024-03-11T15:54:28.602+0000] {processor.py:161} INFO - Started process (PID=1383) to work on /usr/local/lib/python3.8/dist-packages/airflow/example_dags/example_task_group.py
[2024-03-11T15:54:28.604+0000] {processor.py:830} INFO - Processing file /usr/local/lib/python3.8/dist-packages/airflow/example_dags/example_task_group.py for tasks to queue
[2024-03-11T15:54:28.605+0000] {logging_mixin.py:188} INFO - [2024-03-11T15:54:28.605+0000] {dagbag.py:540} INFO - Filling up the DagBag from /usr/local/lib/python3.8/dist-packages/airflow/example_dags/example_task_group.py
[2024-03-11T15:54:28.614+0000] {processor.py:840} INFO - DAG(s) 'example_task_group' retrieved from /usr/local/lib/python3.8/dist-packages/airflow/example_dags/example_task_group.py
[2024-03-11T15:54:28.725+0000] {logging_mixin.py:188} INFO - [2024-03-11T15:54:28.724+0000] {dag.py:3047} INFO - Sync 1 DAGs
[2024-03-11T15:54:28.746+0000] {logging_mixin.py:188} INFO - [2024-03-11T15:54:28.745+0000] {dag.py:3834} INFO - Setting next_dagrun for example_task_group to 2024-03-10 00:00:00+00:00, run_after=2024-03-11 00:00:00+00:00
[2024-03-11T15:54:28.778+0000] {processor.py:183} INFO - Processing /usr/local/lib/python3.8/dist-packages/airflow/example_dags/example_task_group.py took 0.179 seconds
[2024-03-11T15:55:56.455+0000] {processor.py:161} INFO - Started process (PID=1470) to work on /usr/local/lib/python3.8/dist-packages/airflow/example_dags/example_task_group.py
[2024-03-11T15:55:56.457+0000] {processor.py:830} INFO - Processing file /usr/local/lib/python3.8/dist-packages/airflow/example_dags/example_task_group.py for tasks to queue
[2024-03-11T15:55:56.458+0000] {logging_mixin.py:188} INFO - [2024-03-11T15:55:56.458+0000] {dagbag.py:540} INFO - Filling up the DagBag from /usr/local/lib/python3.8/dist-packages/airflow/example_dags/example_task_group.py
[2024-03-11T15:55:56.468+0000] {processor.py:840} INFO - DAG(s) 'example_task_group' retrieved from /usr/local/lib/python3.8/dist-packages/airflow/example_dags/example_task_group.py
[2024-03-11T15:55:56.489+0000] {logging_mixin.py:188} INFO - [2024-03-11T15:55:56.488+0000] {dag.py:3047} INFO - Sync 1 DAGs
[2024-03-11T15:55:56.619+0000] {logging_mixin.py:188} INFO - [2024-03-11T15:55:56.619+0000] {dag.py:3834} INFO - Setting next_dagrun for example_task_group to 2024-03-10 00:00:00+00:00, run_after=2024-03-11 00:00:00+00:00
[2024-03-11T15:55:56.648+0000] {processor.py:183} INFO - Processing /usr/local/lib/python3.8/dist-packages/airflow/example_dags/example_task_group.py took 0.197 seconds
[2024-03-11T15:56:55.178+0000] {processor.py:161} INFO - Started process (PID=1522) to work on /usr/local/lib/python3.8/dist-packages/airflow/example_dags/example_task_group.py
[2024-03-11T15:56:55.180+0000] {processor.py:830} INFO - Processing file /usr/local/lib/python3.8/dist-packages/airflow/example_dags/example_task_group.py for tasks to queue
[2024-03-11T15:56:55.181+0000] {logging_mixin.py:188} INFO - [2024-03-11T15:56:55.181+0000] {dagbag.py:540} INFO - Filling up the DagBag from /usr/local/lib/python3.8/dist-packages/airflow/example_dags/example_task_group.py
[2024-03-11T15:56:55.190+0000] {processor.py:840} INFO - DAG(s) 'example_task_group' retrieved from /usr/local/lib/python3.8/dist-packages/airflow/example_dags/example_task_group.py
[2024-03-11T15:56:55.208+0000] {logging_mixin.py:188} INFO - [2024-03-11T15:56:55.208+0000] {dag.py:3047} INFO - Sync 1 DAGs
[2024-03-11T15:56:55.231+0000] {logging_mixin.py:188} INFO - [2024-03-11T15:56:55.231+0000] {dag.py:3834} INFO - Setting next_dagrun for example_task_group to 2024-03-10 00:00:00+00:00, run_after=2024-03-11 00:00:00+00:00
[2024-03-11T15:56:55.261+0000] {processor.py:183} INFO - Processing /usr/local/lib/python3.8/dist-packages/airflow/example_dags/example_task_group.py took 0.087 seconds
[2024-03-11T15:57:49.158+0000] {processor.py:161} INFO - Started process (PID=1574) to work on /usr/local/lib/python3.8/dist-packages/airflow/example_dags/example_task_group.py
[2024-03-11T15:57:49.160+0000] {processor.py:830} INFO - Processing file /usr/local/lib/python3.8/dist-packages/airflow/example_dags/example_task_group.py for tasks to queue
[2024-03-11T15:57:49.161+0000] {logging_mixin.py:188} INFO - [2024-03-11T15:57:49.161+0000] {dagbag.py:540} INFO - Filling up the DagBag from /usr/local/lib/python3.8/dist-packages/airflow/example_dags/example_task_group.py
[2024-03-11T15:57:49.170+0000] {processor.py:840} INFO - DAG(s) 'example_task_group' retrieved from /usr/local/lib/python3.8/dist-packages/airflow/example_dags/example_task_group.py
[2024-03-11T15:57:49.189+0000] {logging_mixin.py:188} INFO - [2024-03-11T15:57:49.189+0000] {dag.py:3047} INFO - Sync 1 DAGs
[2024-03-11T15:57:49.211+0000] {logging_mixin.py:188} INFO - [2024-03-11T15:57:49.211+0000] {dag.py:3834} INFO - Setting next_dagrun for example_task_group to 2024-03-10 00:00:00+00:00, run_after=2024-03-11 00:00:00+00:00
[2024-03-11T15:57:49.241+0000] {processor.py:183} INFO - Processing /usr/local/lib/python3.8/dist-packages/airflow/example_dags/example_task_group.py took 0.087 seconds
[2024-03-11T15:58:44.107+0000] {processor.py:161} INFO - Started process (PID=1820) to work on /usr/local/lib/python3.8/dist-packages/airflow/example_dags/example_task_group.py
[2024-03-11T15:58:44.109+0000] {processor.py:830} INFO - Processing file /usr/local/lib/python3.8/dist-packages/airflow/example_dags/example_task_group.py for tasks to queue
[2024-03-11T15:58:44.110+0000] {logging_mixin.py:188} INFO - [2024-03-11T15:58:44.109+0000] {dagbag.py:540} INFO - Filling up the DagBag from /usr/local/lib/python3.8/dist-packages/airflow/example_dags/example_task_group.py
[2024-03-11T15:58:44.118+0000] {processor.py:840} INFO - DAG(s) 'example_task_group' retrieved from /usr/local/lib/python3.8/dist-packages/airflow/example_dags/example_task_group.py
[2024-03-11T15:58:44.138+0000] {logging_mixin.py:188} INFO - [2024-03-11T15:58:44.137+0000] {dag.py:3047} INFO - Sync 1 DAGs
[2024-03-11T15:58:44.159+0000] {logging_mixin.py:188} INFO - [2024-03-11T15:58:44.159+0000] {dag.py:3834} INFO - Setting next_dagrun for example_task_group to 2024-03-10 00:00:00+00:00, run_after=2024-03-11 00:00:00+00:00
[2024-03-11T15:58:44.192+0000] {processor.py:183} INFO - Processing /usr/local/lib/python3.8/dist-packages/airflow/example_dags/example_task_group.py took 0.088 seconds
[2024-03-11T16:08:53.486+0000] {processor.py:161} INFO - Started process (PID=445) to work on /usr/local/lib/python3.8/dist-packages/airflow/example_dags/example_task_group.py
[2024-03-11T16:08:53.488+0000] {processor.py:830} INFO - Processing file /usr/local/lib/python3.8/dist-packages/airflow/example_dags/example_task_group.py for tasks to queue
[2024-03-11T16:08:53.489+0000] {logging_mixin.py:188} INFO - [2024-03-11T16:08:53.489+0000] {dagbag.py:540} INFO - Filling up the DagBag from /usr/local/lib/python3.8/dist-packages/airflow/example_dags/example_task_group.py
[2024-03-11T16:08:53.499+0000] {processor.py:840} INFO - DAG(s) 'example_task_group' retrieved from /usr/local/lib/python3.8/dist-packages/airflow/example_dags/example_task_group.py
[2024-03-11T16:08:53.519+0000] {logging_mixin.py:188} INFO - [2024-03-11T16:08:53.519+0000] {dag.py:3047} INFO - Sync 1 DAGs
[2024-03-11T16:08:53.640+0000] {logging_mixin.py:188} INFO - [2024-03-11T16:08:53.640+0000] {dag.py:3834} INFO - Setting next_dagrun for example_task_group to 2024-03-10 00:00:00+00:00, run_after=2024-03-11 00:00:00+00:00
[2024-03-11T16:08:53.674+0000] {processor.py:183} INFO - Processing /usr/local/lib/python3.8/dist-packages/airflow/example_dags/example_task_group.py took 0.191 seconds
[2024-03-11T16:09:47.595+0000] {processor.py:161} INFO - Started process (PID=498) to work on /usr/local/lib/python3.8/dist-packages/airflow/example_dags/example_task_group.py
[2024-03-11T16:09:47.597+0000] {processor.py:830} INFO - Processing file /usr/local/lib/python3.8/dist-packages/airflow/example_dags/example_task_group.py for tasks to queue
[2024-03-11T16:09:47.598+0000] {logging_mixin.py:188} INFO - [2024-03-11T16:09:47.598+0000] {dagbag.py:540} INFO - Filling up the DagBag from /usr/local/lib/python3.8/dist-packages/airflow/example_dags/example_task_group.py
[2024-03-11T16:09:47.608+0000] {processor.py:840} INFO - DAG(s) 'example_task_group' retrieved from /usr/local/lib/python3.8/dist-packages/airflow/example_dags/example_task_group.py
[2024-03-11T16:09:47.626+0000] {logging_mixin.py:188} INFO - [2024-03-11T16:09:47.625+0000] {dag.py:3047} INFO - Sync 1 DAGs
[2024-03-11T16:09:47.648+0000] {logging_mixin.py:188} INFO - [2024-03-11T16:09:47.648+0000] {dag.py:3834} INFO - Setting next_dagrun for example_task_group to 2024-03-10 00:00:00+00:00, run_after=2024-03-11 00:00:00+00:00
[2024-03-11T16:09:47.682+0000] {processor.py:183} INFO - Processing /usr/local/lib/python3.8/dist-packages/airflow/example_dags/example_task_group.py took 0.090 seconds
[2024-03-11T16:10:41.635+0000] {processor.py:161} INFO - Started process (PID=551) to work on /usr/local/lib/python3.8/dist-packages/airflow/example_dags/example_task_group.py
[2024-03-11T16:10:41.637+0000] {processor.py:830} INFO - Processing file /usr/local/lib/python3.8/dist-packages/airflow/example_dags/example_task_group.py for tasks to queue
[2024-03-11T16:10:41.638+0000] {logging_mixin.py:188} INFO - [2024-03-11T16:10:41.637+0000] {dagbag.py:540} INFO - Filling up the DagBag from /usr/local/lib/python3.8/dist-packages/airflow/example_dags/example_task_group.py
[2024-03-11T16:10:41.647+0000] {processor.py:840} INFO - DAG(s) 'example_task_group' retrieved from /usr/local/lib/python3.8/dist-packages/airflow/example_dags/example_task_group.py
[2024-03-11T16:10:41.665+0000] {logging_mixin.py:188} INFO - [2024-03-11T16:10:41.665+0000] {dag.py:3047} INFO - Sync 1 DAGs
[2024-03-11T16:10:41.688+0000] {logging_mixin.py:188} INFO - [2024-03-11T16:10:41.688+0000] {dag.py:3834} INFO - Setting next_dagrun for example_task_group to 2024-03-10 00:00:00+00:00, run_after=2024-03-11 00:00:00+00:00
[2024-03-11T16:10:41.720+0000] {processor.py:183} INFO - Processing /usr/local/lib/python3.8/dist-packages/airflow/example_dags/example_task_group.py took 0.089 seconds
[2024-03-11T16:11:38.727+0000] {processor.py:161} INFO - Started process (PID=614) to work on /usr/local/lib/python3.8/dist-packages/airflow/example_dags/example_task_group.py
[2024-03-11T16:11:38.729+0000] {processor.py:830} INFO - Processing file /usr/local/lib/python3.8/dist-packages/airflow/example_dags/example_task_group.py for tasks to queue
[2024-03-11T16:11:38.730+0000] {logging_mixin.py:188} INFO - [2024-03-11T16:11:38.729+0000] {dagbag.py:540} INFO - Filling up the DagBag from /usr/local/lib/python3.8/dist-packages/airflow/example_dags/example_task_group.py
[2024-03-11T16:11:38.738+0000] {processor.py:840} INFO - DAG(s) 'example_task_group' retrieved from /usr/local/lib/python3.8/dist-packages/airflow/example_dags/example_task_group.py
[2024-03-11T16:11:38.756+0000] {logging_mixin.py:188} INFO - [2024-03-11T16:11:38.756+0000] {dag.py:3047} INFO - Sync 1 DAGs
[2024-03-11T16:11:38.779+0000] {logging_mixin.py:188} INFO - [2024-03-11T16:11:38.779+0000] {dag.py:3834} INFO - Setting next_dagrun for example_task_group to 2024-03-10 00:00:00+00:00, run_after=2024-03-11 00:00:00+00:00
[2024-03-11T16:11:38.853+0000] {processor.py:183} INFO - Processing /usr/local/lib/python3.8/dist-packages/airflow/example_dags/example_task_group.py took 0.130 seconds
[2024-03-11T16:12:32.439+0000] {processor.py:161} INFO - Started process (PID=667) to work on /usr/local/lib/python3.8/dist-packages/airflow/example_dags/example_task_group.py
[2024-03-11T16:12:32.442+0000] {processor.py:830} INFO - Processing file /usr/local/lib/python3.8/dist-packages/airflow/example_dags/example_task_group.py for tasks to queue
[2024-03-11T16:12:32.443+0000] {logging_mixin.py:188} INFO - [2024-03-11T16:12:32.442+0000] {dagbag.py:540} INFO - Filling up the DagBag from /usr/local/lib/python3.8/dist-packages/airflow/example_dags/example_task_group.py
[2024-03-11T16:12:32.451+0000] {processor.py:840} INFO - DAG(s) 'example_task_group' retrieved from /usr/local/lib/python3.8/dist-packages/airflow/example_dags/example_task_group.py
[2024-03-11T16:12:32.470+0000] {logging_mixin.py:188} INFO - [2024-03-11T16:12:32.470+0000] {dag.py:3047} INFO - Sync 1 DAGs
[2024-03-11T16:12:32.493+0000] {logging_mixin.py:188} INFO - [2024-03-11T16:12:32.493+0000] {dag.py:3834} INFO - Setting next_dagrun for example_task_group to 2024-03-10 00:00:00+00:00, run_after=2024-03-11 00:00:00+00:00
[2024-03-11T16:12:32.522+0000] {processor.py:183} INFO - Processing /usr/local/lib/python3.8/dist-packages/airflow/example_dags/example_task_group.py took 0.085 seconds
[2024-03-11T16:13:42.639+0000] {processor.py:161} INFO - Started process (PID=750) to work on /usr/local/lib/python3.8/dist-packages/airflow/example_dags/example_task_group.py
[2024-03-11T16:13:42.641+0000] {processor.py:830} INFO - Processing file /usr/local/lib/python3.8/dist-packages/airflow/example_dags/example_task_group.py for tasks to queue
[2024-03-11T16:13:42.642+0000] {logging_mixin.py:188} INFO - [2024-03-11T16:13:42.642+0000] {dagbag.py:540} INFO - Filling up the DagBag from /usr/local/lib/python3.8/dist-packages/airflow/example_dags/example_task_group.py
[2024-03-11T16:13:42.652+0000] {processor.py:840} INFO - DAG(s) 'example_task_group' retrieved from /usr/local/lib/python3.8/dist-packages/airflow/example_dags/example_task_group.py
[2024-03-11T16:13:42.670+0000] {logging_mixin.py:188} INFO - [2024-03-11T16:13:42.670+0000] {dag.py:3047} INFO - Sync 1 DAGs
[2024-03-11T16:13:42.694+0000] {logging_mixin.py:188} INFO - [2024-03-11T16:13:42.694+0000] {dag.py:3834} INFO - Setting next_dagrun for example_task_group to 2024-03-10 00:00:00+00:00, run_after=2024-03-11 00:00:00+00:00
[2024-03-11T16:13:42.724+0000] {processor.py:183} INFO - Processing /usr/local/lib/python3.8/dist-packages/airflow/example_dags/example_task_group.py took 0.088 seconds
[2024-03-11T16:14:33.716+0000] {processor.py:161} INFO - Started process (PID=803) to work on /usr/local/lib/python3.8/dist-packages/airflow/example_dags/example_task_group.py
[2024-03-11T16:14:33.718+0000] {processor.py:830} INFO - Processing file /usr/local/lib/python3.8/dist-packages/airflow/example_dags/example_task_group.py for tasks to queue
[2024-03-11T16:14:33.719+0000] {logging_mixin.py:188} INFO - [2024-03-11T16:14:33.719+0000] {dagbag.py:540} INFO - Filling up the DagBag from /usr/local/lib/python3.8/dist-packages/airflow/example_dags/example_task_group.py
[2024-03-11T16:14:33.728+0000] {processor.py:840} INFO - DAG(s) 'example_task_group' retrieved from /usr/local/lib/python3.8/dist-packages/airflow/example_dags/example_task_group.py
[2024-03-11T16:14:33.747+0000] {logging_mixin.py:188} INFO - [2024-03-11T16:14:33.747+0000] {dag.py:3047} INFO - Sync 1 DAGs
[2024-03-11T16:14:33.770+0000] {logging_mixin.py:188} INFO - [2024-03-11T16:14:33.769+0000] {dag.py:3834} INFO - Setting next_dagrun for example_task_group to 2024-03-10 00:00:00+00:00, run_after=2024-03-11 00:00:00+00:00
[2024-03-11T16:14:33.800+0000] {processor.py:183} INFO - Processing /usr/local/lib/python3.8/dist-packages/airflow/example_dags/example_task_group.py took 0.088 seconds
[2024-03-11T16:15:20.478+0000] {processor.py:161} INFO - Started process (PID=849) to work on /usr/local/lib/python3.8/dist-packages/airflow/example_dags/example_task_group.py
[2024-03-11T16:15:20.480+0000] {processor.py:830} INFO - Processing file /usr/local/lib/python3.8/dist-packages/airflow/example_dags/example_task_group.py for tasks to queue
[2024-03-11T16:15:20.481+0000] {logging_mixin.py:188} INFO - [2024-03-11T16:15:20.481+0000] {dagbag.py:540} INFO - Filling up the DagBag from /usr/local/lib/python3.8/dist-packages/airflow/example_dags/example_task_group.py
[2024-03-11T16:15:20.490+0000] {processor.py:840} INFO - DAG(s) 'example_task_group' retrieved from /usr/local/lib/python3.8/dist-packages/airflow/example_dags/example_task_group.py
[2024-03-11T16:15:20.508+0000] {logging_mixin.py:188} INFO - [2024-03-11T16:15:20.508+0000] {dag.py:3047} INFO - Sync 1 DAGs
[2024-03-11T16:15:20.531+0000] {logging_mixin.py:188} INFO - [2024-03-11T16:15:20.530+0000] {dag.py:3834} INFO - Setting next_dagrun for example_task_group to 2024-03-10 00:00:00+00:00, run_after=2024-03-11 00:00:00+00:00
[2024-03-11T16:15:20.559+0000] {processor.py:183} INFO - Processing /usr/local/lib/python3.8/dist-packages/airflow/example_dags/example_task_group.py took 0.084 seconds
[2024-03-11T16:16:08.015+0000] {processor.py:161} INFO - Started process (PID=897) to work on /usr/local/lib/python3.8/dist-packages/airflow/example_dags/example_task_group.py
[2024-03-11T16:16:08.016+0000] {processor.py:830} INFO - Processing file /usr/local/lib/python3.8/dist-packages/airflow/example_dags/example_task_group.py for tasks to queue
[2024-03-11T16:16:08.017+0000] {logging_mixin.py:188} INFO - [2024-03-11T16:16:08.017+0000] {dagbag.py:540} INFO - Filling up the DagBag from /usr/local/lib/python3.8/dist-packages/airflow/example_dags/example_task_group.py
[2024-03-11T16:16:08.026+0000] {processor.py:840} INFO - DAG(s) 'example_task_group' retrieved from /usr/local/lib/python3.8/dist-packages/airflow/example_dags/example_task_group.py
[2024-03-11T16:16:08.046+0000] {logging_mixin.py:188} INFO - [2024-03-11T16:16:08.045+0000] {dag.py:3047} INFO - Sync 1 DAGs
[2024-03-11T16:16:08.067+0000] {logging_mixin.py:188} INFO - [2024-03-11T16:16:08.067+0000] {dag.py:3834} INFO - Setting next_dagrun for example_task_group to 2024-03-10 00:00:00+00:00, run_after=2024-03-11 00:00:00+00:00
[2024-03-11T16:16:08.099+0000] {processor.py:183} INFO - Processing /usr/local/lib/python3.8/dist-packages/airflow/example_dags/example_task_group.py took 0.088 seconds
[2024-03-11T16:16:55.476+0000] {processor.py:161} INFO - Started process (PID=943) to work on /usr/local/lib/python3.8/dist-packages/airflow/example_dags/example_task_group.py
[2024-03-11T16:16:55.479+0000] {processor.py:830} INFO - Processing file /usr/local/lib/python3.8/dist-packages/airflow/example_dags/example_task_group.py for tasks to queue
[2024-03-11T16:16:55.480+0000] {logging_mixin.py:188} INFO - [2024-03-11T16:16:55.479+0000] {dagbag.py:540} INFO - Filling up the DagBag from /usr/local/lib/python3.8/dist-packages/airflow/example_dags/example_task_group.py
[2024-03-11T16:16:55.488+0000] {processor.py:840} INFO - DAG(s) 'example_task_group' retrieved from /usr/local/lib/python3.8/dist-packages/airflow/example_dags/example_task_group.py
[2024-03-11T16:16:55.507+0000] {logging_mixin.py:188} INFO - [2024-03-11T16:16:55.507+0000] {dag.py:3047} INFO - Sync 1 DAGs
[2024-03-11T16:16:55.530+0000] {logging_mixin.py:188} INFO - [2024-03-11T16:16:55.530+0000] {dag.py:3834} INFO - Setting next_dagrun for example_task_group to 2024-03-10 00:00:00+00:00, run_after=2024-03-11 00:00:00+00:00
[2024-03-11T16:16:55.559+0000] {processor.py:183} INFO - Processing /usr/local/lib/python3.8/dist-packages/airflow/example_dags/example_task_group.py took 0.085 seconds
[2024-03-11T16:17:42.074+0000] {processor.py:161} INFO - Started process (PID=990) to work on /usr/local/lib/python3.8/dist-packages/airflow/example_dags/example_task_group.py
[2024-03-11T16:17:42.076+0000] {processor.py:830} INFO - Processing file /usr/local/lib/python3.8/dist-packages/airflow/example_dags/example_task_group.py for tasks to queue
[2024-03-11T16:17:42.077+0000] {logging_mixin.py:188} INFO - [2024-03-11T16:17:42.077+0000] {dagbag.py:540} INFO - Filling up the DagBag from /usr/local/lib/python3.8/dist-packages/airflow/example_dags/example_task_group.py
[2024-03-11T16:17:42.086+0000] {processor.py:840} INFO - DAG(s) 'example_task_group' retrieved from /usr/local/lib/python3.8/dist-packages/airflow/example_dags/example_task_group.py
[2024-03-11T16:17:42.103+0000] {logging_mixin.py:188} INFO - [2024-03-11T16:17:42.103+0000] {dag.py:3047} INFO - Sync 1 DAGs
[2024-03-11T16:17:42.126+0000] {logging_mixin.py:188} INFO - [2024-03-11T16:17:42.126+0000] {dag.py:3834} INFO - Setting next_dagrun for example_task_group to 2024-03-10 00:00:00+00:00, run_after=2024-03-11 00:00:00+00:00
[2024-03-11T16:17:42.156+0000] {processor.py:183} INFO - Processing /usr/local/lib/python3.8/dist-packages/airflow/example_dags/example_task_group.py took 0.085 seconds
[2024-03-11T16:18:31.658+0000] {processor.py:161} INFO - Started process (PID=1038) to work on /usr/local/lib/python3.8/dist-packages/airflow/example_dags/example_task_group.py
[2024-03-11T16:18:31.660+0000] {processor.py:830} INFO - Processing file /usr/local/lib/python3.8/dist-packages/airflow/example_dags/example_task_group.py for tasks to queue
[2024-03-11T16:18:31.661+0000] {logging_mixin.py:188} INFO - [2024-03-11T16:18:31.661+0000] {dagbag.py:540} INFO - Filling up the DagBag from /usr/local/lib/python3.8/dist-packages/airflow/example_dags/example_task_group.py
[2024-03-11T16:18:31.670+0000] {processor.py:840} INFO - DAG(s) 'example_task_group' retrieved from /usr/local/lib/python3.8/dist-packages/airflow/example_dags/example_task_group.py
[2024-03-11T16:18:31.688+0000] {logging_mixin.py:188} INFO - [2024-03-11T16:18:31.688+0000] {dag.py:3047} INFO - Sync 1 DAGs
[2024-03-11T16:18:31.711+0000] {logging_mixin.py:188} INFO - [2024-03-11T16:18:31.711+0000] {dag.py:3834} INFO - Setting next_dagrun for example_task_group to 2024-03-10 00:00:00+00:00, run_after=2024-03-11 00:00:00+00:00
[2024-03-11T16:18:31.740+0000] {processor.py:183} INFO - Processing /usr/local/lib/python3.8/dist-packages/airflow/example_dags/example_task_group.py took 0.086 seconds
[2024-03-11T16:19:32.775+0000] {processor.py:161} INFO - Started process (PID=1103) to work on /usr/local/lib/python3.8/dist-packages/airflow/example_dags/example_task_group.py
[2024-03-11T16:19:32.777+0000] {processor.py:830} INFO - Processing file /usr/local/lib/python3.8/dist-packages/airflow/example_dags/example_task_group.py for tasks to queue
[2024-03-11T16:19:32.778+0000] {logging_mixin.py:188} INFO - [2024-03-11T16:19:32.778+0000] {dagbag.py:540} INFO - Filling up the DagBag from /usr/local/lib/python3.8/dist-packages/airflow/example_dags/example_task_group.py
[2024-03-11T16:19:32.787+0000] {processor.py:840} INFO - DAG(s) 'example_task_group' retrieved from /usr/local/lib/python3.8/dist-packages/airflow/example_dags/example_task_group.py
[2024-03-11T16:19:32.806+0000] {logging_mixin.py:188} INFO - [2024-03-11T16:19:32.806+0000] {dag.py:3047} INFO - Sync 1 DAGs
[2024-03-11T16:19:32.829+0000] {logging_mixin.py:188} INFO - [2024-03-11T16:19:32.829+0000] {dag.py:3834} INFO - Setting next_dagrun for example_task_group to 2024-03-10 00:00:00+00:00, run_after=2024-03-11 00:00:00+00:00
[2024-03-11T16:19:32.859+0000] {processor.py:183} INFO - Processing /usr/local/lib/python3.8/dist-packages/airflow/example_dags/example_task_group.py took 0.087 seconds
[2024-03-11T16:20:25.926+0000] {processor.py:161} INFO - Started process (PID=1180) to work on /usr/local/lib/python3.8/dist-packages/airflow/example_dags/example_task_group.py
[2024-03-11T16:20:25.929+0000] {processor.py:830} INFO - Processing file /usr/local/lib/python3.8/dist-packages/airflow/example_dags/example_task_group.py for tasks to queue
[2024-03-11T16:20:25.930+0000] {logging_mixin.py:188} INFO - [2024-03-11T16:20:25.929+0000] {dagbag.py:540} INFO - Filling up the DagBag from /usr/local/lib/python3.8/dist-packages/airflow/example_dags/example_task_group.py
[2024-03-11T16:20:25.938+0000] {processor.py:840} INFO - DAG(s) 'example_task_group' retrieved from /usr/local/lib/python3.8/dist-packages/airflow/example_dags/example_task_group.py
[2024-03-11T16:20:25.956+0000] {logging_mixin.py:188} INFO - [2024-03-11T16:20:25.956+0000] {dag.py:3047} INFO - Sync 1 DAGs
[2024-03-11T16:20:25.979+0000] {logging_mixin.py:188} INFO - [2024-03-11T16:20:25.979+0000] {dag.py:3834} INFO - Setting next_dagrun for example_task_group to 2024-03-10 00:00:00+00:00, run_after=2024-03-11 00:00:00+00:00
[2024-03-11T16:20:26.009+0000] {processor.py:183} INFO - Processing /usr/local/lib/python3.8/dist-packages/airflow/example_dags/example_task_group.py took 0.086 seconds
[2024-03-11T16:21:12.955+0000] {processor.py:161} INFO - Started process (PID=1251) to work on /usr/local/lib/python3.8/dist-packages/airflow/example_dags/example_task_group.py
[2024-03-11T16:21:12.957+0000] {processor.py:830} INFO - Processing file /usr/local/lib/python3.8/dist-packages/airflow/example_dags/example_task_group.py for tasks to queue
[2024-03-11T16:21:12.958+0000] {logging_mixin.py:188} INFO - [2024-03-11T16:21:12.958+0000] {dagbag.py:540} INFO - Filling up the DagBag from /usr/local/lib/python3.8/dist-packages/airflow/example_dags/example_task_group.py
[2024-03-11T16:21:12.966+0000] {processor.py:840} INFO - DAG(s) 'example_task_group' retrieved from /usr/local/lib/python3.8/dist-packages/airflow/example_dags/example_task_group.py
[2024-03-11T16:21:12.982+0000] {logging_mixin.py:188} INFO - [2024-03-11T16:21:12.981+0000] {dag.py:3047} INFO - Sync 1 DAGs
[2024-03-11T16:21:12.999+0000] {logging_mixin.py:188} INFO - [2024-03-11T16:21:12.999+0000] {dag.py:3834} INFO - Setting next_dagrun for example_task_group to 2024-03-10 00:00:00+00:00, run_after=2024-03-11 00:00:00+00:00
[2024-03-11T16:21:13.026+0000] {processor.py:183} INFO - Processing /usr/local/lib/python3.8/dist-packages/airflow/example_dags/example_task_group.py took 0.074 seconds
[2024-03-11T16:21:59.679+0000] {processor.py:161} INFO - Started process (PID=1307) to work on /usr/local/lib/python3.8/dist-packages/airflow/example_dags/example_task_group.py
[2024-03-11T16:21:59.681+0000] {processor.py:830} INFO - Processing file /usr/local/lib/python3.8/dist-packages/airflow/example_dags/example_task_group.py for tasks to queue
[2024-03-11T16:21:59.682+0000] {logging_mixin.py:188} INFO - [2024-03-11T16:21:59.682+0000] {dagbag.py:540} INFO - Filling up the DagBag from /usr/local/lib/python3.8/dist-packages/airflow/example_dags/example_task_group.py
[2024-03-11T16:21:59.690+0000] {processor.py:840} INFO - DAG(s) 'example_task_group' retrieved from /usr/local/lib/python3.8/dist-packages/airflow/example_dags/example_task_group.py
[2024-03-11T16:21:59.709+0000] {logging_mixin.py:188} INFO - [2024-03-11T16:21:59.709+0000] {dag.py:3047} INFO - Sync 1 DAGs
[2024-03-11T16:21:59.732+0000] {logging_mixin.py:188} INFO - [2024-03-11T16:21:59.732+0000] {dag.py:3834} INFO - Setting next_dagrun for example_task_group to 2024-03-10 00:00:00+00:00, run_after=2024-03-11 00:00:00+00:00
[2024-03-11T16:21:59.761+0000] {processor.py:183} INFO - Processing /usr/local/lib/python3.8/dist-packages/airflow/example_dags/example_task_group.py took 0.086 seconds
[2024-03-11T16:23:26.641+0000] {processor.py:161} INFO - Started process (PID=1421) to work on /usr/local/lib/python3.8/dist-packages/airflow/example_dags/example_task_group.py
[2024-03-11T16:23:26.643+0000] {processor.py:830} INFO - Processing file /usr/local/lib/python3.8/dist-packages/airflow/example_dags/example_task_group.py for tasks to queue
[2024-03-11T16:23:26.644+0000] {logging_mixin.py:188} INFO - [2024-03-11T16:23:26.644+0000] {dagbag.py:540} INFO - Filling up the DagBag from /usr/local/lib/python3.8/dist-packages/airflow/example_dags/example_task_group.py
[2024-03-11T16:23:26.651+0000] {processor.py:840} INFO - DAG(s) 'example_task_group' retrieved from /usr/local/lib/python3.8/dist-packages/airflow/example_dags/example_task_group.py
[2024-03-11T16:23:26.665+0000] {logging_mixin.py:188} INFO - [2024-03-11T16:23:26.665+0000] {dag.py:3047} INFO - Sync 1 DAGs
[2024-03-11T16:23:26.681+0000] {logging_mixin.py:188} INFO - [2024-03-11T16:23:26.681+0000] {dag.py:3834} INFO - Setting next_dagrun for example_task_group to 2024-03-10 00:00:00+00:00, run_after=2024-03-11 00:00:00+00:00
[2024-03-11T16:23:26.706+0000] {processor.py:183} INFO - Processing /usr/local/lib/python3.8/dist-packages/airflow/example_dags/example_task_group.py took 0.068 seconds
[2024-03-11T16:24:20.715+0000] {processor.py:161} INFO - Started process (PID=1476) to work on /usr/local/lib/python3.8/dist-packages/airflow/example_dags/example_task_group.py
[2024-03-11T16:24:20.718+0000] {processor.py:830} INFO - Processing file /usr/local/lib/python3.8/dist-packages/airflow/example_dags/example_task_group.py for tasks to queue
[2024-03-11T16:24:20.719+0000] {logging_mixin.py:188} INFO - [2024-03-11T16:24:20.719+0000] {dagbag.py:540} INFO - Filling up the DagBag from /usr/local/lib/python3.8/dist-packages/airflow/example_dags/example_task_group.py
[2024-03-11T16:24:20.728+0000] {processor.py:840} INFO - DAG(s) 'example_task_group' retrieved from /usr/local/lib/python3.8/dist-packages/airflow/example_dags/example_task_group.py
[2024-03-11T16:24:20.747+0000] {logging_mixin.py:188} INFO - [2024-03-11T16:24:20.747+0000] {dag.py:3047} INFO - Sync 1 DAGs
[2024-03-11T16:24:20.769+0000] {logging_mixin.py:188} INFO - [2024-03-11T16:24:20.769+0000] {dag.py:3834} INFO - Setting next_dagrun for example_task_group to 2024-03-10 00:00:00+00:00, run_after=2024-03-11 00:00:00+00:00
[2024-03-11T16:24:20.800+0000] {processor.py:183} INFO - Processing /usr/local/lib/python3.8/dist-packages/airflow/example_dags/example_task_group.py took 0.089 seconds
[2024-03-11T16:25:15.734+0000] {processor.py:161} INFO - Started process (PID=1533) to work on /usr/local/lib/python3.8/dist-packages/airflow/example_dags/example_task_group.py
[2024-03-11T16:25:15.737+0000] {processor.py:830} INFO - Processing file /usr/local/lib/python3.8/dist-packages/airflow/example_dags/example_task_group.py for tasks to queue
[2024-03-11T16:25:15.738+0000] {logging_mixin.py:188} INFO - [2024-03-11T16:25:15.737+0000] {dagbag.py:540} INFO - Filling up the DagBag from /usr/local/lib/python3.8/dist-packages/airflow/example_dags/example_task_group.py
[2024-03-11T16:25:15.747+0000] {processor.py:840} INFO - DAG(s) 'example_task_group' retrieved from /usr/local/lib/python3.8/dist-packages/airflow/example_dags/example_task_group.py
[2024-03-11T16:25:15.766+0000] {logging_mixin.py:188} INFO - [2024-03-11T16:25:15.766+0000] {dag.py:3047} INFO - Sync 1 DAGs
[2024-03-11T16:25:15.788+0000] {logging_mixin.py:188} INFO - [2024-03-11T16:25:15.788+0000] {dag.py:3834} INFO - Setting next_dagrun for example_task_group to 2024-03-10 00:00:00+00:00, run_after=2024-03-11 00:00:00+00:00
[2024-03-11T16:25:15.818+0000] {processor.py:183} INFO - Processing /usr/local/lib/python3.8/dist-packages/airflow/example_dags/example_task_group.py took 0.087 seconds
[2024-03-11T16:27:53.771+0000] {processor.py:161} INFO - Started process (PID=1626) to work on /usr/local/lib/python3.8/dist-packages/airflow/example_dags/example_task_group.py
[2024-03-11T16:27:53.773+0000] {processor.py:830} INFO - Processing file /usr/local/lib/python3.8/dist-packages/airflow/example_dags/example_task_group.py for tasks to queue
[2024-03-11T16:27:53.774+0000] {logging_mixin.py:188} INFO - [2024-03-11T16:27:53.774+0000] {dagbag.py:540} INFO - Filling up the DagBag from /usr/local/lib/python3.8/dist-packages/airflow/example_dags/example_task_group.py
[2024-03-11T16:27:53.785+0000] {processor.py:840} INFO - DAG(s) 'example_task_group' retrieved from /usr/local/lib/python3.8/dist-packages/airflow/example_dags/example_task_group.py
[2024-03-11T16:27:53.808+0000] {logging_mixin.py:188} INFO - [2024-03-11T16:27:53.808+0000] {dag.py:3047} INFO - Sync 1 DAGs
[2024-03-11T16:27:53.831+0000] {logging_mixin.py:188} INFO - [2024-03-11T16:27:53.831+0000] {dag.py:3834} INFO - Setting next_dagrun for example_task_group to 2024-03-10 00:00:00+00:00, run_after=2024-03-11 00:00:00+00:00
[2024-03-11T16:27:53.903+0000] {processor.py:183} INFO - Processing /usr/local/lib/python3.8/dist-packages/airflow/example_dags/example_task_group.py took 0.136 seconds
[2024-03-11T16:28:40.470+0000] {processor.py:161} INFO - Started process (PID=1679) to work on /usr/local/lib/python3.8/dist-packages/airflow/example_dags/example_task_group.py
[2024-03-11T16:28:40.475+0000] {processor.py:830} INFO - Processing file /usr/local/lib/python3.8/dist-packages/airflow/example_dags/example_task_group.py for tasks to queue
[2024-03-11T16:28:40.476+0000] {logging_mixin.py:188} INFO - [2024-03-11T16:28:40.475+0000] {dagbag.py:540} INFO - Filling up the DagBag from /usr/local/lib/python3.8/dist-packages/airflow/example_dags/example_task_group.py
[2024-03-11T16:28:40.486+0000] {processor.py:840} INFO - DAG(s) 'example_task_group' retrieved from /usr/local/lib/python3.8/dist-packages/airflow/example_dags/example_task_group.py
[2024-03-11T16:28:40.507+0000] {logging_mixin.py:188} INFO - [2024-03-11T16:28:40.506+0000] {dag.py:3047} INFO - Sync 1 DAGs
[2024-03-11T16:28:40.530+0000] {logging_mixin.py:188} INFO - [2024-03-11T16:28:40.530+0000] {dag.py:3834} INFO - Setting next_dagrun for example_task_group to 2024-03-10 00:00:00+00:00, run_after=2024-03-11 00:00:00+00:00
[2024-03-11T16:28:40.561+0000] {processor.py:183} INFO - Processing /usr/local/lib/python3.8/dist-packages/airflow/example_dags/example_task_group.py took 0.095 seconds
[2024-03-11T16:29:40.209+0000] {processor.py:161} INFO - Started process (PID=1740) to work on /usr/local/lib/python3.8/dist-packages/airflow/example_dags/example_task_group.py
[2024-03-11T16:29:40.211+0000] {processor.py:830} INFO - Processing file /usr/local/lib/python3.8/dist-packages/airflow/example_dags/example_task_group.py for tasks to queue
[2024-03-11T16:29:40.212+0000] {logging_mixin.py:188} INFO - [2024-03-11T16:29:40.212+0000] {dagbag.py:540} INFO - Filling up the DagBag from /usr/local/lib/python3.8/dist-packages/airflow/example_dags/example_task_group.py
[2024-03-11T16:29:40.222+0000] {processor.py:840} INFO - DAG(s) 'example_task_group' retrieved from /usr/local/lib/python3.8/dist-packages/airflow/example_dags/example_task_group.py
[2024-03-11T16:29:40.242+0000] {logging_mixin.py:188} INFO - [2024-03-11T16:29:40.241+0000] {dag.py:3047} INFO - Sync 1 DAGs
[2024-03-11T16:29:40.266+0000] {logging_mixin.py:188} INFO - [2024-03-11T16:29:40.266+0000] {dag.py:3834} INFO - Setting next_dagrun for example_task_group to 2024-03-10 00:00:00+00:00, run_after=2024-03-11 00:00:00+00:00
[2024-03-11T16:29:40.302+0000] {processor.py:183} INFO - Processing /usr/local/lib/python3.8/dist-packages/airflow/example_dags/example_task_group.py took 0.096 seconds
[2024-03-11T16:30:30.038+0000] {processor.py:161} INFO - Started process (PID=1798) to work on /usr/local/lib/python3.8/dist-packages/airflow/example_dags/example_task_group.py
[2024-03-11T16:30:30.040+0000] {processor.py:830} INFO - Processing file /usr/local/lib/python3.8/dist-packages/airflow/example_dags/example_task_group.py for tasks to queue
[2024-03-11T16:30:30.042+0000] {logging_mixin.py:188} INFO - [2024-03-11T16:30:30.041+0000] {dagbag.py:540} INFO - Filling up the DagBag from /usr/local/lib/python3.8/dist-packages/airflow/example_dags/example_task_group.py
[2024-03-11T16:30:30.052+0000] {processor.py:840} INFO - DAG(s) 'example_task_group' retrieved from /usr/local/lib/python3.8/dist-packages/airflow/example_dags/example_task_group.py
[2024-03-11T16:30:30.072+0000] {logging_mixin.py:188} INFO - [2024-03-11T16:30:30.072+0000] {dag.py:3047} INFO - Sync 1 DAGs
[2024-03-11T16:30:30.095+0000] {logging_mixin.py:188} INFO - [2024-03-11T16:30:30.095+0000] {dag.py:3834} INFO - Setting next_dagrun for example_task_group to 2024-03-10 00:00:00+00:00, run_after=2024-03-11 00:00:00+00:00
[2024-03-11T16:30:30.127+0000] {processor.py:183} INFO - Processing /usr/local/lib/python3.8/dist-packages/airflow/example_dags/example_task_group.py took 0.092 seconds
[2024-03-11T16:31:19.664+0000] {processor.py:161} INFO - Started process (PID=1851) to work on /usr/local/lib/python3.8/dist-packages/airflow/example_dags/example_task_group.py
[2024-03-11T16:31:19.666+0000] {processor.py:830} INFO - Processing file /usr/local/lib/python3.8/dist-packages/airflow/example_dags/example_task_group.py for tasks to queue
[2024-03-11T16:31:19.667+0000] {logging_mixin.py:188} INFO - [2024-03-11T16:31:19.666+0000] {dagbag.py:540} INFO - Filling up the DagBag from /usr/local/lib/python3.8/dist-packages/airflow/example_dags/example_task_group.py
[2024-03-11T16:31:19.674+0000] {processor.py:840} INFO - DAG(s) 'example_task_group' retrieved from /usr/local/lib/python3.8/dist-packages/airflow/example_dags/example_task_group.py
[2024-03-11T16:31:19.688+0000] {logging_mixin.py:188} INFO - [2024-03-11T16:31:19.688+0000] {dag.py:3047} INFO - Sync 1 DAGs
[2024-03-11T16:31:19.705+0000] {logging_mixin.py:188} INFO - [2024-03-11T16:31:19.705+0000] {dag.py:3834} INFO - Setting next_dagrun for example_task_group to 2024-03-10 00:00:00+00:00, run_after=2024-03-11 00:00:00+00:00
[2024-03-11T16:31:19.729+0000] {processor.py:183} INFO - Processing /usr/local/lib/python3.8/dist-packages/airflow/example_dags/example_task_group.py took 0.068 seconds
[2024-03-11T16:33:24.082+0000] {processor.py:161} INFO - Started process (PID=1905) to work on /usr/local/lib/python3.8/dist-packages/airflow/example_dags/example_task_group.py
[2024-03-11T16:33:24.089+0000] {processor.py:830} INFO - Processing file /usr/local/lib/python3.8/dist-packages/airflow/example_dags/example_task_group.py for tasks to queue
[2024-03-11T16:33:24.090+0000] {logging_mixin.py:188} INFO - [2024-03-11T16:33:24.089+0000] {dagbag.py:540} INFO - Filling up the DagBag from /usr/local/lib/python3.8/dist-packages/airflow/example_dags/example_task_group.py
[2024-03-11T16:33:24.100+0000] {processor.py:840} INFO - DAG(s) 'example_task_group' retrieved from /usr/local/lib/python3.8/dist-packages/airflow/example_dags/example_task_group.py
[2024-03-11T16:33:24.119+0000] {logging_mixin.py:188} INFO - [2024-03-11T16:33:24.118+0000] {dag.py:3047} INFO - Sync 1 DAGs
[2024-03-11T16:33:24.143+0000] {logging_mixin.py:188} INFO - [2024-03-11T16:33:24.143+0000] {dag.py:3834} INFO - Setting next_dagrun for example_task_group to 2024-03-10 00:00:00+00:00, run_after=2024-03-11 00:00:00+00:00
[2024-03-11T16:33:24.174+0000] {processor.py:183} INFO - Processing /usr/local/lib/python3.8/dist-packages/airflow/example_dags/example_task_group.py took 0.096 seconds
[2024-03-11T16:36:12.192+0000] {processor.py:161} INFO - Started process (PID=1998) to work on /usr/local/lib/python3.8/dist-packages/airflow/example_dags/example_task_group.py
[2024-03-11T16:36:12.197+0000] {processor.py:830} INFO - Processing file /usr/local/lib/python3.8/dist-packages/airflow/example_dags/example_task_group.py for tasks to queue
[2024-03-11T16:36:12.198+0000] {logging_mixin.py:188} INFO - [2024-03-11T16:36:12.198+0000] {dagbag.py:540} INFO - Filling up the DagBag from /usr/local/lib/python3.8/dist-packages/airflow/example_dags/example_task_group.py
[2024-03-11T16:36:12.209+0000] {processor.py:840} INFO - DAG(s) 'example_task_group' retrieved from /usr/local/lib/python3.8/dist-packages/airflow/example_dags/example_task_group.py
[2024-03-11T16:36:12.231+0000] {logging_mixin.py:188} INFO - [2024-03-11T16:36:12.231+0000] {dag.py:3047} INFO - Sync 1 DAGs
[2024-03-11T16:36:12.255+0000] {logging_mixin.py:188} INFO - [2024-03-11T16:36:12.254+0000] {dag.py:3834} INFO - Setting next_dagrun for example_task_group to 2024-03-10 00:00:00+00:00, run_after=2024-03-11 00:00:00+00:00
[2024-03-11T16:36:12.285+0000] {processor.py:183} INFO - Processing /usr/local/lib/python3.8/dist-packages/airflow/example_dags/example_task_group.py took 0.097 seconds
[2024-03-11T16:41:07.726+0000] {processor.py:161} INFO - Started process (PID=436) to work on /usr/local/lib/python3.8/dist-packages/airflow/example_dags/example_task_group.py
[2024-03-11T16:41:07.728+0000] {processor.py:830} INFO - Processing file /usr/local/lib/python3.8/dist-packages/airflow/example_dags/example_task_group.py for tasks to queue
[2024-03-11T16:41:07.729+0000] {logging_mixin.py:188} INFO - [2024-03-11T16:41:07.728+0000] {dagbag.py:540} INFO - Filling up the DagBag from /usr/local/lib/python3.8/dist-packages/airflow/example_dags/example_task_group.py
[2024-03-11T16:41:07.737+0000] {processor.py:840} INFO - DAG(s) 'example_task_group' retrieved from /usr/local/lib/python3.8/dist-packages/airflow/example_dags/example_task_group.py
[2024-03-11T16:41:07.759+0000] {logging_mixin.py:188} INFO - [2024-03-11T16:41:07.758+0000] {dag.py:3047} INFO - Sync 1 DAGs
[2024-03-11T16:41:07.858+0000] {logging_mixin.py:188} INFO - [2024-03-11T16:41:07.858+0000] {dag.py:3834} INFO - Setting next_dagrun for example_task_group to 2024-03-10 00:00:00+00:00, run_after=2024-03-11 00:00:00+00:00
[2024-03-11T16:41:07.883+0000] {processor.py:183} INFO - Processing /usr/local/lib/python3.8/dist-packages/airflow/example_dags/example_task_group.py took 0.160 seconds
[2024-03-11T16:44:28.315+0000] {processor.py:161} INFO - Started process (PID=661) to work on /usr/local/lib/python3.8/dist-packages/airflow/example_dags/example_task_group.py
[2024-03-11T16:44:28.317+0000] {processor.py:830} INFO - Processing file /usr/local/lib/python3.8/dist-packages/airflow/example_dags/example_task_group.py for tasks to queue
[2024-03-11T16:44:28.318+0000] {logging_mixin.py:188} INFO - [2024-03-11T16:44:28.318+0000] {dagbag.py:540} INFO - Filling up the DagBag from /usr/local/lib/python3.8/dist-packages/airflow/example_dags/example_task_group.py
[2024-03-11T16:44:28.327+0000] {processor.py:840} INFO - DAG(s) 'example_task_group' retrieved from /usr/local/lib/python3.8/dist-packages/airflow/example_dags/example_task_group.py
[2024-03-11T16:44:28.352+0000] {logging_mixin.py:188} INFO - [2024-03-11T16:44:28.351+0000] {dag.py:3047} INFO - Sync 1 DAGs
[2024-03-11T16:44:28.467+0000] {logging_mixin.py:188} INFO - [2024-03-11T16:44:28.466+0000] {dag.py:3834} INFO - Setting next_dagrun for example_task_group to 2024-03-10 00:00:00+00:00, run_after=2024-03-11 00:00:00+00:00
[2024-03-11T16:44:28.493+0000] {processor.py:183} INFO - Processing /usr/local/lib/python3.8/dist-packages/airflow/example_dags/example_task_group.py took 0.181 seconds
[2024-03-11T16:47:46.183+0000] {processor.py:161} INFO - Started process (PID=809) to work on /usr/local/lib/python3.8/dist-packages/airflow/example_dags/example_task_group.py
[2024-03-11T16:47:46.185+0000] {processor.py:830} INFO - Processing file /usr/local/lib/python3.8/dist-packages/airflow/example_dags/example_task_group.py for tasks to queue
[2024-03-11T16:47:46.186+0000] {logging_mixin.py:188} INFO - [2024-03-11T16:47:46.186+0000] {dagbag.py:540} INFO - Filling up the DagBag from /usr/local/lib/python3.8/dist-packages/airflow/example_dags/example_task_group.py
[2024-03-11T16:47:46.195+0000] {processor.py:840} INFO - DAG(s) 'example_task_group' retrieved from /usr/local/lib/python3.8/dist-packages/airflow/example_dags/example_task_group.py
[2024-03-11T16:47:46.223+0000] {logging_mixin.py:188} INFO - [2024-03-11T16:47:46.223+0000] {dag.py:3047} INFO - Sync 1 DAGs
[2024-03-11T16:47:46.342+0000] {logging_mixin.py:188} INFO - [2024-03-11T16:47:46.342+0000] {dag.py:3834} INFO - Setting next_dagrun for example_task_group to 2024-03-10 00:00:00+00:00, run_after=2024-03-11 00:00:00+00:00
[2024-03-11T16:47:46.383+0000] {processor.py:183} INFO - Processing /usr/local/lib/python3.8/dist-packages/airflow/example_dags/example_task_group.py took 0.203 seconds
[2024-03-11T16:48:45.487+0000] {processor.py:161} INFO - Started process (PID=886) to work on /usr/local/lib/python3.8/dist-packages/airflow/example_dags/example_task_group.py
[2024-03-11T16:48:45.489+0000] {processor.py:830} INFO - Processing file /usr/local/lib/python3.8/dist-packages/airflow/example_dags/example_task_group.py for tasks to queue
[2024-03-11T16:48:45.490+0000] {logging_mixin.py:188} INFO - [2024-03-11T16:48:45.489+0000] {dagbag.py:540} INFO - Filling up the DagBag from /usr/local/lib/python3.8/dist-packages/airflow/example_dags/example_task_group.py
[2024-03-11T16:48:45.498+0000] {processor.py:840} INFO - DAG(s) 'example_task_group' retrieved from /usr/local/lib/python3.8/dist-packages/airflow/example_dags/example_task_group.py
[2024-03-11T16:48:45.516+0000] {logging_mixin.py:188} INFO - [2024-03-11T16:48:45.516+0000] {dag.py:3047} INFO - Sync 1 DAGs
[2024-03-11T16:48:45.538+0000] {logging_mixin.py:188} INFO - [2024-03-11T16:48:45.538+0000] {dag.py:3834} INFO - Setting next_dagrun for example_task_group to 2024-03-10 00:00:00+00:00, run_after=2024-03-11 00:00:00+00:00
[2024-03-11T16:48:45.567+0000] {processor.py:183} INFO - Processing /usr/local/lib/python3.8/dist-packages/airflow/example_dags/example_task_group.py took 0.084 seconds
[2024-03-11T16:49:37.510+0000] {processor.py:161} INFO - Started process (PID=990) to work on /usr/local/lib/python3.8/dist-packages/airflow/example_dags/example_task_group.py
[2024-03-11T16:49:37.512+0000] {processor.py:830} INFO - Processing file /usr/local/lib/python3.8/dist-packages/airflow/example_dags/example_task_group.py for tasks to queue
[2024-03-11T16:49:37.513+0000] {logging_mixin.py:188} INFO - [2024-03-11T16:49:37.512+0000] {dagbag.py:540} INFO - Filling up the DagBag from /usr/local/lib/python3.8/dist-packages/airflow/example_dags/example_task_group.py
[2024-03-11T16:49:37.521+0000] {processor.py:840} INFO - DAG(s) 'example_task_group' retrieved from /usr/local/lib/python3.8/dist-packages/airflow/example_dags/example_task_group.py
[2024-03-11T16:49:37.537+0000] {logging_mixin.py:188} INFO - [2024-03-11T16:49:37.536+0000] {dag.py:3047} INFO - Sync 1 DAGs
[2024-03-11T16:49:37.553+0000] {logging_mixin.py:188} INFO - [2024-03-11T16:49:37.553+0000] {dag.py:3834} INFO - Setting next_dagrun for example_task_group to 2024-03-10 00:00:00+00:00, run_after=2024-03-11 00:00:00+00:00
[2024-03-11T16:49:37.578+0000] {processor.py:183} INFO - Processing /usr/local/lib/python3.8/dist-packages/airflow/example_dags/example_task_group.py took 0.072 seconds
[2024-03-11T16:50:27.138+0000] {processor.py:161} INFO - Started process (PID=1062) to work on /usr/local/lib/python3.8/dist-packages/airflow/example_dags/example_task_group.py
[2024-03-11T16:50:27.140+0000] {processor.py:830} INFO - Processing file /usr/local/lib/python3.8/dist-packages/airflow/example_dags/example_task_group.py for tasks to queue
[2024-03-11T16:50:27.141+0000] {logging_mixin.py:188} INFO - [2024-03-11T16:50:27.140+0000] {dagbag.py:540} INFO - Filling up the DagBag from /usr/local/lib/python3.8/dist-packages/airflow/example_dags/example_task_group.py
[2024-03-11T16:50:27.149+0000] {processor.py:840} INFO - DAG(s) 'example_task_group' retrieved from /usr/local/lib/python3.8/dist-packages/airflow/example_dags/example_task_group.py
[2024-03-11T16:50:27.167+0000] {logging_mixin.py:188} INFO - [2024-03-11T16:50:27.167+0000] {dag.py:3047} INFO - Sync 1 DAGs
[2024-03-11T16:50:27.188+0000] {logging_mixin.py:188} INFO - [2024-03-11T16:50:27.188+0000] {dag.py:3834} INFO - Setting next_dagrun for example_task_group to 2024-03-10 00:00:00+00:00, run_after=2024-03-11 00:00:00+00:00
[2024-03-11T16:50:27.216+0000] {processor.py:183} INFO - Processing /usr/local/lib/python3.8/dist-packages/airflow/example_dags/example_task_group.py took 0.082 seconds
[2024-03-11T16:51:22.943+0000] {processor.py:161} INFO - Started process (PID=1138) to work on /usr/local/lib/python3.8/dist-packages/airflow/example_dags/example_task_group.py
[2024-03-11T16:51:22.945+0000] {processor.py:830} INFO - Processing file /usr/local/lib/python3.8/dist-packages/airflow/example_dags/example_task_group.py for tasks to queue
[2024-03-11T16:51:22.946+0000] {logging_mixin.py:188} INFO - [2024-03-11T16:51:22.946+0000] {dagbag.py:540} INFO - Filling up the DagBag from /usr/local/lib/python3.8/dist-packages/airflow/example_dags/example_task_group.py
[2024-03-11T16:51:22.954+0000] {processor.py:840} INFO - DAG(s) 'example_task_group' retrieved from /usr/local/lib/python3.8/dist-packages/airflow/example_dags/example_task_group.py
[2024-03-11T16:51:22.969+0000] {logging_mixin.py:188} INFO - [2024-03-11T16:51:22.969+0000] {dag.py:3047} INFO - Sync 1 DAGs
[2024-03-11T16:51:22.986+0000] {logging_mixin.py:188} INFO - [2024-03-11T16:51:22.986+0000] {dag.py:3834} INFO - Setting next_dagrun for example_task_group to 2024-03-10 00:00:00+00:00, run_after=2024-03-11 00:00:00+00:00
[2024-03-11T16:51:23.009+0000] {processor.py:183} INFO - Processing /usr/local/lib/python3.8/dist-packages/airflow/example_dags/example_task_group.py took 0.069 seconds
[2024-03-11T16:52:16.975+0000] {processor.py:161} INFO - Started process (PID=1206) to work on /usr/local/lib/python3.8/dist-packages/airflow/example_dags/example_task_group.py
[2024-03-11T16:52:16.977+0000] {processor.py:830} INFO - Processing file /usr/local/lib/python3.8/dist-packages/airflow/example_dags/example_task_group.py for tasks to queue
[2024-03-11T16:52:16.978+0000] {logging_mixin.py:188} INFO - [2024-03-11T16:52:16.978+0000] {dagbag.py:540} INFO - Filling up the DagBag from /usr/local/lib/python3.8/dist-packages/airflow/example_dags/example_task_group.py
[2024-03-11T16:52:16.987+0000] {processor.py:840} INFO - DAG(s) 'example_task_group' retrieved from /usr/local/lib/python3.8/dist-packages/airflow/example_dags/example_task_group.py
[2024-03-11T16:52:17.004+0000] {logging_mixin.py:188} INFO - [2024-03-11T16:52:17.004+0000] {dag.py:3047} INFO - Sync 1 DAGs
[2024-03-11T16:52:17.026+0000] {logging_mixin.py:188} INFO - [2024-03-11T16:52:17.026+0000] {dag.py:3834} INFO - Setting next_dagrun for example_task_group to 2024-03-10 00:00:00+00:00, run_after=2024-03-11 00:00:00+00:00
[2024-03-11T16:52:17.053+0000] {processor.py:183} INFO - Processing /usr/local/lib/python3.8/dist-packages/airflow/example_dags/example_task_group.py took 0.081 seconds
[2024-03-11T16:53:10.262+0000] {processor.py:161} INFO - Started process (PID=1271) to work on /usr/local/lib/python3.8/dist-packages/airflow/example_dags/example_task_group.py
[2024-03-11T16:53:10.264+0000] {processor.py:830} INFO - Processing file /usr/local/lib/python3.8/dist-packages/airflow/example_dags/example_task_group.py for tasks to queue
[2024-03-11T16:53:10.265+0000] {logging_mixin.py:188} INFO - [2024-03-11T16:53:10.265+0000] {dagbag.py:540} INFO - Filling up the DagBag from /usr/local/lib/python3.8/dist-packages/airflow/example_dags/example_task_group.py
[2024-03-11T16:53:10.274+0000] {processor.py:840} INFO - DAG(s) 'example_task_group' retrieved from /usr/local/lib/python3.8/dist-packages/airflow/example_dags/example_task_group.py
[2024-03-11T16:53:10.292+0000] {logging_mixin.py:188} INFO - [2024-03-11T16:53:10.292+0000] {dag.py:3047} INFO - Sync 1 DAGs
[2024-03-11T16:53:10.314+0000] {logging_mixin.py:188} INFO - [2024-03-11T16:53:10.314+0000] {dag.py:3834} INFO - Setting next_dagrun for example_task_group to 2024-03-10 00:00:00+00:00, run_after=2024-03-11 00:00:00+00:00
[2024-03-11T16:53:10.344+0000] {processor.py:183} INFO - Processing /usr/local/lib/python3.8/dist-packages/airflow/example_dags/example_task_group.py took 0.085 seconds
[2024-03-11T16:54:05.758+0000] {processor.py:161} INFO - Started process (PID=1347) to work on /usr/local/lib/python3.8/dist-packages/airflow/example_dags/example_task_group.py
[2024-03-11T16:54:05.761+0000] {processor.py:830} INFO - Processing file /usr/local/lib/python3.8/dist-packages/airflow/example_dags/example_task_group.py for tasks to queue
[2024-03-11T16:54:05.762+0000] {logging_mixin.py:188} INFO - [2024-03-11T16:54:05.761+0000] {dagbag.py:540} INFO - Filling up the DagBag from /usr/local/lib/python3.8/dist-packages/airflow/example_dags/example_task_group.py
[2024-03-11T16:54:05.771+0000] {processor.py:840} INFO - DAG(s) 'example_task_group' retrieved from /usr/local/lib/python3.8/dist-packages/airflow/example_dags/example_task_group.py
[2024-03-11T16:54:05.789+0000] {logging_mixin.py:188} INFO - [2024-03-11T16:54:05.788+0000] {dag.py:3047} INFO - Sync 1 DAGs
[2024-03-11T16:54:05.810+0000] {logging_mixin.py:188} INFO - [2024-03-11T16:54:05.810+0000] {dag.py:3834} INFO - Setting next_dagrun for example_task_group to 2024-03-10 00:00:00+00:00, run_after=2024-03-11 00:00:00+00:00
[2024-03-11T16:54:05.840+0000] {processor.py:183} INFO - Processing /usr/local/lib/python3.8/dist-packages/airflow/example_dags/example_task_group.py took 0.085 seconds
[2024-03-11T16:54:59.973+0000] {processor.py:161} INFO - Started process (PID=1417) to work on /usr/local/lib/python3.8/dist-packages/airflow/example_dags/example_task_group.py
[2024-03-11T16:54:59.975+0000] {processor.py:830} INFO - Processing file /usr/local/lib/python3.8/dist-packages/airflow/example_dags/example_task_group.py for tasks to queue
[2024-03-11T16:54:59.976+0000] {logging_mixin.py:188} INFO - [2024-03-11T16:54:59.975+0000] {dagbag.py:540} INFO - Filling up the DagBag from /usr/local/lib/python3.8/dist-packages/airflow/example_dags/example_task_group.py
[2024-03-11T16:54:59.984+0000] {processor.py:840} INFO - DAG(s) 'example_task_group' retrieved from /usr/local/lib/python3.8/dist-packages/airflow/example_dags/example_task_group.py
[2024-03-11T16:55:00.000+0000] {logging_mixin.py:188} INFO - [2024-03-11T16:55:00.000+0000] {dag.py:3047} INFO - Sync 1 DAGs
[2024-03-11T16:55:00.017+0000] {logging_mixin.py:188} INFO - [2024-03-11T16:55:00.017+0000] {dag.py:3834} INFO - Setting next_dagrun for example_task_group to 2024-03-10 00:00:00+00:00, run_after=2024-03-11 00:00:00+00:00
[2024-03-11T16:55:00.045+0000] {processor.py:183} INFO - Processing /usr/local/lib/python3.8/dist-packages/airflow/example_dags/example_task_group.py took 0.075 seconds
[2024-03-11T16:55:53.374+0000] {processor.py:161} INFO - Started process (PID=1482) to work on /usr/local/lib/python3.8/dist-packages/airflow/example_dags/example_task_group.py
[2024-03-11T16:55:53.376+0000] {processor.py:830} INFO - Processing file /usr/local/lib/python3.8/dist-packages/airflow/example_dags/example_task_group.py for tasks to queue
[2024-03-11T16:55:53.378+0000] {logging_mixin.py:188} INFO - [2024-03-11T16:55:53.377+0000] {dagbag.py:540} INFO - Filling up the DagBag from /usr/local/lib/python3.8/dist-packages/airflow/example_dags/example_task_group.py
[2024-03-11T16:55:53.386+0000] {processor.py:840} INFO - DAG(s) 'example_task_group' retrieved from /usr/local/lib/python3.8/dist-packages/airflow/example_dags/example_task_group.py
[2024-03-11T16:55:53.405+0000] {logging_mixin.py:188} INFO - [2024-03-11T16:55:53.404+0000] {dag.py:3047} INFO - Sync 1 DAGs
[2024-03-11T16:55:53.422+0000] {logging_mixin.py:188} INFO - [2024-03-11T16:55:53.422+0000] {dag.py:3834} INFO - Setting next_dagrun for example_task_group to 2024-03-10 00:00:00+00:00, run_after=2024-03-11 00:00:00+00:00
[2024-03-11T16:55:53.446+0000] {processor.py:183} INFO - Processing /usr/local/lib/python3.8/dist-packages/airflow/example_dags/example_task_group.py took 0.075 seconds
[2024-03-11T16:56:44.255+0000] {processor.py:161} INFO - Started process (PID=1576) to work on /usr/local/lib/python3.8/dist-packages/airflow/example_dags/example_task_group.py
[2024-03-11T16:56:44.257+0000] {processor.py:830} INFO - Processing file /usr/local/lib/python3.8/dist-packages/airflow/example_dags/example_task_group.py for tasks to queue
[2024-03-11T16:56:44.258+0000] {logging_mixin.py:188} INFO - [2024-03-11T16:56:44.257+0000] {dagbag.py:540} INFO - Filling up the DagBag from /usr/local/lib/python3.8/dist-packages/airflow/example_dags/example_task_group.py
[2024-03-11T16:56:44.266+0000] {processor.py:840} INFO - DAG(s) 'example_task_group' retrieved from /usr/local/lib/python3.8/dist-packages/airflow/example_dags/example_task_group.py
[2024-03-11T16:56:44.284+0000] {logging_mixin.py:188} INFO - [2024-03-11T16:56:44.284+0000] {dag.py:3047} INFO - Sync 1 DAGs
[2024-03-11T16:56:44.306+0000] {logging_mixin.py:188} INFO - [2024-03-11T16:56:44.306+0000] {dag.py:3834} INFO - Setting next_dagrun for example_task_group to 2024-03-10 00:00:00+00:00, run_after=2024-03-11 00:00:00+00:00
[2024-03-11T16:56:44.335+0000] {processor.py:183} INFO - Processing /usr/local/lib/python3.8/dist-packages/airflow/example_dags/example_task_group.py took 0.084 seconds
[2024-03-11T16:57:39.130+0000] {processor.py:161} INFO - Started process (PID=1668) to work on /usr/local/lib/python3.8/dist-packages/airflow/example_dags/example_task_group.py
[2024-03-11T16:57:39.131+0000] {processor.py:830} INFO - Processing file /usr/local/lib/python3.8/dist-packages/airflow/example_dags/example_task_group.py for tasks to queue
[2024-03-11T16:57:39.132+0000] {logging_mixin.py:188} INFO - [2024-03-11T16:57:39.132+0000] {dagbag.py:540} INFO - Filling up the DagBag from /usr/local/lib/python3.8/dist-packages/airflow/example_dags/example_task_group.py
[2024-03-11T16:57:39.141+0000] {processor.py:840} INFO - DAG(s) 'example_task_group' retrieved from /usr/local/lib/python3.8/dist-packages/airflow/example_dags/example_task_group.py
[2024-03-11T16:57:39.156+0000] {logging_mixin.py:188} INFO - [2024-03-11T16:57:39.156+0000] {dag.py:3047} INFO - Sync 1 DAGs
[2024-03-11T16:57:39.173+0000] {logging_mixin.py:188} INFO - [2024-03-11T16:57:39.173+0000] {dag.py:3834} INFO - Setting next_dagrun for example_task_group to 2024-03-10 00:00:00+00:00, run_after=2024-03-11 00:00:00+00:00
[2024-03-11T16:57:39.198+0000] {processor.py:183} INFO - Processing /usr/local/lib/python3.8/dist-packages/airflow/example_dags/example_task_group.py took 0.071 seconds
[2024-03-11T17:06:09.048+0000] {processor.py:161} INFO - Started process (PID=1983) to work on /usr/local/lib/python3.8/dist-packages/airflow/example_dags/example_task_group.py
[2024-03-11T17:06:09.050+0000] {processor.py:830} INFO - Processing file /usr/local/lib/python3.8/dist-packages/airflow/example_dags/example_task_group.py for tasks to queue
[2024-03-11T17:06:09.051+0000] {logging_mixin.py:188} INFO - [2024-03-11T17:06:09.050+0000] {dagbag.py:540} INFO - Filling up the DagBag from /usr/local/lib/python3.8/dist-packages/airflow/example_dags/example_task_group.py
[2024-03-11T17:06:09.058+0000] {processor.py:840} INFO - DAG(s) 'example_task_group' retrieved from /usr/local/lib/python3.8/dist-packages/airflow/example_dags/example_task_group.py
[2024-03-11T17:06:09.084+0000] {logging_mixin.py:188} INFO - [2024-03-11T17:06:09.084+0000] {dag.py:3047} INFO - Sync 1 DAGs
[2024-03-11T17:06:09.102+0000] {logging_mixin.py:188} INFO - [2024-03-11T17:06:09.102+0000] {dag.py:3834} INFO - Setting next_dagrun for example_task_group to 2024-03-10 00:00:00+00:00, run_after=2024-03-11 00:00:00+00:00
[2024-03-11T17:06:09.130+0000] {processor.py:183} INFO - Processing /usr/local/lib/python3.8/dist-packages/airflow/example_dags/example_task_group.py took 0.086 seconds
[2024-03-11T17:07:04.914+0000] {processor.py:161} INFO - Started process (PID=2085) to work on /usr/local/lib/python3.8/dist-packages/airflow/example_dags/example_task_group.py
[2024-03-11T17:07:04.916+0000] {processor.py:830} INFO - Processing file /usr/local/lib/python3.8/dist-packages/airflow/example_dags/example_task_group.py for tasks to queue
[2024-03-11T17:07:04.917+0000] {logging_mixin.py:188} INFO - [2024-03-11T17:07:04.916+0000] {dagbag.py:540} INFO - Filling up the DagBag from /usr/local/lib/python3.8/dist-packages/airflow/example_dags/example_task_group.py
[2024-03-11T17:07:04.925+0000] {processor.py:840} INFO - DAG(s) 'example_task_group' retrieved from /usr/local/lib/python3.8/dist-packages/airflow/example_dags/example_task_group.py
[2024-03-11T17:07:04.947+0000] {logging_mixin.py:188} INFO - [2024-03-11T17:07:04.947+0000] {dag.py:3047} INFO - Sync 1 DAGs
[2024-03-11T17:07:05.055+0000] {logging_mixin.py:188} INFO - [2024-03-11T17:07:05.055+0000] {dag.py:3834} INFO - Setting next_dagrun for example_task_group to 2024-03-10 00:00:00+00:00, run_after=2024-03-11 00:00:00+00:00
[2024-03-11T17:07:05.082+0000] {processor.py:183} INFO - Processing /usr/local/lib/python3.8/dist-packages/airflow/example_dags/example_task_group.py took 0.171 seconds
[2024-03-11T17:08:32.470+0000] {processor.py:161} INFO - Started process (PID=2227) to work on /usr/local/lib/python3.8/dist-packages/airflow/example_dags/example_task_group.py
[2024-03-11T17:08:32.472+0000] {processor.py:830} INFO - Processing file /usr/local/lib/python3.8/dist-packages/airflow/example_dags/example_task_group.py for tasks to queue
[2024-03-11T17:08:32.473+0000] {logging_mixin.py:188} INFO - [2024-03-11T17:08:32.473+0000] {dagbag.py:540} INFO - Filling up the DagBag from /usr/local/lib/python3.8/dist-packages/airflow/example_dags/example_task_group.py
[2024-03-11T17:08:32.482+0000] {processor.py:840} INFO - DAG(s) 'example_task_group' retrieved from /usr/local/lib/python3.8/dist-packages/airflow/example_dags/example_task_group.py
[2024-03-11T17:08:32.505+0000] {logging_mixin.py:188} INFO - [2024-03-11T17:08:32.505+0000] {dag.py:3047} INFO - Sync 1 DAGs
[2024-03-11T17:08:32.627+0000] {logging_mixin.py:188} INFO - [2024-03-11T17:08:32.627+0000] {dag.py:3834} INFO - Setting next_dagrun for example_task_group to 2024-03-10 00:00:00+00:00, run_after=2024-03-11 00:00:00+00:00
[2024-03-11T17:08:32.651+0000] {processor.py:183} INFO - Processing /usr/local/lib/python3.8/dist-packages/airflow/example_dags/example_task_group.py took 0.184 seconds
[2024-03-11T17:09:30.223+0000] {processor.py:161} INFO - Started process (PID=2380) to work on /usr/local/lib/python3.8/dist-packages/airflow/example_dags/example_task_group.py
[2024-03-11T17:09:30.225+0000] {processor.py:830} INFO - Processing file /usr/local/lib/python3.8/dist-packages/airflow/example_dags/example_task_group.py for tasks to queue
[2024-03-11T17:09:30.226+0000] {logging_mixin.py:188} INFO - [2024-03-11T17:09:30.225+0000] {dagbag.py:540} INFO - Filling up the DagBag from /usr/local/lib/python3.8/dist-packages/airflow/example_dags/example_task_group.py
[2024-03-11T17:09:30.234+0000] {processor.py:840} INFO - DAG(s) 'example_task_group' retrieved from /usr/local/lib/python3.8/dist-packages/airflow/example_dags/example_task_group.py
[2024-03-11T17:09:30.250+0000] {logging_mixin.py:188} INFO - [2024-03-11T17:09:30.249+0000] {dag.py:3047} INFO - Sync 1 DAGs
[2024-03-11T17:09:30.266+0000] {logging_mixin.py:188} INFO - [2024-03-11T17:09:30.266+0000] {dag.py:3834} INFO - Setting next_dagrun for example_task_group to 2024-03-10 00:00:00+00:00, run_after=2024-03-11 00:00:00+00:00
[2024-03-11T17:09:30.292+0000] {processor.py:183} INFO - Processing /usr/local/lib/python3.8/dist-packages/airflow/example_dags/example_task_group.py took 0.072 seconds
[2024-03-11T17:10:25.470+0000] {processor.py:161} INFO - Started process (PID=2451) to work on /usr/local/lib/python3.8/dist-packages/airflow/example_dags/example_task_group.py
[2024-03-11T17:10:25.473+0000] {processor.py:830} INFO - Processing file /usr/local/lib/python3.8/dist-packages/airflow/example_dags/example_task_group.py for tasks to queue
[2024-03-11T17:10:25.473+0000] {logging_mixin.py:188} INFO - [2024-03-11T17:10:25.473+0000] {dagbag.py:540} INFO - Filling up the DagBag from /usr/local/lib/python3.8/dist-packages/airflow/example_dags/example_task_group.py
[2024-03-11T17:10:25.482+0000] {processor.py:840} INFO - DAG(s) 'example_task_group' retrieved from /usr/local/lib/python3.8/dist-packages/airflow/example_dags/example_task_group.py
[2024-03-11T17:10:25.497+0000] {logging_mixin.py:188} INFO - [2024-03-11T17:10:25.497+0000] {dag.py:3047} INFO - Sync 1 DAGs
[2024-03-11T17:10:25.514+0000] {logging_mixin.py:188} INFO - [2024-03-11T17:10:25.514+0000] {dag.py:3834} INFO - Setting next_dagrun for example_task_group to 2024-03-10 00:00:00+00:00, run_after=2024-03-11 00:00:00+00:00
[2024-03-11T17:10:25.539+0000] {processor.py:183} INFO - Processing /usr/local/lib/python3.8/dist-packages/airflow/example_dags/example_task_group.py took 0.071 seconds
[2024-03-11T17:11:49.075+0000] {processor.py:161} INFO - Started process (PID=2566) to work on /usr/local/lib/python3.8/dist-packages/airflow/example_dags/example_task_group.py
[2024-03-11T17:11:49.077+0000] {processor.py:830} INFO - Processing file /usr/local/lib/python3.8/dist-packages/airflow/example_dags/example_task_group.py for tasks to queue
[2024-03-11T17:11:49.078+0000] {logging_mixin.py:188} INFO - [2024-03-11T17:11:49.077+0000] {dagbag.py:540} INFO - Filling up the DagBag from /usr/local/lib/python3.8/dist-packages/airflow/example_dags/example_task_group.py
[2024-03-11T17:11:49.086+0000] {processor.py:840} INFO - DAG(s) 'example_task_group' retrieved from /usr/local/lib/python3.8/dist-packages/airflow/example_dags/example_task_group.py
[2024-03-11T17:11:49.111+0000] {logging_mixin.py:188} INFO - [2024-03-11T17:11:49.111+0000] {dag.py:3047} INFO - Sync 1 DAGs
[2024-03-11T17:11:49.223+0000] {logging_mixin.py:188} INFO - [2024-03-11T17:11:49.223+0000] {dag.py:3834} INFO - Setting next_dagrun for example_task_group to 2024-03-10 00:00:00+00:00, run_after=2024-03-11 00:00:00+00:00
[2024-03-11T17:11:49.247+0000] {processor.py:183} INFO - Processing /usr/local/lib/python3.8/dist-packages/airflow/example_dags/example_task_group.py took 0.176 seconds
[2024-03-11T17:12:47.766+0000] {processor.py:161} INFO - Started process (PID=2644) to work on /usr/local/lib/python3.8/dist-packages/airflow/example_dags/example_task_group.py
[2024-03-11T17:12:47.768+0000] {processor.py:830} INFO - Processing file /usr/local/lib/python3.8/dist-packages/airflow/example_dags/example_task_group.py for tasks to queue
[2024-03-11T17:12:47.769+0000] {logging_mixin.py:188} INFO - [2024-03-11T17:12:47.769+0000] {dagbag.py:540} INFO - Filling up the DagBag from /usr/local/lib/python3.8/dist-packages/airflow/example_dags/example_task_group.py
[2024-03-11T17:12:47.779+0000] {processor.py:840} INFO - DAG(s) 'example_task_group' retrieved from /usr/local/lib/python3.8/dist-packages/airflow/example_dags/example_task_group.py
[2024-03-11T17:12:47.797+0000] {logging_mixin.py:188} INFO - [2024-03-11T17:12:47.796+0000] {dag.py:3047} INFO - Sync 1 DAGs
[2024-03-11T17:12:47.818+0000] {logging_mixin.py:188} INFO - [2024-03-11T17:12:47.818+0000] {dag.py:3834} INFO - Setting next_dagrun for example_task_group to 2024-03-10 00:00:00+00:00, run_after=2024-03-11 00:00:00+00:00
[2024-03-11T17:12:47.848+0000] {processor.py:183} INFO - Processing /usr/local/lib/python3.8/dist-packages/airflow/example_dags/example_task_group.py took 0.086 seconds
[2024-03-11T17:13:42.939+0000] {processor.py:161} INFO - Started process (PID=2758) to work on /usr/local/lib/python3.8/dist-packages/airflow/example_dags/example_task_group.py
[2024-03-11T17:13:42.941+0000] {processor.py:830} INFO - Processing file /usr/local/lib/python3.8/dist-packages/airflow/example_dags/example_task_group.py for tasks to queue
[2024-03-11T17:13:42.942+0000] {logging_mixin.py:188} INFO - [2024-03-11T17:13:42.942+0000] {dagbag.py:540} INFO - Filling up the DagBag from /usr/local/lib/python3.8/dist-packages/airflow/example_dags/example_task_group.py
[2024-03-11T17:13:42.950+0000] {processor.py:840} INFO - DAG(s) 'example_task_group' retrieved from /usr/local/lib/python3.8/dist-packages/airflow/example_dags/example_task_group.py
[2024-03-11T17:13:42.966+0000] {logging_mixin.py:188} INFO - [2024-03-11T17:13:42.966+0000] {dag.py:3047} INFO - Sync 1 DAGs
[2024-03-11T17:13:42.983+0000] {logging_mixin.py:188} INFO - [2024-03-11T17:13:42.983+0000] {dag.py:3834} INFO - Setting next_dagrun for example_task_group to 2024-03-10 00:00:00+00:00, run_after=2024-03-11 00:00:00+00:00
[2024-03-11T17:13:43.008+0000] {processor.py:183} INFO - Processing /usr/local/lib/python3.8/dist-packages/airflow/example_dags/example_task_group.py took 0.072 seconds
[2024-03-11T17:14:51.970+0000] {processor.py:161} INFO - Started process (PID=2891) to work on /usr/local/lib/python3.8/dist-packages/airflow/example_dags/example_task_group.py
[2024-03-11T17:14:51.972+0000] {processor.py:830} INFO - Processing file /usr/local/lib/python3.8/dist-packages/airflow/example_dags/example_task_group.py for tasks to queue
[2024-03-11T17:14:51.973+0000] {logging_mixin.py:188} INFO - [2024-03-11T17:14:51.973+0000] {dagbag.py:540} INFO - Filling up the DagBag from /usr/local/lib/python3.8/dist-packages/airflow/example_dags/example_task_group.py
[2024-03-11T17:14:51.982+0000] {processor.py:840} INFO - DAG(s) 'example_task_group' retrieved from /usr/local/lib/python3.8/dist-packages/airflow/example_dags/example_task_group.py
[2024-03-11T17:14:52.000+0000] {logging_mixin.py:188} INFO - [2024-03-11T17:14:51.999+0000] {dag.py:3047} INFO - Sync 1 DAGs
[2024-03-11T17:14:52.021+0000] {logging_mixin.py:188} INFO - [2024-03-11T17:14:52.021+0000] {dag.py:3834} INFO - Setting next_dagrun for example_task_group to 2024-03-10 00:00:00+00:00, run_after=2024-03-11 00:00:00+00:00
[2024-03-11T17:14:52.050+0000] {processor.py:183} INFO - Processing /usr/local/lib/python3.8/dist-packages/airflow/example_dags/example_task_group.py took 0.083 seconds
[2024-03-11T17:15:50.190+0000] {processor.py:161} INFO - Started process (PID=2972) to work on /usr/local/lib/python3.8/dist-packages/airflow/example_dags/example_task_group.py
[2024-03-11T17:15:50.192+0000] {processor.py:830} INFO - Processing file /usr/local/lib/python3.8/dist-packages/airflow/example_dags/example_task_group.py for tasks to queue
[2024-03-11T17:15:50.193+0000] {logging_mixin.py:188} INFO - [2024-03-11T17:15:50.193+0000] {dagbag.py:540} INFO - Filling up the DagBag from /usr/local/lib/python3.8/dist-packages/airflow/example_dags/example_task_group.py
[2024-03-11T17:15:50.202+0000] {processor.py:840} INFO - DAG(s) 'example_task_group' retrieved from /usr/local/lib/python3.8/dist-packages/airflow/example_dags/example_task_group.py
[2024-03-11T17:15:50.219+0000] {logging_mixin.py:188} INFO - [2024-03-11T17:15:50.218+0000] {dag.py:3047} INFO - Sync 1 DAGs
[2024-03-11T17:15:50.236+0000] {logging_mixin.py:188} INFO - [2024-03-11T17:15:50.236+0000] {dag.py:3834} INFO - Setting next_dagrun for example_task_group to 2024-03-10 00:00:00+00:00, run_after=2024-03-11 00:00:00+00:00
[2024-03-11T17:15:50.261+0000] {processor.py:183} INFO - Processing /usr/local/lib/python3.8/dist-packages/airflow/example_dags/example_task_group.py took 0.074 seconds
[2024-03-11T17:16:40.549+0000] {processor.py:161} INFO - Started process (PID=3038) to work on /usr/local/lib/python3.8/dist-packages/airflow/example_dags/example_task_group.py
[2024-03-11T17:16:40.551+0000] {processor.py:830} INFO - Processing file /usr/local/lib/python3.8/dist-packages/airflow/example_dags/example_task_group.py for tasks to queue
[2024-03-11T17:16:40.552+0000] {logging_mixin.py:188} INFO - [2024-03-11T17:16:40.552+0000] {dagbag.py:540} INFO - Filling up the DagBag from /usr/local/lib/python3.8/dist-packages/airflow/example_dags/example_task_group.py
[2024-03-11T17:16:40.561+0000] {processor.py:840} INFO - DAG(s) 'example_task_group' retrieved from /usr/local/lib/python3.8/dist-packages/airflow/example_dags/example_task_group.py
[2024-03-11T17:16:40.579+0000] {logging_mixin.py:188} INFO - [2024-03-11T17:16:40.579+0000] {dag.py:3047} INFO - Sync 1 DAGs
[2024-03-11T17:16:40.600+0000] {logging_mixin.py:188} INFO - [2024-03-11T17:16:40.600+0000] {dag.py:3834} INFO - Setting next_dagrun for example_task_group to 2024-03-10 00:00:00+00:00, run_after=2024-03-11 00:00:00+00:00
[2024-03-11T17:16:40.630+0000] {processor.py:183} INFO - Processing /usr/local/lib/python3.8/dist-packages/airflow/example_dags/example_task_group.py took 0.084 seconds
[2024-03-11T17:17:35.889+0000] {processor.py:161} INFO - Started process (PID=3114) to work on /usr/local/lib/python3.8/dist-packages/airflow/example_dags/example_task_group.py
[2024-03-11T17:17:35.891+0000] {processor.py:830} INFO - Processing file /usr/local/lib/python3.8/dist-packages/airflow/example_dags/example_task_group.py for tasks to queue
[2024-03-11T17:17:35.892+0000] {logging_mixin.py:188} INFO - [2024-03-11T17:17:35.892+0000] {dagbag.py:540} INFO - Filling up the DagBag from /usr/local/lib/python3.8/dist-packages/airflow/example_dags/example_task_group.py
[2024-03-11T17:17:35.901+0000] {processor.py:840} INFO - DAG(s) 'example_task_group' retrieved from /usr/local/lib/python3.8/dist-packages/airflow/example_dags/example_task_group.py
[2024-03-11T17:17:35.920+0000] {logging_mixin.py:188} INFO - [2024-03-11T17:17:35.919+0000] {dag.py:3047} INFO - Sync 1 DAGs
[2024-03-11T17:17:35.943+0000] {logging_mixin.py:188} INFO - [2024-03-11T17:17:35.943+0000] {dag.py:3834} INFO - Setting next_dagrun for example_task_group to 2024-03-10 00:00:00+00:00, run_after=2024-03-11 00:00:00+00:00
[2024-03-11T17:17:35.973+0000] {processor.py:183} INFO - Processing /usr/local/lib/python3.8/dist-packages/airflow/example_dags/example_task_group.py took 0.087 seconds
[2024-03-11T17:18:31.351+0000] {processor.py:161} INFO - Started process (PID=3179) to work on /usr/local/lib/python3.8/dist-packages/airflow/example_dags/example_task_group.py
[2024-03-11T17:18:31.353+0000] {processor.py:830} INFO - Processing file /usr/local/lib/python3.8/dist-packages/airflow/example_dags/example_task_group.py for tasks to queue
[2024-03-11T17:18:31.354+0000] {logging_mixin.py:188} INFO - [2024-03-11T17:18:31.353+0000] {dagbag.py:540} INFO - Filling up the DagBag from /usr/local/lib/python3.8/dist-packages/airflow/example_dags/example_task_group.py
[2024-03-11T17:18:31.362+0000] {processor.py:840} INFO - DAG(s) 'example_task_group' retrieved from /usr/local/lib/python3.8/dist-packages/airflow/example_dags/example_task_group.py
[2024-03-11T17:18:31.380+0000] {logging_mixin.py:188} INFO - [2024-03-11T17:18:31.380+0000] {dag.py:3047} INFO - Sync 1 DAGs
[2024-03-11T17:18:31.402+0000] {logging_mixin.py:188} INFO - [2024-03-11T17:18:31.401+0000] {dag.py:3834} INFO - Setting next_dagrun for example_task_group to 2024-03-10 00:00:00+00:00, run_after=2024-03-11 00:00:00+00:00
[2024-03-11T17:18:31.430+0000] {processor.py:183} INFO - Processing /usr/local/lib/python3.8/dist-packages/airflow/example_dags/example_task_group.py took 0.082 seconds
[2024-03-11T17:19:26.463+0000] {processor.py:161} INFO - Started process (PID=3250) to work on /usr/local/lib/python3.8/dist-packages/airflow/example_dags/example_task_group.py
[2024-03-11T17:19:26.465+0000] {processor.py:830} INFO - Processing file /usr/local/lib/python3.8/dist-packages/airflow/example_dags/example_task_group.py for tasks to queue
[2024-03-11T17:19:26.466+0000] {logging_mixin.py:188} INFO - [2024-03-11T17:19:26.465+0000] {dagbag.py:540} INFO - Filling up the DagBag from /usr/local/lib/python3.8/dist-packages/airflow/example_dags/example_task_group.py
[2024-03-11T17:19:26.474+0000] {processor.py:840} INFO - DAG(s) 'example_task_group' retrieved from /usr/local/lib/python3.8/dist-packages/airflow/example_dags/example_task_group.py
[2024-03-11T17:19:26.492+0000] {logging_mixin.py:188} INFO - [2024-03-11T17:19:26.492+0000] {dag.py:3047} INFO - Sync 1 DAGs
[2024-03-11T17:19:26.514+0000] {logging_mixin.py:188} INFO - [2024-03-11T17:19:26.513+0000] {dag.py:3834} INFO - Setting next_dagrun for example_task_group to 2024-03-10 00:00:00+00:00, run_after=2024-03-11 00:00:00+00:00
[2024-03-11T17:19:26.543+0000] {processor.py:183} INFO - Processing /usr/local/lib/python3.8/dist-packages/airflow/example_dags/example_task_group.py took 0.084 seconds
[2024-03-11T17:20:20.094+0000] {processor.py:161} INFO - Started process (PID=3326) to work on /usr/local/lib/python3.8/dist-packages/airflow/example_dags/example_task_group.py
[2024-03-11T17:20:20.096+0000] {processor.py:830} INFO - Processing file /usr/local/lib/python3.8/dist-packages/airflow/example_dags/example_task_group.py for tasks to queue
[2024-03-11T17:20:20.097+0000] {logging_mixin.py:188} INFO - [2024-03-11T17:20:20.097+0000] {dagbag.py:540} INFO - Filling up the DagBag from /usr/local/lib/python3.8/dist-packages/airflow/example_dags/example_task_group.py
[2024-03-11T17:20:20.106+0000] {processor.py:840} INFO - DAG(s) 'example_task_group' retrieved from /usr/local/lib/python3.8/dist-packages/airflow/example_dags/example_task_group.py
[2024-03-11T17:20:20.125+0000] {logging_mixin.py:188} INFO - [2024-03-11T17:20:20.124+0000] {dag.py:3047} INFO - Sync 1 DAGs
[2024-03-11T17:20:20.144+0000] {logging_mixin.py:188} INFO - [2024-03-11T17:20:20.144+0000] {dag.py:3834} INFO - Setting next_dagrun for example_task_group to 2024-03-10 00:00:00+00:00, run_after=2024-03-11 00:00:00+00:00
[2024-03-11T17:20:20.169+0000] {processor.py:183} INFO - Processing /usr/local/lib/python3.8/dist-packages/airflow/example_dags/example_task_group.py took 0.078 seconds
[2024-03-11T17:21:12.915+0000] {processor.py:161} INFO - Started process (PID=3390) to work on /usr/local/lib/python3.8/dist-packages/airflow/example_dags/example_task_group.py
[2024-03-11T17:21:12.917+0000] {processor.py:830} INFO - Processing file /usr/local/lib/python3.8/dist-packages/airflow/example_dags/example_task_group.py for tasks to queue
[2024-03-11T17:21:12.918+0000] {logging_mixin.py:188} INFO - [2024-03-11T17:21:12.917+0000] {dagbag.py:540} INFO - Filling up the DagBag from /usr/local/lib/python3.8/dist-packages/airflow/example_dags/example_task_group.py
[2024-03-11T17:21:12.925+0000] {processor.py:840} INFO - DAG(s) 'example_task_group' retrieved from /usr/local/lib/python3.8/dist-packages/airflow/example_dags/example_task_group.py
[2024-03-11T17:21:12.941+0000] {logging_mixin.py:188} INFO - [2024-03-11T17:21:12.941+0000] {dag.py:3047} INFO - Sync 1 DAGs
[2024-03-11T17:21:12.958+0000] {logging_mixin.py:188} INFO - [2024-03-11T17:21:12.958+0000] {dag.py:3834} INFO - Setting next_dagrun for example_task_group to 2024-03-10 00:00:00+00:00, run_after=2024-03-11 00:00:00+00:00
[2024-03-11T17:21:12.983+0000] {processor.py:183} INFO - Processing /usr/local/lib/python3.8/dist-packages/airflow/example_dags/example_task_group.py took 0.072 seconds
[2024-03-11T17:22:07.335+0000] {processor.py:161} INFO - Started process (PID=3461) to work on /usr/local/lib/python3.8/dist-packages/airflow/example_dags/example_task_group.py
[2024-03-11T17:22:07.337+0000] {processor.py:830} INFO - Processing file /usr/local/lib/python3.8/dist-packages/airflow/example_dags/example_task_group.py for tasks to queue
[2024-03-11T17:22:07.338+0000] {logging_mixin.py:188} INFO - [2024-03-11T17:22:07.338+0000] {dagbag.py:540} INFO - Filling up the DagBag from /usr/local/lib/python3.8/dist-packages/airflow/example_dags/example_task_group.py
[2024-03-11T17:22:07.346+0000] {processor.py:840} INFO - DAG(s) 'example_task_group' retrieved from /usr/local/lib/python3.8/dist-packages/airflow/example_dags/example_task_group.py
[2024-03-11T17:22:07.362+0000] {logging_mixin.py:188} INFO - [2024-03-11T17:22:07.362+0000] {dag.py:3047} INFO - Sync 1 DAGs
[2024-03-11T17:22:07.379+0000] {logging_mixin.py:188} INFO - [2024-03-11T17:22:07.379+0000] {dag.py:3834} INFO - Setting next_dagrun for example_task_group to 2024-03-10 00:00:00+00:00, run_after=2024-03-11 00:00:00+00:00
[2024-03-11T17:22:07.407+0000] {processor.py:183} INFO - Processing /usr/local/lib/python3.8/dist-packages/airflow/example_dags/example_task_group.py took 0.075 seconds
