[2024-03-11T15:40:38.699+0000] {processor.py:161} INFO - Started process (PID=526) to work on /usr/local/lib/python3.8/dist-packages/airflow/example_dags/example_branch_labels.py
[2024-03-11T15:40:38.701+0000] {processor.py:830} INFO - Processing file /usr/local/lib/python3.8/dist-packages/airflow/example_dags/example_branch_labels.py for tasks to queue
[2024-03-11T15:40:38.702+0000] {logging_mixin.py:188} INFO - [2024-03-11T15:40:38.701+0000] {dagbag.py:540} INFO - Filling up the DagBag from /usr/local/lib/python3.8/dist-packages/airflow/example_dags/example_branch_labels.py
[2024-03-11T15:40:38.710+0000] {processor.py:840} INFO - DAG(s) 'example_branch_labels' retrieved from /usr/local/lib/python3.8/dist-packages/airflow/example_dags/example_branch_labels.py
[2024-03-11T15:40:38.849+0000] {logging_mixin.py:188} INFO - [2024-03-11T15:40:38.848+0000] {override.py:1769} INFO - Created Permission View: can delete on DAG:example_branch_labels
[2024-03-11T15:40:38.870+0000] {logging_mixin.py:188} INFO - [2024-03-11T15:40:38.869+0000] {override.py:1769} INFO - Created Permission View: can read on DAG:example_branch_labels
[2024-03-11T15:40:38.884+0000] {logging_mixin.py:188} INFO - [2024-03-11T15:40:38.884+0000] {override.py:1769} INFO - Created Permission View: can edit on DAG:example_branch_labels
[2024-03-11T15:40:38.885+0000] {logging_mixin.py:188} INFO - [2024-03-11T15:40:38.884+0000] {dag.py:3047} INFO - Sync 1 DAGs
[2024-03-11T15:40:38.896+0000] {logging_mixin.py:188} INFO - [2024-03-11T15:40:38.896+0000] {dag.py:3069} INFO - Creating ORM DAG for example_branch_labels
[2024-03-11T15:40:38.908+0000] {logging_mixin.py:188} INFO - [2024-03-11T15:40:38.908+0000] {dag.py:3834} INFO - Setting next_dagrun for example_branch_labels to 2024-03-10 00:00:00+00:00, run_after=2024-03-11 00:00:00+00:00
[2024-03-11T15:40:38.940+0000] {processor.py:183} INFO - Processing /usr/local/lib/python3.8/dist-packages/airflow/example_dags/example_branch_labels.py took 0.245 seconds
[2024-03-11T15:41:32.045+0000] {processor.py:161} INFO - Started process (PID=590) to work on /usr/local/lib/python3.8/dist-packages/airflow/example_dags/example_branch_labels.py
[2024-03-11T15:41:32.047+0000] {processor.py:830} INFO - Processing file /usr/local/lib/python3.8/dist-packages/airflow/example_dags/example_branch_labels.py for tasks to queue
[2024-03-11T15:41:32.048+0000] {logging_mixin.py:188} INFO - [2024-03-11T15:41:32.048+0000] {dagbag.py:540} INFO - Filling up the DagBag from /usr/local/lib/python3.8/dist-packages/airflow/example_dags/example_branch_labels.py
[2024-03-11T15:41:32.057+0000] {processor.py:840} INFO - DAG(s) 'example_branch_labels' retrieved from /usr/local/lib/python3.8/dist-packages/airflow/example_dags/example_branch_labels.py
[2024-03-11T15:41:32.076+0000] {logging_mixin.py:188} INFO - [2024-03-11T15:41:32.076+0000] {dag.py:3047} INFO - Sync 1 DAGs
[2024-03-11T15:41:32.101+0000] {logging_mixin.py:188} INFO - [2024-03-11T15:41:32.100+0000] {dag.py:3834} INFO - Setting next_dagrun for example_branch_labels to 2024-03-10 00:00:00+00:00, run_after=2024-03-11 00:00:00+00:00
[2024-03-11T15:41:32.129+0000] {processor.py:183} INFO - Processing /usr/local/lib/python3.8/dist-packages/airflow/example_dags/example_branch_labels.py took 0.087 seconds
[2024-03-11T15:42:26.547+0000] {processor.py:161} INFO - Started process (PID=645) to work on /usr/local/lib/python3.8/dist-packages/airflow/example_dags/example_branch_labels.py
[2024-03-11T15:42:26.549+0000] {processor.py:830} INFO - Processing file /usr/local/lib/python3.8/dist-packages/airflow/example_dags/example_branch_labels.py for tasks to queue
[2024-03-11T15:42:26.550+0000] {logging_mixin.py:188} INFO - [2024-03-11T15:42:26.550+0000] {dagbag.py:540} INFO - Filling up the DagBag from /usr/local/lib/python3.8/dist-packages/airflow/example_dags/example_branch_labels.py
[2024-03-11T15:42:26.559+0000] {processor.py:840} INFO - DAG(s) 'example_branch_labels' retrieved from /usr/local/lib/python3.8/dist-packages/airflow/example_dags/example_branch_labels.py
[2024-03-11T15:42:26.579+0000] {logging_mixin.py:188} INFO - [2024-03-11T15:42:26.579+0000] {dag.py:3047} INFO - Sync 1 DAGs
[2024-03-11T15:42:26.602+0000] {logging_mixin.py:188} INFO - [2024-03-11T15:42:26.601+0000] {dag.py:3834} INFO - Setting next_dagrun for example_branch_labels to 2024-03-10 00:00:00+00:00, run_after=2024-03-11 00:00:00+00:00
[2024-03-11T15:42:26.631+0000] {processor.py:183} INFO - Processing /usr/local/lib/python3.8/dist-packages/airflow/example_dags/example_branch_labels.py took 0.087 seconds
[2024-03-11T15:43:26.969+0000] {processor.py:161} INFO - Started process (PID=703) to work on /usr/local/lib/python3.8/dist-packages/airflow/example_dags/example_branch_labels.py
[2024-03-11T15:43:26.971+0000] {processor.py:830} INFO - Processing file /usr/local/lib/python3.8/dist-packages/airflow/example_dags/example_branch_labels.py for tasks to queue
[2024-03-11T15:43:26.972+0000] {logging_mixin.py:188} INFO - [2024-03-11T15:43:26.972+0000] {dagbag.py:540} INFO - Filling up the DagBag from /usr/local/lib/python3.8/dist-packages/airflow/example_dags/example_branch_labels.py
[2024-03-11T15:43:26.981+0000] {processor.py:840} INFO - DAG(s) 'example_branch_labels' retrieved from /usr/local/lib/python3.8/dist-packages/airflow/example_dags/example_branch_labels.py
[2024-03-11T15:43:26.999+0000] {logging_mixin.py:188} INFO - [2024-03-11T15:43:26.999+0000] {dag.py:3047} INFO - Sync 1 DAGs
[2024-03-11T15:43:27.024+0000] {logging_mixin.py:188} INFO - [2024-03-11T15:43:27.024+0000] {dag.py:3834} INFO - Setting next_dagrun for example_branch_labels to 2024-03-10 00:00:00+00:00, run_after=2024-03-11 00:00:00+00:00
[2024-03-11T15:43:27.053+0000] {processor.py:183} INFO - Processing /usr/local/lib/python3.8/dist-packages/airflow/example_dags/example_branch_labels.py took 0.087 seconds
[2024-03-11T15:44:24.916+0000] {processor.py:161} INFO - Started process (PID=760) to work on /usr/local/lib/python3.8/dist-packages/airflow/example_dags/example_branch_labels.py
[2024-03-11T15:44:24.918+0000] {processor.py:830} INFO - Processing file /usr/local/lib/python3.8/dist-packages/airflow/example_dags/example_branch_labels.py for tasks to queue
[2024-03-11T15:44:24.919+0000] {logging_mixin.py:188} INFO - [2024-03-11T15:44:24.919+0000] {dagbag.py:540} INFO - Filling up the DagBag from /usr/local/lib/python3.8/dist-packages/airflow/example_dags/example_branch_labels.py
[2024-03-11T15:44:24.929+0000] {processor.py:840} INFO - DAG(s) 'example_branch_labels' retrieved from /usr/local/lib/python3.8/dist-packages/airflow/example_dags/example_branch_labels.py
[2024-03-11T15:44:24.948+0000] {logging_mixin.py:188} INFO - [2024-03-11T15:44:24.947+0000] {dag.py:3047} INFO - Sync 1 DAGs
[2024-03-11T15:44:24.971+0000] {logging_mixin.py:188} INFO - [2024-03-11T15:44:24.971+0000] {dag.py:3834} INFO - Setting next_dagrun for example_branch_labels to 2024-03-10 00:00:00+00:00, run_after=2024-03-11 00:00:00+00:00
[2024-03-11T15:44:25.002+0000] {processor.py:183} INFO - Processing /usr/local/lib/python3.8/dist-packages/airflow/example_dags/example_branch_labels.py took 0.090 seconds
[2024-03-11T15:45:20.259+0000] {processor.py:161} INFO - Started process (PID=815) to work on /usr/local/lib/python3.8/dist-packages/airflow/example_dags/example_branch_labels.py
[2024-03-11T15:45:20.301+0000] {processor.py:830} INFO - Processing file /usr/local/lib/python3.8/dist-packages/airflow/example_dags/example_branch_labels.py for tasks to queue
[2024-03-11T15:45:20.302+0000] {logging_mixin.py:188} INFO - [2024-03-11T15:45:20.301+0000] {dagbag.py:540} INFO - Filling up the DagBag from /usr/local/lib/python3.8/dist-packages/airflow/example_dags/example_branch_labels.py
[2024-03-11T15:45:20.312+0000] {processor.py:840} INFO - DAG(s) 'example_branch_labels' retrieved from /usr/local/lib/python3.8/dist-packages/airflow/example_dags/example_branch_labels.py
[2024-03-11T15:45:20.331+0000] {logging_mixin.py:188} INFO - [2024-03-11T15:45:20.330+0000] {dag.py:3047} INFO - Sync 1 DAGs
[2024-03-11T15:45:20.359+0000] {logging_mixin.py:188} INFO - [2024-03-11T15:45:20.358+0000] {dag.py:3834} INFO - Setting next_dagrun for example_branch_labels to 2024-03-10 00:00:00+00:00, run_after=2024-03-11 00:00:00+00:00
[2024-03-11T15:45:20.388+0000] {processor.py:183} INFO - Processing /usr/local/lib/python3.8/dist-packages/airflow/example_dags/example_branch_labels.py took 0.133 seconds
[2024-03-11T15:46:25.152+0000] {processor.py:161} INFO - Started process (PID=875) to work on /usr/local/lib/python3.8/dist-packages/airflow/example_dags/example_branch_labels.py
[2024-03-11T15:46:25.155+0000] {processor.py:830} INFO - Processing file /usr/local/lib/python3.8/dist-packages/airflow/example_dags/example_branch_labels.py for tasks to queue
[2024-03-11T15:46:25.156+0000] {logging_mixin.py:188} INFO - [2024-03-11T15:46:25.155+0000] {dagbag.py:540} INFO - Filling up the DagBag from /usr/local/lib/python3.8/dist-packages/airflow/example_dags/example_branch_labels.py
[2024-03-11T15:46:25.164+0000] {processor.py:840} INFO - DAG(s) 'example_branch_labels' retrieved from /usr/local/lib/python3.8/dist-packages/airflow/example_dags/example_branch_labels.py
[2024-03-11T15:46:25.183+0000] {logging_mixin.py:188} INFO - [2024-03-11T15:46:25.183+0000] {dag.py:3047} INFO - Sync 1 DAGs
[2024-03-11T15:46:25.207+0000] {logging_mixin.py:188} INFO - [2024-03-11T15:46:25.207+0000] {dag.py:3834} INFO - Setting next_dagrun for example_branch_labels to 2024-03-10 00:00:00+00:00, run_after=2024-03-11 00:00:00+00:00
[2024-03-11T15:46:25.236+0000] {processor.py:183} INFO - Processing /usr/local/lib/python3.8/dist-packages/airflow/example_dags/example_branch_labels.py took 0.088 seconds
[2024-03-11T15:47:24.374+0000] {processor.py:161} INFO - Started process (PID=933) to work on /usr/local/lib/python3.8/dist-packages/airflow/example_dags/example_branch_labels.py
[2024-03-11T15:47:24.377+0000] {processor.py:830} INFO - Processing file /usr/local/lib/python3.8/dist-packages/airflow/example_dags/example_branch_labels.py for tasks to queue
[2024-03-11T15:47:24.378+0000] {logging_mixin.py:188} INFO - [2024-03-11T15:47:24.378+0000] {dagbag.py:540} INFO - Filling up the DagBag from /usr/local/lib/python3.8/dist-packages/airflow/example_dags/example_branch_labels.py
[2024-03-11T15:47:24.387+0000] {processor.py:840} INFO - DAG(s) 'example_branch_labels' retrieved from /usr/local/lib/python3.8/dist-packages/airflow/example_dags/example_branch_labels.py
[2024-03-11T15:47:24.407+0000] {logging_mixin.py:188} INFO - [2024-03-11T15:47:24.407+0000] {dag.py:3047} INFO - Sync 1 DAGs
[2024-03-11T15:47:24.430+0000] {logging_mixin.py:188} INFO - [2024-03-11T15:47:24.430+0000] {dag.py:3834} INFO - Setting next_dagrun for example_branch_labels to 2024-03-10 00:00:00+00:00, run_after=2024-03-11 00:00:00+00:00
[2024-03-11T15:47:24.463+0000] {processor.py:183} INFO - Processing /usr/local/lib/python3.8/dist-packages/airflow/example_dags/example_branch_labels.py took 0.092 seconds
[2024-03-11T15:48:22.856+0000] {processor.py:161} INFO - Started process (PID=990) to work on /usr/local/lib/python3.8/dist-packages/airflow/example_dags/example_branch_labels.py
[2024-03-11T15:48:22.858+0000] {processor.py:830} INFO - Processing file /usr/local/lib/python3.8/dist-packages/airflow/example_dags/example_branch_labels.py for tasks to queue
[2024-03-11T15:48:22.859+0000] {logging_mixin.py:188} INFO - [2024-03-11T15:48:22.858+0000] {dagbag.py:540} INFO - Filling up the DagBag from /usr/local/lib/python3.8/dist-packages/airflow/example_dags/example_branch_labels.py
[2024-03-11T15:48:22.867+0000] {processor.py:840} INFO - DAG(s) 'example_branch_labels' retrieved from /usr/local/lib/python3.8/dist-packages/airflow/example_dags/example_branch_labels.py
[2024-03-11T15:48:22.886+0000] {logging_mixin.py:188} INFO - [2024-03-11T15:48:22.886+0000] {dag.py:3047} INFO - Sync 1 DAGs
[2024-03-11T15:48:22.911+0000] {logging_mixin.py:188} INFO - [2024-03-11T15:48:22.911+0000] {dag.py:3834} INFO - Setting next_dagrun for example_branch_labels to 2024-03-10 00:00:00+00:00, run_after=2024-03-11 00:00:00+00:00
[2024-03-11T15:48:22.941+0000] {processor.py:183} INFO - Processing /usr/local/lib/python3.8/dist-packages/airflow/example_dags/example_branch_labels.py took 0.089 seconds
[2024-03-11T15:49:29.699+0000] {processor.py:161} INFO - Started process (PID=1051) to work on /usr/local/lib/python3.8/dist-packages/airflow/example_dags/example_branch_labels.py
[2024-03-11T15:49:29.701+0000] {processor.py:830} INFO - Processing file /usr/local/lib/python3.8/dist-packages/airflow/example_dags/example_branch_labels.py for tasks to queue
[2024-03-11T15:49:29.702+0000] {logging_mixin.py:188} INFO - [2024-03-11T15:49:29.701+0000] {dagbag.py:540} INFO - Filling up the DagBag from /usr/local/lib/python3.8/dist-packages/airflow/example_dags/example_branch_labels.py
[2024-03-11T15:49:29.710+0000] {processor.py:840} INFO - DAG(s) 'example_branch_labels' retrieved from /usr/local/lib/python3.8/dist-packages/airflow/example_dags/example_branch_labels.py
[2024-03-11T15:49:29.730+0000] {logging_mixin.py:188} INFO - [2024-03-11T15:49:29.729+0000] {dag.py:3047} INFO - Sync 1 DAGs
[2024-03-11T15:49:29.754+0000] {logging_mixin.py:188} INFO - [2024-03-11T15:49:29.754+0000] {dag.py:3834} INFO - Setting next_dagrun for example_branch_labels to 2024-03-10 00:00:00+00:00, run_after=2024-03-11 00:00:00+00:00
[2024-03-11T15:49:30.212+0000] {processor.py:183} INFO - Processing /usr/local/lib/python3.8/dist-packages/airflow/example_dags/example_branch_labels.py took 0.517 seconds
[2024-03-11T15:50:21.406+0000] {processor.py:161} INFO - Started process (PID=1103) to work on /usr/local/lib/python3.8/dist-packages/airflow/example_dags/example_branch_labels.py
[2024-03-11T15:50:21.408+0000] {processor.py:830} INFO - Processing file /usr/local/lib/python3.8/dist-packages/airflow/example_dags/example_branch_labels.py for tasks to queue
[2024-03-11T15:50:21.409+0000] {logging_mixin.py:188} INFO - [2024-03-11T15:50:21.408+0000] {dagbag.py:540} INFO - Filling up the DagBag from /usr/local/lib/python3.8/dist-packages/airflow/example_dags/example_branch_labels.py
[2024-03-11T15:50:21.418+0000] {processor.py:840} INFO - DAG(s) 'example_branch_labels' retrieved from /usr/local/lib/python3.8/dist-packages/airflow/example_dags/example_branch_labels.py
[2024-03-11T15:50:21.437+0000] {logging_mixin.py:188} INFO - [2024-03-11T15:50:21.437+0000] {dag.py:3047} INFO - Sync 1 DAGs
[2024-03-11T15:50:21.460+0000] {logging_mixin.py:188} INFO - [2024-03-11T15:50:21.460+0000] {dag.py:3834} INFO - Setting next_dagrun for example_branch_labels to 2024-03-10 00:00:00+00:00, run_after=2024-03-11 00:00:00+00:00
[2024-03-11T15:50:21.488+0000] {processor.py:183} INFO - Processing /usr/local/lib/python3.8/dist-packages/airflow/example_dags/example_branch_labels.py took 0.086 seconds
[2024-03-11T15:51:32.825+0000] {processor.py:161} INFO - Started process (PID=1189) to work on /usr/local/lib/python3.8/dist-packages/airflow/example_dags/example_branch_labels.py
[2024-03-11T15:51:32.827+0000] {processor.py:830} INFO - Processing file /usr/local/lib/python3.8/dist-packages/airflow/example_dags/example_branch_labels.py for tasks to queue
[2024-03-11T15:51:32.828+0000] {logging_mixin.py:188} INFO - [2024-03-11T15:51:32.828+0000] {dagbag.py:540} INFO - Filling up the DagBag from /usr/local/lib/python3.8/dist-packages/airflow/example_dags/example_branch_labels.py
[2024-03-11T15:51:32.837+0000] {processor.py:840} INFO - DAG(s) 'example_branch_labels' retrieved from /usr/local/lib/python3.8/dist-packages/airflow/example_dags/example_branch_labels.py
[2024-03-11T15:51:32.856+0000] {logging_mixin.py:188} INFO - [2024-03-11T15:51:32.856+0000] {dag.py:3047} INFO - Sync 1 DAGs
[2024-03-11T15:51:32.879+0000] {logging_mixin.py:188} INFO - [2024-03-11T15:51:32.879+0000] {dag.py:3834} INFO - Setting next_dagrun for example_branch_labels to 2024-03-10 00:00:00+00:00, run_after=2024-03-11 00:00:00+00:00
[2024-03-11T15:51:32.910+0000] {processor.py:183} INFO - Processing /usr/local/lib/python3.8/dist-packages/airflow/example_dags/example_branch_labels.py took 0.088 seconds
[2024-03-11T15:52:35.225+0000] {processor.py:161} INFO - Started process (PID=1253) to work on /usr/local/lib/python3.8/dist-packages/airflow/example_dags/example_branch_labels.py
[2024-03-11T15:52:35.228+0000] {processor.py:830} INFO - Processing file /usr/local/lib/python3.8/dist-packages/airflow/example_dags/example_branch_labels.py for tasks to queue
[2024-03-11T15:52:35.229+0000] {logging_mixin.py:188} INFO - [2024-03-11T15:52:35.228+0000] {dagbag.py:540} INFO - Filling up the DagBag from /usr/local/lib/python3.8/dist-packages/airflow/example_dags/example_branch_labels.py
[2024-03-11T15:52:35.237+0000] {processor.py:840} INFO - DAG(s) 'example_branch_labels' retrieved from /usr/local/lib/python3.8/dist-packages/airflow/example_dags/example_branch_labels.py
[2024-03-11T15:52:35.256+0000] {logging_mixin.py:188} INFO - [2024-03-11T15:52:35.256+0000] {dag.py:3047} INFO - Sync 1 DAGs
[2024-03-11T15:52:35.280+0000] {logging_mixin.py:188} INFO - [2024-03-11T15:52:35.280+0000] {dag.py:3834} INFO - Setting next_dagrun for example_branch_labels to 2024-03-10 00:00:00+00:00, run_after=2024-03-11 00:00:00+00:00
[2024-03-11T15:52:35.310+0000] {processor.py:183} INFO - Processing /usr/local/lib/python3.8/dist-packages/airflow/example_dags/example_branch_labels.py took 0.088 seconds
[2024-03-11T15:53:48.146+0000] {processor.py:161} INFO - Started process (PID=1332) to work on /usr/local/lib/python3.8/dist-packages/airflow/example_dags/example_branch_labels.py
[2024-03-11T15:53:48.148+0000] {processor.py:830} INFO - Processing file /usr/local/lib/python3.8/dist-packages/airflow/example_dags/example_branch_labels.py for tasks to queue
[2024-03-11T15:53:48.149+0000] {logging_mixin.py:188} INFO - [2024-03-11T15:53:48.149+0000] {dagbag.py:540} INFO - Filling up the DagBag from /usr/local/lib/python3.8/dist-packages/airflow/example_dags/example_branch_labels.py
[2024-03-11T15:53:48.158+0000] {processor.py:840} INFO - DAG(s) 'example_branch_labels' retrieved from /usr/local/lib/python3.8/dist-packages/airflow/example_dags/example_branch_labels.py
[2024-03-11T15:53:48.167+0000] {logging_mixin.py:188} INFO - [2024-03-11T15:53:48.167+0000] {dag.py:3047} INFO - Sync 1 DAGs
[2024-03-11T15:53:48.192+0000] {logging_mixin.py:188} INFO - [2024-03-11T15:53:48.192+0000] {dag.py:3834} INFO - Setting next_dagrun for example_branch_labels to 2024-03-10 00:00:00+00:00, run_after=2024-03-11 00:00:00+00:00
[2024-03-11T15:53:48.224+0000] {processor.py:183} INFO - Processing /usr/local/lib/python3.8/dist-packages/airflow/example_dags/example_branch_labels.py took 0.081 seconds
[2024-03-11T15:56:13.940+0000] {processor.py:161} INFO - Started process (PID=1484) to work on /usr/local/lib/python3.8/dist-packages/airflow/example_dags/example_branch_labels.py
[2024-03-11T15:56:13.941+0000] {processor.py:830} INFO - Processing file /usr/local/lib/python3.8/dist-packages/airflow/example_dags/example_branch_labels.py for tasks to queue
[2024-03-11T15:56:13.942+0000] {logging_mixin.py:188} INFO - [2024-03-11T15:56:13.942+0000] {dagbag.py:540} INFO - Filling up the DagBag from /usr/local/lib/python3.8/dist-packages/airflow/example_dags/example_branch_labels.py
[2024-03-11T15:56:13.951+0000] {processor.py:840} INFO - DAG(s) 'example_branch_labels' retrieved from /usr/local/lib/python3.8/dist-packages/airflow/example_dags/example_branch_labels.py
[2024-03-11T15:56:14.150+0000] {logging_mixin.py:188} INFO - [2024-03-11T15:56:14.150+0000] {dag.py:3047} INFO - Sync 1 DAGs
[2024-03-11T15:56:14.164+0000] {logging_mixin.py:188} INFO - [2024-03-11T15:56:14.164+0000] {dag.py:3834} INFO - Setting next_dagrun for example_branch_labels to 2024-03-10 00:00:00+00:00, run_after=2024-03-11 00:00:00+00:00
[2024-03-11T15:56:14.190+0000] {processor.py:183} INFO - Processing /usr/local/lib/python3.8/dist-packages/airflow/example_dags/example_branch_labels.py took 0.254 seconds
[2024-03-11T15:57:09.655+0000] {processor.py:161} INFO - Started process (PID=1536) to work on /usr/local/lib/python3.8/dist-packages/airflow/example_dags/example_branch_labels.py
[2024-03-11T15:57:09.657+0000] {processor.py:830} INFO - Processing file /usr/local/lib/python3.8/dist-packages/airflow/example_dags/example_branch_labels.py for tasks to queue
[2024-03-11T15:57:09.658+0000] {logging_mixin.py:188} INFO - [2024-03-11T15:57:09.658+0000] {dagbag.py:540} INFO - Filling up the DagBag from /usr/local/lib/python3.8/dist-packages/airflow/example_dags/example_branch_labels.py
[2024-03-11T15:57:09.667+0000] {processor.py:840} INFO - DAG(s) 'example_branch_labels' retrieved from /usr/local/lib/python3.8/dist-packages/airflow/example_dags/example_branch_labels.py
[2024-03-11T15:57:09.686+0000] {logging_mixin.py:188} INFO - [2024-03-11T15:57:09.686+0000] {dag.py:3047} INFO - Sync 1 DAGs
[2024-03-11T15:57:09.710+0000] {logging_mixin.py:188} INFO - [2024-03-11T15:57:09.710+0000] {dag.py:3834} INFO - Setting next_dagrun for example_branch_labels to 2024-03-10 00:00:00+00:00, run_after=2024-03-11 00:00:00+00:00
[2024-03-11T15:57:09.738+0000] {processor.py:183} INFO - Processing /usr/local/lib/python3.8/dist-packages/airflow/example_dags/example_branch_labels.py took 0.087 seconds
[2024-03-11T15:58:04.189+0000] {processor.py:161} INFO - Started process (PID=1588) to work on /usr/local/lib/python3.8/dist-packages/airflow/example_dags/example_branch_labels.py
[2024-03-11T15:58:04.191+0000] {processor.py:830} INFO - Processing file /usr/local/lib/python3.8/dist-packages/airflow/example_dags/example_branch_labels.py for tasks to queue
[2024-03-11T15:58:04.192+0000] {logging_mixin.py:188} INFO - [2024-03-11T15:58:04.192+0000] {dagbag.py:540} INFO - Filling up the DagBag from /usr/local/lib/python3.8/dist-packages/airflow/example_dags/example_branch_labels.py
[2024-03-11T15:58:04.201+0000] {processor.py:840} INFO - DAG(s) 'example_branch_labels' retrieved from /usr/local/lib/python3.8/dist-packages/airflow/example_dags/example_branch_labels.py
[2024-03-11T15:58:04.220+0000] {logging_mixin.py:188} INFO - [2024-03-11T15:58:04.220+0000] {dag.py:3047} INFO - Sync 1 DAGs
[2024-03-11T15:58:04.244+0000] {logging_mixin.py:188} INFO - [2024-03-11T15:58:04.243+0000] {dag.py:3834} INFO - Setting next_dagrun for example_branch_labels to 2024-03-10 00:00:00+00:00, run_after=2024-03-11 00:00:00+00:00
[2024-03-11T15:58:04.272+0000] {processor.py:183} INFO - Processing /usr/local/lib/python3.8/dist-packages/airflow/example_dags/example_branch_labels.py took 0.086 seconds
[2024-03-11T16:09:08.547+0000] {processor.py:161} INFO - Started process (PID=459) to work on /usr/local/lib/python3.8/dist-packages/airflow/example_dags/example_branch_labels.py
[2024-03-11T16:09:08.549+0000] {processor.py:830} INFO - Processing file /usr/local/lib/python3.8/dist-packages/airflow/example_dags/example_branch_labels.py for tasks to queue
[2024-03-11T16:09:08.550+0000] {logging_mixin.py:188} INFO - [2024-03-11T16:09:08.550+0000] {dagbag.py:540} INFO - Filling up the DagBag from /usr/local/lib/python3.8/dist-packages/airflow/example_dags/example_branch_labels.py
[2024-03-11T16:09:08.559+0000] {processor.py:840} INFO - DAG(s) 'example_branch_labels' retrieved from /usr/local/lib/python3.8/dist-packages/airflow/example_dags/example_branch_labels.py
[2024-03-11T16:09:08.680+0000] {logging_mixin.py:188} INFO - [2024-03-11T16:09:08.680+0000] {dag.py:3047} INFO - Sync 1 DAGs
[2024-03-11T16:09:08.700+0000] {logging_mixin.py:188} INFO - [2024-03-11T16:09:08.700+0000] {dag.py:3834} INFO - Setting next_dagrun for example_branch_labels to 2024-03-10 00:00:00+00:00, run_after=2024-03-11 00:00:00+00:00
[2024-03-11T16:09:08.730+0000] {processor.py:183} INFO - Processing /usr/local/lib/python3.8/dist-packages/airflow/example_dags/example_branch_labels.py took 0.186 seconds
[2024-03-11T16:10:02.988+0000] {processor.py:161} INFO - Started process (PID=512) to work on /usr/local/lib/python3.8/dist-packages/airflow/example_dags/example_branch_labels.py
[2024-03-11T16:10:02.990+0000] {processor.py:830} INFO - Processing file /usr/local/lib/python3.8/dist-packages/airflow/example_dags/example_branch_labels.py for tasks to queue
[2024-03-11T16:10:02.991+0000] {logging_mixin.py:188} INFO - [2024-03-11T16:10:02.991+0000] {dagbag.py:540} INFO - Filling up the DagBag from /usr/local/lib/python3.8/dist-packages/airflow/example_dags/example_branch_labels.py
[2024-03-11T16:10:03.000+0000] {processor.py:840} INFO - DAG(s) 'example_branch_labels' retrieved from /usr/local/lib/python3.8/dist-packages/airflow/example_dags/example_branch_labels.py
[2024-03-11T16:10:03.019+0000] {logging_mixin.py:188} INFO - [2024-03-11T16:10:03.019+0000] {dag.py:3047} INFO - Sync 1 DAGs
[2024-03-11T16:10:03.044+0000] {logging_mixin.py:188} INFO - [2024-03-11T16:10:03.044+0000] {dag.py:3834} INFO - Setting next_dagrun for example_branch_labels to 2024-03-10 00:00:00+00:00, run_after=2024-03-11 00:00:00+00:00
[2024-03-11T16:10:03.072+0000] {processor.py:183} INFO - Processing /usr/local/lib/python3.8/dist-packages/airflow/example_dags/example_branch_labels.py took 0.087 seconds
[2024-03-11T16:11:11.949+0000] {processor.py:161} INFO - Started process (PID=581) to work on /usr/local/lib/python3.8/dist-packages/airflow/example_dags/example_branch_labels.py
[2024-03-11T16:11:11.952+0000] {processor.py:830} INFO - Processing file /usr/local/lib/python3.8/dist-packages/airflow/example_dags/example_branch_labels.py for tasks to queue
[2024-03-11T16:11:11.953+0000] {logging_mixin.py:188} INFO - [2024-03-11T16:11:11.953+0000] {dagbag.py:540} INFO - Filling up the DagBag from /usr/local/lib/python3.8/dist-packages/airflow/example_dags/example_branch_labels.py
[2024-03-11T16:11:11.962+0000] {processor.py:840} INFO - DAG(s) 'example_branch_labels' retrieved from /usr/local/lib/python3.8/dist-packages/airflow/example_dags/example_branch_labels.py
[2024-03-11T16:11:11.980+0000] {logging_mixin.py:188} INFO - [2024-03-11T16:11:11.980+0000] {dag.py:3047} INFO - Sync 1 DAGs
[2024-03-11T16:11:12.007+0000] {logging_mixin.py:188} INFO - [2024-03-11T16:11:12.007+0000] {dag.py:3834} INFO - Setting next_dagrun for example_branch_labels to 2024-03-10 00:00:00+00:00, run_after=2024-03-11 00:00:00+00:00
[2024-03-11T16:11:12.036+0000] {processor.py:183} INFO - Processing /usr/local/lib/python3.8/dist-packages/airflow/example_dags/example_branch_labels.py took 0.090 seconds
[2024-03-11T16:12:17.329+0000] {processor.py:161} INFO - Started process (PID=652) to work on /usr/local/lib/python3.8/dist-packages/airflow/example_dags/example_branch_labels.py
[2024-03-11T16:12:17.331+0000] {processor.py:830} INFO - Processing file /usr/local/lib/python3.8/dist-packages/airflow/example_dags/example_branch_labels.py for tasks to queue
[2024-03-11T16:12:17.332+0000] {logging_mixin.py:188} INFO - [2024-03-11T16:12:17.332+0000] {dagbag.py:540} INFO - Filling up the DagBag from /usr/local/lib/python3.8/dist-packages/airflow/example_dags/example_branch_labels.py
[2024-03-11T16:12:17.341+0000] {processor.py:840} INFO - DAG(s) 'example_branch_labels' retrieved from /usr/local/lib/python3.8/dist-packages/airflow/example_dags/example_branch_labels.py
[2024-03-11T16:12:17.359+0000] {logging_mixin.py:188} INFO - [2024-03-11T16:12:17.359+0000] {dag.py:3047} INFO - Sync 1 DAGs
[2024-03-11T16:12:17.384+0000] {logging_mixin.py:188} INFO - [2024-03-11T16:12:17.384+0000] {dag.py:3834} INFO - Setting next_dagrun for example_branch_labels to 2024-03-10 00:00:00+00:00, run_after=2024-03-11 00:00:00+00:00
[2024-03-11T16:12:17.414+0000] {processor.py:183} INFO - Processing /usr/local/lib/python3.8/dist-packages/airflow/example_dags/example_branch_labels.py took 0.088 seconds
[2024-03-11T16:13:16.756+0000] {processor.py:161} INFO - Started process (PID=718) to work on /usr/local/lib/python3.8/dist-packages/airflow/example_dags/example_branch_labels.py
[2024-03-11T16:13:16.758+0000] {processor.py:830} INFO - Processing file /usr/local/lib/python3.8/dist-packages/airflow/example_dags/example_branch_labels.py for tasks to queue
[2024-03-11T16:13:16.759+0000] {logging_mixin.py:188} INFO - [2024-03-11T16:13:16.759+0000] {dagbag.py:540} INFO - Filling up the DagBag from /usr/local/lib/python3.8/dist-packages/airflow/example_dags/example_branch_labels.py
[2024-03-11T16:13:16.768+0000] {processor.py:840} INFO - DAG(s) 'example_branch_labels' retrieved from /usr/local/lib/python3.8/dist-packages/airflow/example_dags/example_branch_labels.py
[2024-03-11T16:13:16.787+0000] {logging_mixin.py:188} INFO - [2024-03-11T16:13:16.786+0000] {dag.py:3047} INFO - Sync 1 DAGs
[2024-03-11T16:13:16.810+0000] {logging_mixin.py:188} INFO - [2024-03-11T16:13:16.810+0000] {dag.py:3834} INFO - Setting next_dagrun for example_branch_labels to 2024-03-10 00:00:00+00:00, run_after=2024-03-11 00:00:00+00:00
[2024-03-11T16:13:16.839+0000] {processor.py:183} INFO - Processing /usr/local/lib/python3.8/dist-packages/airflow/example_dags/example_branch_labels.py took 0.086 seconds
[2024-03-11T16:14:18.979+0000] {processor.py:161} INFO - Started process (PID=789) to work on /usr/local/lib/python3.8/dist-packages/airflow/example_dags/example_branch_labels.py
[2024-03-11T16:14:18.981+0000] {processor.py:830} INFO - Processing file /usr/local/lib/python3.8/dist-packages/airflow/example_dags/example_branch_labels.py for tasks to queue
[2024-03-11T16:14:18.982+0000] {logging_mixin.py:188} INFO - [2024-03-11T16:14:18.981+0000] {dagbag.py:540} INFO - Filling up the DagBag from /usr/local/lib/python3.8/dist-packages/airflow/example_dags/example_branch_labels.py
[2024-03-11T16:14:18.991+0000] {processor.py:840} INFO - DAG(s) 'example_branch_labels' retrieved from /usr/local/lib/python3.8/dist-packages/airflow/example_dags/example_branch_labels.py
[2024-03-11T16:14:19.009+0000] {logging_mixin.py:188} INFO - [2024-03-11T16:14:19.009+0000] {dag.py:3047} INFO - Sync 1 DAGs
[2024-03-11T16:14:19.033+0000] {logging_mixin.py:188} INFO - [2024-03-11T16:14:19.033+0000] {dag.py:3834} INFO - Setting next_dagrun for example_branch_labels to 2024-03-10 00:00:00+00:00, run_after=2024-03-11 00:00:00+00:00
[2024-03-11T16:14:19.062+0000] {processor.py:183} INFO - Processing /usr/local/lib/python3.8/dist-packages/airflow/example_dags/example_branch_labels.py took 0.086 seconds
[2024-03-11T16:15:30.294+0000] {processor.py:161} INFO - Started process (PID=858) to work on /usr/local/lib/python3.8/dist-packages/airflow/example_dags/example_branch_labels.py
[2024-03-11T16:15:30.296+0000] {processor.py:830} INFO - Processing file /usr/local/lib/python3.8/dist-packages/airflow/example_dags/example_branch_labels.py for tasks to queue
[2024-03-11T16:15:30.297+0000] {logging_mixin.py:188} INFO - [2024-03-11T16:15:30.296+0000] {dagbag.py:540} INFO - Filling up the DagBag from /usr/local/lib/python3.8/dist-packages/airflow/example_dags/example_branch_labels.py
[2024-03-11T16:15:30.305+0000] {processor.py:840} INFO - DAG(s) 'example_branch_labels' retrieved from /usr/local/lib/python3.8/dist-packages/airflow/example_dags/example_branch_labels.py
[2024-03-11T16:15:30.324+0000] {logging_mixin.py:188} INFO - [2024-03-11T16:15:30.324+0000] {dag.py:3047} INFO - Sync 1 DAGs
[2024-03-11T16:15:30.348+0000] {logging_mixin.py:188} INFO - [2024-03-11T16:15:30.348+0000] {dag.py:3834} INFO - Setting next_dagrun for example_branch_labels to 2024-03-10 00:00:00+00:00, run_after=2024-03-11 00:00:00+00:00
[2024-03-11T16:15:30.378+0000] {processor.py:183} INFO - Processing /usr/local/lib/python3.8/dist-packages/airflow/example_dags/example_branch_labels.py took 0.088 seconds
[2024-03-11T16:16:40.594+0000] {processor.py:161} INFO - Started process (PID=929) to work on /usr/local/lib/python3.8/dist-packages/airflow/example_dags/example_branch_labels.py
[2024-03-11T16:16:40.596+0000] {processor.py:830} INFO - Processing file /usr/local/lib/python3.8/dist-packages/airflow/example_dags/example_branch_labels.py for tasks to queue
[2024-03-11T16:16:40.597+0000] {logging_mixin.py:188} INFO - [2024-03-11T16:16:40.597+0000] {dagbag.py:540} INFO - Filling up the DagBag from /usr/local/lib/python3.8/dist-packages/airflow/example_dags/example_branch_labels.py
[2024-03-11T16:16:40.607+0000] {processor.py:840} INFO - DAG(s) 'example_branch_labels' retrieved from /usr/local/lib/python3.8/dist-packages/airflow/example_dags/example_branch_labels.py
[2024-03-11T16:16:40.626+0000] {logging_mixin.py:188} INFO - [2024-03-11T16:16:40.625+0000] {dag.py:3047} INFO - Sync 1 DAGs
[2024-03-11T16:16:40.648+0000] {logging_mixin.py:188} INFO - [2024-03-11T16:16:40.648+0000] {dag.py:3834} INFO - Setting next_dagrun for example_branch_labels to 2024-03-10 00:00:00+00:00, run_after=2024-03-11 00:00:00+00:00
[2024-03-11T16:16:40.678+0000] {processor.py:183} INFO - Processing /usr/local/lib/python3.8/dist-packages/airflow/example_dags/example_branch_labels.py took 0.087 seconds
[2024-03-11T16:17:51.246+0000] {processor.py:161} INFO - Started process (PID=998) to work on /usr/local/lib/python3.8/dist-packages/airflow/example_dags/example_branch_labels.py
[2024-03-11T16:17:51.248+0000] {processor.py:830} INFO - Processing file /usr/local/lib/python3.8/dist-packages/airflow/example_dags/example_branch_labels.py for tasks to queue
[2024-03-11T16:17:51.249+0000] {logging_mixin.py:188} INFO - [2024-03-11T16:17:51.248+0000] {dagbag.py:540} INFO - Filling up the DagBag from /usr/local/lib/python3.8/dist-packages/airflow/example_dags/example_branch_labels.py
[2024-03-11T16:17:51.257+0000] {processor.py:840} INFO - DAG(s) 'example_branch_labels' retrieved from /usr/local/lib/python3.8/dist-packages/airflow/example_dags/example_branch_labels.py
[2024-03-11T16:17:51.275+0000] {logging_mixin.py:188} INFO - [2024-03-11T16:17:51.275+0000] {dag.py:3047} INFO - Sync 1 DAGs
[2024-03-11T16:17:51.300+0000] {logging_mixin.py:188} INFO - [2024-03-11T16:17:51.300+0000] {dag.py:3834} INFO - Setting next_dagrun for example_branch_labels to 2024-03-10 00:00:00+00:00, run_after=2024-03-11 00:00:00+00:00
[2024-03-11T16:17:51.331+0000] {processor.py:183} INFO - Processing /usr/local/lib/python3.8/dist-packages/airflow/example_dags/example_branch_labels.py took 0.089 seconds
[2024-03-11T16:18:39.795+0000] {processor.py:161} INFO - Started process (PID=1046) to work on /usr/local/lib/python3.8/dist-packages/airflow/example_dags/example_branch_labels.py
[2024-03-11T16:18:39.797+0000] {processor.py:830} INFO - Processing file /usr/local/lib/python3.8/dist-packages/airflow/example_dags/example_branch_labels.py for tasks to queue
[2024-03-11T16:18:39.798+0000] {logging_mixin.py:188} INFO - [2024-03-11T16:18:39.797+0000] {dagbag.py:540} INFO - Filling up the DagBag from /usr/local/lib/python3.8/dist-packages/airflow/example_dags/example_branch_labels.py
[2024-03-11T16:18:39.806+0000] {processor.py:840} INFO - DAG(s) 'example_branch_labels' retrieved from /usr/local/lib/python3.8/dist-packages/airflow/example_dags/example_branch_labels.py
[2024-03-11T16:18:39.825+0000] {logging_mixin.py:188} INFO - [2024-03-11T16:18:39.825+0000] {dag.py:3047} INFO - Sync 1 DAGs
[2024-03-11T16:18:39.849+0000] {logging_mixin.py:188} INFO - [2024-03-11T16:18:39.848+0000] {dag.py:3834} INFO - Setting next_dagrun for example_branch_labels to 2024-03-10 00:00:00+00:00, run_after=2024-03-11 00:00:00+00:00
[2024-03-11T16:18:39.879+0000] {processor.py:183} INFO - Processing /usr/local/lib/python3.8/dist-packages/airflow/example_dags/example_branch_labels.py took 0.087 seconds
[2024-03-11T16:19:44.385+0000] {processor.py:161} INFO - Started process (PID=1114) to work on /usr/local/lib/python3.8/dist-packages/airflow/example_dags/example_branch_labels.py
[2024-03-11T16:19:44.387+0000] {processor.py:830} INFO - Processing file /usr/local/lib/python3.8/dist-packages/airflow/example_dags/example_branch_labels.py for tasks to queue
[2024-03-11T16:19:44.388+0000] {logging_mixin.py:188} INFO - [2024-03-11T16:19:44.388+0000] {dagbag.py:540} INFO - Filling up the DagBag from /usr/local/lib/python3.8/dist-packages/airflow/example_dags/example_branch_labels.py
[2024-03-11T16:19:44.397+0000] {processor.py:840} INFO - DAG(s) 'example_branch_labels' retrieved from /usr/local/lib/python3.8/dist-packages/airflow/example_dags/example_branch_labels.py
[2024-03-11T16:19:44.417+0000] {logging_mixin.py:188} INFO - [2024-03-11T16:19:44.417+0000] {dag.py:3047} INFO - Sync 1 DAGs
[2024-03-11T16:19:44.442+0000] {logging_mixin.py:188} INFO - [2024-03-11T16:19:44.441+0000] {dag.py:3834} INFO - Setting next_dagrun for example_branch_labels to 2024-03-10 00:00:00+00:00, run_after=2024-03-11 00:00:00+00:00
[2024-03-11T16:19:44.470+0000] {processor.py:183} INFO - Processing /usr/local/lib/python3.8/dist-packages/airflow/example_dags/example_branch_labels.py took 0.089 seconds
[2024-03-11T16:20:37.090+0000] {processor.py:161} INFO - Started process (PID=1199) to work on /usr/local/lib/python3.8/dist-packages/airflow/example_dags/example_branch_labels.py
[2024-03-11T16:20:37.092+0000] {processor.py:830} INFO - Processing file /usr/local/lib/python3.8/dist-packages/airflow/example_dags/example_branch_labels.py for tasks to queue
[2024-03-11T16:20:37.093+0000] {logging_mixin.py:188} INFO - [2024-03-11T16:20:37.093+0000] {dagbag.py:540} INFO - Filling up the DagBag from /usr/local/lib/python3.8/dist-packages/airflow/example_dags/example_branch_labels.py
[2024-03-11T16:20:37.102+0000] {processor.py:840} INFO - DAG(s) 'example_branch_labels' retrieved from /usr/local/lib/python3.8/dist-packages/airflow/example_dags/example_branch_labels.py
[2024-03-11T16:20:37.120+0000] {logging_mixin.py:188} INFO - [2024-03-11T16:20:37.120+0000] {dag.py:3047} INFO - Sync 1 DAGs
[2024-03-11T16:20:37.146+0000] {logging_mixin.py:188} INFO - [2024-03-11T16:20:37.145+0000] {dag.py:3834} INFO - Setting next_dagrun for example_branch_labels to 2024-03-10 00:00:00+00:00, run_after=2024-03-11 00:00:00+00:00
[2024-03-11T16:20:37.174+0000] {processor.py:183} INFO - Processing /usr/local/lib/python3.8/dist-packages/airflow/example_dags/example_branch_labels.py took 0.088 seconds
[2024-03-11T16:21:47.038+0000] {processor.py:161} INFO - Started process (PID=1294) to work on /usr/local/lib/python3.8/dist-packages/airflow/example_dags/example_branch_labels.py
[2024-03-11T16:21:47.041+0000] {processor.py:830} INFO - Processing file /usr/local/lib/python3.8/dist-packages/airflow/example_dags/example_branch_labels.py for tasks to queue
[2024-03-11T16:21:47.042+0000] {logging_mixin.py:188} INFO - [2024-03-11T16:21:47.041+0000] {dagbag.py:540} INFO - Filling up the DagBag from /usr/local/lib/python3.8/dist-packages/airflow/example_dags/example_branch_labels.py
[2024-03-11T16:21:47.052+0000] {processor.py:840} INFO - DAG(s) 'example_branch_labels' retrieved from /usr/local/lib/python3.8/dist-packages/airflow/example_dags/example_branch_labels.py
[2024-03-11T16:21:47.071+0000] {logging_mixin.py:188} INFO - [2024-03-11T16:21:47.071+0000] {dag.py:3047} INFO - Sync 1 DAGs
[2024-03-11T16:21:47.095+0000] {logging_mixin.py:188} INFO - [2024-03-11T16:21:47.095+0000] {dag.py:3834} INFO - Setting next_dagrun for example_branch_labels to 2024-03-10 00:00:00+00:00, run_after=2024-03-11 00:00:00+00:00
[2024-03-11T16:21:47.124+0000] {processor.py:183} INFO - Processing /usr/local/lib/python3.8/dist-packages/airflow/example_dags/example_branch_labels.py took 0.089 seconds
[2024-03-11T16:22:56.965+0000] {processor.py:161} INFO - Started process (PID=1382) to work on /usr/local/lib/python3.8/dist-packages/airflow/example_dags/example_branch_labels.py
[2024-03-11T16:22:56.968+0000] {processor.py:830} INFO - Processing file /usr/local/lib/python3.8/dist-packages/airflow/example_dags/example_branch_labels.py for tasks to queue
[2024-03-11T16:22:56.969+0000] {logging_mixin.py:188} INFO - [2024-03-11T16:22:56.968+0000] {dagbag.py:540} INFO - Filling up the DagBag from /usr/local/lib/python3.8/dist-packages/airflow/example_dags/example_branch_labels.py
[2024-03-11T16:22:56.977+0000] {processor.py:840} INFO - DAG(s) 'example_branch_labels' retrieved from /usr/local/lib/python3.8/dist-packages/airflow/example_dags/example_branch_labels.py
[2024-03-11T16:22:56.996+0000] {logging_mixin.py:188} INFO - [2024-03-11T16:22:56.996+0000] {dag.py:3047} INFO - Sync 1 DAGs
[2024-03-11T16:22:57.020+0000] {logging_mixin.py:188} INFO - [2024-03-11T16:22:57.020+0000] {dag.py:3834} INFO - Setting next_dagrun for example_branch_labels to 2024-03-10 00:00:00+00:00, run_after=2024-03-11 00:00:00+00:00
[2024-03-11T16:22:57.049+0000] {processor.py:183} INFO - Processing /usr/local/lib/python3.8/dist-packages/airflow/example_dags/example_branch_labels.py took 0.087 seconds
[2024-03-11T16:24:09.638+0000] {processor.py:161} INFO - Started process (PID=1464) to work on /usr/local/lib/python3.8/dist-packages/airflow/example_dags/example_branch_labels.py
[2024-03-11T16:24:09.641+0000] {processor.py:830} INFO - Processing file /usr/local/lib/python3.8/dist-packages/airflow/example_dags/example_branch_labels.py for tasks to queue
[2024-03-11T16:24:09.642+0000] {logging_mixin.py:188} INFO - [2024-03-11T16:24:09.641+0000] {dagbag.py:540} INFO - Filling up the DagBag from /usr/local/lib/python3.8/dist-packages/airflow/example_dags/example_branch_labels.py
[2024-03-11T16:24:09.652+0000] {processor.py:840} INFO - DAG(s) 'example_branch_labels' retrieved from /usr/local/lib/python3.8/dist-packages/airflow/example_dags/example_branch_labels.py
[2024-03-11T16:24:09.671+0000] {logging_mixin.py:188} INFO - [2024-03-11T16:24:09.670+0000] {dag.py:3047} INFO - Sync 1 DAGs
[2024-03-11T16:24:09.695+0000] {logging_mixin.py:188} INFO - [2024-03-11T16:24:09.694+0000] {dag.py:3834} INFO - Setting next_dagrun for example_branch_labels to 2024-03-10 00:00:00+00:00, run_after=2024-03-11 00:00:00+00:00
[2024-03-11T16:24:09.728+0000] {processor.py:183} INFO - Processing /usr/local/lib/python3.8/dist-packages/airflow/example_dags/example_branch_labels.py took 0.093 seconds
[2024-03-11T16:25:29.193+0000] {processor.py:161} INFO - Started process (PID=1546) to work on /usr/local/lib/python3.8/dist-packages/airflow/example_dags/example_branch_labels.py
[2024-03-11T16:25:29.195+0000] {processor.py:830} INFO - Processing file /usr/local/lib/python3.8/dist-packages/airflow/example_dags/example_branch_labels.py for tasks to queue
[2024-03-11T16:25:29.196+0000] {logging_mixin.py:188} INFO - [2024-03-11T16:25:29.196+0000] {dagbag.py:540} INFO - Filling up the DagBag from /usr/local/lib/python3.8/dist-packages/airflow/example_dags/example_branch_labels.py
[2024-03-11T16:25:29.205+0000] {processor.py:840} INFO - DAG(s) 'example_branch_labels' retrieved from /usr/local/lib/python3.8/dist-packages/airflow/example_dags/example_branch_labels.py
[2024-03-11T16:25:29.223+0000] {logging_mixin.py:188} INFO - [2024-03-11T16:25:29.223+0000] {dag.py:3047} INFO - Sync 1 DAGs
[2024-03-11T16:25:29.248+0000] {logging_mixin.py:188} INFO - [2024-03-11T16:25:29.247+0000] {dag.py:3834} INFO - Setting next_dagrun for example_branch_labels to 2024-03-10 00:00:00+00:00, run_after=2024-03-11 00:00:00+00:00
[2024-03-11T16:25:29.276+0000] {processor.py:183} INFO - Processing /usr/local/lib/python3.8/dist-packages/airflow/example_dags/example_branch_labels.py took 0.086 seconds
[2024-03-11T16:28:02.840+0000] {processor.py:161} INFO - Started process (PID=1636) to work on /usr/local/lib/python3.8/dist-packages/airflow/example_dags/example_branch_labels.py
[2024-03-11T16:28:02.842+0000] {processor.py:830} INFO - Processing file /usr/local/lib/python3.8/dist-packages/airflow/example_dags/example_branch_labels.py for tasks to queue
[2024-03-11T16:28:02.843+0000] {logging_mixin.py:188} INFO - [2024-03-11T16:28:02.843+0000] {dagbag.py:540} INFO - Filling up the DagBag from /usr/local/lib/python3.8/dist-packages/airflow/example_dags/example_branch_labels.py
[2024-03-11T16:28:02.854+0000] {processor.py:840} INFO - DAG(s) 'example_branch_labels' retrieved from /usr/local/lib/python3.8/dist-packages/airflow/example_dags/example_branch_labels.py
[2024-03-11T16:28:02.874+0000] {logging_mixin.py:188} INFO - [2024-03-11T16:28:02.874+0000] {dag.py:3047} INFO - Sync 1 DAGs
[2024-03-11T16:28:02.900+0000] {logging_mixin.py:188} INFO - [2024-03-11T16:28:02.900+0000] {dag.py:3834} INFO - Setting next_dagrun for example_branch_labels to 2024-03-10 00:00:00+00:00, run_after=2024-03-11 00:00:00+00:00
[2024-03-11T16:28:02.930+0000] {processor.py:183} INFO - Processing /usr/local/lib/python3.8/dist-packages/airflow/example_dags/example_branch_labels.py took 0.094 seconds
[2024-03-11T16:28:58.607+0000] {processor.py:161} INFO - Started process (PID=1697) to work on /usr/local/lib/python3.8/dist-packages/airflow/example_dags/example_branch_labels.py
[2024-03-11T16:28:58.610+0000] {processor.py:830} INFO - Processing file /usr/local/lib/python3.8/dist-packages/airflow/example_dags/example_branch_labels.py for tasks to queue
[2024-03-11T16:28:58.611+0000] {logging_mixin.py:188} INFO - [2024-03-11T16:28:58.610+0000] {dagbag.py:540} INFO - Filling up the DagBag from /usr/local/lib/python3.8/dist-packages/airflow/example_dags/example_branch_labels.py
[2024-03-11T16:28:58.621+0000] {processor.py:840} INFO - DAG(s) 'example_branch_labels' retrieved from /usr/local/lib/python3.8/dist-packages/airflow/example_dags/example_branch_labels.py
[2024-03-11T16:28:58.643+0000] {logging_mixin.py:188} INFO - [2024-03-11T16:28:58.642+0000] {dag.py:3047} INFO - Sync 1 DAGs
[2024-03-11T16:28:58.667+0000] {logging_mixin.py:188} INFO - [2024-03-11T16:28:58.666+0000] {dag.py:3834} INFO - Setting next_dagrun for example_branch_labels to 2024-03-10 00:00:00+00:00, run_after=2024-03-11 00:00:00+00:00
[2024-03-11T16:28:58.696+0000] {processor.py:183} INFO - Processing /usr/local/lib/python3.8/dist-packages/airflow/example_dags/example_branch_labels.py took 0.093 seconds
[2024-03-11T16:29:48.372+0000] {processor.py:161} INFO - Started process (PID=1750) to work on /usr/local/lib/python3.8/dist-packages/airflow/example_dags/example_branch_labels.py
[2024-03-11T16:29:48.374+0000] {processor.py:830} INFO - Processing file /usr/local/lib/python3.8/dist-packages/airflow/example_dags/example_branch_labels.py for tasks to queue
[2024-03-11T16:29:48.376+0000] {logging_mixin.py:188} INFO - [2024-03-11T16:29:48.375+0000] {dagbag.py:540} INFO - Filling up the DagBag from /usr/local/lib/python3.8/dist-packages/airflow/example_dags/example_branch_labels.py
[2024-03-11T16:29:48.385+0000] {processor.py:840} INFO - DAG(s) 'example_branch_labels' retrieved from /usr/local/lib/python3.8/dist-packages/airflow/example_dags/example_branch_labels.py
[2024-03-11T16:29:48.407+0000] {logging_mixin.py:188} INFO - [2024-03-11T16:29:48.407+0000] {dag.py:3047} INFO - Sync 1 DAGs
[2024-03-11T16:29:48.431+0000] {logging_mixin.py:188} INFO - [2024-03-11T16:29:48.431+0000] {dag.py:3834} INFO - Setting next_dagrun for example_branch_labels to 2024-03-10 00:00:00+00:00, run_after=2024-03-11 00:00:00+00:00
[2024-03-11T16:29:48.468+0000] {processor.py:183} INFO - Processing /usr/local/lib/python3.8/dist-packages/airflow/example_dags/example_branch_labels.py took 0.100 seconds
[2024-03-11T16:30:39.145+0000] {processor.py:161} INFO - Started process (PID=1808) to work on /usr/local/lib/python3.8/dist-packages/airflow/example_dags/example_branch_labels.py
[2024-03-11T16:30:39.151+0000] {processor.py:830} INFO - Processing file /usr/local/lib/python3.8/dist-packages/airflow/example_dags/example_branch_labels.py for tasks to queue
[2024-03-11T16:30:39.152+0000] {logging_mixin.py:188} INFO - [2024-03-11T16:30:39.152+0000] {dagbag.py:540} INFO - Filling up the DagBag from /usr/local/lib/python3.8/dist-packages/airflow/example_dags/example_branch_labels.py
[2024-03-11T16:30:39.162+0000] {processor.py:840} INFO - DAG(s) 'example_branch_labels' retrieved from /usr/local/lib/python3.8/dist-packages/airflow/example_dags/example_branch_labels.py
[2024-03-11T16:30:39.184+0000] {logging_mixin.py:188} INFO - [2024-03-11T16:30:39.183+0000] {dag.py:3047} INFO - Sync 1 DAGs
[2024-03-11T16:30:39.208+0000] {logging_mixin.py:188} INFO - [2024-03-11T16:30:39.208+0000] {dag.py:3834} INFO - Setting next_dagrun for example_branch_labels to 2024-03-10 00:00:00+00:00, run_after=2024-03-11 00:00:00+00:00
[2024-03-11T16:30:39.238+0000] {processor.py:183} INFO - Processing /usr/local/lib/python3.8/dist-packages/airflow/example_dags/example_branch_labels.py took 0.097 seconds
[2024-03-11T16:33:35.271+0000] {processor.py:161} INFO - Started process (PID=1917) to work on /usr/local/lib/python3.8/dist-packages/airflow/example_dags/example_branch_labels.py
[2024-03-11T16:33:35.274+0000] {processor.py:830} INFO - Processing file /usr/local/lib/python3.8/dist-packages/airflow/example_dags/example_branch_labels.py for tasks to queue
[2024-03-11T16:33:35.275+0000] {logging_mixin.py:188} INFO - [2024-03-11T16:33:35.275+0000] {dagbag.py:540} INFO - Filling up the DagBag from /usr/local/lib/python3.8/dist-packages/airflow/example_dags/example_branch_labels.py
[2024-03-11T16:33:35.285+0000] {processor.py:840} INFO - DAG(s) 'example_branch_labels' retrieved from /usr/local/lib/python3.8/dist-packages/airflow/example_dags/example_branch_labels.py
[2024-03-11T16:33:35.305+0000] {logging_mixin.py:188} INFO - [2024-03-11T16:33:35.305+0000] {dag.py:3047} INFO - Sync 1 DAGs
[2024-03-11T16:33:35.331+0000] {logging_mixin.py:188} INFO - [2024-03-11T16:33:35.331+0000] {dag.py:3834} INFO - Setting next_dagrun for example_branch_labels to 2024-03-10 00:00:00+00:00, run_after=2024-03-11 00:00:00+00:00
[2024-03-11T16:33:35.359+0000] {processor.py:183} INFO - Processing /usr/local/lib/python3.8/dist-packages/airflow/example_dags/example_branch_labels.py took 0.092 seconds
[2024-03-11T16:36:23.375+0000] {processor.py:161} INFO - Started process (PID=2010) to work on /usr/local/lib/python3.8/dist-packages/airflow/example_dags/example_branch_labels.py
[2024-03-11T16:36:23.377+0000] {processor.py:830} INFO - Processing file /usr/local/lib/python3.8/dist-packages/airflow/example_dags/example_branch_labels.py for tasks to queue
[2024-03-11T16:36:23.378+0000] {logging_mixin.py:188} INFO - [2024-03-11T16:36:23.378+0000] {dagbag.py:540} INFO - Filling up the DagBag from /usr/local/lib/python3.8/dist-packages/airflow/example_dags/example_branch_labels.py
[2024-03-11T16:36:23.388+0000] {processor.py:840} INFO - DAG(s) 'example_branch_labels' retrieved from /usr/local/lib/python3.8/dist-packages/airflow/example_dags/example_branch_labels.py
[2024-03-11T16:36:23.409+0000] {logging_mixin.py:188} INFO - [2024-03-11T16:36:23.409+0000] {dag.py:3047} INFO - Sync 1 DAGs
[2024-03-11T16:36:23.435+0000] {logging_mixin.py:188} INFO - [2024-03-11T16:36:23.435+0000] {dag.py:3834} INFO - Setting next_dagrun for example_branch_labels to 2024-03-10 00:00:00+00:00, run_after=2024-03-11 00:00:00+00:00
[2024-03-11T16:36:23.467+0000] {processor.py:183} INFO - Processing /usr/local/lib/python3.8/dist-packages/airflow/example_dags/example_branch_labels.py took 0.096 seconds
[2024-03-11T16:41:36.630+0000] {processor.py:161} INFO - Started process (PID=464) to work on /usr/local/lib/python3.8/dist-packages/airflow/example_dags/example_branch_labels.py
[2024-03-11T16:41:36.632+0000] {processor.py:830} INFO - Processing file /usr/local/lib/python3.8/dist-packages/airflow/example_dags/example_branch_labels.py for tasks to queue
[2024-03-11T16:41:36.633+0000] {logging_mixin.py:188} INFO - [2024-03-11T16:41:36.633+0000] {dagbag.py:540} INFO - Filling up the DagBag from /usr/local/lib/python3.8/dist-packages/airflow/example_dags/example_branch_labels.py
[2024-03-11T16:41:36.641+0000] {processor.py:840} INFO - DAG(s) 'example_branch_labels' retrieved from /usr/local/lib/python3.8/dist-packages/airflow/example_dags/example_branch_labels.py
[2024-03-11T16:41:36.738+0000] {logging_mixin.py:188} INFO - [2024-03-11T16:41:36.738+0000] {dag.py:3047} INFO - Sync 1 DAGs
[2024-03-11T16:41:36.753+0000] {logging_mixin.py:188} INFO - [2024-03-11T16:41:36.753+0000] {dag.py:3834} INFO - Setting next_dagrun for example_branch_labels to 2024-03-10 00:00:00+00:00, run_after=2024-03-11 00:00:00+00:00
[2024-03-11T16:41:36.778+0000] {processor.py:183} INFO - Processing /usr/local/lib/python3.8/dist-packages/airflow/example_dags/example_branch_labels.py took 0.151 seconds
[2024-03-11T16:48:19.189+0000] {processor.py:161} INFO - Started process (PID=837) to work on /usr/local/lib/python3.8/dist-packages/airflow/example_dags/example_branch_labels.py
[2024-03-11T16:48:19.192+0000] {processor.py:830} INFO - Processing file /usr/local/lib/python3.8/dist-packages/airflow/example_dags/example_branch_labels.py for tasks to queue
[2024-03-11T16:48:19.193+0000] {logging_mixin.py:188} INFO - [2024-03-11T16:48:19.192+0000] {dagbag.py:540} INFO - Filling up the DagBag from /usr/local/lib/python3.8/dist-packages/airflow/example_dags/example_branch_labels.py
[2024-03-11T16:48:19.201+0000] {processor.py:840} INFO - DAG(s) 'example_branch_labels' retrieved from /usr/local/lib/python3.8/dist-packages/airflow/example_dags/example_branch_labels.py
[2024-03-11T16:48:19.220+0000] {logging_mixin.py:188} INFO - [2024-03-11T16:48:19.219+0000] {dag.py:3047} INFO - Sync 1 DAGs
[2024-03-11T16:48:19.242+0000] {logging_mixin.py:188} INFO - [2024-03-11T16:48:19.242+0000] {dag.py:3834} INFO - Setting next_dagrun for example_branch_labels to 2024-03-10 00:00:00+00:00, run_after=2024-03-11 00:00:00+00:00
[2024-03-11T16:48:19.266+0000] {processor.py:183} INFO - Processing /usr/local/lib/python3.8/dist-packages/airflow/example_dags/example_branch_labels.py took 0.079 seconds
[2024-03-11T16:49:12.783+0000] {processor.py:161} INFO - Started process (PID=948) to work on /usr/local/lib/python3.8/dist-packages/airflow/example_dags/example_branch_labels.py
[2024-03-11T16:49:12.785+0000] {processor.py:830} INFO - Processing file /usr/local/lib/python3.8/dist-packages/airflow/example_dags/example_branch_labels.py for tasks to queue
[2024-03-11T16:49:12.786+0000] {logging_mixin.py:188} INFO - [2024-03-11T16:49:12.785+0000] {dagbag.py:540} INFO - Filling up the DagBag from /usr/local/lib/python3.8/dist-packages/airflow/example_dags/example_branch_labels.py
[2024-03-11T16:49:12.795+0000] {processor.py:840} INFO - DAG(s) 'example_branch_labels' retrieved from /usr/local/lib/python3.8/dist-packages/airflow/example_dags/example_branch_labels.py
[2024-03-11T16:49:12.813+0000] {logging_mixin.py:188} INFO - [2024-03-11T16:49:12.813+0000] {dag.py:3047} INFO - Sync 1 DAGs
[2024-03-11T16:49:12.836+0000] {logging_mixin.py:188} INFO - [2024-03-11T16:49:12.836+0000] {dag.py:3834} INFO - Setting next_dagrun for example_branch_labels to 2024-03-10 00:00:00+00:00, run_after=2024-03-11 00:00:00+00:00
[2024-03-11T16:49:12.865+0000] {processor.py:183} INFO - Processing /usr/local/lib/python3.8/dist-packages/airflow/example_dags/example_branch_labels.py took 0.085 seconds
[2024-03-11T16:50:07.475+0000] {processor.py:161} INFO - Started process (PID=1037) to work on /usr/local/lib/python3.8/dist-packages/airflow/example_dags/example_branch_labels.py
[2024-03-11T16:50:07.477+0000] {processor.py:830} INFO - Processing file /usr/local/lib/python3.8/dist-packages/airflow/example_dags/example_branch_labels.py for tasks to queue
[2024-03-11T16:50:07.478+0000] {logging_mixin.py:188} INFO - [2024-03-11T16:50:07.478+0000] {dagbag.py:540} INFO - Filling up the DagBag from /usr/local/lib/python3.8/dist-packages/airflow/example_dags/example_branch_labels.py
[2024-03-11T16:50:07.487+0000] {processor.py:840} INFO - DAG(s) 'example_branch_labels' retrieved from /usr/local/lib/python3.8/dist-packages/airflow/example_dags/example_branch_labels.py
[2024-03-11T16:50:07.505+0000] {logging_mixin.py:188} INFO - [2024-03-11T16:50:07.505+0000] {dag.py:3047} INFO - Sync 1 DAGs
[2024-03-11T16:50:07.528+0000] {logging_mixin.py:188} INFO - [2024-03-11T16:50:07.528+0000] {dag.py:3834} INFO - Setting next_dagrun for example_branch_labels to 2024-03-10 00:00:00+00:00, run_after=2024-03-11 00:00:00+00:00
[2024-03-11T16:50:07.554+0000] {processor.py:183} INFO - Processing /usr/local/lib/python3.8/dist-packages/airflow/example_dags/example_branch_labels.py took 0.082 seconds
[2024-03-11T16:51:25.298+0000] {processor.py:161} INFO - Started process (PID=1140) to work on /usr/local/lib/python3.8/dist-packages/airflow/example_dags/example_branch_labels.py
[2024-03-11T16:51:25.300+0000] {processor.py:830} INFO - Processing file /usr/local/lib/python3.8/dist-packages/airflow/example_dags/example_branch_labels.py for tasks to queue
[2024-03-11T16:51:25.301+0000] {logging_mixin.py:188} INFO - [2024-03-11T16:51:25.300+0000] {dagbag.py:540} INFO - Filling up the DagBag from /usr/local/lib/python3.8/dist-packages/airflow/example_dags/example_branch_labels.py
[2024-03-11T16:51:25.310+0000] {processor.py:840} INFO - DAG(s) 'example_branch_labels' retrieved from /usr/local/lib/python3.8/dist-packages/airflow/example_dags/example_branch_labels.py
[2024-03-11T16:51:25.328+0000] {logging_mixin.py:188} INFO - [2024-03-11T16:51:25.328+0000] {dag.py:3047} INFO - Sync 1 DAGs
[2024-03-11T16:51:25.350+0000] {logging_mixin.py:188} INFO - [2024-03-11T16:51:25.350+0000] {dag.py:3834} INFO - Setting next_dagrun for example_branch_labels to 2024-03-10 00:00:00+00:00, run_after=2024-03-11 00:00:00+00:00
[2024-03-11T16:51:25.379+0000] {processor.py:183} INFO - Processing /usr/local/lib/python3.8/dist-packages/airflow/example_dags/example_branch_labels.py took 0.084 seconds
[2024-03-11T16:52:21.002+0000] {processor.py:161} INFO - Started process (PID=1210) to work on /usr/local/lib/python3.8/dist-packages/airflow/example_dags/example_branch_labels.py
[2024-03-11T16:52:21.005+0000] {processor.py:830} INFO - Processing file /usr/local/lib/python3.8/dist-packages/airflow/example_dags/example_branch_labels.py for tasks to queue
[2024-03-11T16:52:21.006+0000] {logging_mixin.py:188} INFO - [2024-03-11T16:52:21.005+0000] {dagbag.py:540} INFO - Filling up the DagBag from /usr/local/lib/python3.8/dist-packages/airflow/example_dags/example_branch_labels.py
[2024-03-11T16:52:21.014+0000] {processor.py:840} INFO - DAG(s) 'example_branch_labels' retrieved from /usr/local/lib/python3.8/dist-packages/airflow/example_dags/example_branch_labels.py
[2024-03-11T16:52:21.031+0000] {logging_mixin.py:188} INFO - [2024-03-11T16:52:21.030+0000] {dag.py:3047} INFO - Sync 1 DAGs
[2024-03-11T16:52:21.048+0000] {logging_mixin.py:188} INFO - [2024-03-11T16:52:21.048+0000] {dag.py:3834} INFO - Setting next_dagrun for example_branch_labels to 2024-03-10 00:00:00+00:00, run_after=2024-03-11 00:00:00+00:00
[2024-03-11T16:52:21.073+0000] {processor.py:183} INFO - Processing /usr/local/lib/python3.8/dist-packages/airflow/example_dags/example_branch_labels.py took 0.074 seconds
[2024-03-11T16:53:14.939+0000] {processor.py:161} INFO - Started process (PID=1275) to work on /usr/local/lib/python3.8/dist-packages/airflow/example_dags/example_branch_labels.py
[2024-03-11T16:53:14.941+0000] {processor.py:830} INFO - Processing file /usr/local/lib/python3.8/dist-packages/airflow/example_dags/example_branch_labels.py for tasks to queue
[2024-03-11T16:53:14.942+0000] {logging_mixin.py:188} INFO - [2024-03-11T16:53:14.942+0000] {dagbag.py:540} INFO - Filling up the DagBag from /usr/local/lib/python3.8/dist-packages/airflow/example_dags/example_branch_labels.py
[2024-03-11T16:53:14.951+0000] {processor.py:840} INFO - DAG(s) 'example_branch_labels' retrieved from /usr/local/lib/python3.8/dist-packages/airflow/example_dags/example_branch_labels.py
[2024-03-11T16:53:14.969+0000] {logging_mixin.py:188} INFO - [2024-03-11T16:53:14.968+0000] {dag.py:3047} INFO - Sync 1 DAGs
[2024-03-11T16:53:14.987+0000] {logging_mixin.py:188} INFO - [2024-03-11T16:53:14.987+0000] {dag.py:3834} INFO - Setting next_dagrun for example_branch_labels to 2024-03-10 00:00:00+00:00, run_after=2024-03-11 00:00:00+00:00
[2024-03-11T16:53:15.014+0000] {processor.py:183} INFO - Processing /usr/local/lib/python3.8/dist-packages/airflow/example_dags/example_branch_labels.py took 0.078 seconds
[2024-03-11T16:54:11.387+0000] {processor.py:161} INFO - Started process (PID=1353) to work on /usr/local/lib/python3.8/dist-packages/airflow/example_dags/example_branch_labels.py
[2024-03-11T16:54:11.389+0000] {processor.py:830} INFO - Processing file /usr/local/lib/python3.8/dist-packages/airflow/example_dags/example_branch_labels.py for tasks to queue
[2024-03-11T16:54:11.390+0000] {logging_mixin.py:188} INFO - [2024-03-11T16:54:11.390+0000] {dagbag.py:540} INFO - Filling up the DagBag from /usr/local/lib/python3.8/dist-packages/airflow/example_dags/example_branch_labels.py
[2024-03-11T16:54:11.398+0000] {processor.py:840} INFO - DAG(s) 'example_branch_labels' retrieved from /usr/local/lib/python3.8/dist-packages/airflow/example_dags/example_branch_labels.py
[2024-03-11T16:54:11.415+0000] {logging_mixin.py:188} INFO - [2024-03-11T16:54:11.414+0000] {dag.py:3047} INFO - Sync 1 DAGs
[2024-03-11T16:54:11.432+0000] {logging_mixin.py:188} INFO - [2024-03-11T16:54:11.432+0000] {dag.py:3834} INFO - Setting next_dagrun for example_branch_labels to 2024-03-10 00:00:00+00:00, run_after=2024-03-11 00:00:00+00:00
[2024-03-11T16:54:11.457+0000] {processor.py:183} INFO - Processing /usr/local/lib/python3.8/dist-packages/airflow/example_dags/example_branch_labels.py took 0.073 seconds
[2024-03-11T16:55:05.903+0000] {processor.py:161} INFO - Started process (PID=1423) to work on /usr/local/lib/python3.8/dist-packages/airflow/example_dags/example_branch_labels.py
[2024-03-11T16:55:05.905+0000] {processor.py:830} INFO - Processing file /usr/local/lib/python3.8/dist-packages/airflow/example_dags/example_branch_labels.py for tasks to queue
[2024-03-11T16:55:05.906+0000] {logging_mixin.py:188} INFO - [2024-03-11T16:55:05.905+0000] {dagbag.py:540} INFO - Filling up the DagBag from /usr/local/lib/python3.8/dist-packages/airflow/example_dags/example_branch_labels.py
[2024-03-11T16:55:05.914+0000] {processor.py:840} INFO - DAG(s) 'example_branch_labels' retrieved from /usr/local/lib/python3.8/dist-packages/airflow/example_dags/example_branch_labels.py
[2024-03-11T16:55:05.933+0000] {logging_mixin.py:188} INFO - [2024-03-11T16:55:05.933+0000] {dag.py:3047} INFO - Sync 1 DAGs
[2024-03-11T16:55:05.956+0000] {logging_mixin.py:188} INFO - [2024-03-11T16:55:05.956+0000] {dag.py:3834} INFO - Setting next_dagrun for example_branch_labels to 2024-03-10 00:00:00+00:00, run_after=2024-03-11 00:00:00+00:00
[2024-03-11T16:55:05.986+0000] {processor.py:183} INFO - Processing /usr/local/lib/python3.8/dist-packages/airflow/example_dags/example_branch_labels.py took 0.087 seconds
[2024-03-11T16:56:23.842+0000] {processor.py:161} INFO - Started process (PID=1544) to work on /usr/local/lib/python3.8/dist-packages/airflow/example_dags/example_branch_labels.py
[2024-03-11T16:56:23.844+0000] {processor.py:830} INFO - Processing file /usr/local/lib/python3.8/dist-packages/airflow/example_dags/example_branch_labels.py for tasks to queue
[2024-03-11T16:56:23.845+0000] {logging_mixin.py:188} INFO - [2024-03-11T16:56:23.845+0000] {dagbag.py:540} INFO - Filling up the DagBag from /usr/local/lib/python3.8/dist-packages/airflow/example_dags/example_branch_labels.py
[2024-03-11T16:56:23.855+0000] {processor.py:840} INFO - DAG(s) 'example_branch_labels' retrieved from /usr/local/lib/python3.8/dist-packages/airflow/example_dags/example_branch_labels.py
[2024-03-11T16:56:23.872+0000] {logging_mixin.py:188} INFO - [2024-03-11T16:56:23.872+0000] {dag.py:3047} INFO - Sync 1 DAGs
[2024-03-11T16:56:23.894+0000] {logging_mixin.py:188} INFO - [2024-03-11T16:56:23.894+0000] {dag.py:3834} INFO - Setting next_dagrun for example_branch_labels to 2024-03-10 00:00:00+00:00, run_after=2024-03-11 00:00:00+00:00
[2024-03-11T16:56:23.926+0000] {processor.py:183} INFO - Processing /usr/local/lib/python3.8/dist-packages/airflow/example_dags/example_branch_labels.py took 0.087 seconds
[2024-03-11T16:57:17.219+0000] {processor.py:161} INFO - Started process (PID=1609) to work on /usr/local/lib/python3.8/dist-packages/airflow/example_dags/example_branch_labels.py
[2024-03-11T16:57:17.221+0000] {processor.py:830} INFO - Processing file /usr/local/lib/python3.8/dist-packages/airflow/example_dags/example_branch_labels.py for tasks to queue
[2024-03-11T16:57:17.222+0000] {logging_mixin.py:188} INFO - [2024-03-11T16:57:17.222+0000] {dagbag.py:540} INFO - Filling up the DagBag from /usr/local/lib/python3.8/dist-packages/airflow/example_dags/example_branch_labels.py
[2024-03-11T16:57:17.230+0000] {processor.py:840} INFO - DAG(s) 'example_branch_labels' retrieved from /usr/local/lib/python3.8/dist-packages/airflow/example_dags/example_branch_labels.py
[2024-03-11T16:57:17.246+0000] {logging_mixin.py:188} INFO - [2024-03-11T16:57:17.246+0000] {dag.py:3047} INFO - Sync 1 DAGs
[2024-03-11T16:57:17.264+0000] {logging_mixin.py:188} INFO - [2024-03-11T16:57:17.264+0000] {dag.py:3834} INFO - Setting next_dagrun for example_branch_labels to 2024-03-10 00:00:00+00:00, run_after=2024-03-11 00:00:00+00:00
[2024-03-11T16:57:17.289+0000] {processor.py:183} INFO - Processing /usr/local/lib/python3.8/dist-packages/airflow/example_dags/example_branch_labels.py took 0.072 seconds
[2024-03-11T16:58:12.279+0000] {processor.py:161} INFO - Started process (PID=1781) to work on /usr/local/lib/python3.8/dist-packages/airflow/example_dags/example_branch_labels.py
[2024-03-11T16:58:12.282+0000] {processor.py:830} INFO - Processing file /usr/local/lib/python3.8/dist-packages/airflow/example_dags/example_branch_labels.py for tasks to queue
[2024-03-11T16:58:12.283+0000] {logging_mixin.py:188} INFO - [2024-03-11T16:58:12.282+0000] {dagbag.py:540} INFO - Filling up the DagBag from /usr/local/lib/python3.8/dist-packages/airflow/example_dags/example_branch_labels.py
[2024-03-11T16:58:12.291+0000] {processor.py:840} INFO - DAG(s) 'example_branch_labels' retrieved from /usr/local/lib/python3.8/dist-packages/airflow/example_dags/example_branch_labels.py
[2024-03-11T16:58:12.309+0000] {logging_mixin.py:188} INFO - [2024-03-11T16:58:12.309+0000] {dag.py:3047} INFO - Sync 1 DAGs
[2024-03-11T16:58:12.333+0000] {logging_mixin.py:188} INFO - [2024-03-11T16:58:12.332+0000] {dag.py:3834} INFO - Setting next_dagrun for example_branch_labels to 2024-03-10 00:00:00+00:00, run_after=2024-03-11 00:00:00+00:00
[2024-03-11T16:58:12.362+0000] {processor.py:183} INFO - Processing /usr/local/lib/python3.8/dist-packages/airflow/example_dags/example_branch_labels.py took 0.086 seconds
[2024-03-11T17:09:01.645+0000] {processor.py:161} INFO - Started process (PID=2330) to work on /usr/local/lib/python3.8/dist-packages/airflow/example_dags/example_branch_labels.py
[2024-03-11T17:09:01.647+0000] {processor.py:830} INFO - Processing file /usr/local/lib/python3.8/dist-packages/airflow/example_dags/example_branch_labels.py for tasks to queue
[2024-03-11T17:09:01.648+0000] {logging_mixin.py:188} INFO - [2024-03-11T17:09:01.648+0000] {dagbag.py:540} INFO - Filling up the DagBag from /usr/local/lib/python3.8/dist-packages/airflow/example_dags/example_branch_labels.py
[2024-03-11T17:09:01.657+0000] {processor.py:840} INFO - DAG(s) 'example_branch_labels' retrieved from /usr/local/lib/python3.8/dist-packages/airflow/example_dags/example_branch_labels.py
[2024-03-11T17:09:01.675+0000] {logging_mixin.py:188} INFO - [2024-03-11T17:09:01.674+0000] {dag.py:3047} INFO - Sync 1 DAGs
[2024-03-11T17:09:01.696+0000] {logging_mixin.py:188} INFO - [2024-03-11T17:09:01.696+0000] {dag.py:3834} INFO - Setting next_dagrun for example_branch_labels to 2024-03-10 00:00:00+00:00, run_after=2024-03-11 00:00:00+00:00
[2024-03-11T17:09:01.725+0000] {processor.py:183} INFO - Processing /usr/local/lib/python3.8/dist-packages/airflow/example_dags/example_branch_labels.py took 0.083 seconds
[2024-03-11T17:09:58.118+0000] {processor.py:161} INFO - Started process (PID=2408) to work on /usr/local/lib/python3.8/dist-packages/airflow/example_dags/example_branch_labels.py
[2024-03-11T17:09:58.121+0000] {processor.py:830} INFO - Processing file /usr/local/lib/python3.8/dist-packages/airflow/example_dags/example_branch_labels.py for tasks to queue
[2024-03-11T17:09:58.122+0000] {logging_mixin.py:188} INFO - [2024-03-11T17:09:58.121+0000] {dagbag.py:540} INFO - Filling up the DagBag from /usr/local/lib/python3.8/dist-packages/airflow/example_dags/example_branch_labels.py
[2024-03-11T17:09:58.130+0000] {processor.py:840} INFO - DAG(s) 'example_branch_labels' retrieved from /usr/local/lib/python3.8/dist-packages/airflow/example_dags/example_branch_labels.py
[2024-03-11T17:09:58.149+0000] {logging_mixin.py:188} INFO - [2024-03-11T17:09:58.148+0000] {dag.py:3047} INFO - Sync 1 DAGs
[2024-03-11T17:09:58.171+0000] {logging_mixin.py:188} INFO - [2024-03-11T17:09:58.171+0000] {dag.py:3834} INFO - Setting next_dagrun for example_branch_labels to 2024-03-10 00:00:00+00:00, run_after=2024-03-11 00:00:00+00:00
[2024-03-11T17:09:58.201+0000] {processor.py:183} INFO - Processing /usr/local/lib/python3.8/dist-packages/airflow/example_dags/example_branch_labels.py took 0.085 seconds
[2024-03-11T17:10:55.979+0000] {processor.py:161} INFO - Started process (PID=2486) to work on /usr/local/lib/python3.8/dist-packages/airflow/example_dags/example_branch_labels.py
[2024-03-11T17:10:55.981+0000] {processor.py:830} INFO - Processing file /usr/local/lib/python3.8/dist-packages/airflow/example_dags/example_branch_labels.py for tasks to queue
[2024-03-11T17:10:55.982+0000] {logging_mixin.py:188} INFO - [2024-03-11T17:10:55.982+0000] {dagbag.py:540} INFO - Filling up the DagBag from /usr/local/lib/python3.8/dist-packages/airflow/example_dags/example_branch_labels.py
[2024-03-11T17:10:55.991+0000] {processor.py:840} INFO - DAG(s) 'example_branch_labels' retrieved from /usr/local/lib/python3.8/dist-packages/airflow/example_dags/example_branch_labels.py
[2024-03-11T17:10:56.009+0000] {logging_mixin.py:188} INFO - [2024-03-11T17:10:56.009+0000] {dag.py:3047} INFO - Sync 1 DAGs
[2024-03-11T17:10:56.032+0000] {logging_mixin.py:188} INFO - [2024-03-11T17:10:56.032+0000] {dag.py:3834} INFO - Setting next_dagrun for example_branch_labels to 2024-03-10 00:00:00+00:00, run_after=2024-03-11 00:00:00+00:00
[2024-03-11T17:10:56.064+0000] {processor.py:183} INFO - Processing /usr/local/lib/python3.8/dist-packages/airflow/example_dags/example_branch_labels.py took 0.088 seconds
[2024-03-11T17:12:19.875+0000] {processor.py:161} INFO - Started process (PID=2594) to work on /usr/local/lib/python3.8/dist-packages/airflow/example_dags/example_branch_labels.py
[2024-03-11T17:12:19.877+0000] {processor.py:830} INFO - Processing file /usr/local/lib/python3.8/dist-packages/airflow/example_dags/example_branch_labels.py for tasks to queue
[2024-03-11T17:12:19.878+0000] {logging_mixin.py:188} INFO - [2024-03-11T17:12:19.878+0000] {dagbag.py:540} INFO - Filling up the DagBag from /usr/local/lib/python3.8/dist-packages/airflow/example_dags/example_branch_labels.py
[2024-03-11T17:12:19.886+0000] {processor.py:840} INFO - DAG(s) 'example_branch_labels' retrieved from /usr/local/lib/python3.8/dist-packages/airflow/example_dags/example_branch_labels.py
[2024-03-11T17:12:19.902+0000] {logging_mixin.py:188} INFO - [2024-03-11T17:12:19.902+0000] {dag.py:3047} INFO - Sync 1 DAGs
[2024-03-11T17:12:19.919+0000] {logging_mixin.py:188} INFO - [2024-03-11T17:12:19.919+0000] {dag.py:3834} INFO - Setting next_dagrun for example_branch_labels to 2024-03-10 00:00:00+00:00, run_after=2024-03-11 00:00:00+00:00
[2024-03-11T17:12:19.943+0000] {processor.py:183} INFO - Processing /usr/local/lib/python3.8/dist-packages/airflow/example_dags/example_branch_labels.py took 0.072 seconds
[2024-03-11T17:13:16.015+0000] {processor.py:161} INFO - Started process (PID=2715) to work on /usr/local/lib/python3.8/dist-packages/airflow/example_dags/example_branch_labels.py
[2024-03-11T17:13:16.017+0000] {processor.py:830} INFO - Processing file /usr/local/lib/python3.8/dist-packages/airflow/example_dags/example_branch_labels.py for tasks to queue
[2024-03-11T17:13:16.017+0000] {logging_mixin.py:188} INFO - [2024-03-11T17:13:16.017+0000] {dagbag.py:540} INFO - Filling up the DagBag from /usr/local/lib/python3.8/dist-packages/airflow/example_dags/example_branch_labels.py
[2024-03-11T17:13:16.025+0000] {processor.py:840} INFO - DAG(s) 'example_branch_labels' retrieved from /usr/local/lib/python3.8/dist-packages/airflow/example_dags/example_branch_labels.py
[2024-03-11T17:13:16.042+0000] {logging_mixin.py:188} INFO - [2024-03-11T17:13:16.041+0000] {dag.py:3047} INFO - Sync 1 DAGs
[2024-03-11T17:13:16.059+0000] {logging_mixin.py:188} INFO - [2024-03-11T17:13:16.059+0000] {dag.py:3834} INFO - Setting next_dagrun for example_branch_labels to 2024-03-10 00:00:00+00:00, run_after=2024-03-11 00:00:00+00:00
[2024-03-11T17:13:16.083+0000] {processor.py:183} INFO - Processing /usr/local/lib/python3.8/dist-packages/airflow/example_dags/example_branch_labels.py took 0.071 seconds
[2024-03-11T17:14:13.119+0000] {processor.py:161} INFO - Started process (PID=2793) to work on /usr/local/lib/python3.8/dist-packages/airflow/example_dags/example_branch_labels.py
[2024-03-11T17:14:13.121+0000] {processor.py:830} INFO - Processing file /usr/local/lib/python3.8/dist-packages/airflow/example_dags/example_branch_labels.py for tasks to queue
[2024-03-11T17:14:13.122+0000] {logging_mixin.py:188} INFO - [2024-03-11T17:14:13.122+0000] {dagbag.py:540} INFO - Filling up the DagBag from /usr/local/lib/python3.8/dist-packages/airflow/example_dags/example_branch_labels.py
[2024-03-11T17:14:13.131+0000] {processor.py:840} INFO - DAG(s) 'example_branch_labels' retrieved from /usr/local/lib/python3.8/dist-packages/airflow/example_dags/example_branch_labels.py
[2024-03-11T17:14:13.149+0000] {logging_mixin.py:188} INFO - [2024-03-11T17:14:13.149+0000] {dag.py:3047} INFO - Sync 1 DAGs
[2024-03-11T17:14:13.172+0000] {logging_mixin.py:188} INFO - [2024-03-11T17:14:13.172+0000] {dag.py:3834} INFO - Setting next_dagrun for example_branch_labels to 2024-03-10 00:00:00+00:00, run_after=2024-03-11 00:00:00+00:00
[2024-03-11T17:14:13.210+0000] {processor.py:183} INFO - Processing /usr/local/lib/python3.8/dist-packages/airflow/example_dags/example_branch_labels.py took 0.094 seconds
[2024-03-11T17:15:30.111+0000] {processor.py:161} INFO - Started process (PID=2945) to work on /usr/local/lib/python3.8/dist-packages/airflow/example_dags/example_branch_labels.py
[2024-03-11T17:15:30.114+0000] {processor.py:830} INFO - Processing file /usr/local/lib/python3.8/dist-packages/airflow/example_dags/example_branch_labels.py for tasks to queue
[2024-03-11T17:15:30.115+0000] {logging_mixin.py:188} INFO - [2024-03-11T17:15:30.114+0000] {dagbag.py:540} INFO - Filling up the DagBag from /usr/local/lib/python3.8/dist-packages/airflow/example_dags/example_branch_labels.py
[2024-03-11T17:15:30.123+0000] {processor.py:840} INFO - DAG(s) 'example_branch_labels' retrieved from /usr/local/lib/python3.8/dist-packages/airflow/example_dags/example_branch_labels.py
[2024-03-11T17:15:30.141+0000] {logging_mixin.py:188} INFO - [2024-03-11T17:15:30.141+0000] {dag.py:3047} INFO - Sync 1 DAGs
[2024-03-11T17:15:30.164+0000] {logging_mixin.py:188} INFO - [2024-03-11T17:15:30.164+0000] {dag.py:3834} INFO - Setting next_dagrun for example_branch_labels to 2024-03-10 00:00:00+00:00, run_after=2024-03-11 00:00:00+00:00
[2024-03-11T17:15:30.197+0000] {processor.py:183} INFO - Processing /usr/local/lib/python3.8/dist-packages/airflow/example_dags/example_branch_labels.py took 0.089 seconds
[2024-03-11T17:16:46.726+0000] {processor.py:161} INFO - Started process (PID=3044) to work on /usr/local/lib/python3.8/dist-packages/airflow/example_dags/example_branch_labels.py
[2024-03-11T17:16:46.728+0000] {processor.py:830} INFO - Processing file /usr/local/lib/python3.8/dist-packages/airflow/example_dags/example_branch_labels.py for tasks to queue
[2024-03-11T17:16:46.729+0000] {logging_mixin.py:188} INFO - [2024-03-11T17:16:46.729+0000] {dagbag.py:540} INFO - Filling up the DagBag from /usr/local/lib/python3.8/dist-packages/airflow/example_dags/example_branch_labels.py
[2024-03-11T17:16:46.738+0000] {processor.py:840} INFO - DAG(s) 'example_branch_labels' retrieved from /usr/local/lib/python3.8/dist-packages/airflow/example_dags/example_branch_labels.py
[2024-03-11T17:16:46.756+0000] {logging_mixin.py:188} INFO - [2024-03-11T17:16:46.756+0000] {dag.py:3047} INFO - Sync 1 DAGs
[2024-03-11T17:16:46.775+0000] {logging_mixin.py:188} INFO - [2024-03-11T17:16:46.775+0000] {dag.py:3834} INFO - Setting next_dagrun for example_branch_labels to 2024-03-10 00:00:00+00:00, run_after=2024-03-11 00:00:00+00:00
[2024-03-11T17:16:46.800+0000] {processor.py:183} INFO - Processing /usr/local/lib/python3.8/dist-packages/airflow/example_dags/example_branch_labels.py took 0.077 seconds
[2024-03-11T17:17:43.054+0000] {processor.py:161} INFO - Started process (PID=3122) to work on /usr/local/lib/python3.8/dist-packages/airflow/example_dags/example_branch_labels.py
[2024-03-11T17:17:43.056+0000] {processor.py:830} INFO - Processing file /usr/local/lib/python3.8/dist-packages/airflow/example_dags/example_branch_labels.py for tasks to queue
[2024-03-11T17:17:43.057+0000] {logging_mixin.py:188} INFO - [2024-03-11T17:17:43.057+0000] {dagbag.py:540} INFO - Filling up the DagBag from /usr/local/lib/python3.8/dist-packages/airflow/example_dags/example_branch_labels.py
[2024-03-11T17:17:43.066+0000] {processor.py:840} INFO - DAG(s) 'example_branch_labels' retrieved from /usr/local/lib/python3.8/dist-packages/airflow/example_dags/example_branch_labels.py
[2024-03-11T17:17:43.085+0000] {logging_mixin.py:188} INFO - [2024-03-11T17:17:43.084+0000] {dag.py:3047} INFO - Sync 1 DAGs
[2024-03-11T17:17:43.109+0000] {logging_mixin.py:188} INFO - [2024-03-11T17:17:43.108+0000] {dag.py:3834} INFO - Setting next_dagrun for example_branch_labels to 2024-03-10 00:00:00+00:00, run_after=2024-03-11 00:00:00+00:00
[2024-03-11T17:17:43.138+0000] {processor.py:183} INFO - Processing /usr/local/lib/python3.8/dist-packages/airflow/example_dags/example_branch_labels.py took 0.087 seconds
[2024-03-11T17:18:39.431+0000] {processor.py:161} INFO - Started process (PID=3187) to work on /usr/local/lib/python3.8/dist-packages/airflow/example_dags/example_branch_labels.py
[2024-03-11T17:18:39.433+0000] {processor.py:830} INFO - Processing file /usr/local/lib/python3.8/dist-packages/airflow/example_dags/example_branch_labels.py for tasks to queue
[2024-03-11T17:18:39.434+0000] {logging_mixin.py:188} INFO - [2024-03-11T17:18:39.434+0000] {dagbag.py:540} INFO - Filling up the DagBag from /usr/local/lib/python3.8/dist-packages/airflow/example_dags/example_branch_labels.py
[2024-03-11T17:18:39.443+0000] {processor.py:840} INFO - DAG(s) 'example_branch_labels' retrieved from /usr/local/lib/python3.8/dist-packages/airflow/example_dags/example_branch_labels.py
[2024-03-11T17:18:39.461+0000] {logging_mixin.py:188} INFO - [2024-03-11T17:18:39.460+0000] {dag.py:3047} INFO - Sync 1 DAGs
[2024-03-11T17:18:39.484+0000] {logging_mixin.py:188} INFO - [2024-03-11T17:18:39.483+0000] {dag.py:3834} INFO - Setting next_dagrun for example_branch_labels to 2024-03-10 00:00:00+00:00, run_after=2024-03-11 00:00:00+00:00
[2024-03-11T17:18:39.509+0000] {processor.py:183} INFO - Processing /usr/local/lib/python3.8/dist-packages/airflow/example_dags/example_branch_labels.py took 0.081 seconds
[2024-03-11T17:19:35.151+0000] {processor.py:161} INFO - Started process (PID=3258) to work on /usr/local/lib/python3.8/dist-packages/airflow/example_dags/example_branch_labels.py
[2024-03-11T17:19:35.153+0000] {processor.py:830} INFO - Processing file /usr/local/lib/python3.8/dist-packages/airflow/example_dags/example_branch_labels.py for tasks to queue
[2024-03-11T17:19:35.154+0000] {logging_mixin.py:188} INFO - [2024-03-11T17:19:35.154+0000] {dagbag.py:540} INFO - Filling up the DagBag from /usr/local/lib/python3.8/dist-packages/airflow/example_dags/example_branch_labels.py
[2024-03-11T17:19:35.163+0000] {processor.py:840} INFO - DAG(s) 'example_branch_labels' retrieved from /usr/local/lib/python3.8/dist-packages/airflow/example_dags/example_branch_labels.py
[2024-03-11T17:19:35.182+0000] {logging_mixin.py:188} INFO - [2024-03-11T17:19:35.182+0000] {dag.py:3047} INFO - Sync 1 DAGs
[2024-03-11T17:19:35.205+0000] {logging_mixin.py:188} INFO - [2024-03-11T17:19:35.205+0000] {dag.py:3834} INFO - Setting next_dagrun for example_branch_labels to 2024-03-10 00:00:00+00:00, run_after=2024-03-11 00:00:00+00:00
[2024-03-11T17:19:35.230+0000] {processor.py:183} INFO - Processing /usr/local/lib/python3.8/dist-packages/airflow/example_dags/example_branch_labels.py took 0.082 seconds
[2024-03-11T17:20:54.586+0000] {processor.py:161} INFO - Started process (PID=3365) to work on /usr/local/lib/python3.8/dist-packages/airflow/example_dags/example_branch_labels.py
[2024-03-11T17:20:54.588+0000] {processor.py:830} INFO - Processing file /usr/local/lib/python3.8/dist-packages/airflow/example_dags/example_branch_labels.py for tasks to queue
[2024-03-11T17:20:54.589+0000] {logging_mixin.py:188} INFO - [2024-03-11T17:20:54.589+0000] {dagbag.py:540} INFO - Filling up the DagBag from /usr/local/lib/python3.8/dist-packages/airflow/example_dags/example_branch_labels.py
[2024-03-11T17:20:54.598+0000] {processor.py:840} INFO - DAG(s) 'example_branch_labels' retrieved from /usr/local/lib/python3.8/dist-packages/airflow/example_dags/example_branch_labels.py
[2024-03-11T17:20:54.616+0000] {logging_mixin.py:188} INFO - [2024-03-11T17:20:54.615+0000] {dag.py:3047} INFO - Sync 1 DAGs
[2024-03-11T17:20:54.638+0000] {logging_mixin.py:188} INFO - [2024-03-11T17:20:54.638+0000] {dag.py:3834} INFO - Setting next_dagrun for example_branch_labels to 2024-03-10 00:00:00+00:00, run_after=2024-03-11 00:00:00+00:00
[2024-03-11T17:20:54.668+0000] {processor.py:183} INFO - Processing /usr/local/lib/python3.8/dist-packages/airflow/example_dags/example_branch_labels.py took 0.085 seconds
[2024-03-11T17:21:47.010+0000] {processor.py:161} INFO - Started process (PID=3441) to work on /usr/local/lib/python3.8/dist-packages/airflow/example_dags/example_branch_labels.py
[2024-03-11T17:21:47.012+0000] {processor.py:830} INFO - Processing file /usr/local/lib/python3.8/dist-packages/airflow/example_dags/example_branch_labels.py for tasks to queue
[2024-03-11T17:21:47.013+0000] {logging_mixin.py:188} INFO - [2024-03-11T17:21:47.013+0000] {dagbag.py:540} INFO - Filling up the DagBag from /usr/local/lib/python3.8/dist-packages/airflow/example_dags/example_branch_labels.py
[2024-03-11T17:21:47.021+0000] {processor.py:840} INFO - DAG(s) 'example_branch_labels' retrieved from /usr/local/lib/python3.8/dist-packages/airflow/example_dags/example_branch_labels.py
[2024-03-11T17:21:47.037+0000] {logging_mixin.py:188} INFO - [2024-03-11T17:21:47.037+0000] {dag.py:3047} INFO - Sync 1 DAGs
[2024-03-11T17:21:47.055+0000] {logging_mixin.py:188} INFO - [2024-03-11T17:21:47.054+0000] {dag.py:3834} INFO - Setting next_dagrun for example_branch_labels to 2024-03-10 00:00:00+00:00, run_after=2024-03-11 00:00:00+00:00
[2024-03-11T17:21:47.080+0000] {processor.py:183} INFO - Processing /usr/local/lib/python3.8/dist-packages/airflow/example_dags/example_branch_labels.py took 0.073 seconds
