[2024-03-11T15:40:48.483+0000] {processor.py:161} INFO - Started process (PID=546) to work on /usr/local/lib/python3.8/dist-packages/airflow/example_dags/example_latest_only.py
[2024-03-11T15:40:48.484+0000] {processor.py:830} INFO - Processing file /usr/local/lib/python3.8/dist-packages/airflow/example_dags/example_latest_only.py for tasks to queue
[2024-03-11T15:40:48.485+0000] {logging_mixin.py:188} INFO - [2024-03-11T15:40:48.484+0000] {dagbag.py:540} INFO - Filling up the DagBag from /usr/local/lib/python3.8/dist-packages/airflow/example_dags/example_latest_only.py
[2024-03-11T15:40:48.510+0000] {processor.py:840} INFO - DAG(s) 'latest_only' retrieved from /usr/local/lib/python3.8/dist-packages/airflow/example_dags/example_latest_only.py
[2024-03-11T15:40:48.694+0000] {logging_mixin.py:188} INFO - [2024-03-11T15:40:48.694+0000] {override.py:1769} INFO - Created Permission View: can delete on DAG:latest_only
[2024-03-11T15:40:48.710+0000] {logging_mixin.py:188} INFO - [2024-03-11T15:40:48.710+0000] {override.py:1769} INFO - Created Permission View: can read on DAG:latest_only
[2024-03-11T15:40:48.724+0000] {logging_mixin.py:188} INFO - [2024-03-11T15:40:48.724+0000] {override.py:1769} INFO - Created Permission View: can edit on DAG:latest_only
[2024-03-11T15:40:48.725+0000] {logging_mixin.py:188} INFO - [2024-03-11T15:40:48.725+0000] {dag.py:3047} INFO - Sync 1 DAGs
[2024-03-11T15:40:48.734+0000] {logging_mixin.py:188} INFO - [2024-03-11T15:40:48.733+0000] {dag.py:3069} INFO - Creating ORM DAG for latest_only
[2024-03-11T15:40:48.761+0000] {logging_mixin.py:188} INFO - [2024-03-11T15:40:48.761+0000] {dag.py:3834} INFO - Setting next_dagrun for latest_only to 2024-03-11 08:00:00+00:00, run_after=2024-03-11 12:00:00+00:00
[2024-03-11T15:40:48.786+0000] {processor.py:183} INFO - Processing /usr/local/lib/python3.8/dist-packages/airflow/example_dags/example_latest_only.py took 0.306 seconds
[2024-03-11T15:41:57.367+0000] {processor.py:161} INFO - Started process (PID=616) to work on /usr/local/lib/python3.8/dist-packages/airflow/example_dags/example_latest_only.py
[2024-03-11T15:41:57.369+0000] {processor.py:830} INFO - Processing file /usr/local/lib/python3.8/dist-packages/airflow/example_dags/example_latest_only.py for tasks to queue
[2024-03-11T15:41:57.370+0000] {logging_mixin.py:188} INFO - [2024-03-11T15:41:57.370+0000] {dagbag.py:540} INFO - Filling up the DagBag from /usr/local/lib/python3.8/dist-packages/airflow/example_dags/example_latest_only.py
[2024-03-11T15:41:57.376+0000] {processor.py:840} INFO - DAG(s) 'latest_only' retrieved from /usr/local/lib/python3.8/dist-packages/airflow/example_dags/example_latest_only.py
[2024-03-11T15:41:57.393+0000] {logging_mixin.py:188} INFO - [2024-03-11T15:41:57.392+0000] {dag.py:3047} INFO - Sync 1 DAGs
[2024-03-11T15:41:57.416+0000] {logging_mixin.py:188} INFO - [2024-03-11T15:41:57.415+0000] {dag.py:3834} INFO - Setting next_dagrun for latest_only to 2024-03-11 08:00:00+00:00, run_after=2024-03-11 12:00:00+00:00
[2024-03-11T15:41:57.445+0000] {processor.py:183} INFO - Processing /usr/local/lib/python3.8/dist-packages/airflow/example_dags/example_latest_only.py took 0.081 seconds
[2024-03-11T15:42:51.371+0000] {processor.py:161} INFO - Started process (PID=669) to work on /usr/local/lib/python3.8/dist-packages/airflow/example_dags/example_latest_only.py
[2024-03-11T15:42:51.372+0000] {processor.py:830} INFO - Processing file /usr/local/lib/python3.8/dist-packages/airflow/example_dags/example_latest_only.py for tasks to queue
[2024-03-11T15:42:51.373+0000] {logging_mixin.py:188} INFO - [2024-03-11T15:42:51.373+0000] {dagbag.py:540} INFO - Filling up the DagBag from /usr/local/lib/python3.8/dist-packages/airflow/example_dags/example_latest_only.py
[2024-03-11T15:42:51.379+0000] {processor.py:840} INFO - DAG(s) 'latest_only' retrieved from /usr/local/lib/python3.8/dist-packages/airflow/example_dags/example_latest_only.py
[2024-03-11T15:42:51.396+0000] {logging_mixin.py:188} INFO - [2024-03-11T15:42:51.396+0000] {dag.py:3047} INFO - Sync 1 DAGs
[2024-03-11T15:42:51.419+0000] {logging_mixin.py:188} INFO - [2024-03-11T15:42:51.418+0000] {dag.py:3834} INFO - Setting next_dagrun for latest_only to 2024-03-11 08:00:00+00:00, run_after=2024-03-11 12:00:00+00:00
[2024-03-11T15:42:51.451+0000] {processor.py:183} INFO - Processing /usr/local/lib/python3.8/dist-packages/airflow/example_dags/example_latest_only.py took 0.083 seconds
[2024-03-11T15:43:52.964+0000] {processor.py:161} INFO - Started process (PID=728) to work on /usr/local/lib/python3.8/dist-packages/airflow/example_dags/example_latest_only.py
[2024-03-11T15:43:52.966+0000] {processor.py:830} INFO - Processing file /usr/local/lib/python3.8/dist-packages/airflow/example_dags/example_latest_only.py for tasks to queue
[2024-03-11T15:43:52.967+0000] {logging_mixin.py:188} INFO - [2024-03-11T15:43:52.967+0000] {dagbag.py:540} INFO - Filling up the DagBag from /usr/local/lib/python3.8/dist-packages/airflow/example_dags/example_latest_only.py
[2024-03-11T15:43:52.973+0000] {processor.py:840} INFO - DAG(s) 'latest_only' retrieved from /usr/local/lib/python3.8/dist-packages/airflow/example_dags/example_latest_only.py
[2024-03-11T15:43:52.990+0000] {logging_mixin.py:188} INFO - [2024-03-11T15:43:52.990+0000] {dag.py:3047} INFO - Sync 1 DAGs
[2024-03-11T15:43:53.014+0000] {logging_mixin.py:188} INFO - [2024-03-11T15:43:53.014+0000] {dag.py:3834} INFO - Setting next_dagrun for latest_only to 2024-03-11 08:00:00+00:00, run_after=2024-03-11 12:00:00+00:00
[2024-03-11T15:43:53.044+0000] {processor.py:183} INFO - Processing /usr/local/lib/python3.8/dist-packages/airflow/example_dags/example_latest_only.py took 0.083 seconds
[2024-03-11T15:44:49.217+0000] {processor.py:161} INFO - Started process (PID=784) to work on /usr/local/lib/python3.8/dist-packages/airflow/example_dags/example_latest_only.py
[2024-03-11T15:44:49.219+0000] {processor.py:830} INFO - Processing file /usr/local/lib/python3.8/dist-packages/airflow/example_dags/example_latest_only.py for tasks to queue
[2024-03-11T15:44:49.220+0000] {logging_mixin.py:188} INFO - [2024-03-11T15:44:49.219+0000] {dagbag.py:540} INFO - Filling up the DagBag from /usr/local/lib/python3.8/dist-packages/airflow/example_dags/example_latest_only.py
[2024-03-11T15:44:49.226+0000] {processor.py:840} INFO - DAG(s) 'latest_only' retrieved from /usr/local/lib/python3.8/dist-packages/airflow/example_dags/example_latest_only.py
[2024-03-11T15:44:49.243+0000] {logging_mixin.py:188} INFO - [2024-03-11T15:44:49.243+0000] {dag.py:3047} INFO - Sync 1 DAGs
[2024-03-11T15:44:49.267+0000] {logging_mixin.py:188} INFO - [2024-03-11T15:44:49.267+0000] {dag.py:3834} INFO - Setting next_dagrun for latest_only to 2024-03-11 08:00:00+00:00, run_after=2024-03-11 12:00:00+00:00
[2024-03-11T15:44:49.296+0000] {processor.py:183} INFO - Processing /usr/local/lib/python3.8/dist-packages/airflow/example_dags/example_latest_only.py took 0.083 seconds
[2024-03-11T15:45:46.270+0000] {processor.py:161} INFO - Started process (PID=839) to work on /usr/local/lib/python3.8/dist-packages/airflow/example_dags/example_latest_only.py
[2024-03-11T15:45:46.272+0000] {processor.py:830} INFO - Processing file /usr/local/lib/python3.8/dist-packages/airflow/example_dags/example_latest_only.py for tasks to queue
[2024-03-11T15:45:46.273+0000] {logging_mixin.py:188} INFO - [2024-03-11T15:45:46.273+0000] {dagbag.py:540} INFO - Filling up the DagBag from /usr/local/lib/python3.8/dist-packages/airflow/example_dags/example_latest_only.py
[2024-03-11T15:45:46.279+0000] {processor.py:840} INFO - DAG(s) 'latest_only' retrieved from /usr/local/lib/python3.8/dist-packages/airflow/example_dags/example_latest_only.py
[2024-03-11T15:45:46.296+0000] {logging_mixin.py:188} INFO - [2024-03-11T15:45:46.296+0000] {dag.py:3047} INFO - Sync 1 DAGs
[2024-03-11T15:45:46.324+0000] {logging_mixin.py:188} INFO - [2024-03-11T15:45:46.324+0000] {dag.py:3834} INFO - Setting next_dagrun for latest_only to 2024-03-11 08:00:00+00:00, run_after=2024-03-11 12:00:00+00:00
[2024-03-11T15:45:46.356+0000] {processor.py:183} INFO - Processing /usr/local/lib/python3.8/dist-packages/airflow/example_dags/example_latest_only.py took 0.090 seconds
[2024-03-11T15:46:52.193+0000] {processor.py:161} INFO - Started process (PID=902) to work on /usr/local/lib/python3.8/dist-packages/airflow/example_dags/example_latest_only.py
[2024-03-11T15:46:52.195+0000] {processor.py:830} INFO - Processing file /usr/local/lib/python3.8/dist-packages/airflow/example_dags/example_latest_only.py for tasks to queue
[2024-03-11T15:46:52.196+0000] {logging_mixin.py:188} INFO - [2024-03-11T15:46:52.195+0000] {dagbag.py:540} INFO - Filling up the DagBag from /usr/local/lib/python3.8/dist-packages/airflow/example_dags/example_latest_only.py
[2024-03-11T15:46:52.201+0000] {processor.py:840} INFO - DAG(s) 'latest_only' retrieved from /usr/local/lib/python3.8/dist-packages/airflow/example_dags/example_latest_only.py
[2024-03-11T15:46:52.218+0000] {logging_mixin.py:188} INFO - [2024-03-11T15:46:52.218+0000] {dag.py:3047} INFO - Sync 1 DAGs
[2024-03-11T15:46:52.241+0000] {logging_mixin.py:188} INFO - [2024-03-11T15:46:52.241+0000] {dag.py:3834} INFO - Setting next_dagrun for latest_only to 2024-03-11 08:00:00+00:00, run_after=2024-03-11 12:00:00+00:00
[2024-03-11T15:46:52.270+0000] {processor.py:183} INFO - Processing /usr/local/lib/python3.8/dist-packages/airflow/example_dags/example_latest_only.py took 0.081 seconds
[2024-03-11T15:47:50.219+0000] {processor.py:161} INFO - Started process (PID=957) to work on /usr/local/lib/python3.8/dist-packages/airflow/example_dags/example_latest_only.py
[2024-03-11T15:47:50.221+0000] {processor.py:830} INFO - Processing file /usr/local/lib/python3.8/dist-packages/airflow/example_dags/example_latest_only.py for tasks to queue
[2024-03-11T15:47:50.222+0000] {logging_mixin.py:188} INFO - [2024-03-11T15:47:50.221+0000] {dagbag.py:540} INFO - Filling up the DagBag from /usr/local/lib/python3.8/dist-packages/airflow/example_dags/example_latest_only.py
[2024-03-11T15:47:50.227+0000] {processor.py:840} INFO - DAG(s) 'latest_only' retrieved from /usr/local/lib/python3.8/dist-packages/airflow/example_dags/example_latest_only.py
[2024-03-11T15:47:50.244+0000] {logging_mixin.py:188} INFO - [2024-03-11T15:47:50.244+0000] {dag.py:3047} INFO - Sync 1 DAGs
[2024-03-11T15:47:50.268+0000] {logging_mixin.py:188} INFO - [2024-03-11T15:47:50.268+0000] {dag.py:3834} INFO - Setting next_dagrun for latest_only to 2024-03-11 08:00:00+00:00, run_after=2024-03-11 12:00:00+00:00
[2024-03-11T15:47:50.298+0000] {processor.py:183} INFO - Processing /usr/local/lib/python3.8/dist-packages/airflow/example_dags/example_latest_only.py took 0.083 seconds
[2024-03-11T15:48:49.843+0000] {processor.py:161} INFO - Started process (PID=1016) to work on /usr/local/lib/python3.8/dist-packages/airflow/example_dags/example_latest_only.py
[2024-03-11T15:48:49.845+0000] {processor.py:830} INFO - Processing file /usr/local/lib/python3.8/dist-packages/airflow/example_dags/example_latest_only.py for tasks to queue
[2024-03-11T15:48:49.846+0000] {logging_mixin.py:188} INFO - [2024-03-11T15:48:49.846+0000] {dagbag.py:540} INFO - Filling up the DagBag from /usr/local/lib/python3.8/dist-packages/airflow/example_dags/example_latest_only.py
[2024-03-11T15:48:49.852+0000] {processor.py:840} INFO - DAG(s) 'latest_only' retrieved from /usr/local/lib/python3.8/dist-packages/airflow/example_dags/example_latest_only.py
[2024-03-11T15:48:49.869+0000] {logging_mixin.py:188} INFO - [2024-03-11T15:48:49.869+0000] {dag.py:3047} INFO - Sync 1 DAGs
[2024-03-11T15:48:49.892+0000] {logging_mixin.py:188} INFO - [2024-03-11T15:48:49.892+0000] {dag.py:3834} INFO - Setting next_dagrun for latest_only to 2024-03-11 08:00:00+00:00, run_after=2024-03-11 12:00:00+00:00
[2024-03-11T15:48:49.921+0000] {processor.py:183} INFO - Processing /usr/local/lib/python3.8/dist-packages/airflow/example_dags/example_latest_only.py took 0.081 seconds
[2024-03-11T15:50:02.254+0000] {processor.py:161} INFO - Started process (PID=1084) to work on /usr/local/lib/python3.8/dist-packages/airflow/example_dags/example_latest_only.py
[2024-03-11T15:50:02.256+0000] {processor.py:830} INFO - Processing file /usr/local/lib/python3.8/dist-packages/airflow/example_dags/example_latest_only.py for tasks to queue
[2024-03-11T15:50:02.257+0000] {logging_mixin.py:188} INFO - [2024-03-11T15:50:02.257+0000] {dagbag.py:540} INFO - Filling up the DagBag from /usr/local/lib/python3.8/dist-packages/airflow/example_dags/example_latest_only.py
[2024-03-11T15:50:02.263+0000] {processor.py:840} INFO - DAG(s) 'latest_only' retrieved from /usr/local/lib/python3.8/dist-packages/airflow/example_dags/example_latest_only.py
[2024-03-11T15:50:02.281+0000] {logging_mixin.py:188} INFO - [2024-03-11T15:50:02.280+0000] {dag.py:3047} INFO - Sync 1 DAGs
[2024-03-11T15:50:02.303+0000] {logging_mixin.py:188} INFO - [2024-03-11T15:50:02.303+0000] {dag.py:3834} INFO - Setting next_dagrun for latest_only to 2024-03-11 08:00:00+00:00, run_after=2024-03-11 12:00:00+00:00
[2024-03-11T15:50:02.333+0000] {processor.py:183} INFO - Processing /usr/local/lib/python3.8/dist-packages/airflow/example_dags/example_latest_only.py took 0.083 seconds
[2024-03-11T15:51:11.211+0000] {processor.py:161} INFO - Started process (PID=1151) to work on /usr/local/lib/python3.8/dist-packages/airflow/example_dags/example_latest_only.py
[2024-03-11T15:51:11.214+0000] {processor.py:830} INFO - Processing file /usr/local/lib/python3.8/dist-packages/airflow/example_dags/example_latest_only.py for tasks to queue
[2024-03-11T15:51:11.215+0000] {logging_mixin.py:188} INFO - [2024-03-11T15:51:11.214+0000] {dagbag.py:540} INFO - Filling up the DagBag from /usr/local/lib/python3.8/dist-packages/airflow/example_dags/example_latest_only.py
[2024-03-11T15:51:11.220+0000] {processor.py:840} INFO - DAG(s) 'latest_only' retrieved from /usr/local/lib/python3.8/dist-packages/airflow/example_dags/example_latest_only.py
[2024-03-11T15:51:11.237+0000] {logging_mixin.py:188} INFO - [2024-03-11T15:51:11.237+0000] {dag.py:3047} INFO - Sync 1 DAGs
[2024-03-11T15:51:11.259+0000] {logging_mixin.py:188} INFO - [2024-03-11T15:51:11.259+0000] {dag.py:3834} INFO - Setting next_dagrun for latest_only to 2024-03-11 08:00:00+00:00, run_after=2024-03-11 12:00:00+00:00
[2024-03-11T15:51:11.312+0000] {processor.py:183} INFO - Processing /usr/local/lib/python3.8/dist-packages/airflow/example_dags/example_latest_only.py took 0.104 seconds
[2024-03-11T15:52:15.790+0000] {processor.py:161} INFO - Started process (PID=1234) to work on /usr/local/lib/python3.8/dist-packages/airflow/example_dags/example_latest_only.py
[2024-03-11T15:52:15.792+0000] {processor.py:830} INFO - Processing file /usr/local/lib/python3.8/dist-packages/airflow/example_dags/example_latest_only.py for tasks to queue
[2024-03-11T15:52:15.793+0000] {logging_mixin.py:188} INFO - [2024-03-11T15:52:15.793+0000] {dagbag.py:540} INFO - Filling up the DagBag from /usr/local/lib/python3.8/dist-packages/airflow/example_dags/example_latest_only.py
[2024-03-11T15:52:15.799+0000] {processor.py:840} INFO - DAG(s) 'latest_only' retrieved from /usr/local/lib/python3.8/dist-packages/airflow/example_dags/example_latest_only.py
[2024-03-11T15:52:15.815+0000] {logging_mixin.py:188} INFO - [2024-03-11T15:52:15.815+0000] {dag.py:3047} INFO - Sync 1 DAGs
[2024-03-11T15:52:15.838+0000] {logging_mixin.py:188} INFO - [2024-03-11T15:52:15.838+0000] {dag.py:3834} INFO - Setting next_dagrun for latest_only to 2024-03-11 08:00:00+00:00, run_after=2024-03-11 12:00:00+00:00
[2024-03-11T15:52:15.867+0000] {processor.py:183} INFO - Processing /usr/local/lib/python3.8/dist-packages/airflow/example_dags/example_latest_only.py took 0.080 seconds
[2024-03-11T15:53:25.118+0000] {processor.py:161} INFO - Started process (PID=1302) to work on /usr/local/lib/python3.8/dist-packages/airflow/example_dags/example_latest_only.py
[2024-03-11T15:53:25.120+0000] {processor.py:830} INFO - Processing file /usr/local/lib/python3.8/dist-packages/airflow/example_dags/example_latest_only.py for tasks to queue
[2024-03-11T15:53:25.121+0000] {logging_mixin.py:188} INFO - [2024-03-11T15:53:25.121+0000] {dagbag.py:540} INFO - Filling up the DagBag from /usr/local/lib/python3.8/dist-packages/airflow/example_dags/example_latest_only.py
[2024-03-11T15:53:25.127+0000] {processor.py:840} INFO - DAG(s) 'latest_only' retrieved from /usr/local/lib/python3.8/dist-packages/airflow/example_dags/example_latest_only.py
[2024-03-11T15:53:25.145+0000] {logging_mixin.py:188} INFO - [2024-03-11T15:53:25.144+0000] {dag.py:3047} INFO - Sync 1 DAGs
[2024-03-11T15:53:25.166+0000] {logging_mixin.py:188} INFO - [2024-03-11T15:53:25.166+0000] {dag.py:3834} INFO - Setting next_dagrun for latest_only to 2024-03-11 08:00:00+00:00, run_after=2024-03-11 12:00:00+00:00
[2024-03-11T15:53:25.198+0000] {processor.py:183} INFO - Processing /usr/local/lib/python3.8/dist-packages/airflow/example_dags/example_latest_only.py took 0.082 seconds
[2024-03-11T15:54:40.399+0000] {processor.py:161} INFO - Started process (PID=1393) to work on /usr/local/lib/python3.8/dist-packages/airflow/example_dags/example_latest_only.py
[2024-03-11T15:54:40.401+0000] {processor.py:830} INFO - Processing file /usr/local/lib/python3.8/dist-packages/airflow/example_dags/example_latest_only.py for tasks to queue
[2024-03-11T15:54:40.402+0000] {logging_mixin.py:188} INFO - [2024-03-11T15:54:40.401+0000] {dagbag.py:540} INFO - Filling up the DagBag from /usr/local/lib/python3.8/dist-packages/airflow/example_dags/example_latest_only.py
[2024-03-11T15:54:40.408+0000] {processor.py:840} INFO - DAG(s) 'latest_only' retrieved from /usr/local/lib/python3.8/dist-packages/airflow/example_dags/example_latest_only.py
[2024-03-11T15:54:40.518+0000] {logging_mixin.py:188} INFO - [2024-03-11T15:54:40.518+0000] {dag.py:3047} INFO - Sync 1 DAGs
[2024-03-11T15:54:40.538+0000] {logging_mixin.py:188} INFO - [2024-03-11T15:54:40.537+0000] {dag.py:3834} INFO - Setting next_dagrun for latest_only to 2024-03-11 08:00:00+00:00, run_after=2024-03-11 12:00:00+00:00
[2024-03-11T15:54:40.569+0000] {processor.py:183} INFO - Processing /usr/local/lib/python3.8/dist-packages/airflow/example_dags/example_latest_only.py took 0.175 seconds
[2024-03-11T15:56:21.744+0000] {processor.py:161} INFO - Started process (PID=1492) to work on /usr/local/lib/python3.8/dist-packages/airflow/example_dags/example_latest_only.py
[2024-03-11T15:56:21.746+0000] {processor.py:830} INFO - Processing file /usr/local/lib/python3.8/dist-packages/airflow/example_dags/example_latest_only.py for tasks to queue
[2024-03-11T15:56:21.747+0000] {logging_mixin.py:188} INFO - [2024-03-11T15:56:21.747+0000] {dagbag.py:540} INFO - Filling up the DagBag from /usr/local/lib/python3.8/dist-packages/airflow/example_dags/example_latest_only.py
[2024-03-11T15:56:21.754+0000] {processor.py:840} INFO - DAG(s) 'latest_only' retrieved from /usr/local/lib/python3.8/dist-packages/airflow/example_dags/example_latest_only.py
[2024-03-11T15:56:21.771+0000] {logging_mixin.py:188} INFO - [2024-03-11T15:56:21.770+0000] {dag.py:3047} INFO - Sync 1 DAGs
[2024-03-11T15:56:21.793+0000] {logging_mixin.py:188} INFO - [2024-03-11T15:56:21.793+0000] {dag.py:3834} INFO - Setting next_dagrun for latest_only to 2024-03-11 08:00:00+00:00, run_after=2024-03-11 12:00:00+00:00
[2024-03-11T15:56:21.823+0000] {processor.py:183} INFO - Processing /usr/local/lib/python3.8/dist-packages/airflow/example_dags/example_latest_only.py took 0.082 seconds
[2024-03-11T15:57:17.691+0000] {processor.py:161} INFO - Started process (PID=1544) to work on /usr/local/lib/python3.8/dist-packages/airflow/example_dags/example_latest_only.py
[2024-03-11T15:57:17.693+0000] {processor.py:830} INFO - Processing file /usr/local/lib/python3.8/dist-packages/airflow/example_dags/example_latest_only.py for tasks to queue
[2024-03-11T15:57:17.694+0000] {logging_mixin.py:188} INFO - [2024-03-11T15:57:17.693+0000] {dagbag.py:540} INFO - Filling up the DagBag from /usr/local/lib/python3.8/dist-packages/airflow/example_dags/example_latest_only.py
[2024-03-11T15:57:17.700+0000] {processor.py:840} INFO - DAG(s) 'latest_only' retrieved from /usr/local/lib/python3.8/dist-packages/airflow/example_dags/example_latest_only.py
[2024-03-11T15:57:17.717+0000] {logging_mixin.py:188} INFO - [2024-03-11T15:57:17.717+0000] {dag.py:3047} INFO - Sync 1 DAGs
[2024-03-11T15:57:17.740+0000] {logging_mixin.py:188} INFO - [2024-03-11T15:57:17.739+0000] {dag.py:3834} INFO - Setting next_dagrun for latest_only to 2024-03-11 08:00:00+00:00, run_after=2024-03-11 12:00:00+00:00
[2024-03-11T15:57:17.768+0000] {processor.py:183} INFO - Processing /usr/local/lib/python3.8/dist-packages/airflow/example_dags/example_latest_only.py took 0.081 seconds
[2024-03-11T15:58:33.875+0000] {processor.py:161} INFO - Started process (PID=1809) to work on /usr/local/lib/python3.8/dist-packages/airflow/example_dags/example_latest_only.py
[2024-03-11T15:58:33.883+0000] {processor.py:830} INFO - Processing file /usr/local/lib/python3.8/dist-packages/airflow/example_dags/example_latest_only.py for tasks to queue
[2024-03-11T15:58:33.883+0000] {logging_mixin.py:188} INFO - [2024-03-11T15:58:33.883+0000] {dagbag.py:540} INFO - Filling up the DagBag from /usr/local/lib/python3.8/dist-packages/airflow/example_dags/example_latest_only.py
[2024-03-11T15:58:33.888+0000] {processor.py:840} INFO - DAG(s) 'latest_only' retrieved from /usr/local/lib/python3.8/dist-packages/airflow/example_dags/example_latest_only.py
[2024-03-11T15:58:33.927+0000] {logging_mixin.py:188} INFO - [2024-03-11T15:58:33.926+0000] {dag.py:3047} INFO - Sync 1 DAGs
[2024-03-11T15:58:33.952+0000] {logging_mixin.py:188} INFO - [2024-03-11T15:58:33.952+0000] {dag.py:3834} INFO - Setting next_dagrun for latest_only to 2024-03-11 08:00:00+00:00, run_after=2024-03-11 12:00:00+00:00
[2024-03-11T15:58:33.979+0000] {processor.py:183} INFO - Processing /usr/local/lib/python3.8/dist-packages/airflow/example_dags/example_latest_only.py took 0.107 seconds
[2024-03-11T16:09:17.300+0000] {processor.py:161} INFO - Started process (PID=467) to work on /usr/local/lib/python3.8/dist-packages/airflow/example_dags/example_latest_only.py
[2024-03-11T16:09:17.302+0000] {processor.py:830} INFO - Processing file /usr/local/lib/python3.8/dist-packages/airflow/example_dags/example_latest_only.py for tasks to queue
[2024-03-11T16:09:17.303+0000] {logging_mixin.py:188} INFO - [2024-03-11T16:09:17.303+0000] {dagbag.py:540} INFO - Filling up the DagBag from /usr/local/lib/python3.8/dist-packages/airflow/example_dags/example_latest_only.py
[2024-03-11T16:09:17.310+0000] {processor.py:840} INFO - DAG(s) 'latest_only' retrieved from /usr/local/lib/python3.8/dist-packages/airflow/example_dags/example_latest_only.py
[2024-03-11T16:09:17.325+0000] {logging_mixin.py:188} INFO - [2024-03-11T16:09:17.325+0000] {dag.py:3047} INFO - Sync 1 DAGs
[2024-03-11T16:09:17.349+0000] {logging_mixin.py:188} INFO - [2024-03-11T16:09:17.349+0000] {dag.py:3834} INFO - Setting next_dagrun for latest_only to 2024-03-11 12:00:00+00:00, run_after=2024-03-11 16:00:00+00:00
[2024-03-11T16:09:17.381+0000] {processor.py:183} INFO - Processing /usr/local/lib/python3.8/dist-packages/airflow/example_dags/example_latest_only.py took 0.084 seconds
[2024-03-11T16:10:27.817+0000] {processor.py:161} INFO - Started process (PID=538) to work on /usr/local/lib/python3.8/dist-packages/airflow/example_dags/example_latest_only.py
[2024-03-11T16:10:27.819+0000] {processor.py:830} INFO - Processing file /usr/local/lib/python3.8/dist-packages/airflow/example_dags/example_latest_only.py for tasks to queue
[2024-03-11T16:10:27.820+0000] {logging_mixin.py:188} INFO - [2024-03-11T16:10:27.820+0000] {dagbag.py:540} INFO - Filling up the DagBag from /usr/local/lib/python3.8/dist-packages/airflow/example_dags/example_latest_only.py
[2024-03-11T16:10:27.826+0000] {processor.py:840} INFO - DAG(s) 'latest_only' retrieved from /usr/local/lib/python3.8/dist-packages/airflow/example_dags/example_latest_only.py
[2024-03-11T16:10:27.842+0000] {logging_mixin.py:188} INFO - [2024-03-11T16:10:27.842+0000] {dag.py:3047} INFO - Sync 1 DAGs
[2024-03-11T16:10:27.865+0000] {logging_mixin.py:188} INFO - [2024-03-11T16:10:27.865+0000] {dag.py:3834} INFO - Setting next_dagrun for latest_only to 2024-03-11 12:00:00+00:00, run_after=2024-03-11 16:00:00+00:00
[2024-03-11T16:10:27.894+0000] {processor.py:183} INFO - Processing /usr/local/lib/python3.8/dist-packages/airflow/example_dags/example_latest_only.py took 0.080 seconds
[2024-03-11T16:11:52.939+0000] {processor.py:161} INFO - Started process (PID=627) to work on /usr/local/lib/python3.8/dist-packages/airflow/example_dags/example_latest_only.py
[2024-03-11T16:11:52.940+0000] {processor.py:830} INFO - Processing file /usr/local/lib/python3.8/dist-packages/airflow/example_dags/example_latest_only.py for tasks to queue
[2024-03-11T16:11:52.941+0000] {logging_mixin.py:188} INFO - [2024-03-11T16:11:52.941+0000] {dagbag.py:540} INFO - Filling up the DagBag from /usr/local/lib/python3.8/dist-packages/airflow/example_dags/example_latest_only.py
[2024-03-11T16:11:52.947+0000] {processor.py:840} INFO - DAG(s) 'latest_only' retrieved from /usr/local/lib/python3.8/dist-packages/airflow/example_dags/example_latest_only.py
[2024-03-11T16:11:52.964+0000] {logging_mixin.py:188} INFO - [2024-03-11T16:11:52.963+0000] {dag.py:3047} INFO - Sync 1 DAGs
[2024-03-11T16:11:52.987+0000] {logging_mixin.py:188} INFO - [2024-03-11T16:11:52.987+0000] {dag.py:3834} INFO - Setting next_dagrun for latest_only to 2024-03-11 12:00:00+00:00, run_after=2024-03-11 16:00:00+00:00
[2024-03-11T16:11:53.016+0000] {processor.py:183} INFO - Processing /usr/local/lib/python3.8/dist-packages/airflow/example_dags/example_latest_only.py took 0.081 seconds
[2024-03-11T16:12:46.440+0000] {processor.py:161} INFO - Started process (PID=680) to work on /usr/local/lib/python3.8/dist-packages/airflow/example_dags/example_latest_only.py
[2024-03-11T16:12:46.442+0000] {processor.py:830} INFO - Processing file /usr/local/lib/python3.8/dist-packages/airflow/example_dags/example_latest_only.py for tasks to queue
[2024-03-11T16:12:46.443+0000] {logging_mixin.py:188} INFO - [2024-03-11T16:12:46.443+0000] {dagbag.py:540} INFO - Filling up the DagBag from /usr/local/lib/python3.8/dist-packages/airflow/example_dags/example_latest_only.py
[2024-03-11T16:12:46.449+0000] {processor.py:840} INFO - DAG(s) 'latest_only' retrieved from /usr/local/lib/python3.8/dist-packages/airflow/example_dags/example_latest_only.py
[2024-03-11T16:12:46.465+0000] {logging_mixin.py:188} INFO - [2024-03-11T16:12:46.465+0000] {dag.py:3047} INFO - Sync 1 DAGs
[2024-03-11T16:12:46.488+0000] {logging_mixin.py:188} INFO - [2024-03-11T16:12:46.487+0000] {dag.py:3834} INFO - Setting next_dagrun for latest_only to 2024-03-11 12:00:00+00:00, run_after=2024-03-11 16:00:00+00:00
[2024-03-11T16:12:46.517+0000] {processor.py:183} INFO - Processing /usr/local/lib/python3.8/dist-packages/airflow/example_dags/example_latest_only.py took 0.081 seconds
[2024-03-11T16:13:59.455+0000] {processor.py:161} INFO - Started process (PID=767) to work on /usr/local/lib/python3.8/dist-packages/airflow/example_dags/example_latest_only.py
[2024-03-11T16:13:59.457+0000] {processor.py:830} INFO - Processing file /usr/local/lib/python3.8/dist-packages/airflow/example_dags/example_latest_only.py for tasks to queue
[2024-03-11T16:13:59.458+0000] {logging_mixin.py:188} INFO - [2024-03-11T16:13:59.458+0000] {dagbag.py:540} INFO - Filling up the DagBag from /usr/local/lib/python3.8/dist-packages/airflow/example_dags/example_latest_only.py
[2024-03-11T16:13:59.464+0000] {processor.py:840} INFO - DAG(s) 'latest_only' retrieved from /usr/local/lib/python3.8/dist-packages/airflow/example_dags/example_latest_only.py
[2024-03-11T16:13:59.480+0000] {logging_mixin.py:188} INFO - [2024-03-11T16:13:59.480+0000] {dag.py:3047} INFO - Sync 1 DAGs
[2024-03-11T16:13:59.503+0000] {logging_mixin.py:188} INFO - [2024-03-11T16:13:59.503+0000] {dag.py:3834} INFO - Setting next_dagrun for latest_only to 2024-03-11 12:00:00+00:00, run_after=2024-03-11 16:00:00+00:00
[2024-03-11T16:13:59.534+0000] {processor.py:183} INFO - Processing /usr/local/lib/python3.8/dist-packages/airflow/example_dags/example_latest_only.py took 0.082 seconds
[2024-03-11T16:15:09.183+0000] {processor.py:161} INFO - Started process (PID=838) to work on /usr/local/lib/python3.8/dist-packages/airflow/example_dags/example_latest_only.py
[2024-03-11T16:15:09.185+0000] {processor.py:830} INFO - Processing file /usr/local/lib/python3.8/dist-packages/airflow/example_dags/example_latest_only.py for tasks to queue
[2024-03-11T16:15:09.186+0000] {logging_mixin.py:188} INFO - [2024-03-11T16:15:09.186+0000] {dagbag.py:540} INFO - Filling up the DagBag from /usr/local/lib/python3.8/dist-packages/airflow/example_dags/example_latest_only.py
[2024-03-11T16:15:09.192+0000] {processor.py:840} INFO - DAG(s) 'latest_only' retrieved from /usr/local/lib/python3.8/dist-packages/airflow/example_dags/example_latest_only.py
[2024-03-11T16:15:09.208+0000] {logging_mixin.py:188} INFO - [2024-03-11T16:15:09.208+0000] {dag.py:3047} INFO - Sync 1 DAGs
[2024-03-11T16:15:09.231+0000] {logging_mixin.py:188} INFO - [2024-03-11T16:15:09.231+0000] {dag.py:3834} INFO - Setting next_dagrun for latest_only to 2024-03-11 12:00:00+00:00, run_after=2024-03-11 16:00:00+00:00
[2024-03-11T16:15:09.260+0000] {processor.py:183} INFO - Processing /usr/local/lib/python3.8/dist-packages/airflow/example_dags/example_latest_only.py took 0.081 seconds
[2024-03-11T16:16:19.096+0000] {processor.py:161} INFO - Started process (PID=908) to work on /usr/local/lib/python3.8/dist-packages/airflow/example_dags/example_latest_only.py
[2024-03-11T16:16:19.098+0000] {processor.py:830} INFO - Processing file /usr/local/lib/python3.8/dist-packages/airflow/example_dags/example_latest_only.py for tasks to queue
[2024-03-11T16:16:19.099+0000] {logging_mixin.py:188} INFO - [2024-03-11T16:16:19.099+0000] {dagbag.py:540} INFO - Filling up the DagBag from /usr/local/lib/python3.8/dist-packages/airflow/example_dags/example_latest_only.py
[2024-03-11T16:16:19.105+0000] {processor.py:840} INFO - DAG(s) 'latest_only' retrieved from /usr/local/lib/python3.8/dist-packages/airflow/example_dags/example_latest_only.py
[2024-03-11T16:16:19.121+0000] {logging_mixin.py:188} INFO - [2024-03-11T16:16:19.121+0000] {dag.py:3047} INFO - Sync 1 DAGs
[2024-03-11T16:16:19.144+0000] {logging_mixin.py:188} INFO - [2024-03-11T16:16:19.144+0000] {dag.py:3834} INFO - Setting next_dagrun for latest_only to 2024-03-11 12:00:00+00:00, run_after=2024-03-11 16:00:00+00:00
[2024-03-11T16:16:19.173+0000] {processor.py:183} INFO - Processing /usr/local/lib/python3.8/dist-packages/airflow/example_dags/example_latest_only.py took 0.080 seconds
[2024-03-11T16:17:30.237+0000] {processor.py:161} INFO - Started process (PID=979) to work on /usr/local/lib/python3.8/dist-packages/airflow/example_dags/example_latest_only.py
[2024-03-11T16:17:30.239+0000] {processor.py:830} INFO - Processing file /usr/local/lib/python3.8/dist-packages/airflow/example_dags/example_latest_only.py for tasks to queue
[2024-03-11T16:17:30.240+0000] {logging_mixin.py:188} INFO - [2024-03-11T16:17:30.239+0000] {dagbag.py:540} INFO - Filling up the DagBag from /usr/local/lib/python3.8/dist-packages/airflow/example_dags/example_latest_only.py
[2024-03-11T16:17:30.247+0000] {processor.py:840} INFO - DAG(s) 'latest_only' retrieved from /usr/local/lib/python3.8/dist-packages/airflow/example_dags/example_latest_only.py
[2024-03-11T16:17:30.263+0000] {logging_mixin.py:188} INFO - [2024-03-11T16:17:30.263+0000] {dag.py:3047} INFO - Sync 1 DAGs
[2024-03-11T16:17:30.285+0000] {logging_mixin.py:188} INFO - [2024-03-11T16:17:30.285+0000] {dag.py:3834} INFO - Setting next_dagrun for latest_only to 2024-03-11 12:00:00+00:00, run_after=2024-03-11 16:00:00+00:00
[2024-03-11T16:17:30.314+0000] {processor.py:183} INFO - Processing /usr/local/lib/python3.8/dist-packages/airflow/example_dags/example_latest_only.py took 0.081 seconds
[2024-03-11T16:18:44.535+0000] {processor.py:161} INFO - Started process (PID=1050) to work on /usr/local/lib/python3.8/dist-packages/airflow/example_dags/example_latest_only.py
[2024-03-11T16:18:44.537+0000] {processor.py:830} INFO - Processing file /usr/local/lib/python3.8/dist-packages/airflow/example_dags/example_latest_only.py for tasks to queue
[2024-03-11T16:18:44.539+0000] {logging_mixin.py:188} INFO - [2024-03-11T16:18:44.538+0000] {dagbag.py:540} INFO - Filling up the DagBag from /usr/local/lib/python3.8/dist-packages/airflow/example_dags/example_latest_only.py
[2024-03-11T16:18:44.544+0000] {processor.py:840} INFO - DAG(s) 'latest_only' retrieved from /usr/local/lib/python3.8/dist-packages/airflow/example_dags/example_latest_only.py
[2024-03-11T16:18:44.560+0000] {logging_mixin.py:188} INFO - [2024-03-11T16:18:44.560+0000] {dag.py:3047} INFO - Sync 1 DAGs
[2024-03-11T16:18:44.583+0000] {logging_mixin.py:188} INFO - [2024-03-11T16:18:44.583+0000] {dag.py:3834} INFO - Setting next_dagrun for latest_only to 2024-03-11 12:00:00+00:00, run_after=2024-03-11 16:00:00+00:00
[2024-03-11T16:18:44.613+0000] {processor.py:183} INFO - Processing /usr/local/lib/python3.8/dist-packages/airflow/example_dags/example_latest_only.py took 0.081 seconds
[2024-03-11T16:19:50.702+0000] {processor.py:161} INFO - Started process (PID=1120) to work on /usr/local/lib/python3.8/dist-packages/airflow/example_dags/example_latest_only.py
[2024-03-11T16:19:50.704+0000] {processor.py:830} INFO - Processing file /usr/local/lib/python3.8/dist-packages/airflow/example_dags/example_latest_only.py for tasks to queue
[2024-03-11T16:19:50.705+0000] {logging_mixin.py:188} INFO - [2024-03-11T16:19:50.705+0000] {dagbag.py:540} INFO - Filling up the DagBag from /usr/local/lib/python3.8/dist-packages/airflow/example_dags/example_latest_only.py
[2024-03-11T16:19:50.712+0000] {processor.py:840} INFO - DAG(s) 'latest_only' retrieved from /usr/local/lib/python3.8/dist-packages/airflow/example_dags/example_latest_only.py
[2024-03-11T16:19:50.728+0000] {logging_mixin.py:188} INFO - [2024-03-11T16:19:50.728+0000] {dag.py:3047} INFO - Sync 1 DAGs
[2024-03-11T16:19:50.754+0000] {logging_mixin.py:188} INFO - [2024-03-11T16:19:50.754+0000] {dag.py:3834} INFO - Setting next_dagrun for latest_only to 2024-03-11 12:00:00+00:00, run_after=2024-03-11 16:00:00+00:00
[2024-03-11T16:19:50.785+0000] {processor.py:183} INFO - Processing /usr/local/lib/python3.8/dist-packages/airflow/example_dags/example_latest_only.py took 0.086 seconds
[2024-03-11T16:21:02.804+0000] {processor.py:161} INFO - Started process (PID=1233) to work on /usr/local/lib/python3.8/dist-packages/airflow/example_dags/example_latest_only.py
[2024-03-11T16:21:02.807+0000] {processor.py:830} INFO - Processing file /usr/local/lib/python3.8/dist-packages/airflow/example_dags/example_latest_only.py for tasks to queue
[2024-03-11T16:21:02.808+0000] {logging_mixin.py:188} INFO - [2024-03-11T16:21:02.807+0000] {dagbag.py:540} INFO - Filling up the DagBag from /usr/local/lib/python3.8/dist-packages/airflow/example_dags/example_latest_only.py
[2024-03-11T16:21:02.816+0000] {processor.py:840} INFO - DAG(s) 'latest_only' retrieved from /usr/local/lib/python3.8/dist-packages/airflow/example_dags/example_latest_only.py
[2024-03-11T16:21:02.832+0000] {logging_mixin.py:188} INFO - [2024-03-11T16:21:02.831+0000] {dag.py:3047} INFO - Sync 1 DAGs
[2024-03-11T16:21:02.854+0000] {logging_mixin.py:188} INFO - [2024-03-11T16:21:02.854+0000] {dag.py:3834} INFO - Setting next_dagrun for latest_only to 2024-03-11 12:00:00+00:00, run_after=2024-03-11 16:00:00+00:00
[2024-03-11T16:21:02.884+0000] {processor.py:183} INFO - Processing /usr/local/lib/python3.8/dist-packages/airflow/example_dags/example_latest_only.py took 0.083 seconds
[2024-03-11T16:22:15.498+0000] {processor.py:161} INFO - Started process (PID=1327) to work on /usr/local/lib/python3.8/dist-packages/airflow/example_dags/example_latest_only.py
[2024-03-11T16:22:15.500+0000] {processor.py:830} INFO - Processing file /usr/local/lib/python3.8/dist-packages/airflow/example_dags/example_latest_only.py for tasks to queue
[2024-03-11T16:22:15.500+0000] {logging_mixin.py:188} INFO - [2024-03-11T16:22:15.500+0000] {dagbag.py:540} INFO - Filling up the DagBag from /usr/local/lib/python3.8/dist-packages/airflow/example_dags/example_latest_only.py
[2024-03-11T16:22:15.505+0000] {processor.py:840} INFO - DAG(s) 'latest_only' retrieved from /usr/local/lib/python3.8/dist-packages/airflow/example_dags/example_latest_only.py
[2024-03-11T16:22:15.519+0000] {logging_mixin.py:188} INFO - [2024-03-11T16:22:15.519+0000] {dag.py:3047} INFO - Sync 1 DAGs
[2024-03-11T16:22:15.535+0000] {logging_mixin.py:188} INFO - [2024-03-11T16:22:15.535+0000] {dag.py:3834} INFO - Setting next_dagrun for latest_only to 2024-03-11 12:00:00+00:00, run_after=2024-03-11 16:00:00+00:00
[2024-03-11T16:22:15.560+0000] {processor.py:183} INFO - Processing /usr/local/lib/python3.8/dist-packages/airflow/example_dags/example_latest_only.py took 0.065 seconds
[2024-03-11T16:23:41.546+0000] {processor.py:161} INFO - Started process (PID=1437) to work on /usr/local/lib/python3.8/dist-packages/airflow/example_dags/example_latest_only.py
[2024-03-11T16:23:41.548+0000] {processor.py:830} INFO - Processing file /usr/local/lib/python3.8/dist-packages/airflow/example_dags/example_latest_only.py for tasks to queue
[2024-03-11T16:23:41.549+0000] {logging_mixin.py:188} INFO - [2024-03-11T16:23:41.549+0000] {dagbag.py:540} INFO - Filling up the DagBag from /usr/local/lib/python3.8/dist-packages/airflow/example_dags/example_latest_only.py
[2024-03-11T16:23:41.555+0000] {processor.py:840} INFO - DAG(s) 'latest_only' retrieved from /usr/local/lib/python3.8/dist-packages/airflow/example_dags/example_latest_only.py
[2024-03-11T16:23:41.572+0000] {logging_mixin.py:188} INFO - [2024-03-11T16:23:41.571+0000] {dag.py:3047} INFO - Sync 1 DAGs
[2024-03-11T16:23:41.595+0000] {logging_mixin.py:188} INFO - [2024-03-11T16:23:41.594+0000] {dag.py:3834} INFO - Setting next_dagrun for latest_only to 2024-03-11 12:00:00+00:00, run_after=2024-03-11 16:00:00+00:00
[2024-03-11T16:23:41.624+0000] {processor.py:183} INFO - Processing /usr/local/lib/python3.8/dist-packages/airflow/example_dags/example_latest_only.py took 0.081 seconds
[2024-03-11T16:24:35.587+0000] {processor.py:161} INFO - Started process (PID=1489) to work on /usr/local/lib/python3.8/dist-packages/airflow/example_dags/example_latest_only.py
[2024-03-11T16:24:35.589+0000] {processor.py:830} INFO - Processing file /usr/local/lib/python3.8/dist-packages/airflow/example_dags/example_latest_only.py for tasks to queue
[2024-03-11T16:24:35.590+0000] {logging_mixin.py:188} INFO - [2024-03-11T16:24:35.590+0000] {dagbag.py:540} INFO - Filling up the DagBag from /usr/local/lib/python3.8/dist-packages/airflow/example_dags/example_latest_only.py
[2024-03-11T16:24:35.596+0000] {processor.py:840} INFO - DAG(s) 'latest_only' retrieved from /usr/local/lib/python3.8/dist-packages/airflow/example_dags/example_latest_only.py
[2024-03-11T16:24:35.613+0000] {logging_mixin.py:188} INFO - [2024-03-11T16:24:35.613+0000] {dag.py:3047} INFO - Sync 1 DAGs
[2024-03-11T16:24:35.637+0000] {logging_mixin.py:188} INFO - [2024-03-11T16:24:35.637+0000] {dag.py:3834} INFO - Setting next_dagrun for latest_only to 2024-03-11 12:00:00+00:00, run_after=2024-03-11 16:00:00+00:00
[2024-03-11T16:24:35.669+0000] {processor.py:183} INFO - Processing /usr/local/lib/python3.8/dist-packages/airflow/example_dags/example_latest_only.py took 0.085 seconds
[2024-03-11T16:25:37.322+0000] {processor.py:161} INFO - Started process (PID=1554) to work on /usr/local/lib/python3.8/dist-packages/airflow/example_dags/example_latest_only.py
[2024-03-11T16:25:37.325+0000] {processor.py:830} INFO - Processing file /usr/local/lib/python3.8/dist-packages/airflow/example_dags/example_latest_only.py for tasks to queue
[2024-03-11T16:25:37.326+0000] {logging_mixin.py:188} INFO - [2024-03-11T16:25:37.325+0000] {dagbag.py:540} INFO - Filling up the DagBag from /usr/local/lib/python3.8/dist-packages/airflow/example_dags/example_latest_only.py
[2024-03-11T16:25:37.331+0000] {processor.py:840} INFO - DAG(s) 'latest_only' retrieved from /usr/local/lib/python3.8/dist-packages/airflow/example_dags/example_latest_only.py
[2024-03-11T16:25:37.348+0000] {logging_mixin.py:188} INFO - [2024-03-11T16:25:37.348+0000] {dag.py:3047} INFO - Sync 1 DAGs
[2024-03-11T16:25:37.371+0000] {logging_mixin.py:188} INFO - [2024-03-11T16:25:37.371+0000] {dag.py:3834} INFO - Setting next_dagrun for latest_only to 2024-03-11 12:00:00+00:00, run_after=2024-03-11 16:00:00+00:00
[2024-03-11T16:25:37.417+0000] {processor.py:183} INFO - Processing /usr/local/lib/python3.8/dist-packages/airflow/example_dags/example_latest_only.py took 0.098 seconds
[2024-03-11T16:28:10.355+0000] {processor.py:161} INFO - Started process (PID=1646) to work on /usr/local/lib/python3.8/dist-packages/airflow/example_dags/example_latest_only.py
[2024-03-11T16:28:10.360+0000] {processor.py:830} INFO - Processing file /usr/local/lib/python3.8/dist-packages/airflow/example_dags/example_latest_only.py for tasks to queue
[2024-03-11T16:28:10.361+0000] {logging_mixin.py:188} INFO - [2024-03-11T16:28:10.361+0000] {dagbag.py:540} INFO - Filling up the DagBag from /usr/local/lib/python3.8/dist-packages/airflow/example_dags/example_latest_only.py
[2024-03-11T16:28:10.368+0000] {processor.py:840} INFO - DAG(s) 'latest_only' retrieved from /usr/local/lib/python3.8/dist-packages/airflow/example_dags/example_latest_only.py
[2024-03-11T16:28:10.385+0000] {logging_mixin.py:188} INFO - [2024-03-11T16:28:10.385+0000] {dag.py:3047} INFO - Sync 1 DAGs
[2024-03-11T16:28:10.409+0000] {logging_mixin.py:188} INFO - [2024-03-11T16:28:10.409+0000] {dag.py:3834} INFO - Setting next_dagrun for latest_only to 2024-03-11 12:00:00+00:00, run_after=2024-03-11 16:00:00+00:00
[2024-03-11T16:28:10.440+0000] {processor.py:183} INFO - Processing /usr/local/lib/python3.8/dist-packages/airflow/example_dags/example_latest_only.py took 0.088 seconds
[2024-03-11T16:29:06.630+0000] {processor.py:161} INFO - Started process (PID=1705) to work on /usr/local/lib/python3.8/dist-packages/airflow/example_dags/example_latest_only.py
[2024-03-11T16:29:06.632+0000] {processor.py:830} INFO - Processing file /usr/local/lib/python3.8/dist-packages/airflow/example_dags/example_latest_only.py for tasks to queue
[2024-03-11T16:29:06.637+0000] {logging_mixin.py:188} INFO - [2024-03-11T16:29:06.632+0000] {dagbag.py:540} INFO - Filling up the DagBag from /usr/local/lib/python3.8/dist-packages/airflow/example_dags/example_latest_only.py
[2024-03-11T16:29:06.644+0000] {processor.py:840} INFO - DAG(s) 'latest_only' retrieved from /usr/local/lib/python3.8/dist-packages/airflow/example_dags/example_latest_only.py
[2024-03-11T16:29:06.680+0000] {logging_mixin.py:188} INFO - [2024-03-11T16:29:06.680+0000] {dag.py:3047} INFO - Sync 1 DAGs
[2024-03-11T16:29:06.703+0000] {logging_mixin.py:188} INFO - [2024-03-11T16:29:06.703+0000] {dag.py:3834} INFO - Setting next_dagrun for latest_only to 2024-03-11 12:00:00+00:00, run_after=2024-03-11 16:00:00+00:00
[2024-03-11T16:29:06.734+0000] {processor.py:183} INFO - Processing /usr/local/lib/python3.8/dist-packages/airflow/example_dags/example_latest_only.py took 0.108 seconds
[2024-03-11T16:30:07.179+0000] {processor.py:161} INFO - Started process (PID=1771) to work on /usr/local/lib/python3.8/dist-packages/airflow/example_dags/example_latest_only.py
[2024-03-11T16:30:07.181+0000] {processor.py:830} INFO - Processing file /usr/local/lib/python3.8/dist-packages/airflow/example_dags/example_latest_only.py for tasks to queue
[2024-03-11T16:30:07.183+0000] {logging_mixin.py:188} INFO - [2024-03-11T16:30:07.182+0000] {dagbag.py:540} INFO - Filling up the DagBag from /usr/local/lib/python3.8/dist-packages/airflow/example_dags/example_latest_only.py
[2024-03-11T16:30:07.189+0000] {processor.py:840} INFO - DAG(s) 'latest_only' retrieved from /usr/local/lib/python3.8/dist-packages/airflow/example_dags/example_latest_only.py
[2024-03-11T16:30:07.207+0000] {logging_mixin.py:188} INFO - [2024-03-11T16:30:07.207+0000] {dag.py:3047} INFO - Sync 1 DAGs
[2024-03-11T16:30:07.232+0000] {logging_mixin.py:188} INFO - [2024-03-11T16:30:07.231+0000] {dag.py:3834} INFO - Setting next_dagrun for latest_only to 2024-03-11 12:00:00+00:00, run_after=2024-03-11 16:00:00+00:00
[2024-03-11T16:30:07.262+0000] {processor.py:183} INFO - Processing /usr/local/lib/python3.8/dist-packages/airflow/example_dags/example_latest_only.py took 0.087 seconds
[2024-03-11T16:30:59.456+0000] {processor.py:161} INFO - Started process (PID=1829) to work on /usr/local/lib/python3.8/dist-packages/airflow/example_dags/example_latest_only.py
[2024-03-11T16:30:59.459+0000] {processor.py:830} INFO - Processing file /usr/local/lib/python3.8/dist-packages/airflow/example_dags/example_latest_only.py for tasks to queue
[2024-03-11T16:30:59.460+0000] {logging_mixin.py:188} INFO - [2024-03-11T16:30:59.459+0000] {dagbag.py:540} INFO - Filling up the DagBag from /usr/local/lib/python3.8/dist-packages/airflow/example_dags/example_latest_only.py
[2024-03-11T16:30:59.467+0000] {processor.py:840} INFO - DAG(s) 'latest_only' retrieved from /usr/local/lib/python3.8/dist-packages/airflow/example_dags/example_latest_only.py
[2024-03-11T16:30:59.486+0000] {logging_mixin.py:188} INFO - [2024-03-11T16:30:59.486+0000] {dag.py:3047} INFO - Sync 1 DAGs
[2024-03-11T16:30:59.509+0000] {logging_mixin.py:188} INFO - [2024-03-11T16:30:59.509+0000] {dag.py:3834} INFO - Setting next_dagrun for latest_only to 2024-03-11 12:00:00+00:00, run_after=2024-03-11 16:00:00+00:00
[2024-03-11T16:30:59.540+0000] {processor.py:183} INFO - Processing /usr/local/lib/python3.8/dist-packages/airflow/example_dags/example_latest_only.py took 0.088 seconds
[2024-03-11T16:33:42.424+0000] {processor.py:161} INFO - Started process (PID=1925) to work on /usr/local/lib/python3.8/dist-packages/airflow/example_dags/example_latest_only.py
[2024-03-11T16:33:42.429+0000] {processor.py:830} INFO - Processing file /usr/local/lib/python3.8/dist-packages/airflow/example_dags/example_latest_only.py for tasks to queue
[2024-03-11T16:33:42.430+0000] {logging_mixin.py:188} INFO - [2024-03-11T16:33:42.430+0000] {dagbag.py:540} INFO - Filling up the DagBag from /usr/local/lib/python3.8/dist-packages/airflow/example_dags/example_latest_only.py
[2024-03-11T16:33:42.437+0000] {processor.py:840} INFO - DAG(s) 'latest_only' retrieved from /usr/local/lib/python3.8/dist-packages/airflow/example_dags/example_latest_only.py
[2024-03-11T16:33:42.456+0000] {logging_mixin.py:188} INFO - [2024-03-11T16:33:42.456+0000] {dag.py:3047} INFO - Sync 1 DAGs
[2024-03-11T16:33:42.479+0000] {logging_mixin.py:188} INFO - [2024-03-11T16:33:42.479+0000] {dag.py:3834} INFO - Setting next_dagrun for latest_only to 2024-03-11 12:00:00+00:00, run_after=2024-03-11 16:00:00+00:00
[2024-03-11T16:33:42.510+0000] {processor.py:183} INFO - Processing /usr/local/lib/python3.8/dist-packages/airflow/example_dags/example_latest_only.py took 0.090 seconds
[2024-03-11T16:36:30.874+0000] {processor.py:161} INFO - Started process (PID=2018) to work on /usr/local/lib/python3.8/dist-packages/airflow/example_dags/example_latest_only.py
[2024-03-11T16:36:30.879+0000] {processor.py:830} INFO - Processing file /usr/local/lib/python3.8/dist-packages/airflow/example_dags/example_latest_only.py for tasks to queue
[2024-03-11T16:36:30.880+0000] {logging_mixin.py:188} INFO - [2024-03-11T16:36:30.880+0000] {dagbag.py:540} INFO - Filling up the DagBag from /usr/local/lib/python3.8/dist-packages/airflow/example_dags/example_latest_only.py
[2024-03-11T16:36:30.889+0000] {processor.py:840} INFO - DAG(s) 'latest_only' retrieved from /usr/local/lib/python3.8/dist-packages/airflow/example_dags/example_latest_only.py
[2024-03-11T16:36:30.906+0000] {logging_mixin.py:188} INFO - [2024-03-11T16:36:30.906+0000] {dag.py:3047} INFO - Sync 1 DAGs
[2024-03-11T16:36:30.929+0000] {logging_mixin.py:188} INFO - [2024-03-11T16:36:30.929+0000] {dag.py:3834} INFO - Setting next_dagrun for latest_only to 2024-03-11 12:00:00+00:00, run_after=2024-03-11 16:00:00+00:00
[2024-03-11T16:36:30.960+0000] {processor.py:183} INFO - Processing /usr/local/lib/python3.8/dist-packages/airflow/example_dags/example_latest_only.py took 0.090 seconds
[2024-03-11T16:41:23.291+0000] {processor.py:161} INFO - Started process (PID=451) to work on /usr/local/lib/python3.8/dist-packages/airflow/example_dags/example_latest_only.py
[2024-03-11T16:41:23.293+0000] {processor.py:830} INFO - Processing file /usr/local/lib/python3.8/dist-packages/airflow/example_dags/example_latest_only.py for tasks to queue
[2024-03-11T16:41:23.294+0000] {logging_mixin.py:188} INFO - [2024-03-11T16:41:23.294+0000] {dagbag.py:540} INFO - Filling up the DagBag from /usr/local/lib/python3.8/dist-packages/airflow/example_dags/example_latest_only.py
[2024-03-11T16:41:23.300+0000] {processor.py:840} INFO - DAG(s) 'latest_only' retrieved from /usr/local/lib/python3.8/dist-packages/airflow/example_dags/example_latest_only.py
[2024-03-11T16:41:23.316+0000] {logging_mixin.py:188} INFO - [2024-03-11T16:41:23.315+0000] {dag.py:3047} INFO - Sync 1 DAGs
[2024-03-11T16:41:23.415+0000] {logging_mixin.py:188} INFO - [2024-03-11T16:41:23.415+0000] {dag.py:3834} INFO - Setting next_dagrun for latest_only to 2024-03-11 12:00:00+00:00, run_after=2024-03-11 16:00:00+00:00
[2024-03-11T16:41:23.439+0000] {processor.py:183} INFO - Processing /usr/local/lib/python3.8/dist-packages/airflow/example_dags/example_latest_only.py took 0.151 seconds
[2024-03-11T16:44:45.386+0000] {processor.py:161} INFO - Started process (PID=676) to work on /usr/local/lib/python3.8/dist-packages/airflow/example_dags/example_latest_only.py
[2024-03-11T16:44:45.388+0000] {processor.py:830} INFO - Processing file /usr/local/lib/python3.8/dist-packages/airflow/example_dags/example_latest_only.py for tasks to queue
[2024-03-11T16:44:45.389+0000] {logging_mixin.py:188} INFO - [2024-03-11T16:44:45.389+0000] {dagbag.py:540} INFO - Filling up the DagBag from /usr/local/lib/python3.8/dist-packages/airflow/example_dags/example_latest_only.py
[2024-03-11T16:44:45.395+0000] {processor.py:840} INFO - DAG(s) 'latest_only' retrieved from /usr/local/lib/python3.8/dist-packages/airflow/example_dags/example_latest_only.py
[2024-03-11T16:44:45.413+0000] {logging_mixin.py:188} INFO - [2024-03-11T16:44:45.412+0000] {dag.py:3047} INFO - Sync 1 DAGs
[2024-03-11T16:44:45.531+0000] {logging_mixin.py:188} INFO - [2024-03-11T16:44:45.531+0000] {dag.py:3834} INFO - Setting next_dagrun for latest_only to 2024-03-11 12:00:00+00:00, run_after=2024-03-11 16:00:00+00:00
[2024-03-11T16:44:45.559+0000] {processor.py:183} INFO - Processing /usr/local/lib/python3.8/dist-packages/airflow/example_dags/example_latest_only.py took 0.176 seconds
[2024-03-11T16:48:03.549+0000] {processor.py:161} INFO - Started process (PID=824) to work on /usr/local/lib/python3.8/dist-packages/airflow/example_dags/example_latest_only.py
[2024-03-11T16:48:03.551+0000] {processor.py:830} INFO - Processing file /usr/local/lib/python3.8/dist-packages/airflow/example_dags/example_latest_only.py for tasks to queue
[2024-03-11T16:48:03.552+0000] {logging_mixin.py:188} INFO - [2024-03-11T16:48:03.551+0000] {dagbag.py:540} INFO - Filling up the DagBag from /usr/local/lib/python3.8/dist-packages/airflow/example_dags/example_latest_only.py
[2024-03-11T16:48:03.557+0000] {processor.py:840} INFO - DAG(s) 'latest_only' retrieved from /usr/local/lib/python3.8/dist-packages/airflow/example_dags/example_latest_only.py
[2024-03-11T16:48:03.575+0000] {logging_mixin.py:188} INFO - [2024-03-11T16:48:03.574+0000] {dag.py:3047} INFO - Sync 1 DAGs
[2024-03-11T16:48:03.670+0000] {logging_mixin.py:188} INFO - [2024-03-11T16:48:03.670+0000] {dag.py:3834} INFO - Setting next_dagrun for latest_only to 2024-03-11 12:00:00+00:00, run_after=2024-03-11 16:00:00+00:00
[2024-03-11T16:48:03.695+0000] {processor.py:183} INFO - Processing /usr/local/lib/python3.8/dist-packages/airflow/example_dags/example_latest_only.py took 0.149 seconds
[2024-03-11T16:49:00.695+0000] {processor.py:161} INFO - Started process (PID=935) to work on /usr/local/lib/python3.8/dist-packages/airflow/example_dags/example_latest_only.py
[2024-03-11T16:49:00.698+0000] {processor.py:830} INFO - Processing file /usr/local/lib/python3.8/dist-packages/airflow/example_dags/example_latest_only.py for tasks to queue
[2024-03-11T16:49:00.699+0000] {logging_mixin.py:188} INFO - [2024-03-11T16:49:00.698+0000] {dagbag.py:540} INFO - Filling up the DagBag from /usr/local/lib/python3.8/dist-packages/airflow/example_dags/example_latest_only.py
[2024-03-11T16:49:00.704+0000] {processor.py:840} INFO - DAG(s) 'latest_only' retrieved from /usr/local/lib/python3.8/dist-packages/airflow/example_dags/example_latest_only.py
[2024-03-11T16:49:00.721+0000] {logging_mixin.py:188} INFO - [2024-03-11T16:49:00.721+0000] {dag.py:3047} INFO - Sync 1 DAGs
[2024-03-11T16:49:00.744+0000] {logging_mixin.py:188} INFO - [2024-03-11T16:49:00.744+0000] {dag.py:3834} INFO - Setting next_dagrun for latest_only to 2024-03-11 12:00:00+00:00, run_after=2024-03-11 16:00:00+00:00
[2024-03-11T16:49:00.773+0000] {processor.py:183} INFO - Processing /usr/local/lib/python3.8/dist-packages/airflow/example_dags/example_latest_only.py took 0.081 seconds
[2024-03-11T16:49:54.327+0000] {processor.py:161} INFO - Started process (PID=1024) to work on /usr/local/lib/python3.8/dist-packages/airflow/example_dags/example_latest_only.py
[2024-03-11T16:49:54.329+0000] {processor.py:830} INFO - Processing file /usr/local/lib/python3.8/dist-packages/airflow/example_dags/example_latest_only.py for tasks to queue
[2024-03-11T16:49:54.330+0000] {logging_mixin.py:188} INFO - [2024-03-11T16:49:54.330+0000] {dagbag.py:540} INFO - Filling up the DagBag from /usr/local/lib/python3.8/dist-packages/airflow/example_dags/example_latest_only.py
[2024-03-11T16:49:54.336+0000] {processor.py:840} INFO - DAG(s) 'latest_only' retrieved from /usr/local/lib/python3.8/dist-packages/airflow/example_dags/example_latest_only.py
[2024-03-11T16:49:54.352+0000] {logging_mixin.py:188} INFO - [2024-03-11T16:49:54.351+0000] {dag.py:3047} INFO - Sync 1 DAGs
[2024-03-11T16:49:54.374+0000] {logging_mixin.py:188} INFO - [2024-03-11T16:49:54.374+0000] {dag.py:3834} INFO - Setting next_dagrun for latest_only to 2024-03-11 12:00:00+00:00, run_after=2024-03-11 16:00:00+00:00
[2024-03-11T16:49:54.403+0000] {processor.py:183} INFO - Processing /usr/local/lib/python3.8/dist-packages/airflow/example_dags/example_latest_only.py took 0.079 seconds
[2024-03-11T16:50:49.715+0000] {processor.py:161} INFO - Started process (PID=1094) to work on /usr/local/lib/python3.8/dist-packages/airflow/example_dags/example_latest_only.py
[2024-03-11T16:50:49.717+0000] {processor.py:830} INFO - Processing file /usr/local/lib/python3.8/dist-packages/airflow/example_dags/example_latest_only.py for tasks to queue
[2024-03-11T16:50:49.718+0000] {logging_mixin.py:188} INFO - [2024-03-11T16:50:49.717+0000] {dagbag.py:540} INFO - Filling up the DagBag from /usr/local/lib/python3.8/dist-packages/airflow/example_dags/example_latest_only.py
[2024-03-11T16:50:49.724+0000] {processor.py:840} INFO - DAG(s) 'latest_only' retrieved from /usr/local/lib/python3.8/dist-packages/airflow/example_dags/example_latest_only.py
[2024-03-11T16:50:49.739+0000] {logging_mixin.py:188} INFO - [2024-03-11T16:50:49.739+0000] {dag.py:3047} INFO - Sync 1 DAGs
[2024-03-11T16:50:49.756+0000] {logging_mixin.py:188} INFO - [2024-03-11T16:50:49.756+0000] {dag.py:3834} INFO - Setting next_dagrun for latest_only to 2024-03-11 12:00:00+00:00, run_after=2024-03-11 16:00:00+00:00
[2024-03-11T16:50:49.782+0000] {processor.py:183} INFO - Processing /usr/local/lib/python3.8/dist-packages/airflow/example_dags/example_latest_only.py took 0.070 seconds
[2024-03-11T16:51:44.734+0000] {processor.py:161} INFO - Started process (PID=1159) to work on /usr/local/lib/python3.8/dist-packages/airflow/example_dags/example_latest_only.py
[2024-03-11T16:51:44.736+0000] {processor.py:830} INFO - Processing file /usr/local/lib/python3.8/dist-packages/airflow/example_dags/example_latest_only.py for tasks to queue
[2024-03-11T16:51:44.737+0000] {logging_mixin.py:188} INFO - [2024-03-11T16:51:44.737+0000] {dagbag.py:540} INFO - Filling up the DagBag from /usr/local/lib/python3.8/dist-packages/airflow/example_dags/example_latest_only.py
[2024-03-11T16:51:44.743+0000] {processor.py:840} INFO - DAG(s) 'latest_only' retrieved from /usr/local/lib/python3.8/dist-packages/airflow/example_dags/example_latest_only.py
[2024-03-11T16:51:44.759+0000] {logging_mixin.py:188} INFO - [2024-03-11T16:51:44.759+0000] {dag.py:3047} INFO - Sync 1 DAGs
[2024-03-11T16:51:44.780+0000] {logging_mixin.py:188} INFO - [2024-03-11T16:51:44.780+0000] {dag.py:3834} INFO - Setting next_dagrun for latest_only to 2024-03-11 12:00:00+00:00, run_after=2024-03-11 16:00:00+00:00
[2024-03-11T16:51:44.807+0000] {processor.py:183} INFO - Processing /usr/local/lib/python3.8/dist-packages/airflow/example_dags/example_latest_only.py took 0.076 seconds
[2024-03-11T16:52:41.605+0000] {processor.py:161} INFO - Started process (PID=1237) to work on /usr/local/lib/python3.8/dist-packages/airflow/example_dags/example_latest_only.py
[2024-03-11T16:52:41.607+0000] {processor.py:830} INFO - Processing file /usr/local/lib/python3.8/dist-packages/airflow/example_dags/example_latest_only.py for tasks to queue
[2024-03-11T16:52:41.608+0000] {logging_mixin.py:188} INFO - [2024-03-11T16:52:41.608+0000] {dagbag.py:540} INFO - Filling up the DagBag from /usr/local/lib/python3.8/dist-packages/airflow/example_dags/example_latest_only.py
[2024-03-11T16:52:41.614+0000] {processor.py:840} INFO - DAG(s) 'latest_only' retrieved from /usr/local/lib/python3.8/dist-packages/airflow/example_dags/example_latest_only.py
[2024-03-11T16:52:41.628+0000] {logging_mixin.py:188} INFO - [2024-03-11T16:52:41.628+0000] {dag.py:3047} INFO - Sync 1 DAGs
[2024-03-11T16:52:41.645+0000] {logging_mixin.py:188} INFO - [2024-03-11T16:52:41.645+0000] {dag.py:3834} INFO - Setting next_dagrun for latest_only to 2024-03-11 12:00:00+00:00, run_after=2024-03-11 16:00:00+00:00
[2024-03-11T16:52:41.670+0000] {processor.py:183} INFO - Processing /usr/local/lib/python3.8/dist-packages/airflow/example_dags/example_latest_only.py took 0.068 seconds
[2024-03-11T16:53:34.135+0000] {processor.py:161} INFO - Started process (PID=1305) to work on /usr/local/lib/python3.8/dist-packages/airflow/example_dags/example_latest_only.py
[2024-03-11T16:53:34.137+0000] {processor.py:830} INFO - Processing file /usr/local/lib/python3.8/dist-packages/airflow/example_dags/example_latest_only.py for tasks to queue
[2024-03-11T16:53:34.138+0000] {logging_mixin.py:188} INFO - [2024-03-11T16:53:34.138+0000] {dagbag.py:540} INFO - Filling up the DagBag from /usr/local/lib/python3.8/dist-packages/airflow/example_dags/example_latest_only.py
[2024-03-11T16:53:34.144+0000] {processor.py:840} INFO - DAG(s) 'latest_only' retrieved from /usr/local/lib/python3.8/dist-packages/airflow/example_dags/example_latest_only.py
[2024-03-11T16:53:34.161+0000] {logging_mixin.py:188} INFO - [2024-03-11T16:53:34.160+0000] {dag.py:3047} INFO - Sync 1 DAGs
[2024-03-11T16:53:34.186+0000] {logging_mixin.py:188} INFO - [2024-03-11T16:53:34.186+0000] {dag.py:3834} INFO - Setting next_dagrun for latest_only to 2024-03-11 12:00:00+00:00, run_after=2024-03-11 16:00:00+00:00
[2024-03-11T16:53:34.216+0000] {processor.py:183} INFO - Processing /usr/local/lib/python3.8/dist-packages/airflow/example_dags/example_latest_only.py took 0.084 seconds
[2024-03-11T16:54:29.091+0000] {processor.py:161} INFO - Started process (PID=1370) to work on /usr/local/lib/python3.8/dist-packages/airflow/example_dags/example_latest_only.py
[2024-03-11T16:54:29.093+0000] {processor.py:830} INFO - Processing file /usr/local/lib/python3.8/dist-packages/airflow/example_dags/example_latest_only.py for tasks to queue
[2024-03-11T16:54:29.094+0000] {logging_mixin.py:188} INFO - [2024-03-11T16:54:29.093+0000] {dagbag.py:540} INFO - Filling up the DagBag from /usr/local/lib/python3.8/dist-packages/airflow/example_dags/example_latest_only.py
[2024-03-11T16:54:29.100+0000] {processor.py:840} INFO - DAG(s) 'latest_only' retrieved from /usr/local/lib/python3.8/dist-packages/airflow/example_dags/example_latest_only.py
[2024-03-11T16:54:29.116+0000] {logging_mixin.py:188} INFO - [2024-03-11T16:54:29.116+0000] {dag.py:3047} INFO - Sync 1 DAGs
[2024-03-11T16:54:29.139+0000] {logging_mixin.py:188} INFO - [2024-03-11T16:54:29.138+0000] {dag.py:3834} INFO - Setting next_dagrun for latest_only to 2024-03-11 12:00:00+00:00, run_after=2024-03-11 16:00:00+00:00
[2024-03-11T16:54:29.176+0000] {processor.py:183} INFO - Processing /usr/local/lib/python3.8/dist-packages/airflow/example_dags/example_latest_only.py took 0.088 seconds
[2024-03-11T16:55:22.722+0000] {processor.py:161} INFO - Started process (PID=1446) to work on /usr/local/lib/python3.8/dist-packages/airflow/example_dags/example_latest_only.py
[2024-03-11T16:55:22.724+0000] {processor.py:830} INFO - Processing file /usr/local/lib/python3.8/dist-packages/airflow/example_dags/example_latest_only.py for tasks to queue
[2024-03-11T16:55:22.725+0000] {logging_mixin.py:188} INFO - [2024-03-11T16:55:22.725+0000] {dagbag.py:540} INFO - Filling up the DagBag from /usr/local/lib/python3.8/dist-packages/airflow/example_dags/example_latest_only.py
[2024-03-11T16:55:22.731+0000] {processor.py:840} INFO - DAG(s) 'latest_only' retrieved from /usr/local/lib/python3.8/dist-packages/airflow/example_dags/example_latest_only.py
[2024-03-11T16:55:22.748+0000] {logging_mixin.py:188} INFO - [2024-03-11T16:55:22.747+0000] {dag.py:3047} INFO - Sync 1 DAGs
[2024-03-11T16:55:22.766+0000] {logging_mixin.py:188} INFO - [2024-03-11T16:55:22.766+0000] {dag.py:3834} INFO - Setting next_dagrun for latest_only to 2024-03-11 12:00:00+00:00, run_after=2024-03-11 16:00:00+00:00
[2024-03-11T16:55:22.791+0000] {processor.py:183} INFO - Processing /usr/local/lib/python3.8/dist-packages/airflow/example_dags/example_latest_only.py took 0.072 seconds
[2024-03-11T16:56:15.982+0000] {processor.py:161} INFO - Started process (PID=1536) to work on /usr/local/lib/python3.8/dist-packages/airflow/example_dags/example_latest_only.py
[2024-03-11T16:56:15.988+0000] {processor.py:830} INFO - Processing file /usr/local/lib/python3.8/dist-packages/airflow/example_dags/example_latest_only.py for tasks to queue
[2024-03-11T16:56:15.989+0000] {logging_mixin.py:188} INFO - [2024-03-11T16:56:15.989+0000] {dagbag.py:540} INFO - Filling up the DagBag from /usr/local/lib/python3.8/dist-packages/airflow/example_dags/example_latest_only.py
[2024-03-11T16:56:15.994+0000] {processor.py:840} INFO - DAG(s) 'latest_only' retrieved from /usr/local/lib/python3.8/dist-packages/airflow/example_dags/example_latest_only.py
[2024-03-11T16:56:16.018+0000] {logging_mixin.py:188} INFO - [2024-03-11T16:56:16.018+0000] {dag.py:3047} INFO - Sync 1 DAGs
[2024-03-11T16:56:16.055+0000] {logging_mixin.py:188} INFO - [2024-03-11T16:56:16.055+0000] {dag.py:3834} INFO - Setting next_dagrun for latest_only to 2024-03-11 12:00:00+00:00, run_after=2024-03-11 16:00:00+00:00
[2024-03-11T16:56:16.083+0000] {processor.py:183} INFO - Processing /usr/local/lib/python3.8/dist-packages/airflow/example_dags/example_latest_only.py took 0.104 seconds
[2024-03-11T16:57:08.031+0000] {processor.py:161} INFO - Started process (PID=1600) to work on /usr/local/lib/python3.8/dist-packages/airflow/example_dags/example_latest_only.py
[2024-03-11T16:57:08.033+0000] {processor.py:830} INFO - Processing file /usr/local/lib/python3.8/dist-packages/airflow/example_dags/example_latest_only.py for tasks to queue
[2024-03-11T16:57:08.034+0000] {logging_mixin.py:188} INFO - [2024-03-11T16:57:08.034+0000] {dagbag.py:540} INFO - Filling up the DagBag from /usr/local/lib/python3.8/dist-packages/airflow/example_dags/example_latest_only.py
[2024-03-11T16:57:08.039+0000] {processor.py:840} INFO - DAG(s) 'latest_only' retrieved from /usr/local/lib/python3.8/dist-packages/airflow/example_dags/example_latest_only.py
[2024-03-11T16:57:08.054+0000] {logging_mixin.py:188} INFO - [2024-03-11T16:57:08.054+0000] {dag.py:3047} INFO - Sync 1 DAGs
[2024-03-11T16:57:08.074+0000] {logging_mixin.py:188} INFO - [2024-03-11T16:57:08.074+0000] {dag.py:3834} INFO - Setting next_dagrun for latest_only to 2024-03-11 12:00:00+00:00, run_after=2024-03-11 16:00:00+00:00
[2024-03-11T16:57:08.101+0000] {processor.py:183} INFO - Processing /usr/local/lib/python3.8/dist-packages/airflow/example_dags/example_latest_only.py took 0.073 seconds
[2024-03-11T16:58:03.087+0000] {processor.py:161} INFO - Started process (PID=1772) to work on /usr/local/lib/python3.8/dist-packages/airflow/example_dags/example_latest_only.py
[2024-03-11T16:58:03.089+0000] {processor.py:830} INFO - Processing file /usr/local/lib/python3.8/dist-packages/airflow/example_dags/example_latest_only.py for tasks to queue
[2024-03-11T16:58:03.090+0000] {logging_mixin.py:188} INFO - [2024-03-11T16:58:03.090+0000] {dagbag.py:540} INFO - Filling up the DagBag from /usr/local/lib/python3.8/dist-packages/airflow/example_dags/example_latest_only.py
[2024-03-11T16:58:03.096+0000] {processor.py:840} INFO - DAG(s) 'latest_only' retrieved from /usr/local/lib/python3.8/dist-packages/airflow/example_dags/example_latest_only.py
[2024-03-11T16:58:03.112+0000] {logging_mixin.py:188} INFO - [2024-03-11T16:58:03.111+0000] {dag.py:3047} INFO - Sync 1 DAGs
[2024-03-11T16:58:03.133+0000] {logging_mixin.py:188} INFO - [2024-03-11T16:58:03.133+0000] {dag.py:3834} INFO - Setting next_dagrun for latest_only to 2024-03-11 12:00:00+00:00, run_after=2024-03-11 16:00:00+00:00
[2024-03-11T16:58:03.163+0000] {processor.py:183} INFO - Processing /usr/local/lib/python3.8/dist-packages/airflow/example_dags/example_latest_only.py took 0.079 seconds
[2024-03-11T17:07:22.722+0000] {processor.py:161} INFO - Started process (PID=2101) to work on /usr/local/lib/python3.8/dist-packages/airflow/example_dags/example_latest_only.py
[2024-03-11T17:07:22.724+0000] {processor.py:830} INFO - Processing file /usr/local/lib/python3.8/dist-packages/airflow/example_dags/example_latest_only.py for tasks to queue
[2024-03-11T17:07:22.725+0000] {logging_mixin.py:188} INFO - [2024-03-11T17:07:22.725+0000] {dagbag.py:540} INFO - Filling up the DagBag from /usr/local/lib/python3.8/dist-packages/airflow/example_dags/example_latest_only.py
[2024-03-11T17:07:22.731+0000] {processor.py:840} INFO - DAG(s) 'latest_only' retrieved from /usr/local/lib/python3.8/dist-packages/airflow/example_dags/example_latest_only.py
[2024-03-11T17:07:22.748+0000] {logging_mixin.py:188} INFO - [2024-03-11T17:07:22.748+0000] {dag.py:3047} INFO - Sync 1 DAGs
[2024-03-11T17:07:22.847+0000] {logging_mixin.py:188} INFO - [2024-03-11T17:07:22.847+0000] {dag.py:3834} INFO - Setting next_dagrun for latest_only to 2024-03-11 12:00:00+00:00, run_after=2024-03-11 16:00:00+00:00
[2024-03-11T17:07:22.871+0000] {processor.py:183} INFO - Processing /usr/local/lib/python3.8/dist-packages/airflow/example_dags/example_latest_only.py took 0.152 seconds
[2024-03-11T17:08:47.140+0000] {processor.py:161} INFO - Started process (PID=2317) to work on /usr/local/lib/python3.8/dist-packages/airflow/example_dags/example_latest_only.py
[2024-03-11T17:08:47.142+0000] {processor.py:830} INFO - Processing file /usr/local/lib/python3.8/dist-packages/airflow/example_dags/example_latest_only.py for tasks to queue
[2024-03-11T17:08:47.143+0000] {logging_mixin.py:188} INFO - [2024-03-11T17:08:47.142+0000] {dagbag.py:540} INFO - Filling up the DagBag from /usr/local/lib/python3.8/dist-packages/airflow/example_dags/example_latest_only.py
[2024-03-11T17:08:47.148+0000] {processor.py:840} INFO - DAG(s) 'latest_only' retrieved from /usr/local/lib/python3.8/dist-packages/airflow/example_dags/example_latest_only.py
[2024-03-11T17:08:47.166+0000] {logging_mixin.py:188} INFO - [2024-03-11T17:08:47.165+0000] {dag.py:3047} INFO - Sync 1 DAGs
[2024-03-11T17:08:47.286+0000] {logging_mixin.py:188} INFO - [2024-03-11T17:08:47.285+0000] {dag.py:3834} INFO - Setting next_dagrun for latest_only to 2024-03-11 12:00:00+00:00, run_after=2024-03-11 16:00:00+00:00
[2024-03-11T17:08:47.362+0000] {processor.py:183} INFO - Processing /usr/local/lib/python3.8/dist-packages/airflow/example_dags/example_latest_only.py took 0.225 seconds
[2024-03-11T17:09:44.423+0000] {processor.py:161} INFO - Started process (PID=2395) to work on /usr/local/lib/python3.8/dist-packages/airflow/example_dags/example_latest_only.py
[2024-03-11T17:09:44.425+0000] {processor.py:830} INFO - Processing file /usr/local/lib/python3.8/dist-packages/airflow/example_dags/example_latest_only.py for tasks to queue
[2024-03-11T17:09:44.426+0000] {logging_mixin.py:188} INFO - [2024-03-11T17:09:44.425+0000] {dagbag.py:540} INFO - Filling up the DagBag from /usr/local/lib/python3.8/dist-packages/airflow/example_dags/example_latest_only.py
[2024-03-11T17:09:44.432+0000] {processor.py:840} INFO - DAG(s) 'latest_only' retrieved from /usr/local/lib/python3.8/dist-packages/airflow/example_dags/example_latest_only.py
[2024-03-11T17:09:44.448+0000] {logging_mixin.py:188} INFO - [2024-03-11T17:09:44.448+0000] {dag.py:3047} INFO - Sync 1 DAGs
[2024-03-11T17:09:44.470+0000] {logging_mixin.py:188} INFO - [2024-03-11T17:09:44.470+0000] {dag.py:3834} INFO - Setting next_dagrun for latest_only to 2024-03-11 12:00:00+00:00, run_after=2024-03-11 16:00:00+00:00
[2024-03-11T17:09:44.500+0000] {processor.py:183} INFO - Processing /usr/local/lib/python3.8/dist-packages/airflow/example_dags/example_latest_only.py took 0.080 seconds
[2024-03-11T17:10:43.507+0000] {processor.py:161} INFO - Started process (PID=2473) to work on /usr/local/lib/python3.8/dist-packages/airflow/example_dags/example_latest_only.py
[2024-03-11T17:10:43.510+0000] {processor.py:830} INFO - Processing file /usr/local/lib/python3.8/dist-packages/airflow/example_dags/example_latest_only.py for tasks to queue
[2024-03-11T17:10:43.511+0000] {logging_mixin.py:188} INFO - [2024-03-11T17:10:43.510+0000] {dagbag.py:540} INFO - Filling up the DagBag from /usr/local/lib/python3.8/dist-packages/airflow/example_dags/example_latest_only.py
[2024-03-11T17:10:43.516+0000] {processor.py:840} INFO - DAG(s) 'latest_only' retrieved from /usr/local/lib/python3.8/dist-packages/airflow/example_dags/example_latest_only.py
[2024-03-11T17:10:43.533+0000] {logging_mixin.py:188} INFO - [2024-03-11T17:10:43.533+0000] {dag.py:3047} INFO - Sync 1 DAGs
[2024-03-11T17:10:43.555+0000] {logging_mixin.py:188} INFO - [2024-03-11T17:10:43.555+0000] {dag.py:3834} INFO - Setting next_dagrun for latest_only to 2024-03-11 12:00:00+00:00, run_after=2024-03-11 16:00:00+00:00
[2024-03-11T17:10:43.586+0000] {processor.py:183} INFO - Processing /usr/local/lib/python3.8/dist-packages/airflow/example_dags/example_latest_only.py took 0.081 seconds
[2024-03-11T17:12:04.874+0000] {processor.py:161} INFO - Started process (PID=2581) to work on /usr/local/lib/python3.8/dist-packages/airflow/example_dags/example_latest_only.py
[2024-03-11T17:12:04.876+0000] {processor.py:830} INFO - Processing file /usr/local/lib/python3.8/dist-packages/airflow/example_dags/example_latest_only.py for tasks to queue
[2024-03-11T17:12:04.877+0000] {logging_mixin.py:188} INFO - [2024-03-11T17:12:04.877+0000] {dagbag.py:540} INFO - Filling up the DagBag from /usr/local/lib/python3.8/dist-packages/airflow/example_dags/example_latest_only.py
[2024-03-11T17:12:04.883+0000] {processor.py:840} INFO - DAG(s) 'latest_only' retrieved from /usr/local/lib/python3.8/dist-packages/airflow/example_dags/example_latest_only.py
[2024-03-11T17:12:04.902+0000] {logging_mixin.py:188} INFO - [2024-03-11T17:12:04.902+0000] {dag.py:3047} INFO - Sync 1 DAGs
[2024-03-11T17:12:05.009+0000] {logging_mixin.py:188} INFO - [2024-03-11T17:12:05.009+0000] {dag.py:3834} INFO - Setting next_dagrun for latest_only to 2024-03-11 12:00:00+00:00, run_after=2024-03-11 16:00:00+00:00
[2024-03-11T17:12:05.033+0000] {processor.py:183} INFO - Processing /usr/local/lib/python3.8/dist-packages/airflow/example_dags/example_latest_only.py took 0.162 seconds
[2024-03-11T17:13:02.975+0000] {processor.py:161} INFO - Started process (PID=2659) to work on /usr/local/lib/python3.8/dist-packages/airflow/example_dags/example_latest_only.py
[2024-03-11T17:13:02.977+0000] {processor.py:830} INFO - Processing file /usr/local/lib/python3.8/dist-packages/airflow/example_dags/example_latest_only.py for tasks to queue
[2024-03-11T17:13:02.978+0000] {logging_mixin.py:188} INFO - [2024-03-11T17:13:02.978+0000] {dagbag.py:540} INFO - Filling up the DagBag from /usr/local/lib/python3.8/dist-packages/airflow/example_dags/example_latest_only.py
[2024-03-11T17:13:02.984+0000] {processor.py:840} INFO - DAG(s) 'latest_only' retrieved from /usr/local/lib/python3.8/dist-packages/airflow/example_dags/example_latest_only.py
[2024-03-11T17:13:03.000+0000] {logging_mixin.py:188} INFO - [2024-03-11T17:13:03.000+0000] {dag.py:3047} INFO - Sync 1 DAGs
[2024-03-11T17:13:03.022+0000] {logging_mixin.py:188} INFO - [2024-03-11T17:13:03.022+0000] {dag.py:3834} INFO - Setting next_dagrun for latest_only to 2024-03-11 12:00:00+00:00, run_after=2024-03-11 16:00:00+00:00
[2024-03-11T17:13:03.048+0000] {processor.py:183} INFO - Processing /usr/local/lib/python3.8/dist-packages/airflow/example_dags/example_latest_only.py took 0.076 seconds
[2024-03-11T17:13:58.558+0000] {processor.py:161} INFO - Started process (PID=2780) to work on /usr/local/lib/python3.8/dist-packages/airflow/example_dags/example_latest_only.py
[2024-03-11T17:13:58.560+0000] {processor.py:830} INFO - Processing file /usr/local/lib/python3.8/dist-packages/airflow/example_dags/example_latest_only.py for tasks to queue
[2024-03-11T17:13:58.561+0000] {logging_mixin.py:188} INFO - [2024-03-11T17:13:58.560+0000] {dagbag.py:540} INFO - Filling up the DagBag from /usr/local/lib/python3.8/dist-packages/airflow/example_dags/example_latest_only.py
[2024-03-11T17:13:58.566+0000] {processor.py:840} INFO - DAG(s) 'latest_only' retrieved from /usr/local/lib/python3.8/dist-packages/airflow/example_dags/example_latest_only.py
[2024-03-11T17:13:58.583+0000] {logging_mixin.py:188} INFO - [2024-03-11T17:13:58.582+0000] {dag.py:3047} INFO - Sync 1 DAGs
[2024-03-11T17:13:58.604+0000] {logging_mixin.py:188} INFO - [2024-03-11T17:13:58.604+0000] {dag.py:3834} INFO - Setting next_dagrun for latest_only to 2024-03-11 12:00:00+00:00, run_after=2024-03-11 16:00:00+00:00
[2024-03-11T17:13:58.634+0000] {processor.py:183} INFO - Processing /usr/local/lib/python3.8/dist-packages/airflow/example_dags/example_latest_only.py took 0.080 seconds
[2024-03-11T17:15:16.746+0000] {processor.py:161} INFO - Started process (PID=2932) to work on /usr/local/lib/python3.8/dist-packages/airflow/example_dags/example_latest_only.py
[2024-03-11T17:15:16.748+0000] {processor.py:830} INFO - Processing file /usr/local/lib/python3.8/dist-packages/airflow/example_dags/example_latest_only.py for tasks to queue
[2024-03-11T17:15:16.749+0000] {logging_mixin.py:188} INFO - [2024-03-11T17:15:16.749+0000] {dagbag.py:540} INFO - Filling up the DagBag from /usr/local/lib/python3.8/dist-packages/airflow/example_dags/example_latest_only.py
[2024-03-11T17:15:16.755+0000] {processor.py:840} INFO - DAG(s) 'latest_only' retrieved from /usr/local/lib/python3.8/dist-packages/airflow/example_dags/example_latest_only.py
[2024-03-11T17:15:16.772+0000] {logging_mixin.py:188} INFO - [2024-03-11T17:15:16.771+0000] {dag.py:3047} INFO - Sync 1 DAGs
[2024-03-11T17:15:16.793+0000] {logging_mixin.py:188} INFO - [2024-03-11T17:15:16.793+0000] {dag.py:3834} INFO - Setting next_dagrun for latest_only to 2024-03-11 12:00:00+00:00, run_after=2024-03-11 16:00:00+00:00
[2024-03-11T17:15:16.824+0000] {processor.py:183} INFO - Processing /usr/local/lib/python3.8/dist-packages/airflow/example_dags/example_latest_only.py took 0.081 seconds
[2024-03-11T17:16:12.463+0000] {processor.py:161} INFO - Started process (PID=3010) to work on /usr/local/lib/python3.8/dist-packages/airflow/example_dags/example_latest_only.py
[2024-03-11T17:16:12.465+0000] {processor.py:830} INFO - Processing file /usr/local/lib/python3.8/dist-packages/airflow/example_dags/example_latest_only.py for tasks to queue
[2024-03-11T17:16:12.466+0000] {logging_mixin.py:188} INFO - [2024-03-11T17:16:12.466+0000] {dagbag.py:540} INFO - Filling up the DagBag from /usr/local/lib/python3.8/dist-packages/airflow/example_dags/example_latest_only.py
[2024-03-11T17:16:12.472+0000] {processor.py:840} INFO - DAG(s) 'latest_only' retrieved from /usr/local/lib/python3.8/dist-packages/airflow/example_dags/example_latest_only.py
[2024-03-11T17:16:12.489+0000] {logging_mixin.py:188} INFO - [2024-03-11T17:16:12.489+0000] {dag.py:3047} INFO - Sync 1 DAGs
[2024-03-11T17:16:12.512+0000] {logging_mixin.py:188} INFO - [2024-03-11T17:16:12.511+0000] {dag.py:3834} INFO - Setting next_dagrun for latest_only to 2024-03-11 12:00:00+00:00, run_after=2024-03-11 16:00:00+00:00
[2024-03-11T17:16:12.540+0000] {processor.py:183} INFO - Processing /usr/local/lib/python3.8/dist-packages/airflow/example_dags/example_latest_only.py took 0.080 seconds
[2024-03-11T17:17:06.075+0000] {processor.py:161} INFO - Started process (PID=3074) to work on /usr/local/lib/python3.8/dist-packages/airflow/example_dags/example_latest_only.py
[2024-03-11T17:17:06.077+0000] {processor.py:830} INFO - Processing file /usr/local/lib/python3.8/dist-packages/airflow/example_dags/example_latest_only.py for tasks to queue
[2024-03-11T17:17:06.078+0000] {logging_mixin.py:188} INFO - [2024-03-11T17:17:06.078+0000] {dagbag.py:540} INFO - Filling up the DagBag from /usr/local/lib/python3.8/dist-packages/airflow/example_dags/example_latest_only.py
[2024-03-11T17:17:06.084+0000] {processor.py:840} INFO - DAG(s) 'latest_only' retrieved from /usr/local/lib/python3.8/dist-packages/airflow/example_dags/example_latest_only.py
[2024-03-11T17:17:06.100+0000] {logging_mixin.py:188} INFO - [2024-03-11T17:17:06.100+0000] {dag.py:3047} INFO - Sync 1 DAGs
[2024-03-11T17:17:06.121+0000] {logging_mixin.py:188} INFO - [2024-03-11T17:17:06.121+0000] {dag.py:3834} INFO - Setting next_dagrun for latest_only to 2024-03-11 12:00:00+00:00, run_after=2024-03-11 16:00:00+00:00
[2024-03-11T17:17:06.149+0000] {processor.py:183} INFO - Processing /usr/local/lib/python3.8/dist-packages/airflow/example_dags/example_latest_only.py took 0.077 seconds
[2024-03-11T17:18:01.708+0000] {processor.py:161} INFO - Started process (PID=3145) to work on /usr/local/lib/python3.8/dist-packages/airflow/example_dags/example_latest_only.py
[2024-03-11T17:18:01.710+0000] {processor.py:830} INFO - Processing file /usr/local/lib/python3.8/dist-packages/airflow/example_dags/example_latest_only.py for tasks to queue
[2024-03-11T17:18:01.711+0000] {logging_mixin.py:188} INFO - [2024-03-11T17:18:01.710+0000] {dagbag.py:540} INFO - Filling up the DagBag from /usr/local/lib/python3.8/dist-packages/airflow/example_dags/example_latest_only.py
[2024-03-11T17:18:01.716+0000] {processor.py:840} INFO - DAG(s) 'latest_only' retrieved from /usr/local/lib/python3.8/dist-packages/airflow/example_dags/example_latest_only.py
[2024-03-11T17:18:01.730+0000] {logging_mixin.py:188} INFO - [2024-03-11T17:18:01.730+0000] {dag.py:3047} INFO - Sync 1 DAGs
[2024-03-11T17:18:01.747+0000] {logging_mixin.py:188} INFO - [2024-03-11T17:18:01.747+0000] {dag.py:3834} INFO - Setting next_dagrun for latest_only to 2024-03-11 12:00:00+00:00, run_after=2024-03-11 16:00:00+00:00
[2024-03-11T17:18:01.772+0000] {processor.py:183} INFO - Processing /usr/local/lib/python3.8/dist-packages/airflow/example_dags/example_latest_only.py took 0.068 seconds
[2024-03-11T17:18:56.868+0000] {processor.py:161} INFO - Started process (PID=3221) to work on /usr/local/lib/python3.8/dist-packages/airflow/example_dags/example_latest_only.py
[2024-03-11T17:18:56.870+0000] {processor.py:830} INFO - Processing file /usr/local/lib/python3.8/dist-packages/airflow/example_dags/example_latest_only.py for tasks to queue
[2024-03-11T17:18:56.871+0000] {logging_mixin.py:188} INFO - [2024-03-11T17:18:56.871+0000] {dagbag.py:540} INFO - Filling up the DagBag from /usr/local/lib/python3.8/dist-packages/airflow/example_dags/example_latest_only.py
[2024-03-11T17:18:56.877+0000] {processor.py:840} INFO - DAG(s) 'latest_only' retrieved from /usr/local/lib/python3.8/dist-packages/airflow/example_dags/example_latest_only.py
[2024-03-11T17:18:56.896+0000] {logging_mixin.py:188} INFO - [2024-03-11T17:18:56.896+0000] {dag.py:3047} INFO - Sync 1 DAGs
[2024-03-11T17:18:56.922+0000] {logging_mixin.py:188} INFO - [2024-03-11T17:18:56.922+0000] {dag.py:3834} INFO - Setting next_dagrun for latest_only to 2024-03-11 12:00:00+00:00, run_after=2024-03-11 16:00:00+00:00
[2024-03-11T17:18:56.955+0000] {processor.py:183} INFO - Processing /usr/local/lib/python3.8/dist-packages/airflow/example_dags/example_latest_only.py took 0.090 seconds
[2024-03-11T17:19:50.802+0000] {processor.py:161} INFO - Started process (PID=3286) to work on /usr/local/lib/python3.8/dist-packages/airflow/example_dags/example_latest_only.py
[2024-03-11T17:19:50.804+0000] {processor.py:830} INFO - Processing file /usr/local/lib/python3.8/dist-packages/airflow/example_dags/example_latest_only.py for tasks to queue
[2024-03-11T17:19:50.805+0000] {logging_mixin.py:188} INFO - [2024-03-11T17:19:50.805+0000] {dagbag.py:540} INFO - Filling up the DagBag from /usr/local/lib/python3.8/dist-packages/airflow/example_dags/example_latest_only.py
[2024-03-11T17:19:50.811+0000] {processor.py:840} INFO - DAG(s) 'latest_only' retrieved from /usr/local/lib/python3.8/dist-packages/airflow/example_dags/example_latest_only.py
[2024-03-11T17:19:50.828+0000] {logging_mixin.py:188} INFO - [2024-03-11T17:19:50.828+0000] {dag.py:3047} INFO - Sync 1 DAGs
[2024-03-11T17:19:50.850+0000] {logging_mixin.py:188} INFO - [2024-03-11T17:19:50.849+0000] {dag.py:3834} INFO - Setting next_dagrun for latest_only to 2024-03-11 12:00:00+00:00, run_after=2024-03-11 16:00:00+00:00
[2024-03-11T17:19:50.877+0000] {processor.py:183} INFO - Processing /usr/local/lib/python3.8/dist-packages/airflow/example_dags/example_latest_only.py took 0.077 seconds
[2024-03-11T17:20:44.447+0000] {processor.py:161} INFO - Started process (PID=3355) to work on /usr/local/lib/python3.8/dist-packages/airflow/example_dags/example_latest_only.py
[2024-03-11T17:20:44.449+0000] {processor.py:830} INFO - Processing file /usr/local/lib/python3.8/dist-packages/airflow/example_dags/example_latest_only.py for tasks to queue
[2024-03-11T17:20:44.450+0000] {logging_mixin.py:188} INFO - [2024-03-11T17:20:44.449+0000] {dagbag.py:540} INFO - Filling up the DagBag from /usr/local/lib/python3.8/dist-packages/airflow/example_dags/example_latest_only.py
[2024-03-11T17:20:44.455+0000] {processor.py:840} INFO - DAG(s) 'latest_only' retrieved from /usr/local/lib/python3.8/dist-packages/airflow/example_dags/example_latest_only.py
[2024-03-11T17:20:44.470+0000] {logging_mixin.py:188} INFO - [2024-03-11T17:20:44.470+0000] {dag.py:3047} INFO - Sync 1 DAGs
[2024-03-11T17:20:44.488+0000] {logging_mixin.py:188} INFO - [2024-03-11T17:20:44.488+0000] {dag.py:3834} INFO - Setting next_dagrun for latest_only to 2024-03-11 12:00:00+00:00, run_after=2024-03-11 16:00:00+00:00
[2024-03-11T17:20:44.512+0000] {processor.py:183} INFO - Processing /usr/local/lib/python3.8/dist-packages/airflow/example_dags/example_latest_only.py took 0.069 seconds
[2024-03-11T17:21:36.643+0000] {processor.py:161} INFO - Started process (PID=3431) to work on /usr/local/lib/python3.8/dist-packages/airflow/example_dags/example_latest_only.py
[2024-03-11T17:21:36.645+0000] {processor.py:830} INFO - Processing file /usr/local/lib/python3.8/dist-packages/airflow/example_dags/example_latest_only.py for tasks to queue
[2024-03-11T17:21:36.646+0000] {logging_mixin.py:188} INFO - [2024-03-11T17:21:36.646+0000] {dagbag.py:540} INFO - Filling up the DagBag from /usr/local/lib/python3.8/dist-packages/airflow/example_dags/example_latest_only.py
[2024-03-11T17:21:36.652+0000] {processor.py:840} INFO - DAG(s) 'latest_only' retrieved from /usr/local/lib/python3.8/dist-packages/airflow/example_dags/example_latest_only.py
[2024-03-11T17:21:36.667+0000] {logging_mixin.py:188} INFO - [2024-03-11T17:21:36.666+0000] {dag.py:3047} INFO - Sync 1 DAGs
[2024-03-11T17:21:36.684+0000] {logging_mixin.py:188} INFO - [2024-03-11T17:21:36.684+0000] {dag.py:3834} INFO - Setting next_dagrun for latest_only to 2024-03-11 12:00:00+00:00, run_after=2024-03-11 16:00:00+00:00
[2024-03-11T17:21:36.710+0000] {processor.py:183} INFO - Processing /usr/local/lib/python3.8/dist-packages/airflow/example_dags/example_latest_only.py took 0.070 seconds
