[2024-03-11T15:40:19.484+0000] {processor.py:161} INFO - Started process (PID=501) to work on /usr/local/lib/python3.8/dist-packages/airflow/example_dags/tutorial.py
[2024-03-11T15:40:19.485+0000] {processor.py:830} INFO - Processing file /usr/local/lib/python3.8/dist-packages/airflow/example_dags/tutorial.py for tasks to queue
[2024-03-11T15:40:19.486+0000] {logging_mixin.py:188} INFO - [2024-03-11T15:40:19.485+0000] {dagbag.py:540} INFO - Filling up the DagBag from /usr/local/lib/python3.8/dist-packages/airflow/example_dags/tutorial.py
[2024-03-11T15:40:19.493+0000] {processor.py:840} INFO - DAG(s) 'tutorial' retrieved from /usr/local/lib/python3.8/dist-packages/airflow/example_dags/tutorial.py
[2024-03-11T15:40:19.729+0000] {logging_mixin.py:188} INFO - [2024-03-11T15:40:19.729+0000] {override.py:1769} INFO - Created Permission View: can delete on DAG:tutorial
[2024-03-11T15:40:19.749+0000] {logging_mixin.py:188} INFO - [2024-03-11T15:40:19.748+0000] {override.py:1769} INFO - Created Permission View: can read on DAG:tutorial
[2024-03-11T15:40:19.766+0000] {logging_mixin.py:188} INFO - [2024-03-11T15:40:19.766+0000] {override.py:1769} INFO - Created Permission View: can edit on DAG:tutorial
[2024-03-11T15:40:19.767+0000] {logging_mixin.py:188} INFO - [2024-03-11T15:40:19.767+0000] {dag.py:3047} INFO - Sync 1 DAGs
[2024-03-11T15:40:19.778+0000] {logging_mixin.py:188} INFO - [2024-03-11T15:40:19.778+0000] {dag.py:3069} INFO - Creating ORM DAG for tutorial
[2024-03-11T15:40:19.787+0000] {logging_mixin.py:188} INFO - [2024-03-11T15:40:19.787+0000] {dag.py:3834} INFO - Setting next_dagrun for tutorial to 2024-03-10 00:00:00+00:00, run_after=2024-03-11 00:00:00+00:00
[2024-03-11T15:40:19.820+0000] {processor.py:183} INFO - Processing /usr/local/lib/python3.8/dist-packages/airflow/example_dags/tutorial.py took 0.340 seconds
[2024-03-11T15:41:15.340+0000] {processor.py:161} INFO - Started process (PID=574) to work on /usr/local/lib/python3.8/dist-packages/airflow/example_dags/tutorial.py
[2024-03-11T15:41:15.342+0000] {processor.py:830} INFO - Processing file /usr/local/lib/python3.8/dist-packages/airflow/example_dags/tutorial.py for tasks to queue
[2024-03-11T15:41:15.343+0000] {logging_mixin.py:188} INFO - [2024-03-11T15:41:15.343+0000] {dagbag.py:540} INFO - Filling up the DagBag from /usr/local/lib/python3.8/dist-packages/airflow/example_dags/tutorial.py
[2024-03-11T15:41:15.351+0000] {processor.py:840} INFO - DAG(s) 'tutorial' retrieved from /usr/local/lib/python3.8/dist-packages/airflow/example_dags/tutorial.py
[2024-03-11T15:41:15.368+0000] {logging_mixin.py:188} INFO - [2024-03-11T15:41:15.368+0000] {dag.py:3047} INFO - Sync 1 DAGs
[2024-03-11T15:41:15.396+0000] {logging_mixin.py:188} INFO - [2024-03-11T15:41:15.395+0000] {dag.py:3834} INFO - Setting next_dagrun for tutorial to 2024-03-10 00:00:00+00:00, run_after=2024-03-11 00:00:00+00:00
[2024-03-11T15:41:15.425+0000] {processor.py:183} INFO - Processing /usr/local/lib/python3.8/dist-packages/airflow/example_dags/tutorial.py took 0.088 seconds
[2024-03-11T15:42:03.557+0000] {processor.py:161} INFO - Started process (PID=622) to work on /usr/local/lib/python3.8/dist-packages/airflow/example_dags/tutorial.py
[2024-03-11T15:42:03.559+0000] {processor.py:830} INFO - Processing file /usr/local/lib/python3.8/dist-packages/airflow/example_dags/tutorial.py for tasks to queue
[2024-03-11T15:42:03.560+0000] {logging_mixin.py:188} INFO - [2024-03-11T15:42:03.560+0000] {dagbag.py:540} INFO - Filling up the DagBag from /usr/local/lib/python3.8/dist-packages/airflow/example_dags/tutorial.py
[2024-03-11T15:42:03.567+0000] {processor.py:840} INFO - DAG(s) 'tutorial' retrieved from /usr/local/lib/python3.8/dist-packages/airflow/example_dags/tutorial.py
[2024-03-11T15:42:03.585+0000] {logging_mixin.py:188} INFO - [2024-03-11T15:42:03.584+0000] {dag.py:3047} INFO - Sync 1 DAGs
[2024-03-11T15:42:03.609+0000] {logging_mixin.py:188} INFO - [2024-03-11T15:42:03.609+0000] {dag.py:3834} INFO - Setting next_dagrun for tutorial to 2024-03-10 00:00:00+00:00, run_after=2024-03-11 00:00:00+00:00
[2024-03-11T15:42:03.642+0000] {processor.py:183} INFO - Processing /usr/local/lib/python3.8/dist-packages/airflow/example_dags/tutorial.py took 0.089 seconds
[2024-03-11T15:42:59.467+0000] {processor.py:161} INFO - Started process (PID=677) to work on /usr/local/lib/python3.8/dist-packages/airflow/example_dags/tutorial.py
[2024-03-11T15:42:59.469+0000] {processor.py:830} INFO - Processing file /usr/local/lib/python3.8/dist-packages/airflow/example_dags/tutorial.py for tasks to queue
[2024-03-11T15:42:59.470+0000] {logging_mixin.py:188} INFO - [2024-03-11T15:42:59.469+0000] {dagbag.py:540} INFO - Filling up the DagBag from /usr/local/lib/python3.8/dist-packages/airflow/example_dags/tutorial.py
[2024-03-11T15:42:59.477+0000] {processor.py:840} INFO - DAG(s) 'tutorial' retrieved from /usr/local/lib/python3.8/dist-packages/airflow/example_dags/tutorial.py
[2024-03-11T15:42:59.493+0000] {logging_mixin.py:188} INFO - [2024-03-11T15:42:59.493+0000] {dag.py:3047} INFO - Sync 1 DAGs
[2024-03-11T15:42:59.516+0000] {logging_mixin.py:188} INFO - [2024-03-11T15:42:59.516+0000] {dag.py:3834} INFO - Setting next_dagrun for tutorial to 2024-03-10 00:00:00+00:00, run_after=2024-03-11 00:00:00+00:00
[2024-03-11T15:42:59.547+0000] {processor.py:183} INFO - Processing /usr/local/lib/python3.8/dist-packages/airflow/example_dags/tutorial.py took 0.083 seconds
[2024-03-11T15:43:46.635+0000] {processor.py:161} INFO - Started process (PID=722) to work on /usr/local/lib/python3.8/dist-packages/airflow/example_dags/tutorial.py
[2024-03-11T15:43:46.637+0000] {processor.py:830} INFO - Processing file /usr/local/lib/python3.8/dist-packages/airflow/example_dags/tutorial.py for tasks to queue
[2024-03-11T15:43:46.638+0000] {logging_mixin.py:188} INFO - [2024-03-11T15:43:46.638+0000] {dagbag.py:540} INFO - Filling up the DagBag from /usr/local/lib/python3.8/dist-packages/airflow/example_dags/tutorial.py
[2024-03-11T15:43:46.646+0000] {processor.py:840} INFO - DAG(s) 'tutorial' retrieved from /usr/local/lib/python3.8/dist-packages/airflow/example_dags/tutorial.py
[2024-03-11T15:43:46.663+0000] {logging_mixin.py:188} INFO - [2024-03-11T15:43:46.663+0000] {dag.py:3047} INFO - Sync 1 DAGs
[2024-03-11T15:43:46.685+0000] {logging_mixin.py:188} INFO - [2024-03-11T15:43:46.685+0000] {dag.py:3834} INFO - Setting next_dagrun for tutorial to 2024-03-10 00:00:00+00:00, run_after=2024-03-11 00:00:00+00:00
[2024-03-11T15:43:46.716+0000] {processor.py:183} INFO - Processing /usr/local/lib/python3.8/dist-packages/airflow/example_dags/tutorial.py took 0.084 seconds
[2024-03-11T15:44:43.528+0000] {processor.py:161} INFO - Started process (PID=778) to work on /usr/local/lib/python3.8/dist-packages/airflow/example_dags/tutorial.py
[2024-03-11T15:44:43.531+0000] {processor.py:830} INFO - Processing file /usr/local/lib/python3.8/dist-packages/airflow/example_dags/tutorial.py for tasks to queue
[2024-03-11T15:44:43.532+0000] {logging_mixin.py:188} INFO - [2024-03-11T15:44:43.531+0000] {dagbag.py:540} INFO - Filling up the DagBag from /usr/local/lib/python3.8/dist-packages/airflow/example_dags/tutorial.py
[2024-03-11T15:44:43.539+0000] {processor.py:840} INFO - DAG(s) 'tutorial' retrieved from /usr/local/lib/python3.8/dist-packages/airflow/example_dags/tutorial.py
[2024-03-11T15:44:43.557+0000] {logging_mixin.py:188} INFO - [2024-03-11T15:44:43.556+0000] {dag.py:3047} INFO - Sync 1 DAGs
[2024-03-11T15:44:43.579+0000] {logging_mixin.py:188} INFO - [2024-03-11T15:44:43.579+0000] {dag.py:3834} INFO - Setting next_dagrun for tutorial to 2024-03-10 00:00:00+00:00, run_after=2024-03-11 00:00:00+00:00
[2024-03-11T15:44:43.609+0000] {processor.py:183} INFO - Processing /usr/local/lib/python3.8/dist-packages/airflow/example_dags/tutorial.py took 0.085 seconds
[2024-03-11T15:45:39.563+0000] {processor.py:161} INFO - Started process (PID=833) to work on /usr/local/lib/python3.8/dist-packages/airflow/example_dags/tutorial.py
[2024-03-11T15:45:39.570+0000] {processor.py:830} INFO - Processing file /usr/local/lib/python3.8/dist-packages/airflow/example_dags/tutorial.py for tasks to queue
[2024-03-11T15:45:39.571+0000] {logging_mixin.py:188} INFO - [2024-03-11T15:45:39.571+0000] {dagbag.py:540} INFO - Filling up the DagBag from /usr/local/lib/python3.8/dist-packages/airflow/example_dags/tutorial.py
[2024-03-11T15:45:39.579+0000] {processor.py:840} INFO - DAG(s) 'tutorial' retrieved from /usr/local/lib/python3.8/dist-packages/airflow/example_dags/tutorial.py
[2024-03-11T15:45:39.597+0000] {logging_mixin.py:188} INFO - [2024-03-11T15:45:39.596+0000] {dag.py:3047} INFO - Sync 1 DAGs
[2024-03-11T15:45:39.626+0000] {logging_mixin.py:188} INFO - [2024-03-11T15:45:39.626+0000] {dag.py:3834} INFO - Setting next_dagrun for tutorial to 2024-03-10 00:00:00+00:00, run_after=2024-03-11 00:00:00+00:00
[2024-03-11T15:45:39.657+0000] {processor.py:183} INFO - Processing /usr/local/lib/python3.8/dist-packages/airflow/example_dags/tutorial.py took 0.113 seconds
[2024-03-11T15:46:42.949+0000] {processor.py:161} INFO - Started process (PID=892) to work on /usr/local/lib/python3.8/dist-packages/airflow/example_dags/tutorial.py
[2024-03-11T15:46:42.951+0000] {processor.py:830} INFO - Processing file /usr/local/lib/python3.8/dist-packages/airflow/example_dags/tutorial.py for tasks to queue
[2024-03-11T15:46:42.952+0000] {logging_mixin.py:188} INFO - [2024-03-11T15:46:42.952+0000] {dagbag.py:540} INFO - Filling up the DagBag from /usr/local/lib/python3.8/dist-packages/airflow/example_dags/tutorial.py
[2024-03-11T15:46:42.960+0000] {processor.py:840} INFO - DAG(s) 'tutorial' retrieved from /usr/local/lib/python3.8/dist-packages/airflow/example_dags/tutorial.py
[2024-03-11T15:46:42.976+0000] {logging_mixin.py:188} INFO - [2024-03-11T15:46:42.976+0000] {dag.py:3047} INFO - Sync 1 DAGs
[2024-03-11T15:46:42.999+0000] {logging_mixin.py:188} INFO - [2024-03-11T15:46:42.999+0000] {dag.py:3834} INFO - Setting next_dagrun for tutorial to 2024-03-10 00:00:00+00:00, run_after=2024-03-11 00:00:00+00:00
[2024-03-11T15:46:43.029+0000] {processor.py:183} INFO - Processing /usr/local/lib/python3.8/dist-packages/airflow/example_dags/tutorial.py took 0.083 seconds
[2024-03-11T15:47:38.917+0000] {processor.py:161} INFO - Started process (PID=947) to work on /usr/local/lib/python3.8/dist-packages/airflow/example_dags/tutorial.py
[2024-03-11T15:47:38.919+0000] {processor.py:830} INFO - Processing file /usr/local/lib/python3.8/dist-packages/airflow/example_dags/tutorial.py for tasks to queue
[2024-03-11T15:47:38.920+0000] {logging_mixin.py:188} INFO - [2024-03-11T15:47:38.919+0000] {dagbag.py:540} INFO - Filling up the DagBag from /usr/local/lib/python3.8/dist-packages/airflow/example_dags/tutorial.py
[2024-03-11T15:47:38.927+0000] {processor.py:840} INFO - DAG(s) 'tutorial' retrieved from /usr/local/lib/python3.8/dist-packages/airflow/example_dags/tutorial.py
[2024-03-11T15:47:38.943+0000] {logging_mixin.py:188} INFO - [2024-03-11T15:47:38.943+0000] {dag.py:3047} INFO - Sync 1 DAGs
[2024-03-11T15:47:38.966+0000] {logging_mixin.py:188} INFO - [2024-03-11T15:47:38.966+0000] {dag.py:3834} INFO - Setting next_dagrun for tutorial to 2024-03-10 00:00:00+00:00, run_after=2024-03-11 00:00:00+00:00
[2024-03-11T15:47:38.997+0000] {processor.py:183} INFO - Processing /usr/local/lib/python3.8/dist-packages/airflow/example_dags/tutorial.py took 0.084 seconds
[2024-03-11T15:48:19.372+0000] {processor.py:161} INFO - Started process (PID=987) to work on /usr/local/lib/python3.8/dist-packages/airflow/example_dags/tutorial.py
[2024-03-11T15:48:19.374+0000] {processor.py:830} INFO - Processing file /usr/local/lib/python3.8/dist-packages/airflow/example_dags/tutorial.py for tasks to queue
[2024-03-11T15:48:19.375+0000] {logging_mixin.py:188} INFO - [2024-03-11T15:48:19.374+0000] {dagbag.py:540} INFO - Filling up the DagBag from /usr/local/lib/python3.8/dist-packages/airflow/example_dags/tutorial.py
[2024-03-11T15:48:19.382+0000] {processor.py:840} INFO - DAG(s) 'tutorial' retrieved from /usr/local/lib/python3.8/dist-packages/airflow/example_dags/tutorial.py
[2024-03-11T15:48:19.400+0000] {logging_mixin.py:188} INFO - [2024-03-11T15:48:19.400+0000] {dag.py:3047} INFO - Sync 1 DAGs
[2024-03-11T15:48:19.422+0000] {logging_mixin.py:188} INFO - [2024-03-11T15:48:19.421+0000] {dag.py:3834} INFO - Setting next_dagrun for tutorial to 2024-03-10 00:00:00+00:00, run_after=2024-03-11 00:00:00+00:00
[2024-03-11T15:48:19.455+0000] {processor.py:183} INFO - Processing /usr/local/lib/python3.8/dist-packages/airflow/example_dags/tutorial.py took 0.087 seconds
[2024-03-11T15:49:03.971+0000] {processor.py:161} INFO - Started process (PID=1029) to work on /usr/local/lib/python3.8/dist-packages/airflow/example_dags/tutorial.py
[2024-03-11T15:49:03.973+0000] {processor.py:830} INFO - Processing file /usr/local/lib/python3.8/dist-packages/airflow/example_dags/tutorial.py for tasks to queue
[2024-03-11T15:49:03.974+0000] {logging_mixin.py:188} INFO - [2024-03-11T15:49:03.973+0000] {dagbag.py:540} INFO - Filling up the DagBag from /usr/local/lib/python3.8/dist-packages/airflow/example_dags/tutorial.py
[2024-03-11T15:49:03.981+0000] {processor.py:840} INFO - DAG(s) 'tutorial' retrieved from /usr/local/lib/python3.8/dist-packages/airflow/example_dags/tutorial.py
[2024-03-11T15:49:03.999+0000] {logging_mixin.py:188} INFO - [2024-03-11T15:49:03.999+0000] {dag.py:3047} INFO - Sync 1 DAGs
[2024-03-11T15:49:04.022+0000] {logging_mixin.py:188} INFO - [2024-03-11T15:49:04.022+0000] {dag.py:3834} INFO - Setting next_dagrun for tutorial to 2024-03-10 00:00:00+00:00, run_after=2024-03-11 00:00:00+00:00
[2024-03-11T15:49:04.051+0000] {processor.py:183} INFO - Processing /usr/local/lib/python3.8/dist-packages/airflow/example_dags/tutorial.py took 0.084 seconds
[2024-03-11T15:49:49.006+0000] {processor.py:161} INFO - Started process (PID=1069) to work on /usr/local/lib/python3.8/dist-packages/airflow/example_dags/tutorial.py
[2024-03-11T15:49:49.011+0000] {processor.py:830} INFO - Processing file /usr/local/lib/python3.8/dist-packages/airflow/example_dags/tutorial.py for tasks to queue
[2024-03-11T15:49:49.012+0000] {logging_mixin.py:188} INFO - [2024-03-11T15:49:49.012+0000] {dagbag.py:540} INFO - Filling up the DagBag from /usr/local/lib/python3.8/dist-packages/airflow/example_dags/tutorial.py
[2024-03-11T15:49:49.021+0000] {processor.py:840} INFO - DAG(s) 'tutorial' retrieved from /usr/local/lib/python3.8/dist-packages/airflow/example_dags/tutorial.py
[2024-03-11T15:49:49.037+0000] {logging_mixin.py:188} INFO - [2024-03-11T15:49:49.037+0000] {dag.py:3047} INFO - Sync 1 DAGs
[2024-03-11T15:49:49.059+0000] {logging_mixin.py:188} INFO - [2024-03-11T15:49:49.059+0000] {dag.py:3834} INFO - Setting next_dagrun for tutorial to 2024-03-10 00:00:00+00:00, run_after=2024-03-11 00:00:00+00:00
[2024-03-11T15:49:49.102+0000] {processor.py:183} INFO - Processing /usr/local/lib/python3.8/dist-packages/airflow/example_dags/tutorial.py took 0.099 seconds
[2024-03-11T15:50:41.397+0000] {processor.py:161} INFO - Started process (PID=1122) to work on /usr/local/lib/python3.8/dist-packages/airflow/example_dags/tutorial.py
[2024-03-11T15:50:41.399+0000] {processor.py:830} INFO - Processing file /usr/local/lib/python3.8/dist-packages/airflow/example_dags/tutorial.py for tasks to queue
[2024-03-11T15:50:41.400+0000] {logging_mixin.py:188} INFO - [2024-03-11T15:50:41.400+0000] {dagbag.py:540} INFO - Filling up the DagBag from /usr/local/lib/python3.8/dist-packages/airflow/example_dags/tutorial.py
[2024-03-11T15:50:41.407+0000] {processor.py:840} INFO - DAG(s) 'tutorial' retrieved from /usr/local/lib/python3.8/dist-packages/airflow/example_dags/tutorial.py
[2024-03-11T15:50:41.424+0000] {logging_mixin.py:188} INFO - [2024-03-11T15:50:41.424+0000] {dag.py:3047} INFO - Sync 1 DAGs
[2024-03-11T15:50:41.447+0000] {logging_mixin.py:188} INFO - [2024-03-11T15:50:41.447+0000] {dag.py:3834} INFO - Setting next_dagrun for tutorial to 2024-03-10 00:00:00+00:00, run_after=2024-03-11 00:00:00+00:00
[2024-03-11T15:50:41.487+0000] {processor.py:183} INFO - Processing /usr/local/lib/python3.8/dist-packages/airflow/example_dags/tutorial.py took 0.094 seconds
[2024-03-11T15:51:28.693+0000] {processor.py:161} INFO - Started process (PID=1171) to work on /usr/local/lib/python3.8/dist-packages/airflow/example_dags/tutorial.py
[2024-03-11T15:51:28.695+0000] {processor.py:830} INFO - Processing file /usr/local/lib/python3.8/dist-packages/airflow/example_dags/tutorial.py for tasks to queue
[2024-03-11T15:51:28.696+0000] {logging_mixin.py:188} INFO - [2024-03-11T15:51:28.695+0000] {dagbag.py:540} INFO - Filling up the DagBag from /usr/local/lib/python3.8/dist-packages/airflow/example_dags/tutorial.py
[2024-03-11T15:51:28.701+0000] {processor.py:840} INFO - DAG(s) 'tutorial' retrieved from /usr/local/lib/python3.8/dist-packages/airflow/example_dags/tutorial.py
[2024-03-11T15:51:28.724+0000] {logging_mixin.py:188} INFO - [2024-03-11T15:51:28.724+0000] {dag.py:3047} INFO - Sync 1 DAGs
[2024-03-11T15:51:28.743+0000] {logging_mixin.py:188} INFO - [2024-03-11T15:51:28.743+0000] {dag.py:3834} INFO - Setting next_dagrun for tutorial to 2024-03-10 00:00:00+00:00, run_after=2024-03-11 00:00:00+00:00
[2024-03-11T15:51:28.778+0000] {processor.py:183} INFO - Processing /usr/local/lib/python3.8/dist-packages/airflow/example_dags/tutorial.py took 0.087 seconds
[2024-03-11T15:52:29.524+0000] {processor.py:161} INFO - Started process (PID=1247) to work on /usr/local/lib/python3.8/dist-packages/airflow/example_dags/tutorial.py
[2024-03-11T15:52:29.526+0000] {processor.py:830} INFO - Processing file /usr/local/lib/python3.8/dist-packages/airflow/example_dags/tutorial.py for tasks to queue
[2024-03-11T15:52:29.527+0000] {logging_mixin.py:188} INFO - [2024-03-11T15:52:29.527+0000] {dagbag.py:540} INFO - Filling up the DagBag from /usr/local/lib/python3.8/dist-packages/airflow/example_dags/tutorial.py
[2024-03-11T15:52:29.534+0000] {processor.py:840} INFO - DAG(s) 'tutorial' retrieved from /usr/local/lib/python3.8/dist-packages/airflow/example_dags/tutorial.py
[2024-03-11T15:52:29.551+0000] {logging_mixin.py:188} INFO - [2024-03-11T15:52:29.550+0000] {dag.py:3047} INFO - Sync 1 DAGs
[2024-03-11T15:52:29.574+0000] {logging_mixin.py:188} INFO - [2024-03-11T15:52:29.574+0000] {dag.py:3834} INFO - Setting next_dagrun for tutorial to 2024-03-10 00:00:00+00:00, run_after=2024-03-11 00:00:00+00:00
[2024-03-11T15:52:29.609+0000] {processor.py:183} INFO - Processing /usr/local/lib/python3.8/dist-packages/airflow/example_dags/tutorial.py took 0.088 seconds
[2024-03-11T15:53:17.803+0000] {processor.py:161} INFO - Started process (PID=1294) to work on /usr/local/lib/python3.8/dist-packages/airflow/example_dags/tutorial.py
[2024-03-11T15:53:17.805+0000] {processor.py:830} INFO - Processing file /usr/local/lib/python3.8/dist-packages/airflow/example_dags/tutorial.py for tasks to queue
[2024-03-11T15:53:17.807+0000] {logging_mixin.py:188} INFO - [2024-03-11T15:53:17.806+0000] {dagbag.py:540} INFO - Filling up the DagBag from /usr/local/lib/python3.8/dist-packages/airflow/example_dags/tutorial.py
[2024-03-11T15:53:17.814+0000] {processor.py:840} INFO - DAG(s) 'tutorial' retrieved from /usr/local/lib/python3.8/dist-packages/airflow/example_dags/tutorial.py
[2024-03-11T15:53:17.832+0000] {logging_mixin.py:188} INFO - [2024-03-11T15:53:17.831+0000] {dag.py:3047} INFO - Sync 1 DAGs
[2024-03-11T15:53:17.854+0000] {logging_mixin.py:188} INFO - [2024-03-11T15:53:17.853+0000] {dag.py:3834} INFO - Setting next_dagrun for tutorial to 2024-03-10 00:00:00+00:00, run_after=2024-03-11 00:00:00+00:00
[2024-03-11T15:53:17.891+0000] {processor.py:183} INFO - Processing /usr/local/lib/python3.8/dist-packages/airflow/example_dags/tutorial.py took 0.091 seconds
[2024-03-11T15:54:05.180+0000] {processor.py:161} INFO - Started process (PID=1350) to work on /usr/local/lib/python3.8/dist-packages/airflow/example_dags/tutorial.py
[2024-03-11T15:54:05.182+0000] {processor.py:830} INFO - Processing file /usr/local/lib/python3.8/dist-packages/airflow/example_dags/tutorial.py for tasks to queue
[2024-03-11T15:54:05.183+0000] {logging_mixin.py:188} INFO - [2024-03-11T15:54:05.182+0000] {dagbag.py:540} INFO - Filling up the DagBag from /usr/local/lib/python3.8/dist-packages/airflow/example_dags/tutorial.py
[2024-03-11T15:54:05.190+0000] {processor.py:840} INFO - DAG(s) 'tutorial' retrieved from /usr/local/lib/python3.8/dist-packages/airflow/example_dags/tutorial.py
[2024-03-11T15:54:05.198+0000] {logging_mixin.py:188} INFO - [2024-03-11T15:54:05.198+0000] {dag.py:3047} INFO - Sync 1 DAGs
[2024-03-11T15:54:05.221+0000] {logging_mixin.py:188} INFO - [2024-03-11T15:54:05.221+0000] {dag.py:3834} INFO - Setting next_dagrun for tutorial to 2024-03-10 00:00:00+00:00, run_after=2024-03-11 00:00:00+00:00
[2024-03-11T15:54:05.252+0000] {processor.py:183} INFO - Processing /usr/local/lib/python3.8/dist-packages/airflow/example_dags/tutorial.py took 0.076 seconds
[2024-03-11T15:54:57.176+0000] {processor.py:161} INFO - Started process (PID=1409) to work on /usr/local/lib/python3.8/dist-packages/airflow/example_dags/tutorial.py
[2024-03-11T15:54:57.178+0000] {processor.py:830} INFO - Processing file /usr/local/lib/python3.8/dist-packages/airflow/example_dags/tutorial.py for tasks to queue
[2024-03-11T15:54:57.179+0000] {logging_mixin.py:188} INFO - [2024-03-11T15:54:57.179+0000] {dagbag.py:540} INFO - Filling up the DagBag from /usr/local/lib/python3.8/dist-packages/airflow/example_dags/tutorial.py
[2024-03-11T15:54:57.187+0000] {processor.py:840} INFO - DAG(s) 'tutorial' retrieved from /usr/local/lib/python3.8/dist-packages/airflow/example_dags/tutorial.py
[2024-03-11T15:54:57.296+0000] {logging_mixin.py:188} INFO - [2024-03-11T15:54:57.295+0000] {dag.py:3047} INFO - Sync 1 DAGs
[2024-03-11T15:54:57.316+0000] {logging_mixin.py:188} INFO - [2024-03-11T15:54:57.316+0000] {dag.py:3834} INFO - Setting next_dagrun for tutorial to 2024-03-10 00:00:00+00:00, run_after=2024-03-11 00:00:00+00:00
[2024-03-11T15:54:57.347+0000] {processor.py:183} INFO - Processing /usr/local/lib/python3.8/dist-packages/airflow/example_dags/tutorial.py took 0.175 seconds
[2024-03-11T15:55:54.455+0000] {processor.py:161} INFO - Started process (PID=1468) to work on /usr/local/lib/python3.8/dist-packages/airflow/example_dags/tutorial.py
[2024-03-11T15:55:54.457+0000] {processor.py:830} INFO - Processing file /usr/local/lib/python3.8/dist-packages/airflow/example_dags/tutorial.py for tasks to queue
[2024-03-11T15:55:54.458+0000] {logging_mixin.py:188} INFO - [2024-03-11T15:55:54.457+0000] {dagbag.py:540} INFO - Filling up the DagBag from /usr/local/lib/python3.8/dist-packages/airflow/example_dags/tutorial.py
[2024-03-11T15:55:54.465+0000] {processor.py:840} INFO - DAG(s) 'tutorial' retrieved from /usr/local/lib/python3.8/dist-packages/airflow/example_dags/tutorial.py
[2024-03-11T15:55:54.483+0000] {logging_mixin.py:188} INFO - [2024-03-11T15:55:54.483+0000] {dag.py:3047} INFO - Sync 1 DAGs
[2024-03-11T15:55:54.508+0000] {logging_mixin.py:188} INFO - [2024-03-11T15:55:54.508+0000] {dag.py:3834} INFO - Setting next_dagrun for tutorial to 2024-03-10 00:00:00+00:00, run_after=2024-03-11 00:00:00+00:00
[2024-03-11T15:55:54.539+0000] {processor.py:183} INFO - Processing /usr/local/lib/python3.8/dist-packages/airflow/example_dags/tutorial.py took 0.088 seconds
[2024-03-11T15:56:52.866+0000] {processor.py:161} INFO - Started process (PID=1520) to work on /usr/local/lib/python3.8/dist-packages/airflow/example_dags/tutorial.py
[2024-03-11T15:56:52.869+0000] {processor.py:830} INFO - Processing file /usr/local/lib/python3.8/dist-packages/airflow/example_dags/tutorial.py for tasks to queue
[2024-03-11T15:56:52.870+0000] {logging_mixin.py:188} INFO - [2024-03-11T15:56:52.869+0000] {dagbag.py:540} INFO - Filling up the DagBag from /usr/local/lib/python3.8/dist-packages/airflow/example_dags/tutorial.py
[2024-03-11T15:56:52.877+0000] {processor.py:840} INFO - DAG(s) 'tutorial' retrieved from /usr/local/lib/python3.8/dist-packages/airflow/example_dags/tutorial.py
[2024-03-11T15:56:52.894+0000] {logging_mixin.py:188} INFO - [2024-03-11T15:56:52.894+0000] {dag.py:3047} INFO - Sync 1 DAGs
[2024-03-11T15:56:52.917+0000] {logging_mixin.py:188} INFO - [2024-03-11T15:56:52.916+0000] {dag.py:3834} INFO - Setting next_dagrun for tutorial to 2024-03-10 00:00:00+00:00, run_after=2024-03-11 00:00:00+00:00
[2024-03-11T15:56:52.946+0000] {processor.py:183} INFO - Processing /usr/local/lib/python3.8/dist-packages/airflow/example_dags/tutorial.py took 0.083 seconds
[2024-03-11T15:57:46.862+0000] {processor.py:161} INFO - Started process (PID=1572) to work on /usr/local/lib/python3.8/dist-packages/airflow/example_dags/tutorial.py
[2024-03-11T15:57:46.864+0000] {processor.py:830} INFO - Processing file /usr/local/lib/python3.8/dist-packages/airflow/example_dags/tutorial.py for tasks to queue
[2024-03-11T15:57:46.865+0000] {logging_mixin.py:188} INFO - [2024-03-11T15:57:46.865+0000] {dagbag.py:540} INFO - Filling up the DagBag from /usr/local/lib/python3.8/dist-packages/airflow/example_dags/tutorial.py
[2024-03-11T15:57:46.873+0000] {processor.py:840} INFO - DAG(s) 'tutorial' retrieved from /usr/local/lib/python3.8/dist-packages/airflow/example_dags/tutorial.py
[2024-03-11T15:57:46.890+0000] {logging_mixin.py:188} INFO - [2024-03-11T15:57:46.890+0000] {dag.py:3047} INFO - Sync 1 DAGs
[2024-03-11T15:57:46.912+0000] {logging_mixin.py:188} INFO - [2024-03-11T15:57:46.911+0000] {dag.py:3834} INFO - Setting next_dagrun for tutorial to 2024-03-10 00:00:00+00:00, run_after=2024-03-11 00:00:00+00:00
[2024-03-11T15:57:46.942+0000] {processor.py:183} INFO - Processing /usr/local/lib/python3.8/dist-packages/airflow/example_dags/tutorial.py took 0.083 seconds
[2024-03-11T15:58:42.624+0000] {processor.py:161} INFO - Started process (PID=1818) to work on /usr/local/lib/python3.8/dist-packages/airflow/example_dags/tutorial.py
[2024-03-11T15:58:42.626+0000] {processor.py:830} INFO - Processing file /usr/local/lib/python3.8/dist-packages/airflow/example_dags/tutorial.py for tasks to queue
[2024-03-11T15:58:42.627+0000] {logging_mixin.py:188} INFO - [2024-03-11T15:58:42.626+0000] {dagbag.py:540} INFO - Filling up the DagBag from /usr/local/lib/python3.8/dist-packages/airflow/example_dags/tutorial.py
[2024-03-11T15:58:42.634+0000] {processor.py:840} INFO - DAG(s) 'tutorial' retrieved from /usr/local/lib/python3.8/dist-packages/airflow/example_dags/tutorial.py
[2024-03-11T15:58:42.651+0000] {logging_mixin.py:188} INFO - [2024-03-11T15:58:42.651+0000] {dag.py:3047} INFO - Sync 1 DAGs
[2024-03-11T15:58:42.673+0000] {logging_mixin.py:188} INFO - [2024-03-11T15:58:42.673+0000] {dag.py:3834} INFO - Setting next_dagrun for tutorial to 2024-03-10 00:00:00+00:00, run_after=2024-03-11 00:00:00+00:00
[2024-03-11T15:58:42.703+0000] {processor.py:183} INFO - Processing /usr/local/lib/python3.8/dist-packages/airflow/example_dags/tutorial.py took 0.082 seconds
[2024-03-11T16:08:51.984+0000] {processor.py:161} INFO - Started process (PID=443) to work on /usr/local/lib/python3.8/dist-packages/airflow/example_dags/tutorial.py
[2024-03-11T16:08:51.987+0000] {processor.py:830} INFO - Processing file /usr/local/lib/python3.8/dist-packages/airflow/example_dags/tutorial.py for tasks to queue
[2024-03-11T16:08:51.988+0000] {logging_mixin.py:188} INFO - [2024-03-11T16:08:51.987+0000] {dagbag.py:540} INFO - Filling up the DagBag from /usr/local/lib/python3.8/dist-packages/airflow/example_dags/tutorial.py
[2024-03-11T16:08:51.996+0000] {processor.py:840} INFO - DAG(s) 'tutorial' retrieved from /usr/local/lib/python3.8/dist-packages/airflow/example_dags/tutorial.py
[2024-03-11T16:08:52.014+0000] {logging_mixin.py:188} INFO - [2024-03-11T16:08:52.013+0000] {dag.py:3047} INFO - Sync 1 DAGs
[2024-03-11T16:08:52.035+0000] {logging_mixin.py:188} INFO - [2024-03-11T16:08:52.035+0000] {dag.py:3834} INFO - Setting next_dagrun for tutorial to 2024-03-10 00:00:00+00:00, run_after=2024-03-11 00:00:00+00:00
[2024-03-11T16:08:52.067+0000] {processor.py:183} INFO - Processing /usr/local/lib/python3.8/dist-packages/airflow/example_dags/tutorial.py took 0.086 seconds
[2024-03-11T16:09:45.880+0000] {processor.py:161} INFO - Started process (PID=496) to work on /usr/local/lib/python3.8/dist-packages/airflow/example_dags/tutorial.py
[2024-03-11T16:09:45.883+0000] {processor.py:830} INFO - Processing file /usr/local/lib/python3.8/dist-packages/airflow/example_dags/tutorial.py for tasks to queue
[2024-03-11T16:09:45.884+0000] {logging_mixin.py:188} INFO - [2024-03-11T16:09:45.883+0000] {dagbag.py:540} INFO - Filling up the DagBag from /usr/local/lib/python3.8/dist-packages/airflow/example_dags/tutorial.py
[2024-03-11T16:09:45.891+0000] {processor.py:840} INFO - DAG(s) 'tutorial' retrieved from /usr/local/lib/python3.8/dist-packages/airflow/example_dags/tutorial.py
[2024-03-11T16:09:45.908+0000] {logging_mixin.py:188} INFO - [2024-03-11T16:09:45.907+0000] {dag.py:3047} INFO - Sync 1 DAGs
[2024-03-11T16:09:45.930+0000] {logging_mixin.py:188} INFO - [2024-03-11T16:09:45.930+0000] {dag.py:3834} INFO - Setting next_dagrun for tutorial to 2024-03-10 00:00:00+00:00, run_after=2024-03-11 00:00:00+00:00
[2024-03-11T16:09:45.961+0000] {processor.py:183} INFO - Processing /usr/local/lib/python3.8/dist-packages/airflow/example_dags/tutorial.py took 0.084 seconds
[2024-03-11T16:10:39.340+0000] {processor.py:161} INFO - Started process (PID=549) to work on /usr/local/lib/python3.8/dist-packages/airflow/example_dags/tutorial.py
[2024-03-11T16:10:39.342+0000] {processor.py:830} INFO - Processing file /usr/local/lib/python3.8/dist-packages/airflow/example_dags/tutorial.py for tasks to queue
[2024-03-11T16:10:39.343+0000] {logging_mixin.py:188} INFO - [2024-03-11T16:10:39.343+0000] {dagbag.py:540} INFO - Filling up the DagBag from /usr/local/lib/python3.8/dist-packages/airflow/example_dags/tutorial.py
[2024-03-11T16:10:39.351+0000] {processor.py:840} INFO - DAG(s) 'tutorial' retrieved from /usr/local/lib/python3.8/dist-packages/airflow/example_dags/tutorial.py
[2024-03-11T16:10:39.367+0000] {logging_mixin.py:188} INFO - [2024-03-11T16:10:39.367+0000] {dag.py:3047} INFO - Sync 1 DAGs
[2024-03-11T16:10:39.389+0000] {logging_mixin.py:188} INFO - [2024-03-11T16:10:39.389+0000] {dag.py:3834} INFO - Setting next_dagrun for tutorial to 2024-03-10 00:00:00+00:00, run_after=2024-03-11 00:00:00+00:00
[2024-03-11T16:10:39.420+0000] {processor.py:183} INFO - Processing /usr/local/lib/python3.8/dist-packages/airflow/example_dags/tutorial.py took 0.084 seconds
[2024-03-11T16:11:36.412+0000] {processor.py:161} INFO - Started process (PID=612) to work on /usr/local/lib/python3.8/dist-packages/airflow/example_dags/tutorial.py
[2024-03-11T16:11:36.414+0000] {processor.py:830} INFO - Processing file /usr/local/lib/python3.8/dist-packages/airflow/example_dags/tutorial.py for tasks to queue
[2024-03-11T16:11:36.415+0000] {logging_mixin.py:188} INFO - [2024-03-11T16:11:36.415+0000] {dagbag.py:540} INFO - Filling up the DagBag from /usr/local/lib/python3.8/dist-packages/airflow/example_dags/tutorial.py
[2024-03-11T16:11:36.422+0000] {processor.py:840} INFO - DAG(s) 'tutorial' retrieved from /usr/local/lib/python3.8/dist-packages/airflow/example_dags/tutorial.py
[2024-03-11T16:11:36.438+0000] {logging_mixin.py:188} INFO - [2024-03-11T16:11:36.438+0000] {dag.py:3047} INFO - Sync 1 DAGs
[2024-03-11T16:11:36.461+0000] {logging_mixin.py:188} INFO - [2024-03-11T16:11:36.461+0000] {dag.py:3834} INFO - Setting next_dagrun for tutorial to 2024-03-10 00:00:00+00:00, run_after=2024-03-11 00:00:00+00:00
[2024-03-11T16:11:36.494+0000] {processor.py:183} INFO - Processing /usr/local/lib/python3.8/dist-packages/airflow/example_dags/tutorial.py took 0.085 seconds
[2024-03-11T16:12:30.354+0000] {processor.py:161} INFO - Started process (PID=665) to work on /usr/local/lib/python3.8/dist-packages/airflow/example_dags/tutorial.py
[2024-03-11T16:12:30.356+0000] {processor.py:830} INFO - Processing file /usr/local/lib/python3.8/dist-packages/airflow/example_dags/tutorial.py for tasks to queue
[2024-03-11T16:12:30.357+0000] {logging_mixin.py:188} INFO - [2024-03-11T16:12:30.357+0000] {dagbag.py:540} INFO - Filling up the DagBag from /usr/local/lib/python3.8/dist-packages/airflow/example_dags/tutorial.py
[2024-03-11T16:12:30.365+0000] {processor.py:840} INFO - DAG(s) 'tutorial' retrieved from /usr/local/lib/python3.8/dist-packages/airflow/example_dags/tutorial.py
[2024-03-11T16:12:30.381+0000] {logging_mixin.py:188} INFO - [2024-03-11T16:12:30.381+0000] {dag.py:3047} INFO - Sync 1 DAGs
[2024-03-11T16:12:30.416+0000] {logging_mixin.py:188} INFO - [2024-03-11T16:12:30.416+0000] {dag.py:3834} INFO - Setting next_dagrun for tutorial to 2024-03-10 00:00:00+00:00, run_after=2024-03-11 00:00:00+00:00
[2024-03-11T16:12:30.447+0000] {processor.py:183} INFO - Processing /usr/local/lib/python3.8/dist-packages/airflow/example_dags/tutorial.py took 0.098 seconds
[2024-03-11T16:13:41.181+0000] {processor.py:161} INFO - Started process (PID=748) to work on /usr/local/lib/python3.8/dist-packages/airflow/example_dags/tutorial.py
[2024-03-11T16:13:41.182+0000] {processor.py:830} INFO - Processing file /usr/local/lib/python3.8/dist-packages/airflow/example_dags/tutorial.py for tasks to queue
[2024-03-11T16:13:41.183+0000] {logging_mixin.py:188} INFO - [2024-03-11T16:13:41.183+0000] {dagbag.py:540} INFO - Filling up the DagBag from /usr/local/lib/python3.8/dist-packages/airflow/example_dags/tutorial.py
[2024-03-11T16:13:41.190+0000] {processor.py:840} INFO - DAG(s) 'tutorial' retrieved from /usr/local/lib/python3.8/dist-packages/airflow/example_dags/tutorial.py
[2024-03-11T16:13:41.207+0000] {logging_mixin.py:188} INFO - [2024-03-11T16:13:41.206+0000] {dag.py:3047} INFO - Sync 1 DAGs
[2024-03-11T16:13:41.230+0000] {logging_mixin.py:188} INFO - [2024-03-11T16:13:41.230+0000] {dag.py:3834} INFO - Setting next_dagrun for tutorial to 2024-03-10 00:00:00+00:00, run_after=2024-03-11 00:00:00+00:00
[2024-03-11T16:13:41.260+0000] {processor.py:183} INFO - Processing /usr/local/lib/python3.8/dist-packages/airflow/example_dags/tutorial.py took 0.083 seconds
[2024-03-11T16:14:31.666+0000] {processor.py:161} INFO - Started process (PID=801) to work on /usr/local/lib/python3.8/dist-packages/airflow/example_dags/tutorial.py
[2024-03-11T16:14:31.668+0000] {processor.py:830} INFO - Processing file /usr/local/lib/python3.8/dist-packages/airflow/example_dags/tutorial.py for tasks to queue
[2024-03-11T16:14:31.669+0000] {logging_mixin.py:188} INFO - [2024-03-11T16:14:31.668+0000] {dagbag.py:540} INFO - Filling up the DagBag from /usr/local/lib/python3.8/dist-packages/airflow/example_dags/tutorial.py
[2024-03-11T16:14:31.676+0000] {processor.py:840} INFO - DAG(s) 'tutorial' retrieved from /usr/local/lib/python3.8/dist-packages/airflow/example_dags/tutorial.py
[2024-03-11T16:14:31.693+0000] {logging_mixin.py:188} INFO - [2024-03-11T16:14:31.693+0000] {dag.py:3047} INFO - Sync 1 DAGs
[2024-03-11T16:14:31.716+0000] {logging_mixin.py:188} INFO - [2024-03-11T16:14:31.716+0000] {dag.py:3834} INFO - Setting next_dagrun for tutorial to 2024-03-10 00:00:00+00:00, run_after=2024-03-11 00:00:00+00:00
[2024-03-11T16:14:31.747+0000] {processor.py:183} INFO - Processing /usr/local/lib/python3.8/dist-packages/airflow/example_dags/tutorial.py took 0.084 seconds
[2024-03-11T16:15:18.179+0000] {processor.py:161} INFO - Started process (PID=847) to work on /usr/local/lib/python3.8/dist-packages/airflow/example_dags/tutorial.py
[2024-03-11T16:15:18.181+0000] {processor.py:830} INFO - Processing file /usr/local/lib/python3.8/dist-packages/airflow/example_dags/tutorial.py for tasks to queue
[2024-03-11T16:15:18.182+0000] {logging_mixin.py:188} INFO - [2024-03-11T16:15:18.182+0000] {dagbag.py:540} INFO - Filling up the DagBag from /usr/local/lib/python3.8/dist-packages/airflow/example_dags/tutorial.py
[2024-03-11T16:15:18.191+0000] {processor.py:840} INFO - DAG(s) 'tutorial' retrieved from /usr/local/lib/python3.8/dist-packages/airflow/example_dags/tutorial.py
[2024-03-11T16:15:18.207+0000] {logging_mixin.py:188} INFO - [2024-03-11T16:15:18.207+0000] {dag.py:3047} INFO - Sync 1 DAGs
[2024-03-11T16:15:18.229+0000] {logging_mixin.py:188} INFO - [2024-03-11T16:15:18.228+0000] {dag.py:3834} INFO - Setting next_dagrun for tutorial to 2024-03-10 00:00:00+00:00, run_after=2024-03-11 00:00:00+00:00
[2024-03-11T16:15:18.258+0000] {processor.py:183} INFO - Processing /usr/local/lib/python3.8/dist-packages/airflow/example_dags/tutorial.py took 0.082 seconds
[2024-03-11T16:16:06.275+0000] {processor.py:161} INFO - Started process (PID=895) to work on /usr/local/lib/python3.8/dist-packages/airflow/example_dags/tutorial.py
[2024-03-11T16:16:06.277+0000] {processor.py:830} INFO - Processing file /usr/local/lib/python3.8/dist-packages/airflow/example_dags/tutorial.py for tasks to queue
[2024-03-11T16:16:06.278+0000] {logging_mixin.py:188} INFO - [2024-03-11T16:16:06.278+0000] {dagbag.py:540} INFO - Filling up the DagBag from /usr/local/lib/python3.8/dist-packages/airflow/example_dags/tutorial.py
[2024-03-11T16:16:06.286+0000] {processor.py:840} INFO - DAG(s) 'tutorial' retrieved from /usr/local/lib/python3.8/dist-packages/airflow/example_dags/tutorial.py
[2024-03-11T16:16:06.303+0000] {logging_mixin.py:188} INFO - [2024-03-11T16:16:06.303+0000] {dag.py:3047} INFO - Sync 1 DAGs
[2024-03-11T16:16:06.325+0000] {logging_mixin.py:188} INFO - [2024-03-11T16:16:06.325+0000] {dag.py:3834} INFO - Setting next_dagrun for tutorial to 2024-03-10 00:00:00+00:00, run_after=2024-03-11 00:00:00+00:00
[2024-03-11T16:16:06.354+0000] {processor.py:183} INFO - Processing /usr/local/lib/python3.8/dist-packages/airflow/example_dags/tutorial.py took 0.082 seconds
[2024-03-11T16:16:53.801+0000] {processor.py:161} INFO - Started process (PID=941) to work on /usr/local/lib/python3.8/dist-packages/airflow/example_dags/tutorial.py
[2024-03-11T16:16:53.803+0000] {processor.py:830} INFO - Processing file /usr/local/lib/python3.8/dist-packages/airflow/example_dags/tutorial.py for tasks to queue
[2024-03-11T16:16:53.804+0000] {logging_mixin.py:188} INFO - [2024-03-11T16:16:53.803+0000] {dagbag.py:540} INFO - Filling up the DagBag from /usr/local/lib/python3.8/dist-packages/airflow/example_dags/tutorial.py
[2024-03-11T16:16:53.812+0000] {processor.py:840} INFO - DAG(s) 'tutorial' retrieved from /usr/local/lib/python3.8/dist-packages/airflow/example_dags/tutorial.py
[2024-03-11T16:16:53.828+0000] {logging_mixin.py:188} INFO - [2024-03-11T16:16:53.828+0000] {dag.py:3047} INFO - Sync 1 DAGs
[2024-03-11T16:16:53.851+0000] {logging_mixin.py:188} INFO - [2024-03-11T16:16:53.850+0000] {dag.py:3834} INFO - Setting next_dagrun for tutorial to 2024-03-10 00:00:00+00:00, run_after=2024-03-11 00:00:00+00:00
[2024-03-11T16:16:53.880+0000] {processor.py:183} INFO - Processing /usr/local/lib/python3.8/dist-packages/airflow/example_dags/tutorial.py took 0.083 seconds
[2024-03-11T16:17:39.778+0000] {processor.py:161} INFO - Started process (PID=988) to work on /usr/local/lib/python3.8/dist-packages/airflow/example_dags/tutorial.py
[2024-03-11T16:17:39.780+0000] {processor.py:830} INFO - Processing file /usr/local/lib/python3.8/dist-packages/airflow/example_dags/tutorial.py for tasks to queue
[2024-03-11T16:17:39.781+0000] {logging_mixin.py:188} INFO - [2024-03-11T16:17:39.781+0000] {dagbag.py:540} INFO - Filling up the DagBag from /usr/local/lib/python3.8/dist-packages/airflow/example_dags/tutorial.py
[2024-03-11T16:17:39.788+0000] {processor.py:840} INFO - DAG(s) 'tutorial' retrieved from /usr/local/lib/python3.8/dist-packages/airflow/example_dags/tutorial.py
[2024-03-11T16:17:39.805+0000] {logging_mixin.py:188} INFO - [2024-03-11T16:17:39.805+0000] {dag.py:3047} INFO - Sync 1 DAGs
[2024-03-11T16:17:39.827+0000] {logging_mixin.py:188} INFO - [2024-03-11T16:17:39.827+0000] {dag.py:3834} INFO - Setting next_dagrun for tutorial to 2024-03-10 00:00:00+00:00, run_after=2024-03-11 00:00:00+00:00
[2024-03-11T16:17:39.858+0000] {processor.py:183} INFO - Processing /usr/local/lib/python3.8/dist-packages/airflow/example_dags/tutorial.py took 0.083 seconds
[2024-03-11T16:18:29.347+0000] {processor.py:161} INFO - Started process (PID=1036) to work on /usr/local/lib/python3.8/dist-packages/airflow/example_dags/tutorial.py
[2024-03-11T16:18:29.352+0000] {processor.py:830} INFO - Processing file /usr/local/lib/python3.8/dist-packages/airflow/example_dags/tutorial.py for tasks to queue
[2024-03-11T16:18:29.353+0000] {logging_mixin.py:188} INFO - [2024-03-11T16:18:29.352+0000] {dagbag.py:540} INFO - Filling up the DagBag from /usr/local/lib/python3.8/dist-packages/airflow/example_dags/tutorial.py
[2024-03-11T16:18:29.360+0000] {processor.py:840} INFO - DAG(s) 'tutorial' retrieved from /usr/local/lib/python3.8/dist-packages/airflow/example_dags/tutorial.py
[2024-03-11T16:18:29.377+0000] {logging_mixin.py:188} INFO - [2024-03-11T16:18:29.376+0000] {dag.py:3047} INFO - Sync 1 DAGs
[2024-03-11T16:18:29.399+0000] {logging_mixin.py:188} INFO - [2024-03-11T16:18:29.399+0000] {dag.py:3834} INFO - Setting next_dagrun for tutorial to 2024-03-10 00:00:00+00:00, run_after=2024-03-11 00:00:00+00:00
[2024-03-11T16:18:29.429+0000] {processor.py:183} INFO - Processing /usr/local/lib/python3.8/dist-packages/airflow/example_dags/tutorial.py took 0.085 seconds
[2024-03-11T16:19:31.256+0000] {processor.py:161} INFO - Started process (PID=1101) to work on /usr/local/lib/python3.8/dist-packages/airflow/example_dags/tutorial.py
[2024-03-11T16:19:31.258+0000] {processor.py:830} INFO - Processing file /usr/local/lib/python3.8/dist-packages/airflow/example_dags/tutorial.py for tasks to queue
[2024-03-11T16:19:31.259+0000] {logging_mixin.py:188} INFO - [2024-03-11T16:19:31.259+0000] {dagbag.py:540} INFO - Filling up the DagBag from /usr/local/lib/python3.8/dist-packages/airflow/example_dags/tutorial.py
[2024-03-11T16:19:31.267+0000] {processor.py:840} INFO - DAG(s) 'tutorial' retrieved from /usr/local/lib/python3.8/dist-packages/airflow/example_dags/tutorial.py
[2024-03-11T16:19:31.283+0000] {logging_mixin.py:188} INFO - [2024-03-11T16:19:31.282+0000] {dag.py:3047} INFO - Sync 1 DAGs
[2024-03-11T16:19:31.306+0000] {logging_mixin.py:188} INFO - [2024-03-11T16:19:31.306+0000] {dag.py:3834} INFO - Setting next_dagrun for tutorial to 2024-03-10 00:00:00+00:00, run_after=2024-03-11 00:00:00+00:00
[2024-03-11T16:19:31.335+0000] {processor.py:183} INFO - Processing /usr/local/lib/python3.8/dist-packages/airflow/example_dags/tutorial.py took 0.082 seconds
[2024-03-11T16:20:23.615+0000] {processor.py:161} INFO - Started process (PID=1178) to work on /usr/local/lib/python3.8/dist-packages/airflow/example_dags/tutorial.py
[2024-03-11T16:20:23.618+0000] {processor.py:830} INFO - Processing file /usr/local/lib/python3.8/dist-packages/airflow/example_dags/tutorial.py for tasks to queue
[2024-03-11T16:20:23.619+0000] {logging_mixin.py:188} INFO - [2024-03-11T16:20:23.619+0000] {dagbag.py:540} INFO - Filling up the DagBag from /usr/local/lib/python3.8/dist-packages/airflow/example_dags/tutorial.py
[2024-03-11T16:20:23.626+0000] {processor.py:840} INFO - DAG(s) 'tutorial' retrieved from /usr/local/lib/python3.8/dist-packages/airflow/example_dags/tutorial.py
[2024-03-11T16:20:23.642+0000] {logging_mixin.py:188} INFO - [2024-03-11T16:20:23.642+0000] {dag.py:3047} INFO - Sync 1 DAGs
[2024-03-11T16:20:23.664+0000] {logging_mixin.py:188} INFO - [2024-03-11T16:20:23.664+0000] {dag.py:3834} INFO - Setting next_dagrun for tutorial to 2024-03-10 00:00:00+00:00, run_after=2024-03-11 00:00:00+00:00
[2024-03-11T16:20:23.695+0000] {processor.py:183} INFO - Processing /usr/local/lib/python3.8/dist-packages/airflow/example_dags/tutorial.py took 0.083 seconds
[2024-03-11T16:21:11.236+0000] {processor.py:161} INFO - Started process (PID=1241) to work on /usr/local/lib/python3.8/dist-packages/airflow/example_dags/tutorial.py
[2024-03-11T16:21:11.239+0000] {processor.py:830} INFO - Processing file /usr/local/lib/python3.8/dist-packages/airflow/example_dags/tutorial.py for tasks to queue
[2024-03-11T16:21:11.240+0000] {logging_mixin.py:188} INFO - [2024-03-11T16:21:11.239+0000] {dagbag.py:540} INFO - Filling up the DagBag from /usr/local/lib/python3.8/dist-packages/airflow/example_dags/tutorial.py
[2024-03-11T16:21:11.247+0000] {processor.py:840} INFO - DAG(s) 'tutorial' retrieved from /usr/local/lib/python3.8/dist-packages/airflow/example_dags/tutorial.py
[2024-03-11T16:21:11.263+0000] {logging_mixin.py:188} INFO - [2024-03-11T16:21:11.263+0000] {dag.py:3047} INFO - Sync 1 DAGs
[2024-03-11T16:21:11.285+0000] {logging_mixin.py:188} INFO - [2024-03-11T16:21:11.285+0000] {dag.py:3834} INFO - Setting next_dagrun for tutorial to 2024-03-10 00:00:00+00:00, run_after=2024-03-11 00:00:00+00:00
[2024-03-11T16:21:11.315+0000] {processor.py:183} INFO - Processing /usr/local/lib/python3.8/dist-packages/airflow/example_dags/tutorial.py took 0.083 seconds
[2024-03-11T16:21:57.363+0000] {processor.py:161} INFO - Started process (PID=1305) to work on /usr/local/lib/python3.8/dist-packages/airflow/example_dags/tutorial.py
[2024-03-11T16:21:57.366+0000] {processor.py:830} INFO - Processing file /usr/local/lib/python3.8/dist-packages/airflow/example_dags/tutorial.py for tasks to queue
[2024-03-11T16:21:57.366+0000] {logging_mixin.py:188} INFO - [2024-03-11T16:21:57.366+0000] {dagbag.py:540} INFO - Filling up the DagBag from /usr/local/lib/python3.8/dist-packages/airflow/example_dags/tutorial.py
[2024-03-11T16:21:57.375+0000] {processor.py:840} INFO - DAG(s) 'tutorial' retrieved from /usr/local/lib/python3.8/dist-packages/airflow/example_dags/tutorial.py
[2024-03-11T16:21:57.390+0000] {logging_mixin.py:188} INFO - [2024-03-11T16:21:57.390+0000] {dag.py:3047} INFO - Sync 1 DAGs
[2024-03-11T16:21:57.412+0000] {logging_mixin.py:188} INFO - [2024-03-11T16:21:57.412+0000] {dag.py:3834} INFO - Setting next_dagrun for tutorial to 2024-03-10 00:00:00+00:00, run_after=2024-03-11 00:00:00+00:00
[2024-03-11T16:21:57.443+0000] {processor.py:183} INFO - Processing /usr/local/lib/python3.8/dist-packages/airflow/example_dags/tutorial.py took 0.083 seconds
[2024-03-11T16:23:21.821+0000] {processor.py:161} INFO - Started process (PID=1413) to work on /usr/local/lib/python3.8/dist-packages/airflow/example_dags/tutorial.py
[2024-03-11T16:23:21.823+0000] {processor.py:830} INFO - Processing file /usr/local/lib/python3.8/dist-packages/airflow/example_dags/tutorial.py for tasks to queue
[2024-03-11T16:23:21.824+0000] {logging_mixin.py:188} INFO - [2024-03-11T16:23:21.823+0000] {dagbag.py:540} INFO - Filling up the DagBag from /usr/local/lib/python3.8/dist-packages/airflow/example_dags/tutorial.py
[2024-03-11T16:23:21.829+0000] {processor.py:840} INFO - DAG(s) 'tutorial' retrieved from /usr/local/lib/python3.8/dist-packages/airflow/example_dags/tutorial.py
[2024-03-11T16:23:21.842+0000] {logging_mixin.py:188} INFO - [2024-03-11T16:23:21.842+0000] {dag.py:3047} INFO - Sync 1 DAGs
[2024-03-11T16:23:21.858+0000] {logging_mixin.py:188} INFO - [2024-03-11T16:23:21.858+0000] {dag.py:3834} INFO - Setting next_dagrun for tutorial to 2024-03-10 00:00:00+00:00, run_after=2024-03-11 00:00:00+00:00
[2024-03-11T16:23:21.881+0000] {processor.py:183} INFO - Processing /usr/local/lib/python3.8/dist-packages/airflow/example_dags/tutorial.py took 0.063 seconds
[2024-03-11T16:24:19.036+0000] {processor.py:161} INFO - Started process (PID=1474) to work on /usr/local/lib/python3.8/dist-packages/airflow/example_dags/tutorial.py
[2024-03-11T16:24:19.039+0000] {processor.py:830} INFO - Processing file /usr/local/lib/python3.8/dist-packages/airflow/example_dags/tutorial.py for tasks to queue
[2024-03-11T16:24:19.040+0000] {logging_mixin.py:188} INFO - [2024-03-11T16:24:19.040+0000] {dagbag.py:540} INFO - Filling up the DagBag from /usr/local/lib/python3.8/dist-packages/airflow/example_dags/tutorial.py
[2024-03-11T16:24:19.050+0000] {processor.py:840} INFO - DAG(s) 'tutorial' retrieved from /usr/local/lib/python3.8/dist-packages/airflow/example_dags/tutorial.py
[2024-03-11T16:24:19.068+0000] {logging_mixin.py:188} INFO - [2024-03-11T16:24:19.068+0000] {dag.py:3047} INFO - Sync 1 DAGs
[2024-03-11T16:24:19.091+0000] {logging_mixin.py:188} INFO - [2024-03-11T16:24:19.091+0000] {dag.py:3834} INFO - Setting next_dagrun for tutorial to 2024-03-10 00:00:00+00:00, run_after=2024-03-11 00:00:00+00:00
[2024-03-11T16:24:19.124+0000] {processor.py:183} INFO - Processing /usr/local/lib/python3.8/dist-packages/airflow/example_dags/tutorial.py took 0.092 seconds
[2024-03-11T16:25:13.872+0000] {processor.py:161} INFO - Started process (PID=1531) to work on /usr/local/lib/python3.8/dist-packages/airflow/example_dags/tutorial.py
[2024-03-11T16:25:13.875+0000] {processor.py:830} INFO - Processing file /usr/local/lib/python3.8/dist-packages/airflow/example_dags/tutorial.py for tasks to queue
[2024-03-11T16:25:13.876+0000] {logging_mixin.py:188} INFO - [2024-03-11T16:25:13.876+0000] {dagbag.py:540} INFO - Filling up the DagBag from /usr/local/lib/python3.8/dist-packages/airflow/example_dags/tutorial.py
[2024-03-11T16:25:13.883+0000] {processor.py:840} INFO - DAG(s) 'tutorial' retrieved from /usr/local/lib/python3.8/dist-packages/airflow/example_dags/tutorial.py
[2024-03-11T16:25:13.900+0000] {logging_mixin.py:188} INFO - [2024-03-11T16:25:13.900+0000] {dag.py:3047} INFO - Sync 1 DAGs
[2024-03-11T16:25:13.923+0000] {logging_mixin.py:188} INFO - [2024-03-11T16:25:13.922+0000] {dag.py:3834} INFO - Setting next_dagrun for tutorial to 2024-03-10 00:00:00+00:00, run_after=2024-03-11 00:00:00+00:00
[2024-03-11T16:25:13.953+0000] {processor.py:183} INFO - Processing /usr/local/lib/python3.8/dist-packages/airflow/example_dags/tutorial.py took 0.084 seconds
[2024-03-11T16:27:51.645+0000] {processor.py:161} INFO - Started process (PID=1624) to work on /usr/local/lib/python3.8/dist-packages/airflow/example_dags/tutorial.py
[2024-03-11T16:27:51.649+0000] {processor.py:830} INFO - Processing file /usr/local/lib/python3.8/dist-packages/airflow/example_dags/tutorial.py for tasks to queue
[2024-03-11T16:27:51.650+0000] {logging_mixin.py:188} INFO - [2024-03-11T16:27:51.650+0000] {dagbag.py:540} INFO - Filling up the DagBag from /usr/local/lib/python3.8/dist-packages/airflow/example_dags/tutorial.py
[2024-03-11T16:27:51.659+0000] {processor.py:840} INFO - DAG(s) 'tutorial' retrieved from /usr/local/lib/python3.8/dist-packages/airflow/example_dags/tutorial.py
[2024-03-11T16:27:51.679+0000] {logging_mixin.py:188} INFO - [2024-03-11T16:27:51.679+0000] {dag.py:3047} INFO - Sync 1 DAGs
[2024-03-11T16:27:51.702+0000] {logging_mixin.py:188} INFO - [2024-03-11T16:27:51.702+0000] {dag.py:3834} INFO - Setting next_dagrun for tutorial to 2024-03-10 00:00:00+00:00, run_after=2024-03-11 00:00:00+00:00
[2024-03-11T16:27:51.732+0000] {processor.py:183} INFO - Processing /usr/local/lib/python3.8/dist-packages/airflow/example_dags/tutorial.py took 0.091 seconds
[2024-03-11T16:28:38.343+0000] {processor.py:161} INFO - Started process (PID=1677) to work on /usr/local/lib/python3.8/dist-packages/airflow/example_dags/tutorial.py
[2024-03-11T16:28:38.347+0000] {processor.py:830} INFO - Processing file /usr/local/lib/python3.8/dist-packages/airflow/example_dags/tutorial.py for tasks to queue
[2024-03-11T16:28:38.349+0000] {logging_mixin.py:188} INFO - [2024-03-11T16:28:38.348+0000] {dagbag.py:540} INFO - Filling up the DagBag from /usr/local/lib/python3.8/dist-packages/airflow/example_dags/tutorial.py
[2024-03-11T16:28:38.357+0000] {processor.py:840} INFO - DAG(s) 'tutorial' retrieved from /usr/local/lib/python3.8/dist-packages/airflow/example_dags/tutorial.py
[2024-03-11T16:28:38.375+0000] {logging_mixin.py:188} INFO - [2024-03-11T16:28:38.374+0000] {dag.py:3047} INFO - Sync 1 DAGs
[2024-03-11T16:28:38.399+0000] {logging_mixin.py:188} INFO - [2024-03-11T16:28:38.399+0000] {dag.py:3834} INFO - Setting next_dagrun for tutorial to 2024-03-10 00:00:00+00:00, run_after=2024-03-11 00:00:00+00:00
[2024-03-11T16:28:38.428+0000] {processor.py:183} INFO - Processing /usr/local/lib/python3.8/dist-packages/airflow/example_dags/tutorial.py took 0.089 seconds
[2024-03-11T16:29:25.648+0000] {processor.py:161} INFO - Started process (PID=1725) to work on /usr/local/lib/python3.8/dist-packages/airflow/example_dags/tutorial.py
[2024-03-11T16:29:25.653+0000] {processor.py:830} INFO - Processing file /usr/local/lib/python3.8/dist-packages/airflow/example_dags/tutorial.py for tasks to queue
[2024-03-11T16:29:25.654+0000] {logging_mixin.py:188} INFO - [2024-03-11T16:29:25.654+0000] {dagbag.py:540} INFO - Filling up the DagBag from /usr/local/lib/python3.8/dist-packages/airflow/example_dags/tutorial.py
[2024-03-11T16:29:25.663+0000] {processor.py:840} INFO - DAG(s) 'tutorial' retrieved from /usr/local/lib/python3.8/dist-packages/airflow/example_dags/tutorial.py
[2024-03-11T16:29:25.682+0000] {logging_mixin.py:188} INFO - [2024-03-11T16:29:25.681+0000] {dag.py:3047} INFO - Sync 1 DAGs
[2024-03-11T16:29:25.705+0000] {logging_mixin.py:188} INFO - [2024-03-11T16:29:25.704+0000] {dag.py:3834} INFO - Setting next_dagrun for tutorial to 2024-03-10 00:00:00+00:00, run_after=2024-03-11 00:00:00+00:00
[2024-03-11T16:29:25.743+0000] {processor.py:183} INFO - Processing /usr/local/lib/python3.8/dist-packages/airflow/example_dags/tutorial.py took 0.098 seconds
[2024-03-11T16:30:19.911+0000] {processor.py:161} INFO - Started process (PID=1786) to work on /usr/local/lib/python3.8/dist-packages/airflow/example_dags/tutorial.py
[2024-03-11T16:30:19.913+0000] {processor.py:830} INFO - Processing file /usr/local/lib/python3.8/dist-packages/airflow/example_dags/tutorial.py for tasks to queue
[2024-03-11T16:30:19.915+0000] {logging_mixin.py:188} INFO - [2024-03-11T16:30:19.914+0000] {dagbag.py:540} INFO - Filling up the DagBag from /usr/local/lib/python3.8/dist-packages/airflow/example_dags/tutorial.py
[2024-03-11T16:30:19.923+0000] {processor.py:840} INFO - DAG(s) 'tutorial' retrieved from /usr/local/lib/python3.8/dist-packages/airflow/example_dags/tutorial.py
[2024-03-11T16:30:19.940+0000] {logging_mixin.py:188} INFO - [2024-03-11T16:30:19.940+0000] {dag.py:3047} INFO - Sync 1 DAGs
[2024-03-11T16:30:19.964+0000] {logging_mixin.py:188} INFO - [2024-03-11T16:30:19.964+0000] {dag.py:3834} INFO - Setting next_dagrun for tutorial to 2024-03-10 00:00:00+00:00, run_after=2024-03-11 00:00:00+00:00
[2024-03-11T16:30:19.994+0000] {processor.py:183} INFO - Processing /usr/local/lib/python3.8/dist-packages/airflow/example_dags/tutorial.py took 0.087 seconds
[2024-03-11T16:31:15.715+0000] {processor.py:161} INFO - Started process (PID=1846) to work on /usr/local/lib/python3.8/dist-packages/airflow/example_dags/tutorial.py
[2024-03-11T16:31:15.717+0000] {processor.py:830} INFO - Processing file /usr/local/lib/python3.8/dist-packages/airflow/example_dags/tutorial.py for tasks to queue
[2024-03-11T16:31:15.718+0000] {logging_mixin.py:188} INFO - [2024-03-11T16:31:15.718+0000] {dagbag.py:540} INFO - Filling up the DagBag from /usr/local/lib/python3.8/dist-packages/airflow/example_dags/tutorial.py
[2024-03-11T16:31:15.726+0000] {processor.py:840} INFO - DAG(s) 'tutorial' retrieved from /usr/local/lib/python3.8/dist-packages/airflow/example_dags/tutorial.py
[2024-03-11T16:31:15.743+0000] {logging_mixin.py:188} INFO - [2024-03-11T16:31:15.742+0000] {dag.py:3047} INFO - Sync 1 DAGs
[2024-03-11T16:31:15.766+0000] {logging_mixin.py:188} INFO - [2024-03-11T16:31:15.766+0000] {dag.py:3834} INFO - Setting next_dagrun for tutorial to 2024-03-10 00:00:00+00:00, run_after=2024-03-11 00:00:00+00:00
[2024-03-11T16:31:15.797+0000] {processor.py:183} INFO - Processing /usr/local/lib/python3.8/dist-packages/airflow/example_dags/tutorial.py took 0.087 seconds
[2024-03-11T16:33:21.968+0000] {processor.py:161} INFO - Started process (PID=1903) to work on /usr/local/lib/python3.8/dist-packages/airflow/example_dags/tutorial.py
[2024-03-11T16:33:21.972+0000] {processor.py:830} INFO - Processing file /usr/local/lib/python3.8/dist-packages/airflow/example_dags/tutorial.py for tasks to queue
[2024-03-11T16:33:21.974+0000] {logging_mixin.py:188} INFO - [2024-03-11T16:33:21.973+0000] {dagbag.py:540} INFO - Filling up the DagBag from /usr/local/lib/python3.8/dist-packages/airflow/example_dags/tutorial.py
[2024-03-11T16:33:21.982+0000] {processor.py:840} INFO - DAG(s) 'tutorial' retrieved from /usr/local/lib/python3.8/dist-packages/airflow/example_dags/tutorial.py
[2024-03-11T16:33:22.001+0000] {logging_mixin.py:188} INFO - [2024-03-11T16:33:22.001+0000] {dag.py:3047} INFO - Sync 1 DAGs
[2024-03-11T16:33:22.025+0000] {logging_mixin.py:188} INFO - [2024-03-11T16:33:22.024+0000] {dag.py:3834} INFO - Setting next_dagrun for tutorial to 2024-03-10 00:00:00+00:00, run_after=2024-03-11 00:00:00+00:00
[2024-03-11T16:33:22.055+0000] {processor.py:183} INFO - Processing /usr/local/lib/python3.8/dist-packages/airflow/example_dags/tutorial.py took 0.091 seconds
[2024-03-11T16:36:10.804+0000] {processor.py:161} INFO - Started process (PID=1996) to work on /usr/local/lib/python3.8/dist-packages/airflow/example_dags/tutorial.py
[2024-03-11T16:36:10.809+0000] {processor.py:830} INFO - Processing file /usr/local/lib/python3.8/dist-packages/airflow/example_dags/tutorial.py for tasks to queue
[2024-03-11T16:36:10.810+0000] {logging_mixin.py:188} INFO - [2024-03-11T16:36:10.809+0000] {dagbag.py:540} INFO - Filling up the DagBag from /usr/local/lib/python3.8/dist-packages/airflow/example_dags/tutorial.py
[2024-03-11T16:36:10.819+0000] {processor.py:840} INFO - DAG(s) 'tutorial' retrieved from /usr/local/lib/python3.8/dist-packages/airflow/example_dags/tutorial.py
[2024-03-11T16:36:10.838+0000] {logging_mixin.py:188} INFO - [2024-03-11T16:36:10.838+0000] {dag.py:3047} INFO - Sync 1 DAGs
[2024-03-11T16:36:10.864+0000] {logging_mixin.py:188} INFO - [2024-03-11T16:36:10.864+0000] {dag.py:3834} INFO - Setting next_dagrun for tutorial to 2024-03-10 00:00:00+00:00, run_after=2024-03-11 00:00:00+00:00
[2024-03-11T16:36:10.895+0000] {processor.py:183} INFO - Processing /usr/local/lib/python3.8/dist-packages/airflow/example_dags/tutorial.py took 0.095 seconds
[2024-03-11T16:41:18.006+0000] {processor.py:161} INFO - Started process (PID=446) to work on /usr/local/lib/python3.8/dist-packages/airflow/example_dags/tutorial.py
[2024-03-11T16:41:18.008+0000] {processor.py:830} INFO - Processing file /usr/local/lib/python3.8/dist-packages/airflow/example_dags/tutorial.py for tasks to queue
[2024-03-11T16:41:18.009+0000] {logging_mixin.py:188} INFO - [2024-03-11T16:41:18.009+0000] {dagbag.py:540} INFO - Filling up the DagBag from /usr/local/lib/python3.8/dist-packages/airflow/example_dags/tutorial.py
[2024-03-11T16:41:18.016+0000] {processor.py:840} INFO - DAG(s) 'tutorial' retrieved from /usr/local/lib/python3.8/dist-packages/airflow/example_dags/tutorial.py
[2024-03-11T16:41:18.031+0000] {logging_mixin.py:188} INFO - [2024-03-11T16:41:18.031+0000] {dag.py:3047} INFO - Sync 1 DAGs
[2024-03-11T16:41:18.132+0000] {logging_mixin.py:188} INFO - [2024-03-11T16:41:18.131+0000] {dag.py:3834} INFO - Setting next_dagrun for tutorial to 2024-03-10 00:00:00+00:00, run_after=2024-03-11 00:00:00+00:00
[2024-03-11T16:41:18.156+0000] {processor.py:183} INFO - Processing /usr/local/lib/python3.8/dist-packages/airflow/example_dags/tutorial.py took 0.153 seconds
[2024-03-11T16:44:38.938+0000] {processor.py:161} INFO - Started process (PID=671) to work on /usr/local/lib/python3.8/dist-packages/airflow/example_dags/tutorial.py
[2024-03-11T16:44:38.941+0000] {processor.py:830} INFO - Processing file /usr/local/lib/python3.8/dist-packages/airflow/example_dags/tutorial.py for tasks to queue
[2024-03-11T16:44:38.942+0000] {logging_mixin.py:188} INFO - [2024-03-11T16:44:38.941+0000] {dagbag.py:540} INFO - Filling up the DagBag from /usr/local/lib/python3.8/dist-packages/airflow/example_dags/tutorial.py
[2024-03-11T16:44:38.949+0000] {processor.py:840} INFO - DAG(s) 'tutorial' retrieved from /usr/local/lib/python3.8/dist-packages/airflow/example_dags/tutorial.py
[2024-03-11T16:44:38.966+0000] {logging_mixin.py:188} INFO - [2024-03-11T16:44:38.966+0000] {dag.py:3047} INFO - Sync 1 DAGs
[2024-03-11T16:44:39.065+0000] {logging_mixin.py:188} INFO - [2024-03-11T16:44:39.065+0000] {dag.py:3834} INFO - Setting next_dagrun for tutorial to 2024-03-10 00:00:00+00:00, run_after=2024-03-11 00:00:00+00:00
[2024-03-11T16:44:39.099+0000] {processor.py:183} INFO - Processing /usr/local/lib/python3.8/dist-packages/airflow/example_dags/tutorial.py took 0.164 seconds
[2024-03-11T16:47:57.159+0000] {processor.py:161} INFO - Started process (PID=819) to work on /usr/local/lib/python3.8/dist-packages/airflow/example_dags/tutorial.py
[2024-03-11T16:47:57.161+0000] {processor.py:830} INFO - Processing file /usr/local/lib/python3.8/dist-packages/airflow/example_dags/tutorial.py for tasks to queue
[2024-03-11T16:47:57.162+0000] {logging_mixin.py:188} INFO - [2024-03-11T16:47:57.162+0000] {dagbag.py:540} INFO - Filling up the DagBag from /usr/local/lib/python3.8/dist-packages/airflow/example_dags/tutorial.py
[2024-03-11T16:47:57.169+0000] {processor.py:840} INFO - DAG(s) 'tutorial' retrieved from /usr/local/lib/python3.8/dist-packages/airflow/example_dags/tutorial.py
[2024-03-11T16:47:57.185+0000] {logging_mixin.py:188} INFO - [2024-03-11T16:47:57.185+0000] {dag.py:3047} INFO - Sync 1 DAGs
[2024-03-11T16:47:57.294+0000] {logging_mixin.py:188} INFO - [2024-03-11T16:47:57.293+0000] {dag.py:3834} INFO - Setting next_dagrun for tutorial to 2024-03-10 00:00:00+00:00, run_after=2024-03-11 00:00:00+00:00
[2024-03-11T16:47:57.317+0000] {processor.py:183} INFO - Processing /usr/local/lib/python3.8/dist-packages/airflow/example_dags/tutorial.py took 0.161 seconds
[2024-03-11T16:48:55.610+0000] {processor.py:161} INFO - Started process (PID=918) to work on /usr/local/lib/python3.8/dist-packages/airflow/example_dags/tutorial.py
[2024-03-11T16:48:55.612+0000] {processor.py:830} INFO - Processing file /usr/local/lib/python3.8/dist-packages/airflow/example_dags/tutorial.py for tasks to queue
[2024-03-11T16:48:55.613+0000] {logging_mixin.py:188} INFO - [2024-03-11T16:48:55.612+0000] {dagbag.py:540} INFO - Filling up the DagBag from /usr/local/lib/python3.8/dist-packages/airflow/example_dags/tutorial.py
[2024-03-11T16:48:55.620+0000] {processor.py:840} INFO - DAG(s) 'tutorial' retrieved from /usr/local/lib/python3.8/dist-packages/airflow/example_dags/tutorial.py
[2024-03-11T16:48:55.637+0000] {logging_mixin.py:188} INFO - [2024-03-11T16:48:55.636+0000] {dag.py:3047} INFO - Sync 1 DAGs
[2024-03-11T16:48:55.656+0000] {logging_mixin.py:188} INFO - [2024-03-11T16:48:55.656+0000] {dag.py:3834} INFO - Setting next_dagrun for tutorial to 2024-03-10 00:00:00+00:00, run_after=2024-03-11 00:00:00+00:00
[2024-03-11T16:48:55.681+0000] {processor.py:183} INFO - Processing /usr/local/lib/python3.8/dist-packages/airflow/example_dags/tutorial.py took 0.074 seconds
[2024-03-11T16:49:49.408+0000] {processor.py:161} INFO - Started process (PID=1019) to work on /usr/local/lib/python3.8/dist-packages/airflow/example_dags/tutorial.py
[2024-03-11T16:49:49.410+0000] {processor.py:830} INFO - Processing file /usr/local/lib/python3.8/dist-packages/airflow/example_dags/tutorial.py for tasks to queue
[2024-03-11T16:49:49.411+0000] {logging_mixin.py:188} INFO - [2024-03-11T16:49:49.411+0000] {dagbag.py:540} INFO - Filling up the DagBag from /usr/local/lib/python3.8/dist-packages/airflow/example_dags/tutorial.py
[2024-03-11T16:49:49.418+0000] {processor.py:840} INFO - DAG(s) 'tutorial' retrieved from /usr/local/lib/python3.8/dist-packages/airflow/example_dags/tutorial.py
[2024-03-11T16:49:49.434+0000] {logging_mixin.py:188} INFO - [2024-03-11T16:49:49.434+0000] {dag.py:3047} INFO - Sync 1 DAGs
[2024-03-11T16:49:49.456+0000] {logging_mixin.py:188} INFO - [2024-03-11T16:49:49.456+0000] {dag.py:3834} INFO - Setting next_dagrun for tutorial to 2024-03-10 00:00:00+00:00, run_after=2024-03-11 00:00:00+00:00
[2024-03-11T16:49:49.485+0000] {processor.py:183} INFO - Processing /usr/local/lib/python3.8/dist-packages/airflow/example_dags/tutorial.py took 0.080 seconds
[2024-03-11T16:50:45.594+0000] {processor.py:161} INFO - Started process (PID=1089) to work on /usr/local/lib/python3.8/dist-packages/airflow/example_dags/tutorial.py
[2024-03-11T16:50:45.596+0000] {processor.py:830} INFO - Processing file /usr/local/lib/python3.8/dist-packages/airflow/example_dags/tutorial.py for tasks to queue
[2024-03-11T16:50:45.597+0000] {logging_mixin.py:188} INFO - [2024-03-11T16:50:45.597+0000] {dagbag.py:540} INFO - Filling up the DagBag from /usr/local/lib/python3.8/dist-packages/airflow/example_dags/tutorial.py
[2024-03-11T16:50:45.604+0000] {processor.py:840} INFO - DAG(s) 'tutorial' retrieved from /usr/local/lib/python3.8/dist-packages/airflow/example_dags/tutorial.py
[2024-03-11T16:50:45.620+0000] {logging_mixin.py:188} INFO - [2024-03-11T16:50:45.620+0000] {dag.py:3047} INFO - Sync 1 DAGs
[2024-03-11T16:50:45.641+0000] {logging_mixin.py:188} INFO - [2024-03-11T16:50:45.641+0000] {dag.py:3834} INFO - Setting next_dagrun for tutorial to 2024-03-10 00:00:00+00:00, run_after=2024-03-11 00:00:00+00:00
[2024-03-11T16:50:45.669+0000] {processor.py:183} INFO - Processing /usr/local/lib/python3.8/dist-packages/airflow/example_dags/tutorial.py took 0.078 seconds
[2024-03-11T16:51:39.534+0000] {processor.py:161} INFO - Started process (PID=1154) to work on /usr/local/lib/python3.8/dist-packages/airflow/example_dags/tutorial.py
[2024-03-11T16:51:39.536+0000] {processor.py:830} INFO - Processing file /usr/local/lib/python3.8/dist-packages/airflow/example_dags/tutorial.py for tasks to queue
[2024-03-11T16:51:39.537+0000] {logging_mixin.py:188} INFO - [2024-03-11T16:51:39.536+0000] {dagbag.py:540} INFO - Filling up the DagBag from /usr/local/lib/python3.8/dist-packages/airflow/example_dags/tutorial.py
[2024-03-11T16:51:39.543+0000] {processor.py:840} INFO - DAG(s) 'tutorial' retrieved from /usr/local/lib/python3.8/dist-packages/airflow/example_dags/tutorial.py
[2024-03-11T16:51:39.558+0000] {logging_mixin.py:188} INFO - [2024-03-11T16:51:39.558+0000] {dag.py:3047} INFO - Sync 1 DAGs
[2024-03-11T16:51:39.575+0000] {logging_mixin.py:188} INFO - [2024-03-11T16:51:39.575+0000] {dag.py:3834} INFO - Setting next_dagrun for tutorial to 2024-03-10 00:00:00+00:00, run_after=2024-03-11 00:00:00+00:00
[2024-03-11T16:51:39.776+0000] {processor.py:183} INFO - Processing /usr/local/lib/python3.8/dist-packages/airflow/example_dags/tutorial.py took 0.245 seconds
[2024-03-11T16:52:36.405+0000] {processor.py:161} INFO - Started process (PID=1232) to work on /usr/local/lib/python3.8/dist-packages/airflow/example_dags/tutorial.py
[2024-03-11T16:52:36.407+0000] {processor.py:830} INFO - Processing file /usr/local/lib/python3.8/dist-packages/airflow/example_dags/tutorial.py for tasks to queue
[2024-03-11T16:52:36.408+0000] {logging_mixin.py:188} INFO - [2024-03-11T16:52:36.408+0000] {dagbag.py:540} INFO - Filling up the DagBag from /usr/local/lib/python3.8/dist-packages/airflow/example_dags/tutorial.py
[2024-03-11T16:52:36.416+0000] {processor.py:840} INFO - DAG(s) 'tutorial' retrieved from /usr/local/lib/python3.8/dist-packages/airflow/example_dags/tutorial.py
[2024-03-11T16:52:36.432+0000] {logging_mixin.py:188} INFO - [2024-03-11T16:52:36.431+0000] {dag.py:3047} INFO - Sync 1 DAGs
[2024-03-11T16:52:36.453+0000] {logging_mixin.py:188} INFO - [2024-03-11T16:52:36.453+0000] {dag.py:3834} INFO - Setting next_dagrun for tutorial to 2024-03-10 00:00:00+00:00, run_after=2024-03-11 00:00:00+00:00
[2024-03-11T16:52:36.550+0000] {processor.py:183} INFO - Processing /usr/local/lib/python3.8/dist-packages/airflow/example_dags/tutorial.py took 0.148 seconds
[2024-03-11T16:53:29.451+0000] {processor.py:161} INFO - Started process (PID=1300) to work on /usr/local/lib/python3.8/dist-packages/airflow/example_dags/tutorial.py
[2024-03-11T16:53:29.453+0000] {processor.py:830} INFO - Processing file /usr/local/lib/python3.8/dist-packages/airflow/example_dags/tutorial.py for tasks to queue
[2024-03-11T16:53:29.454+0000] {logging_mixin.py:188} INFO - [2024-03-11T16:53:29.453+0000] {dagbag.py:540} INFO - Filling up the DagBag from /usr/local/lib/python3.8/dist-packages/airflow/example_dags/tutorial.py
[2024-03-11T16:53:29.461+0000] {processor.py:840} INFO - DAG(s) 'tutorial' retrieved from /usr/local/lib/python3.8/dist-packages/airflow/example_dags/tutorial.py
[2024-03-11T16:53:29.476+0000] {logging_mixin.py:188} INFO - [2024-03-11T16:53:29.476+0000] {dag.py:3047} INFO - Sync 1 DAGs
[2024-03-11T16:53:29.493+0000] {logging_mixin.py:188} INFO - [2024-03-11T16:53:29.493+0000] {dag.py:3834} INFO - Setting next_dagrun for tutorial to 2024-03-10 00:00:00+00:00, run_after=2024-03-11 00:00:00+00:00
[2024-03-11T16:53:29.518+0000] {processor.py:183} INFO - Processing /usr/local/lib/python3.8/dist-packages/airflow/example_dags/tutorial.py took 0.071 seconds
[2024-03-11T16:54:23.807+0000] {processor.py:161} INFO - Started process (PID=1365) to work on /usr/local/lib/python3.8/dist-packages/airflow/example_dags/tutorial.py
[2024-03-11T16:54:23.809+0000] {processor.py:830} INFO - Processing file /usr/local/lib/python3.8/dist-packages/airflow/example_dags/tutorial.py for tasks to queue
[2024-03-11T16:54:23.810+0000] {logging_mixin.py:188} INFO - [2024-03-11T16:54:23.809+0000] {dagbag.py:540} INFO - Filling up the DagBag from /usr/local/lib/python3.8/dist-packages/airflow/example_dags/tutorial.py
[2024-03-11T16:54:23.817+0000] {processor.py:840} INFO - DAG(s) 'tutorial' retrieved from /usr/local/lib/python3.8/dist-packages/airflow/example_dags/tutorial.py
[2024-03-11T16:54:23.833+0000] {logging_mixin.py:188} INFO - [2024-03-11T16:54:23.833+0000] {dag.py:3047} INFO - Sync 1 DAGs
[2024-03-11T16:54:23.855+0000] {logging_mixin.py:188} INFO - [2024-03-11T16:54:23.854+0000] {dag.py:3834} INFO - Setting next_dagrun for tutorial to 2024-03-10 00:00:00+00:00, run_after=2024-03-11 00:00:00+00:00
[2024-03-11T16:54:23.886+0000] {processor.py:183} INFO - Processing /usr/local/lib/python3.8/dist-packages/airflow/example_dags/tutorial.py took 0.082 seconds
[2024-03-11T16:55:18.385+0000] {processor.py:161} INFO - Started process (PID=1441) to work on /usr/local/lib/python3.8/dist-packages/airflow/example_dags/tutorial.py
[2024-03-11T16:55:18.387+0000] {processor.py:830} INFO - Processing file /usr/local/lib/python3.8/dist-packages/airflow/example_dags/tutorial.py for tasks to queue
[2024-03-11T16:55:18.388+0000] {logging_mixin.py:188} INFO - [2024-03-11T16:55:18.388+0000] {dagbag.py:540} INFO - Filling up the DagBag from /usr/local/lib/python3.8/dist-packages/airflow/example_dags/tutorial.py
[2024-03-11T16:55:18.395+0000] {processor.py:840} INFO - DAG(s) 'tutorial' retrieved from /usr/local/lib/python3.8/dist-packages/airflow/example_dags/tutorial.py
[2024-03-11T16:55:18.411+0000] {logging_mixin.py:188} INFO - [2024-03-11T16:55:18.411+0000] {dag.py:3047} INFO - Sync 1 DAGs
[2024-03-11T16:55:18.433+0000] {logging_mixin.py:188} INFO - [2024-03-11T16:55:18.432+0000] {dag.py:3834} INFO - Setting next_dagrun for tutorial to 2024-03-10 00:00:00+00:00, run_after=2024-03-11 00:00:00+00:00
[2024-03-11T16:55:18.460+0000] {processor.py:183} INFO - Processing /usr/local/lib/python3.8/dist-packages/airflow/example_dags/tutorial.py took 0.077 seconds
[2024-03-11T16:56:10.814+0000] {processor.py:161} INFO - Started process (PID=1510) to work on /usr/local/lib/python3.8/dist-packages/airflow/example_dags/tutorial.py
[2024-03-11T16:56:10.816+0000] {processor.py:830} INFO - Processing file /usr/local/lib/python3.8/dist-packages/airflow/example_dags/tutorial.py for tasks to queue
[2024-03-11T16:56:10.817+0000] {logging_mixin.py:188} INFO - [2024-03-11T16:56:10.817+0000] {dagbag.py:540} INFO - Filling up the DagBag from /usr/local/lib/python3.8/dist-packages/airflow/example_dags/tutorial.py
[2024-03-11T16:56:10.824+0000] {processor.py:840} INFO - DAG(s) 'tutorial' retrieved from /usr/local/lib/python3.8/dist-packages/airflow/example_dags/tutorial.py
[2024-03-11T16:56:10.838+0000] {logging_mixin.py:188} INFO - [2024-03-11T16:56:10.838+0000] {dag.py:3047} INFO - Sync 1 DAGs
[2024-03-11T16:56:10.855+0000] {logging_mixin.py:188} INFO - [2024-03-11T16:56:10.855+0000] {dag.py:3834} INFO - Setting next_dagrun for tutorial to 2024-03-10 00:00:00+00:00, run_after=2024-03-11 00:00:00+00:00
[2024-03-11T16:56:10.880+0000] {processor.py:183} INFO - Processing /usr/local/lib/python3.8/dist-packages/airflow/example_dags/tutorial.py took 0.069 seconds
[2024-03-11T16:57:02.862+0000] {processor.py:161} INFO - Started process (PID=1595) to work on /usr/local/lib/python3.8/dist-packages/airflow/example_dags/tutorial.py
[2024-03-11T16:57:02.864+0000] {processor.py:830} INFO - Processing file /usr/local/lib/python3.8/dist-packages/airflow/example_dags/tutorial.py for tasks to queue
[2024-03-11T16:57:02.865+0000] {logging_mixin.py:188} INFO - [2024-03-11T16:57:02.865+0000] {dagbag.py:540} INFO - Filling up the DagBag from /usr/local/lib/python3.8/dist-packages/airflow/example_dags/tutorial.py
[2024-03-11T16:57:02.872+0000] {processor.py:840} INFO - DAG(s) 'tutorial' retrieved from /usr/local/lib/python3.8/dist-packages/airflow/example_dags/tutorial.py
[2024-03-11T16:57:02.888+0000] {logging_mixin.py:188} INFO - [2024-03-11T16:57:02.887+0000] {dag.py:3047} INFO - Sync 1 DAGs
[2024-03-11T16:57:02.909+0000] {logging_mixin.py:188} INFO - [2024-03-11T16:57:02.909+0000] {dag.py:3834} INFO - Setting next_dagrun for tutorial to 2024-03-10 00:00:00+00:00, run_after=2024-03-11 00:00:00+00:00
[2024-03-11T16:57:02.940+0000] {processor.py:183} INFO - Processing /usr/local/lib/python3.8/dist-packages/airflow/example_dags/tutorial.py took 0.081 seconds
[2024-03-11T16:57:57.886+0000] {processor.py:161} INFO - Started process (PID=1767) to work on /usr/local/lib/python3.8/dist-packages/airflow/example_dags/tutorial.py
[2024-03-11T16:57:57.888+0000] {processor.py:830} INFO - Processing file /usr/local/lib/python3.8/dist-packages/airflow/example_dags/tutorial.py for tasks to queue
[2024-03-11T16:57:57.889+0000] {logging_mixin.py:188} INFO - [2024-03-11T16:57:57.889+0000] {dagbag.py:540} INFO - Filling up the DagBag from /usr/local/lib/python3.8/dist-packages/airflow/example_dags/tutorial.py
[2024-03-11T16:57:57.896+0000] {processor.py:840} INFO - DAG(s) 'tutorial' retrieved from /usr/local/lib/python3.8/dist-packages/airflow/example_dags/tutorial.py
[2024-03-11T16:57:57.910+0000] {logging_mixin.py:188} INFO - [2024-03-11T16:57:57.910+0000] {dag.py:3047} INFO - Sync 1 DAGs
[2024-03-11T16:57:57.928+0000] {logging_mixin.py:188} INFO - [2024-03-11T16:57:57.928+0000] {dag.py:3834} INFO - Setting next_dagrun for tutorial to 2024-03-10 00:00:00+00:00, run_after=2024-03-11 00:00:00+00:00
[2024-03-11T16:57:57.952+0000] {processor.py:183} INFO - Processing /usr/local/lib/python3.8/dist-packages/airflow/example_dags/tutorial.py took 0.069 seconds
[2024-03-11T17:06:18.258+0000] {processor.py:161} INFO - Started process (PID=1993) to work on /usr/local/lib/python3.8/dist-packages/airflow/example_dags/tutorial.py
[2024-03-11T17:06:18.260+0000] {processor.py:830} INFO - Processing file /usr/local/lib/python3.8/dist-packages/airflow/example_dags/tutorial.py for tasks to queue
[2024-03-11T17:06:18.261+0000] {logging_mixin.py:188} INFO - [2024-03-11T17:06:18.261+0000] {dagbag.py:540} INFO - Filling up the DagBag from /usr/local/lib/python3.8/dist-packages/airflow/example_dags/tutorial.py
[2024-03-11T17:06:18.268+0000] {processor.py:840} INFO - DAG(s) 'tutorial' retrieved from /usr/local/lib/python3.8/dist-packages/airflow/example_dags/tutorial.py
[2024-03-11T17:06:18.286+0000] {logging_mixin.py:188} INFO - [2024-03-11T17:06:18.285+0000] {dag.py:3047} INFO - Sync 1 DAGs
[2024-03-11T17:06:18.304+0000] {logging_mixin.py:188} INFO - [2024-03-11T17:06:18.304+0000] {dag.py:3834} INFO - Setting next_dagrun for tutorial to 2024-03-10 00:00:00+00:00, run_after=2024-03-11 00:00:00+00:00
[2024-03-11T17:06:18.331+0000] {processor.py:183} INFO - Processing /usr/local/lib/python3.8/dist-packages/airflow/example_dags/tutorial.py took 0.076 seconds
[2024-03-11T17:07:16.462+0000] {processor.py:161} INFO - Started process (PID=2096) to work on /usr/local/lib/python3.8/dist-packages/airflow/example_dags/tutorial.py
[2024-03-11T17:07:16.464+0000] {processor.py:830} INFO - Processing file /usr/local/lib/python3.8/dist-packages/airflow/example_dags/tutorial.py for tasks to queue
[2024-03-11T17:07:16.465+0000] {logging_mixin.py:188} INFO - [2024-03-11T17:07:16.464+0000] {dagbag.py:540} INFO - Filling up the DagBag from /usr/local/lib/python3.8/dist-packages/airflow/example_dags/tutorial.py
[2024-03-11T17:07:16.472+0000] {processor.py:840} INFO - DAG(s) 'tutorial' retrieved from /usr/local/lib/python3.8/dist-packages/airflow/example_dags/tutorial.py
[2024-03-11T17:07:16.490+0000] {logging_mixin.py:188} INFO - [2024-03-11T17:07:16.490+0000] {dag.py:3047} INFO - Sync 1 DAGs
[2024-03-11T17:07:16.616+0000] {logging_mixin.py:188} INFO - [2024-03-11T17:07:16.616+0000] {dag.py:3834} INFO - Setting next_dagrun for tutorial to 2024-03-10 00:00:00+00:00, run_after=2024-03-11 00:00:00+00:00
[2024-03-11T17:07:16.643+0000] {processor.py:183} INFO - Processing /usr/local/lib/python3.8/dist-packages/airflow/example_dags/tutorial.py took 0.185 seconds
[2024-03-11T17:08:42.414+0000] {processor.py:161} INFO - Started process (PID=2237) to work on /usr/local/lib/python3.8/dist-packages/airflow/example_dags/tutorial.py
[2024-03-11T17:08:42.416+0000] {processor.py:830} INFO - Processing file /usr/local/lib/python3.8/dist-packages/airflow/example_dags/tutorial.py for tasks to queue
[2024-03-11T17:08:42.417+0000] {logging_mixin.py:188} INFO - [2024-03-11T17:08:42.416+0000] {dagbag.py:540} INFO - Filling up the DagBag from /usr/local/lib/python3.8/dist-packages/airflow/example_dags/tutorial.py
[2024-03-11T17:08:42.424+0000] {processor.py:840} INFO - DAG(s) 'tutorial' retrieved from /usr/local/lib/python3.8/dist-packages/airflow/example_dags/tutorial.py
[2024-03-11T17:08:42.442+0000] {logging_mixin.py:188} INFO - [2024-03-11T17:08:42.441+0000] {dag.py:3047} INFO - Sync 1 DAGs
[2024-03-11T17:08:42.557+0000] {logging_mixin.py:188} INFO - [2024-03-11T17:08:42.557+0000] {dag.py:3834} INFO - Setting next_dagrun for tutorial to 2024-03-10 00:00:00+00:00, run_after=2024-03-11 00:00:00+00:00
[2024-03-11T17:08:42.581+0000] {processor.py:183} INFO - Processing /usr/local/lib/python3.8/dist-packages/airflow/example_dags/tutorial.py took 0.170 seconds
[2024-03-11T17:09:40.638+0000] {processor.py:161} INFO - Started process (PID=2390) to work on /usr/local/lib/python3.8/dist-packages/airflow/example_dags/tutorial.py
[2024-03-11T17:09:40.640+0000] {processor.py:830} INFO - Processing file /usr/local/lib/python3.8/dist-packages/airflow/example_dags/tutorial.py for tasks to queue
[2024-03-11T17:09:40.641+0000] {logging_mixin.py:188} INFO - [2024-03-11T17:09:40.640+0000] {dagbag.py:540} INFO - Filling up the DagBag from /usr/local/lib/python3.8/dist-packages/airflow/example_dags/tutorial.py
[2024-03-11T17:09:40.648+0000] {processor.py:840} INFO - DAG(s) 'tutorial' retrieved from /usr/local/lib/python3.8/dist-packages/airflow/example_dags/tutorial.py
[2024-03-11T17:09:40.664+0000] {logging_mixin.py:188} INFO - [2024-03-11T17:09:40.663+0000] {dag.py:3047} INFO - Sync 1 DAGs
[2024-03-11T17:09:40.686+0000] {logging_mixin.py:188} INFO - [2024-03-11T17:09:40.686+0000] {dag.py:3834} INFO - Setting next_dagrun for tutorial to 2024-03-10 00:00:00+00:00, run_after=2024-03-11 00:00:00+00:00
[2024-03-11T17:09:40.715+0000] {processor.py:183} INFO - Processing /usr/local/lib/python3.8/dist-packages/airflow/example_dags/tutorial.py took 0.080 seconds
[2024-03-11T17:10:37.990+0000] {processor.py:161} INFO - Started process (PID=2468) to work on /usr/local/lib/python3.8/dist-packages/airflow/example_dags/tutorial.py
[2024-03-11T17:10:37.992+0000] {processor.py:830} INFO - Processing file /usr/local/lib/python3.8/dist-packages/airflow/example_dags/tutorial.py for tasks to queue
[2024-03-11T17:10:37.993+0000] {logging_mixin.py:188} INFO - [2024-03-11T17:10:37.993+0000] {dagbag.py:540} INFO - Filling up the DagBag from /usr/local/lib/python3.8/dist-packages/airflow/example_dags/tutorial.py
[2024-03-11T17:10:38.000+0000] {processor.py:840} INFO - DAG(s) 'tutorial' retrieved from /usr/local/lib/python3.8/dist-packages/airflow/example_dags/tutorial.py
[2024-03-11T17:10:38.016+0000] {logging_mixin.py:188} INFO - [2024-03-11T17:10:38.016+0000] {dag.py:3047} INFO - Sync 1 DAGs
[2024-03-11T17:10:38.038+0000] {logging_mixin.py:188} INFO - [2024-03-11T17:10:38.038+0000] {dag.py:3834} INFO - Setting next_dagrun for tutorial to 2024-03-10 00:00:00+00:00, run_after=2024-03-11 00:00:00+00:00
[2024-03-11T17:10:38.080+0000] {processor.py:183} INFO - Processing /usr/local/lib/python3.8/dist-packages/airflow/example_dags/tutorial.py took 0.093 seconds
[2024-03-11T17:11:59.318+0000] {processor.py:161} INFO - Started process (PID=2576) to work on /usr/local/lib/python3.8/dist-packages/airflow/example_dags/tutorial.py
[2024-03-11T17:11:59.320+0000] {processor.py:830} INFO - Processing file /usr/local/lib/python3.8/dist-packages/airflow/example_dags/tutorial.py for tasks to queue
[2024-03-11T17:11:59.321+0000] {logging_mixin.py:188} INFO - [2024-03-11T17:11:59.321+0000] {dagbag.py:540} INFO - Filling up the DagBag from /usr/local/lib/python3.8/dist-packages/airflow/example_dags/tutorial.py
[2024-03-11T17:11:59.328+0000] {processor.py:840} INFO - DAG(s) 'tutorial' retrieved from /usr/local/lib/python3.8/dist-packages/airflow/example_dags/tutorial.py
[2024-03-11T17:11:59.346+0000] {logging_mixin.py:188} INFO - [2024-03-11T17:11:59.346+0000] {dag.py:3047} INFO - Sync 1 DAGs
[2024-03-11T17:11:59.463+0000] {logging_mixin.py:188} INFO - [2024-03-11T17:11:59.463+0000] {dag.py:3834} INFO - Setting next_dagrun for tutorial to 2024-03-10 00:00:00+00:00, run_after=2024-03-11 00:00:00+00:00
[2024-03-11T17:11:59.487+0000] {processor.py:183} INFO - Processing /usr/local/lib/python3.8/dist-packages/airflow/example_dags/tutorial.py took 0.172 seconds
[2024-03-11T17:12:57.991+0000] {processor.py:161} INFO - Started process (PID=2654) to work on /usr/local/lib/python3.8/dist-packages/airflow/example_dags/tutorial.py
[2024-03-11T17:12:57.993+0000] {processor.py:830} INFO - Processing file /usr/local/lib/python3.8/dist-packages/airflow/example_dags/tutorial.py for tasks to queue
[2024-03-11T17:12:57.994+0000] {logging_mixin.py:188} INFO - [2024-03-11T17:12:57.994+0000] {dagbag.py:540} INFO - Filling up the DagBag from /usr/local/lib/python3.8/dist-packages/airflow/example_dags/tutorial.py
[2024-03-11T17:12:58.001+0000] {processor.py:840} INFO - DAG(s) 'tutorial' retrieved from /usr/local/lib/python3.8/dist-packages/airflow/example_dags/tutorial.py
[2024-03-11T17:12:58.017+0000] {logging_mixin.py:188} INFO - [2024-03-11T17:12:58.017+0000] {dag.py:3047} INFO - Sync 1 DAGs
[2024-03-11T17:12:58.039+0000] {logging_mixin.py:188} INFO - [2024-03-11T17:12:58.039+0000] {dag.py:3834} INFO - Setting next_dagrun for tutorial to 2024-03-10 00:00:00+00:00, run_after=2024-03-11 00:00:00+00:00
[2024-03-11T17:12:58.068+0000] {processor.py:183} INFO - Processing /usr/local/lib/python3.8/dist-packages/airflow/example_dags/tutorial.py took 0.080 seconds
[2024-03-11T17:13:53.355+0000] {processor.py:161} INFO - Started process (PID=2775) to work on /usr/local/lib/python3.8/dist-packages/airflow/example_dags/tutorial.py
[2024-03-11T17:13:53.357+0000] {processor.py:830} INFO - Processing file /usr/local/lib/python3.8/dist-packages/airflow/example_dags/tutorial.py for tasks to queue
[2024-03-11T17:13:53.358+0000] {logging_mixin.py:188} INFO - [2024-03-11T17:13:53.358+0000] {dagbag.py:540} INFO - Filling up the DagBag from /usr/local/lib/python3.8/dist-packages/airflow/example_dags/tutorial.py
[2024-03-11T17:13:53.365+0000] {processor.py:840} INFO - DAG(s) 'tutorial' retrieved from /usr/local/lib/python3.8/dist-packages/airflow/example_dags/tutorial.py
[2024-03-11T17:13:53.381+0000] {logging_mixin.py:188} INFO - [2024-03-11T17:13:53.381+0000] {dag.py:3047} INFO - Sync 1 DAGs
[2024-03-11T17:13:53.403+0000] {logging_mixin.py:188} INFO - [2024-03-11T17:13:53.403+0000] {dag.py:3834} INFO - Setting next_dagrun for tutorial to 2024-03-10 00:00:00+00:00, run_after=2024-03-11 00:00:00+00:00
[2024-03-11T17:13:53.438+0000] {processor.py:183} INFO - Processing /usr/local/lib/python3.8/dist-packages/airflow/example_dags/tutorial.py took 0.086 seconds
[2024-03-11T17:15:11.546+0000] {processor.py:161} INFO - Started process (PID=2927) to work on /usr/local/lib/python3.8/dist-packages/airflow/example_dags/tutorial.py
[2024-03-11T17:15:11.548+0000] {processor.py:830} INFO - Processing file /usr/local/lib/python3.8/dist-packages/airflow/example_dags/tutorial.py for tasks to queue
[2024-03-11T17:15:11.549+0000] {logging_mixin.py:188} INFO - [2024-03-11T17:15:11.549+0000] {dagbag.py:540} INFO - Filling up the DagBag from /usr/local/lib/python3.8/dist-packages/airflow/example_dags/tutorial.py
[2024-03-11T17:15:11.556+0000] {processor.py:840} INFO - DAG(s) 'tutorial' retrieved from /usr/local/lib/python3.8/dist-packages/airflow/example_dags/tutorial.py
[2024-03-11T17:15:11.572+0000] {logging_mixin.py:188} INFO - [2024-03-11T17:15:11.572+0000] {dag.py:3047} INFO - Sync 1 DAGs
[2024-03-11T17:15:11.593+0000] {logging_mixin.py:188} INFO - [2024-03-11T17:15:11.593+0000] {dag.py:3834} INFO - Setting next_dagrun for tutorial to 2024-03-10 00:00:00+00:00, run_after=2024-03-11 00:00:00+00:00
[2024-03-11T17:15:11.623+0000] {processor.py:183} INFO - Processing /usr/local/lib/python3.8/dist-packages/airflow/example_dags/tutorial.py took 0.080 seconds
[2024-03-11T17:16:07.771+0000] {processor.py:161} INFO - Started process (PID=3005) to work on /usr/local/lib/python3.8/dist-packages/airflow/example_dags/tutorial.py
[2024-03-11T17:16:07.773+0000] {processor.py:830} INFO - Processing file /usr/local/lib/python3.8/dist-packages/airflow/example_dags/tutorial.py for tasks to queue
[2024-03-11T17:16:07.774+0000] {logging_mixin.py:188} INFO - [2024-03-11T17:16:07.774+0000] {dagbag.py:540} INFO - Filling up the DagBag from /usr/local/lib/python3.8/dist-packages/airflow/example_dags/tutorial.py
[2024-03-11T17:16:07.782+0000] {processor.py:840} INFO - DAG(s) 'tutorial' retrieved from /usr/local/lib/python3.8/dist-packages/airflow/example_dags/tutorial.py
[2024-03-11T17:16:07.798+0000] {logging_mixin.py:188} INFO - [2024-03-11T17:16:07.797+0000] {dag.py:3047} INFO - Sync 1 DAGs
[2024-03-11T17:16:07.819+0000] {logging_mixin.py:188} INFO - [2024-03-11T17:16:07.819+0000] {dag.py:3834} INFO - Setting next_dagrun for tutorial to 2024-03-10 00:00:00+00:00, run_after=2024-03-11 00:00:00+00:00
[2024-03-11T17:16:07.848+0000] {processor.py:183} INFO - Processing /usr/local/lib/python3.8/dist-packages/airflow/example_dags/tutorial.py took 0.079 seconds
[2024-03-11T17:17:00.979+0000] {processor.py:161} INFO - Started process (PID=3069) to work on /usr/local/lib/python3.8/dist-packages/airflow/example_dags/tutorial.py
[2024-03-11T17:17:00.981+0000] {processor.py:830} INFO - Processing file /usr/local/lib/python3.8/dist-packages/airflow/example_dags/tutorial.py for tasks to queue
[2024-03-11T17:17:00.982+0000] {logging_mixin.py:188} INFO - [2024-03-11T17:17:00.981+0000] {dagbag.py:540} INFO - Filling up the DagBag from /usr/local/lib/python3.8/dist-packages/airflow/example_dags/tutorial.py
[2024-03-11T17:17:00.989+0000] {processor.py:840} INFO - DAG(s) 'tutorial' retrieved from /usr/local/lib/python3.8/dist-packages/airflow/example_dags/tutorial.py
[2024-03-11T17:17:01.005+0000] {logging_mixin.py:188} INFO - [2024-03-11T17:17:01.005+0000] {dag.py:3047} INFO - Sync 1 DAGs
[2024-03-11T17:17:01.029+0000] {logging_mixin.py:188} INFO - [2024-03-11T17:17:01.029+0000] {dag.py:3834} INFO - Setting next_dagrun for tutorial to 2024-03-10 00:00:00+00:00, run_after=2024-03-11 00:00:00+00:00
[2024-03-11T17:17:01.062+0000] {processor.py:183} INFO - Processing /usr/local/lib/python3.8/dist-packages/airflow/example_dags/tutorial.py took 0.086 seconds
[2024-03-11T17:17:56.506+0000] {processor.py:161} INFO - Started process (PID=3140) to work on /usr/local/lib/python3.8/dist-packages/airflow/example_dags/tutorial.py
[2024-03-11T17:17:56.509+0000] {processor.py:830} INFO - Processing file /usr/local/lib/python3.8/dist-packages/airflow/example_dags/tutorial.py for tasks to queue
[2024-03-11T17:17:56.510+0000] {logging_mixin.py:188} INFO - [2024-03-11T17:17:56.509+0000] {dagbag.py:540} INFO - Filling up the DagBag from /usr/local/lib/python3.8/dist-packages/airflow/example_dags/tutorial.py
[2024-03-11T17:17:56.517+0000] {processor.py:840} INFO - DAG(s) 'tutorial' retrieved from /usr/local/lib/python3.8/dist-packages/airflow/example_dags/tutorial.py
[2024-03-11T17:17:56.531+0000] {logging_mixin.py:188} INFO - [2024-03-11T17:17:56.531+0000] {dag.py:3047} INFO - Sync 1 DAGs
[2024-03-11T17:17:56.548+0000] {logging_mixin.py:188} INFO - [2024-03-11T17:17:56.547+0000] {dag.py:3834} INFO - Setting next_dagrun for tutorial to 2024-03-10 00:00:00+00:00, run_after=2024-03-11 00:00:00+00:00
[2024-03-11T17:17:56.573+0000] {processor.py:183} INFO - Processing /usr/local/lib/python3.8/dist-packages/airflow/example_dags/tutorial.py took 0.070 seconds
[2024-03-11T17:18:52.375+0000] {processor.py:161} INFO - Started process (PID=3216) to work on /usr/local/lib/python3.8/dist-packages/airflow/example_dags/tutorial.py
[2024-03-11T17:18:52.377+0000] {processor.py:830} INFO - Processing file /usr/local/lib/python3.8/dist-packages/airflow/example_dags/tutorial.py for tasks to queue
[2024-03-11T17:18:52.378+0000] {logging_mixin.py:188} INFO - [2024-03-11T17:18:52.377+0000] {dagbag.py:540} INFO - Filling up the DagBag from /usr/local/lib/python3.8/dist-packages/airflow/example_dags/tutorial.py
[2024-03-11T17:18:52.384+0000] {processor.py:840} INFO - DAG(s) 'tutorial' retrieved from /usr/local/lib/python3.8/dist-packages/airflow/example_dags/tutorial.py
[2024-03-11T17:18:52.399+0000] {logging_mixin.py:188} INFO - [2024-03-11T17:18:52.399+0000] {dag.py:3047} INFO - Sync 1 DAGs
[2024-03-11T17:18:52.416+0000] {logging_mixin.py:188} INFO - [2024-03-11T17:18:52.416+0000] {dag.py:3834} INFO - Setting next_dagrun for tutorial to 2024-03-10 00:00:00+00:00, run_after=2024-03-11 00:00:00+00:00
[2024-03-11T17:18:52.442+0000] {processor.py:183} INFO - Processing /usr/local/lib/python3.8/dist-packages/airflow/example_dags/tutorial.py took 0.070 seconds
[2024-03-11T17:19:45.307+0000] {processor.py:161} INFO - Started process (PID=3281) to work on /usr/local/lib/python3.8/dist-packages/airflow/example_dags/tutorial.py
[2024-03-11T17:19:45.309+0000] {processor.py:830} INFO - Processing file /usr/local/lib/python3.8/dist-packages/airflow/example_dags/tutorial.py for tasks to queue
[2024-03-11T17:19:45.310+0000] {logging_mixin.py:188} INFO - [2024-03-11T17:19:45.310+0000] {dagbag.py:540} INFO - Filling up the DagBag from /usr/local/lib/python3.8/dist-packages/airflow/example_dags/tutorial.py
[2024-03-11T17:19:45.317+0000] {processor.py:840} INFO - DAG(s) 'tutorial' retrieved from /usr/local/lib/python3.8/dist-packages/airflow/example_dags/tutorial.py
[2024-03-11T17:19:45.331+0000] {logging_mixin.py:188} INFO - [2024-03-11T17:19:45.330+0000] {dag.py:3047} INFO - Sync 1 DAGs
[2024-03-11T17:19:45.348+0000] {logging_mixin.py:188} INFO - [2024-03-11T17:19:45.347+0000] {dag.py:3834} INFO - Setting next_dagrun for tutorial to 2024-03-10 00:00:00+00:00, run_after=2024-03-11 00:00:00+00:00
[2024-03-11T17:19:45.376+0000] {processor.py:183} INFO - Processing /usr/local/lib/python3.8/dist-packages/airflow/example_dags/tutorial.py took 0.072 seconds
[2024-03-11T17:20:39.451+0000] {processor.py:161} INFO - Started process (PID=3350) to work on /usr/local/lib/python3.8/dist-packages/airflow/example_dags/tutorial.py
[2024-03-11T17:20:39.453+0000] {processor.py:830} INFO - Processing file /usr/local/lib/python3.8/dist-packages/airflow/example_dags/tutorial.py for tasks to queue
[2024-03-11T17:20:39.454+0000] {logging_mixin.py:188} INFO - [2024-03-11T17:20:39.454+0000] {dagbag.py:540} INFO - Filling up the DagBag from /usr/local/lib/python3.8/dist-packages/airflow/example_dags/tutorial.py
[2024-03-11T17:20:39.461+0000] {processor.py:840} INFO - DAG(s) 'tutorial' retrieved from /usr/local/lib/python3.8/dist-packages/airflow/example_dags/tutorial.py
[2024-03-11T17:20:39.475+0000] {logging_mixin.py:188} INFO - [2024-03-11T17:20:39.475+0000] {dag.py:3047} INFO - Sync 1 DAGs
[2024-03-11T17:20:39.492+0000] {logging_mixin.py:188} INFO - [2024-03-11T17:20:39.492+0000] {dag.py:3834} INFO - Setting next_dagrun for tutorial to 2024-03-10 00:00:00+00:00, run_after=2024-03-11 00:00:00+00:00
[2024-03-11T17:20:39.518+0000] {processor.py:183} INFO - Processing /usr/local/lib/python3.8/dist-packages/airflow/example_dags/tutorial.py took 0.070 seconds
[2024-03-11T17:21:31.450+0000] {processor.py:161} INFO - Started process (PID=3426) to work on /usr/local/lib/python3.8/dist-packages/airflow/example_dags/tutorial.py
[2024-03-11T17:21:31.452+0000] {processor.py:830} INFO - Processing file /usr/local/lib/python3.8/dist-packages/airflow/example_dags/tutorial.py for tasks to queue
[2024-03-11T17:21:31.453+0000] {logging_mixin.py:188} INFO - [2024-03-11T17:21:31.453+0000] {dagbag.py:540} INFO - Filling up the DagBag from /usr/local/lib/python3.8/dist-packages/airflow/example_dags/tutorial.py
[2024-03-11T17:21:31.460+0000] {processor.py:840} INFO - DAG(s) 'tutorial' retrieved from /usr/local/lib/python3.8/dist-packages/airflow/example_dags/tutorial.py
[2024-03-11T17:21:31.476+0000] {logging_mixin.py:188} INFO - [2024-03-11T17:21:31.476+0000] {dag.py:3047} INFO - Sync 1 DAGs
[2024-03-11T17:21:31.498+0000] {logging_mixin.py:188} INFO - [2024-03-11T17:21:31.498+0000] {dag.py:3834} INFO - Setting next_dagrun for tutorial to 2024-03-10 00:00:00+00:00, run_after=2024-03-11 00:00:00+00:00
[2024-03-11T17:21:31.527+0000] {processor.py:183} INFO - Processing /usr/local/lib/python3.8/dist-packages/airflow/example_dags/tutorial.py took 0.080 seconds
