[2024-03-11T16:34:22.366+0000] {taskinstance.py:1979} INFO - Dependencies all met for dep_context=non-requeueable deps ti=<TaskInstance: Lead_Scoring_Data_Engineering_Pipeline.mapping_categorical_vars manual__2024-03-11T16:33:54.173375+00:00 [queued]>
[2024-03-11T16:34:22.370+0000] {taskinstance.py:1979} INFO - Dependencies all met for dep_context=requeueable deps ti=<TaskInstance: Lead_Scoring_Data_Engineering_Pipeline.mapping_categorical_vars manual__2024-03-11T16:33:54.173375+00:00 [queued]>
[2024-03-11T16:34:22.370+0000] {taskinstance.py:2193} INFO - Starting attempt 1 of 2
[2024-03-11T16:34:22.389+0000] {taskinstance.py:2217} INFO - Executing <Task(PythonOperator): mapping_categorical_vars> on 2024-03-11 16:33:54.173375+00:00
[2024-03-11T16:34:22.393+0000] {standard_task_runner.py:60} INFO - Started process 1959 to run task
[2024-03-11T16:34:22.399+0000] {standard_task_runner.py:87} INFO - Running: ['airflow', 'tasks', 'run', 'Lead_Scoring_Data_Engineering_Pipeline', 'mapping_categorical_vars', 'manual__2024-03-11T16:33:54.173375+00:00', '--job-id', '77', '--raw', '--subdir', 'DAGS_FOLDER/Lead_scoring_data_pipeline/lead_scoring_data_pipeline.py', '--cfg-path', '/tmp/tmpzdx_l_27']
[2024-03-11T16:34:22.399+0000] {standard_task_runner.py:88} INFO - Job 77: Subtask mapping_categorical_vars
[2024-03-11T16:34:22.432+0000] {task_command.py:423} INFO - Running <TaskInstance: Lead_Scoring_Data_Engineering_Pipeline.mapping_categorical_vars manual__2024-03-11T16:33:54.173375+00:00 [running]> on host 19276f21f48e
[2024-03-11T16:34:22.493+0000] {taskinstance.py:2513} INFO - Exporting env vars: AIRFLOW_CTX_DAG_OWNER='airflow' AIRFLOW_CTX_DAG_ID='Lead_Scoring_Data_Engineering_Pipeline' AIRFLOW_CTX_TASK_ID='mapping_categorical_vars' AIRFLOW_CTX_EXECUTION_DATE='2024-03-11T16:33:54.173375+00:00' AIRFLOW_CTX_TRY_NUMBER='1' AIRFLOW_CTX_DAG_RUN_ID='manual__2024-03-11T16:33:54.173375+00:00'
[2024-03-11T16:34:25.539+0000] {logging_mixin.py:188} INFO - Reading of city_tier_mapped data completed
[2024-03-11T16:34:25.578+0000] {logging_mixin.py:188} WARNING - /home/airflow/dags/Lead_scoring_data_pipeline/utils.py:264 SettingWithCopyWarning:
A value is trying to be set on a copy of a slice from a DataFrame.
Try using .loc[row_indexer,col_indexer] = value instead

See the caveats in the documentation: https://pandas.pydata.org/pandas-docs/stable/user_guide/indexing.html#returning-a-view-versus-a-copy
[2024-03-11T16:34:25.970+0000] {logging_mixin.py:188} WARNING - /home/airflow/dags/Lead_scoring_data_pipeline/utils.py:276 SettingWithCopyWarning:
A value is trying to be set on a copy of a slice from a DataFrame.
Try using .loc[row_indexer,col_indexer] = value instead

See the caveats in the documentation: https://pandas.pydata.org/pandas-docs/stable/user_guide/indexing.html#returning-a-view-versus-a-copy
[2024-03-11T16:34:26.344+0000] {logging_mixin.py:188} WARNING - /home/airflow/dags/Lead_scoring_data_pipeline/utils.py:290 SettingWithCopyWarning:
A value is trying to be set on a copy of a slice from a DataFrame.
Try using .loc[row_indexer,col_indexer] = value instead

See the caveats in the documentation: https://pandas.pydata.org/pandas-docs/stable/user_guide/indexing.html#returning-a-view-versus-a-copy
[2024-03-11T16:34:27.176+0000] {logging_mixin.py:188} INFO - Storing mapped df to table categorical_variables_mapped
[2024-03-11T16:34:32.200+0000] {python.py:202} INFO - Done. Returned value was: None
[2024-03-11T16:34:32.206+0000] {taskinstance.py:1149} INFO - Marking task as SUCCESS. dag_id=Lead_Scoring_Data_Engineering_Pipeline, task_id=mapping_categorical_vars, execution_date=20240311T163354, start_date=20240311T163422, end_date=20240311T163432
[2024-03-11T16:34:32.260+0000] {local_task_job_runner.py:234} INFO - Task exited with return code 0
[2024-03-11T16:34:32.310+0000] {taskinstance.py:3312} INFO - 1 downstream tasks scheduled from follow-on schedule check
