[2024-03-16T09:54:56.645+0000] {processor.py:161} INFO - Started process (PID=763) to work on /home/airflow/dags/Lead_scoring_training_pipeline/constants.py
[2024-03-16T09:54:56.646+0000] {processor.py:830} INFO - Processing file /home/airflow/dags/Lead_scoring_training_pipeline/constants.py for tasks to queue
[2024-03-16T09:54:56.647+0000] {logging_mixin.py:188} INFO - [2024-03-16T09:54:56.646+0000] {dagbag.py:540} INFO - Filling up the DagBag from /home/airflow/dags/Lead_scoring_training_pipeline/constants.py
[2024-03-16T09:54:56.649+0000] {processor.py:842} WARNING - No viable dags retrieved from /home/airflow/dags/Lead_scoring_training_pipeline/constants.py
[2024-03-16T09:54:56.660+0000] {processor.py:183} INFO - Processing /home/airflow/dags/Lead_scoring_training_pipeline/constants.py took 0.018 seconds
[2024-03-16T09:55:33.631+0000] {processor.py:161} INFO - Started process (PID=832) to work on /home/airflow/dags/Lead_scoring_training_pipeline/constants.py
[2024-03-16T09:55:33.633+0000] {processor.py:830} INFO - Processing file /home/airflow/dags/Lead_scoring_training_pipeline/constants.py for tasks to queue
[2024-03-16T09:55:33.634+0000] {logging_mixin.py:188} INFO - [2024-03-16T09:55:33.634+0000] {dagbag.py:540} INFO - Filling up the DagBag from /home/airflow/dags/Lead_scoring_training_pipeline/constants.py
[2024-03-16T09:55:33.638+0000] {processor.py:842} WARNING - No viable dags retrieved from /home/airflow/dags/Lead_scoring_training_pipeline/constants.py
[2024-03-16T09:55:33.648+0000] {processor.py:183} INFO - Processing /home/airflow/dags/Lead_scoring_training_pipeline/constants.py took 0.020 seconds
[2024-03-16T09:56:40.696+0000] {processor.py:161} INFO - Started process (PID=954) to work on /home/airflow/dags/Lead_scoring_training_pipeline/constants.py
[2024-03-16T09:56:40.698+0000] {processor.py:830} INFO - Processing file /home/airflow/dags/Lead_scoring_training_pipeline/constants.py for tasks to queue
[2024-03-16T09:56:40.699+0000] {logging_mixin.py:188} INFO - [2024-03-16T09:56:40.699+0000] {dagbag.py:540} INFO - Filling up the DagBag from /home/airflow/dags/Lead_scoring_training_pipeline/constants.py
[2024-03-16T09:56:40.701+0000] {processor.py:842} WARNING - No viable dags retrieved from /home/airflow/dags/Lead_scoring_training_pipeline/constants.py
[2024-03-16T09:56:40.712+0000] {processor.py:183} INFO - Processing /home/airflow/dags/Lead_scoring_training_pipeline/constants.py took 0.019 seconds
[2024-03-16T09:57:26.056+0000] {processor.py:161} INFO - Started process (PID=1019) to work on /home/airflow/dags/Lead_scoring_training_pipeline/constants.py
[2024-03-16T09:57:26.058+0000] {processor.py:830} INFO - Processing file /home/airflow/dags/Lead_scoring_training_pipeline/constants.py for tasks to queue
[2024-03-16T09:57:26.059+0000] {logging_mixin.py:188} INFO - [2024-03-16T09:57:26.059+0000] {dagbag.py:540} INFO - Filling up the DagBag from /home/airflow/dags/Lead_scoring_training_pipeline/constants.py
[2024-03-16T09:57:26.062+0000] {processor.py:842} WARNING - No viable dags retrieved from /home/airflow/dags/Lead_scoring_training_pipeline/constants.py
[2024-03-16T09:57:26.074+0000] {processor.py:183} INFO - Processing /home/airflow/dags/Lead_scoring_training_pipeline/constants.py took 0.022 seconds
[2024-03-16T09:58:05.274+0000] {processor.py:161} INFO - Started process (PID=1076) to work on /home/airflow/dags/Lead_scoring_training_pipeline/constants.py
[2024-03-16T09:58:05.276+0000] {processor.py:830} INFO - Processing file /home/airflow/dags/Lead_scoring_training_pipeline/constants.py for tasks to queue
[2024-03-16T09:58:05.277+0000] {logging_mixin.py:188} INFO - [2024-03-16T09:58:05.277+0000] {dagbag.py:540} INFO - Filling up the DagBag from /home/airflow/dags/Lead_scoring_training_pipeline/constants.py
[2024-03-16T09:58:05.280+0000] {processor.py:842} WARNING - No viable dags retrieved from /home/airflow/dags/Lead_scoring_training_pipeline/constants.py
[2024-03-16T09:58:05.291+0000] {processor.py:183} INFO - Processing /home/airflow/dags/Lead_scoring_training_pipeline/constants.py took 0.020 seconds
[2024-03-16T09:59:00.582+0000] {processor.py:161} INFO - Started process (PID=1195) to work on /home/airflow/dags/Lead_scoring_training_pipeline/constants.py
[2024-03-16T09:59:00.607+0000] {processor.py:830} INFO - Processing file /home/airflow/dags/Lead_scoring_training_pipeline/constants.py for tasks to queue
[2024-03-16T09:59:00.608+0000] {logging_mixin.py:188} INFO - [2024-03-16T09:59:00.608+0000] {dagbag.py:540} INFO - Filling up the DagBag from /home/airflow/dags/Lead_scoring_training_pipeline/constants.py
[2024-03-16T09:59:00.611+0000] {processor.py:842} WARNING - No viable dags retrieved from /home/airflow/dags/Lead_scoring_training_pipeline/constants.py
[2024-03-16T09:59:00.621+0000] {processor.py:183} INFO - Processing /home/airflow/dags/Lead_scoring_training_pipeline/constants.py took 0.042 seconds
[2024-03-16T10:02:22.895+0000] {processor.py:161} INFO - Started process (PID=1429) to work on /home/airflow/dags/Lead_scoring_training_pipeline/constants.py
[2024-03-16T10:02:22.897+0000] {processor.py:830} INFO - Processing file /home/airflow/dags/Lead_scoring_training_pipeline/constants.py for tasks to queue
[2024-03-16T10:02:22.898+0000] {logging_mixin.py:188} INFO - [2024-03-16T10:02:22.897+0000] {dagbag.py:540} INFO - Filling up the DagBag from /home/airflow/dags/Lead_scoring_training_pipeline/constants.py
[2024-03-16T10:02:22.900+0000] {processor.py:842} WARNING - No viable dags retrieved from /home/airflow/dags/Lead_scoring_training_pipeline/constants.py
[2024-03-16T10:02:22.911+0000] {processor.py:183} INFO - Processing /home/airflow/dags/Lead_scoring_training_pipeline/constants.py took 0.019 seconds
[2024-03-16T10:05:02.123+0000] {processor.py:161} INFO - Started process (PID=1768) to work on /home/airflow/dags/Lead_scoring_training_pipeline/constants.py
[2024-03-16T10:05:02.125+0000] {processor.py:830} INFO - Processing file /home/airflow/dags/Lead_scoring_training_pipeline/constants.py for tasks to queue
[2024-03-16T10:05:02.126+0000] {logging_mixin.py:188} INFO - [2024-03-16T10:05:02.126+0000] {dagbag.py:540} INFO - Filling up the DagBag from /home/airflow/dags/Lead_scoring_training_pipeline/constants.py
[2024-03-16T10:05:02.129+0000] {processor.py:842} WARNING - No viable dags retrieved from /home/airflow/dags/Lead_scoring_training_pipeline/constants.py
[2024-03-16T10:05:02.140+0000] {processor.py:183} INFO - Processing /home/airflow/dags/Lead_scoring_training_pipeline/constants.py took 0.020 seconds
[2024-03-16T10:05:48.667+0000] {processor.py:161} INFO - Started process (PID=1820) to work on /home/airflow/dags/Lead_scoring_training_pipeline/constants.py
[2024-03-16T10:05:48.669+0000] {processor.py:830} INFO - Processing file /home/airflow/dags/Lead_scoring_training_pipeline/constants.py for tasks to queue
[2024-03-16T10:05:48.670+0000] {logging_mixin.py:188} INFO - [2024-03-16T10:05:48.669+0000] {dagbag.py:540} INFO - Filling up the DagBag from /home/airflow/dags/Lead_scoring_training_pipeline/constants.py
[2024-03-16T10:05:48.672+0000] {processor.py:842} WARNING - No viable dags retrieved from /home/airflow/dags/Lead_scoring_training_pipeline/constants.py
[2024-03-16T10:05:48.683+0000] {processor.py:183} INFO - Processing /home/airflow/dags/Lead_scoring_training_pipeline/constants.py took 0.019 seconds
[2024-03-16T10:06:20.214+0000] {processor.py:161} INFO - Started process (PID=1893) to work on /home/airflow/dags/Lead_scoring_training_pipeline/constants.py
[2024-03-16T10:06:20.216+0000] {processor.py:830} INFO - Processing file /home/airflow/dags/Lead_scoring_training_pipeline/constants.py for tasks to queue
[2024-03-16T10:06:20.217+0000] {logging_mixin.py:188} INFO - [2024-03-16T10:06:20.217+0000] {dagbag.py:540} INFO - Filling up the DagBag from /home/airflow/dags/Lead_scoring_training_pipeline/constants.py
[2024-03-16T10:06:20.220+0000] {processor.py:842} WARNING - No viable dags retrieved from /home/airflow/dags/Lead_scoring_training_pipeline/constants.py
[2024-03-16T10:06:20.231+0000] {processor.py:183} INFO - Processing /home/airflow/dags/Lead_scoring_training_pipeline/constants.py took 0.020 seconds
[2024-03-16T10:06:51.767+0000] {processor.py:161} INFO - Started process (PID=1925) to work on /home/airflow/dags/Lead_scoring_training_pipeline/constants.py
[2024-03-16T10:06:51.769+0000] {processor.py:830} INFO - Processing file /home/airflow/dags/Lead_scoring_training_pipeline/constants.py for tasks to queue
[2024-03-16T10:06:51.770+0000] {logging_mixin.py:188} INFO - [2024-03-16T10:06:51.769+0000] {dagbag.py:540} INFO - Filling up the DagBag from /home/airflow/dags/Lead_scoring_training_pipeline/constants.py
[2024-03-16T10:06:51.772+0000] {processor.py:842} WARNING - No viable dags retrieved from /home/airflow/dags/Lead_scoring_training_pipeline/constants.py
[2024-03-16T10:06:51.783+0000] {processor.py:183} INFO - Processing /home/airflow/dags/Lead_scoring_training_pipeline/constants.py took 0.019 seconds
[2024-03-16T10:07:51.527+0000] {processor.py:161} INFO - Started process (PID=2028) to work on /home/airflow/dags/Lead_scoring_training_pipeline/constants.py
[2024-03-16T10:07:51.529+0000] {processor.py:830} INFO - Processing file /home/airflow/dags/Lead_scoring_training_pipeline/constants.py for tasks to queue
[2024-03-16T10:07:51.530+0000] {logging_mixin.py:188} INFO - [2024-03-16T10:07:51.530+0000] {dagbag.py:540} INFO - Filling up the DagBag from /home/airflow/dags/Lead_scoring_training_pipeline/constants.py
[2024-03-16T10:07:51.533+0000] {processor.py:842} WARNING - No viable dags retrieved from /home/airflow/dags/Lead_scoring_training_pipeline/constants.py
[2024-03-16T10:07:51.543+0000] {processor.py:183} INFO - Processing /home/airflow/dags/Lead_scoring_training_pipeline/constants.py took 0.019 seconds
[2024-03-16T10:08:24.235+0000] {processor.py:161} INFO - Started process (PID=2102) to work on /home/airflow/dags/Lead_scoring_training_pipeline/constants.py
[2024-03-16T10:08:24.236+0000] {processor.py:830} INFO - Processing file /home/airflow/dags/Lead_scoring_training_pipeline/constants.py for tasks to queue
[2024-03-16T10:08:24.237+0000] {logging_mixin.py:188} INFO - [2024-03-16T10:08:24.237+0000] {dagbag.py:540} INFO - Filling up the DagBag from /home/airflow/dags/Lead_scoring_training_pipeline/constants.py
[2024-03-16T10:08:24.240+0000] {processor.py:842} WARNING - No viable dags retrieved from /home/airflow/dags/Lead_scoring_training_pipeline/constants.py
[2024-03-16T10:08:24.249+0000] {processor.py:183} INFO - Processing /home/airflow/dags/Lead_scoring_training_pipeline/constants.py took 0.018 seconds
[2024-03-16T10:08:56.381+0000] {processor.py:161} INFO - Started process (PID=2134) to work on /home/airflow/dags/Lead_scoring_training_pipeline/constants.py
[2024-03-16T10:08:56.383+0000] {processor.py:830} INFO - Processing file /home/airflow/dags/Lead_scoring_training_pipeline/constants.py for tasks to queue
[2024-03-16T10:08:56.384+0000] {logging_mixin.py:188} INFO - [2024-03-16T10:08:56.383+0000] {dagbag.py:540} INFO - Filling up the DagBag from /home/airflow/dags/Lead_scoring_training_pipeline/constants.py
[2024-03-16T10:08:56.386+0000] {processor.py:842} WARNING - No viable dags retrieved from /home/airflow/dags/Lead_scoring_training_pipeline/constants.py
[2024-03-16T10:08:56.397+0000] {processor.py:183} INFO - Processing /home/airflow/dags/Lead_scoring_training_pipeline/constants.py took 0.019 seconds
[2024-03-16T10:09:27.158+0000] {processor.py:161} INFO - Started process (PID=2208) to work on /home/airflow/dags/Lead_scoring_training_pipeline/constants.py
[2024-03-16T10:09:27.160+0000] {processor.py:830} INFO - Processing file /home/airflow/dags/Lead_scoring_training_pipeline/constants.py for tasks to queue
[2024-03-16T10:09:27.161+0000] {logging_mixin.py:188} INFO - [2024-03-16T10:09:27.161+0000] {dagbag.py:540} INFO - Filling up the DagBag from /home/airflow/dags/Lead_scoring_training_pipeline/constants.py
[2024-03-16T10:09:27.164+0000] {processor.py:842} WARNING - No viable dags retrieved from /home/airflow/dags/Lead_scoring_training_pipeline/constants.py
[2024-03-16T10:09:27.175+0000] {processor.py:183} INFO - Processing /home/airflow/dags/Lead_scoring_training_pipeline/constants.py took 0.020 seconds
[2024-03-16T10:09:57.529+0000] {processor.py:161} INFO - Started process (PID=2239) to work on /home/airflow/dags/Lead_scoring_training_pipeline/constants.py
[2024-03-16T10:09:57.531+0000] {processor.py:830} INFO - Processing file /home/airflow/dags/Lead_scoring_training_pipeline/constants.py for tasks to queue
[2024-03-16T10:09:57.532+0000] {logging_mixin.py:188} INFO - [2024-03-16T10:09:57.532+0000] {dagbag.py:540} INFO - Filling up the DagBag from /home/airflow/dags/Lead_scoring_training_pipeline/constants.py
[2024-03-16T10:09:57.535+0000] {processor.py:842} WARNING - No viable dags retrieved from /home/airflow/dags/Lead_scoring_training_pipeline/constants.py
[2024-03-16T10:09:57.545+0000] {processor.py:183} INFO - Processing /home/airflow/dags/Lead_scoring_training_pipeline/constants.py took 0.019 seconds
[2024-03-16T10:10:29.582+0000] {processor.py:161} INFO - Started process (PID=2312) to work on /home/airflow/dags/Lead_scoring_training_pipeline/constants.py
[2024-03-16T10:10:29.584+0000] {processor.py:830} INFO - Processing file /home/airflow/dags/Lead_scoring_training_pipeline/constants.py for tasks to queue
[2024-03-16T10:10:29.585+0000] {logging_mixin.py:188} INFO - [2024-03-16T10:10:29.585+0000] {dagbag.py:540} INFO - Filling up the DagBag from /home/airflow/dags/Lead_scoring_training_pipeline/constants.py
[2024-03-16T10:10:29.588+0000] {processor.py:842} WARNING - No viable dags retrieved from /home/airflow/dags/Lead_scoring_training_pipeline/constants.py
[2024-03-16T10:10:29.598+0000] {processor.py:183} INFO - Processing /home/airflow/dags/Lead_scoring_training_pipeline/constants.py took 0.019 seconds
[2024-03-16T10:11:10.155+0000] {processor.py:161} INFO - Started process (PID=2344) to work on /home/airflow/dags/Lead_scoring_training_pipeline/constants.py
[2024-03-16T10:11:10.157+0000] {processor.py:830} INFO - Processing file /home/airflow/dags/Lead_scoring_training_pipeline/constants.py for tasks to queue
[2024-03-16T10:11:10.158+0000] {logging_mixin.py:188} INFO - [2024-03-16T10:11:10.158+0000] {dagbag.py:540} INFO - Filling up the DagBag from /home/airflow/dags/Lead_scoring_training_pipeline/constants.py
[2024-03-16T10:11:10.161+0000] {processor.py:842} WARNING - No viable dags retrieved from /home/airflow/dags/Lead_scoring_training_pipeline/constants.py
[2024-03-16T10:11:10.172+0000] {processor.py:183} INFO - Processing /home/airflow/dags/Lead_scoring_training_pipeline/constants.py took 0.020 seconds
[2024-03-16T10:12:14.038+0000] {processor.py:161} INFO - Started process (PID=2489) to work on /home/airflow/dags/Lead_scoring_training_pipeline/constants.py
[2024-03-16T10:12:14.041+0000] {processor.py:830} INFO - Processing file /home/airflow/dags/Lead_scoring_training_pipeline/constants.py for tasks to queue
[2024-03-16T10:12:14.042+0000] {logging_mixin.py:188} INFO - [2024-03-16T10:12:14.041+0000] {dagbag.py:540} INFO - Filling up the DagBag from /home/airflow/dags/Lead_scoring_training_pipeline/constants.py
[2024-03-16T10:12:14.045+0000] {processor.py:842} WARNING - No viable dags retrieved from /home/airflow/dags/Lead_scoring_training_pipeline/constants.py
[2024-03-16T10:12:14.056+0000] {processor.py:183} INFO - Processing /home/airflow/dags/Lead_scoring_training_pipeline/constants.py took 0.021 seconds
[2024-03-16T10:12:47.451+0000] {processor.py:161} INFO - Started process (PID=2529) to work on /home/airflow/dags/Lead_scoring_training_pipeline/constants.py
[2024-03-16T10:12:47.453+0000] {processor.py:830} INFO - Processing file /home/airflow/dags/Lead_scoring_training_pipeline/constants.py for tasks to queue
[2024-03-16T10:12:47.454+0000] {logging_mixin.py:188} INFO - [2024-03-16T10:12:47.453+0000] {dagbag.py:540} INFO - Filling up the DagBag from /home/airflow/dags/Lead_scoring_training_pipeline/constants.py
[2024-03-16T10:12:47.456+0000] {processor.py:842} WARNING - No viable dags retrieved from /home/airflow/dags/Lead_scoring_training_pipeline/constants.py
[2024-03-16T10:12:47.467+0000] {processor.py:183} INFO - Processing /home/airflow/dags/Lead_scoring_training_pipeline/constants.py took 0.019 seconds
[2024-03-16T10:14:24.210+0000] {processor.py:161} INFO - Started process (PID=2699) to work on /home/airflow/dags/Lead_scoring_training_pipeline/constants.py
[2024-03-16T10:14:24.212+0000] {processor.py:830} INFO - Processing file /home/airflow/dags/Lead_scoring_training_pipeline/constants.py for tasks to queue
[2024-03-16T10:14:24.213+0000] {logging_mixin.py:188} INFO - [2024-03-16T10:14:24.213+0000] {dagbag.py:540} INFO - Filling up the DagBag from /home/airflow/dags/Lead_scoring_training_pipeline/constants.py
[2024-03-16T10:14:24.216+0000] {processor.py:842} WARNING - No viable dags retrieved from /home/airflow/dags/Lead_scoring_training_pipeline/constants.py
[2024-03-16T10:14:24.226+0000] {processor.py:183} INFO - Processing /home/airflow/dags/Lead_scoring_training_pipeline/constants.py took 0.019 seconds
[2024-03-16T10:14:59.274+0000] {processor.py:161} INFO - Started process (PID=2978) to work on /home/airflow/dags/Lead_scoring_training_pipeline/constants.py
[2024-03-16T10:14:59.276+0000] {processor.py:830} INFO - Processing file /home/airflow/dags/Lead_scoring_training_pipeline/constants.py for tasks to queue
[2024-03-16T10:14:59.277+0000] {logging_mixin.py:188} INFO - [2024-03-16T10:14:59.277+0000] {dagbag.py:540} INFO - Filling up the DagBag from /home/airflow/dags/Lead_scoring_training_pipeline/constants.py
[2024-03-16T10:14:59.280+0000] {processor.py:842} WARNING - No viable dags retrieved from /home/airflow/dags/Lead_scoring_training_pipeline/constants.py
[2024-03-16T10:14:59.291+0000] {processor.py:183} INFO - Processing /home/airflow/dags/Lead_scoring_training_pipeline/constants.py took 0.020 seconds
[2024-03-16T10:15:31.398+0000] {processor.py:161} INFO - Started process (PID=3013) to work on /home/airflow/dags/Lead_scoring_training_pipeline/constants.py
[2024-03-16T10:15:31.400+0000] {processor.py:830} INFO - Processing file /home/airflow/dags/Lead_scoring_training_pipeline/constants.py for tasks to queue
[2024-03-16T10:15:31.401+0000] {logging_mixin.py:188} INFO - [2024-03-16T10:15:31.400+0000] {dagbag.py:540} INFO - Filling up the DagBag from /home/airflow/dags/Lead_scoring_training_pipeline/constants.py
[2024-03-16T10:15:31.403+0000] {processor.py:842} WARNING - No viable dags retrieved from /home/airflow/dags/Lead_scoring_training_pipeline/constants.py
[2024-03-16T10:15:31.414+0000] {processor.py:183} INFO - Processing /home/airflow/dags/Lead_scoring_training_pipeline/constants.py took 0.019 seconds
[2024-03-16T10:16:06.290+0000] {processor.py:161} INFO - Started process (PID=3089) to work on /home/airflow/dags/Lead_scoring_training_pipeline/constants.py
[2024-03-16T10:16:06.292+0000] {processor.py:830} INFO - Processing file /home/airflow/dags/Lead_scoring_training_pipeline/constants.py for tasks to queue
[2024-03-16T10:16:06.293+0000] {logging_mixin.py:188} INFO - [2024-03-16T10:16:06.293+0000] {dagbag.py:540} INFO - Filling up the DagBag from /home/airflow/dags/Lead_scoring_training_pipeline/constants.py
[2024-03-16T10:16:06.296+0000] {processor.py:842} WARNING - No viable dags retrieved from /home/airflow/dags/Lead_scoring_training_pipeline/constants.py
[2024-03-16T10:16:06.307+0000] {processor.py:183} INFO - Processing /home/airflow/dags/Lead_scoring_training_pipeline/constants.py took 0.020 seconds
[2024-03-16T10:16:38.374+0000] {processor.py:161} INFO - Started process (PID=3127) to work on /home/airflow/dags/Lead_scoring_training_pipeline/constants.py
[2024-03-16T10:16:38.376+0000] {processor.py:830} INFO - Processing file /home/airflow/dags/Lead_scoring_training_pipeline/constants.py for tasks to queue
[2024-03-16T10:16:38.377+0000] {logging_mixin.py:188} INFO - [2024-03-16T10:16:38.376+0000] {dagbag.py:540} INFO - Filling up the DagBag from /home/airflow/dags/Lead_scoring_training_pipeline/constants.py
[2024-03-16T10:16:38.379+0000] {processor.py:842} WARNING - No viable dags retrieved from /home/airflow/dags/Lead_scoring_training_pipeline/constants.py
[2024-03-16T10:16:38.390+0000] {processor.py:183} INFO - Processing /home/airflow/dags/Lead_scoring_training_pipeline/constants.py took 0.019 seconds
[2024-03-16T10:17:09.922+0000] {processor.py:161} INFO - Started process (PID=3195) to work on /home/airflow/dags/Lead_scoring_training_pipeline/constants.py
[2024-03-16T10:17:09.924+0000] {processor.py:830} INFO - Processing file /home/airflow/dags/Lead_scoring_training_pipeline/constants.py for tasks to queue
[2024-03-16T10:17:09.925+0000] {logging_mixin.py:188} INFO - [2024-03-16T10:17:09.925+0000] {dagbag.py:540} INFO - Filling up the DagBag from /home/airflow/dags/Lead_scoring_training_pipeline/constants.py
[2024-03-16T10:17:09.928+0000] {processor.py:842} WARNING - No viable dags retrieved from /home/airflow/dags/Lead_scoring_training_pipeline/constants.py
[2024-03-16T10:17:09.939+0000] {processor.py:183} INFO - Processing /home/airflow/dags/Lead_scoring_training_pipeline/constants.py took 0.020 seconds
