[2024-03-16T09:55:02.376+0000] {processor.py:161} INFO - Started process (PID=779) to work on /home/airflow/dags/Lead_scoring_training_pipeline/lead_scoring_training_pipeline.py
[2024-03-16T09:55:02.377+0000] {processor.py:830} INFO - Processing file /home/airflow/dags/Lead_scoring_training_pipeline/lead_scoring_training_pipeline.py for tasks to queue
[2024-03-16T09:55:02.379+0000] {logging_mixin.py:188} INFO - [2024-03-16T09:55:02.378+0000] {dagbag.py:540} INFO - Filling up the DagBag from /home/airflow/dags/Lead_scoring_training_pipeline/lead_scoring_training_pipeline.py
[2024-03-16T09:55:03.557+0000] {logging_mixin.py:188} INFO - [2024-03-16T09:55:03.557+0000] {dagbag.py:350} ERROR - Failed to import: /home/airflow/dags/Lead_scoring_training_pipeline/lead_scoring_training_pipeline.py
Traceback (most recent call last):
  File "/usr/local/lib/python3.8/dist-packages/airflow/models/dagbag.py", line 346, in parse
    loader.exec_module(new_module)
  File "<frozen importlib._bootstrap_external>", line 848, in exec_module
  File "<frozen importlib._bootstrap>", line 219, in _call_with_frames_removed
  File "/home/airflow/dags/Lead_scoring_training_pipeline/lead_scoring_training_pipeline.py", line 7, in <module>
    from Lead_scoring_training_pipeline.utils import *
  File "/home/airflow/dags/Lead_scoring_training_pipeline/utils.py", line 28, in <module>
    import lightgbm as lgb
ModuleNotFoundError: No module named 'lightgbm'
[2024-03-16T09:55:03.561+0000] {processor.py:842} WARNING - No viable dags retrieved from /home/airflow/dags/Lead_scoring_training_pipeline/lead_scoring_training_pipeline.py
[2024-03-16T09:55:03.584+0000] {processor.py:183} INFO - Processing /home/airflow/dags/Lead_scoring_training_pipeline/lead_scoring_training_pipeline.py took 1.212 seconds
[2024-03-16T09:56:36.123+0000] {processor.py:161} INFO - Started process (PID=934) to work on /home/airflow/dags/Lead_scoring_training_pipeline/lead_scoring_training_pipeline.py
[2024-03-16T09:56:36.125+0000] {processor.py:830} INFO - Processing file /home/airflow/dags/Lead_scoring_training_pipeline/lead_scoring_training_pipeline.py for tasks to queue
[2024-03-16T09:56:36.126+0000] {logging_mixin.py:188} INFO - [2024-03-16T09:56:36.126+0000] {dagbag.py:540} INFO - Filling up the DagBag from /home/airflow/dags/Lead_scoring_training_pipeline/lead_scoring_training_pipeline.py
[2024-03-16T09:56:38.237+0000] {processor.py:840} INFO - DAG(s) 'Lead_scoring_training_pipeline' retrieved from /home/airflow/dags/Lead_scoring_training_pipeline/lead_scoring_training_pipeline.py
[2024-03-16T09:56:38.314+0000] {logging_mixin.py:188} INFO - [2024-03-16T09:56:38.314+0000] {dag.py:3047} INFO - Sync 1 DAGs
[2024-03-16T09:56:38.329+0000] {logging_mixin.py:188} INFO - [2024-03-16T09:56:38.329+0000] {dag.py:3834} INFO - Setting next_dagrun for Lead_scoring_training_pipeline to 2024-04-01 00:00:00+00:00, run_after=2024-05-01 00:00:00+00:00
[2024-03-16T09:56:38.554+0000] {processor.py:183} INFO - Processing /home/airflow/dags/Lead_scoring_training_pipeline/lead_scoring_training_pipeline.py took 2.434 seconds
[2024-03-16T09:58:00.282+0000] {processor.py:161} INFO - Started process (PID=1056) to work on /home/airflow/dags/Lead_scoring_training_pipeline/lead_scoring_training_pipeline.py
[2024-03-16T09:58:00.284+0000] {processor.py:830} INFO - Processing file /home/airflow/dags/Lead_scoring_training_pipeline/lead_scoring_training_pipeline.py for tasks to queue
[2024-03-16T09:58:00.286+0000] {logging_mixin.py:188} INFO - [2024-03-16T09:58:00.285+0000] {dagbag.py:540} INFO - Filling up the DagBag from /home/airflow/dags/Lead_scoring_training_pipeline/lead_scoring_training_pipeline.py
[2024-03-16T09:58:02.462+0000] {processor.py:840} INFO - DAG(s) 'Lead_scoring_training_pipeline' retrieved from /home/airflow/dags/Lead_scoring_training_pipeline/lead_scoring_training_pipeline.py
[2024-03-16T09:58:02.475+0000] {logging_mixin.py:188} INFO - [2024-03-16T09:58:02.475+0000] {dag.py:3047} INFO - Sync 1 DAGs
[2024-03-16T09:58:02.495+0000] {logging_mixin.py:188} INFO - [2024-03-16T09:58:02.494+0000] {dag.py:3834} INFO - Setting next_dagrun for Lead_scoring_training_pipeline to 2024-04-01 00:00:00+00:00, run_after=2024-05-01 00:00:00+00:00
[2024-03-16T09:58:02.523+0000] {processor.py:183} INFO - Processing /home/airflow/dags/Lead_scoring_training_pipeline/lead_scoring_training_pipeline.py took 2.244 seconds
[2024-03-16T10:04:57.694+0000] {processor.py:161} INFO - Started process (PID=1748) to work on /home/airflow/dags/Lead_scoring_training_pipeline/lead_scoring_training_pipeline.py
[2024-03-16T10:04:57.696+0000] {processor.py:830} INFO - Processing file /home/airflow/dags/Lead_scoring_training_pipeline/lead_scoring_training_pipeline.py for tasks to queue
[2024-03-16T10:04:57.697+0000] {logging_mixin.py:188} INFO - [2024-03-16T10:04:57.697+0000] {dagbag.py:540} INFO - Filling up the DagBag from /home/airflow/dags/Lead_scoring_training_pipeline/lead_scoring_training_pipeline.py
[2024-03-16T10:04:59.579+0000] {processor.py:840} INFO - DAG(s) 'Lead_scoring_training_pipeline' retrieved from /home/airflow/dags/Lead_scoring_training_pipeline/lead_scoring_training_pipeline.py
[2024-03-16T10:04:59.588+0000] {logging_mixin.py:188} INFO - [2024-03-16T10:04:59.587+0000] {dag.py:3047} INFO - Sync 1 DAGs
[2024-03-16T10:04:59.602+0000] {logging_mixin.py:188} INFO - [2024-03-16T10:04:59.602+0000] {dag.py:3834} INFO - Setting next_dagrun for Lead_scoring_training_pipeline to 2024-04-01 00:00:00+00:00, run_after=2024-05-01 00:00:00+00:00
[2024-03-16T10:04:59.626+0000] {processor.py:183} INFO - Processing /home/airflow/dags/Lead_scoring_training_pipeline/lead_scoring_training_pipeline.py took 1.935 seconds
[2024-03-16T10:06:16.395+0000] {processor.py:161} INFO - Started process (PID=1873) to work on /home/airflow/dags/Lead_scoring_training_pipeline/lead_scoring_training_pipeline.py
[2024-03-16T10:06:16.396+0000] {processor.py:830} INFO - Processing file /home/airflow/dags/Lead_scoring_training_pipeline/lead_scoring_training_pipeline.py for tasks to queue
[2024-03-16T10:06:16.397+0000] {logging_mixin.py:188} INFO - [2024-03-16T10:06:16.397+0000] {dagbag.py:540} INFO - Filling up the DagBag from /home/airflow/dags/Lead_scoring_training_pipeline/lead_scoring_training_pipeline.py
[2024-03-16T10:06:18.546+0000] {processor.py:840} INFO - DAG(s) 'Lead_scoring_training_pipeline' retrieved from /home/airflow/dags/Lead_scoring_training_pipeline/lead_scoring_training_pipeline.py
[2024-03-16T10:06:18.559+0000] {logging_mixin.py:188} INFO - [2024-03-16T10:06:18.558+0000] {dag.py:3047} INFO - Sync 1 DAGs
[2024-03-16T10:06:18.577+0000] {logging_mixin.py:188} INFO - [2024-03-16T10:06:18.577+0000] {dag.py:3834} INFO - Setting next_dagrun for Lead_scoring_training_pipeline to 2024-04-01 00:00:00+00:00, run_after=2024-05-01 00:00:00+00:00
[2024-03-16T10:06:18.605+0000] {processor.py:183} INFO - Processing /home/airflow/dags/Lead_scoring_training_pipeline/lead_scoring_training_pipeline.py took 2.214 seconds
[2024-03-16T10:07:16.587+0000] {processor.py:161} INFO - Started process (PID=1978) to work on /home/airflow/dags/Lead_scoring_training_pipeline/lead_scoring_training_pipeline.py
[2024-03-16T10:07:16.588+0000] {processor.py:830} INFO - Processing file /home/airflow/dags/Lead_scoring_training_pipeline/lead_scoring_training_pipeline.py for tasks to queue
[2024-03-16T10:07:16.589+0000] {logging_mixin.py:188} INFO - [2024-03-16T10:07:16.589+0000] {dagbag.py:540} INFO - Filling up the DagBag from /home/airflow/dags/Lead_scoring_training_pipeline/lead_scoring_training_pipeline.py
[2024-03-16T10:07:18.692+0000] {processor.py:840} INFO - DAG(s) 'Lead_scoring_training_pipeline' retrieved from /home/airflow/dags/Lead_scoring_training_pipeline/lead_scoring_training_pipeline.py
[2024-03-16T10:07:18.705+0000] {logging_mixin.py:188} INFO - [2024-03-16T10:07:18.705+0000] {dag.py:3047} INFO - Sync 1 DAGs
[2024-03-16T10:07:18.722+0000] {logging_mixin.py:188} INFO - [2024-03-16T10:07:18.722+0000] {dag.py:3834} INFO - Setting next_dagrun for Lead_scoring_training_pipeline to 2024-04-01 00:00:00+00:00, run_after=2024-05-01 00:00:00+00:00
[2024-03-16T10:07:18.748+0000] {processor.py:183} INFO - Processing /home/airflow/dags/Lead_scoring_training_pipeline/lead_scoring_training_pipeline.py took 2.164 seconds
[2024-03-16T10:08:19.907+0000] {processor.py:161} INFO - Started process (PID=2082) to work on /home/airflow/dags/Lead_scoring_training_pipeline/lead_scoring_training_pipeline.py
[2024-03-16T10:08:19.909+0000] {processor.py:830} INFO - Processing file /home/airflow/dags/Lead_scoring_training_pipeline/lead_scoring_training_pipeline.py for tasks to queue
[2024-03-16T10:08:19.910+0000] {logging_mixin.py:188} INFO - [2024-03-16T10:08:19.910+0000] {dagbag.py:540} INFO - Filling up the DagBag from /home/airflow/dags/Lead_scoring_training_pipeline/lead_scoring_training_pipeline.py
[2024-03-16T10:08:22.083+0000] {processor.py:840} INFO - DAG(s) 'Lead_scoring_training_pipeline' retrieved from /home/airflow/dags/Lead_scoring_training_pipeline/lead_scoring_training_pipeline.py
[2024-03-16T10:08:22.094+0000] {logging_mixin.py:188} INFO - [2024-03-16T10:08:22.094+0000] {dag.py:3047} INFO - Sync 1 DAGs
[2024-03-16T10:08:22.112+0000] {logging_mixin.py:188} INFO - [2024-03-16T10:08:22.111+0000] {dag.py:3834} INFO - Setting next_dagrun for Lead_scoring_training_pipeline to 2024-04-01 00:00:00+00:00, run_after=2024-05-01 00:00:00+00:00
[2024-03-16T10:08:22.139+0000] {processor.py:183} INFO - Processing /home/airflow/dags/Lead_scoring_training_pipeline/lead_scoring_training_pipeline.py took 2.235 seconds
[2024-03-16T10:09:22.938+0000] {processor.py:161} INFO - Started process (PID=2188) to work on /home/airflow/dags/Lead_scoring_training_pipeline/lead_scoring_training_pipeline.py
[2024-03-16T10:09:22.939+0000] {processor.py:830} INFO - Processing file /home/airflow/dags/Lead_scoring_training_pipeline/lead_scoring_training_pipeline.py for tasks to queue
[2024-03-16T10:09:22.940+0000] {logging_mixin.py:188} INFO - [2024-03-16T10:09:22.940+0000] {dagbag.py:540} INFO - Filling up the DagBag from /home/airflow/dags/Lead_scoring_training_pipeline/lead_scoring_training_pipeline.py
[2024-03-16T10:09:25.101+0000] {processor.py:840} INFO - DAG(s) 'Lead_scoring_training_pipeline' retrieved from /home/airflow/dags/Lead_scoring_training_pipeline/lead_scoring_training_pipeline.py
[2024-03-16T10:09:25.112+0000] {logging_mixin.py:188} INFO - [2024-03-16T10:09:25.112+0000] {dag.py:3047} INFO - Sync 1 DAGs
[2024-03-16T10:09:25.130+0000] {logging_mixin.py:188} INFO - [2024-03-16T10:09:25.129+0000] {dag.py:3834} INFO - Setting next_dagrun for Lead_scoring_training_pipeline to 2024-04-01 00:00:00+00:00, run_after=2024-05-01 00:00:00+00:00
[2024-03-16T10:09:25.163+0000] {processor.py:183} INFO - Processing /home/airflow/dags/Lead_scoring_training_pipeline/lead_scoring_training_pipeline.py took 2.229 seconds
[2024-03-16T10:10:25.580+0000] {processor.py:161} INFO - Started process (PID=2292) to work on /home/airflow/dags/Lead_scoring_training_pipeline/lead_scoring_training_pipeline.py
[2024-03-16T10:10:25.582+0000] {processor.py:830} INFO - Processing file /home/airflow/dags/Lead_scoring_training_pipeline/lead_scoring_training_pipeline.py for tasks to queue
[2024-03-16T10:10:25.583+0000] {logging_mixin.py:188} INFO - [2024-03-16T10:10:25.582+0000] {dagbag.py:540} INFO - Filling up the DagBag from /home/airflow/dags/Lead_scoring_training_pipeline/lead_scoring_training_pipeline.py
[2024-03-16T10:10:27.666+0000] {processor.py:840} INFO - DAG(s) 'Lead_scoring_training_pipeline' retrieved from /home/airflow/dags/Lead_scoring_training_pipeline/lead_scoring_training_pipeline.py
[2024-03-16T10:10:27.683+0000] {logging_mixin.py:188} INFO - [2024-03-16T10:10:27.682+0000] {dag.py:3047} INFO - Sync 1 DAGs
[2024-03-16T10:10:27.702+0000] {logging_mixin.py:188} INFO - [2024-03-16T10:10:27.702+0000] {dag.py:3834} INFO - Setting next_dagrun for Lead_scoring_training_pipeline to 2024-04-01 00:00:00+00:00, run_after=2024-05-01 00:00:00+00:00
[2024-03-16T10:10:27.766+0000] {processor.py:183} INFO - Processing /home/airflow/dags/Lead_scoring_training_pipeline/lead_scoring_training_pipeline.py took 2.190 seconds
[2024-03-16T10:12:08.975+0000] {processor.py:161} INFO - Started process (PID=2469) to work on /home/airflow/dags/Lead_scoring_training_pipeline/lead_scoring_training_pipeline.py
[2024-03-16T10:12:08.978+0000] {processor.py:830} INFO - Processing file /home/airflow/dags/Lead_scoring_training_pipeline/lead_scoring_training_pipeline.py for tasks to queue
[2024-03-16T10:12:08.978+0000] {logging_mixin.py:188} INFO - [2024-03-16T10:12:08.978+0000] {dagbag.py:540} INFO - Filling up the DagBag from /home/airflow/dags/Lead_scoring_training_pipeline/lead_scoring_training_pipeline.py
[2024-03-16T10:12:11.129+0000] {processor.py:840} INFO - DAG(s) 'Lead_scoring_training_pipeline' retrieved from /home/airflow/dags/Lead_scoring_training_pipeline/lead_scoring_training_pipeline.py
[2024-03-16T10:12:11.145+0000] {logging_mixin.py:188} INFO - [2024-03-16T10:12:11.144+0000] {dag.py:3047} INFO - Sync 1 DAGs
[2024-03-16T10:12:11.162+0000] {logging_mixin.py:188} INFO - [2024-03-16T10:12:11.162+0000] {dag.py:3834} INFO - Setting next_dagrun for Lead_scoring_training_pipeline to 2024-04-01 00:00:00+00:00, run_after=2024-05-01 00:00:00+00:00
[2024-03-16T10:12:11.189+0000] {processor.py:183} INFO - Processing /home/airflow/dags/Lead_scoring_training_pipeline/lead_scoring_training_pipeline.py took 2.217 seconds
[2024-03-16T10:13:12.147+0000] {processor.py:161} INFO - Started process (PID=2575) to work on /home/airflow/dags/Lead_scoring_training_pipeline/lead_scoring_training_pipeline.py
[2024-03-16T10:13:12.149+0000] {processor.py:830} INFO - Processing file /home/airflow/dags/Lead_scoring_training_pipeline/lead_scoring_training_pipeline.py for tasks to queue
[2024-03-16T10:13:12.150+0000] {logging_mixin.py:188} INFO - [2024-03-16T10:13:12.150+0000] {dagbag.py:540} INFO - Filling up the DagBag from /home/airflow/dags/Lead_scoring_training_pipeline/lead_scoring_training_pipeline.py
[2024-03-16T10:13:14.090+0000] {processor.py:840} INFO - DAG(s) 'Lead_scoring_training_pipeline' retrieved from /home/airflow/dags/Lead_scoring_training_pipeline/lead_scoring_training_pipeline.py
[2024-03-16T10:13:14.102+0000] {logging_mixin.py:188} INFO - [2024-03-16T10:13:14.101+0000] {dag.py:3047} INFO - Sync 1 DAGs
[2024-03-16T10:13:14.117+0000] {logging_mixin.py:188} INFO - [2024-03-16T10:13:14.117+0000] {dag.py:3834} INFO - Setting next_dagrun for Lead_scoring_training_pipeline to 2024-04-01 00:00:00+00:00, run_after=2024-05-01 00:00:00+00:00
[2024-03-16T10:13:14.192+0000] {processor.py:183} INFO - Processing /home/airflow/dags/Lead_scoring_training_pipeline/lead_scoring_training_pipeline.py took 2.048 seconds
[2024-03-16T10:14:55.407+0000] {processor.py:161} INFO - Started process (PID=2933) to work on /home/airflow/dags/Lead_scoring_training_pipeline/lead_scoring_training_pipeline.py
[2024-03-16T10:14:55.409+0000] {processor.py:830} INFO - Processing file /home/airflow/dags/Lead_scoring_training_pipeline/lead_scoring_training_pipeline.py for tasks to queue
[2024-03-16T10:14:55.410+0000] {logging_mixin.py:188} INFO - [2024-03-16T10:14:55.410+0000] {dagbag.py:540} INFO - Filling up the DagBag from /home/airflow/dags/Lead_scoring_training_pipeline/lead_scoring_training_pipeline.py
[2024-03-16T10:14:57.383+0000] {processor.py:840} INFO - DAG(s) 'Lead_scoring_training_pipeline' retrieved from /home/airflow/dags/Lead_scoring_training_pipeline/lead_scoring_training_pipeline.py
[2024-03-16T10:14:57.395+0000] {logging_mixin.py:188} INFO - [2024-03-16T10:14:57.395+0000] {dag.py:3047} INFO - Sync 1 DAGs
[2024-03-16T10:14:57.410+0000] {logging_mixin.py:188} INFO - [2024-03-16T10:14:57.410+0000] {dag.py:3834} INFO - Setting next_dagrun for Lead_scoring_training_pipeline to 2024-04-01 00:00:00+00:00, run_after=2024-05-01 00:00:00+00:00
[2024-03-16T10:14:57.437+0000] {processor.py:183} INFO - Processing /home/airflow/dags/Lead_scoring_training_pipeline/lead_scoring_training_pipeline.py took 2.033 seconds
[2024-03-16T10:16:01.210+0000] {processor.py:161} INFO - Started process (PID=3069) to work on /home/airflow/dags/Lead_scoring_training_pipeline/lead_scoring_training_pipeline.py
[2024-03-16T10:16:01.212+0000] {processor.py:830} INFO - Processing file /home/airflow/dags/Lead_scoring_training_pipeline/lead_scoring_training_pipeline.py for tasks to queue
[2024-03-16T10:16:01.213+0000] {logging_mixin.py:188} INFO - [2024-03-16T10:16:01.213+0000] {dagbag.py:540} INFO - Filling up the DagBag from /home/airflow/dags/Lead_scoring_training_pipeline/lead_scoring_training_pipeline.py
[2024-03-16T10:16:03.443+0000] {processor.py:840} INFO - DAG(s) 'Lead_scoring_training_pipeline' retrieved from /home/airflow/dags/Lead_scoring_training_pipeline/lead_scoring_training_pipeline.py
[2024-03-16T10:16:03.455+0000] {logging_mixin.py:188} INFO - [2024-03-16T10:16:03.454+0000] {dag.py:3047} INFO - Sync 1 DAGs
[2024-03-16T10:16:03.472+0000] {logging_mixin.py:188} INFO - [2024-03-16T10:16:03.472+0000] {dag.py:3834} INFO - Setting next_dagrun for Lead_scoring_training_pipeline to 2024-04-01 00:00:00+00:00, run_after=2024-05-01 00:00:00+00:00
[2024-03-16T10:16:03.499+0000] {processor.py:183} INFO - Processing /home/airflow/dags/Lead_scoring_training_pipeline/lead_scoring_training_pipeline.py took 2.292 seconds
[2024-03-16T10:17:05.191+0000] {processor.py:161} INFO - Started process (PID=3175) to work on /home/airflow/dags/Lead_scoring_training_pipeline/lead_scoring_training_pipeline.py
[2024-03-16T10:17:05.193+0000] {processor.py:830} INFO - Processing file /home/airflow/dags/Lead_scoring_training_pipeline/lead_scoring_training_pipeline.py for tasks to queue
[2024-03-16T10:17:05.194+0000] {logging_mixin.py:188} INFO - [2024-03-16T10:17:05.194+0000] {dagbag.py:540} INFO - Filling up the DagBag from /home/airflow/dags/Lead_scoring_training_pipeline/lead_scoring_training_pipeline.py
[2024-03-16T10:17:07.190+0000] {processor.py:840} INFO - DAG(s) 'Lead_scoring_training_pipeline' retrieved from /home/airflow/dags/Lead_scoring_training_pipeline/lead_scoring_training_pipeline.py
[2024-03-16T10:17:07.203+0000] {logging_mixin.py:188} INFO - [2024-03-16T10:17:07.202+0000] {dag.py:3047} INFO - Sync 1 DAGs
[2024-03-16T10:17:07.218+0000] {logging_mixin.py:188} INFO - [2024-03-16T10:17:07.218+0000] {dag.py:3834} INFO - Setting next_dagrun for Lead_scoring_training_pipeline to 2024-04-01 00:00:00+00:00, run_after=2024-05-01 00:00:00+00:00
[2024-03-16T10:17:07.243+0000] {processor.py:183} INFO - Processing /home/airflow/dags/Lead_scoring_training_pipeline/lead_scoring_training_pipeline.py took 2.055 seconds
