[2024-03-11T15:39:51.134+0000] {processor.py:161} INFO - Started process (PID=463) to work on /usr/local/lib/python3.8/dist-packages/airflow/example_dags/plugins/event_listener.py
[2024-03-11T15:39:51.135+0000] {processor.py:830} INFO - Processing file /usr/local/lib/python3.8/dist-packages/airflow/example_dags/plugins/event_listener.py for tasks to queue
[2024-03-11T15:39:51.135+0000] {logging_mixin.py:188} INFO - [2024-03-11T15:39:51.135+0000] {dagbag.py:540} INFO - Filling up the DagBag from /usr/local/lib/python3.8/dist-packages/airflow/example_dags/plugins/event_listener.py
[2024-03-11T15:39:51.137+0000] {processor.py:842} WARNING - No viable dags retrieved from /usr/local/lib/python3.8/dist-packages/airflow/example_dags/plugins/event_listener.py
[2024-03-11T15:39:51.145+0000] {processor.py:183} INFO - Processing /usr/local/lib/python3.8/dist-packages/airflow/example_dags/plugins/event_listener.py took 0.014 seconds
[2024-03-11T15:40:49.915+0000] {processor.py:161} INFO - Started process (PID=548) to work on /usr/local/lib/python3.8/dist-packages/airflow/example_dags/plugins/event_listener.py
[2024-03-11T15:40:49.917+0000] {processor.py:830} INFO - Processing file /usr/local/lib/python3.8/dist-packages/airflow/example_dags/plugins/event_listener.py for tasks to queue
[2024-03-11T15:40:49.917+0000] {logging_mixin.py:188} INFO - [2024-03-11T15:40:49.917+0000] {dagbag.py:540} INFO - Filling up the DagBag from /usr/local/lib/python3.8/dist-packages/airflow/example_dags/plugins/event_listener.py
[2024-03-11T15:40:49.925+0000] {processor.py:842} WARNING - No viable dags retrieved from /usr/local/lib/python3.8/dist-packages/airflow/example_dags/plugins/event_listener.py
[2024-03-11T15:40:49.966+0000] {processor.py:183} INFO - Processing /usr/local/lib/python3.8/dist-packages/airflow/example_dags/plugins/event_listener.py took 0.054 seconds
[2024-03-11T15:41:39.355+0000] {processor.py:161} INFO - Started process (PID=597) to work on /usr/local/lib/python3.8/dist-packages/airflow/example_dags/plugins/event_listener.py
[2024-03-11T15:41:39.357+0000] {processor.py:830} INFO - Processing file /usr/local/lib/python3.8/dist-packages/airflow/example_dags/plugins/event_listener.py for tasks to queue
[2024-03-11T15:41:39.358+0000] {logging_mixin.py:188} INFO - [2024-03-11T15:41:39.358+0000] {dagbag.py:540} INFO - Filling up the DagBag from /usr/local/lib/python3.8/dist-packages/airflow/example_dags/plugins/event_listener.py
[2024-03-11T15:41:39.361+0000] {processor.py:842} WARNING - No viable dags retrieved from /usr/local/lib/python3.8/dist-packages/airflow/example_dags/plugins/event_listener.py
[2024-03-11T15:41:39.371+0000] {processor.py:183} INFO - Processing /usr/local/lib/python3.8/dist-packages/airflow/example_dags/plugins/event_listener.py took 0.019 seconds
[2024-03-11T15:42:16.198+0000] {processor.py:161} INFO - Started process (PID=635) to work on /usr/local/lib/python3.8/dist-packages/airflow/example_dags/plugins/event_listener.py
[2024-03-11T15:42:16.200+0000] {processor.py:830} INFO - Processing file /usr/local/lib/python3.8/dist-packages/airflow/example_dags/plugins/event_listener.py for tasks to queue
[2024-03-11T15:42:16.202+0000] {logging_mixin.py:188} INFO - [2024-03-11T15:42:16.202+0000] {dagbag.py:540} INFO - Filling up the DagBag from /usr/local/lib/python3.8/dist-packages/airflow/example_dags/plugins/event_listener.py
[2024-03-11T15:42:16.205+0000] {processor.py:842} WARNING - No viable dags retrieved from /usr/local/lib/python3.8/dist-packages/airflow/example_dags/plugins/event_listener.py
[2024-03-11T15:42:16.216+0000] {processor.py:183} INFO - Processing /usr/local/lib/python3.8/dist-packages/airflow/example_dags/plugins/event_listener.py took 0.021 seconds
[2024-03-11T15:42:52.849+0000] {processor.py:161} INFO - Started process (PID=671) to work on /usr/local/lib/python3.8/dist-packages/airflow/example_dags/plugins/event_listener.py
[2024-03-11T15:42:52.852+0000] {processor.py:830} INFO - Processing file /usr/local/lib/python3.8/dist-packages/airflow/example_dags/plugins/event_listener.py for tasks to queue
[2024-03-11T15:42:52.853+0000] {logging_mixin.py:188} INFO - [2024-03-11T15:42:52.852+0000] {dagbag.py:540} INFO - Filling up the DagBag from /usr/local/lib/python3.8/dist-packages/airflow/example_dags/plugins/event_listener.py
[2024-03-11T15:42:52.855+0000] {processor.py:842} WARNING - No viable dags retrieved from /usr/local/lib/python3.8/dist-packages/airflow/example_dags/plugins/event_listener.py
[2024-03-11T15:42:52.866+0000] {processor.py:183} INFO - Processing /usr/local/lib/python3.8/dist-packages/airflow/example_dags/plugins/event_listener.py took 0.020 seconds
[2024-03-11T15:43:33.633+0000] {processor.py:161} INFO - Started process (PID=710) to work on /usr/local/lib/python3.8/dist-packages/airflow/example_dags/plugins/event_listener.py
[2024-03-11T15:43:33.635+0000] {processor.py:830} INFO - Processing file /usr/local/lib/python3.8/dist-packages/airflow/example_dags/plugins/event_listener.py for tasks to queue
[2024-03-11T15:43:33.636+0000] {logging_mixin.py:188} INFO - [2024-03-11T15:43:33.636+0000] {dagbag.py:540} INFO - Filling up the DagBag from /usr/local/lib/python3.8/dist-packages/airflow/example_dags/plugins/event_listener.py
[2024-03-11T15:43:33.639+0000] {processor.py:842} WARNING - No viable dags retrieved from /usr/local/lib/python3.8/dist-packages/airflow/example_dags/plugins/event_listener.py
[2024-03-11T15:43:33.650+0000] {processor.py:183} INFO - Processing /usr/local/lib/python3.8/dist-packages/airflow/example_dags/plugins/event_listener.py took 0.020 seconds
[2024-03-11T15:44:13.770+0000] {processor.py:161} INFO - Started process (PID=749) to work on /usr/local/lib/python3.8/dist-packages/airflow/example_dags/plugins/event_listener.py
[2024-03-11T15:44:13.772+0000] {processor.py:830} INFO - Processing file /usr/local/lib/python3.8/dist-packages/airflow/example_dags/plugins/event_listener.py for tasks to queue
[2024-03-11T15:44:13.773+0000] {logging_mixin.py:188} INFO - [2024-03-11T15:44:13.772+0000] {dagbag.py:540} INFO - Filling up the DagBag from /usr/local/lib/python3.8/dist-packages/airflow/example_dags/plugins/event_listener.py
[2024-03-11T15:44:13.775+0000] {processor.py:842} WARNING - No viable dags retrieved from /usr/local/lib/python3.8/dist-packages/airflow/example_dags/plugins/event_listener.py
[2024-03-11T15:44:13.786+0000] {processor.py:183} INFO - Processing /usr/local/lib/python3.8/dist-packages/airflow/example_dags/plugins/event_listener.py took 0.020 seconds
[2024-03-11T15:44:50.411+0000] {processor.py:161} INFO - Started process (PID=786) to work on /usr/local/lib/python3.8/dist-packages/airflow/example_dags/plugins/event_listener.py
[2024-03-11T15:44:50.413+0000] {processor.py:830} INFO - Processing file /usr/local/lib/python3.8/dist-packages/airflow/example_dags/plugins/event_listener.py for tasks to queue
[2024-03-11T15:44:50.414+0000] {logging_mixin.py:188} INFO - [2024-03-11T15:44:50.413+0000] {dagbag.py:540} INFO - Filling up the DagBag from /usr/local/lib/python3.8/dist-packages/airflow/example_dags/plugins/event_listener.py
[2024-03-11T15:44:50.416+0000] {processor.py:842} WARNING - No viable dags retrieved from /usr/local/lib/python3.8/dist-packages/airflow/example_dags/plugins/event_listener.py
[2024-03-11T15:44:50.427+0000] {processor.py:183} INFO - Processing /usr/local/lib/python3.8/dist-packages/airflow/example_dags/plugins/event_listener.py took 0.020 seconds
[2024-03-11T15:45:27.270+0000] {processor.py:161} INFO - Started process (PID=822) to work on /usr/local/lib/python3.8/dist-packages/airflow/example_dags/plugins/event_listener.py
[2024-03-11T15:45:27.271+0000] {processor.py:830} INFO - Processing file /usr/local/lib/python3.8/dist-packages/airflow/example_dags/plugins/event_listener.py for tasks to queue
[2024-03-11T15:45:27.275+0000] {logging_mixin.py:188} INFO - [2024-03-11T15:45:27.271+0000] {dagbag.py:540} INFO - Filling up the DagBag from /usr/local/lib/python3.8/dist-packages/airflow/example_dags/plugins/event_listener.py
[2024-03-11T15:45:27.278+0000] {processor.py:842} WARNING - No viable dags retrieved from /usr/local/lib/python3.8/dist-packages/airflow/example_dags/plugins/event_listener.py
[2024-03-11T15:45:27.290+0000] {processor.py:183} INFO - Processing /usr/local/lib/python3.8/dist-packages/airflow/example_dags/plugins/event_listener.py took 0.023 seconds
[2024-03-11T15:46:09.974+0000] {processor.py:161} INFO - Started process (PID=862) to work on /usr/local/lib/python3.8/dist-packages/airflow/example_dags/plugins/event_listener.py
[2024-03-11T15:46:09.976+0000] {processor.py:830} INFO - Processing file /usr/local/lib/python3.8/dist-packages/airflow/example_dags/plugins/event_listener.py for tasks to queue
[2024-03-11T15:46:09.977+0000] {logging_mixin.py:188} INFO - [2024-03-11T15:46:09.976+0000] {dagbag.py:540} INFO - Filling up the DagBag from /usr/local/lib/python3.8/dist-packages/airflow/example_dags/plugins/event_listener.py
[2024-03-11T15:46:09.979+0000] {processor.py:842} WARNING - No viable dags retrieved from /usr/local/lib/python3.8/dist-packages/airflow/example_dags/plugins/event_listener.py
[2024-03-11T15:46:09.990+0000] {processor.py:183} INFO - Processing /usr/local/lib/python3.8/dist-packages/airflow/example_dags/plugins/event_listener.py took 0.020 seconds
[2024-03-11T15:46:54.513+0000] {processor.py:161} INFO - Started process (PID=904) to work on /usr/local/lib/python3.8/dist-packages/airflow/example_dags/plugins/event_listener.py
[2024-03-11T15:46:54.515+0000] {processor.py:830} INFO - Processing file /usr/local/lib/python3.8/dist-packages/airflow/example_dags/plugins/event_listener.py for tasks to queue
[2024-03-11T15:46:54.516+0000] {logging_mixin.py:188} INFO - [2024-03-11T15:46:54.516+0000] {dagbag.py:540} INFO - Filling up the DagBag from /usr/local/lib/python3.8/dist-packages/airflow/example_dags/plugins/event_listener.py
[2024-03-11T15:46:54.519+0000] {processor.py:842} WARNING - No viable dags retrieved from /usr/local/lib/python3.8/dist-packages/airflow/example_dags/plugins/event_listener.py
[2024-03-11T15:46:54.530+0000] {processor.py:183} INFO - Processing /usr/local/lib/python3.8/dist-packages/airflow/example_dags/plugins/event_listener.py took 0.019 seconds
[2024-03-11T15:47:31.087+0000] {processor.py:161} INFO - Started process (PID=940) to work on /usr/local/lib/python3.8/dist-packages/airflow/example_dags/plugins/event_listener.py
[2024-03-11T15:47:31.089+0000] {processor.py:830} INFO - Processing file /usr/local/lib/python3.8/dist-packages/airflow/example_dags/plugins/event_listener.py for tasks to queue
[2024-03-11T15:47:31.091+0000] {logging_mixin.py:188} INFO - [2024-03-11T15:47:31.090+0000] {dagbag.py:540} INFO - Filling up the DagBag from /usr/local/lib/python3.8/dist-packages/airflow/example_dags/plugins/event_listener.py
[2024-03-11T15:47:31.093+0000] {processor.py:842} WARNING - No viable dags retrieved from /usr/local/lib/python3.8/dist-packages/airflow/example_dags/plugins/event_listener.py
[2024-03-11T15:47:31.104+0000] {processor.py:183} INFO - Processing /usr/local/lib/python3.8/dist-packages/airflow/example_dags/plugins/event_listener.py took 0.020 seconds
[2024-03-11T15:48:10.552+0000] {processor.py:161} INFO - Started process (PID=979) to work on /usr/local/lib/python3.8/dist-packages/airflow/example_dags/plugins/event_listener.py
[2024-03-11T15:48:10.555+0000] {processor.py:830} INFO - Processing file /usr/local/lib/python3.8/dist-packages/airflow/example_dags/plugins/event_listener.py for tasks to queue
[2024-03-11T15:48:10.557+0000] {logging_mixin.py:188} INFO - [2024-03-11T15:48:10.557+0000] {dagbag.py:540} INFO - Filling up the DagBag from /usr/local/lib/python3.8/dist-packages/airflow/example_dags/plugins/event_listener.py
[2024-03-11T15:48:10.560+0000] {processor.py:842} WARNING - No viable dags retrieved from /usr/local/lib/python3.8/dist-packages/airflow/example_dags/plugins/event_listener.py
[2024-03-11T15:48:10.571+0000] {processor.py:183} INFO - Processing /usr/local/lib/python3.8/dist-packages/airflow/example_dags/plugins/event_listener.py took 0.021 seconds
[2024-03-11T15:48:51.131+0000] {processor.py:161} INFO - Started process (PID=1018) to work on /usr/local/lib/python3.8/dist-packages/airflow/example_dags/plugins/event_listener.py
[2024-03-11T15:48:51.133+0000] {processor.py:830} INFO - Processing file /usr/local/lib/python3.8/dist-packages/airflow/example_dags/plugins/event_listener.py for tasks to queue
[2024-03-11T15:48:51.134+0000] {logging_mixin.py:188} INFO - [2024-03-11T15:48:51.134+0000] {dagbag.py:540} INFO - Filling up the DagBag from /usr/local/lib/python3.8/dist-packages/airflow/example_dags/plugins/event_listener.py
[2024-03-11T15:48:51.137+0000] {processor.py:842} WARNING - No viable dags retrieved from /usr/local/lib/python3.8/dist-packages/airflow/example_dags/plugins/event_listener.py
[2024-03-11T15:48:51.148+0000] {processor.py:183} INFO - Processing /usr/local/lib/python3.8/dist-packages/airflow/example_dags/plugins/event_listener.py took 0.020 seconds
[2024-03-11T15:49:38.553+0000] {processor.py:161} INFO - Started process (PID=1058) to work on /usr/local/lib/python3.8/dist-packages/airflow/example_dags/plugins/event_listener.py
[2024-03-11T15:49:38.555+0000] {processor.py:830} INFO - Processing file /usr/local/lib/python3.8/dist-packages/airflow/example_dags/plugins/event_listener.py for tasks to queue
[2024-03-11T15:49:38.556+0000] {logging_mixin.py:188} INFO - [2024-03-11T15:49:38.556+0000] {dagbag.py:540} INFO - Filling up the DagBag from /usr/local/lib/python3.8/dist-packages/airflow/example_dags/plugins/event_listener.py
[2024-03-11T15:49:38.559+0000] {processor.py:842} WARNING - No viable dags retrieved from /usr/local/lib/python3.8/dist-packages/airflow/example_dags/plugins/event_listener.py
[2024-03-11T15:49:38.570+0000] {processor.py:183} INFO - Processing /usr/local/lib/python3.8/dist-packages/airflow/example_dags/plugins/event_listener.py took 0.019 seconds
[2024-03-11T15:50:30.475+0000] {processor.py:161} INFO - Started process (PID=1111) to work on /usr/local/lib/python3.8/dist-packages/airflow/example_dags/plugins/event_listener.py
[2024-03-11T15:50:30.477+0000] {processor.py:830} INFO - Processing file /usr/local/lib/python3.8/dist-packages/airflow/example_dags/plugins/event_listener.py for tasks to queue
[2024-03-11T15:50:30.478+0000] {logging_mixin.py:188} INFO - [2024-03-11T15:50:30.478+0000] {dagbag.py:540} INFO - Filling up the DagBag from /usr/local/lib/python3.8/dist-packages/airflow/example_dags/plugins/event_listener.py
[2024-03-11T15:50:30.481+0000] {processor.py:842} WARNING - No viable dags retrieved from /usr/local/lib/python3.8/dist-packages/airflow/example_dags/plugins/event_listener.py
[2024-03-11T15:50:30.493+0000] {processor.py:183} INFO - Processing /usr/local/lib/python3.8/dist-packages/airflow/example_dags/plugins/event_listener.py took 0.021 seconds
[2024-03-11T15:51:17.453+0000] {processor.py:161} INFO - Started process (PID=1157) to work on /usr/local/lib/python3.8/dist-packages/airflow/example_dags/plugins/event_listener.py
[2024-03-11T15:51:17.454+0000] {processor.py:830} INFO - Processing file /usr/local/lib/python3.8/dist-packages/airflow/example_dags/plugins/event_listener.py for tasks to queue
[2024-03-11T15:51:17.455+0000] {logging_mixin.py:188} INFO - [2024-03-11T15:51:17.454+0000] {dagbag.py:540} INFO - Filling up the DagBag from /usr/local/lib/python3.8/dist-packages/airflow/example_dags/plugins/event_listener.py
[2024-03-11T15:51:17.457+0000] {processor.py:842} WARNING - No viable dags retrieved from /usr/local/lib/python3.8/dist-packages/airflow/example_dags/plugins/event_listener.py
[2024-03-11T15:51:17.468+0000] {processor.py:183} INFO - Processing /usr/local/lib/python3.8/dist-packages/airflow/example_dags/plugins/event_listener.py took 0.018 seconds
[2024-03-11T15:52:02.963+0000] {processor.py:161} INFO - Started process (PID=1220) to work on /usr/local/lib/python3.8/dist-packages/airflow/example_dags/plugins/event_listener.py
[2024-03-11T15:52:02.965+0000] {processor.py:830} INFO - Processing file /usr/local/lib/python3.8/dist-packages/airflow/example_dags/plugins/event_listener.py for tasks to queue
[2024-03-11T15:52:02.966+0000] {logging_mixin.py:188} INFO - [2024-03-11T15:52:02.966+0000] {dagbag.py:540} INFO - Filling up the DagBag from /usr/local/lib/python3.8/dist-packages/airflow/example_dags/plugins/event_listener.py
[2024-03-11T15:52:02.969+0000] {processor.py:842} WARNING - No viable dags retrieved from /usr/local/lib/python3.8/dist-packages/airflow/example_dags/plugins/event_listener.py
[2024-03-11T15:52:02.980+0000] {processor.py:183} INFO - Processing /usr/local/lib/python3.8/dist-packages/airflow/example_dags/plugins/event_listener.py took 0.019 seconds
[2024-03-11T15:52:43.959+0000] {processor.py:161} INFO - Started process (PID=1261) to work on /usr/local/lib/python3.8/dist-packages/airflow/example_dags/plugins/event_listener.py
[2024-03-11T15:52:43.961+0000] {processor.py:830} INFO - Processing file /usr/local/lib/python3.8/dist-packages/airflow/example_dags/plugins/event_listener.py for tasks to queue
[2024-03-11T15:52:43.962+0000] {logging_mixin.py:188} INFO - [2024-03-11T15:52:43.962+0000] {dagbag.py:540} INFO - Filling up the DagBag from /usr/local/lib/python3.8/dist-packages/airflow/example_dags/plugins/event_listener.py
[2024-03-11T15:52:43.965+0000] {processor.py:842} WARNING - No viable dags retrieved from /usr/local/lib/python3.8/dist-packages/airflow/example_dags/plugins/event_listener.py
[2024-03-11T15:52:43.977+0000] {processor.py:183} INFO - Processing /usr/local/lib/python3.8/dist-packages/airflow/example_dags/plugins/event_listener.py took 0.021 seconds
[2024-03-11T15:53:31.806+0000] {processor.py:161} INFO - Started process (PID=1308) to work on /usr/local/lib/python3.8/dist-packages/airflow/example_dags/plugins/event_listener.py
[2024-03-11T15:53:31.807+0000] {processor.py:830} INFO - Processing file /usr/local/lib/python3.8/dist-packages/airflow/example_dags/plugins/event_listener.py for tasks to queue
[2024-03-11T15:53:31.808+0000] {logging_mixin.py:188} INFO - [2024-03-11T15:53:31.808+0000] {dagbag.py:540} INFO - Filling up the DagBag from /usr/local/lib/python3.8/dist-packages/airflow/example_dags/plugins/event_listener.py
[2024-03-11T15:53:31.811+0000] {processor.py:842} WARNING - No viable dags retrieved from /usr/local/lib/python3.8/dist-packages/airflow/example_dags/plugins/event_listener.py
[2024-03-11T15:53:31.822+0000] {processor.py:183} INFO - Processing /usr/local/lib/python3.8/dist-packages/airflow/example_dags/plugins/event_listener.py took 0.019 seconds
[2024-03-11T15:54:19.617+0000] {processor.py:161} INFO - Started process (PID=1376) to work on /usr/local/lib/python3.8/dist-packages/airflow/example_dags/plugins/event_listener.py
[2024-03-11T15:54:19.618+0000] {processor.py:830} INFO - Processing file /usr/local/lib/python3.8/dist-packages/airflow/example_dags/plugins/event_listener.py for tasks to queue
[2024-03-11T15:54:19.619+0000] {logging_mixin.py:188} INFO - [2024-03-11T15:54:19.619+0000] {dagbag.py:540} INFO - Filling up the DagBag from /usr/local/lib/python3.8/dist-packages/airflow/example_dags/plugins/event_listener.py
[2024-03-11T15:54:19.621+0000] {processor.py:842} WARNING - No viable dags retrieved from /usr/local/lib/python3.8/dist-packages/airflow/example_dags/plugins/event_listener.py
[2024-03-11T15:54:19.633+0000] {processor.py:183} INFO - Processing /usr/local/lib/python3.8/dist-packages/airflow/example_dags/plugins/event_listener.py took 0.019 seconds
[2024-03-11T15:55:31.666+0000] {processor.py:161} INFO - Started process (PID=1446) to work on /usr/local/lib/python3.8/dist-packages/airflow/example_dags/plugins/event_listener.py
[2024-03-11T15:55:31.667+0000] {processor.py:830} INFO - Processing file /usr/local/lib/python3.8/dist-packages/airflow/example_dags/plugins/event_listener.py for tasks to queue
[2024-03-11T15:55:31.668+0000] {logging_mixin.py:188} INFO - [2024-03-11T15:55:31.668+0000] {dagbag.py:540} INFO - Filling up the DagBag from /usr/local/lib/python3.8/dist-packages/airflow/example_dags/plugins/event_listener.py
[2024-03-11T15:55:31.671+0000] {processor.py:842} WARNING - No viable dags retrieved from /usr/local/lib/python3.8/dist-packages/airflow/example_dags/plugins/event_listener.py
[2024-03-11T15:55:31.681+0000] {processor.py:183} INFO - Processing /usr/local/lib/python3.8/dist-packages/airflow/example_dags/plugins/event_listener.py took 0.018 seconds
[2024-03-11T15:56:30.569+0000] {processor.py:161} INFO - Started process (PID=1498) to work on /usr/local/lib/python3.8/dist-packages/airflow/example_dags/plugins/event_listener.py
[2024-03-11T15:56:30.571+0000] {processor.py:830} INFO - Processing file /usr/local/lib/python3.8/dist-packages/airflow/example_dags/plugins/event_listener.py for tasks to queue
[2024-03-11T15:56:30.572+0000] {logging_mixin.py:188} INFO - [2024-03-11T15:56:30.571+0000] {dagbag.py:540} INFO - Filling up the DagBag from /usr/local/lib/python3.8/dist-packages/airflow/example_dags/plugins/event_listener.py
[2024-03-11T15:56:30.574+0000] {processor.py:842} WARNING - No viable dags retrieved from /usr/local/lib/python3.8/dist-packages/airflow/example_dags/plugins/event_listener.py
[2024-03-11T15:56:30.586+0000] {processor.py:183} INFO - Processing /usr/local/lib/python3.8/dist-packages/airflow/example_dags/plugins/event_listener.py took 0.020 seconds
[2024-03-11T15:57:25.480+0000] {processor.py:161} INFO - Started process (PID=1550) to work on /usr/local/lib/python3.8/dist-packages/airflow/example_dags/plugins/event_listener.py
[2024-03-11T15:57:25.482+0000] {processor.py:830} INFO - Processing file /usr/local/lib/python3.8/dist-packages/airflow/example_dags/plugins/event_listener.py for tasks to queue
[2024-03-11T15:57:25.483+0000] {logging_mixin.py:188} INFO - [2024-03-11T15:57:25.483+0000] {dagbag.py:540} INFO - Filling up the DagBag from /usr/local/lib/python3.8/dist-packages/airflow/example_dags/plugins/event_listener.py
[2024-03-11T15:57:25.485+0000] {processor.py:842} WARNING - No viable dags retrieved from /usr/local/lib/python3.8/dist-packages/airflow/example_dags/plugins/event_listener.py
[2024-03-11T15:57:25.497+0000] {processor.py:183} INFO - Processing /usr/local/lib/python3.8/dist-packages/airflow/example_dags/plugins/event_listener.py took 0.020 seconds
[2024-03-11T15:58:14.496+0000] {processor.py:161} INFO - Started process (PID=1597) to work on /usr/local/lib/python3.8/dist-packages/airflow/example_dags/plugins/event_listener.py
[2024-03-11T15:58:14.498+0000] {processor.py:830} INFO - Processing file /usr/local/lib/python3.8/dist-packages/airflow/example_dags/plugins/event_listener.py for tasks to queue
[2024-03-11T15:58:14.499+0000] {logging_mixin.py:188} INFO - [2024-03-11T15:58:14.499+0000] {dagbag.py:540} INFO - Filling up the DagBag from /usr/local/lib/python3.8/dist-packages/airflow/example_dags/plugins/event_listener.py
[2024-03-11T15:58:14.502+0000] {processor.py:842} WARNING - No viable dags retrieved from /usr/local/lib/python3.8/dist-packages/airflow/example_dags/plugins/event_listener.py
[2024-03-11T15:58:14.514+0000] {processor.py:183} INFO - Processing /usr/local/lib/python3.8/dist-packages/airflow/example_dags/plugins/event_listener.py took 0.021 seconds
[2024-03-11T16:08:18.303+0000] {processor.py:161} INFO - Started process (PID=403) to work on /usr/local/lib/python3.8/dist-packages/airflow/example_dags/plugins/event_listener.py
[2024-03-11T16:08:18.304+0000] {processor.py:830} INFO - Processing file /usr/local/lib/python3.8/dist-packages/airflow/example_dags/plugins/event_listener.py for tasks to queue
[2024-03-11T16:08:18.305+0000] {logging_mixin.py:188} INFO - [2024-03-11T16:08:18.305+0000] {dagbag.py:540} INFO - Filling up the DagBag from /usr/local/lib/python3.8/dist-packages/airflow/example_dags/plugins/event_listener.py
[2024-03-11T16:08:18.307+0000] {processor.py:842} WARNING - No viable dags retrieved from /usr/local/lib/python3.8/dist-packages/airflow/example_dags/plugins/event_listener.py
[2024-03-11T16:08:18.314+0000] {processor.py:183} INFO - Processing /usr/local/lib/python3.8/dist-packages/airflow/example_dags/plugins/event_listener.py took 0.014 seconds
[2024-03-11T16:09:24.260+0000] {processor.py:161} INFO - Started process (PID=474) to work on /usr/local/lib/python3.8/dist-packages/airflow/example_dags/plugins/event_listener.py
[2024-03-11T16:09:24.262+0000] {processor.py:830} INFO - Processing file /usr/local/lib/python3.8/dist-packages/airflow/example_dags/plugins/event_listener.py for tasks to queue
[2024-03-11T16:09:24.263+0000] {logging_mixin.py:188} INFO - [2024-03-11T16:09:24.262+0000] {dagbag.py:540} INFO - Filling up the DagBag from /usr/local/lib/python3.8/dist-packages/airflow/example_dags/plugins/event_listener.py
[2024-03-11T16:09:24.266+0000] {processor.py:842} WARNING - No viable dags retrieved from /usr/local/lib/python3.8/dist-packages/airflow/example_dags/plugins/event_listener.py
[2024-03-11T16:09:24.277+0000] {processor.py:183} INFO - Processing /usr/local/lib/python3.8/dist-packages/airflow/example_dags/plugins/event_listener.py took 0.020 seconds
[2024-03-11T16:10:12.156+0000] {processor.py:161} INFO - Started process (PID=522) to work on /usr/local/lib/python3.8/dist-packages/airflow/example_dags/plugins/event_listener.py
[2024-03-11T16:10:12.157+0000] {processor.py:830} INFO - Processing file /usr/local/lib/python3.8/dist-packages/airflow/example_dags/plugins/event_listener.py for tasks to queue
[2024-03-11T16:10:12.158+0000] {logging_mixin.py:188} INFO - [2024-03-11T16:10:12.158+0000] {dagbag.py:540} INFO - Filling up the DagBag from /usr/local/lib/python3.8/dist-packages/airflow/example_dags/plugins/event_listener.py
[2024-03-11T16:10:12.161+0000] {processor.py:842} WARNING - No viable dags retrieved from /usr/local/lib/python3.8/dist-packages/airflow/example_dags/plugins/event_listener.py
[2024-03-11T16:10:12.172+0000] {processor.py:183} INFO - Processing /usr/local/lib/python3.8/dist-packages/airflow/example_dags/plugins/event_listener.py took 0.019 seconds
[2024-03-11T16:10:58.180+0000] {processor.py:161} INFO - Started process (PID=567) to work on /usr/local/lib/python3.8/dist-packages/airflow/example_dags/plugins/event_listener.py
[2024-03-11T16:10:58.182+0000] {processor.py:830} INFO - Processing file /usr/local/lib/python3.8/dist-packages/airflow/example_dags/plugins/event_listener.py for tasks to queue
[2024-03-11T16:10:58.183+0000] {logging_mixin.py:188} INFO - [2024-03-11T16:10:58.183+0000] {dagbag.py:540} INFO - Filling up the DagBag from /usr/local/lib/python3.8/dist-packages/airflow/example_dags/plugins/event_listener.py
[2024-03-11T16:10:58.186+0000] {processor.py:842} WARNING - No viable dags retrieved from /usr/local/lib/python3.8/dist-packages/airflow/example_dags/plugins/event_listener.py
[2024-03-11T16:10:58.197+0000] {processor.py:183} INFO - Processing /usr/local/lib/python3.8/dist-packages/airflow/example_dags/plugins/event_listener.py took 0.020 seconds
[2024-03-11T16:12:00.121+0000] {processor.py:161} INFO - Started process (PID=634) to work on /usr/local/lib/python3.8/dist-packages/airflow/example_dags/plugins/event_listener.py
[2024-03-11T16:12:00.122+0000] {processor.py:830} INFO - Processing file /usr/local/lib/python3.8/dist-packages/airflow/example_dags/plugins/event_listener.py for tasks to queue
[2024-03-11T16:12:00.123+0000] {logging_mixin.py:188} INFO - [2024-03-11T16:12:00.123+0000] {dagbag.py:540} INFO - Filling up the DagBag from /usr/local/lib/python3.8/dist-packages/airflow/example_dags/plugins/event_listener.py
[2024-03-11T16:12:00.126+0000] {processor.py:842} WARNING - No viable dags retrieved from /usr/local/lib/python3.8/dist-packages/airflow/example_dags/plugins/event_listener.py
[2024-03-11T16:12:00.137+0000] {processor.py:183} INFO - Processing /usr/local/lib/python3.8/dist-packages/airflow/example_dags/plugins/event_listener.py took 0.019 seconds
[2024-03-11T16:12:56.039+0000] {processor.py:161} INFO - Started process (PID=694) to work on /usr/local/lib/python3.8/dist-packages/airflow/example_dags/plugins/event_listener.py
[2024-03-11T16:12:56.043+0000] {processor.py:830} INFO - Processing file /usr/local/lib/python3.8/dist-packages/airflow/example_dags/plugins/event_listener.py for tasks to queue
[2024-03-11T16:12:56.044+0000] {logging_mixin.py:188} INFO - [2024-03-11T16:12:56.044+0000] {dagbag.py:540} INFO - Filling up the DagBag from /usr/local/lib/python3.8/dist-packages/airflow/example_dags/plugins/event_listener.py
[2024-03-11T16:12:56.046+0000] {processor.py:842} WARNING - No viable dags retrieved from /usr/local/lib/python3.8/dist-packages/airflow/example_dags/plugins/event_listener.py
[2024-03-11T16:12:56.054+0000] {processor.py:183} INFO - Processing /usr/local/lib/python3.8/dist-packages/airflow/example_dags/plugins/event_listener.py took 0.017 seconds
[2024-03-11T16:13:31.909+0000] {processor.py:161} INFO - Started process (PID=738) to work on /usr/local/lib/python3.8/dist-packages/airflow/example_dags/plugins/event_listener.py
[2024-03-11T16:13:31.911+0000] {processor.py:830} INFO - Processing file /usr/local/lib/python3.8/dist-packages/airflow/example_dags/plugins/event_listener.py for tasks to queue
[2024-03-11T16:13:31.912+0000] {logging_mixin.py:188} INFO - [2024-03-11T16:13:31.911+0000] {dagbag.py:540} INFO - Filling up the DagBag from /usr/local/lib/python3.8/dist-packages/airflow/example_dags/plugins/event_listener.py
[2024-03-11T16:13:31.914+0000] {processor.py:842} WARNING - No viable dags retrieved from /usr/local/lib/python3.8/dist-packages/airflow/example_dags/plugins/event_listener.py
[2024-03-11T16:13:31.925+0000] {processor.py:183} INFO - Processing /usr/local/lib/python3.8/dist-packages/airflow/example_dags/plugins/event_listener.py took 0.019 seconds
[2024-03-11T16:14:03.457+0000] {processor.py:161} INFO - Started process (PID=772) to work on /usr/local/lib/python3.8/dist-packages/airflow/example_dags/plugins/event_listener.py
[2024-03-11T16:14:03.459+0000] {processor.py:830} INFO - Processing file /usr/local/lib/python3.8/dist-packages/airflow/example_dags/plugins/event_listener.py for tasks to queue
[2024-03-11T16:14:03.460+0000] {logging_mixin.py:188} INFO - [2024-03-11T16:14:03.460+0000] {dagbag.py:540} INFO - Filling up the DagBag from /usr/local/lib/python3.8/dist-packages/airflow/example_dags/plugins/event_listener.py
[2024-03-11T16:14:03.463+0000] {processor.py:842} WARNING - No viable dags retrieved from /usr/local/lib/python3.8/dist-packages/airflow/example_dags/plugins/event_listener.py
[2024-03-11T16:14:03.473+0000] {processor.py:183} INFO - Processing /usr/local/lib/python3.8/dist-packages/airflow/example_dags/plugins/event_listener.py took 0.019 seconds
[2024-03-11T16:14:50.201+0000] {processor.py:161} INFO - Started process (PID=818) to work on /usr/local/lib/python3.8/dist-packages/airflow/example_dags/plugins/event_listener.py
[2024-03-11T16:14:50.203+0000] {processor.py:830} INFO - Processing file /usr/local/lib/python3.8/dist-packages/airflow/example_dags/plugins/event_listener.py for tasks to queue
[2024-03-11T16:14:50.204+0000] {logging_mixin.py:188} INFO - [2024-03-11T16:14:50.203+0000] {dagbag.py:540} INFO - Filling up the DagBag from /usr/local/lib/python3.8/dist-packages/airflow/example_dags/plugins/event_listener.py
[2024-03-11T16:14:50.206+0000] {processor.py:842} WARNING - No viable dags retrieved from /usr/local/lib/python3.8/dist-packages/airflow/example_dags/plugins/event_listener.py
[2024-03-11T16:14:50.218+0000] {processor.py:183} INFO - Processing /usr/local/lib/python3.8/dist-packages/airflow/example_dags/plugins/event_listener.py took 0.021 seconds
[2024-03-11T16:15:38.290+0000] {processor.py:161} INFO - Started process (PID=866) to work on /usr/local/lib/python3.8/dist-packages/airflow/example_dags/plugins/event_listener.py
[2024-03-11T16:15:38.292+0000] {processor.py:830} INFO - Processing file /usr/local/lib/python3.8/dist-packages/airflow/example_dags/plugins/event_listener.py for tasks to queue
[2024-03-11T16:15:38.293+0000] {logging_mixin.py:188} INFO - [2024-03-11T16:15:38.292+0000] {dagbag.py:540} INFO - Filling up the DagBag from /usr/local/lib/python3.8/dist-packages/airflow/example_dags/plugins/event_listener.py
[2024-03-11T16:15:38.295+0000] {processor.py:842} WARNING - No viable dags retrieved from /usr/local/lib/python3.8/dist-packages/airflow/example_dags/plugins/event_listener.py
[2024-03-11T16:15:38.306+0000] {processor.py:183} INFO - Processing /usr/local/lib/python3.8/dist-packages/airflow/example_dags/plugins/event_listener.py took 0.020 seconds
[2024-03-11T16:16:24.846+0000] {processor.py:161} INFO - Started process (PID=913) to work on /usr/local/lib/python3.8/dist-packages/airflow/example_dags/plugins/event_listener.py
[2024-03-11T16:16:24.848+0000] {processor.py:830} INFO - Processing file /usr/local/lib/python3.8/dist-packages/airflow/example_dags/plugins/event_listener.py for tasks to queue
[2024-03-11T16:16:24.850+0000] {logging_mixin.py:188} INFO - [2024-03-11T16:16:24.849+0000] {dagbag.py:540} INFO - Filling up the DagBag from /usr/local/lib/python3.8/dist-packages/airflow/example_dags/plugins/event_listener.py
[2024-03-11T16:16:24.853+0000] {processor.py:842} WARNING - No viable dags retrieved from /usr/local/lib/python3.8/dist-packages/airflow/example_dags/plugins/event_listener.py
[2024-03-11T16:16:24.863+0000] {processor.py:183} INFO - Processing /usr/local/lib/python3.8/dist-packages/airflow/example_dags/plugins/event_listener.py took 0.020 seconds
[2024-03-11T16:17:12.325+0000] {processor.py:161} INFO - Started process (PID=961) to work on /usr/local/lib/python3.8/dist-packages/airflow/example_dags/plugins/event_listener.py
[2024-03-11T16:17:12.327+0000] {processor.py:830} INFO - Processing file /usr/local/lib/python3.8/dist-packages/airflow/example_dags/plugins/event_listener.py for tasks to queue
[2024-03-11T16:17:12.328+0000] {logging_mixin.py:188} INFO - [2024-03-11T16:17:12.328+0000] {dagbag.py:540} INFO - Filling up the DagBag from /usr/local/lib/python3.8/dist-packages/airflow/example_dags/plugins/event_listener.py
[2024-03-11T16:17:12.331+0000] {processor.py:842} WARNING - No viable dags retrieved from /usr/local/lib/python3.8/dist-packages/airflow/example_dags/plugins/event_listener.py
[2024-03-11T16:17:12.341+0000] {processor.py:183} INFO - Processing /usr/local/lib/python3.8/dist-packages/airflow/example_dags/plugins/event_listener.py took 0.019 seconds
[2024-03-11T16:17:59.451+0000] {processor.py:161} INFO - Started process (PID=1006) to work on /usr/local/lib/python3.8/dist-packages/airflow/example_dags/plugins/event_listener.py
[2024-03-11T16:17:59.453+0000] {processor.py:830} INFO - Processing file /usr/local/lib/python3.8/dist-packages/airflow/example_dags/plugins/event_listener.py for tasks to queue
[2024-03-11T16:17:59.454+0000] {logging_mixin.py:188} INFO - [2024-03-11T16:17:59.453+0000] {dagbag.py:540} INFO - Filling up the DagBag from /usr/local/lib/python3.8/dist-packages/airflow/example_dags/plugins/event_listener.py
[2024-03-11T16:17:59.456+0000] {processor.py:842} WARNING - No viable dags retrieved from /usr/local/lib/python3.8/dist-packages/airflow/example_dags/plugins/event_listener.py
[2024-03-11T16:17:59.467+0000] {processor.py:183} INFO - Processing /usr/local/lib/python3.8/dist-packages/airflow/example_dags/plugins/event_listener.py took 0.019 seconds
[2024-03-11T16:18:49.965+0000] {processor.py:161} INFO - Started process (PID=1055) to work on /usr/local/lib/python3.8/dist-packages/airflow/example_dags/plugins/event_listener.py
[2024-03-11T16:18:49.966+0000] {processor.py:830} INFO - Processing file /usr/local/lib/python3.8/dist-packages/airflow/example_dags/plugins/event_listener.py for tasks to queue
[2024-03-11T16:18:49.967+0000] {logging_mixin.py:188} INFO - [2024-03-11T16:18:49.967+0000] {dagbag.py:540} INFO - Filling up the DagBag from /usr/local/lib/python3.8/dist-packages/airflow/example_dags/plugins/event_listener.py
[2024-03-11T16:18:49.970+0000] {processor.py:842} WARNING - No viable dags retrieved from /usr/local/lib/python3.8/dist-packages/airflow/example_dags/plugins/event_listener.py
[2024-03-11T16:18:49.980+0000] {processor.py:183} INFO - Processing /usr/local/lib/python3.8/dist-packages/airflow/example_dags/plugins/event_listener.py took 0.019 seconds
[2024-03-11T16:19:56.251+0000] {processor.py:161} INFO - Started process (PID=1125) to work on /usr/local/lib/python3.8/dist-packages/airflow/example_dags/plugins/event_listener.py
[2024-03-11T16:19:56.253+0000] {processor.py:830} INFO - Processing file /usr/local/lib/python3.8/dist-packages/airflow/example_dags/plugins/event_listener.py for tasks to queue
[2024-03-11T16:19:56.254+0000] {logging_mixin.py:188} INFO - [2024-03-11T16:19:56.254+0000] {dagbag.py:540} INFO - Filling up the DagBag from /usr/local/lib/python3.8/dist-packages/airflow/example_dags/plugins/event_listener.py
[2024-03-11T16:19:56.257+0000] {processor.py:842} WARNING - No viable dags retrieved from /usr/local/lib/python3.8/dist-packages/airflow/example_dags/plugins/event_listener.py
[2024-03-11T16:19:56.268+0000] {processor.py:183} INFO - Processing /usr/local/lib/python3.8/dist-packages/airflow/example_dags/plugins/event_listener.py took 0.019 seconds
[2024-03-11T16:20:44.436+0000] {processor.py:161} INFO - Started process (PID=1206) to work on /usr/local/lib/python3.8/dist-packages/airflow/example_dags/plugins/event_listener.py
[2024-03-11T16:20:44.438+0000] {processor.py:830} INFO - Processing file /usr/local/lib/python3.8/dist-packages/airflow/example_dags/plugins/event_listener.py for tasks to queue
[2024-03-11T16:20:44.439+0000] {logging_mixin.py:188} INFO - [2024-03-11T16:20:44.439+0000] {dagbag.py:540} INFO - Filling up the DagBag from /usr/local/lib/python3.8/dist-packages/airflow/example_dags/plugins/event_listener.py
[2024-03-11T16:20:44.442+0000] {processor.py:842} WARNING - No viable dags retrieved from /usr/local/lib/python3.8/dist-packages/airflow/example_dags/plugins/event_listener.py
[2024-03-11T16:20:44.453+0000] {processor.py:183} INFO - Processing /usr/local/lib/python3.8/dist-packages/airflow/example_dags/plugins/event_listener.py took 0.020 seconds
[2024-03-11T16:21:31.406+0000] {processor.py:161} INFO - Started process (PID=1278) to work on /usr/local/lib/python3.8/dist-packages/airflow/example_dags/plugins/event_listener.py
[2024-03-11T16:21:31.408+0000] {processor.py:830} INFO - Processing file /usr/local/lib/python3.8/dist-packages/airflow/example_dags/plugins/event_listener.py for tasks to queue
[2024-03-11T16:21:31.409+0000] {logging_mixin.py:188} INFO - [2024-03-11T16:21:31.408+0000] {dagbag.py:540} INFO - Filling up the DagBag from /usr/local/lib/python3.8/dist-packages/airflow/example_dags/plugins/event_listener.py
[2024-03-11T16:21:31.411+0000] {processor.py:842} WARNING - No viable dags retrieved from /usr/local/lib/python3.8/dist-packages/airflow/example_dags/plugins/event_listener.py
[2024-03-11T16:21:31.422+0000] {processor.py:183} INFO - Processing /usr/local/lib/python3.8/dist-packages/airflow/example_dags/plugins/event_listener.py took 0.019 seconds
[2024-03-11T16:22:22.859+0000] {processor.py:161} INFO - Started process (PID=1335) to work on /usr/local/lib/python3.8/dist-packages/airflow/example_dags/plugins/event_listener.py
[2024-03-11T16:22:22.861+0000] {processor.py:830} INFO - Processing file /usr/local/lib/python3.8/dist-packages/airflow/example_dags/plugins/event_listener.py for tasks to queue
[2024-03-11T16:22:22.862+0000] {logging_mixin.py:188} INFO - [2024-03-11T16:22:22.861+0000] {dagbag.py:540} INFO - Filling up the DagBag from /usr/local/lib/python3.8/dist-packages/airflow/example_dags/plugins/event_listener.py
[2024-03-11T16:22:22.864+0000] {processor.py:842} WARNING - No viable dags retrieved from /usr/local/lib/python3.8/dist-packages/airflow/example_dags/plugins/event_listener.py
[2024-03-11T16:22:22.875+0000] {processor.py:183} INFO - Processing /usr/local/lib/python3.8/dist-packages/airflow/example_dags/plugins/event_listener.py took 0.019 seconds
[2024-03-11T16:23:05.891+0000] {processor.py:161} INFO - Started process (PID=1391) to work on /usr/local/lib/python3.8/dist-packages/airflow/example_dags/plugins/event_listener.py
[2024-03-11T16:23:05.893+0000] {processor.py:830} INFO - Processing file /usr/local/lib/python3.8/dist-packages/airflow/example_dags/plugins/event_listener.py for tasks to queue
[2024-03-11T16:23:05.894+0000] {logging_mixin.py:188} INFO - [2024-03-11T16:23:05.893+0000] {dagbag.py:540} INFO - Filling up the DagBag from /usr/local/lib/python3.8/dist-packages/airflow/example_dags/plugins/event_listener.py
[2024-03-11T16:23:05.896+0000] {processor.py:842} WARNING - No viable dags retrieved from /usr/local/lib/python3.8/dist-packages/airflow/example_dags/plugins/event_listener.py
[2024-03-11T16:23:05.907+0000] {processor.py:183} INFO - Processing /usr/local/lib/python3.8/dist-packages/airflow/example_dags/plugins/event_listener.py took 0.020 seconds
[2024-03-11T16:23:45.596+0000] {processor.py:161} INFO - Started process (PID=1441) to work on /usr/local/lib/python3.8/dist-packages/airflow/example_dags/plugins/event_listener.py
[2024-03-11T16:23:45.598+0000] {processor.py:830} INFO - Processing file /usr/local/lib/python3.8/dist-packages/airflow/example_dags/plugins/event_listener.py for tasks to queue
[2024-03-11T16:23:45.599+0000] {logging_mixin.py:188} INFO - [2024-03-11T16:23:45.599+0000] {dagbag.py:540} INFO - Filling up the DagBag from /usr/local/lib/python3.8/dist-packages/airflow/example_dags/plugins/event_listener.py
[2024-03-11T16:23:45.602+0000] {processor.py:842} WARNING - No viable dags retrieved from /usr/local/lib/python3.8/dist-packages/airflow/example_dags/plugins/event_listener.py
[2024-03-11T16:23:45.613+0000] {processor.py:183} INFO - Processing /usr/local/lib/python3.8/dist-packages/airflow/example_dags/plugins/event_listener.py took 0.020 seconds
[2024-03-11T16:24:38.820+0000] {processor.py:161} INFO - Started process (PID=1492) to work on /usr/local/lib/python3.8/dist-packages/airflow/example_dags/plugins/event_listener.py
[2024-03-11T16:24:38.822+0000] {processor.py:830} INFO - Processing file /usr/local/lib/python3.8/dist-packages/airflow/example_dags/plugins/event_listener.py for tasks to queue
[2024-03-11T16:24:38.823+0000] {logging_mixin.py:188} INFO - [2024-03-11T16:24:38.823+0000] {dagbag.py:540} INFO - Filling up the DagBag from /usr/local/lib/python3.8/dist-packages/airflow/example_dags/plugins/event_listener.py
[2024-03-11T16:24:38.826+0000] {processor.py:842} WARNING - No viable dags retrieved from /usr/local/lib/python3.8/dist-packages/airflow/example_dags/plugins/event_listener.py
[2024-03-11T16:24:38.837+0000] {processor.py:183} INFO - Processing /usr/local/lib/python3.8/dist-packages/airflow/example_dags/plugins/event_listener.py took 0.021 seconds
[2024-03-11T16:25:43.609+0000] {processor.py:161} INFO - Started process (PID=1559) to work on /usr/local/lib/python3.8/dist-packages/airflow/example_dags/plugins/event_listener.py
[2024-03-11T16:25:43.612+0000] {processor.py:830} INFO - Processing file /usr/local/lib/python3.8/dist-packages/airflow/example_dags/plugins/event_listener.py for tasks to queue
[2024-03-11T16:25:43.613+0000] {logging_mixin.py:188} INFO - [2024-03-11T16:25:43.612+0000] {dagbag.py:540} INFO - Filling up the DagBag from /usr/local/lib/python3.8/dist-packages/airflow/example_dags/plugins/event_listener.py
[2024-03-11T16:25:43.615+0000] {processor.py:842} WARNING - No viable dags retrieved from /usr/local/lib/python3.8/dist-packages/airflow/example_dags/plugins/event_listener.py
[2024-03-11T16:25:43.626+0000] {processor.py:183} INFO - Processing /usr/local/lib/python3.8/dist-packages/airflow/example_dags/plugins/event_listener.py took 0.019 seconds
[2024-03-11T16:27:37.324+0000] {processor.py:161} INFO - Started process (PID=1608) to work on /usr/local/lib/python3.8/dist-packages/airflow/example_dags/plugins/event_listener.py
[2024-03-11T16:27:37.326+0000] {processor.py:830} INFO - Processing file /usr/local/lib/python3.8/dist-packages/airflow/example_dags/plugins/event_listener.py for tasks to queue
[2024-03-11T16:27:37.327+0000] {logging_mixin.py:188} INFO - [2024-03-11T16:27:37.326+0000] {dagbag.py:540} INFO - Filling up the DagBag from /usr/local/lib/python3.8/dist-packages/airflow/example_dags/plugins/event_listener.py
[2024-03-11T16:27:37.330+0000] {processor.py:842} WARNING - No viable dags retrieved from /usr/local/lib/python3.8/dist-packages/airflow/example_dags/plugins/event_listener.py
[2024-03-11T16:27:37.342+0000] {processor.py:183} INFO - Processing /usr/local/lib/python3.8/dist-packages/airflow/example_dags/plugins/event_listener.py took 0.022 seconds
[2024-03-11T16:28:13.507+0000] {processor.py:161} INFO - Started process (PID=1650) to work on /usr/local/lib/python3.8/dist-packages/airflow/example_dags/plugins/event_listener.py
[2024-03-11T16:28:13.509+0000] {processor.py:830} INFO - Processing file /usr/local/lib/python3.8/dist-packages/airflow/example_dags/plugins/event_listener.py for tasks to queue
[2024-03-11T16:28:13.510+0000] {logging_mixin.py:188} INFO - [2024-03-11T16:28:13.509+0000] {dagbag.py:540} INFO - Filling up the DagBag from /usr/local/lib/python3.8/dist-packages/airflow/example_dags/plugins/event_listener.py
[2024-03-11T16:28:13.513+0000] {processor.py:842} WARNING - No viable dags retrieved from /usr/local/lib/python3.8/dist-packages/airflow/example_dags/plugins/event_listener.py
[2024-03-11T16:28:13.525+0000] {processor.py:183} INFO - Processing /usr/local/lib/python3.8/dist-packages/airflow/example_dags/plugins/event_listener.py took 0.022 seconds
[2024-03-11T16:28:50.598+0000] {processor.py:161} INFO - Started process (PID=1689) to work on /usr/local/lib/python3.8/dist-packages/airflow/example_dags/plugins/event_listener.py
[2024-03-11T16:28:50.602+0000] {processor.py:830} INFO - Processing file /usr/local/lib/python3.8/dist-packages/airflow/example_dags/plugins/event_listener.py for tasks to queue
[2024-03-11T16:28:50.603+0000] {logging_mixin.py:188} INFO - [2024-03-11T16:28:50.602+0000] {dagbag.py:540} INFO - Filling up the DagBag from /usr/local/lib/python3.8/dist-packages/airflow/example_dags/plugins/event_listener.py
[2024-03-11T16:28:50.606+0000] {processor.py:842} WARNING - No viable dags retrieved from /usr/local/lib/python3.8/dist-packages/airflow/example_dags/plugins/event_listener.py
[2024-03-11T16:28:50.617+0000] {processor.py:183} INFO - Processing /usr/local/lib/python3.8/dist-packages/airflow/example_dags/plugins/event_listener.py took 0.023 seconds
[2024-03-11T16:29:35.107+0000] {processor.py:161} INFO - Started process (PID=1735) to work on /usr/local/lib/python3.8/dist-packages/airflow/example_dags/plugins/event_listener.py
[2024-03-11T16:29:35.109+0000] {processor.py:830} INFO - Processing file /usr/local/lib/python3.8/dist-packages/airflow/example_dags/plugins/event_listener.py for tasks to queue
[2024-03-11T16:29:35.110+0000] {logging_mixin.py:188} INFO - [2024-03-11T16:29:35.109+0000] {dagbag.py:540} INFO - Filling up the DagBag from /usr/local/lib/python3.8/dist-packages/airflow/example_dags/plugins/event_listener.py
[2024-03-11T16:29:35.113+0000] {processor.py:842} WARNING - No viable dags retrieved from /usr/local/lib/python3.8/dist-packages/airflow/example_dags/plugins/event_listener.py
[2024-03-11T16:29:35.124+0000] {processor.py:183} INFO - Processing /usr/local/lib/python3.8/dist-packages/airflow/example_dags/plugins/event_listener.py took 0.026 seconds
[2024-03-11T16:30:12.507+0000] {processor.py:161} INFO - Started process (PID=1777) to work on /usr/local/lib/python3.8/dist-packages/airflow/example_dags/plugins/event_listener.py
[2024-03-11T16:30:12.510+0000] {processor.py:830} INFO - Processing file /usr/local/lib/python3.8/dist-packages/airflow/example_dags/plugins/event_listener.py for tasks to queue
[2024-03-11T16:30:12.511+0000] {logging_mixin.py:188} INFO - [2024-03-11T16:30:12.510+0000] {dagbag.py:540} INFO - Filling up the DagBag from /usr/local/lib/python3.8/dist-packages/airflow/example_dags/plugins/event_listener.py
[2024-03-11T16:30:12.514+0000] {processor.py:842} WARNING - No viable dags retrieved from /usr/local/lib/python3.8/dist-packages/airflow/example_dags/plugins/event_listener.py
[2024-03-11T16:30:12.528+0000] {processor.py:183} INFO - Processing /usr/local/lib/python3.8/dist-packages/airflow/example_dags/plugins/event_listener.py took 0.025 seconds
[2024-03-11T16:30:46.342+0000] {processor.py:161} INFO - Started process (PID=1815) to work on /usr/local/lib/python3.8/dist-packages/airflow/example_dags/plugins/event_listener.py
[2024-03-11T16:30:46.344+0000] {processor.py:830} INFO - Processing file /usr/local/lib/python3.8/dist-packages/airflow/example_dags/plugins/event_listener.py for tasks to queue
[2024-03-11T16:30:46.345+0000] {logging_mixin.py:188} INFO - [2024-03-11T16:30:46.344+0000] {dagbag.py:540} INFO - Filling up the DagBag from /usr/local/lib/python3.8/dist-packages/airflow/example_dags/plugins/event_listener.py
[2024-03-11T16:30:46.348+0000] {processor.py:842} WARNING - No viable dags retrieved from /usr/local/lib/python3.8/dist-packages/airflow/example_dags/plugins/event_listener.py
[2024-03-11T16:30:46.359+0000] {processor.py:183} INFO - Processing /usr/local/lib/python3.8/dist-packages/airflow/example_dags/plugins/event_listener.py took 0.025 seconds
[2024-03-11T16:32:28.712+0000] {processor.py:161} INFO - Started process (PID=1877) to work on /usr/local/lib/python3.8/dist-packages/airflow/example_dags/plugins/event_listener.py
[2024-03-11T16:32:28.715+0000] {processor.py:830} INFO - Processing file /usr/local/lib/python3.8/dist-packages/airflow/example_dags/plugins/event_listener.py for tasks to queue
[2024-03-11T16:32:28.716+0000] {logging_mixin.py:188} INFO - [2024-03-11T16:32:28.716+0000] {dagbag.py:540} INFO - Filling up the DagBag from /usr/local/lib/python3.8/dist-packages/airflow/example_dags/plugins/event_listener.py
[2024-03-11T16:32:28.719+0000] {processor.py:842} WARNING - No viable dags retrieved from /usr/local/lib/python3.8/dist-packages/airflow/example_dags/plugins/event_listener.py
[2024-03-11T16:32:28.765+0000] {processor.py:183} INFO - Processing /usr/local/lib/python3.8/dist-packages/airflow/example_dags/plugins/event_listener.py took 0.060 seconds
[2024-03-11T16:33:47.472+0000] {processor.py:161} INFO - Started process (PID=1931) to work on /usr/local/lib/python3.8/dist-packages/airflow/example_dags/plugins/event_listener.py
[2024-03-11T16:33:47.474+0000] {processor.py:830} INFO - Processing file /usr/local/lib/python3.8/dist-packages/airflow/example_dags/plugins/event_listener.py for tasks to queue
[2024-03-11T16:33:47.475+0000] {logging_mixin.py:188} INFO - [2024-03-11T16:33:47.475+0000] {dagbag.py:540} INFO - Filling up the DagBag from /usr/local/lib/python3.8/dist-packages/airflow/example_dags/plugins/event_listener.py
[2024-03-11T16:33:47.478+0000] {processor.py:842} WARNING - No viable dags retrieved from /usr/local/lib/python3.8/dist-packages/airflow/example_dags/plugins/event_listener.py
[2024-03-11T16:33:47.489+0000] {processor.py:183} INFO - Processing /usr/local/lib/python3.8/dist-packages/airflow/example_dags/plugins/event_listener.py took 0.021 seconds
[2024-03-11T16:35:52.238+0000] {processor.py:161} INFO - Started process (PID=1975) to work on /usr/local/lib/python3.8/dist-packages/airflow/example_dags/plugins/event_listener.py
[2024-03-11T16:35:52.241+0000] {processor.py:830} INFO - Processing file /usr/local/lib/python3.8/dist-packages/airflow/example_dags/plugins/event_listener.py for tasks to queue
[2024-03-11T16:35:52.242+0000] {logging_mixin.py:188} INFO - [2024-03-11T16:35:52.241+0000] {dagbag.py:540} INFO - Filling up the DagBag from /usr/local/lib/python3.8/dist-packages/airflow/example_dags/plugins/event_listener.py
[2024-03-11T16:35:52.246+0000] {processor.py:842} WARNING - No viable dags retrieved from /usr/local/lib/python3.8/dist-packages/airflow/example_dags/plugins/event_listener.py
[2024-03-11T16:35:52.267+0000] {processor.py:183} INFO - Processing /usr/local/lib/python3.8/dist-packages/airflow/example_dags/plugins/event_listener.py took 0.032 seconds
[2024-03-11T16:36:35.871+0000] {processor.py:161} INFO - Started process (PID=2024) to work on /usr/local/lib/python3.8/dist-packages/airflow/example_dags/plugins/event_listener.py
[2024-03-11T16:36:35.873+0000] {processor.py:830} INFO - Processing file /usr/local/lib/python3.8/dist-packages/airflow/example_dags/plugins/event_listener.py for tasks to queue
[2024-03-11T16:36:35.874+0000] {logging_mixin.py:188} INFO - [2024-03-11T16:36:35.874+0000] {dagbag.py:540} INFO - Filling up the DagBag from /usr/local/lib/python3.8/dist-packages/airflow/example_dags/plugins/event_listener.py
[2024-03-11T16:36:35.877+0000] {processor.py:842} WARNING - No viable dags retrieved from /usr/local/lib/python3.8/dist-packages/airflow/example_dags/plugins/event_listener.py
[2024-03-11T16:36:35.891+0000] {processor.py:183} INFO - Processing /usr/local/lib/python3.8/dist-packages/airflow/example_dags/plugins/event_listener.py took 0.024 seconds
[2024-03-11T16:40:51.118+0000] {processor.py:161} INFO - Started process (PID=422) to work on /usr/local/lib/python3.8/dist-packages/airflow/example_dags/plugins/event_listener.py
[2024-03-11T16:40:51.119+0000] {processor.py:830} INFO - Processing file /usr/local/lib/python3.8/dist-packages/airflow/example_dags/plugins/event_listener.py for tasks to queue
[2024-03-11T16:40:51.120+0000] {logging_mixin.py:188} INFO - [2024-03-11T16:40:51.120+0000] {dagbag.py:540} INFO - Filling up the DagBag from /usr/local/lib/python3.8/dist-packages/airflow/example_dags/plugins/event_listener.py
[2024-03-11T16:40:51.123+0000] {processor.py:842} WARNING - No viable dags retrieved from /usr/local/lib/python3.8/dist-packages/airflow/example_dags/plugins/event_listener.py
[2024-03-11T16:40:51.134+0000] {processor.py:183} INFO - Processing /usr/local/lib/python3.8/dist-packages/airflow/example_dags/plugins/event_listener.py took 0.020 seconds
[2024-03-11T16:41:48.799+0000] {processor.py:161} INFO - Started process (PID=515) to work on /usr/local/lib/python3.8/dist-packages/airflow/example_dags/plugins/event_listener.py
[2024-03-11T16:41:48.801+0000] {processor.py:830} INFO - Processing file /usr/local/lib/python3.8/dist-packages/airflow/example_dags/plugins/event_listener.py for tasks to queue
[2024-03-11T16:41:48.802+0000] {logging_mixin.py:188} INFO - [2024-03-11T16:41:48.801+0000] {dagbag.py:540} INFO - Filling up the DagBag from /usr/local/lib/python3.8/dist-packages/airflow/example_dags/plugins/event_listener.py
[2024-03-11T16:41:48.804+0000] {processor.py:842} WARNING - No viable dags retrieved from /usr/local/lib/python3.8/dist-packages/airflow/example_dags/plugins/event_listener.py
[2024-03-11T16:41:48.814+0000] {processor.py:183} INFO - Processing /usr/local/lib/python3.8/dist-packages/airflow/example_dags/plugins/event_listener.py took 0.018 seconds
[2024-03-11T16:44:09.334+0000] {processor.py:161} INFO - Started process (PID=647) to work on /usr/local/lib/python3.8/dist-packages/airflow/example_dags/plugins/event_listener.py
[2024-03-11T16:44:09.336+0000] {processor.py:830} INFO - Processing file /usr/local/lib/python3.8/dist-packages/airflow/example_dags/plugins/event_listener.py for tasks to queue
[2024-03-11T16:44:09.337+0000] {logging_mixin.py:188} INFO - [2024-03-11T16:44:09.336+0000] {dagbag.py:540} INFO - Filling up the DagBag from /usr/local/lib/python3.8/dist-packages/airflow/example_dags/plugins/event_listener.py
[2024-03-11T16:44:09.339+0000] {processor.py:842} WARNING - No viable dags retrieved from /usr/local/lib/python3.8/dist-packages/airflow/example_dags/plugins/event_listener.py
[2024-03-11T16:44:09.349+0000] {processor.py:183} INFO - Processing /usr/local/lib/python3.8/dist-packages/airflow/example_dags/plugins/event_listener.py took 0.018 seconds
[2024-03-11T16:46:34.687+0000] {processor.py:161} INFO - Started process (PID=759) to work on /usr/local/lib/python3.8/dist-packages/airflow/example_dags/plugins/event_listener.py
[2024-03-11T16:46:34.689+0000] {processor.py:830} INFO - Processing file /usr/local/lib/python3.8/dist-packages/airflow/example_dags/plugins/event_listener.py for tasks to queue
[2024-03-11T16:46:34.689+0000] {logging_mixin.py:188} INFO - [2024-03-11T16:46:34.689+0000] {dagbag.py:540} INFO - Filling up the DagBag from /usr/local/lib/python3.8/dist-packages/airflow/example_dags/plugins/event_listener.py
[2024-03-11T16:46:34.692+0000] {processor.py:842} WARNING - No viable dags retrieved from /usr/local/lib/python3.8/dist-packages/airflow/example_dags/plugins/event_listener.py
[2024-03-11T16:46:34.701+0000] {processor.py:183} INFO - Processing /usr/local/lib/python3.8/dist-packages/airflow/example_dags/plugins/event_listener.py took 0.018 seconds
[2024-03-11T16:48:32.198+0000] {processor.py:161} INFO - Started process (PID=872) to work on /usr/local/lib/python3.8/dist-packages/airflow/example_dags/plugins/event_listener.py
[2024-03-11T16:48:32.200+0000] {processor.py:830} INFO - Processing file /usr/local/lib/python3.8/dist-packages/airflow/example_dags/plugins/event_listener.py for tasks to queue
[2024-03-11T16:48:32.201+0000] {logging_mixin.py:188} INFO - [2024-03-11T16:48:32.200+0000] {dagbag.py:540} INFO - Filling up the DagBag from /usr/local/lib/python3.8/dist-packages/airflow/example_dags/plugins/event_listener.py
[2024-03-11T16:48:32.203+0000] {processor.py:842} WARNING - No viable dags retrieved from /usr/local/lib/python3.8/dist-packages/airflow/example_dags/plugins/event_listener.py
[2024-03-11T16:48:32.213+0000] {processor.py:183} INFO - Processing /usr/local/lib/python3.8/dist-packages/airflow/example_dags/plugins/event_listener.py took 0.019 seconds
[2024-03-11T16:49:23.787+0000] {processor.py:161} INFO - Started process (PID=976) to work on /usr/local/lib/python3.8/dist-packages/airflow/example_dags/plugins/event_listener.py
[2024-03-11T16:49:23.789+0000] {processor.py:830} INFO - Processing file /usr/local/lib/python3.8/dist-packages/airflow/example_dags/plugins/event_listener.py for tasks to queue
[2024-03-11T16:49:23.790+0000] {logging_mixin.py:188} INFO - [2024-03-11T16:49:23.790+0000] {dagbag.py:540} INFO - Filling up the DagBag from /usr/local/lib/python3.8/dist-packages/airflow/example_dags/plugins/event_listener.py
[2024-03-11T16:49:23.792+0000] {processor.py:842} WARNING - No viable dags retrieved from /usr/local/lib/python3.8/dist-packages/airflow/example_dags/plugins/event_listener.py
[2024-03-11T16:49:23.803+0000] {processor.py:183} INFO - Processing /usr/local/lib/python3.8/dist-packages/airflow/example_dags/plugins/event_listener.py took 0.019 seconds
[2024-03-11T16:50:12.930+0000] {processor.py:161} INFO - Started process (PID=1048) to work on /usr/local/lib/python3.8/dist-packages/airflow/example_dags/plugins/event_listener.py
[2024-03-11T16:50:12.931+0000] {processor.py:830} INFO - Processing file /usr/local/lib/python3.8/dist-packages/airflow/example_dags/plugins/event_listener.py for tasks to queue
[2024-03-11T16:50:12.932+0000] {logging_mixin.py:188} INFO - [2024-03-11T16:50:12.932+0000] {dagbag.py:540} INFO - Filling up the DagBag from /usr/local/lib/python3.8/dist-packages/airflow/example_dags/plugins/event_listener.py
[2024-03-11T16:50:12.935+0000] {processor.py:842} WARNING - No viable dags retrieved from /usr/local/lib/python3.8/dist-packages/airflow/example_dags/plugins/event_listener.py
[2024-03-11T16:50:12.945+0000] {processor.py:183} INFO - Processing /usr/local/lib/python3.8/dist-packages/airflow/example_dags/plugins/event_listener.py took 0.018 seconds
[2024-03-11T16:51:08.474+0000] {processor.py:161} INFO - Started process (PID=1123) to work on /usr/local/lib/python3.8/dist-packages/airflow/example_dags/plugins/event_listener.py
[2024-03-11T16:51:08.476+0000] {processor.py:830} INFO - Processing file /usr/local/lib/python3.8/dist-packages/airflow/example_dags/plugins/event_listener.py for tasks to queue
[2024-03-11T16:51:08.477+0000] {logging_mixin.py:188} INFO - [2024-03-11T16:51:08.476+0000] {dagbag.py:540} INFO - Filling up the DagBag from /usr/local/lib/python3.8/dist-packages/airflow/example_dags/plugins/event_listener.py
[2024-03-11T16:51:08.479+0000] {processor.py:842} WARNING - No viable dags retrieved from /usr/local/lib/python3.8/dist-packages/airflow/example_dags/plugins/event_listener.py
[2024-03-11T16:51:08.490+0000] {processor.py:183} INFO - Processing /usr/local/lib/python3.8/dist-packages/airflow/example_dags/plugins/event_listener.py took 0.019 seconds
[2024-03-11T16:52:03.901+0000] {processor.py:161} INFO - Started process (PID=1192) to work on /usr/local/lib/python3.8/dist-packages/airflow/example_dags/plugins/event_listener.py
[2024-03-11T16:52:03.902+0000] {processor.py:830} INFO - Processing file /usr/local/lib/python3.8/dist-packages/airflow/example_dags/plugins/event_listener.py for tasks to queue
[2024-03-11T16:52:03.903+0000] {logging_mixin.py:188} INFO - [2024-03-11T16:52:03.903+0000] {dagbag.py:540} INFO - Filling up the DagBag from /usr/local/lib/python3.8/dist-packages/airflow/example_dags/plugins/event_listener.py
[2024-03-11T16:52:03.905+0000] {processor.py:842} WARNING - No viable dags retrieved from /usr/local/lib/python3.8/dist-packages/airflow/example_dags/plugins/event_listener.py
[2024-03-11T16:52:03.913+0000] {processor.py:183} INFO - Processing /usr/local/lib/python3.8/dist-packages/airflow/example_dags/plugins/event_listener.py took 0.015 seconds
[2024-03-11T16:52:55.999+0000] {processor.py:161} INFO - Started process (PID=1257) to work on /usr/local/lib/python3.8/dist-packages/airflow/example_dags/plugins/event_listener.py
[2024-03-11T16:52:56.001+0000] {processor.py:830} INFO - Processing file /usr/local/lib/python3.8/dist-packages/airflow/example_dags/plugins/event_listener.py for tasks to queue
[2024-03-11T16:52:56.002+0000] {logging_mixin.py:188} INFO - [2024-03-11T16:52:56.002+0000] {dagbag.py:540} INFO - Filling up the DagBag from /usr/local/lib/python3.8/dist-packages/airflow/example_dags/plugins/event_listener.py
[2024-03-11T16:52:56.004+0000] {processor.py:842} WARNING - No viable dags retrieved from /usr/local/lib/python3.8/dist-packages/airflow/example_dags/plugins/event_listener.py
[2024-03-11T16:52:56.014+0000] {processor.py:183} INFO - Processing /usr/local/lib/python3.8/dist-packages/airflow/example_dags/plugins/event_listener.py took 0.018 seconds
[2024-03-11T16:53:51.046+0000] {processor.py:161} INFO - Started process (PID=1333) to work on /usr/local/lib/python3.8/dist-packages/airflow/example_dags/plugins/event_listener.py
[2024-03-11T16:53:51.048+0000] {processor.py:830} INFO - Processing file /usr/local/lib/python3.8/dist-packages/airflow/example_dags/plugins/event_listener.py for tasks to queue
[2024-03-11T16:53:51.049+0000] {logging_mixin.py:188} INFO - [2024-03-11T16:53:51.049+0000] {dagbag.py:540} INFO - Filling up the DagBag from /usr/local/lib/python3.8/dist-packages/airflow/example_dags/plugins/event_listener.py
[2024-03-11T16:53:51.051+0000] {processor.py:842} WARNING - No viable dags retrieved from /usr/local/lib/python3.8/dist-packages/airflow/example_dags/plugins/event_listener.py
[2024-03-11T16:53:51.059+0000] {processor.py:183} INFO - Processing /usr/local/lib/python3.8/dist-packages/airflow/example_dags/plugins/event_listener.py took 0.016 seconds
[2024-03-11T16:54:45.711+0000] {processor.py:161} INFO - Started process (PID=1403) to work on /usr/local/lib/python3.8/dist-packages/airflow/example_dags/plugins/event_listener.py
[2024-03-11T16:54:45.713+0000] {processor.py:830} INFO - Processing file /usr/local/lib/python3.8/dist-packages/airflow/example_dags/plugins/event_listener.py for tasks to queue
[2024-03-11T16:54:45.714+0000] {logging_mixin.py:188} INFO - [2024-03-11T16:54:45.713+0000] {dagbag.py:540} INFO - Filling up the DagBag from /usr/local/lib/python3.8/dist-packages/airflow/example_dags/plugins/event_listener.py
[2024-03-11T16:54:45.716+0000] {processor.py:842} WARNING - No viable dags retrieved from /usr/local/lib/python3.8/dist-packages/airflow/example_dags/plugins/event_listener.py
[2024-03-11T16:54:45.726+0000] {processor.py:183} INFO - Processing /usr/local/lib/python3.8/dist-packages/airflow/example_dags/plugins/event_listener.py took 0.019 seconds
[2024-03-11T16:55:39.091+0000] {processor.py:161} INFO - Started process (PID=1468) to work on /usr/local/lib/python3.8/dist-packages/airflow/example_dags/plugins/event_listener.py
[2024-03-11T16:55:39.093+0000] {processor.py:830} INFO - Processing file /usr/local/lib/python3.8/dist-packages/airflow/example_dags/plugins/event_listener.py for tasks to queue
[2024-03-11T16:55:39.093+0000] {logging_mixin.py:188} INFO - [2024-03-11T16:55:39.093+0000] {dagbag.py:540} INFO - Filling up the DagBag from /usr/local/lib/python3.8/dist-packages/airflow/example_dags/plugins/event_listener.py
[2024-03-11T16:55:39.096+0000] {processor.py:842} WARNING - No viable dags retrieved from /usr/local/lib/python3.8/dist-packages/airflow/example_dags/plugins/event_listener.py
[2024-03-11T16:55:39.105+0000] {processor.py:183} INFO - Processing /usr/local/lib/python3.8/dist-packages/airflow/example_dags/plugins/event_listener.py took 0.018 seconds
[2024-03-11T16:56:30.769+0000] {processor.py:161} INFO - Started process (PID=1562) to work on /usr/local/lib/python3.8/dist-packages/airflow/example_dags/plugins/event_listener.py
[2024-03-11T16:56:30.771+0000] {processor.py:830} INFO - Processing file /usr/local/lib/python3.8/dist-packages/airflow/example_dags/plugins/event_listener.py for tasks to queue
[2024-03-11T16:56:30.772+0000] {logging_mixin.py:188} INFO - [2024-03-11T16:56:30.771+0000] {dagbag.py:540} INFO - Filling up the DagBag from /usr/local/lib/python3.8/dist-packages/airflow/example_dags/plugins/event_listener.py
[2024-03-11T16:56:30.774+0000] {processor.py:842} WARNING - No viable dags retrieved from /usr/local/lib/python3.8/dist-packages/airflow/example_dags/plugins/event_listener.py
[2024-03-11T16:56:30.784+0000] {processor.py:183} INFO - Processing /usr/local/lib/python3.8/dist-packages/airflow/example_dags/plugins/event_listener.py took 0.018 seconds
[2024-03-11T16:57:25.046+0000] {processor.py:161} INFO - Started process (PID=1632) to work on /usr/local/lib/python3.8/dist-packages/airflow/example_dags/plugins/event_listener.py
[2024-03-11T16:57:25.047+0000] {processor.py:830} INFO - Processing file /usr/local/lib/python3.8/dist-packages/airflow/example_dags/plugins/event_listener.py for tasks to queue
[2024-03-11T16:57:25.048+0000] {logging_mixin.py:188} INFO - [2024-03-11T16:57:25.048+0000] {dagbag.py:540} INFO - Filling up the DagBag from /usr/local/lib/python3.8/dist-packages/airflow/example_dags/plugins/event_listener.py
[2024-03-11T16:57:25.051+0000] {processor.py:842} WARNING - No viable dags retrieved from /usr/local/lib/python3.8/dist-packages/airflow/example_dags/plugins/event_listener.py
[2024-03-11T16:57:25.061+0000] {processor.py:183} INFO - Processing /usr/local/lib/python3.8/dist-packages/airflow/example_dags/plugins/event_listener.py took 0.019 seconds
[2024-03-11T17:02:07.119+0000] {processor.py:161} INFO - Started process (PID=1897) to work on /usr/local/lib/python3.8/dist-packages/airflow/example_dags/plugins/event_listener.py
[2024-03-11T17:02:07.121+0000] {processor.py:830} INFO - Processing file /usr/local/lib/python3.8/dist-packages/airflow/example_dags/plugins/event_listener.py for tasks to queue
[2024-03-11T17:02:07.122+0000] {logging_mixin.py:188} INFO - [2024-03-11T17:02:07.121+0000] {dagbag.py:540} INFO - Filling up the DagBag from /usr/local/lib/python3.8/dist-packages/airflow/example_dags/plugins/event_listener.py
[2024-03-11T17:02:07.124+0000] {processor.py:842} WARNING - No viable dags retrieved from /usr/local/lib/python3.8/dist-packages/airflow/example_dags/plugins/event_listener.py
[2024-03-11T17:02:07.135+0000] {processor.py:183} INFO - Processing /usr/local/lib/python3.8/dist-packages/airflow/example_dags/plugins/event_listener.py took 0.018 seconds
[2024-03-11T17:05:53.730+0000] {processor.py:161} INFO - Started process (PID=1969) to work on /usr/local/lib/python3.8/dist-packages/airflow/example_dags/plugins/event_listener.py
[2024-03-11T17:05:53.731+0000] {processor.py:830} INFO - Processing file /usr/local/lib/python3.8/dist-packages/airflow/example_dags/plugins/event_listener.py for tasks to queue
[2024-03-11T17:05:53.732+0000] {logging_mixin.py:188} INFO - [2024-03-11T17:05:53.732+0000] {dagbag.py:540} INFO - Filling up the DagBag from /usr/local/lib/python3.8/dist-packages/airflow/example_dags/plugins/event_listener.py
[2024-03-11T17:05:53.735+0000] {processor.py:842} WARNING - No viable dags retrieved from /usr/local/lib/python3.8/dist-packages/airflow/example_dags/plugins/event_listener.py
[2024-03-11T17:05:53.744+0000] {processor.py:183} INFO - Processing /usr/local/lib/python3.8/dist-packages/airflow/example_dags/plugins/event_listener.py took 0.018 seconds
[2024-03-11T17:06:49.588+0000] {processor.py:161} INFO - Started process (PID=2038) to work on /usr/local/lib/python3.8/dist-packages/airflow/example_dags/plugins/event_listener.py
[2024-03-11T17:06:49.590+0000] {processor.py:830} INFO - Processing file /usr/local/lib/python3.8/dist-packages/airflow/example_dags/plugins/event_listener.py for tasks to queue
[2024-03-11T17:06:49.591+0000] {logging_mixin.py:188} INFO - [2024-03-11T17:06:49.590+0000] {dagbag.py:540} INFO - Filling up the DagBag from /usr/local/lib/python3.8/dist-packages/airflow/example_dags/plugins/event_listener.py
[2024-03-11T17:06:49.593+0000] {processor.py:842} WARNING - No viable dags retrieved from /usr/local/lib/python3.8/dist-packages/airflow/example_dags/plugins/event_listener.py
[2024-03-11T17:06:49.603+0000] {processor.py:183} INFO - Processing /usr/local/lib/python3.8/dist-packages/airflow/example_dags/plugins/event_listener.py took 0.018 seconds
[2024-03-11T17:08:18.411+0000] {processor.py:161} INFO - Started process (PID=2191) to work on /usr/local/lib/python3.8/dist-packages/airflow/example_dags/plugins/event_listener.py
[2024-03-11T17:08:18.412+0000] {processor.py:830} INFO - Processing file /usr/local/lib/python3.8/dist-packages/airflow/example_dags/plugins/event_listener.py for tasks to queue
[2024-03-11T17:08:18.413+0000] {logging_mixin.py:188} INFO - [2024-03-11T17:08:18.413+0000] {dagbag.py:540} INFO - Filling up the DagBag from /usr/local/lib/python3.8/dist-packages/airflow/example_dags/plugins/event_listener.py
[2024-03-11T17:08:18.416+0000] {processor.py:842} WARNING - No viable dags retrieved from /usr/local/lib/python3.8/dist-packages/airflow/example_dags/plugins/event_listener.py
[2024-03-11T17:08:18.426+0000] {processor.py:183} INFO - Processing /usr/local/lib/python3.8/dist-packages/airflow/example_dags/plugins/event_listener.py took 0.018 seconds
[2024-03-11T17:09:16.255+0000] {processor.py:161} INFO - Started process (PID=2366) to work on /usr/local/lib/python3.8/dist-packages/airflow/example_dags/plugins/event_listener.py
[2024-03-11T17:09:16.256+0000] {processor.py:830} INFO - Processing file /usr/local/lib/python3.8/dist-packages/airflow/example_dags/plugins/event_listener.py for tasks to queue
[2024-03-11T17:09:16.257+0000] {logging_mixin.py:188} INFO - [2024-03-11T17:09:16.257+0000] {dagbag.py:540} INFO - Filling up the DagBag from /usr/local/lib/python3.8/dist-packages/airflow/example_dags/plugins/event_listener.py
[2024-03-11T17:09:16.260+0000] {processor.py:842} WARNING - No viable dags retrieved from /usr/local/lib/python3.8/dist-packages/airflow/example_dags/plugins/event_listener.py
[2024-03-11T17:09:16.270+0000] {processor.py:183} INFO - Processing /usr/local/lib/python3.8/dist-packages/airflow/example_dags/plugins/event_listener.py took 0.019 seconds
[2024-03-11T17:10:12.255+0000] {processor.py:161} INFO - Started process (PID=2437) to work on /usr/local/lib/python3.8/dist-packages/airflow/example_dags/plugins/event_listener.py
[2024-03-11T17:10:12.257+0000] {processor.py:830} INFO - Processing file /usr/local/lib/python3.8/dist-packages/airflow/example_dags/plugins/event_listener.py for tasks to queue
[2024-03-11T17:10:12.257+0000] {logging_mixin.py:188} INFO - [2024-03-11T17:10:12.257+0000] {dagbag.py:540} INFO - Filling up the DagBag from /usr/local/lib/python3.8/dist-packages/airflow/example_dags/plugins/event_listener.py
[2024-03-11T17:10:12.260+0000] {processor.py:842} WARNING - No viable dags retrieved from /usr/local/lib/python3.8/dist-packages/airflow/example_dags/plugins/event_listener.py
[2024-03-11T17:10:12.270+0000] {processor.py:183} INFO - Processing /usr/local/lib/python3.8/dist-packages/airflow/example_dags/plugins/event_listener.py took 0.018 seconds
[2024-03-11T17:11:05.839+0000] {processor.py:161} INFO - Started process (PID=2502) to work on /usr/local/lib/python3.8/dist-packages/airflow/example_dags/plugins/event_listener.py
[2024-03-11T17:11:05.840+0000] {processor.py:830} INFO - Processing file /usr/local/lib/python3.8/dist-packages/airflow/example_dags/plugins/event_listener.py for tasks to queue
[2024-03-11T17:11:05.841+0000] {logging_mixin.py:188} INFO - [2024-03-11T17:11:05.841+0000] {dagbag.py:540} INFO - Filling up the DagBag from /usr/local/lib/python3.8/dist-packages/airflow/example_dags/plugins/event_listener.py
[2024-03-11T17:11:05.844+0000] {processor.py:842} WARNING - No viable dags retrieved from /usr/local/lib/python3.8/dist-packages/airflow/example_dags/plugins/event_listener.py
[2024-03-11T17:11:05.854+0000] {processor.py:183} INFO - Processing /usr/local/lib/python3.8/dist-packages/airflow/example_dags/plugins/event_listener.py took 0.019 seconds
[2024-03-11T17:11:34.957+0000] {processor.py:161} INFO - Started process (PID=2552) to work on /usr/local/lib/python3.8/dist-packages/airflow/example_dags/plugins/event_listener.py
[2024-03-11T17:11:34.959+0000] {processor.py:830} INFO - Processing file /usr/local/lib/python3.8/dist-packages/airflow/example_dags/plugins/event_listener.py for tasks to queue
[2024-03-11T17:11:34.960+0000] {logging_mixin.py:188} INFO - [2024-03-11T17:11:34.959+0000] {dagbag.py:540} INFO - Filling up the DagBag from /usr/local/lib/python3.8/dist-packages/airflow/example_dags/plugins/event_listener.py
[2024-03-11T17:11:34.962+0000] {processor.py:842} WARNING - No viable dags retrieved from /usr/local/lib/python3.8/dist-packages/airflow/example_dags/plugins/event_listener.py
[2024-03-11T17:11:34.972+0000] {processor.py:183} INFO - Processing /usr/local/lib/python3.8/dist-packages/airflow/example_dags/plugins/event_listener.py took 0.019 seconds
[2024-03-11T17:12:33.359+0000] {processor.py:161} INFO - Started process (PID=2630) to work on /usr/local/lib/python3.8/dist-packages/airflow/example_dags/plugins/event_listener.py
[2024-03-11T17:12:33.361+0000] {processor.py:830} INFO - Processing file /usr/local/lib/python3.8/dist-packages/airflow/example_dags/plugins/event_listener.py for tasks to queue
[2024-03-11T17:12:33.362+0000] {logging_mixin.py:188} INFO - [2024-03-11T17:12:33.362+0000] {dagbag.py:540} INFO - Filling up the DagBag from /usr/local/lib/python3.8/dist-packages/airflow/example_dags/plugins/event_listener.py
[2024-03-11T17:12:33.364+0000] {processor.py:842} WARNING - No viable dags retrieved from /usr/local/lib/python3.8/dist-packages/airflow/example_dags/plugins/event_listener.py
[2024-03-11T17:12:33.374+0000] {processor.py:183} INFO - Processing /usr/local/lib/python3.8/dist-packages/airflow/example_dags/plugins/event_listener.py took 0.018 seconds
[2024-03-11T17:13:28.954+0000] {processor.py:161} INFO - Started process (PID=2744) to work on /usr/local/lib/python3.8/dist-packages/airflow/example_dags/plugins/event_listener.py
[2024-03-11T17:13:28.956+0000] {processor.py:830} INFO - Processing file /usr/local/lib/python3.8/dist-packages/airflow/example_dags/plugins/event_listener.py for tasks to queue
[2024-03-11T17:13:28.957+0000] {logging_mixin.py:188} INFO - [2024-03-11T17:13:28.956+0000] {dagbag.py:540} INFO - Filling up the DagBag from /usr/local/lib/python3.8/dist-packages/airflow/example_dags/plugins/event_listener.py
[2024-03-11T17:13:28.960+0000] {processor.py:842} WARNING - No viable dags retrieved from /usr/local/lib/python3.8/dist-packages/airflow/example_dags/plugins/event_listener.py
[2024-03-11T17:13:28.973+0000] {processor.py:183} INFO - Processing /usr/local/lib/python3.8/dist-packages/airflow/example_dags/plugins/event_listener.py took 0.022 seconds
[2024-03-11T17:14:25.359+0000] {processor.py:161} INFO - Started process (PID=2832) to work on /usr/local/lib/python3.8/dist-packages/airflow/example_dags/plugins/event_listener.py
[2024-03-11T17:14:25.361+0000] {processor.py:830} INFO - Processing file /usr/local/lib/python3.8/dist-packages/airflow/example_dags/plugins/event_listener.py for tasks to queue
[2024-03-11T17:14:25.362+0000] {logging_mixin.py:188} INFO - [2024-03-11T17:14:25.361+0000] {dagbag.py:540} INFO - Filling up the DagBag from /usr/local/lib/python3.8/dist-packages/airflow/example_dags/plugins/event_listener.py
[2024-03-11T17:14:25.364+0000] {processor.py:842} WARNING - No viable dags retrieved from /usr/local/lib/python3.8/dist-packages/airflow/example_dags/plugins/event_listener.py
[2024-03-11T17:14:25.375+0000] {processor.py:183} INFO - Processing /usr/local/lib/python3.8/dist-packages/airflow/example_dags/plugins/event_listener.py took 0.019 seconds
[2024-03-11T17:15:06.375+0000] {processor.py:161} INFO - Started process (PID=2921) to work on /usr/local/lib/python3.8/dist-packages/airflow/example_dags/plugins/event_listener.py
[2024-03-11T17:15:06.376+0000] {processor.py:830} INFO - Processing file /usr/local/lib/python3.8/dist-packages/airflow/example_dags/plugins/event_listener.py for tasks to queue
[2024-03-11T17:15:06.377+0000] {logging_mixin.py:188} INFO - [2024-03-11T17:15:06.377+0000] {dagbag.py:540} INFO - Filling up the DagBag from /usr/local/lib/python3.8/dist-packages/airflow/example_dags/plugins/event_listener.py
[2024-03-11T17:15:06.380+0000] {processor.py:842} WARNING - No viable dags retrieved from /usr/local/lib/python3.8/dist-packages/airflow/example_dags/plugins/event_listener.py
[2024-03-11T17:15:06.390+0000] {processor.py:183} INFO - Processing /usr/local/lib/python3.8/dist-packages/airflow/example_dags/plugins/event_listener.py took 0.019 seconds
[2024-03-11T17:16:01.139+0000] {processor.py:161} INFO - Started process (PID=2999) to work on /usr/local/lib/python3.8/dist-packages/airflow/example_dags/plugins/event_listener.py
[2024-03-11T17:16:01.141+0000] {processor.py:830} INFO - Processing file /usr/local/lib/python3.8/dist-packages/airflow/example_dags/plugins/event_listener.py for tasks to queue
[2024-03-11T17:16:01.142+0000] {logging_mixin.py:188} INFO - [2024-03-11T17:16:01.141+0000] {dagbag.py:540} INFO - Filling up the DagBag from /usr/local/lib/python3.8/dist-packages/airflow/example_dags/plugins/event_listener.py
[2024-03-11T17:16:01.144+0000] {processor.py:842} WARNING - No viable dags retrieved from /usr/local/lib/python3.8/dist-packages/airflow/example_dags/plugins/event_listener.py
[2024-03-11T17:16:01.155+0000] {processor.py:183} INFO - Processing /usr/local/lib/python3.8/dist-packages/airflow/example_dags/plugins/event_listener.py took 0.019 seconds
[2024-03-11T17:16:54.590+0000] {processor.py:161} INFO - Started process (PID=3063) to work on /usr/local/lib/python3.8/dist-packages/airflow/example_dags/plugins/event_listener.py
[2024-03-11T17:16:54.592+0000] {processor.py:830} INFO - Processing file /usr/local/lib/python3.8/dist-packages/airflow/example_dags/plugins/event_listener.py for tasks to queue
[2024-03-11T17:16:54.593+0000] {logging_mixin.py:188} INFO - [2024-03-11T17:16:54.593+0000] {dagbag.py:540} INFO - Filling up the DagBag from /usr/local/lib/python3.8/dist-packages/airflow/example_dags/plugins/event_listener.py
[2024-03-11T17:16:54.595+0000] {processor.py:842} WARNING - No viable dags retrieved from /usr/local/lib/python3.8/dist-packages/airflow/example_dags/plugins/event_listener.py
[2024-03-11T17:16:54.606+0000] {processor.py:183} INFO - Processing /usr/local/lib/python3.8/dist-packages/airflow/example_dags/plugins/event_listener.py took 0.019 seconds
[2024-03-11T17:17:50.124+0000] {processor.py:161} INFO - Started process (PID=3134) to work on /usr/local/lib/python3.8/dist-packages/airflow/example_dags/plugins/event_listener.py
[2024-03-11T17:17:50.125+0000] {processor.py:830} INFO - Processing file /usr/local/lib/python3.8/dist-packages/airflow/example_dags/plugins/event_listener.py for tasks to queue
[2024-03-11T17:17:50.126+0000] {logging_mixin.py:188} INFO - [2024-03-11T17:17:50.126+0000] {dagbag.py:540} INFO - Filling up the DagBag from /usr/local/lib/python3.8/dist-packages/airflow/example_dags/plugins/event_listener.py
[2024-03-11T17:17:50.129+0000] {processor.py:842} WARNING - No viable dags retrieved from /usr/local/lib/python3.8/dist-packages/airflow/example_dags/plugins/event_listener.py
[2024-03-11T17:17:50.139+0000] {processor.py:183} INFO - Processing /usr/local/lib/python3.8/dist-packages/airflow/example_dags/plugins/event_listener.py took 0.019 seconds
[2024-03-11T17:18:45.558+0000] {processor.py:161} INFO - Started process (PID=3210) to work on /usr/local/lib/python3.8/dist-packages/airflow/example_dags/plugins/event_listener.py
[2024-03-11T17:18:45.559+0000] {processor.py:830} INFO - Processing file /usr/local/lib/python3.8/dist-packages/airflow/example_dags/plugins/event_listener.py for tasks to queue
[2024-03-11T17:18:45.560+0000] {logging_mixin.py:188} INFO - [2024-03-11T17:18:45.560+0000] {dagbag.py:540} INFO - Filling up the DagBag from /usr/local/lib/python3.8/dist-packages/airflow/example_dags/plugins/event_listener.py
[2024-03-11T17:18:45.563+0000] {processor.py:842} WARNING - No viable dags retrieved from /usr/local/lib/python3.8/dist-packages/airflow/example_dags/plugins/event_listener.py
[2024-03-11T17:18:45.573+0000] {processor.py:183} INFO - Processing /usr/local/lib/python3.8/dist-packages/airflow/example_dags/plugins/event_listener.py took 0.018 seconds
[2024-03-11T17:19:40.245+0000] {processor.py:161} INFO - Started process (PID=3275) to work on /usr/local/lib/python3.8/dist-packages/airflow/example_dags/plugins/event_listener.py
[2024-03-11T17:19:40.247+0000] {processor.py:830} INFO - Processing file /usr/local/lib/python3.8/dist-packages/airflow/example_dags/plugins/event_listener.py for tasks to queue
[2024-03-11T17:19:40.248+0000] {logging_mixin.py:188} INFO - [2024-03-11T17:19:40.247+0000] {dagbag.py:540} INFO - Filling up the DagBag from /usr/local/lib/python3.8/dist-packages/airflow/example_dags/plugins/event_listener.py
[2024-03-11T17:19:40.250+0000] {processor.py:842} WARNING - No viable dags retrieved from /usr/local/lib/python3.8/dist-packages/airflow/example_dags/plugins/event_listener.py
[2024-03-11T17:19:40.260+0000] {processor.py:183} INFO - Processing /usr/local/lib/python3.8/dist-packages/airflow/example_dags/plugins/event_listener.py took 0.018 seconds
[2024-03-11T17:20:33.094+0000] {processor.py:161} INFO - Started process (PID=3344) to work on /usr/local/lib/python3.8/dist-packages/airflow/example_dags/plugins/event_listener.py
[2024-03-11T17:20:33.096+0000] {processor.py:830} INFO - Processing file /usr/local/lib/python3.8/dist-packages/airflow/example_dags/plugins/event_listener.py for tasks to queue
[2024-03-11T17:20:33.097+0000] {logging_mixin.py:188} INFO - [2024-03-11T17:20:33.097+0000] {dagbag.py:540} INFO - Filling up the DagBag from /usr/local/lib/python3.8/dist-packages/airflow/example_dags/plugins/event_listener.py
[2024-03-11T17:20:33.099+0000] {processor.py:842} WARNING - No viable dags retrieved from /usr/local/lib/python3.8/dist-packages/airflow/example_dags/plugins/event_listener.py
[2024-03-11T17:20:33.110+0000] {processor.py:183} INFO - Processing /usr/local/lib/python3.8/dist-packages/airflow/example_dags/plugins/event_listener.py took 0.019 seconds
[2024-03-11T17:21:27.113+0000] {processor.py:161} INFO - Started process (PID=3420) to work on /usr/local/lib/python3.8/dist-packages/airflow/example_dags/plugins/event_listener.py
[2024-03-11T17:21:27.115+0000] {processor.py:830} INFO - Processing file /usr/local/lib/python3.8/dist-packages/airflow/example_dags/plugins/event_listener.py for tasks to queue
[2024-03-11T17:21:27.116+0000] {logging_mixin.py:188} INFO - [2024-03-11T17:21:27.115+0000] {dagbag.py:540} INFO - Filling up the DagBag from /usr/local/lib/python3.8/dist-packages/airflow/example_dags/plugins/event_listener.py
[2024-03-11T17:21:27.118+0000] {processor.py:842} WARNING - No viable dags retrieved from /usr/local/lib/python3.8/dist-packages/airflow/example_dags/plugins/event_listener.py
[2024-03-11T17:21:27.129+0000] {processor.py:183} INFO - Processing /usr/local/lib/python3.8/dist-packages/airflow/example_dags/plugins/event_listener.py took 0.019 seconds
