[2024-03-11T15:39:53.850+0000] {processor.py:161} INFO - Started process (PID=465) to work on /usr/local/lib/python3.8/dist-packages/airflow/example_dags/plugins/listener_plugin.py
[2024-03-11T15:39:53.851+0000] {processor.py:830} INFO - Processing file /usr/local/lib/python3.8/dist-packages/airflow/example_dags/plugins/listener_plugin.py for tasks to queue
[2024-03-11T15:39:53.852+0000] {logging_mixin.py:188} INFO - [2024-03-11T15:39:53.851+0000] {dagbag.py:540} INFO - Filling up the DagBag from /usr/local/lib/python3.8/dist-packages/airflow/example_dags/plugins/listener_plugin.py
[2024-03-11T15:39:53.855+0000] {processor.py:842} WARNING - No viable dags retrieved from /usr/local/lib/python3.8/dist-packages/airflow/example_dags/plugins/listener_plugin.py
[2024-03-11T15:39:53.866+0000] {processor.py:183} INFO - Processing /usr/local/lib/python3.8/dist-packages/airflow/example_dags/plugins/listener_plugin.py took 0.019 seconds
[2024-03-11T15:40:52.602+0000] {processor.py:161} INFO - Started process (PID=550) to work on /usr/local/lib/python3.8/dist-packages/airflow/example_dags/plugins/listener_plugin.py
[2024-03-11T15:40:52.604+0000] {processor.py:830} INFO - Processing file /usr/local/lib/python3.8/dist-packages/airflow/example_dags/plugins/listener_plugin.py for tasks to queue
[2024-03-11T15:40:52.604+0000] {logging_mixin.py:188} INFO - [2024-03-11T15:40:52.604+0000] {dagbag.py:540} INFO - Filling up the DagBag from /usr/local/lib/python3.8/dist-packages/airflow/example_dags/plugins/listener_plugin.py
[2024-03-11T15:40:52.610+0000] {processor.py:842} WARNING - No viable dags retrieved from /usr/local/lib/python3.8/dist-packages/airflow/example_dags/plugins/listener_plugin.py
[2024-03-11T15:40:53.158+0000] {processor.py:183} INFO - Processing /usr/local/lib/python3.8/dist-packages/airflow/example_dags/plugins/listener_plugin.py took 0.559 seconds
[2024-03-11T15:41:41.887+0000] {processor.py:161} INFO - Started process (PID=599) to work on /usr/local/lib/python3.8/dist-packages/airflow/example_dags/plugins/listener_plugin.py
[2024-03-11T15:41:41.889+0000] {processor.py:830} INFO - Processing file /usr/local/lib/python3.8/dist-packages/airflow/example_dags/plugins/listener_plugin.py for tasks to queue
[2024-03-11T15:41:41.890+0000] {logging_mixin.py:188} INFO - [2024-03-11T15:41:41.890+0000] {dagbag.py:540} INFO - Filling up the DagBag from /usr/local/lib/python3.8/dist-packages/airflow/example_dags/plugins/listener_plugin.py
[2024-03-11T15:41:41.893+0000] {processor.py:842} WARNING - No viable dags retrieved from /usr/local/lib/python3.8/dist-packages/airflow/example_dags/plugins/listener_plugin.py
[2024-03-11T15:41:41.904+0000] {processor.py:183} INFO - Processing /usr/local/lib/python3.8/dist-packages/airflow/example_dags/plugins/listener_plugin.py took 0.020 seconds
[2024-03-11T15:42:17.859+0000] {processor.py:161} INFO - Started process (PID=637) to work on /usr/local/lib/python3.8/dist-packages/airflow/example_dags/plugins/listener_plugin.py
[2024-03-11T15:42:17.859+0000] {processor.py:830} INFO - Processing file /usr/local/lib/python3.8/dist-packages/airflow/example_dags/plugins/listener_plugin.py for tasks to queue
[2024-03-11T15:42:17.860+0000] {logging_mixin.py:188} INFO - [2024-03-11T15:42:17.860+0000] {dagbag.py:540} INFO - Filling up the DagBag from /usr/local/lib/python3.8/dist-packages/airflow/example_dags/plugins/listener_plugin.py
[2024-03-11T15:42:17.862+0000] {processor.py:842} WARNING - No viable dags retrieved from /usr/local/lib/python3.8/dist-packages/airflow/example_dags/plugins/listener_plugin.py
[2024-03-11T15:42:17.870+0000] {processor.py:183} INFO - Processing /usr/local/lib/python3.8/dist-packages/airflow/example_dags/plugins/listener_plugin.py took 0.014 seconds
[2024-03-11T15:42:55.470+0000] {processor.py:161} INFO - Started process (PID=673) to work on /usr/local/lib/python3.8/dist-packages/airflow/example_dags/plugins/listener_plugin.py
[2024-03-11T15:42:55.471+0000] {processor.py:830} INFO - Processing file /usr/local/lib/python3.8/dist-packages/airflow/example_dags/plugins/listener_plugin.py for tasks to queue
[2024-03-11T15:42:55.472+0000] {logging_mixin.py:188} INFO - [2024-03-11T15:42:55.472+0000] {dagbag.py:540} INFO - Filling up the DagBag from /usr/local/lib/python3.8/dist-packages/airflow/example_dags/plugins/listener_plugin.py
[2024-03-11T15:42:55.476+0000] {processor.py:842} WARNING - No viable dags retrieved from /usr/local/lib/python3.8/dist-packages/airflow/example_dags/plugins/listener_plugin.py
[2024-03-11T15:42:55.487+0000] {processor.py:183} INFO - Processing /usr/local/lib/python3.8/dist-packages/airflow/example_dags/plugins/listener_plugin.py took 0.019 seconds
[2024-03-11T15:43:36.136+0000] {processor.py:161} INFO - Started process (PID=712) to work on /usr/local/lib/python3.8/dist-packages/airflow/example_dags/plugins/listener_plugin.py
[2024-03-11T15:43:36.140+0000] {processor.py:830} INFO - Processing file /usr/local/lib/python3.8/dist-packages/airflow/example_dags/plugins/listener_plugin.py for tasks to queue
[2024-03-11T15:43:36.141+0000] {logging_mixin.py:188} INFO - [2024-03-11T15:43:36.141+0000] {dagbag.py:540} INFO - Filling up the DagBag from /usr/local/lib/python3.8/dist-packages/airflow/example_dags/plugins/listener_plugin.py
[2024-03-11T15:43:36.146+0000] {processor.py:842} WARNING - No viable dags retrieved from /usr/local/lib/python3.8/dist-packages/airflow/example_dags/plugins/listener_plugin.py
[2024-03-11T15:43:36.158+0000] {processor.py:183} INFO - Processing /usr/local/lib/python3.8/dist-packages/airflow/example_dags/plugins/listener_plugin.py took 0.025 seconds
[2024-03-11T15:44:15.999+0000] {processor.py:161} INFO - Started process (PID=751) to work on /usr/local/lib/python3.8/dist-packages/airflow/example_dags/plugins/listener_plugin.py
[2024-03-11T15:44:16.000+0000] {processor.py:830} INFO - Processing file /usr/local/lib/python3.8/dist-packages/airflow/example_dags/plugins/listener_plugin.py for tasks to queue
[2024-03-11T15:44:16.001+0000] {logging_mixin.py:188} INFO - [2024-03-11T15:44:16.000+0000] {dagbag.py:540} INFO - Filling up the DagBag from /usr/local/lib/python3.8/dist-packages/airflow/example_dags/plugins/listener_plugin.py
[2024-03-11T15:44:16.004+0000] {processor.py:842} WARNING - No viable dags retrieved from /usr/local/lib/python3.8/dist-packages/airflow/example_dags/plugins/listener_plugin.py
[2024-03-11T15:44:16.016+0000] {processor.py:183} INFO - Processing /usr/local/lib/python3.8/dist-packages/airflow/example_dags/plugins/listener_plugin.py took 0.021 seconds
[2024-03-11T15:44:53.012+0000] {processor.py:161} INFO - Started process (PID=788) to work on /usr/local/lib/python3.8/dist-packages/airflow/example_dags/plugins/listener_plugin.py
[2024-03-11T15:44:53.015+0000] {processor.py:830} INFO - Processing file /usr/local/lib/python3.8/dist-packages/airflow/example_dags/plugins/listener_plugin.py for tasks to queue
[2024-03-11T15:44:53.016+0000] {logging_mixin.py:188} INFO - [2024-03-11T15:44:53.015+0000] {dagbag.py:540} INFO - Filling up the DagBag from /usr/local/lib/python3.8/dist-packages/airflow/example_dags/plugins/listener_plugin.py
[2024-03-11T15:44:53.019+0000] {processor.py:842} WARNING - No viable dags retrieved from /usr/local/lib/python3.8/dist-packages/airflow/example_dags/plugins/listener_plugin.py
[2024-03-11T15:44:53.029+0000] {processor.py:183} INFO - Processing /usr/local/lib/python3.8/dist-packages/airflow/example_dags/plugins/listener_plugin.py took 0.020 seconds
[2024-03-11T15:45:30.005+0000] {processor.py:161} INFO - Started process (PID=824) to work on /usr/local/lib/python3.8/dist-packages/airflow/example_dags/plugins/listener_plugin.py
[2024-03-11T15:45:30.006+0000] {processor.py:830} INFO - Processing file /usr/local/lib/python3.8/dist-packages/airflow/example_dags/plugins/listener_plugin.py for tasks to queue
[2024-03-11T15:45:30.007+0000] {logging_mixin.py:188} INFO - [2024-03-11T15:45:30.006+0000] {dagbag.py:540} INFO - Filling up the DagBag from /usr/local/lib/python3.8/dist-packages/airflow/example_dags/plugins/listener_plugin.py
[2024-03-11T15:45:30.010+0000] {processor.py:842} WARNING - No viable dags retrieved from /usr/local/lib/python3.8/dist-packages/airflow/example_dags/plugins/listener_plugin.py
[2024-03-11T15:45:30.021+0000] {processor.py:183} INFO - Processing /usr/local/lib/python3.8/dist-packages/airflow/example_dags/plugins/listener_plugin.py took 0.020 seconds
[2024-03-11T15:46:12.834+0000] {processor.py:161} INFO - Started process (PID=864) to work on /usr/local/lib/python3.8/dist-packages/airflow/example_dags/plugins/listener_plugin.py
[2024-03-11T15:46:12.836+0000] {processor.py:830} INFO - Processing file /usr/local/lib/python3.8/dist-packages/airflow/example_dags/plugins/listener_plugin.py for tasks to queue
[2024-03-11T15:46:12.837+0000] {logging_mixin.py:188} INFO - [2024-03-11T15:46:12.837+0000] {dagbag.py:540} INFO - Filling up the DagBag from /usr/local/lib/python3.8/dist-packages/airflow/example_dags/plugins/listener_plugin.py
[2024-03-11T15:46:12.840+0000] {processor.py:842} WARNING - No viable dags retrieved from /usr/local/lib/python3.8/dist-packages/airflow/example_dags/plugins/listener_plugin.py
[2024-03-11T15:46:12.851+0000] {processor.py:183} INFO - Processing /usr/local/lib/python3.8/dist-packages/airflow/example_dags/plugins/listener_plugin.py took 0.022 seconds
[2024-03-11T15:46:56.186+0000] {processor.py:161} INFO - Started process (PID=906) to work on /usr/local/lib/python3.8/dist-packages/airflow/example_dags/plugins/listener_plugin.py
[2024-03-11T15:46:56.188+0000] {processor.py:830} INFO - Processing file /usr/local/lib/python3.8/dist-packages/airflow/example_dags/plugins/listener_plugin.py for tasks to queue
[2024-03-11T15:46:56.189+0000] {logging_mixin.py:188} INFO - [2024-03-11T15:46:56.188+0000] {dagbag.py:540} INFO - Filling up the DagBag from /usr/local/lib/python3.8/dist-packages/airflow/example_dags/plugins/listener_plugin.py
[2024-03-11T15:46:56.191+0000] {processor.py:842} WARNING - No viable dags retrieved from /usr/local/lib/python3.8/dist-packages/airflow/example_dags/plugins/listener_plugin.py
[2024-03-11T15:46:56.201+0000] {processor.py:183} INFO - Processing /usr/local/lib/python3.8/dist-packages/airflow/example_dags/plugins/listener_plugin.py took 0.018 seconds
[2024-03-11T15:47:33.765+0000] {processor.py:161} INFO - Started process (PID=942) to work on /usr/local/lib/python3.8/dist-packages/airflow/example_dags/plugins/listener_plugin.py
[2024-03-11T15:47:33.768+0000] {processor.py:830} INFO - Processing file /usr/local/lib/python3.8/dist-packages/airflow/example_dags/plugins/listener_plugin.py for tasks to queue
[2024-03-11T15:47:33.769+0000] {logging_mixin.py:188} INFO - [2024-03-11T15:47:33.768+0000] {dagbag.py:540} INFO - Filling up the DagBag from /usr/local/lib/python3.8/dist-packages/airflow/example_dags/plugins/listener_plugin.py
[2024-03-11T15:47:33.772+0000] {processor.py:842} WARNING - No viable dags retrieved from /usr/local/lib/python3.8/dist-packages/airflow/example_dags/plugins/listener_plugin.py
[2024-03-11T15:47:33.782+0000] {processor.py:183} INFO - Processing /usr/local/lib/python3.8/dist-packages/airflow/example_dags/plugins/listener_plugin.py took 0.020 seconds
[2024-03-11T15:48:13.114+0000] {processor.py:161} INFO - Started process (PID=981) to work on /usr/local/lib/python3.8/dist-packages/airflow/example_dags/plugins/listener_plugin.py
[2024-03-11T15:48:13.116+0000] {processor.py:830} INFO - Processing file /usr/local/lib/python3.8/dist-packages/airflow/example_dags/plugins/listener_plugin.py for tasks to queue
[2024-03-11T15:48:13.117+0000] {logging_mixin.py:188} INFO - [2024-03-11T15:48:13.117+0000] {dagbag.py:540} INFO - Filling up the DagBag from /usr/local/lib/python3.8/dist-packages/airflow/example_dags/plugins/listener_plugin.py
[2024-03-11T15:48:13.122+0000] {processor.py:842} WARNING - No viable dags retrieved from /usr/local/lib/python3.8/dist-packages/airflow/example_dags/plugins/listener_plugin.py
[2024-03-11T15:48:13.132+0000] {processor.py:183} INFO - Processing /usr/local/lib/python3.8/dist-packages/airflow/example_dags/plugins/listener_plugin.py took 0.021 seconds
[2024-03-11T15:48:53.766+0000] {processor.py:161} INFO - Started process (PID=1020) to work on /usr/local/lib/python3.8/dist-packages/airflow/example_dags/plugins/listener_plugin.py
[2024-03-11T15:48:53.769+0000] {processor.py:830} INFO - Processing file /usr/local/lib/python3.8/dist-packages/airflow/example_dags/plugins/listener_plugin.py for tasks to queue
[2024-03-11T15:48:53.770+0000] {logging_mixin.py:188} INFO - [2024-03-11T15:48:53.769+0000] {dagbag.py:540} INFO - Filling up the DagBag from /usr/local/lib/python3.8/dist-packages/airflow/example_dags/plugins/listener_plugin.py
[2024-03-11T15:48:53.773+0000] {processor.py:842} WARNING - No viable dags retrieved from /usr/local/lib/python3.8/dist-packages/airflow/example_dags/plugins/listener_plugin.py
[2024-03-11T15:48:53.783+0000] {processor.py:183} INFO - Processing /usr/local/lib/python3.8/dist-packages/airflow/example_dags/plugins/listener_plugin.py took 0.020 seconds
[2024-03-11T15:49:40.252+0000] {processor.py:161} INFO - Started process (PID=1060) to work on /usr/local/lib/python3.8/dist-packages/airflow/example_dags/plugins/listener_plugin.py
[2024-03-11T15:49:40.254+0000] {processor.py:830} INFO - Processing file /usr/local/lib/python3.8/dist-packages/airflow/example_dags/plugins/listener_plugin.py for tasks to queue
[2024-03-11T15:49:40.255+0000] {logging_mixin.py:188} INFO - [2024-03-11T15:49:40.255+0000] {dagbag.py:540} INFO - Filling up the DagBag from /usr/local/lib/python3.8/dist-packages/airflow/example_dags/plugins/listener_plugin.py
[2024-03-11T15:49:40.260+0000] {processor.py:842} WARNING - No viable dags retrieved from /usr/local/lib/python3.8/dist-packages/airflow/example_dags/plugins/listener_plugin.py
[2024-03-11T15:49:40.270+0000] {processor.py:183} INFO - Processing /usr/local/lib/python3.8/dist-packages/airflow/example_dags/plugins/listener_plugin.py took 0.021 seconds
[2024-03-11T15:50:31.554+0000] {processor.py:161} INFO - Started process (PID=1113) to work on /usr/local/lib/python3.8/dist-packages/airflow/example_dags/plugins/listener_plugin.py
[2024-03-11T15:50:31.556+0000] {processor.py:830} INFO - Processing file /usr/local/lib/python3.8/dist-packages/airflow/example_dags/plugins/listener_plugin.py for tasks to queue
[2024-03-11T15:50:31.557+0000] {logging_mixin.py:188} INFO - [2024-03-11T15:50:31.556+0000] {dagbag.py:540} INFO - Filling up the DagBag from /usr/local/lib/python3.8/dist-packages/airflow/example_dags/plugins/listener_plugin.py
[2024-03-11T15:50:31.559+0000] {processor.py:842} WARNING - No viable dags retrieved from /usr/local/lib/python3.8/dist-packages/airflow/example_dags/plugins/listener_plugin.py
[2024-03-11T15:50:31.569+0000] {processor.py:183} INFO - Processing /usr/local/lib/python3.8/dist-packages/airflow/example_dags/plugins/listener_plugin.py took 0.017 seconds
[2024-03-11T15:51:19.541+0000] {processor.py:161} INFO - Started process (PID=1159) to work on /usr/local/lib/python3.8/dist-packages/airflow/example_dags/plugins/listener_plugin.py
[2024-03-11T15:51:19.542+0000] {processor.py:830} INFO - Processing file /usr/local/lib/python3.8/dist-packages/airflow/example_dags/plugins/listener_plugin.py for tasks to queue
[2024-03-11T15:51:19.543+0000] {logging_mixin.py:188} INFO - [2024-03-11T15:51:19.543+0000] {dagbag.py:540} INFO - Filling up the DagBag from /usr/local/lib/python3.8/dist-packages/airflow/example_dags/plugins/listener_plugin.py
[2024-03-11T15:51:19.546+0000] {processor.py:842} WARNING - No viable dags retrieved from /usr/local/lib/python3.8/dist-packages/airflow/example_dags/plugins/listener_plugin.py
[2024-03-11T15:51:19.558+0000] {processor.py:183} INFO - Processing /usr/local/lib/python3.8/dist-packages/airflow/example_dags/plugins/listener_plugin.py took 0.020 seconds
[2024-03-11T15:52:04.746+0000] {processor.py:161} INFO - Started process (PID=1222) to work on /usr/local/lib/python3.8/dist-packages/airflow/example_dags/plugins/listener_plugin.py
[2024-03-11T15:52:04.749+0000] {processor.py:830} INFO - Processing file /usr/local/lib/python3.8/dist-packages/airflow/example_dags/plugins/listener_plugin.py for tasks to queue
[2024-03-11T15:52:04.750+0000] {logging_mixin.py:188} INFO - [2024-03-11T15:52:04.749+0000] {dagbag.py:540} INFO - Filling up the DagBag from /usr/local/lib/python3.8/dist-packages/airflow/example_dags/plugins/listener_plugin.py
[2024-03-11T15:52:04.753+0000] {processor.py:842} WARNING - No viable dags retrieved from /usr/local/lib/python3.8/dist-packages/airflow/example_dags/plugins/listener_plugin.py
[2024-03-11T15:52:04.764+0000] {processor.py:183} INFO - Processing /usr/local/lib/python3.8/dist-packages/airflow/example_dags/plugins/listener_plugin.py took 0.021 seconds
[2024-03-11T15:52:45.677+0000] {processor.py:161} INFO - Started process (PID=1263) to work on /usr/local/lib/python3.8/dist-packages/airflow/example_dags/plugins/listener_plugin.py
[2024-03-11T15:52:45.679+0000] {processor.py:830} INFO - Processing file /usr/local/lib/python3.8/dist-packages/airflow/example_dags/plugins/listener_plugin.py for tasks to queue
[2024-03-11T15:52:45.680+0000] {logging_mixin.py:188} INFO - [2024-03-11T15:52:45.680+0000] {dagbag.py:540} INFO - Filling up the DagBag from /usr/local/lib/python3.8/dist-packages/airflow/example_dags/plugins/listener_plugin.py
[2024-03-11T15:52:45.684+0000] {processor.py:842} WARNING - No viable dags retrieved from /usr/local/lib/python3.8/dist-packages/airflow/example_dags/plugins/listener_plugin.py
[2024-03-11T15:52:45.694+0000] {processor.py:183} INFO - Processing /usr/local/lib/python3.8/dist-packages/airflow/example_dags/plugins/listener_plugin.py took 0.020 seconds
[2024-03-11T15:53:33.773+0000] {processor.py:161} INFO - Started process (PID=1310) to work on /usr/local/lib/python3.8/dist-packages/airflow/example_dags/plugins/listener_plugin.py
[2024-03-11T15:53:33.773+0000] {processor.py:830} INFO - Processing file /usr/local/lib/python3.8/dist-packages/airflow/example_dags/plugins/listener_plugin.py for tasks to queue
[2024-03-11T15:53:33.774+0000] {logging_mixin.py:188} INFO - [2024-03-11T15:53:33.774+0000] {dagbag.py:540} INFO - Filling up the DagBag from /usr/local/lib/python3.8/dist-packages/airflow/example_dags/plugins/listener_plugin.py
[2024-03-11T15:53:33.777+0000] {processor.py:842} WARNING - No viable dags retrieved from /usr/local/lib/python3.8/dist-packages/airflow/example_dags/plugins/listener_plugin.py
[2024-03-11T15:53:33.787+0000] {processor.py:183} INFO - Processing /usr/local/lib/python3.8/dist-packages/airflow/example_dags/plugins/listener_plugin.py took 0.017 seconds
[2024-03-11T15:54:22.356+0000] {processor.py:161} INFO - Started process (PID=1378) to work on /usr/local/lib/python3.8/dist-packages/airflow/example_dags/plugins/listener_plugin.py
[2024-03-11T15:54:22.357+0000] {processor.py:830} INFO - Processing file /usr/local/lib/python3.8/dist-packages/airflow/example_dags/plugins/listener_plugin.py for tasks to queue
[2024-03-11T15:54:22.358+0000] {logging_mixin.py:188} INFO - [2024-03-11T15:54:22.357+0000] {dagbag.py:540} INFO - Filling up the DagBag from /usr/local/lib/python3.8/dist-packages/airflow/example_dags/plugins/listener_plugin.py
[2024-03-11T15:54:22.361+0000] {processor.py:842} WARNING - No viable dags retrieved from /usr/local/lib/python3.8/dist-packages/airflow/example_dags/plugins/listener_plugin.py
[2024-03-11T15:54:22.374+0000] {processor.py:183} INFO - Processing /usr/local/lib/python3.8/dist-packages/airflow/example_dags/plugins/listener_plugin.py took 0.021 seconds
[2024-03-11T15:55:34.305+0000] {processor.py:161} INFO - Started process (PID=1448) to work on /usr/local/lib/python3.8/dist-packages/airflow/example_dags/plugins/listener_plugin.py
[2024-03-11T15:55:34.307+0000] {processor.py:830} INFO - Processing file /usr/local/lib/python3.8/dist-packages/airflow/example_dags/plugins/listener_plugin.py for tasks to queue
[2024-03-11T15:55:34.308+0000] {logging_mixin.py:188} INFO - [2024-03-11T15:55:34.308+0000] {dagbag.py:540} INFO - Filling up the DagBag from /usr/local/lib/python3.8/dist-packages/airflow/example_dags/plugins/listener_plugin.py
[2024-03-11T15:55:34.311+0000] {processor.py:842} WARNING - No viable dags retrieved from /usr/local/lib/python3.8/dist-packages/airflow/example_dags/plugins/listener_plugin.py
[2024-03-11T15:55:34.323+0000] {processor.py:183} INFO - Processing /usr/local/lib/python3.8/dist-packages/airflow/example_dags/plugins/listener_plugin.py took 0.021 seconds
[2024-03-11T15:56:33.247+0000] {processor.py:161} INFO - Started process (PID=1500) to work on /usr/local/lib/python3.8/dist-packages/airflow/example_dags/plugins/listener_plugin.py
[2024-03-11T15:56:33.249+0000] {processor.py:830} INFO - Processing file /usr/local/lib/python3.8/dist-packages/airflow/example_dags/plugins/listener_plugin.py for tasks to queue
[2024-03-11T15:56:33.250+0000] {logging_mixin.py:188} INFO - [2024-03-11T15:56:33.250+0000] {dagbag.py:540} INFO - Filling up the DagBag from /usr/local/lib/python3.8/dist-packages/airflow/example_dags/plugins/listener_plugin.py
[2024-03-11T15:56:33.253+0000] {processor.py:842} WARNING - No viable dags retrieved from /usr/local/lib/python3.8/dist-packages/airflow/example_dags/plugins/listener_plugin.py
[2024-03-11T15:56:33.264+0000] {processor.py:183} INFO - Processing /usr/local/lib/python3.8/dist-packages/airflow/example_dags/plugins/listener_plugin.py took 0.020 seconds
[2024-03-11T15:57:26.516+0000] {processor.py:161} INFO - Started process (PID=1552) to work on /usr/local/lib/python3.8/dist-packages/airflow/example_dags/plugins/listener_plugin.py
[2024-03-11T15:57:26.518+0000] {processor.py:830} INFO - Processing file /usr/local/lib/python3.8/dist-packages/airflow/example_dags/plugins/listener_plugin.py for tasks to queue
[2024-03-11T15:57:26.519+0000] {logging_mixin.py:188} INFO - [2024-03-11T15:57:26.518+0000] {dagbag.py:540} INFO - Filling up the DagBag from /usr/local/lib/python3.8/dist-packages/airflow/example_dags/plugins/listener_plugin.py
[2024-03-11T15:57:26.522+0000] {processor.py:842} WARNING - No viable dags retrieved from /usr/local/lib/python3.8/dist-packages/airflow/example_dags/plugins/listener_plugin.py
[2024-03-11T15:57:26.533+0000] {processor.py:183} INFO - Processing /usr/local/lib/python3.8/dist-packages/airflow/example_dags/plugins/listener_plugin.py took 0.020 seconds
[2024-03-11T15:58:16.678+0000] {processor.py:161} INFO - Started process (PID=1599) to work on /usr/local/lib/python3.8/dist-packages/airflow/example_dags/plugins/listener_plugin.py
[2024-03-11T15:58:16.680+0000] {processor.py:830} INFO - Processing file /usr/local/lib/python3.8/dist-packages/airflow/example_dags/plugins/listener_plugin.py for tasks to queue
[2024-03-11T15:58:16.681+0000] {logging_mixin.py:188} INFO - [2024-03-11T15:58:16.680+0000] {dagbag.py:540} INFO - Filling up the DagBag from /usr/local/lib/python3.8/dist-packages/airflow/example_dags/plugins/listener_plugin.py
[2024-03-11T15:58:16.683+0000] {processor.py:842} WARNING - No viable dags retrieved from /usr/local/lib/python3.8/dist-packages/airflow/example_dags/plugins/listener_plugin.py
[2024-03-11T15:58:16.693+0000] {processor.py:183} INFO - Processing /usr/local/lib/python3.8/dist-packages/airflow/example_dags/plugins/listener_plugin.py took 0.018 seconds
[2024-03-11T16:08:27.927+0000] {processor.py:161} INFO - Started process (PID=417) to work on /usr/local/lib/python3.8/dist-packages/airflow/example_dags/plugins/listener_plugin.py
[2024-03-11T16:08:27.929+0000] {processor.py:830} INFO - Processing file /usr/local/lib/python3.8/dist-packages/airflow/example_dags/plugins/listener_plugin.py for tasks to queue
[2024-03-11T16:08:27.930+0000] {logging_mixin.py:188} INFO - [2024-03-11T16:08:27.929+0000] {dagbag.py:540} INFO - Filling up the DagBag from /usr/local/lib/python3.8/dist-packages/airflow/example_dags/plugins/listener_plugin.py
[2024-03-11T16:08:27.932+0000] {processor.py:842} WARNING - No viable dags retrieved from /usr/local/lib/python3.8/dist-packages/airflow/example_dags/plugins/listener_plugin.py
[2024-03-11T16:08:27.940+0000] {processor.py:183} INFO - Processing /usr/local/lib/python3.8/dist-packages/airflow/example_dags/plugins/listener_plugin.py took 0.015 seconds
[2024-03-11T16:09:26.815+0000] {processor.py:161} INFO - Started process (PID=476) to work on /usr/local/lib/python3.8/dist-packages/airflow/example_dags/plugins/listener_plugin.py
[2024-03-11T16:09:26.817+0000] {processor.py:830} INFO - Processing file /usr/local/lib/python3.8/dist-packages/airflow/example_dags/plugins/listener_plugin.py for tasks to queue
[2024-03-11T16:09:26.818+0000] {logging_mixin.py:188} INFO - [2024-03-11T16:09:26.817+0000] {dagbag.py:540} INFO - Filling up the DagBag from /usr/local/lib/python3.8/dist-packages/airflow/example_dags/plugins/listener_plugin.py
[2024-03-11T16:09:26.821+0000] {processor.py:842} WARNING - No viable dags retrieved from /usr/local/lib/python3.8/dist-packages/airflow/example_dags/plugins/listener_plugin.py
[2024-03-11T16:09:26.832+0000] {processor.py:183} INFO - Processing /usr/local/lib/python3.8/dist-packages/airflow/example_dags/plugins/listener_plugin.py took 0.020 seconds
[2024-03-11T16:10:14.144+0000] {processor.py:161} INFO - Started process (PID=524) to work on /usr/local/lib/python3.8/dist-packages/airflow/example_dags/plugins/listener_plugin.py
[2024-03-11T16:10:14.146+0000] {processor.py:830} INFO - Processing file /usr/local/lib/python3.8/dist-packages/airflow/example_dags/plugins/listener_plugin.py for tasks to queue
[2024-03-11T16:10:14.147+0000] {logging_mixin.py:188} INFO - [2024-03-11T16:10:14.146+0000] {dagbag.py:540} INFO - Filling up the DagBag from /usr/local/lib/python3.8/dist-packages/airflow/example_dags/plugins/listener_plugin.py
[2024-03-11T16:10:14.150+0000] {processor.py:842} WARNING - No viable dags retrieved from /usr/local/lib/python3.8/dist-packages/airflow/example_dags/plugins/listener_plugin.py
[2024-03-11T16:10:14.161+0000] {processor.py:183} INFO - Processing /usr/local/lib/python3.8/dist-packages/airflow/example_dags/plugins/listener_plugin.py took 0.020 seconds
[2024-03-11T16:11:00.021+0000] {processor.py:161} INFO - Started process (PID=569) to work on /usr/local/lib/python3.8/dist-packages/airflow/example_dags/plugins/listener_plugin.py
[2024-03-11T16:11:00.023+0000] {processor.py:830} INFO - Processing file /usr/local/lib/python3.8/dist-packages/airflow/example_dags/plugins/listener_plugin.py for tasks to queue
[2024-03-11T16:11:00.024+0000] {logging_mixin.py:188} INFO - [2024-03-11T16:11:00.023+0000] {dagbag.py:540} INFO - Filling up the DagBag from /usr/local/lib/python3.8/dist-packages/airflow/example_dags/plugins/listener_plugin.py
[2024-03-11T16:11:00.027+0000] {processor.py:842} WARNING - No viable dags retrieved from /usr/local/lib/python3.8/dist-packages/airflow/example_dags/plugins/listener_plugin.py
[2024-03-11T16:11:00.038+0000] {processor.py:183} INFO - Processing /usr/local/lib/python3.8/dist-packages/airflow/example_dags/plugins/listener_plugin.py took 0.021 seconds
[2024-03-11T16:12:02.177+0000] {processor.py:161} INFO - Started process (PID=636) to work on /usr/local/lib/python3.8/dist-packages/airflow/example_dags/plugins/listener_plugin.py
[2024-03-11T16:12:02.179+0000] {processor.py:830} INFO - Processing file /usr/local/lib/python3.8/dist-packages/airflow/example_dags/plugins/listener_plugin.py for tasks to queue
[2024-03-11T16:12:02.180+0000] {logging_mixin.py:188} INFO - [2024-03-11T16:12:02.180+0000] {dagbag.py:540} INFO - Filling up the DagBag from /usr/local/lib/python3.8/dist-packages/airflow/example_dags/plugins/listener_plugin.py
[2024-03-11T16:12:02.183+0000] {processor.py:842} WARNING - No viable dags retrieved from /usr/local/lib/python3.8/dist-packages/airflow/example_dags/plugins/listener_plugin.py
[2024-03-11T16:12:02.195+0000] {processor.py:183} INFO - Processing /usr/local/lib/python3.8/dist-packages/airflow/example_dags/plugins/listener_plugin.py took 0.021 seconds
[2024-03-11T16:13:00.030+0000] {processor.py:161} INFO - Started process (PID=699) to work on /usr/local/lib/python3.8/dist-packages/airflow/example_dags/plugins/listener_plugin.py
[2024-03-11T16:13:00.032+0000] {processor.py:830} INFO - Processing file /usr/local/lib/python3.8/dist-packages/airflow/example_dags/plugins/listener_plugin.py for tasks to queue
[2024-03-11T16:13:00.033+0000] {logging_mixin.py:188} INFO - [2024-03-11T16:13:00.032+0000] {dagbag.py:540} INFO - Filling up the DagBag from /usr/local/lib/python3.8/dist-packages/airflow/example_dags/plugins/listener_plugin.py
[2024-03-11T16:13:00.036+0000] {processor.py:842} WARNING - No viable dags retrieved from /usr/local/lib/python3.8/dist-packages/airflow/example_dags/plugins/listener_plugin.py
[2024-03-11T16:13:00.046+0000] {processor.py:183} INFO - Processing /usr/local/lib/python3.8/dist-packages/airflow/example_dags/plugins/listener_plugin.py took 0.019 seconds
[2024-03-11T16:14:04.656+0000] {processor.py:161} INFO - Started process (PID=773) to work on /usr/local/lib/python3.8/dist-packages/airflow/example_dags/plugins/listener_plugin.py
[2024-03-11T16:14:04.658+0000] {processor.py:830} INFO - Processing file /usr/local/lib/python3.8/dist-packages/airflow/example_dags/plugins/listener_plugin.py for tasks to queue
[2024-03-11T16:14:04.659+0000] {logging_mixin.py:188} INFO - [2024-03-11T16:14:04.659+0000] {dagbag.py:540} INFO - Filling up the DagBag from /usr/local/lib/python3.8/dist-packages/airflow/example_dags/plugins/listener_plugin.py
[2024-03-11T16:14:04.664+0000] {processor.py:842} WARNING - No viable dags retrieved from /usr/local/lib/python3.8/dist-packages/airflow/example_dags/plugins/listener_plugin.py
[2024-03-11T16:14:04.674+0000] {processor.py:183} INFO - Processing /usr/local/lib/python3.8/dist-packages/airflow/example_dags/plugins/listener_plugin.py took 0.021 seconds
[2024-03-11T16:14:51.387+0000] {processor.py:161} INFO - Started process (PID=819) to work on /usr/local/lib/python3.8/dist-packages/airflow/example_dags/plugins/listener_plugin.py
[2024-03-11T16:14:51.389+0000] {processor.py:830} INFO - Processing file /usr/local/lib/python3.8/dist-packages/airflow/example_dags/plugins/listener_plugin.py for tasks to queue
[2024-03-11T16:14:51.390+0000] {logging_mixin.py:188} INFO - [2024-03-11T16:14:51.390+0000] {dagbag.py:540} INFO - Filling up the DagBag from /usr/local/lib/python3.8/dist-packages/airflow/example_dags/plugins/listener_plugin.py
[2024-03-11T16:14:51.394+0000] {processor.py:842} WARNING - No viable dags retrieved from /usr/local/lib/python3.8/dist-packages/airflow/example_dags/plugins/listener_plugin.py
[2024-03-11T16:14:51.405+0000] {processor.py:183} INFO - Processing /usr/local/lib/python3.8/dist-packages/airflow/example_dags/plugins/listener_plugin.py took 0.021 seconds
[2024-03-11T16:15:39.464+0000] {processor.py:161} INFO - Started process (PID=867) to work on /usr/local/lib/python3.8/dist-packages/airflow/example_dags/plugins/listener_plugin.py
[2024-03-11T16:15:39.465+0000] {processor.py:830} INFO - Processing file /usr/local/lib/python3.8/dist-packages/airflow/example_dags/plugins/listener_plugin.py for tasks to queue
[2024-03-11T16:15:39.467+0000] {logging_mixin.py:188} INFO - [2024-03-11T16:15:39.466+0000] {dagbag.py:540} INFO - Filling up the DagBag from /usr/local/lib/python3.8/dist-packages/airflow/example_dags/plugins/listener_plugin.py
[2024-03-11T16:15:39.471+0000] {processor.py:842} WARNING - No viable dags retrieved from /usr/local/lib/python3.8/dist-packages/airflow/example_dags/plugins/listener_plugin.py
[2024-03-11T16:15:39.481+0000] {processor.py:183} INFO - Processing /usr/local/lib/python3.8/dist-packages/airflow/example_dags/plugins/listener_plugin.py took 0.021 seconds
[2024-03-11T16:16:25.456+0000] {processor.py:161} INFO - Started process (PID=914) to work on /usr/local/lib/python3.8/dist-packages/airflow/example_dags/plugins/listener_plugin.py
[2024-03-11T16:16:25.458+0000] {processor.py:830} INFO - Processing file /usr/local/lib/python3.8/dist-packages/airflow/example_dags/plugins/listener_plugin.py for tasks to queue
[2024-03-11T16:16:25.459+0000] {logging_mixin.py:188} INFO - [2024-03-11T16:16:25.459+0000] {dagbag.py:540} INFO - Filling up the DagBag from /usr/local/lib/python3.8/dist-packages/airflow/example_dags/plugins/listener_plugin.py
[2024-03-11T16:16:25.462+0000] {processor.py:842} WARNING - No viable dags retrieved from /usr/local/lib/python3.8/dist-packages/airflow/example_dags/plugins/listener_plugin.py
[2024-03-11T16:16:25.474+0000] {processor.py:183} INFO - Processing /usr/local/lib/python3.8/dist-packages/airflow/example_dags/plugins/listener_plugin.py took 0.021 seconds
[2024-03-11T16:17:13.499+0000] {processor.py:161} INFO - Started process (PID=962) to work on /usr/local/lib/python3.8/dist-packages/airflow/example_dags/plugins/listener_plugin.py
[2024-03-11T16:17:13.501+0000] {processor.py:830} INFO - Processing file /usr/local/lib/python3.8/dist-packages/airflow/example_dags/plugins/listener_plugin.py for tasks to queue
[2024-03-11T16:17:13.502+0000] {logging_mixin.py:188} INFO - [2024-03-11T16:17:13.501+0000] {dagbag.py:540} INFO - Filling up the DagBag from /usr/local/lib/python3.8/dist-packages/airflow/example_dags/plugins/listener_plugin.py
[2024-03-11T16:17:13.505+0000] {processor.py:842} WARNING - No viable dags retrieved from /usr/local/lib/python3.8/dist-packages/airflow/example_dags/plugins/listener_plugin.py
[2024-03-11T16:17:13.517+0000] {processor.py:183} INFO - Processing /usr/local/lib/python3.8/dist-packages/airflow/example_dags/plugins/listener_plugin.py took 0.021 seconds
[2024-03-11T16:18:00.623+0000] {processor.py:161} INFO - Started process (PID=1007) to work on /usr/local/lib/python3.8/dist-packages/airflow/example_dags/plugins/listener_plugin.py
[2024-03-11T16:18:00.625+0000] {processor.py:830} INFO - Processing file /usr/local/lib/python3.8/dist-packages/airflow/example_dags/plugins/listener_plugin.py for tasks to queue
[2024-03-11T16:18:00.626+0000] {logging_mixin.py:188} INFO - [2024-03-11T16:18:00.626+0000] {dagbag.py:540} INFO - Filling up the DagBag from /usr/local/lib/python3.8/dist-packages/airflow/example_dags/plugins/listener_plugin.py
[2024-03-11T16:18:00.630+0000] {processor.py:842} WARNING - No viable dags retrieved from /usr/local/lib/python3.8/dist-packages/airflow/example_dags/plugins/listener_plugin.py
[2024-03-11T16:18:00.640+0000] {processor.py:183} INFO - Processing /usr/local/lib/python3.8/dist-packages/airflow/example_dags/plugins/listener_plugin.py took 0.021 seconds
[2024-03-11T16:18:50.844+0000] {processor.py:161} INFO - Started process (PID=1056) to work on /usr/local/lib/python3.8/dist-packages/airflow/example_dags/plugins/listener_plugin.py
[2024-03-11T16:18:50.846+0000] {processor.py:830} INFO - Processing file /usr/local/lib/python3.8/dist-packages/airflow/example_dags/plugins/listener_plugin.py for tasks to queue
[2024-03-11T16:18:50.847+0000] {logging_mixin.py:188} INFO - [2024-03-11T16:18:50.847+0000] {dagbag.py:540} INFO - Filling up the DagBag from /usr/local/lib/python3.8/dist-packages/airflow/example_dags/plugins/listener_plugin.py
[2024-03-11T16:18:50.850+0000] {processor.py:842} WARNING - No viable dags retrieved from /usr/local/lib/python3.8/dist-packages/airflow/example_dags/plugins/listener_plugin.py
[2024-03-11T16:18:50.860+0000] {processor.py:183} INFO - Processing /usr/local/lib/python3.8/dist-packages/airflow/example_dags/plugins/listener_plugin.py took 0.020 seconds
[2024-03-11T16:19:57.897+0000] {processor.py:161} INFO - Started process (PID=1127) to work on /usr/local/lib/python3.8/dist-packages/airflow/example_dags/plugins/listener_plugin.py
[2024-03-11T16:19:57.898+0000] {processor.py:830} INFO - Processing file /usr/local/lib/python3.8/dist-packages/airflow/example_dags/plugins/listener_plugin.py for tasks to queue
[2024-03-11T16:19:57.899+0000] {logging_mixin.py:188} INFO - [2024-03-11T16:19:57.899+0000] {dagbag.py:540} INFO - Filling up the DagBag from /usr/local/lib/python3.8/dist-packages/airflow/example_dags/plugins/listener_plugin.py
[2024-03-11T16:19:57.902+0000] {processor.py:842} WARNING - No viable dags retrieved from /usr/local/lib/python3.8/dist-packages/airflow/example_dags/plugins/listener_plugin.py
[2024-03-11T16:19:57.911+0000] {processor.py:183} INFO - Processing /usr/local/lib/python3.8/dist-packages/airflow/example_dags/plugins/listener_plugin.py took 0.017 seconds
[2024-03-11T16:20:47.102+0000] {processor.py:161} INFO - Started process (PID=1208) to work on /usr/local/lib/python3.8/dist-packages/airflow/example_dags/plugins/listener_plugin.py
[2024-03-11T16:20:47.104+0000] {processor.py:830} INFO - Processing file /usr/local/lib/python3.8/dist-packages/airflow/example_dags/plugins/listener_plugin.py for tasks to queue
[2024-03-11T16:20:47.105+0000] {logging_mixin.py:188} INFO - [2024-03-11T16:20:47.104+0000] {dagbag.py:540} INFO - Filling up the DagBag from /usr/local/lib/python3.8/dist-packages/airflow/example_dags/plugins/listener_plugin.py
[2024-03-11T16:20:47.108+0000] {processor.py:842} WARNING - No viable dags retrieved from /usr/local/lib/python3.8/dist-packages/airflow/example_dags/plugins/listener_plugin.py
[2024-03-11T16:20:47.118+0000] {processor.py:183} INFO - Processing /usr/local/lib/python3.8/dist-packages/airflow/example_dags/plugins/listener_plugin.py took 0.020 seconds
[2024-03-11T16:21:33.247+0000] {processor.py:161} INFO - Started process (PID=1280) to work on /usr/local/lib/python3.8/dist-packages/airflow/example_dags/plugins/listener_plugin.py
[2024-03-11T16:21:33.249+0000] {processor.py:830} INFO - Processing file /usr/local/lib/python3.8/dist-packages/airflow/example_dags/plugins/listener_plugin.py for tasks to queue
[2024-03-11T16:21:33.250+0000] {logging_mixin.py:188} INFO - [2024-03-11T16:21:33.250+0000] {dagbag.py:540} INFO - Filling up the DagBag from /usr/local/lib/python3.8/dist-packages/airflow/example_dags/plugins/listener_plugin.py
[2024-03-11T16:21:33.253+0000] {processor.py:842} WARNING - No viable dags retrieved from /usr/local/lib/python3.8/dist-packages/airflow/example_dags/plugins/listener_plugin.py
[2024-03-11T16:21:33.264+0000] {processor.py:183} INFO - Processing /usr/local/lib/python3.8/dist-packages/airflow/example_dags/plugins/listener_plugin.py took 0.019 seconds
[2024-03-11T16:22:28.787+0000] {processor.py:161} INFO - Started process (PID=1343) to work on /usr/local/lib/python3.8/dist-packages/airflow/example_dags/plugins/listener_plugin.py
[2024-03-11T16:22:28.789+0000] {processor.py:830} INFO - Processing file /usr/local/lib/python3.8/dist-packages/airflow/example_dags/plugins/listener_plugin.py for tasks to queue
[2024-03-11T16:22:28.790+0000] {logging_mixin.py:188} INFO - [2024-03-11T16:22:28.790+0000] {dagbag.py:540} INFO - Filling up the DagBag from /usr/local/lib/python3.8/dist-packages/airflow/example_dags/plugins/listener_plugin.py
[2024-03-11T16:22:28.792+0000] {processor.py:842} WARNING - No viable dags retrieved from /usr/local/lib/python3.8/dist-packages/airflow/example_dags/plugins/listener_plugin.py
[2024-03-11T16:22:28.800+0000] {processor.py:183} INFO - Processing /usr/local/lib/python3.8/dist-packages/airflow/example_dags/plugins/listener_plugin.py took 0.015 seconds
[2024-03-11T16:23:07.777+0000] {processor.py:161} INFO - Started process (PID=1393) to work on /usr/local/lib/python3.8/dist-packages/airflow/example_dags/plugins/listener_plugin.py
[2024-03-11T16:23:07.779+0000] {processor.py:830} INFO - Processing file /usr/local/lib/python3.8/dist-packages/airflow/example_dags/plugins/listener_plugin.py for tasks to queue
[2024-03-11T16:23:07.780+0000] {logging_mixin.py:188} INFO - [2024-03-11T16:23:07.779+0000] {dagbag.py:540} INFO - Filling up the DagBag from /usr/local/lib/python3.8/dist-packages/airflow/example_dags/plugins/listener_plugin.py
[2024-03-11T16:23:07.783+0000] {processor.py:842} WARNING - No viable dags retrieved from /usr/local/lib/python3.8/dist-packages/airflow/example_dags/plugins/listener_plugin.py
[2024-03-11T16:23:07.793+0000] {processor.py:183} INFO - Processing /usr/local/lib/python3.8/dist-packages/airflow/example_dags/plugins/listener_plugin.py took 0.020 seconds
[2024-03-11T16:23:48.260+0000] {processor.py:161} INFO - Started process (PID=1443) to work on /usr/local/lib/python3.8/dist-packages/airflow/example_dags/plugins/listener_plugin.py
[2024-03-11T16:23:48.262+0000] {processor.py:830} INFO - Processing file /usr/local/lib/python3.8/dist-packages/airflow/example_dags/plugins/listener_plugin.py for tasks to queue
[2024-03-11T16:23:48.263+0000] {logging_mixin.py:188} INFO - [2024-03-11T16:23:48.262+0000] {dagbag.py:540} INFO - Filling up the DagBag from /usr/local/lib/python3.8/dist-packages/airflow/example_dags/plugins/listener_plugin.py
[2024-03-11T16:23:48.266+0000] {processor.py:842} WARNING - No viable dags retrieved from /usr/local/lib/python3.8/dist-packages/airflow/example_dags/plugins/listener_plugin.py
[2024-03-11T16:23:48.278+0000] {processor.py:183} INFO - Processing /usr/local/lib/python3.8/dist-packages/airflow/example_dags/plugins/listener_plugin.py took 0.022 seconds
[2024-03-11T16:24:41.333+0000] {processor.py:161} INFO - Started process (PID=1494) to work on /usr/local/lib/python3.8/dist-packages/airflow/example_dags/plugins/listener_plugin.py
[2024-03-11T16:24:41.335+0000] {processor.py:830} INFO - Processing file /usr/local/lib/python3.8/dist-packages/airflow/example_dags/plugins/listener_plugin.py for tasks to queue
[2024-03-11T16:24:41.336+0000] {logging_mixin.py:188} INFO - [2024-03-11T16:24:41.335+0000] {dagbag.py:540} INFO - Filling up the DagBag from /usr/local/lib/python3.8/dist-packages/airflow/example_dags/plugins/listener_plugin.py
[2024-03-11T16:24:41.339+0000] {processor.py:842} WARNING - No viable dags retrieved from /usr/local/lib/python3.8/dist-packages/airflow/example_dags/plugins/listener_plugin.py
[2024-03-11T16:24:41.351+0000] {processor.py:183} INFO - Processing /usr/local/lib/python3.8/dist-packages/airflow/example_dags/plugins/listener_plugin.py took 0.021 seconds
[2024-03-11T16:25:46.300+0000] {processor.py:161} INFO - Started process (PID=1561) to work on /usr/local/lib/python3.8/dist-packages/airflow/example_dags/plugins/listener_plugin.py
[2024-03-11T16:25:46.302+0000] {processor.py:830} INFO - Processing file /usr/local/lib/python3.8/dist-packages/airflow/example_dags/plugins/listener_plugin.py for tasks to queue
[2024-03-11T16:25:46.303+0000] {logging_mixin.py:188} INFO - [2024-03-11T16:25:46.303+0000] {dagbag.py:540} INFO - Filling up the DagBag from /usr/local/lib/python3.8/dist-packages/airflow/example_dags/plugins/listener_plugin.py
[2024-03-11T16:25:46.306+0000] {processor.py:842} WARNING - No viable dags retrieved from /usr/local/lib/python3.8/dist-packages/airflow/example_dags/plugins/listener_plugin.py
[2024-03-11T16:25:46.318+0000] {processor.py:183} INFO - Processing /usr/local/lib/python3.8/dist-packages/airflow/example_dags/plugins/listener_plugin.py took 0.021 seconds
[2024-03-11T16:27:39.444+0000] {processor.py:161} INFO - Started process (PID=1610) to work on /usr/local/lib/python3.8/dist-packages/airflow/example_dags/plugins/listener_plugin.py
[2024-03-11T16:27:39.446+0000] {processor.py:830} INFO - Processing file /usr/local/lib/python3.8/dist-packages/airflow/example_dags/plugins/listener_plugin.py for tasks to queue
[2024-03-11T16:27:39.447+0000] {logging_mixin.py:188} INFO - [2024-03-11T16:27:39.446+0000] {dagbag.py:540} INFO - Filling up the DagBag from /usr/local/lib/python3.8/dist-packages/airflow/example_dags/plugins/listener_plugin.py
[2024-03-11T16:27:39.451+0000] {processor.py:842} WARNING - No viable dags retrieved from /usr/local/lib/python3.8/dist-packages/airflow/example_dags/plugins/listener_plugin.py
[2024-03-11T16:27:39.462+0000] {processor.py:183} INFO - Processing /usr/local/lib/python3.8/dist-packages/airflow/example_dags/plugins/listener_plugin.py took 0.022 seconds
[2024-03-11T16:28:15.394+0000] {processor.py:161} INFO - Started process (PID=1652) to work on /usr/local/lib/python3.8/dist-packages/airflow/example_dags/plugins/listener_plugin.py
[2024-03-11T16:28:15.396+0000] {processor.py:830} INFO - Processing file /usr/local/lib/python3.8/dist-packages/airflow/example_dags/plugins/listener_plugin.py for tasks to queue
[2024-03-11T16:28:15.400+0000] {logging_mixin.py:188} INFO - [2024-03-11T16:28:15.399+0000] {dagbag.py:540} INFO - Filling up the DagBag from /usr/local/lib/python3.8/dist-packages/airflow/example_dags/plugins/listener_plugin.py
[2024-03-11T16:28:15.403+0000] {processor.py:842} WARNING - No viable dags retrieved from /usr/local/lib/python3.8/dist-packages/airflow/example_dags/plugins/listener_plugin.py
[2024-03-11T16:28:15.415+0000] {processor.py:183} INFO - Processing /usr/local/lib/python3.8/dist-packages/airflow/example_dags/plugins/listener_plugin.py took 0.024 seconds
[2024-03-11T16:28:52.495+0000] {processor.py:161} INFO - Started process (PID=1691) to work on /usr/local/lib/python3.8/dist-packages/airflow/example_dags/plugins/listener_plugin.py
[2024-03-11T16:28:52.498+0000] {processor.py:830} INFO - Processing file /usr/local/lib/python3.8/dist-packages/airflow/example_dags/plugins/listener_plugin.py for tasks to queue
[2024-03-11T16:28:52.499+0000] {logging_mixin.py:188} INFO - [2024-03-11T16:28:52.499+0000] {dagbag.py:540} INFO - Filling up the DagBag from /usr/local/lib/python3.8/dist-packages/airflow/example_dags/plugins/listener_plugin.py
[2024-03-11T16:28:52.503+0000] {processor.py:842} WARNING - No viable dags retrieved from /usr/local/lib/python3.8/dist-packages/airflow/example_dags/plugins/listener_plugin.py
[2024-03-11T16:28:52.514+0000] {processor.py:183} INFO - Processing /usr/local/lib/python3.8/dist-packages/airflow/example_dags/plugins/listener_plugin.py took 0.022 seconds
[2024-03-11T16:29:37.001+0000] {processor.py:161} INFO - Started process (PID=1737) to work on /usr/local/lib/python3.8/dist-packages/airflow/example_dags/plugins/listener_plugin.py
[2024-03-11T16:29:37.003+0000] {processor.py:830} INFO - Processing file /usr/local/lib/python3.8/dist-packages/airflow/example_dags/plugins/listener_plugin.py for tasks to queue
[2024-03-11T16:29:37.004+0000] {logging_mixin.py:188} INFO - [2024-03-11T16:29:37.004+0000] {dagbag.py:540} INFO - Filling up the DagBag from /usr/local/lib/python3.8/dist-packages/airflow/example_dags/plugins/listener_plugin.py
[2024-03-11T16:29:37.008+0000] {processor.py:842} WARNING - No viable dags retrieved from /usr/local/lib/python3.8/dist-packages/airflow/example_dags/plugins/listener_plugin.py
[2024-03-11T16:29:37.032+0000] {processor.py:183} INFO - Processing /usr/local/lib/python3.8/dist-packages/airflow/example_dags/plugins/listener_plugin.py took 0.037 seconds
[2024-03-11T16:30:13.775+0000] {processor.py:161} INFO - Started process (PID=1779) to work on /usr/local/lib/python3.8/dist-packages/airflow/example_dags/plugins/listener_plugin.py
[2024-03-11T16:30:13.777+0000] {processor.py:830} INFO - Processing file /usr/local/lib/python3.8/dist-packages/airflow/example_dags/plugins/listener_plugin.py for tasks to queue
[2024-03-11T16:30:13.779+0000] {logging_mixin.py:188} INFO - [2024-03-11T16:30:13.778+0000] {dagbag.py:540} INFO - Filling up the DagBag from /usr/local/lib/python3.8/dist-packages/airflow/example_dags/plugins/listener_plugin.py
[2024-03-11T16:30:13.782+0000] {processor.py:842} WARNING - No viable dags retrieved from /usr/local/lib/python3.8/dist-packages/airflow/example_dags/plugins/listener_plugin.py
[2024-03-11T16:30:13.793+0000] {processor.py:183} INFO - Processing /usr/local/lib/python3.8/dist-packages/airflow/example_dags/plugins/listener_plugin.py took 0.021 seconds
[2024-03-11T16:31:04.523+0000] {processor.py:161} INFO - Started process (PID=1834) to work on /usr/local/lib/python3.8/dist-packages/airflow/example_dags/plugins/listener_plugin.py
[2024-03-11T16:31:04.525+0000] {processor.py:830} INFO - Processing file /usr/local/lib/python3.8/dist-packages/airflow/example_dags/plugins/listener_plugin.py for tasks to queue
[2024-03-11T16:31:04.527+0000] {logging_mixin.py:188} INFO - [2024-03-11T16:31:04.526+0000] {dagbag.py:540} INFO - Filling up the DagBag from /usr/local/lib/python3.8/dist-packages/airflow/example_dags/plugins/listener_plugin.py
[2024-03-11T16:31:04.530+0000] {processor.py:842} WARNING - No viable dags retrieved from /usr/local/lib/python3.8/dist-packages/airflow/example_dags/plugins/listener_plugin.py
[2024-03-11T16:31:04.541+0000] {processor.py:183} INFO - Processing /usr/local/lib/python3.8/dist-packages/airflow/example_dags/plugins/listener_plugin.py took 0.022 seconds
[2024-03-11T16:33:03.368+0000] {processor.py:161} INFO - Started process (PID=1883) to work on /usr/local/lib/python3.8/dist-packages/airflow/example_dags/plugins/listener_plugin.py
[2024-03-11T16:33:03.370+0000] {processor.py:830} INFO - Processing file /usr/local/lib/python3.8/dist-packages/airflow/example_dags/plugins/listener_plugin.py for tasks to queue
[2024-03-11T16:33:03.373+0000] {logging_mixin.py:188} INFO - [2024-03-11T16:33:03.372+0000] {dagbag.py:540} INFO - Filling up the DagBag from /usr/local/lib/python3.8/dist-packages/airflow/example_dags/plugins/listener_plugin.py
[2024-03-11T16:33:03.378+0000] {processor.py:842} WARNING - No viable dags retrieved from /usr/local/lib/python3.8/dist-packages/airflow/example_dags/plugins/listener_plugin.py
[2024-03-11T16:33:03.399+0000] {processor.py:183} INFO - Processing /usr/local/lib/python3.8/dist-packages/airflow/example_dags/plugins/listener_plugin.py took 0.035 seconds
[2024-03-11T16:33:49.593+0000] {processor.py:161} INFO - Started process (PID=1933) to work on /usr/local/lib/python3.8/dist-packages/airflow/example_dags/plugins/listener_plugin.py
[2024-03-11T16:33:49.595+0000] {processor.py:830} INFO - Processing file /usr/local/lib/python3.8/dist-packages/airflow/example_dags/plugins/listener_plugin.py for tasks to queue
[2024-03-11T16:33:49.596+0000] {logging_mixin.py:188} INFO - [2024-03-11T16:33:49.596+0000] {dagbag.py:540} INFO - Filling up the DagBag from /usr/local/lib/python3.8/dist-packages/airflow/example_dags/plugins/listener_plugin.py
[2024-03-11T16:33:49.600+0000] {processor.py:842} WARNING - No viable dags retrieved from /usr/local/lib/python3.8/dist-packages/airflow/example_dags/plugins/listener_plugin.py
[2024-03-11T16:33:49.611+0000] {processor.py:183} INFO - Processing /usr/local/lib/python3.8/dist-packages/airflow/example_dags/plugins/listener_plugin.py took 0.024 seconds
[2024-03-11T16:35:54.399+0000] {processor.py:161} INFO - Started process (PID=1977) to work on /usr/local/lib/python3.8/dist-packages/airflow/example_dags/plugins/listener_plugin.py
[2024-03-11T16:35:54.401+0000] {processor.py:830} INFO - Processing file /usr/local/lib/python3.8/dist-packages/airflow/example_dags/plugins/listener_plugin.py for tasks to queue
[2024-03-11T16:35:54.402+0000] {logging_mixin.py:188} INFO - [2024-03-11T16:35:54.402+0000] {dagbag.py:540} INFO - Filling up the DagBag from /usr/local/lib/python3.8/dist-packages/airflow/example_dags/plugins/listener_plugin.py
[2024-03-11T16:35:54.406+0000] {processor.py:842} WARNING - No viable dags retrieved from /usr/local/lib/python3.8/dist-packages/airflow/example_dags/plugins/listener_plugin.py
[2024-03-11T16:35:54.418+0000] {processor.py:183} INFO - Processing /usr/local/lib/python3.8/dist-packages/airflow/example_dags/plugins/listener_plugin.py took 0.023 seconds
[2024-03-11T16:36:37.574+0000] {processor.py:161} INFO - Started process (PID=2026) to work on /usr/local/lib/python3.8/dist-packages/airflow/example_dags/plugins/listener_plugin.py
[2024-03-11T16:36:37.577+0000] {processor.py:830} INFO - Processing file /usr/local/lib/python3.8/dist-packages/airflow/example_dags/plugins/listener_plugin.py for tasks to queue
[2024-03-11T16:36:37.578+0000] {logging_mixin.py:188} INFO - [2024-03-11T16:36:37.577+0000] {dagbag.py:540} INFO - Filling up the DagBag from /usr/local/lib/python3.8/dist-packages/airflow/example_dags/plugins/listener_plugin.py
[2024-03-11T16:36:37.581+0000] {processor.py:842} WARNING - No viable dags retrieved from /usr/local/lib/python3.8/dist-packages/airflow/example_dags/plugins/listener_plugin.py
[2024-03-11T16:36:37.593+0000] {processor.py:183} INFO - Processing /usr/local/lib/python3.8/dist-packages/airflow/example_dags/plugins/listener_plugin.py took 0.022 seconds
[2024-03-11T16:40:49.958+0000] {processor.py:161} INFO - Started process (PID=421) to work on /usr/local/lib/python3.8/dist-packages/airflow/example_dags/plugins/listener_plugin.py
[2024-03-11T16:40:49.960+0000] {processor.py:830} INFO - Processing file /usr/local/lib/python3.8/dist-packages/airflow/example_dags/plugins/listener_plugin.py for tasks to queue
[2024-03-11T16:40:49.961+0000] {logging_mixin.py:188} INFO - [2024-03-11T16:40:49.961+0000] {dagbag.py:540} INFO - Filling up the DagBag from /usr/local/lib/python3.8/dist-packages/airflow/example_dags/plugins/listener_plugin.py
[2024-03-11T16:40:49.964+0000] {processor.py:842} WARNING - No viable dags retrieved from /usr/local/lib/python3.8/dist-packages/airflow/example_dags/plugins/listener_plugin.py
[2024-03-11T16:40:49.973+0000] {processor.py:183} INFO - Processing /usr/local/lib/python3.8/dist-packages/airflow/example_dags/plugins/listener_plugin.py took 0.018 seconds
[2024-03-11T16:41:47.790+0000] {processor.py:161} INFO - Started process (PID=514) to work on /usr/local/lib/python3.8/dist-packages/airflow/example_dags/plugins/listener_plugin.py
[2024-03-11T16:41:47.792+0000] {processor.py:830} INFO - Processing file /usr/local/lib/python3.8/dist-packages/airflow/example_dags/plugins/listener_plugin.py for tasks to queue
[2024-03-11T16:41:47.792+0000] {logging_mixin.py:188} INFO - [2024-03-11T16:41:47.792+0000] {dagbag.py:540} INFO - Filling up the DagBag from /usr/local/lib/python3.8/dist-packages/airflow/example_dags/plugins/listener_plugin.py
[2024-03-11T16:41:47.795+0000] {processor.py:842} WARNING - No viable dags retrieved from /usr/local/lib/python3.8/dist-packages/airflow/example_dags/plugins/listener_plugin.py
[2024-03-11T16:41:47.805+0000] {processor.py:183} INFO - Processing /usr/local/lib/python3.8/dist-packages/airflow/example_dags/plugins/listener_plugin.py took 0.018 seconds
[2024-03-11T16:44:08.177+0000] {processor.py:161} INFO - Started process (PID=646) to work on /usr/local/lib/python3.8/dist-packages/airflow/example_dags/plugins/listener_plugin.py
[2024-03-11T16:44:08.179+0000] {processor.py:830} INFO - Processing file /usr/local/lib/python3.8/dist-packages/airflow/example_dags/plugins/listener_plugin.py for tasks to queue
[2024-03-11T16:44:08.180+0000] {logging_mixin.py:188} INFO - [2024-03-11T16:44:08.180+0000] {dagbag.py:540} INFO - Filling up the DagBag from /usr/local/lib/python3.8/dist-packages/airflow/example_dags/plugins/listener_plugin.py
[2024-03-11T16:44:08.183+0000] {processor.py:842} WARNING - No viable dags retrieved from /usr/local/lib/python3.8/dist-packages/airflow/example_dags/plugins/listener_plugin.py
[2024-03-11T16:44:08.193+0000] {processor.py:183} INFO - Processing /usr/local/lib/python3.8/dist-packages/airflow/example_dags/plugins/listener_plugin.py took 0.018 seconds
[2024-03-11T16:46:25.847+0000] {processor.py:161} INFO - Started process (PID=749) to work on /usr/local/lib/python3.8/dist-packages/airflow/example_dags/plugins/listener_plugin.py
[2024-03-11T16:46:25.849+0000] {processor.py:830} INFO - Processing file /usr/local/lib/python3.8/dist-packages/airflow/example_dags/plugins/listener_plugin.py for tasks to queue
[2024-03-11T16:46:25.850+0000] {logging_mixin.py:188} INFO - [2024-03-11T16:46:25.849+0000] {dagbag.py:540} INFO - Filling up the DagBag from /usr/local/lib/python3.8/dist-packages/airflow/example_dags/plugins/listener_plugin.py
[2024-03-11T16:46:25.852+0000] {processor.py:842} WARNING - No viable dags retrieved from /usr/local/lib/python3.8/dist-packages/airflow/example_dags/plugins/listener_plugin.py
[2024-03-11T16:46:25.862+0000] {processor.py:183} INFO - Processing /usr/local/lib/python3.8/dist-packages/airflow/example_dags/plugins/listener_plugin.py took 0.018 seconds
[2024-03-11T16:48:31.016+0000] {processor.py:161} INFO - Started process (PID=871) to work on /usr/local/lib/python3.8/dist-packages/airflow/example_dags/plugins/listener_plugin.py
[2024-03-11T16:48:31.017+0000] {processor.py:830} INFO - Processing file /usr/local/lib/python3.8/dist-packages/airflow/example_dags/plugins/listener_plugin.py for tasks to queue
[2024-03-11T16:48:31.018+0000] {logging_mixin.py:188} INFO - [2024-03-11T16:48:31.018+0000] {dagbag.py:540} INFO - Filling up the DagBag from /usr/local/lib/python3.8/dist-packages/airflow/example_dags/plugins/listener_plugin.py
[2024-03-11T16:48:31.022+0000] {processor.py:842} WARNING - No viable dags retrieved from /usr/local/lib/python3.8/dist-packages/airflow/example_dags/plugins/listener_plugin.py
[2024-03-11T16:48:31.055+0000] {processor.py:183} INFO - Processing /usr/local/lib/python3.8/dist-packages/airflow/example_dags/plugins/listener_plugin.py took 0.042 seconds
[2024-03-11T16:49:23.141+0000] {processor.py:161} INFO - Started process (PID=975) to work on /usr/local/lib/python3.8/dist-packages/airflow/example_dags/plugins/listener_plugin.py
[2024-03-11T16:49:23.143+0000] {processor.py:830} INFO - Processing file /usr/local/lib/python3.8/dist-packages/airflow/example_dags/plugins/listener_plugin.py for tasks to queue
[2024-03-11T16:49:23.144+0000] {logging_mixin.py:188} INFO - [2024-03-11T16:49:23.144+0000] {dagbag.py:540} INFO - Filling up the DagBag from /usr/local/lib/python3.8/dist-packages/airflow/example_dags/plugins/listener_plugin.py
[2024-03-11T16:49:23.147+0000] {processor.py:842} WARNING - No viable dags retrieved from /usr/local/lib/python3.8/dist-packages/airflow/example_dags/plugins/listener_plugin.py
[2024-03-11T16:49:23.157+0000] {processor.py:183} INFO - Processing /usr/local/lib/python3.8/dist-packages/airflow/example_dags/plugins/listener_plugin.py took 0.018 seconds
[2024-03-11T16:50:11.750+0000] {processor.py:161} INFO - Started process (PID=1047) to work on /usr/local/lib/python3.8/dist-packages/airflow/example_dags/plugins/listener_plugin.py
[2024-03-11T16:50:11.751+0000] {processor.py:830} INFO - Processing file /usr/local/lib/python3.8/dist-packages/airflow/example_dags/plugins/listener_plugin.py for tasks to queue
[2024-03-11T16:50:11.752+0000] {logging_mixin.py:188} INFO - [2024-03-11T16:50:11.752+0000] {dagbag.py:540} INFO - Filling up the DagBag from /usr/local/lib/python3.8/dist-packages/airflow/example_dags/plugins/listener_plugin.py
[2024-03-11T16:50:11.755+0000] {processor.py:842} WARNING - No viable dags retrieved from /usr/local/lib/python3.8/dist-packages/airflow/example_dags/plugins/listener_plugin.py
[2024-03-11T16:50:11.765+0000] {processor.py:183} INFO - Processing /usr/local/lib/python3.8/dist-packages/airflow/example_dags/plugins/listener_plugin.py took 0.019 seconds
[2024-03-11T16:51:07.279+0000] {processor.py:161} INFO - Started process (PID=1122) to work on /usr/local/lib/python3.8/dist-packages/airflow/example_dags/plugins/listener_plugin.py
[2024-03-11T16:51:07.280+0000] {processor.py:830} INFO - Processing file /usr/local/lib/python3.8/dist-packages/airflow/example_dags/plugins/listener_plugin.py for tasks to queue
[2024-03-11T16:51:07.281+0000] {logging_mixin.py:188} INFO - [2024-03-11T16:51:07.281+0000] {dagbag.py:540} INFO - Filling up the DagBag from /usr/local/lib/python3.8/dist-packages/airflow/example_dags/plugins/listener_plugin.py
[2024-03-11T16:51:07.284+0000] {processor.py:842} WARNING - No viable dags retrieved from /usr/local/lib/python3.8/dist-packages/airflow/example_dags/plugins/listener_plugin.py
[2024-03-11T16:51:07.295+0000] {processor.py:183} INFO - Processing /usr/local/lib/python3.8/dist-packages/airflow/example_dags/plugins/listener_plugin.py took 0.020 seconds
[2024-03-11T16:52:02.723+0000] {processor.py:161} INFO - Started process (PID=1191) to work on /usr/local/lib/python3.8/dist-packages/airflow/example_dags/plugins/listener_plugin.py
[2024-03-11T16:52:02.725+0000] {processor.py:830} INFO - Processing file /usr/local/lib/python3.8/dist-packages/airflow/example_dags/plugins/listener_plugin.py for tasks to queue
[2024-03-11T16:52:02.726+0000] {logging_mixin.py:188} INFO - [2024-03-11T16:52:02.725+0000] {dagbag.py:540} INFO - Filling up the DagBag from /usr/local/lib/python3.8/dist-packages/airflow/example_dags/plugins/listener_plugin.py
[2024-03-11T16:52:02.729+0000] {processor.py:842} WARNING - No viable dags retrieved from /usr/local/lib/python3.8/dist-packages/airflow/example_dags/plugins/listener_plugin.py
[2024-03-11T16:52:02.739+0000] {processor.py:183} INFO - Processing /usr/local/lib/python3.8/dist-packages/airflow/example_dags/plugins/listener_plugin.py took 0.020 seconds
[2024-03-11T16:52:55.394+0000] {processor.py:161} INFO - Started process (PID=1256) to work on /usr/local/lib/python3.8/dist-packages/airflow/example_dags/plugins/listener_plugin.py
[2024-03-11T16:52:55.396+0000] {processor.py:830} INFO - Processing file /usr/local/lib/python3.8/dist-packages/airflow/example_dags/plugins/listener_plugin.py for tasks to queue
[2024-03-11T16:52:55.397+0000] {logging_mixin.py:188} INFO - [2024-03-11T16:52:55.396+0000] {dagbag.py:540} INFO - Filling up the DagBag from /usr/local/lib/python3.8/dist-packages/airflow/example_dags/plugins/listener_plugin.py
[2024-03-11T16:52:55.400+0000] {processor.py:842} WARNING - No viable dags retrieved from /usr/local/lib/python3.8/dist-packages/airflow/example_dags/plugins/listener_plugin.py
[2024-03-11T16:52:55.409+0000] {processor.py:183} INFO - Processing /usr/local/lib/python3.8/dist-packages/airflow/example_dags/plugins/listener_plugin.py took 0.019 seconds
[2024-03-11T16:53:50.423+0000] {processor.py:161} INFO - Started process (PID=1332) to work on /usr/local/lib/python3.8/dist-packages/airflow/example_dags/plugins/listener_plugin.py
[2024-03-11T16:53:50.425+0000] {processor.py:830} INFO - Processing file /usr/local/lib/python3.8/dist-packages/airflow/example_dags/plugins/listener_plugin.py for tasks to queue
[2024-03-11T16:53:50.426+0000] {logging_mixin.py:188} INFO - [2024-03-11T16:53:50.426+0000] {dagbag.py:540} INFO - Filling up the DagBag from /usr/local/lib/python3.8/dist-packages/airflow/example_dags/plugins/listener_plugin.py
[2024-03-11T16:53:50.429+0000] {processor.py:842} WARNING - No viable dags retrieved from /usr/local/lib/python3.8/dist-packages/airflow/example_dags/plugins/listener_plugin.py
[2024-03-11T16:53:50.439+0000] {processor.py:183} INFO - Processing /usr/local/lib/python3.8/dist-packages/airflow/example_dags/plugins/listener_plugin.py took 0.018 seconds
[2024-03-11T16:54:44.533+0000] {processor.py:161} INFO - Started process (PID=1402) to work on /usr/local/lib/python3.8/dist-packages/airflow/example_dags/plugins/listener_plugin.py
[2024-03-11T16:54:44.535+0000] {processor.py:830} INFO - Processing file /usr/local/lib/python3.8/dist-packages/airflow/example_dags/plugins/listener_plugin.py for tasks to queue
[2024-03-11T16:54:44.536+0000] {logging_mixin.py:188} INFO - [2024-03-11T16:54:44.535+0000] {dagbag.py:540} INFO - Filling up the DagBag from /usr/local/lib/python3.8/dist-packages/airflow/example_dags/plugins/listener_plugin.py
[2024-03-11T16:54:44.539+0000] {processor.py:842} WARNING - No viable dags retrieved from /usr/local/lib/python3.8/dist-packages/airflow/example_dags/plugins/listener_plugin.py
[2024-03-11T16:54:44.548+0000] {processor.py:183} INFO - Processing /usr/local/lib/python3.8/dist-packages/airflow/example_dags/plugins/listener_plugin.py took 0.018 seconds
[2024-03-11T16:55:37.858+0000] {processor.py:161} INFO - Started process (PID=1467) to work on /usr/local/lib/python3.8/dist-packages/airflow/example_dags/plugins/listener_plugin.py
[2024-03-11T16:55:37.860+0000] {processor.py:830} INFO - Processing file /usr/local/lib/python3.8/dist-packages/airflow/example_dags/plugins/listener_plugin.py for tasks to queue
[2024-03-11T16:55:37.861+0000] {logging_mixin.py:188} INFO - [2024-03-11T16:55:37.860+0000] {dagbag.py:540} INFO - Filling up the DagBag from /usr/local/lib/python3.8/dist-packages/airflow/example_dags/plugins/listener_plugin.py
[2024-03-11T16:55:37.864+0000] {processor.py:842} WARNING - No viable dags retrieved from /usr/local/lib/python3.8/dist-packages/airflow/example_dags/plugins/listener_plugin.py
[2024-03-11T16:55:37.874+0000] {processor.py:183} INFO - Processing /usr/local/lib/python3.8/dist-packages/airflow/example_dags/plugins/listener_plugin.py took 0.018 seconds
[2024-03-11T16:56:29.630+0000] {processor.py:161} INFO - Started process (PID=1561) to work on /usr/local/lib/python3.8/dist-packages/airflow/example_dags/plugins/listener_plugin.py
[2024-03-11T16:56:29.631+0000] {processor.py:830} INFO - Processing file /usr/local/lib/python3.8/dist-packages/airflow/example_dags/plugins/listener_plugin.py for tasks to queue
[2024-03-11T16:56:29.632+0000] {logging_mixin.py:188} INFO - [2024-03-11T16:56:29.632+0000] {dagbag.py:540} INFO - Filling up the DagBag from /usr/local/lib/python3.8/dist-packages/airflow/example_dags/plugins/listener_plugin.py
[2024-03-11T16:56:29.635+0000] {processor.py:842} WARNING - No viable dags retrieved from /usr/local/lib/python3.8/dist-packages/airflow/example_dags/plugins/listener_plugin.py
[2024-03-11T16:56:29.646+0000] {processor.py:183} INFO - Processing /usr/local/lib/python3.8/dist-packages/airflow/example_dags/plugins/listener_plugin.py took 0.019 seconds
[2024-03-11T16:57:23.902+0000] {processor.py:161} INFO - Started process (PID=1631) to work on /usr/local/lib/python3.8/dist-packages/airflow/example_dags/plugins/listener_plugin.py
[2024-03-11T16:57:23.904+0000] {processor.py:830} INFO - Processing file /usr/local/lib/python3.8/dist-packages/airflow/example_dags/plugins/listener_plugin.py for tasks to queue
[2024-03-11T16:57:23.905+0000] {logging_mixin.py:188} INFO - [2024-03-11T16:57:23.904+0000] {dagbag.py:540} INFO - Filling up the DagBag from /usr/local/lib/python3.8/dist-packages/airflow/example_dags/plugins/listener_plugin.py
[2024-03-11T16:57:23.907+0000] {processor.py:842} WARNING - No viable dags retrieved from /usr/local/lib/python3.8/dist-packages/airflow/example_dags/plugins/listener_plugin.py
[2024-03-11T16:57:23.917+0000] {processor.py:183} INFO - Processing /usr/local/lib/python3.8/dist-packages/airflow/example_dags/plugins/listener_plugin.py took 0.018 seconds
[2024-03-11T17:02:05.946+0000] {processor.py:161} INFO - Started process (PID=1896) to work on /usr/local/lib/python3.8/dist-packages/airflow/example_dags/plugins/listener_plugin.py
[2024-03-11T17:02:05.947+0000] {processor.py:830} INFO - Processing file /usr/local/lib/python3.8/dist-packages/airflow/example_dags/plugins/listener_plugin.py for tasks to queue
[2024-03-11T17:02:05.948+0000] {logging_mixin.py:188} INFO - [2024-03-11T17:02:05.948+0000] {dagbag.py:540} INFO - Filling up the DagBag from /usr/local/lib/python3.8/dist-packages/airflow/example_dags/plugins/listener_plugin.py
[2024-03-11T17:02:05.951+0000] {processor.py:842} WARNING - No viable dags retrieved from /usr/local/lib/python3.8/dist-packages/airflow/example_dags/plugins/listener_plugin.py
[2024-03-11T17:02:05.962+0000] {processor.py:183} INFO - Processing /usr/local/lib/python3.8/dist-packages/airflow/example_dags/plugins/listener_plugin.py took 0.019 seconds
[2024-03-11T17:05:52.530+0000] {processor.py:161} INFO - Started process (PID=1968) to work on /usr/local/lib/python3.8/dist-packages/airflow/example_dags/plugins/listener_plugin.py
[2024-03-11T17:05:52.531+0000] {processor.py:830} INFO - Processing file /usr/local/lib/python3.8/dist-packages/airflow/example_dags/plugins/listener_plugin.py for tasks to queue
[2024-03-11T17:05:52.532+0000] {logging_mixin.py:188} INFO - [2024-03-11T17:05:52.532+0000] {dagbag.py:540} INFO - Filling up the DagBag from /usr/local/lib/python3.8/dist-packages/airflow/example_dags/plugins/listener_plugin.py
[2024-03-11T17:05:52.535+0000] {processor.py:842} WARNING - No viable dags retrieved from /usr/local/lib/python3.8/dist-packages/airflow/example_dags/plugins/listener_plugin.py
[2024-03-11T17:05:52.545+0000] {processor.py:183} INFO - Processing /usr/local/lib/python3.8/dist-packages/airflow/example_dags/plugins/listener_plugin.py took 0.018 seconds
[2024-03-11T17:06:48.406+0000] {processor.py:161} INFO - Started process (PID=2037) to work on /usr/local/lib/python3.8/dist-packages/airflow/example_dags/plugins/listener_plugin.py
[2024-03-11T17:06:48.408+0000] {processor.py:830} INFO - Processing file /usr/local/lib/python3.8/dist-packages/airflow/example_dags/plugins/listener_plugin.py for tasks to queue
[2024-03-11T17:06:48.408+0000] {logging_mixin.py:188} INFO - [2024-03-11T17:06:48.408+0000] {dagbag.py:540} INFO - Filling up the DagBag from /usr/local/lib/python3.8/dist-packages/airflow/example_dags/plugins/listener_plugin.py
[2024-03-11T17:06:48.411+0000] {processor.py:842} WARNING - No viable dags retrieved from /usr/local/lib/python3.8/dist-packages/airflow/example_dags/plugins/listener_plugin.py
[2024-03-11T17:06:48.419+0000] {processor.py:183} INFO - Processing /usr/local/lib/python3.8/dist-packages/airflow/example_dags/plugins/listener_plugin.py took 0.015 seconds
[2024-03-11T17:08:17.206+0000] {processor.py:161} INFO - Started process (PID=2190) to work on /usr/local/lib/python3.8/dist-packages/airflow/example_dags/plugins/listener_plugin.py
[2024-03-11T17:08:17.207+0000] {processor.py:830} INFO - Processing file /usr/local/lib/python3.8/dist-packages/airflow/example_dags/plugins/listener_plugin.py for tasks to queue
[2024-03-11T17:08:17.208+0000] {logging_mixin.py:188} INFO - [2024-03-11T17:08:17.208+0000] {dagbag.py:540} INFO - Filling up the DagBag from /usr/local/lib/python3.8/dist-packages/airflow/example_dags/plugins/listener_plugin.py
[2024-03-11T17:08:17.211+0000] {processor.py:842} WARNING - No viable dags retrieved from /usr/local/lib/python3.8/dist-packages/airflow/example_dags/plugins/listener_plugin.py
[2024-03-11T17:08:17.221+0000] {processor.py:183} INFO - Processing /usr/local/lib/python3.8/dist-packages/airflow/example_dags/plugins/listener_plugin.py took 0.019 seconds
[2024-03-11T17:09:15.074+0000] {processor.py:161} INFO - Started process (PID=2365) to work on /usr/local/lib/python3.8/dist-packages/airflow/example_dags/plugins/listener_plugin.py
[2024-03-11T17:09:15.075+0000] {processor.py:830} INFO - Processing file /usr/local/lib/python3.8/dist-packages/airflow/example_dags/plugins/listener_plugin.py for tasks to queue
[2024-03-11T17:09:15.076+0000] {logging_mixin.py:188} INFO - [2024-03-11T17:09:15.076+0000] {dagbag.py:540} INFO - Filling up the DagBag from /usr/local/lib/python3.8/dist-packages/airflow/example_dags/plugins/listener_plugin.py
[2024-03-11T17:09:15.079+0000] {processor.py:842} WARNING - No viable dags retrieved from /usr/local/lib/python3.8/dist-packages/airflow/example_dags/plugins/listener_plugin.py
[2024-03-11T17:09:15.089+0000] {processor.py:183} INFO - Processing /usr/local/lib/python3.8/dist-packages/airflow/example_dags/plugins/listener_plugin.py took 0.018 seconds
[2024-03-11T17:10:11.113+0000] {processor.py:161} INFO - Started process (PID=2436) to work on /usr/local/lib/python3.8/dist-packages/airflow/example_dags/plugins/listener_plugin.py
[2024-03-11T17:10:11.115+0000] {processor.py:830} INFO - Processing file /usr/local/lib/python3.8/dist-packages/airflow/example_dags/plugins/listener_plugin.py for tasks to queue
[2024-03-11T17:10:11.116+0000] {logging_mixin.py:188} INFO - [2024-03-11T17:10:11.115+0000] {dagbag.py:540} INFO - Filling up the DagBag from /usr/local/lib/python3.8/dist-packages/airflow/example_dags/plugins/listener_plugin.py
[2024-03-11T17:10:11.118+0000] {processor.py:842} WARNING - No viable dags retrieved from /usr/local/lib/python3.8/dist-packages/airflow/example_dags/plugins/listener_plugin.py
[2024-03-11T17:10:11.128+0000] {processor.py:183} INFO - Processing /usr/local/lib/python3.8/dist-packages/airflow/example_dags/plugins/listener_plugin.py took 0.018 seconds
[2024-03-11T17:11:04.668+0000] {processor.py:161} INFO - Started process (PID=2501) to work on /usr/local/lib/python3.8/dist-packages/airflow/example_dags/plugins/listener_plugin.py
[2024-03-11T17:11:04.670+0000] {processor.py:830} INFO - Processing file /usr/local/lib/python3.8/dist-packages/airflow/example_dags/plugins/listener_plugin.py for tasks to queue
[2024-03-11T17:11:04.670+0000] {logging_mixin.py:188} INFO - [2024-03-11T17:11:04.670+0000] {dagbag.py:540} INFO - Filling up the DagBag from /usr/local/lib/python3.8/dist-packages/airflow/example_dags/plugins/listener_plugin.py
[2024-03-11T17:11:04.673+0000] {processor.py:842} WARNING - No viable dags retrieved from /usr/local/lib/python3.8/dist-packages/airflow/example_dags/plugins/listener_plugin.py
[2024-03-11T17:11:04.683+0000] {processor.py:183} INFO - Processing /usr/local/lib/python3.8/dist-packages/airflow/example_dags/plugins/listener_plugin.py took 0.019 seconds
[2024-03-11T17:11:33.756+0000] {processor.py:161} INFO - Started process (PID=2551) to work on /usr/local/lib/python3.8/dist-packages/airflow/example_dags/plugins/listener_plugin.py
[2024-03-11T17:11:33.758+0000] {processor.py:830} INFO - Processing file /usr/local/lib/python3.8/dist-packages/airflow/example_dags/plugins/listener_plugin.py for tasks to queue
[2024-03-11T17:11:33.759+0000] {logging_mixin.py:188} INFO - [2024-03-11T17:11:33.758+0000] {dagbag.py:540} INFO - Filling up the DagBag from /usr/local/lib/python3.8/dist-packages/airflow/example_dags/plugins/listener_plugin.py
[2024-03-11T17:11:33.762+0000] {processor.py:842} WARNING - No viable dags retrieved from /usr/local/lib/python3.8/dist-packages/airflow/example_dags/plugins/listener_plugin.py
[2024-03-11T17:11:33.772+0000] {processor.py:183} INFO - Processing /usr/local/lib/python3.8/dist-packages/airflow/example_dags/plugins/listener_plugin.py took 0.019 seconds
[2024-03-11T17:12:32.193+0000] {processor.py:161} INFO - Started process (PID=2629) to work on /usr/local/lib/python3.8/dist-packages/airflow/example_dags/plugins/listener_plugin.py
[2024-03-11T17:12:32.195+0000] {processor.py:830} INFO - Processing file /usr/local/lib/python3.8/dist-packages/airflow/example_dags/plugins/listener_plugin.py for tasks to queue
[2024-03-11T17:12:32.196+0000] {logging_mixin.py:188} INFO - [2024-03-11T17:12:32.195+0000] {dagbag.py:540} INFO - Filling up the DagBag from /usr/local/lib/python3.8/dist-packages/airflow/example_dags/plugins/listener_plugin.py
[2024-03-11T17:12:32.199+0000] {processor.py:842} WARNING - No viable dags retrieved from /usr/local/lib/python3.8/dist-packages/airflow/example_dags/plugins/listener_plugin.py
[2024-03-11T17:12:32.208+0000] {processor.py:183} INFO - Processing /usr/local/lib/python3.8/dist-packages/airflow/example_dags/plugins/listener_plugin.py took 0.018 seconds
[2024-03-11T17:13:28.763+0000] {processor.py:161} INFO - Started process (PID=2743) to work on /usr/local/lib/python3.8/dist-packages/airflow/example_dags/plugins/listener_plugin.py
[2024-03-11T17:13:28.764+0000] {processor.py:830} INFO - Processing file /usr/local/lib/python3.8/dist-packages/airflow/example_dags/plugins/listener_plugin.py for tasks to queue
[2024-03-11T17:13:28.765+0000] {logging_mixin.py:188} INFO - [2024-03-11T17:13:28.765+0000] {dagbag.py:540} INFO - Filling up the DagBag from /usr/local/lib/python3.8/dist-packages/airflow/example_dags/plugins/listener_plugin.py
[2024-03-11T17:13:28.768+0000] {processor.py:842} WARNING - No viable dags retrieved from /usr/local/lib/python3.8/dist-packages/airflow/example_dags/plugins/listener_plugin.py
[2024-03-11T17:13:28.778+0000] {processor.py:183} INFO - Processing /usr/local/lib/python3.8/dist-packages/airflow/example_dags/plugins/listener_plugin.py took 0.018 seconds
[2024-03-11T17:14:20.934+0000] {processor.py:161} INFO - Started process (PID=2816) to work on /usr/local/lib/python3.8/dist-packages/airflow/example_dags/plugins/listener_plugin.py
[2024-03-11T17:14:20.936+0000] {processor.py:830} INFO - Processing file /usr/local/lib/python3.8/dist-packages/airflow/example_dags/plugins/listener_plugin.py for tasks to queue
[2024-03-11T17:14:20.937+0000] {logging_mixin.py:188} INFO - [2024-03-11T17:14:20.937+0000] {dagbag.py:540} INFO - Filling up the DagBag from /usr/local/lib/python3.8/dist-packages/airflow/example_dags/plugins/listener_plugin.py
[2024-03-11T17:14:20.940+0000] {processor.py:842} WARNING - No viable dags retrieved from /usr/local/lib/python3.8/dist-packages/airflow/example_dags/plugins/listener_plugin.py
[2024-03-11T17:14:20.951+0000] {processor.py:183} INFO - Processing /usr/local/lib/python3.8/dist-packages/airflow/example_dags/plugins/listener_plugin.py took 0.020 seconds
[2024-03-11T17:15:05.202+0000] {processor.py:161} INFO - Started process (PID=2920) to work on /usr/local/lib/python3.8/dist-packages/airflow/example_dags/plugins/listener_plugin.py
[2024-03-11T17:15:05.204+0000] {processor.py:830} INFO - Processing file /usr/local/lib/python3.8/dist-packages/airflow/example_dags/plugins/listener_plugin.py for tasks to queue
[2024-03-11T17:15:05.205+0000] {logging_mixin.py:188} INFO - [2024-03-11T17:15:05.204+0000] {dagbag.py:540} INFO - Filling up the DagBag from /usr/local/lib/python3.8/dist-packages/airflow/example_dags/plugins/listener_plugin.py
[2024-03-11T17:15:05.208+0000] {processor.py:842} WARNING - No viable dags retrieved from /usr/local/lib/python3.8/dist-packages/airflow/example_dags/plugins/listener_plugin.py
[2024-03-11T17:15:05.217+0000] {processor.py:183} INFO - Processing /usr/local/lib/python3.8/dist-packages/airflow/example_dags/plugins/listener_plugin.py took 0.019 seconds
[2024-03-11T17:16:00.511+0000] {processor.py:161} INFO - Started process (PID=2998) to work on /usr/local/lib/python3.8/dist-packages/airflow/example_dags/plugins/listener_plugin.py
[2024-03-11T17:16:00.513+0000] {processor.py:830} INFO - Processing file /usr/local/lib/python3.8/dist-packages/airflow/example_dags/plugins/listener_plugin.py for tasks to queue
[2024-03-11T17:16:00.514+0000] {logging_mixin.py:188} INFO - [2024-03-11T17:16:00.514+0000] {dagbag.py:540} INFO - Filling up the DagBag from /usr/local/lib/python3.8/dist-packages/airflow/example_dags/plugins/listener_plugin.py
[2024-03-11T17:16:00.517+0000] {processor.py:842} WARNING - No viable dags retrieved from /usr/local/lib/python3.8/dist-packages/airflow/example_dags/plugins/listener_plugin.py
[2024-03-11T17:16:00.528+0000] {processor.py:183} INFO - Processing /usr/local/lib/python3.8/dist-packages/airflow/example_dags/plugins/listener_plugin.py took 0.020 seconds
[2024-03-11T17:16:53.415+0000] {processor.py:161} INFO - Started process (PID=3062) to work on /usr/local/lib/python3.8/dist-packages/airflow/example_dags/plugins/listener_plugin.py
[2024-03-11T17:16:53.416+0000] {processor.py:830} INFO - Processing file /usr/local/lib/python3.8/dist-packages/airflow/example_dags/plugins/listener_plugin.py for tasks to queue
[2024-03-11T17:16:53.417+0000] {logging_mixin.py:188} INFO - [2024-03-11T17:16:53.417+0000] {dagbag.py:540} INFO - Filling up the DagBag from /usr/local/lib/python3.8/dist-packages/airflow/example_dags/plugins/listener_plugin.py
[2024-03-11T17:16:53.420+0000] {processor.py:842} WARNING - No viable dags retrieved from /usr/local/lib/python3.8/dist-packages/airflow/example_dags/plugins/listener_plugin.py
[2024-03-11T17:16:53.430+0000] {processor.py:183} INFO - Processing /usr/local/lib/python3.8/dist-packages/airflow/example_dags/plugins/listener_plugin.py took 0.019 seconds
[2024-03-11T17:17:48.943+0000] {processor.py:161} INFO - Started process (PID=3133) to work on /usr/local/lib/python3.8/dist-packages/airflow/example_dags/plugins/listener_plugin.py
[2024-03-11T17:17:48.945+0000] {processor.py:830} INFO - Processing file /usr/local/lib/python3.8/dist-packages/airflow/example_dags/plugins/listener_plugin.py for tasks to queue
[2024-03-11T17:17:48.946+0000] {logging_mixin.py:188} INFO - [2024-03-11T17:17:48.945+0000] {dagbag.py:540} INFO - Filling up the DagBag from /usr/local/lib/python3.8/dist-packages/airflow/example_dags/plugins/listener_plugin.py
[2024-03-11T17:17:48.949+0000] {processor.py:842} WARNING - No viable dags retrieved from /usr/local/lib/python3.8/dist-packages/airflow/example_dags/plugins/listener_plugin.py
[2024-03-11T17:17:48.959+0000] {processor.py:183} INFO - Processing /usr/local/lib/python3.8/dist-packages/airflow/example_dags/plugins/listener_plugin.py took 0.019 seconds
[2024-03-11T17:18:44.398+0000] {processor.py:161} INFO - Started process (PID=3209) to work on /usr/local/lib/python3.8/dist-packages/airflow/example_dags/plugins/listener_plugin.py
[2024-03-11T17:18:44.400+0000] {processor.py:830} INFO - Processing file /usr/local/lib/python3.8/dist-packages/airflow/example_dags/plugins/listener_plugin.py for tasks to queue
[2024-03-11T17:18:44.401+0000] {logging_mixin.py:188} INFO - [2024-03-11T17:18:44.401+0000] {dagbag.py:540} INFO - Filling up the DagBag from /usr/local/lib/python3.8/dist-packages/airflow/example_dags/plugins/listener_plugin.py
[2024-03-11T17:18:44.404+0000] {processor.py:842} WARNING - No viable dags retrieved from /usr/local/lib/python3.8/dist-packages/airflow/example_dags/plugins/listener_plugin.py
[2024-03-11T17:18:44.414+0000] {processor.py:183} INFO - Processing /usr/local/lib/python3.8/dist-packages/airflow/example_dags/plugins/listener_plugin.py took 0.018 seconds
[2024-03-11T17:19:39.770+0000] {processor.py:161} INFO - Started process (PID=3274) to work on /usr/local/lib/python3.8/dist-packages/airflow/example_dags/plugins/listener_plugin.py
[2024-03-11T17:19:39.771+0000] {processor.py:830} INFO - Processing file /usr/local/lib/python3.8/dist-packages/airflow/example_dags/plugins/listener_plugin.py for tasks to queue
[2024-03-11T17:19:39.772+0000] {logging_mixin.py:188} INFO - [2024-03-11T17:19:39.772+0000] {dagbag.py:540} INFO - Filling up the DagBag from /usr/local/lib/python3.8/dist-packages/airflow/example_dags/plugins/listener_plugin.py
[2024-03-11T17:19:39.775+0000] {processor.py:842} WARNING - No viable dags retrieved from /usr/local/lib/python3.8/dist-packages/airflow/example_dags/plugins/listener_plugin.py
[2024-03-11T17:19:39.785+0000] {processor.py:183} INFO - Processing /usr/local/lib/python3.8/dist-packages/airflow/example_dags/plugins/listener_plugin.py took 0.019 seconds
[2024-03-11T17:20:31.926+0000] {processor.py:161} INFO - Started process (PID=3343) to work on /usr/local/lib/python3.8/dist-packages/airflow/example_dags/plugins/listener_plugin.py
[2024-03-11T17:20:31.927+0000] {processor.py:830} INFO - Processing file /usr/local/lib/python3.8/dist-packages/airflow/example_dags/plugins/listener_plugin.py for tasks to queue
[2024-03-11T17:20:31.928+0000] {logging_mixin.py:188} INFO - [2024-03-11T17:20:31.928+0000] {dagbag.py:540} INFO - Filling up the DagBag from /usr/local/lib/python3.8/dist-packages/airflow/example_dags/plugins/listener_plugin.py
[2024-03-11T17:20:31.931+0000] {processor.py:842} WARNING - No viable dags retrieved from /usr/local/lib/python3.8/dist-packages/airflow/example_dags/plugins/listener_plugin.py
[2024-03-11T17:20:31.942+0000] {processor.py:183} INFO - Processing /usr/local/lib/python3.8/dist-packages/airflow/example_dags/plugins/listener_plugin.py took 0.019 seconds
[2024-03-11T17:21:26.246+0000] {processor.py:161} INFO - Started process (PID=3419) to work on /usr/local/lib/python3.8/dist-packages/airflow/example_dags/plugins/listener_plugin.py
[2024-03-11T17:21:26.248+0000] {processor.py:830} INFO - Processing file /usr/local/lib/python3.8/dist-packages/airflow/example_dags/plugins/listener_plugin.py for tasks to queue
[2024-03-11T17:21:26.249+0000] {logging_mixin.py:188} INFO - [2024-03-11T17:21:26.249+0000] {dagbag.py:540} INFO - Filling up the DagBag from /usr/local/lib/python3.8/dist-packages/airflow/example_dags/plugins/listener_plugin.py
[2024-03-11T17:21:26.252+0000] {processor.py:842} WARNING - No viable dags retrieved from /usr/local/lib/python3.8/dist-packages/airflow/example_dags/plugins/listener_plugin.py
[2024-03-11T17:21:26.262+0000] {processor.py:183} INFO - Processing /usr/local/lib/python3.8/dist-packages/airflow/example_dags/plugins/listener_plugin.py took 0.018 seconds
