[2024-03-11T15:39:52.280+0000] {processor.py:161} INFO - Started process (PID=464) to work on /usr/local/lib/python3.8/dist-packages/airflow/example_dags/plugins/workday.py
[2024-03-11T15:39:52.281+0000] {processor.py:830} INFO - Processing file /usr/local/lib/python3.8/dist-packages/airflow/example_dags/plugins/workday.py for tasks to queue
[2024-03-11T15:39:52.282+0000] {logging_mixin.py:188} INFO - [2024-03-11T15:39:52.281+0000] {dagbag.py:540} INFO - Filling up the DagBag from /usr/local/lib/python3.8/dist-packages/airflow/example_dags/plugins/workday.py
[2024-03-11T15:39:52.703+0000] {processor.py:842} WARNING - No viable dags retrieved from /usr/local/lib/python3.8/dist-packages/airflow/example_dags/plugins/workday.py
[2024-03-11T15:39:52.708+0000] {processor.py:183} INFO - Processing /usr/local/lib/python3.8/dist-packages/airflow/example_dags/plugins/workday.py took 0.432 seconds
[2024-03-11T15:40:50.934+0000] {processor.py:161} INFO - Started process (PID=549) to work on /usr/local/lib/python3.8/dist-packages/airflow/example_dags/plugins/workday.py
[2024-03-11T15:40:50.936+0000] {processor.py:830} INFO - Processing file /usr/local/lib/python3.8/dist-packages/airflow/example_dags/plugins/workday.py for tasks to queue
[2024-03-11T15:40:50.937+0000] {logging_mixin.py:188} INFO - [2024-03-11T15:40:50.936+0000] {dagbag.py:540} INFO - Filling up the DagBag from /usr/local/lib/python3.8/dist-packages/airflow/example_dags/plugins/workday.py
[2024-03-11T15:40:51.432+0000] {processor.py:842} WARNING - No viable dags retrieved from /usr/local/lib/python3.8/dist-packages/airflow/example_dags/plugins/workday.py
[2024-03-11T15:40:51.451+0000] {processor.py:183} INFO - Processing /usr/local/lib/python3.8/dist-packages/airflow/example_dags/plugins/workday.py took 0.519 seconds
[2024-03-11T15:41:40.531+0000] {processor.py:161} INFO - Started process (PID=598) to work on /usr/local/lib/python3.8/dist-packages/airflow/example_dags/plugins/workday.py
[2024-03-11T15:41:40.532+0000] {processor.py:830} INFO - Processing file /usr/local/lib/python3.8/dist-packages/airflow/example_dags/plugins/workday.py for tasks to queue
[2024-03-11T15:41:40.533+0000] {logging_mixin.py:188} INFO - [2024-03-11T15:41:40.533+0000] {dagbag.py:540} INFO - Filling up the DagBag from /usr/local/lib/python3.8/dist-packages/airflow/example_dags/plugins/workday.py
[2024-03-11T15:41:40.870+0000] {processor.py:842} WARNING - No viable dags retrieved from /usr/local/lib/python3.8/dist-packages/airflow/example_dags/plugins/workday.py
[2024-03-11T15:41:40.880+0000] {processor.py:183} INFO - Processing /usr/local/lib/python3.8/dist-packages/airflow/example_dags/plugins/workday.py took 0.353 seconds
[2024-03-11T15:42:17.373+0000] {processor.py:161} INFO - Started process (PID=636) to work on /usr/local/lib/python3.8/dist-packages/airflow/example_dags/plugins/workday.py
[2024-03-11T15:42:17.374+0000] {processor.py:830} INFO - Processing file /usr/local/lib/python3.8/dist-packages/airflow/example_dags/plugins/workday.py for tasks to queue
[2024-03-11T15:42:17.375+0000] {logging_mixin.py:188} INFO - [2024-03-11T15:42:17.375+0000] {dagbag.py:540} INFO - Filling up the DagBag from /usr/local/lib/python3.8/dist-packages/airflow/example_dags/plugins/workday.py
[2024-03-11T15:42:17.719+0000] {processor.py:842} WARNING - No viable dags retrieved from /usr/local/lib/python3.8/dist-packages/airflow/example_dags/plugins/workday.py
[2024-03-11T15:42:17.726+0000] {processor.py:183} INFO - Processing /usr/local/lib/python3.8/dist-packages/airflow/example_dags/plugins/workday.py took 0.356 seconds
[2024-03-11T15:42:54.009+0000] {processor.py:161} INFO - Started process (PID=672) to work on /usr/local/lib/python3.8/dist-packages/airflow/example_dags/plugins/workday.py
[2024-03-11T15:42:54.010+0000] {processor.py:830} INFO - Processing file /usr/local/lib/python3.8/dist-packages/airflow/example_dags/plugins/workday.py for tasks to queue
[2024-03-11T15:42:54.011+0000] {logging_mixin.py:188} INFO - [2024-03-11T15:42:54.011+0000] {dagbag.py:540} INFO - Filling up the DagBag from /usr/local/lib/python3.8/dist-packages/airflow/example_dags/plugins/workday.py
[2024-03-11T15:42:54.357+0000] {processor.py:842} WARNING - No viable dags retrieved from /usr/local/lib/python3.8/dist-packages/airflow/example_dags/plugins/workday.py
[2024-03-11T15:42:54.366+0000] {processor.py:183} INFO - Processing /usr/local/lib/python3.8/dist-packages/airflow/example_dags/plugins/workday.py took 0.359 seconds
[2024-03-11T15:43:34.802+0000] {processor.py:161} INFO - Started process (PID=711) to work on /usr/local/lib/python3.8/dist-packages/airflow/example_dags/plugins/workday.py
[2024-03-11T15:43:34.805+0000] {processor.py:830} INFO - Processing file /usr/local/lib/python3.8/dist-packages/airflow/example_dags/plugins/workday.py for tasks to queue
[2024-03-11T15:43:34.806+0000] {logging_mixin.py:188} INFO - [2024-03-11T15:43:34.805+0000] {dagbag.py:540} INFO - Filling up the DagBag from /usr/local/lib/python3.8/dist-packages/airflow/example_dags/plugins/workday.py
[2024-03-11T15:43:35.138+0000] {processor.py:842} WARNING - No viable dags retrieved from /usr/local/lib/python3.8/dist-packages/airflow/example_dags/plugins/workday.py
[2024-03-11T15:43:35.145+0000] {processor.py:183} INFO - Processing /usr/local/lib/python3.8/dist-packages/airflow/example_dags/plugins/workday.py took 0.346 seconds
[2024-03-11T15:44:14.516+0000] {processor.py:161} INFO - Started process (PID=750) to work on /usr/local/lib/python3.8/dist-packages/airflow/example_dags/plugins/workday.py
[2024-03-11T15:44:14.518+0000] {processor.py:830} INFO - Processing file /usr/local/lib/python3.8/dist-packages/airflow/example_dags/plugins/workday.py for tasks to queue
[2024-03-11T15:44:14.519+0000] {logging_mixin.py:188} INFO - [2024-03-11T15:44:14.518+0000] {dagbag.py:540} INFO - Filling up the DagBag from /usr/local/lib/python3.8/dist-packages/airflow/example_dags/plugins/workday.py
[2024-03-11T15:44:14.859+0000] {processor.py:842} WARNING - No viable dags retrieved from /usr/local/lib/python3.8/dist-packages/airflow/example_dags/plugins/workday.py
[2024-03-11T15:44:14.869+0000] {processor.py:183} INFO - Processing /usr/local/lib/python3.8/dist-packages/airflow/example_dags/plugins/workday.py took 0.356 seconds
[2024-03-11T15:44:51.570+0000] {processor.py:161} INFO - Started process (PID=787) to work on /usr/local/lib/python3.8/dist-packages/airflow/example_dags/plugins/workday.py
[2024-03-11T15:44:51.573+0000] {processor.py:830} INFO - Processing file /usr/local/lib/python3.8/dist-packages/airflow/example_dags/plugins/workday.py for tasks to queue
[2024-03-11T15:44:51.574+0000] {logging_mixin.py:188} INFO - [2024-03-11T15:44:51.573+0000] {dagbag.py:540} INFO - Filling up the DagBag from /usr/local/lib/python3.8/dist-packages/airflow/example_dags/plugins/workday.py
[2024-03-11T15:44:51.930+0000] {processor.py:842} WARNING - No viable dags retrieved from /usr/local/lib/python3.8/dist-packages/airflow/example_dags/plugins/workday.py
[2024-03-11T15:44:51.938+0000] {processor.py:183} INFO - Processing /usr/local/lib/python3.8/dist-packages/airflow/example_dags/plugins/workday.py took 0.371 seconds
[2024-03-11T15:45:28.451+0000] {processor.py:161} INFO - Started process (PID=823) to work on /usr/local/lib/python3.8/dist-packages/airflow/example_dags/plugins/workday.py
[2024-03-11T15:45:28.452+0000] {processor.py:830} INFO - Processing file /usr/local/lib/python3.8/dist-packages/airflow/example_dags/plugins/workday.py for tasks to queue
[2024-03-11T15:45:28.453+0000] {logging_mixin.py:188} INFO - [2024-03-11T15:45:28.452+0000] {dagbag.py:540} INFO - Filling up the DagBag from /usr/local/lib/python3.8/dist-packages/airflow/example_dags/plugins/workday.py
[2024-03-11T15:45:28.861+0000] {processor.py:842} WARNING - No viable dags retrieved from /usr/local/lib/python3.8/dist-packages/airflow/example_dags/plugins/workday.py
[2024-03-11T15:45:28.872+0000] {processor.py:183} INFO - Processing /usr/local/lib/python3.8/dist-packages/airflow/example_dags/plugins/workday.py took 0.425 seconds
[2024-03-11T15:46:11.154+0000] {processor.py:161} INFO - Started process (PID=863) to work on /usr/local/lib/python3.8/dist-packages/airflow/example_dags/plugins/workday.py
[2024-03-11T15:46:11.295+0000] {processor.py:830} INFO - Processing file /usr/local/lib/python3.8/dist-packages/airflow/example_dags/plugins/workday.py for tasks to queue
[2024-03-11T15:46:11.297+0000] {logging_mixin.py:188} INFO - [2024-03-11T15:46:11.296+0000] {dagbag.py:540} INFO - Filling up the DagBag from /usr/local/lib/python3.8/dist-packages/airflow/example_dags/plugins/workday.py
[2024-03-11T15:46:11.660+0000] {processor.py:842} WARNING - No viable dags retrieved from /usr/local/lib/python3.8/dist-packages/airflow/example_dags/plugins/workday.py
[2024-03-11T15:46:11.672+0000] {processor.py:183} INFO - Processing /usr/local/lib/python3.8/dist-packages/airflow/example_dags/plugins/workday.py took 0.521 seconds
[2024-03-11T15:46:55.462+0000] {processor.py:161} INFO - Started process (PID=905) to work on /usr/local/lib/python3.8/dist-packages/airflow/example_dags/plugins/workday.py
[2024-03-11T15:46:55.466+0000] {processor.py:830} INFO - Processing file /usr/local/lib/python3.8/dist-packages/airflow/example_dags/plugins/workday.py for tasks to queue
[2024-03-11T15:46:55.467+0000] {logging_mixin.py:188} INFO - [2024-03-11T15:46:55.466+0000] {dagbag.py:540} INFO - Filling up the DagBag from /usr/local/lib/python3.8/dist-packages/airflow/example_dags/plugins/workday.py
[2024-03-11T15:46:55.802+0000] {processor.py:842} WARNING - No viable dags retrieved from /usr/local/lib/python3.8/dist-packages/airflow/example_dags/plugins/workday.py
[2024-03-11T15:46:55.812+0000] {processor.py:183} INFO - Processing /usr/local/lib/python3.8/dist-packages/airflow/example_dags/plugins/workday.py took 0.354 seconds
[2024-03-11T15:47:32.261+0000] {processor.py:161} INFO - Started process (PID=941) to work on /usr/local/lib/python3.8/dist-packages/airflow/example_dags/plugins/workday.py
[2024-03-11T15:47:32.263+0000] {processor.py:830} INFO - Processing file /usr/local/lib/python3.8/dist-packages/airflow/example_dags/plugins/workday.py for tasks to queue
[2024-03-11T15:47:32.264+0000] {logging_mixin.py:188} INFO - [2024-03-11T15:47:32.264+0000] {dagbag.py:540} INFO - Filling up the DagBag from /usr/local/lib/python3.8/dist-packages/airflow/example_dags/plugins/workday.py
[2024-03-11T15:47:32.595+0000] {processor.py:842} WARNING - No viable dags retrieved from /usr/local/lib/python3.8/dist-packages/airflow/example_dags/plugins/workday.py
[2024-03-11T15:47:32.603+0000] {processor.py:183} INFO - Processing /usr/local/lib/python3.8/dist-packages/airflow/example_dags/plugins/workday.py took 0.345 seconds
[2024-03-11T15:48:11.635+0000] {processor.py:161} INFO - Started process (PID=980) to work on /usr/local/lib/python3.8/dist-packages/airflow/example_dags/plugins/workday.py
[2024-03-11T15:48:11.638+0000] {processor.py:830} INFO - Processing file /usr/local/lib/python3.8/dist-packages/airflow/example_dags/plugins/workday.py for tasks to queue
[2024-03-11T15:48:11.639+0000] {logging_mixin.py:188} INFO - [2024-03-11T15:48:11.639+0000] {dagbag.py:540} INFO - Filling up the DagBag from /usr/local/lib/python3.8/dist-packages/airflow/example_dags/plugins/workday.py
[2024-03-11T15:48:11.971+0000] {processor.py:842} WARNING - No viable dags retrieved from /usr/local/lib/python3.8/dist-packages/airflow/example_dags/plugins/workday.py
[2024-03-11T15:48:11.978+0000] {processor.py:183} INFO - Processing /usr/local/lib/python3.8/dist-packages/airflow/example_dags/plugins/workday.py took 0.347 seconds
[2024-03-11T15:48:52.317+0000] {processor.py:161} INFO - Started process (PID=1019) to work on /usr/local/lib/python3.8/dist-packages/airflow/example_dags/plugins/workday.py
[2024-03-11T15:48:52.319+0000] {processor.py:830} INFO - Processing file /usr/local/lib/python3.8/dist-packages/airflow/example_dags/plugins/workday.py for tasks to queue
[2024-03-11T15:48:52.320+0000] {logging_mixin.py:188} INFO - [2024-03-11T15:48:52.320+0000] {dagbag.py:540} INFO - Filling up the DagBag from /usr/local/lib/python3.8/dist-packages/airflow/example_dags/plugins/workday.py
[2024-03-11T15:48:52.650+0000] {processor.py:842} WARNING - No viable dags retrieved from /usr/local/lib/python3.8/dist-packages/airflow/example_dags/plugins/workday.py
[2024-03-11T15:48:52.657+0000] {processor.py:183} INFO - Processing /usr/local/lib/python3.8/dist-packages/airflow/example_dags/plugins/workday.py took 0.343 seconds
[2024-03-11T15:49:38.770+0000] {processor.py:161} INFO - Started process (PID=1059) to work on /usr/local/lib/python3.8/dist-packages/airflow/example_dags/plugins/workday.py
[2024-03-11T15:49:38.772+0000] {processor.py:830} INFO - Processing file /usr/local/lib/python3.8/dist-packages/airflow/example_dags/plugins/workday.py for tasks to queue
[2024-03-11T15:49:38.773+0000] {logging_mixin.py:188} INFO - [2024-03-11T15:49:38.773+0000] {dagbag.py:540} INFO - Filling up the DagBag from /usr/local/lib/python3.8/dist-packages/airflow/example_dags/plugins/workday.py
[2024-03-11T15:49:39.113+0000] {processor.py:842} WARNING - No viable dags retrieved from /usr/local/lib/python3.8/dist-packages/airflow/example_dags/plugins/workday.py
[2024-03-11T15:49:39.124+0000] {processor.py:183} INFO - Processing /usr/local/lib/python3.8/dist-packages/airflow/example_dags/plugins/workday.py took 0.357 seconds
[2024-03-11T15:50:31.031+0000] {processor.py:161} INFO - Started process (PID=1112) to work on /usr/local/lib/python3.8/dist-packages/airflow/example_dags/plugins/workday.py
[2024-03-11T15:50:31.033+0000] {processor.py:830} INFO - Processing file /usr/local/lib/python3.8/dist-packages/airflow/example_dags/plugins/workday.py for tasks to queue
[2024-03-11T15:50:31.034+0000] {logging_mixin.py:188} INFO - [2024-03-11T15:50:31.034+0000] {dagbag.py:540} INFO - Filling up the DagBag from /usr/local/lib/python3.8/dist-packages/airflow/example_dags/plugins/workday.py
[2024-03-11T15:50:31.375+0000] {processor.py:842} WARNING - No viable dags retrieved from /usr/local/lib/python3.8/dist-packages/airflow/example_dags/plugins/workday.py
[2024-03-11T15:50:31.385+0000] {processor.py:183} INFO - Processing /usr/local/lib/python3.8/dist-packages/airflow/example_dags/plugins/workday.py took 0.356 seconds
[2024-03-11T15:51:18.077+0000] {processor.py:161} INFO - Started process (PID=1158) to work on /usr/local/lib/python3.8/dist-packages/airflow/example_dags/plugins/workday.py
[2024-03-11T15:51:18.078+0000] {processor.py:830} INFO - Processing file /usr/local/lib/python3.8/dist-packages/airflow/example_dags/plugins/workday.py for tasks to queue
[2024-03-11T15:51:18.079+0000] {logging_mixin.py:188} INFO - [2024-03-11T15:51:18.078+0000] {dagbag.py:540} INFO - Filling up the DagBag from /usr/local/lib/python3.8/dist-packages/airflow/example_dags/plugins/workday.py
[2024-03-11T15:51:18.425+0000] {processor.py:842} WARNING - No viable dags retrieved from /usr/local/lib/python3.8/dist-packages/airflow/example_dags/plugins/workday.py
[2024-03-11T15:51:18.437+0000] {processor.py:183} INFO - Processing /usr/local/lib/python3.8/dist-packages/airflow/example_dags/plugins/workday.py took 0.363 seconds
[2024-03-11T15:52:03.292+0000] {processor.py:161} INFO - Started process (PID=1221) to work on /usr/local/lib/python3.8/dist-packages/airflow/example_dags/plugins/workday.py
[2024-03-11T15:52:03.295+0000] {processor.py:830} INFO - Processing file /usr/local/lib/python3.8/dist-packages/airflow/example_dags/plugins/workday.py for tasks to queue
[2024-03-11T15:52:03.296+0000] {logging_mixin.py:188} INFO - [2024-03-11T15:52:03.295+0000] {dagbag.py:540} INFO - Filling up the DagBag from /usr/local/lib/python3.8/dist-packages/airflow/example_dags/plugins/workday.py
[2024-03-11T15:52:03.665+0000] {processor.py:842} WARNING - No viable dags retrieved from /usr/local/lib/python3.8/dist-packages/airflow/example_dags/plugins/workday.py
[2024-03-11T15:52:03.677+0000] {processor.py:183} INFO - Processing /usr/local/lib/python3.8/dist-packages/airflow/example_dags/plugins/workday.py took 0.388 seconds
[2024-03-11T15:52:44.225+0000] {processor.py:161} INFO - Started process (PID=1262) to work on /usr/local/lib/python3.8/dist-packages/airflow/example_dags/plugins/workday.py
[2024-03-11T15:52:44.228+0000] {processor.py:830} INFO - Processing file /usr/local/lib/python3.8/dist-packages/airflow/example_dags/plugins/workday.py for tasks to queue
[2024-03-11T15:52:44.229+0000] {logging_mixin.py:188} INFO - [2024-03-11T15:52:44.229+0000] {dagbag.py:540} INFO - Filling up the DagBag from /usr/local/lib/python3.8/dist-packages/airflow/example_dags/plugins/workday.py
[2024-03-11T15:52:44.575+0000] {processor.py:842} WARNING - No viable dags retrieved from /usr/local/lib/python3.8/dist-packages/airflow/example_dags/plugins/workday.py
[2024-03-11T15:52:44.586+0000] {processor.py:183} INFO - Processing /usr/local/lib/python3.8/dist-packages/airflow/example_dags/plugins/workday.py took 0.364 seconds
[2024-03-11T15:53:32.995+0000] {processor.py:161} INFO - Started process (PID=1309) to work on /usr/local/lib/python3.8/dist-packages/airflow/example_dags/plugins/workday.py
[2024-03-11T15:53:32.996+0000] {processor.py:830} INFO - Processing file /usr/local/lib/python3.8/dist-packages/airflow/example_dags/plugins/workday.py for tasks to queue
[2024-03-11T15:53:32.997+0000] {logging_mixin.py:188} INFO - [2024-03-11T15:53:32.997+0000] {dagbag.py:540} INFO - Filling up the DagBag from /usr/local/lib/python3.8/dist-packages/airflow/example_dags/plugins/workday.py
[2024-03-11T15:53:33.329+0000] {processor.py:842} WARNING - No viable dags retrieved from /usr/local/lib/python3.8/dist-packages/airflow/example_dags/plugins/workday.py
[2024-03-11T15:53:33.337+0000] {processor.py:183} INFO - Processing /usr/local/lib/python3.8/dist-packages/airflow/example_dags/plugins/workday.py took 0.346 seconds
[2024-03-11T15:54:20.796+0000] {processor.py:161} INFO - Started process (PID=1377) to work on /usr/local/lib/python3.8/dist-packages/airflow/example_dags/plugins/workday.py
[2024-03-11T15:54:20.797+0000] {processor.py:830} INFO - Processing file /usr/local/lib/python3.8/dist-packages/airflow/example_dags/plugins/workday.py for tasks to queue
[2024-03-11T15:54:20.798+0000] {logging_mixin.py:188} INFO - [2024-03-11T15:54:20.798+0000] {dagbag.py:540} INFO - Filling up the DagBag from /usr/local/lib/python3.8/dist-packages/airflow/example_dags/plugins/workday.py
[2024-03-11T15:54:21.148+0000] {processor.py:842} WARNING - No viable dags retrieved from /usr/local/lib/python3.8/dist-packages/airflow/example_dags/plugins/workday.py
[2024-03-11T15:54:21.266+0000] {processor.py:183} INFO - Processing /usr/local/lib/python3.8/dist-packages/airflow/example_dags/plugins/workday.py took 0.474 seconds
[2024-03-11T15:55:32.841+0000] {processor.py:161} INFO - Started process (PID=1447) to work on /usr/local/lib/python3.8/dist-packages/airflow/example_dags/plugins/workday.py
[2024-03-11T15:55:32.842+0000] {processor.py:830} INFO - Processing file /usr/local/lib/python3.8/dist-packages/airflow/example_dags/plugins/workday.py for tasks to queue
[2024-03-11T15:55:32.843+0000] {logging_mixin.py:188} INFO - [2024-03-11T15:55:32.842+0000] {dagbag.py:540} INFO - Filling up the DagBag from /usr/local/lib/python3.8/dist-packages/airflow/example_dags/plugins/workday.py
[2024-03-11T15:55:33.253+0000] {processor.py:842} WARNING - No viable dags retrieved from /usr/local/lib/python3.8/dist-packages/airflow/example_dags/plugins/workday.py
[2024-03-11T15:55:33.258+0000] {processor.py:183} INFO - Processing /usr/local/lib/python3.8/dist-packages/airflow/example_dags/plugins/workday.py took 0.420 seconds
[2024-03-11T15:56:31.743+0000] {processor.py:161} INFO - Started process (PID=1499) to work on /usr/local/lib/python3.8/dist-packages/airflow/example_dags/plugins/workday.py
[2024-03-11T15:56:31.746+0000] {processor.py:830} INFO - Processing file /usr/local/lib/python3.8/dist-packages/airflow/example_dags/plugins/workday.py for tasks to queue
[2024-03-11T15:56:31.747+0000] {logging_mixin.py:188} INFO - [2024-03-11T15:56:31.746+0000] {dagbag.py:540} INFO - Filling up the DagBag from /usr/local/lib/python3.8/dist-packages/airflow/example_dags/plugins/workday.py
[2024-03-11T15:56:32.053+0000] {processor.py:842} WARNING - No viable dags retrieved from /usr/local/lib/python3.8/dist-packages/airflow/example_dags/plugins/workday.py
[2024-03-11T15:56:32.061+0000] {processor.py:183} INFO - Processing /usr/local/lib/python3.8/dist-packages/airflow/example_dags/plugins/workday.py took 0.321 seconds
[2024-03-11T15:57:25.740+0000] {processor.py:161} INFO - Started process (PID=1551) to work on /usr/local/lib/python3.8/dist-packages/airflow/example_dags/plugins/workday.py
[2024-03-11T15:57:25.742+0000] {processor.py:830} INFO - Processing file /usr/local/lib/python3.8/dist-packages/airflow/example_dags/plugins/workday.py for tasks to queue
[2024-03-11T15:57:25.743+0000] {logging_mixin.py:188} INFO - [2024-03-11T15:57:25.743+0000] {dagbag.py:540} INFO - Filling up the DagBag from /usr/local/lib/python3.8/dist-packages/airflow/example_dags/plugins/workday.py
[2024-03-11T15:57:26.077+0000] {processor.py:842} WARNING - No viable dags retrieved from /usr/local/lib/python3.8/dist-packages/airflow/example_dags/plugins/workday.py
[2024-03-11T15:57:26.087+0000] {processor.py:183} INFO - Processing /usr/local/lib/python3.8/dist-packages/airflow/example_dags/plugins/workday.py took 0.351 seconds
[2024-03-11T15:58:15.660+0000] {processor.py:161} INFO - Started process (PID=1598) to work on /usr/local/lib/python3.8/dist-packages/airflow/example_dags/plugins/workday.py
[2024-03-11T15:58:15.661+0000] {processor.py:830} INFO - Processing file /usr/local/lib/python3.8/dist-packages/airflow/example_dags/plugins/workday.py for tasks to queue
[2024-03-11T15:58:15.662+0000] {logging_mixin.py:188} INFO - [2024-03-11T15:58:15.662+0000] {dagbag.py:540} INFO - Filling up the DagBag from /usr/local/lib/python3.8/dist-packages/airflow/example_dags/plugins/workday.py
[2024-03-11T15:58:15.970+0000] {processor.py:842} WARNING - No viable dags retrieved from /usr/local/lib/python3.8/dist-packages/airflow/example_dags/plugins/workday.py
[2024-03-11T15:58:15.977+0000] {processor.py:183} INFO - Processing /usr/local/lib/python3.8/dist-packages/airflow/example_dags/plugins/workday.py took 0.321 seconds
[2024-03-11T16:08:23.077+0000] {processor.py:161} INFO - Started process (PID=410) to work on /usr/local/lib/python3.8/dist-packages/airflow/example_dags/plugins/workday.py
[2024-03-11T16:08:23.079+0000] {processor.py:830} INFO - Processing file /usr/local/lib/python3.8/dist-packages/airflow/example_dags/plugins/workday.py for tasks to queue
[2024-03-11T16:08:23.080+0000] {logging_mixin.py:188} INFO - [2024-03-11T16:08:23.079+0000] {dagbag.py:540} INFO - Filling up the DagBag from /usr/local/lib/python3.8/dist-packages/airflow/example_dags/plugins/workday.py
[2024-03-11T16:08:23.366+0000] {processor.py:842} WARNING - No viable dags retrieved from /usr/local/lib/python3.8/dist-packages/airflow/example_dags/plugins/workday.py
[2024-03-11T16:08:23.371+0000] {processor.py:183} INFO - Processing /usr/local/lib/python3.8/dist-packages/airflow/example_dags/plugins/workday.py took 0.296 seconds
[2024-03-11T16:09:25.442+0000] {processor.py:161} INFO - Started process (PID=475) to work on /usr/local/lib/python3.8/dist-packages/airflow/example_dags/plugins/workday.py
[2024-03-11T16:09:25.444+0000] {processor.py:830} INFO - Processing file /usr/local/lib/python3.8/dist-packages/airflow/example_dags/plugins/workday.py for tasks to queue
[2024-03-11T16:09:25.445+0000] {logging_mixin.py:188} INFO - [2024-03-11T16:09:25.445+0000] {dagbag.py:540} INFO - Filling up the DagBag from /usr/local/lib/python3.8/dist-packages/airflow/example_dags/plugins/workday.py
[2024-03-11T16:09:25.721+0000] {processor.py:842} WARNING - No viable dags retrieved from /usr/local/lib/python3.8/dist-packages/airflow/example_dags/plugins/workday.py
[2024-03-11T16:09:25.731+0000] {processor.py:183} INFO - Processing /usr/local/lib/python3.8/dist-packages/airflow/example_dags/plugins/workday.py took 0.294 seconds
[2024-03-11T16:10:13.361+0000] {processor.py:161} INFO - Started process (PID=523) to work on /usr/local/lib/python3.8/dist-packages/airflow/example_dags/plugins/workday.py
[2024-03-11T16:10:13.363+0000] {processor.py:830} INFO - Processing file /usr/local/lib/python3.8/dist-packages/airflow/example_dags/plugins/workday.py for tasks to queue
[2024-03-11T16:10:13.364+0000] {logging_mixin.py:188} INFO - [2024-03-11T16:10:13.364+0000] {dagbag.py:540} INFO - Filling up the DagBag from /usr/local/lib/python3.8/dist-packages/airflow/example_dags/plugins/workday.py
[2024-03-11T16:10:13.641+0000] {processor.py:842} WARNING - No viable dags retrieved from /usr/local/lib/python3.8/dist-packages/airflow/example_dags/plugins/workday.py
[2024-03-11T16:10:13.651+0000] {processor.py:183} INFO - Processing /usr/local/lib/python3.8/dist-packages/airflow/example_dags/plugins/workday.py took 0.293 seconds
[2024-03-11T16:10:59.093+0000] {processor.py:161} INFO - Started process (PID=568) to work on /usr/local/lib/python3.8/dist-packages/airflow/example_dags/plugins/workday.py
[2024-03-11T16:10:59.094+0000] {processor.py:830} INFO - Processing file /usr/local/lib/python3.8/dist-packages/airflow/example_dags/plugins/workday.py for tasks to queue
[2024-03-11T16:10:59.095+0000] {logging_mixin.py:188} INFO - [2024-03-11T16:10:59.095+0000] {dagbag.py:540} INFO - Filling up the DagBag from /usr/local/lib/python3.8/dist-packages/airflow/example_dags/plugins/workday.py
[2024-03-11T16:10:59.373+0000] {processor.py:842} WARNING - No viable dags retrieved from /usr/local/lib/python3.8/dist-packages/airflow/example_dags/plugins/workday.py
[2024-03-11T16:10:59.382+0000] {processor.py:183} INFO - Processing /usr/local/lib/python3.8/dist-packages/airflow/example_dags/plugins/workday.py took 0.293 seconds
[2024-03-11T16:12:00.696+0000] {processor.py:161} INFO - Started process (PID=635) to work on /usr/local/lib/python3.8/dist-packages/airflow/example_dags/plugins/workday.py
[2024-03-11T16:12:00.698+0000] {processor.py:830} INFO - Processing file /usr/local/lib/python3.8/dist-packages/airflow/example_dags/plugins/workday.py for tasks to queue
[2024-03-11T16:12:00.699+0000] {logging_mixin.py:188} INFO - [2024-03-11T16:12:00.699+0000] {dagbag.py:540} INFO - Filling up the DagBag from /usr/local/lib/python3.8/dist-packages/airflow/example_dags/plugins/workday.py
[2024-03-11T16:12:00.981+0000] {processor.py:842} WARNING - No viable dags retrieved from /usr/local/lib/python3.8/dist-packages/airflow/example_dags/plugins/workday.py
[2024-03-11T16:12:00.990+0000] {processor.py:183} INFO - Processing /usr/local/lib/python3.8/dist-packages/airflow/example_dags/plugins/workday.py took 0.297 seconds
[2024-03-11T16:12:58.615+0000] {processor.py:161} INFO - Started process (PID=698) to work on /usr/local/lib/python3.8/dist-packages/airflow/example_dags/plugins/workday.py
[2024-03-11T16:12:58.616+0000] {processor.py:830} INFO - Processing file /usr/local/lib/python3.8/dist-packages/airflow/example_dags/plugins/workday.py for tasks to queue
[2024-03-11T16:12:58.617+0000] {logging_mixin.py:188} INFO - [2024-03-11T16:12:58.617+0000] {dagbag.py:540} INFO - Filling up the DagBag from /usr/local/lib/python3.8/dist-packages/airflow/example_dags/plugins/workday.py
[2024-03-11T16:12:58.818+0000] {processor.py:842} WARNING - No viable dags retrieved from /usr/local/lib/python3.8/dist-packages/airflow/example_dags/plugins/workday.py
[2024-03-11T16:12:58.825+0000] {processor.py:183} INFO - Processing /usr/local/lib/python3.8/dist-packages/airflow/example_dags/plugins/workday.py took 0.213 seconds
[2024-03-11T16:13:32.122+0000] {processor.py:161} INFO - Started process (PID=739) to work on /usr/local/lib/python3.8/dist-packages/airflow/example_dags/plugins/workday.py
[2024-03-11T16:13:32.125+0000] {processor.py:830} INFO - Processing file /usr/local/lib/python3.8/dist-packages/airflow/example_dags/plugins/workday.py for tasks to queue
[2024-03-11T16:13:32.126+0000] {logging_mixin.py:188} INFO - [2024-03-11T16:13:32.125+0000] {dagbag.py:540} INFO - Filling up the DagBag from /usr/local/lib/python3.8/dist-packages/airflow/example_dags/plugins/workday.py
[2024-03-11T16:13:32.433+0000] {processor.py:842} WARNING - No viable dags retrieved from /usr/local/lib/python3.8/dist-packages/airflow/example_dags/plugins/workday.py
[2024-03-11T16:13:32.453+0000] {processor.py:183} INFO - Processing /usr/local/lib/python3.8/dist-packages/airflow/example_dags/plugins/workday.py took 0.334 seconds
[2024-03-11T16:14:25.346+0000] {processor.py:161} INFO - Started process (PID=795) to work on /usr/local/lib/python3.8/dist-packages/airflow/example_dags/plugins/workday.py
[2024-03-11T16:14:25.348+0000] {processor.py:830} INFO - Processing file /usr/local/lib/python3.8/dist-packages/airflow/example_dags/plugins/workday.py for tasks to queue
[2024-03-11T16:14:25.349+0000] {logging_mixin.py:188} INFO - [2024-03-11T16:14:25.349+0000] {dagbag.py:540} INFO - Filling up the DagBag from /usr/local/lib/python3.8/dist-packages/airflow/example_dags/plugins/workday.py
[2024-03-11T16:14:25.626+0000] {processor.py:842} WARNING - No viable dags retrieved from /usr/local/lib/python3.8/dist-packages/airflow/example_dags/plugins/workday.py
[2024-03-11T16:14:25.636+0000] {processor.py:183} INFO - Processing /usr/local/lib/python3.8/dist-packages/airflow/example_dags/plugins/workday.py took 0.294 seconds
[2024-03-11T16:15:12.346+0000] {processor.py:161} INFO - Started process (PID=841) to work on /usr/local/lib/python3.8/dist-packages/airflow/example_dags/plugins/workday.py
[2024-03-11T16:15:12.348+0000] {processor.py:830} INFO - Processing file /usr/local/lib/python3.8/dist-packages/airflow/example_dags/plugins/workday.py for tasks to queue
[2024-03-11T16:15:12.349+0000] {logging_mixin.py:188} INFO - [2024-03-11T16:15:12.349+0000] {dagbag.py:540} INFO - Filling up the DagBag from /usr/local/lib/python3.8/dist-packages/airflow/example_dags/plugins/workday.py
[2024-03-11T16:15:12.627+0000] {processor.py:842} WARNING - No viable dags retrieved from /usr/local/lib/python3.8/dist-packages/airflow/example_dags/plugins/workday.py
[2024-03-11T16:15:12.638+0000] {processor.py:183} INFO - Processing /usr/local/lib/python3.8/dist-packages/airflow/example_dags/plugins/workday.py took 0.296 seconds
[2024-03-11T16:16:00.006+0000] {processor.py:161} INFO - Started process (PID=889) to work on /usr/local/lib/python3.8/dist-packages/airflow/example_dags/plugins/workday.py
[2024-03-11T16:16:00.008+0000] {processor.py:830} INFO - Processing file /usr/local/lib/python3.8/dist-packages/airflow/example_dags/plugins/workday.py for tasks to queue
[2024-03-11T16:16:00.009+0000] {logging_mixin.py:188} INFO - [2024-03-11T16:16:00.009+0000] {dagbag.py:540} INFO - Filling up the DagBag from /usr/local/lib/python3.8/dist-packages/airflow/example_dags/plugins/workday.py
[2024-03-11T16:16:00.284+0000] {processor.py:842} WARNING - No viable dags retrieved from /usr/local/lib/python3.8/dist-packages/airflow/example_dags/plugins/workday.py
[2024-03-11T16:16:00.292+0000] {processor.py:183} INFO - Processing /usr/local/lib/python3.8/dist-packages/airflow/example_dags/plugins/workday.py took 0.289 seconds
[2024-03-11T16:16:46.970+0000] {processor.py:161} INFO - Started process (PID=935) to work on /usr/local/lib/python3.8/dist-packages/airflow/example_dags/plugins/workday.py
[2024-03-11T16:16:46.972+0000] {processor.py:830} INFO - Processing file /usr/local/lib/python3.8/dist-packages/airflow/example_dags/plugins/workday.py for tasks to queue
[2024-03-11T16:16:46.974+0000] {logging_mixin.py:188} INFO - [2024-03-11T16:16:46.973+0000] {dagbag.py:540} INFO - Filling up the DagBag from /usr/local/lib/python3.8/dist-packages/airflow/example_dags/plugins/workday.py
[2024-03-11T16:16:47.250+0000] {processor.py:842} WARNING - No viable dags retrieved from /usr/local/lib/python3.8/dist-packages/airflow/example_dags/plugins/workday.py
[2024-03-11T16:16:47.260+0000] {processor.py:183} INFO - Processing /usr/local/lib/python3.8/dist-packages/airflow/example_dags/plugins/workday.py took 0.294 seconds
[2024-03-11T16:17:33.451+0000] {processor.py:161} INFO - Started process (PID=982) to work on /usr/local/lib/python3.8/dist-packages/airflow/example_dags/plugins/workday.py
[2024-03-11T16:17:33.453+0000] {processor.py:830} INFO - Processing file /usr/local/lib/python3.8/dist-packages/airflow/example_dags/plugins/workday.py for tasks to queue
[2024-03-11T16:17:33.454+0000] {logging_mixin.py:188} INFO - [2024-03-11T16:17:33.453+0000] {dagbag.py:540} INFO - Filling up the DagBag from /usr/local/lib/python3.8/dist-packages/airflow/example_dags/plugins/workday.py
[2024-03-11T16:17:33.731+0000] {processor.py:842} WARNING - No viable dags retrieved from /usr/local/lib/python3.8/dist-packages/airflow/example_dags/plugins/workday.py
[2024-03-11T16:17:33.742+0000] {processor.py:183} INFO - Processing /usr/local/lib/python3.8/dist-packages/airflow/example_dags/plugins/workday.py took 0.294 seconds
[2024-03-11T16:18:22.709+0000] {processor.py:161} INFO - Started process (PID=1030) to work on /usr/local/lib/python3.8/dist-packages/airflow/example_dags/plugins/workday.py
[2024-03-11T16:18:22.711+0000] {processor.py:830} INFO - Processing file /usr/local/lib/python3.8/dist-packages/airflow/example_dags/plugins/workday.py for tasks to queue
[2024-03-11T16:18:22.712+0000] {logging_mixin.py:188} INFO - [2024-03-11T16:18:22.712+0000] {dagbag.py:540} INFO - Filling up the DagBag from /usr/local/lib/python3.8/dist-packages/airflow/example_dags/plugins/workday.py
[2024-03-11T16:18:22.990+0000] {processor.py:842} WARNING - No viable dags retrieved from /usr/local/lib/python3.8/dist-packages/airflow/example_dags/plugins/workday.py
[2024-03-11T16:18:23.001+0000] {processor.py:183} INFO - Processing /usr/local/lib/python3.8/dist-packages/airflow/example_dags/plugins/workday.py took 0.295 seconds
[2024-03-11T16:19:22.339+0000] {processor.py:161} INFO - Started process (PID=1092) to work on /usr/local/lib/python3.8/dist-packages/airflow/example_dags/plugins/workday.py
[2024-03-11T16:19:22.341+0000] {processor.py:830} INFO - Processing file /usr/local/lib/python3.8/dist-packages/airflow/example_dags/plugins/workday.py for tasks to queue
[2024-03-11T16:19:22.342+0000] {logging_mixin.py:188} INFO - [2024-03-11T16:19:22.342+0000] {dagbag.py:540} INFO - Filling up the DagBag from /usr/local/lib/python3.8/dist-packages/airflow/example_dags/plugins/workday.py
[2024-03-11T16:19:22.655+0000] {processor.py:842} WARNING - No viable dags retrieved from /usr/local/lib/python3.8/dist-packages/airflow/example_dags/plugins/workday.py
[2024-03-11T16:19:22.665+0000] {processor.py:183} INFO - Processing /usr/local/lib/python3.8/dist-packages/airflow/example_dags/plugins/workday.py took 0.329 seconds
[2024-03-11T16:19:57.424+0000] {processor.py:161} INFO - Started process (PID=1126) to work on /usr/local/lib/python3.8/dist-packages/airflow/example_dags/plugins/workday.py
[2024-03-11T16:19:57.426+0000] {processor.py:830} INFO - Processing file /usr/local/lib/python3.8/dist-packages/airflow/example_dags/plugins/workday.py for tasks to queue
[2024-03-11T16:19:57.427+0000] {logging_mixin.py:188} INFO - [2024-03-11T16:19:57.426+0000] {dagbag.py:540} INFO - Filling up the DagBag from /usr/local/lib/python3.8/dist-packages/airflow/example_dags/plugins/workday.py
[2024-03-11T16:19:57.706+0000] {processor.py:842} WARNING - No viable dags retrieved from /usr/local/lib/python3.8/dist-packages/airflow/example_dags/plugins/workday.py
[2024-03-11T16:19:57.714+0000] {processor.py:183} INFO - Processing /usr/local/lib/python3.8/dist-packages/airflow/example_dags/plugins/workday.py took 0.294 seconds
[2024-03-11T16:20:45.625+0000] {processor.py:161} INFO - Started process (PID=1207) to work on /usr/local/lib/python3.8/dist-packages/airflow/example_dags/plugins/workday.py
[2024-03-11T16:20:45.627+0000] {processor.py:830} INFO - Processing file /usr/local/lib/python3.8/dist-packages/airflow/example_dags/plugins/workday.py for tasks to queue
[2024-03-11T16:20:45.628+0000] {logging_mixin.py:188} INFO - [2024-03-11T16:20:45.628+0000] {dagbag.py:540} INFO - Filling up the DagBag from /usr/local/lib/python3.8/dist-packages/airflow/example_dags/plugins/workday.py
[2024-03-11T16:20:45.912+0000] {processor.py:842} WARNING - No viable dags retrieved from /usr/local/lib/python3.8/dist-packages/airflow/example_dags/plugins/workday.py
[2024-03-11T16:20:45.922+0000] {processor.py:183} INFO - Processing /usr/local/lib/python3.8/dist-packages/airflow/example_dags/plugins/workday.py took 0.300 seconds
[2024-03-11T16:21:32.593+0000] {processor.py:161} INFO - Started process (PID=1279) to work on /usr/local/lib/python3.8/dist-packages/airflow/example_dags/plugins/workday.py
[2024-03-11T16:21:32.595+0000] {processor.py:830} INFO - Processing file /usr/local/lib/python3.8/dist-packages/airflow/example_dags/plugins/workday.py for tasks to queue
[2024-03-11T16:21:32.596+0000] {logging_mixin.py:188} INFO - [2024-03-11T16:21:32.595+0000] {dagbag.py:540} INFO - Filling up the DagBag from /usr/local/lib/python3.8/dist-packages/airflow/example_dags/plugins/workday.py
[2024-03-11T16:21:32.872+0000] {processor.py:842} WARNING - No viable dags retrieved from /usr/local/lib/python3.8/dist-packages/airflow/example_dags/plugins/workday.py
[2024-03-11T16:21:32.882+0000] {processor.py:183} INFO - Processing /usr/local/lib/python3.8/dist-packages/airflow/example_dags/plugins/workday.py took 0.292 seconds
[2024-03-11T16:22:26.008+0000] {processor.py:161} INFO - Started process (PID=1339) to work on /usr/local/lib/python3.8/dist-packages/airflow/example_dags/plugins/workday.py
[2024-03-11T16:22:26.010+0000] {processor.py:830} INFO - Processing file /usr/local/lib/python3.8/dist-packages/airflow/example_dags/plugins/workday.py for tasks to queue
[2024-03-11T16:22:26.011+0000] {logging_mixin.py:188} INFO - [2024-03-11T16:22:26.010+0000] {dagbag.py:540} INFO - Filling up the DagBag from /usr/local/lib/python3.8/dist-packages/airflow/example_dags/plugins/workday.py
[2024-03-11T16:22:26.214+0000] {processor.py:842} WARNING - No viable dags retrieved from /usr/local/lib/python3.8/dist-packages/airflow/example_dags/plugins/workday.py
[2024-03-11T16:22:26.223+0000] {processor.py:183} INFO - Processing /usr/local/lib/python3.8/dist-packages/airflow/example_dags/plugins/workday.py took 0.217 seconds
[2024-03-11T16:23:06.397+0000] {processor.py:161} INFO - Started process (PID=1392) to work on /usr/local/lib/python3.8/dist-packages/airflow/example_dags/plugins/workday.py
[2024-03-11T16:23:06.398+0000] {processor.py:830} INFO - Processing file /usr/local/lib/python3.8/dist-packages/airflow/example_dags/plugins/workday.py for tasks to queue
[2024-03-11T16:23:06.399+0000] {logging_mixin.py:188} INFO - [2024-03-11T16:23:06.399+0000] {dagbag.py:540} INFO - Filling up the DagBag from /usr/local/lib/python3.8/dist-packages/airflow/example_dags/plugins/workday.py
[2024-03-11T16:23:06.677+0000] {processor.py:842} WARNING - No viable dags retrieved from /usr/local/lib/python3.8/dist-packages/airflow/example_dags/plugins/workday.py
[2024-03-11T16:23:06.687+0000] {processor.py:183} INFO - Processing /usr/local/lib/python3.8/dist-packages/airflow/example_dags/plugins/workday.py took 0.294 seconds
[2024-03-11T16:23:46.777+0000] {processor.py:161} INFO - Started process (PID=1442) to work on /usr/local/lib/python3.8/dist-packages/airflow/example_dags/plugins/workday.py
[2024-03-11T16:23:46.779+0000] {processor.py:830} INFO - Processing file /usr/local/lib/python3.8/dist-packages/airflow/example_dags/plugins/workday.py for tasks to queue
[2024-03-11T16:23:46.780+0000] {logging_mixin.py:188} INFO - [2024-03-11T16:23:46.780+0000] {dagbag.py:540} INFO - Filling up the DagBag from /usr/local/lib/python3.8/dist-packages/airflow/example_dags/plugins/workday.py
[2024-03-11T16:23:47.061+0000] {processor.py:842} WARNING - No viable dags retrieved from /usr/local/lib/python3.8/dist-packages/airflow/example_dags/plugins/workday.py
[2024-03-11T16:23:47.072+0000] {processor.py:183} INFO - Processing /usr/local/lib/python3.8/dist-packages/airflow/example_dags/plugins/workday.py took 0.298 seconds
[2024-03-11T16:24:39.971+0000] {processor.py:161} INFO - Started process (PID=1493) to work on /usr/local/lib/python3.8/dist-packages/airflow/example_dags/plugins/workday.py
[2024-03-11T16:24:39.973+0000] {processor.py:830} INFO - Processing file /usr/local/lib/python3.8/dist-packages/airflow/example_dags/plugins/workday.py for tasks to queue
[2024-03-11T16:24:39.974+0000] {logging_mixin.py:188} INFO - [2024-03-11T16:24:39.974+0000] {dagbag.py:540} INFO - Filling up the DagBag from /usr/local/lib/python3.8/dist-packages/airflow/example_dags/plugins/workday.py
[2024-03-11T16:24:40.254+0000] {processor.py:842} WARNING - No viable dags retrieved from /usr/local/lib/python3.8/dist-packages/airflow/example_dags/plugins/workday.py
[2024-03-11T16:24:40.264+0000] {processor.py:183} INFO - Processing /usr/local/lib/python3.8/dist-packages/airflow/example_dags/plugins/workday.py took 0.297 seconds
[2024-03-11T16:25:44.796+0000] {processor.py:161} INFO - Started process (PID=1560) to work on /usr/local/lib/python3.8/dist-packages/airflow/example_dags/plugins/workday.py
[2024-03-11T16:25:44.798+0000] {processor.py:830} INFO - Processing file /usr/local/lib/python3.8/dist-packages/airflow/example_dags/plugins/workday.py for tasks to queue
[2024-03-11T16:25:44.799+0000] {logging_mixin.py:188} INFO - [2024-03-11T16:25:44.799+0000] {dagbag.py:540} INFO - Filling up the DagBag from /usr/local/lib/python3.8/dist-packages/airflow/example_dags/plugins/workday.py
[2024-03-11T16:25:45.080+0000] {processor.py:842} WARNING - No viable dags retrieved from /usr/local/lib/python3.8/dist-packages/airflow/example_dags/plugins/workday.py
[2024-03-11T16:25:45.092+0000] {processor.py:183} INFO - Processing /usr/local/lib/python3.8/dist-packages/airflow/example_dags/plugins/workday.py took 0.299 seconds
[2024-03-11T16:27:38.370+0000] {processor.py:161} INFO - Started process (PID=1609) to work on /usr/local/lib/python3.8/dist-packages/airflow/example_dags/plugins/workday.py
[2024-03-11T16:27:38.374+0000] {processor.py:830} INFO - Processing file /usr/local/lib/python3.8/dist-packages/airflow/example_dags/plugins/workday.py for tasks to queue
[2024-03-11T16:27:38.375+0000] {logging_mixin.py:188} INFO - [2024-03-11T16:27:38.375+0000] {dagbag.py:540} INFO - Filling up the DagBag from /usr/local/lib/python3.8/dist-packages/airflow/example_dags/plugins/workday.py
[2024-03-11T16:27:38.666+0000] {processor.py:842} WARNING - No viable dags retrieved from /usr/local/lib/python3.8/dist-packages/airflow/example_dags/plugins/workday.py
[2024-03-11T16:27:38.677+0000] {processor.py:183} INFO - Processing /usr/local/lib/python3.8/dist-packages/airflow/example_dags/plugins/workday.py took 0.310 seconds
[2024-03-11T16:28:14.574+0000] {processor.py:161} INFO - Started process (PID=1651) to work on /usr/local/lib/python3.8/dist-packages/airflow/example_dags/plugins/workday.py
[2024-03-11T16:28:14.576+0000] {processor.py:830} INFO - Processing file /usr/local/lib/python3.8/dist-packages/airflow/example_dags/plugins/workday.py for tasks to queue
[2024-03-11T16:28:14.577+0000] {logging_mixin.py:188} INFO - [2024-03-11T16:28:14.576+0000] {dagbag.py:540} INFO - Filling up the DagBag from /usr/local/lib/python3.8/dist-packages/airflow/example_dags/plugins/workday.py
[2024-03-11T16:28:14.865+0000] {processor.py:842} WARNING - No viable dags retrieved from /usr/local/lib/python3.8/dist-packages/airflow/example_dags/plugins/workday.py
[2024-03-11T16:28:14.875+0000] {processor.py:183} INFO - Processing /usr/local/lib/python3.8/dist-packages/airflow/example_dags/plugins/workday.py took 0.305 seconds
[2024-03-11T16:28:51.418+0000] {processor.py:161} INFO - Started process (PID=1690) to work on /usr/local/lib/python3.8/dist-packages/airflow/example_dags/plugins/workday.py
[2024-03-11T16:28:51.420+0000] {processor.py:830} INFO - Processing file /usr/local/lib/python3.8/dist-packages/airflow/example_dags/plugins/workday.py for tasks to queue
[2024-03-11T16:28:51.424+0000] {logging_mixin.py:188} INFO - [2024-03-11T16:28:51.424+0000] {dagbag.py:540} INFO - Filling up the DagBag from /usr/local/lib/python3.8/dist-packages/airflow/example_dags/plugins/workday.py
[2024-03-11T16:28:51.713+0000] {processor.py:842} WARNING - No viable dags retrieved from /usr/local/lib/python3.8/dist-packages/airflow/example_dags/plugins/workday.py
[2024-03-11T16:28:51.724+0000] {processor.py:183} INFO - Processing /usr/local/lib/python3.8/dist-packages/airflow/example_dags/plugins/workday.py took 0.310 seconds
[2024-03-11T16:29:35.941+0000] {processor.py:161} INFO - Started process (PID=1736) to work on /usr/local/lib/python3.8/dist-packages/airflow/example_dags/plugins/workday.py
[2024-03-11T16:29:35.946+0000] {processor.py:830} INFO - Processing file /usr/local/lib/python3.8/dist-packages/airflow/example_dags/plugins/workday.py for tasks to queue
[2024-03-11T16:29:35.947+0000] {logging_mixin.py:188} INFO - [2024-03-11T16:29:35.947+0000] {dagbag.py:540} INFO - Filling up the DagBag from /usr/local/lib/python3.8/dist-packages/airflow/example_dags/plugins/workday.py
[2024-03-11T16:29:36.236+0000] {processor.py:842} WARNING - No viable dags retrieved from /usr/local/lib/python3.8/dist-packages/airflow/example_dags/plugins/workday.py
[2024-03-11T16:29:36.247+0000] {processor.py:183} INFO - Processing /usr/local/lib/python3.8/dist-packages/airflow/example_dags/plugins/workday.py took 0.309 seconds
[2024-03-11T16:30:12.695+0000] {processor.py:161} INFO - Started process (PID=1778) to work on /usr/local/lib/python3.8/dist-packages/airflow/example_dags/plugins/workday.py
[2024-03-11T16:30:12.697+0000] {processor.py:830} INFO - Processing file /usr/local/lib/python3.8/dist-packages/airflow/example_dags/plugins/workday.py for tasks to queue
[2024-03-11T16:30:12.702+0000] {logging_mixin.py:188} INFO - [2024-03-11T16:30:12.701+0000] {dagbag.py:540} INFO - Filling up the DagBag from /usr/local/lib/python3.8/dist-packages/airflow/example_dags/plugins/workday.py
[2024-03-11T16:30:12.992+0000] {processor.py:842} WARNING - No viable dags retrieved from /usr/local/lib/python3.8/dist-packages/airflow/example_dags/plugins/workday.py
[2024-03-11T16:30:13.003+0000] {processor.py:183} INFO - Processing /usr/local/lib/python3.8/dist-packages/airflow/example_dags/plugins/workday.py took 0.311 seconds
[2024-03-11T16:30:47.391+0000] {processor.py:161} INFO - Started process (PID=1816) to work on /usr/local/lib/python3.8/dist-packages/airflow/example_dags/plugins/workday.py
[2024-03-11T16:30:47.392+0000] {processor.py:830} INFO - Processing file /usr/local/lib/python3.8/dist-packages/airflow/example_dags/plugins/workday.py for tasks to queue
[2024-03-11T16:30:47.393+0000] {logging_mixin.py:188} INFO - [2024-03-11T16:30:47.392+0000] {dagbag.py:540} INFO - Filling up the DagBag from /usr/local/lib/python3.8/dist-packages/airflow/example_dags/plugins/workday.py
[2024-03-11T16:30:47.677+0000] {processor.py:842} WARNING - No viable dags retrieved from /usr/local/lib/python3.8/dist-packages/airflow/example_dags/plugins/workday.py
[2024-03-11T16:30:47.688+0000] {processor.py:183} INFO - Processing /usr/local/lib/python3.8/dist-packages/airflow/example_dags/plugins/workday.py took 0.302 seconds
[2024-03-11T16:33:02.291+0000] {processor.py:161} INFO - Started process (PID=1882) to work on /usr/local/lib/python3.8/dist-packages/airflow/example_dags/plugins/workday.py
[2024-03-11T16:33:02.294+0000] {processor.py:830} INFO - Processing file /usr/local/lib/python3.8/dist-packages/airflow/example_dags/plugins/workday.py for tasks to queue
[2024-03-11T16:33:02.295+0000] {logging_mixin.py:188} INFO - [2024-03-11T16:33:02.294+0000] {dagbag.py:540} INFO - Filling up the DagBag from /usr/local/lib/python3.8/dist-packages/airflow/example_dags/plugins/workday.py
[2024-03-11T16:33:02.502+0000] {processor.py:842} WARNING - No viable dags retrieved from /usr/local/lib/python3.8/dist-packages/airflow/example_dags/plugins/workday.py
[2024-03-11T16:33:02.510+0000] {processor.py:183} INFO - Processing /usr/local/lib/python3.8/dist-packages/airflow/example_dags/plugins/workday.py took 0.223 seconds
[2024-03-11T16:33:48.528+0000] {processor.py:161} INFO - Started process (PID=1932) to work on /usr/local/lib/python3.8/dist-packages/airflow/example_dags/plugins/workday.py
[2024-03-11T16:33:48.531+0000] {processor.py:830} INFO - Processing file /usr/local/lib/python3.8/dist-packages/airflow/example_dags/plugins/workday.py for tasks to queue
[2024-03-11T16:33:48.532+0000] {logging_mixin.py:188} INFO - [2024-03-11T16:33:48.531+0000] {dagbag.py:540} INFO - Filling up the DagBag from /usr/local/lib/python3.8/dist-packages/airflow/example_dags/plugins/workday.py
[2024-03-11T16:33:48.817+0000] {processor.py:842} WARNING - No viable dags retrieved from /usr/local/lib/python3.8/dist-packages/airflow/example_dags/plugins/workday.py
[2024-03-11T16:33:48.827+0000] {processor.py:183} INFO - Processing /usr/local/lib/python3.8/dist-packages/airflow/example_dags/plugins/workday.py took 0.303 seconds
[2024-03-11T16:35:53.315+0000] {processor.py:161} INFO - Started process (PID=1976) to work on /usr/local/lib/python3.8/dist-packages/airflow/example_dags/plugins/workday.py
[2024-03-11T16:35:53.319+0000] {processor.py:830} INFO - Processing file /usr/local/lib/python3.8/dist-packages/airflow/example_dags/plugins/workday.py for tasks to queue
[2024-03-11T16:35:53.320+0000] {logging_mixin.py:188} INFO - [2024-03-11T16:35:53.320+0000] {dagbag.py:540} INFO - Filling up the DagBag from /usr/local/lib/python3.8/dist-packages/airflow/example_dags/plugins/workday.py
[2024-03-11T16:35:53.602+0000] {processor.py:842} WARNING - No viable dags retrieved from /usr/local/lib/python3.8/dist-packages/airflow/example_dags/plugins/workday.py
[2024-03-11T16:35:53.610+0000] {processor.py:183} INFO - Processing /usr/local/lib/python3.8/dist-packages/airflow/example_dags/plugins/workday.py took 0.303 seconds
[2024-03-11T16:36:36.496+0000] {processor.py:161} INFO - Started process (PID=2025) to work on /usr/local/lib/python3.8/dist-packages/airflow/example_dags/plugins/workday.py
[2024-03-11T16:36:36.497+0000] {processor.py:830} INFO - Processing file /usr/local/lib/python3.8/dist-packages/airflow/example_dags/plugins/workday.py for tasks to queue
[2024-03-11T16:36:36.502+0000] {logging_mixin.py:188} INFO - [2024-03-11T16:36:36.502+0000] {dagbag.py:540} INFO - Filling up the DagBag from /usr/local/lib/python3.8/dist-packages/airflow/example_dags/plugins/workday.py
[2024-03-11T16:36:36.795+0000] {processor.py:842} WARNING - No viable dags retrieved from /usr/local/lib/python3.8/dist-packages/airflow/example_dags/plugins/workday.py
[2024-03-11T16:36:36.806+0000] {processor.py:183} INFO - Processing /usr/local/lib/python3.8/dist-packages/airflow/example_dags/plugins/workday.py took 0.314 seconds
[2024-03-11T16:40:48.502+0000] {processor.py:161} INFO - Started process (PID=414) to work on /usr/local/lib/python3.8/dist-packages/airflow/example_dags/plugins/workday.py
[2024-03-11T16:40:48.503+0000] {processor.py:830} INFO - Processing file /usr/local/lib/python3.8/dist-packages/airflow/example_dags/plugins/workday.py for tasks to queue
[2024-03-11T16:40:48.504+0000] {logging_mixin.py:188} INFO - [2024-03-11T16:40:48.504+0000] {dagbag.py:540} INFO - Filling up the DagBag from /usr/local/lib/python3.8/dist-packages/airflow/example_dags/plugins/workday.py
[2024-03-11T16:40:48.818+0000] {processor.py:842} WARNING - No viable dags retrieved from /usr/local/lib/python3.8/dist-packages/airflow/example_dags/plugins/workday.py
[2024-03-11T16:40:48.824+0000] {processor.py:183} INFO - Processing /usr/local/lib/python3.8/dist-packages/airflow/example_dags/plugins/workday.py took 0.325 seconds
[2024-03-11T16:41:47.037+0000] {processor.py:161} INFO - Started process (PID=500) to work on /usr/local/lib/python3.8/dist-packages/airflow/example_dags/plugins/workday.py
[2024-03-11T16:41:47.039+0000] {processor.py:830} INFO - Processing file /usr/local/lib/python3.8/dist-packages/airflow/example_dags/plugins/workday.py for tasks to queue
[2024-03-11T16:41:47.040+0000] {logging_mixin.py:188} INFO - [2024-03-11T16:41:47.040+0000] {dagbag.py:540} INFO - Filling up the DagBag from /usr/local/lib/python3.8/dist-packages/airflow/example_dags/plugins/workday.py
[2024-03-11T16:41:47.365+0000] {processor.py:842} WARNING - No viable dags retrieved from /usr/local/lib/python3.8/dist-packages/airflow/example_dags/plugins/workday.py
[2024-03-11T16:41:47.376+0000] {processor.py:183} INFO - Processing /usr/local/lib/python3.8/dist-packages/airflow/example_dags/plugins/workday.py took 0.342 seconds
[2024-03-11T16:44:06.738+0000] {processor.py:161} INFO - Started process (PID=639) to work on /usr/local/lib/python3.8/dist-packages/airflow/example_dags/plugins/workday.py
[2024-03-11T16:44:06.741+0000] {processor.py:830} INFO - Processing file /usr/local/lib/python3.8/dist-packages/airflow/example_dags/plugins/workday.py for tasks to queue
[2024-03-11T16:44:06.742+0000] {logging_mixin.py:188} INFO - [2024-03-11T16:44:06.741+0000] {dagbag.py:540} INFO - Filling up the DagBag from /usr/local/lib/python3.8/dist-packages/airflow/example_dags/plugins/workday.py
[2024-03-11T16:44:07.097+0000] {processor.py:842} WARNING - No viable dags retrieved from /usr/local/lib/python3.8/dist-packages/airflow/example_dags/plugins/workday.py
[2024-03-11T16:44:07.106+0000] {processor.py:183} INFO - Processing /usr/local/lib/python3.8/dist-packages/airflow/example_dags/plugins/workday.py took 0.371 seconds
[2024-03-11T16:46:22.151+0000] {processor.py:161} INFO - Started process (PID=733) to work on /usr/local/lib/python3.8/dist-packages/airflow/example_dags/plugins/workday.py
[2024-03-11T16:46:22.153+0000] {processor.py:830} INFO - Processing file /usr/local/lib/python3.8/dist-packages/airflow/example_dags/plugins/workday.py for tasks to queue
[2024-03-11T16:46:22.154+0000] {logging_mixin.py:188} INFO - [2024-03-11T16:46:22.153+0000] {dagbag.py:540} INFO - Filling up the DagBag from /usr/local/lib/python3.8/dist-packages/airflow/example_dags/plugins/workday.py
[2024-03-11T16:46:22.532+0000] {processor.py:842} WARNING - No viable dags retrieved from /usr/local/lib/python3.8/dist-packages/airflow/example_dags/plugins/workday.py
[2024-03-11T16:46:22.538+0000] {processor.py:183} INFO - Processing /usr/local/lib/python3.8/dist-packages/airflow/example_dags/plugins/workday.py took 0.390 seconds
[2024-03-11T16:48:29.607+0000] {processor.py:161} INFO - Started process (PID=864) to work on /usr/local/lib/python3.8/dist-packages/airflow/example_dags/plugins/workday.py
[2024-03-11T16:48:29.609+0000] {processor.py:830} INFO - Processing file /usr/local/lib/python3.8/dist-packages/airflow/example_dags/plugins/workday.py for tasks to queue
[2024-03-11T16:48:29.610+0000] {logging_mixin.py:188} INFO - [2024-03-11T16:48:29.610+0000] {dagbag.py:540} INFO - Filling up the DagBag from /usr/local/lib/python3.8/dist-packages/airflow/example_dags/plugins/workday.py
[2024-03-11T16:48:29.862+0000] {processor.py:842} WARNING - No viable dags retrieved from /usr/local/lib/python3.8/dist-packages/airflow/example_dags/plugins/workday.py
[2024-03-11T16:48:29.870+0000] {processor.py:183} INFO - Processing /usr/local/lib/python3.8/dist-packages/airflow/example_dags/plugins/workday.py took 0.266 seconds
[2024-03-11T16:49:21.777+0000] {processor.py:161} INFO - Started process (PID=968) to work on /usr/local/lib/python3.8/dist-packages/airflow/example_dags/plugins/workday.py
[2024-03-11T16:49:21.779+0000] {processor.py:830} INFO - Processing file /usr/local/lib/python3.8/dist-packages/airflow/example_dags/plugins/workday.py for tasks to queue
[2024-03-11T16:49:21.780+0000] {logging_mixin.py:188} INFO - [2024-03-11T16:49:21.779+0000] {dagbag.py:540} INFO - Filling up the DagBag from /usr/local/lib/python3.8/dist-packages/airflow/example_dags/plugins/workday.py
[2024-03-11T16:49:22.060+0000] {processor.py:842} WARNING - No viable dags retrieved from /usr/local/lib/python3.8/dist-packages/airflow/example_dags/plugins/workday.py
[2024-03-11T16:49:22.067+0000] {processor.py:183} INFO - Processing /usr/local/lib/python3.8/dist-packages/airflow/example_dags/plugins/workday.py took 0.293 seconds
[2024-03-11T16:50:10.273+0000] {processor.py:161} INFO - Started process (PID=1040) to work on /usr/local/lib/python3.8/dist-packages/airflow/example_dags/plugins/workday.py
[2024-03-11T16:50:10.275+0000] {processor.py:830} INFO - Processing file /usr/local/lib/python3.8/dist-packages/airflow/example_dags/plugins/workday.py for tasks to queue
[2024-03-11T16:50:10.276+0000] {logging_mixin.py:188} INFO - [2024-03-11T16:50:10.275+0000] {dagbag.py:540} INFO - Filling up the DagBag from /usr/local/lib/python3.8/dist-packages/airflow/example_dags/plugins/workday.py
[2024-03-11T16:50:10.575+0000] {processor.py:842} WARNING - No viable dags retrieved from /usr/local/lib/python3.8/dist-packages/airflow/example_dags/plugins/workday.py
[2024-03-11T16:50:10.586+0000] {processor.py:183} INFO - Processing /usr/local/lib/python3.8/dist-packages/airflow/example_dags/plugins/workday.py took 0.316 seconds
[2024-03-11T16:51:06.030+0000] {processor.py:161} INFO - Started process (PID=1115) to work on /usr/local/lib/python3.8/dist-packages/airflow/example_dags/plugins/workday.py
[2024-03-11T16:51:06.032+0000] {processor.py:830} INFO - Processing file /usr/local/lib/python3.8/dist-packages/airflow/example_dags/plugins/workday.py for tasks to queue
[2024-03-11T16:51:06.033+0000] {logging_mixin.py:188} INFO - [2024-03-11T16:51:06.032+0000] {dagbag.py:540} INFO - Filling up the DagBag from /usr/local/lib/python3.8/dist-packages/airflow/example_dags/plugins/workday.py
[2024-03-11T16:51:06.348+0000] {processor.py:842} WARNING - No viable dags retrieved from /usr/local/lib/python3.8/dist-packages/airflow/example_dags/plugins/workday.py
[2024-03-11T16:51:06.355+0000] {processor.py:183} INFO - Processing /usr/local/lib/python3.8/dist-packages/airflow/example_dags/plugins/workday.py took 0.328 seconds
[2024-03-11T16:52:01.376+0000] {processor.py:161} INFO - Started process (PID=1184) to work on /usr/local/lib/python3.8/dist-packages/airflow/example_dags/plugins/workday.py
[2024-03-11T16:52:01.378+0000] {processor.py:830} INFO - Processing file /usr/local/lib/python3.8/dist-packages/airflow/example_dags/plugins/workday.py for tasks to queue
[2024-03-11T16:52:01.379+0000] {logging_mixin.py:188} INFO - [2024-03-11T16:52:01.378+0000] {dagbag.py:540} INFO - Filling up the DagBag from /usr/local/lib/python3.8/dist-packages/airflow/example_dags/plugins/workday.py
[2024-03-11T16:52:01.655+0000] {processor.py:842} WARNING - No viable dags retrieved from /usr/local/lib/python3.8/dist-packages/airflow/example_dags/plugins/workday.py
[2024-03-11T16:52:01.662+0000] {processor.py:183} INFO - Processing /usr/local/lib/python3.8/dist-packages/airflow/example_dags/plugins/workday.py took 0.289 seconds
[2024-03-11T16:52:53.943+0000] {processor.py:161} INFO - Started process (PID=1249) to work on /usr/local/lib/python3.8/dist-packages/airflow/example_dags/plugins/workday.py
[2024-03-11T16:52:53.945+0000] {processor.py:830} INFO - Processing file /usr/local/lib/python3.8/dist-packages/airflow/example_dags/plugins/workday.py for tasks to queue
[2024-03-11T16:52:53.946+0000] {logging_mixin.py:188} INFO - [2024-03-11T16:52:53.945+0000] {dagbag.py:540} INFO - Filling up the DagBag from /usr/local/lib/python3.8/dist-packages/airflow/example_dags/plugins/workday.py
[2024-03-11T16:52:54.320+0000] {processor.py:842} WARNING - No viable dags retrieved from /usr/local/lib/python3.8/dist-packages/airflow/example_dags/plugins/workday.py
[2024-03-11T16:52:54.330+0000] {processor.py:183} INFO - Processing /usr/local/lib/python3.8/dist-packages/airflow/example_dags/plugins/workday.py took 0.390 seconds
[2024-03-11T16:53:48.975+0000] {processor.py:161} INFO - Started process (PID=1325) to work on /usr/local/lib/python3.8/dist-packages/airflow/example_dags/plugins/workday.py
[2024-03-11T16:53:48.977+0000] {processor.py:830} INFO - Processing file /usr/local/lib/python3.8/dist-packages/airflow/example_dags/plugins/workday.py for tasks to queue
[2024-03-11T16:53:48.978+0000] {logging_mixin.py:188} INFO - [2024-03-11T16:53:48.978+0000] {dagbag.py:540} INFO - Filling up the DagBag from /usr/local/lib/python3.8/dist-packages/airflow/example_dags/plugins/workday.py
[2024-03-11T16:53:49.351+0000] {processor.py:842} WARNING - No viable dags retrieved from /usr/local/lib/python3.8/dist-packages/airflow/example_dags/plugins/workday.py
[2024-03-11T16:53:49.360+0000] {processor.py:183} INFO - Processing /usr/local/lib/python3.8/dist-packages/airflow/example_dags/plugins/workday.py took 0.388 seconds
[2024-03-11T16:54:43.086+0000] {processor.py:161} INFO - Started process (PID=1395) to work on /usr/local/lib/python3.8/dist-packages/airflow/example_dags/plugins/workday.py
[2024-03-11T16:54:43.088+0000] {processor.py:830} INFO - Processing file /usr/local/lib/python3.8/dist-packages/airflow/example_dags/plugins/workday.py for tasks to queue
[2024-03-11T16:54:43.089+0000] {logging_mixin.py:188} INFO - [2024-03-11T16:54:43.088+0000] {dagbag.py:540} INFO - Filling up the DagBag from /usr/local/lib/python3.8/dist-packages/airflow/example_dags/plugins/workday.py
[2024-03-11T16:54:43.458+0000] {processor.py:842} WARNING - No viable dags retrieved from /usr/local/lib/python3.8/dist-packages/airflow/example_dags/plugins/workday.py
[2024-03-11T16:54:43.466+0000] {processor.py:183} INFO - Processing /usr/local/lib/python3.8/dist-packages/airflow/example_dags/plugins/workday.py took 0.383 seconds
[2024-03-11T16:55:36.862+0000] {processor.py:161} INFO - Started process (PID=1460) to work on /usr/local/lib/python3.8/dist-packages/airflow/example_dags/plugins/workday.py
[2024-03-11T16:55:36.864+0000] {processor.py:830} INFO - Processing file /usr/local/lib/python3.8/dist-packages/airflow/example_dags/plugins/workday.py for tasks to queue
[2024-03-11T16:55:36.865+0000] {logging_mixin.py:188} INFO - [2024-03-11T16:55:36.864+0000] {dagbag.py:540} INFO - Filling up the DagBag from /usr/local/lib/python3.8/dist-packages/airflow/example_dags/plugins/workday.py
[2024-03-11T16:55:37.187+0000] {processor.py:842} WARNING - No viable dags retrieved from /usr/local/lib/python3.8/dist-packages/airflow/example_dags/plugins/workday.py
[2024-03-11T16:55:37.195+0000] {processor.py:183} INFO - Processing /usr/local/lib/python3.8/dist-packages/airflow/example_dags/plugins/workday.py took 0.336 seconds
[2024-03-11T16:56:28.179+0000] {processor.py:161} INFO - Started process (PID=1554) to work on /usr/local/lib/python3.8/dist-packages/airflow/example_dags/plugins/workday.py
[2024-03-11T16:56:28.181+0000] {processor.py:830} INFO - Processing file /usr/local/lib/python3.8/dist-packages/airflow/example_dags/plugins/workday.py for tasks to queue
[2024-03-11T16:56:28.182+0000] {logging_mixin.py:188} INFO - [2024-03-11T16:56:28.181+0000] {dagbag.py:540} INFO - Filling up the DagBag from /usr/local/lib/python3.8/dist-packages/airflow/example_dags/plugins/workday.py
[2024-03-11T16:56:28.552+0000] {processor.py:842} WARNING - No viable dags retrieved from /usr/local/lib/python3.8/dist-packages/airflow/example_dags/plugins/workday.py
[2024-03-11T16:56:28.561+0000] {processor.py:183} INFO - Processing /usr/local/lib/python3.8/dist-packages/airflow/example_dags/plugins/workday.py took 0.385 seconds
[2024-03-11T16:57:22.426+0000] {processor.py:161} INFO - Started process (PID=1624) to work on /usr/local/lib/python3.8/dist-packages/airflow/example_dags/plugins/workday.py
[2024-03-11T16:57:22.428+0000] {processor.py:830} INFO - Processing file /usr/local/lib/python3.8/dist-packages/airflow/example_dags/plugins/workday.py for tasks to queue
[2024-03-11T16:57:22.429+0000] {logging_mixin.py:188} INFO - [2024-03-11T16:57:22.428+0000] {dagbag.py:540} INFO - Filling up the DagBag from /usr/local/lib/python3.8/dist-packages/airflow/example_dags/plugins/workday.py
[2024-03-11T16:57:22.714+0000] {processor.py:842} WARNING - No viable dags retrieved from /usr/local/lib/python3.8/dist-packages/airflow/example_dags/plugins/workday.py
[2024-03-11T16:57:22.722+0000] {processor.py:183} INFO - Processing /usr/local/lib/python3.8/dist-packages/airflow/example_dags/plugins/workday.py took 0.299 seconds
[2024-03-11T16:58:25.375+0000] {processor.py:161} INFO - Started process (PID=1801) to work on /usr/local/lib/python3.8/dist-packages/airflow/example_dags/plugins/workday.py
[2024-03-11T16:58:25.376+0000] {processor.py:830} INFO - Processing file /usr/local/lib/python3.8/dist-packages/airflow/example_dags/plugins/workday.py for tasks to queue
[2024-03-11T16:58:25.377+0000] {logging_mixin.py:188} INFO - [2024-03-11T16:58:25.377+0000] {dagbag.py:540} INFO - Filling up the DagBag from /usr/local/lib/python3.8/dist-packages/airflow/example_dags/plugins/workday.py
[2024-03-11T16:58:25.649+0000] {processor.py:842} WARNING - No viable dags retrieved from /usr/local/lib/python3.8/dist-packages/airflow/example_dags/plugins/workday.py
[2024-03-11T16:58:25.656+0000] {processor.py:183} INFO - Processing /usr/local/lib/python3.8/dist-packages/airflow/example_dags/plugins/workday.py took 0.284 seconds
[2024-03-11T17:02:04.363+0000] {processor.py:161} INFO - Started process (PID=1889) to work on /usr/local/lib/python3.8/dist-packages/airflow/example_dags/plugins/workday.py
[2024-03-11T17:02:04.365+0000] {processor.py:830} INFO - Processing file /usr/local/lib/python3.8/dist-packages/airflow/example_dags/plugins/workday.py for tasks to queue
[2024-03-11T17:02:04.366+0000] {logging_mixin.py:188} INFO - [2024-03-11T17:02:04.366+0000] {dagbag.py:540} INFO - Filling up the DagBag from /usr/local/lib/python3.8/dist-packages/airflow/example_dags/plugins/workday.py
[2024-03-11T17:02:04.759+0000] {processor.py:842} WARNING - No viable dags retrieved from /usr/local/lib/python3.8/dist-packages/airflow/example_dags/plugins/workday.py
[2024-03-11T17:02:04.764+0000] {processor.py:183} INFO - Processing /usr/local/lib/python3.8/dist-packages/airflow/example_dags/plugins/workday.py took 0.405 seconds
[2024-03-11T17:04:27.358+0000] {processor.py:161} INFO - Started process (PID=1935) to work on /usr/local/lib/python3.8/dist-packages/airflow/example_dags/plugins/workday.py
[2024-03-11T17:04:27.359+0000] {processor.py:830} INFO - Processing file /usr/local/lib/python3.8/dist-packages/airflow/example_dags/plugins/workday.py for tasks to queue
[2024-03-11T17:04:27.361+0000] {logging_mixin.py:188} INFO - [2024-03-11T17:04:27.360+0000] {dagbag.py:540} INFO - Filling up the DagBag from /usr/local/lib/python3.8/dist-packages/airflow/example_dags/plugins/workday.py
[2024-03-11T17:04:27.726+0000] {processor.py:842} WARNING - No viable dags retrieved from /usr/local/lib/python3.8/dist-packages/airflow/example_dags/plugins/workday.py
[2024-03-11T17:04:27.732+0000] {processor.py:183} INFO - Processing /usr/local/lib/python3.8/dist-packages/airflow/example_dags/plugins/workday.py took 0.377 seconds
[2024-03-11T17:05:51.030+0000] {processor.py:161} INFO - Started process (PID=1961) to work on /usr/local/lib/python3.8/dist-packages/airflow/example_dags/plugins/workday.py
[2024-03-11T17:05:51.032+0000] {processor.py:830} INFO - Processing file /usr/local/lib/python3.8/dist-packages/airflow/example_dags/plugins/workday.py for tasks to queue
[2024-03-11T17:05:51.033+0000] {logging_mixin.py:188} INFO - [2024-03-11T17:05:51.032+0000] {dagbag.py:540} INFO - Filling up the DagBag from /usr/local/lib/python3.8/dist-packages/airflow/example_dags/plugins/workday.py
[2024-03-11T17:05:51.420+0000] {processor.py:842} WARNING - No viable dags retrieved from /usr/local/lib/python3.8/dist-packages/airflow/example_dags/plugins/workday.py
[2024-03-11T17:05:51.427+0000] {processor.py:183} INFO - Processing /usr/local/lib/python3.8/dist-packages/airflow/example_dags/plugins/workday.py took 0.400 seconds
[2024-03-11T17:06:46.955+0000] {processor.py:161} INFO - Started process (PID=2030) to work on /usr/local/lib/python3.8/dist-packages/airflow/example_dags/plugins/workday.py
[2024-03-11T17:06:46.957+0000] {processor.py:830} INFO - Processing file /usr/local/lib/python3.8/dist-packages/airflow/example_dags/plugins/workday.py for tasks to queue
[2024-03-11T17:06:46.958+0000] {logging_mixin.py:188} INFO - [2024-03-11T17:06:46.958+0000] {dagbag.py:540} INFO - Filling up the DagBag from /usr/local/lib/python3.8/dist-packages/airflow/example_dags/plugins/workday.py
[2024-03-11T17:06:47.327+0000] {processor.py:842} WARNING - No viable dags retrieved from /usr/local/lib/python3.8/dist-packages/airflow/example_dags/plugins/workday.py
[2024-03-11T17:06:47.332+0000] {processor.py:183} INFO - Processing /usr/local/lib/python3.8/dist-packages/airflow/example_dags/plugins/workday.py took 0.381 seconds
[2024-03-11T17:08:15.766+0000] {processor.py:161} INFO - Started process (PID=2183) to work on /usr/local/lib/python3.8/dist-packages/airflow/example_dags/plugins/workday.py
[2024-03-11T17:08:15.768+0000] {processor.py:830} INFO - Processing file /usr/local/lib/python3.8/dist-packages/airflow/example_dags/plugins/workday.py for tasks to queue
[2024-03-11T17:08:15.769+0000] {logging_mixin.py:188} INFO - [2024-03-11T17:08:15.768+0000] {dagbag.py:540} INFO - Filling up the DagBag from /usr/local/lib/python3.8/dist-packages/airflow/example_dags/plugins/workday.py
[2024-03-11T17:08:16.130+0000] {processor.py:842} WARNING - No viable dags retrieved from /usr/local/lib/python3.8/dist-packages/airflow/example_dags/plugins/workday.py
[2024-03-11T17:08:16.135+0000] {processor.py:183} INFO - Processing /usr/local/lib/python3.8/dist-packages/airflow/example_dags/plugins/workday.py took 0.373 seconds
[2024-03-11T17:09:13.588+0000] {processor.py:161} INFO - Started process (PID=2358) to work on /usr/local/lib/python3.8/dist-packages/airflow/example_dags/plugins/workday.py
[2024-03-11T17:09:13.589+0000] {processor.py:830} INFO - Processing file /usr/local/lib/python3.8/dist-packages/airflow/example_dags/plugins/workday.py for tasks to queue
[2024-03-11T17:09:13.590+0000] {logging_mixin.py:188} INFO - [2024-03-11T17:09:13.590+0000] {dagbag.py:540} INFO - Filling up the DagBag from /usr/local/lib/python3.8/dist-packages/airflow/example_dags/plugins/workday.py
[2024-03-11T17:09:13.931+0000] {processor.py:842} WARNING - No viable dags retrieved from /usr/local/lib/python3.8/dist-packages/airflow/example_dags/plugins/workday.py
[2024-03-11T17:09:13.939+0000] {processor.py:183} INFO - Processing /usr/local/lib/python3.8/dist-packages/airflow/example_dags/plugins/workday.py took 0.354 seconds
[2024-03-11T17:10:09.663+0000] {processor.py:161} INFO - Started process (PID=2429) to work on /usr/local/lib/python3.8/dist-packages/airflow/example_dags/plugins/workday.py
[2024-03-11T17:10:09.665+0000] {processor.py:830} INFO - Processing file /usr/local/lib/python3.8/dist-packages/airflow/example_dags/plugins/workday.py for tasks to queue
[2024-03-11T17:10:09.666+0000] {logging_mixin.py:188} INFO - [2024-03-11T17:10:09.665+0000] {dagbag.py:540} INFO - Filling up the DagBag from /usr/local/lib/python3.8/dist-packages/airflow/example_dags/plugins/workday.py
[2024-03-11T17:10:09.965+0000] {processor.py:842} WARNING - No viable dags retrieved from /usr/local/lib/python3.8/dist-packages/airflow/example_dags/plugins/workday.py
[2024-03-11T17:10:09.974+0000] {processor.py:183} INFO - Processing /usr/local/lib/python3.8/dist-packages/airflow/example_dags/plugins/workday.py took 0.314 seconds
[2024-03-11T17:11:04.139+0000] {processor.py:161} INFO - Started process (PID=2494) to work on /usr/local/lib/python3.8/dist-packages/airflow/example_dags/plugins/workday.py
[2024-03-11T17:11:04.141+0000] {processor.py:830} INFO - Processing file /usr/local/lib/python3.8/dist-packages/airflow/example_dags/plugins/workday.py for tasks to queue
[2024-03-11T17:11:04.142+0000] {logging_mixin.py:188} INFO - [2024-03-11T17:11:04.141+0000] {dagbag.py:540} INFO - Filling up the DagBag from /usr/local/lib/python3.8/dist-packages/airflow/example_dags/plugins/workday.py
[2024-03-11T17:11:04.518+0000] {processor.py:842} WARNING - No viable dags retrieved from /usr/local/lib/python3.8/dist-packages/airflow/example_dags/plugins/workday.py
[2024-03-11T17:11:04.530+0000] {processor.py:183} INFO - Processing /usr/local/lib/python3.8/dist-packages/airflow/example_dags/plugins/workday.py took 0.395 seconds
[2024-03-11T17:11:32.294+0000] {processor.py:161} INFO - Started process (PID=2544) to work on /usr/local/lib/python3.8/dist-packages/airflow/example_dags/plugins/workday.py
[2024-03-11T17:11:32.295+0000] {processor.py:830} INFO - Processing file /usr/local/lib/python3.8/dist-packages/airflow/example_dags/plugins/workday.py for tasks to queue
[2024-03-11T17:11:32.296+0000] {logging_mixin.py:188} INFO - [2024-03-11T17:11:32.296+0000] {dagbag.py:540} INFO - Filling up the DagBag from /usr/local/lib/python3.8/dist-packages/airflow/example_dags/plugins/workday.py
[2024-03-11T17:11:32.735+0000] {processor.py:842} WARNING - No viable dags retrieved from /usr/local/lib/python3.8/dist-packages/airflow/example_dags/plugins/workday.py
[2024-03-11T17:11:32.741+0000] {processor.py:183} INFO - Processing /usr/local/lib/python3.8/dist-packages/airflow/example_dags/plugins/workday.py took 0.450 seconds
[2024-03-11T17:12:31.242+0000] {processor.py:161} INFO - Started process (PID=2622) to work on /usr/local/lib/python3.8/dist-packages/airflow/example_dags/plugins/workday.py
[2024-03-11T17:12:31.244+0000] {processor.py:830} INFO - Processing file /usr/local/lib/python3.8/dist-packages/airflow/example_dags/plugins/workday.py for tasks to queue
[2024-03-11T17:12:31.245+0000] {logging_mixin.py:188} INFO - [2024-03-11T17:12:31.245+0000] {dagbag.py:540} INFO - Filling up the DagBag from /usr/local/lib/python3.8/dist-packages/airflow/example_dags/plugins/workday.py
[2024-03-11T17:12:31.596+0000] {processor.py:842} WARNING - No viable dags retrieved from /usr/local/lib/python3.8/dist-packages/airflow/example_dags/plugins/workday.py
[2024-03-11T17:12:31.604+0000] {processor.py:183} INFO - Processing /usr/local/lib/python3.8/dist-packages/airflow/example_dags/plugins/workday.py took 0.365 seconds
[2024-03-11T17:13:27.583+0000] {processor.py:161} INFO - Started process (PID=2736) to work on /usr/local/lib/python3.8/dist-packages/airflow/example_dags/plugins/workday.py
[2024-03-11T17:13:27.584+0000] {processor.py:830} INFO - Processing file /usr/local/lib/python3.8/dist-packages/airflow/example_dags/plugins/workday.py for tasks to queue
[2024-03-11T17:13:27.585+0000] {logging_mixin.py:188} INFO - [2024-03-11T17:13:27.585+0000] {dagbag.py:540} INFO - Filling up the DagBag from /usr/local/lib/python3.8/dist-packages/airflow/example_dags/plugins/workday.py
[2024-03-11T17:13:27.865+0000] {processor.py:842} WARNING - No viable dags retrieved from /usr/local/lib/python3.8/dist-packages/airflow/example_dags/plugins/workday.py
[2024-03-11T17:13:27.873+0000] {processor.py:183} INFO - Processing /usr/local/lib/python3.8/dist-packages/airflow/example_dags/plugins/workday.py took 0.293 seconds
[2024-03-11T17:14:19.478+0000] {processor.py:161} INFO - Started process (PID=2809) to work on /usr/local/lib/python3.8/dist-packages/airflow/example_dags/plugins/workday.py
[2024-03-11T17:14:19.480+0000] {processor.py:830} INFO - Processing file /usr/local/lib/python3.8/dist-packages/airflow/example_dags/plugins/workday.py for tasks to queue
[2024-03-11T17:14:19.481+0000] {logging_mixin.py:188} INFO - [2024-03-11T17:14:19.480+0000] {dagbag.py:540} INFO - Filling up the DagBag from /usr/local/lib/python3.8/dist-packages/airflow/example_dags/plugins/workday.py
[2024-03-11T17:14:19.811+0000] {processor.py:842} WARNING - No viable dags retrieved from /usr/local/lib/python3.8/dist-packages/airflow/example_dags/plugins/workday.py
[2024-03-11T17:14:19.818+0000] {processor.py:183} INFO - Processing /usr/local/lib/python3.8/dist-packages/airflow/example_dags/plugins/workday.py took 0.343 seconds
[2024-03-11T17:15:04.670+0000] {processor.py:161} INFO - Started process (PID=2913) to work on /usr/local/lib/python3.8/dist-packages/airflow/example_dags/plugins/workday.py
[2024-03-11T17:15:04.672+0000] {processor.py:830} INFO - Processing file /usr/local/lib/python3.8/dist-packages/airflow/example_dags/plugins/workday.py for tasks to queue
[2024-03-11T17:15:04.673+0000] {logging_mixin.py:188} INFO - [2024-03-11T17:15:04.673+0000] {dagbag.py:540} INFO - Filling up the DagBag from /usr/local/lib/python3.8/dist-packages/airflow/example_dags/plugins/workday.py
[2024-03-11T17:15:04.991+0000] {processor.py:842} WARNING - No viable dags retrieved from /usr/local/lib/python3.8/dist-packages/airflow/example_dags/plugins/workday.py
[2024-03-11T17:15:04.999+0000] {processor.py:183} INFO - Processing /usr/local/lib/python3.8/dist-packages/airflow/example_dags/plugins/workday.py took 0.332 seconds
[2024-03-11T17:15:59.042+0000] {processor.py:161} INFO - Started process (PID=2991) to work on /usr/local/lib/python3.8/dist-packages/airflow/example_dags/plugins/workday.py
[2024-03-11T17:15:59.044+0000] {processor.py:830} INFO - Processing file /usr/local/lib/python3.8/dist-packages/airflow/example_dags/plugins/workday.py for tasks to queue
[2024-03-11T17:15:59.045+0000] {logging_mixin.py:188} INFO - [2024-03-11T17:15:59.045+0000] {dagbag.py:540} INFO - Filling up the DagBag from /usr/local/lib/python3.8/dist-packages/airflow/example_dags/plugins/workday.py
[2024-03-11T17:15:59.396+0000] {processor.py:842} WARNING - No viable dags retrieved from /usr/local/lib/python3.8/dist-packages/airflow/example_dags/plugins/workday.py
[2024-03-11T17:15:59.404+0000] {processor.py:183} INFO - Processing /usr/local/lib/python3.8/dist-packages/airflow/example_dags/plugins/workday.py took 0.365 seconds
[2024-03-11T17:16:51.931+0000] {processor.py:161} INFO - Started process (PID=3055) to work on /usr/local/lib/python3.8/dist-packages/airflow/example_dags/plugins/workday.py
[2024-03-11T17:16:51.932+0000] {processor.py:830} INFO - Processing file /usr/local/lib/python3.8/dist-packages/airflow/example_dags/plugins/workday.py for tasks to queue
[2024-03-11T17:16:51.933+0000] {logging_mixin.py:188} INFO - [2024-03-11T17:16:51.933+0000] {dagbag.py:540} INFO - Filling up the DagBag from /usr/local/lib/python3.8/dist-packages/airflow/example_dags/plugins/workday.py
[2024-03-11T17:16:52.220+0000] {processor.py:842} WARNING - No viable dags retrieved from /usr/local/lib/python3.8/dist-packages/airflow/example_dags/plugins/workday.py
[2024-03-11T17:16:52.227+0000] {processor.py:183} INFO - Processing /usr/local/lib/python3.8/dist-packages/airflow/example_dags/plugins/workday.py took 0.300 seconds
[2024-03-11T17:17:47.486+0000] {processor.py:161} INFO - Started process (PID=3126) to work on /usr/local/lib/python3.8/dist-packages/airflow/example_dags/plugins/workday.py
[2024-03-11T17:17:47.488+0000] {processor.py:830} INFO - Processing file /usr/local/lib/python3.8/dist-packages/airflow/example_dags/plugins/workday.py for tasks to queue
[2024-03-11T17:17:47.489+0000] {logging_mixin.py:188} INFO - [2024-03-11T17:17:47.489+0000] {dagbag.py:540} INFO - Filling up the DagBag from /usr/local/lib/python3.8/dist-packages/airflow/example_dags/plugins/workday.py
[2024-03-11T17:17:47.870+0000] {processor.py:842} WARNING - No viable dags retrieved from /usr/local/lib/python3.8/dist-packages/airflow/example_dags/plugins/workday.py
[2024-03-11T17:17:47.880+0000] {processor.py:183} INFO - Processing /usr/local/lib/python3.8/dist-packages/airflow/example_dags/plugins/workday.py took 0.397 seconds
[2024-03-11T17:18:43.422+0000] {processor.py:161} INFO - Started process (PID=3202) to work on /usr/local/lib/python3.8/dist-packages/airflow/example_dags/plugins/workday.py
[2024-03-11T17:18:43.424+0000] {processor.py:830} INFO - Processing file /usr/local/lib/python3.8/dist-packages/airflow/example_dags/plugins/workday.py for tasks to queue
[2024-03-11T17:18:43.425+0000] {logging_mixin.py:188} INFO - [2024-03-11T17:18:43.425+0000] {dagbag.py:540} INFO - Filling up the DagBag from /usr/local/lib/python3.8/dist-packages/airflow/example_dags/plugins/workday.py
[2024-03-11T17:18:43.759+0000] {processor.py:842} WARNING - No viable dags retrieved from /usr/local/lib/python3.8/dist-packages/airflow/example_dags/plugins/workday.py
[2024-03-11T17:18:43.767+0000] {processor.py:183} INFO - Processing /usr/local/lib/python3.8/dist-packages/airflow/example_dags/plugins/workday.py took 0.348 seconds
[2024-03-11T17:19:38.303+0000] {processor.py:161} INFO - Started process (PID=3267) to work on /usr/local/lib/python3.8/dist-packages/airflow/example_dags/plugins/workday.py
[2024-03-11T17:19:38.305+0000] {processor.py:830} INFO - Processing file /usr/local/lib/python3.8/dist-packages/airflow/example_dags/plugins/workday.py for tasks to queue
[2024-03-11T17:19:38.306+0000] {logging_mixin.py:188} INFO - [2024-03-11T17:19:38.306+0000] {dagbag.py:540} INFO - Filling up the DagBag from /usr/local/lib/python3.8/dist-packages/airflow/example_dags/plugins/workday.py
[2024-03-11T17:19:38.589+0000] {processor.py:842} WARNING - No viable dags retrieved from /usr/local/lib/python3.8/dist-packages/airflow/example_dags/plugins/workday.py
[2024-03-11T17:19:38.597+0000] {processor.py:183} INFO - Processing /usr/local/lib/python3.8/dist-packages/airflow/example_dags/plugins/workday.py took 0.297 seconds
[2024-03-11T17:20:30.451+0000] {processor.py:161} INFO - Started process (PID=3336) to work on /usr/local/lib/python3.8/dist-packages/airflow/example_dags/plugins/workday.py
[2024-03-11T17:20:30.453+0000] {processor.py:830} INFO - Processing file /usr/local/lib/python3.8/dist-packages/airflow/example_dags/plugins/workday.py for tasks to queue
[2024-03-11T17:20:30.454+0000] {logging_mixin.py:188} INFO - [2024-03-11T17:20:30.453+0000] {dagbag.py:540} INFO - Filling up the DagBag from /usr/local/lib/python3.8/dist-packages/airflow/example_dags/plugins/workday.py
[2024-03-11T17:20:30.810+0000] {processor.py:842} WARNING - No viable dags retrieved from /usr/local/lib/python3.8/dist-packages/airflow/example_dags/plugins/workday.py
[2024-03-11T17:20:30.817+0000] {processor.py:183} INFO - Processing /usr/local/lib/python3.8/dist-packages/airflow/example_dags/plugins/workday.py took 0.370 seconds
[2024-03-11T17:21:25.205+0000] {processor.py:161} INFO - Started process (PID=3412) to work on /usr/local/lib/python3.8/dist-packages/airflow/example_dags/plugins/workday.py
[2024-03-11T17:21:25.206+0000] {processor.py:830} INFO - Processing file /usr/local/lib/python3.8/dist-packages/airflow/example_dags/plugins/workday.py for tasks to queue
[2024-03-11T17:21:25.207+0000] {logging_mixin.py:188} INFO - [2024-03-11T17:21:25.207+0000] {dagbag.py:540} INFO - Filling up the DagBag from /usr/local/lib/python3.8/dist-packages/airflow/example_dags/plugins/workday.py
[2024-03-11T17:21:25.572+0000] {processor.py:842} WARNING - No viable dags retrieved from /usr/local/lib/python3.8/dist-packages/airflow/example_dags/plugins/workday.py
[2024-03-11T17:21:25.580+0000] {processor.py:183} INFO - Processing /usr/local/lib/python3.8/dist-packages/airflow/example_dags/plugins/workday.py took 0.379 seconds
