[2024-03-14T16:23:30.934+0000] {processor.py:161} INFO - Started process (PID=629) to work on /home/airflow/dags/Lead_scoring_training_pipeline/constants.py
[2024-03-14T16:23:30.935+0000] {processor.py:830} INFO - Processing file /home/airflow/dags/Lead_scoring_training_pipeline/constants.py for tasks to queue
[2024-03-14T16:23:30.936+0000] {logging_mixin.py:188} INFO - [2024-03-14T16:23:30.936+0000] {dagbag.py:540} INFO - Filling up the DagBag from /home/airflow/dags/Lead_scoring_training_pipeline/constants.py
[2024-03-14T16:23:30.939+0000] {processor.py:842} WARNING - No viable dags retrieved from /home/airflow/dags/Lead_scoring_training_pipeline/constants.py
[2024-03-14T16:23:30.950+0000] {processor.py:183} INFO - Processing /home/airflow/dags/Lead_scoring_training_pipeline/constants.py took 0.019 seconds
[2024-03-14T16:24:44.539+0000] {processor.py:161} INFO - Started process (PID=732) to work on /home/airflow/dags/Lead_scoring_training_pipeline/constants.py
[2024-03-14T16:24:44.541+0000] {processor.py:830} INFO - Processing file /home/airflow/dags/Lead_scoring_training_pipeline/constants.py for tasks to queue
[2024-03-14T16:24:44.542+0000] {logging_mixin.py:188} INFO - [2024-03-14T16:24:44.542+0000] {dagbag.py:540} INFO - Filling up the DagBag from /home/airflow/dags/Lead_scoring_training_pipeline/constants.py
[2024-03-14T16:24:44.545+0000] {processor.py:842} WARNING - No viable dags retrieved from /home/airflow/dags/Lead_scoring_training_pipeline/constants.py
[2024-03-14T16:24:44.555+0000] {processor.py:183} INFO - Processing /home/airflow/dags/Lead_scoring_training_pipeline/constants.py took 0.019 seconds
[2024-03-14T16:25:46.106+0000] {processor.py:161} INFO - Started process (PID=831) to work on /home/airflow/dags/Lead_scoring_training_pipeline/constants.py
[2024-03-14T16:25:46.108+0000] {processor.py:830} INFO - Processing file /home/airflow/dags/Lead_scoring_training_pipeline/constants.py for tasks to queue
[2024-03-14T16:25:46.109+0000] {logging_mixin.py:188} INFO - [2024-03-14T16:25:46.109+0000] {dagbag.py:540} INFO - Filling up the DagBag from /home/airflow/dags/Lead_scoring_training_pipeline/constants.py
[2024-03-14T16:25:46.111+0000] {processor.py:842} WARNING - No viable dags retrieved from /home/airflow/dags/Lead_scoring_training_pipeline/constants.py
[2024-03-14T16:25:46.121+0000] {processor.py:183} INFO - Processing /home/airflow/dags/Lead_scoring_training_pipeline/constants.py took 0.019 seconds
[2024-03-14T16:26:51.838+0000] {processor.py:161} INFO - Started process (PID=946) to work on /home/airflow/dags/Lead_scoring_training_pipeline/constants.py
[2024-03-14T16:26:51.840+0000] {processor.py:830} INFO - Processing file /home/airflow/dags/Lead_scoring_training_pipeline/constants.py for tasks to queue
[2024-03-14T16:26:51.841+0000] {logging_mixin.py:188} INFO - [2024-03-14T16:26:51.841+0000] {dagbag.py:540} INFO - Filling up the DagBag from /home/airflow/dags/Lead_scoring_training_pipeline/constants.py
[2024-03-14T16:26:51.844+0000] {processor.py:842} WARNING - No viable dags retrieved from /home/airflow/dags/Lead_scoring_training_pipeline/constants.py
[2024-03-14T16:26:51.855+0000] {processor.py:183} INFO - Processing /home/airflow/dags/Lead_scoring_training_pipeline/constants.py took 0.020 seconds
[2024-03-14T16:27:59.258+0000] {processor.py:161} INFO - Started process (PID=1061) to work on /home/airflow/dags/Lead_scoring_training_pipeline/constants.py
[2024-03-14T16:27:59.260+0000] {processor.py:830} INFO - Processing file /home/airflow/dags/Lead_scoring_training_pipeline/constants.py for tasks to queue
[2024-03-14T16:27:59.261+0000] {logging_mixin.py:188} INFO - [2024-03-14T16:27:59.260+0000] {dagbag.py:540} INFO - Filling up the DagBag from /home/airflow/dags/Lead_scoring_training_pipeline/constants.py
[2024-03-14T16:27:59.263+0000] {processor.py:842} WARNING - No viable dags retrieved from /home/airflow/dags/Lead_scoring_training_pipeline/constants.py
[2024-03-14T16:27:59.274+0000] {processor.py:183} INFO - Processing /home/airflow/dags/Lead_scoring_training_pipeline/constants.py took 0.019 seconds
[2024-03-14T16:29:11.502+0000] {processor.py:161} INFO - Started process (PID=1177) to work on /home/airflow/dags/Lead_scoring_training_pipeline/constants.py
[2024-03-14T16:29:11.504+0000] {processor.py:830} INFO - Processing file /home/airflow/dags/Lead_scoring_training_pipeline/constants.py for tasks to queue
[2024-03-14T16:29:11.505+0000] {logging_mixin.py:188} INFO - [2024-03-14T16:29:11.505+0000] {dagbag.py:540} INFO - Filling up the DagBag from /home/airflow/dags/Lead_scoring_training_pipeline/constants.py
[2024-03-14T16:29:11.508+0000] {processor.py:842} WARNING - No viable dags retrieved from /home/airflow/dags/Lead_scoring_training_pipeline/constants.py
[2024-03-14T16:29:11.517+0000] {processor.py:183} INFO - Processing /home/airflow/dags/Lead_scoring_training_pipeline/constants.py took 0.018 seconds
[2024-03-14T16:31:03.511+0000] {processor.py:161} INFO - Started process (PID=1372) to work on /home/airflow/dags/Lead_scoring_training_pipeline/constants.py
[2024-03-14T16:31:03.515+0000] {processor.py:830} INFO - Processing file /home/airflow/dags/Lead_scoring_training_pipeline/constants.py for tasks to queue
[2024-03-14T16:31:03.516+0000] {logging_mixin.py:188} INFO - [2024-03-14T16:31:03.515+0000] {dagbag.py:540} INFO - Filling up the DagBag from /home/airflow/dags/Lead_scoring_training_pipeline/constants.py
[2024-03-14T16:31:03.518+0000] {processor.py:842} WARNING - No viable dags retrieved from /home/airflow/dags/Lead_scoring_training_pipeline/constants.py
[2024-03-14T16:31:03.528+0000] {processor.py:183} INFO - Processing /home/airflow/dags/Lead_scoring_training_pipeline/constants.py took 0.020 seconds
[2024-03-14T16:32:10.510+0000] {processor.py:161} INFO - Started process (PID=1486) to work on /home/airflow/dags/Lead_scoring_training_pipeline/constants.py
[2024-03-14T16:32:10.513+0000] {processor.py:830} INFO - Processing file /home/airflow/dags/Lead_scoring_training_pipeline/constants.py for tasks to queue
[2024-03-14T16:32:10.514+0000] {logging_mixin.py:188} INFO - [2024-03-14T16:32:10.514+0000] {dagbag.py:540} INFO - Filling up the DagBag from /home/airflow/dags/Lead_scoring_training_pipeline/constants.py
[2024-03-14T16:32:10.517+0000] {processor.py:842} WARNING - No viable dags retrieved from /home/airflow/dags/Lead_scoring_training_pipeline/constants.py
[2024-03-14T16:32:10.527+0000] {processor.py:183} INFO - Processing /home/airflow/dags/Lead_scoring_training_pipeline/constants.py took 0.020 seconds
[2024-03-14T16:33:24.794+0000] {processor.py:161} INFO - Started process (PID=1699) to work on /home/airflow/dags/Lead_scoring_training_pipeline/constants.py
[2024-03-14T16:33:24.797+0000] {processor.py:830} INFO - Processing file /home/airflow/dags/Lead_scoring_training_pipeline/constants.py for tasks to queue
[2024-03-14T16:33:24.798+0000] {logging_mixin.py:188} INFO - [2024-03-14T16:33:24.797+0000] {dagbag.py:540} INFO - Filling up the DagBag from /home/airflow/dags/Lead_scoring_training_pipeline/constants.py
[2024-03-14T16:33:24.800+0000] {processor.py:842} WARNING - No viable dags retrieved from /home/airflow/dags/Lead_scoring_training_pipeline/constants.py
[2024-03-14T16:33:24.811+0000] {processor.py:183} INFO - Processing /home/airflow/dags/Lead_scoring_training_pipeline/constants.py took 0.020 seconds
[2024-03-14T16:35:05.503+0000] {processor.py:161} INFO - Started process (PID=1865) to work on /home/airflow/dags/Lead_scoring_training_pipeline/constants.py
[2024-03-14T16:35:05.505+0000] {processor.py:830} INFO - Processing file /home/airflow/dags/Lead_scoring_training_pipeline/constants.py for tasks to queue
[2024-03-14T16:35:05.506+0000] {logging_mixin.py:188} INFO - [2024-03-14T16:35:05.506+0000] {dagbag.py:540} INFO - Filling up the DagBag from /home/airflow/dags/Lead_scoring_training_pipeline/constants.py
[2024-03-14T16:35:05.508+0000] {processor.py:842} WARNING - No viable dags retrieved from /home/airflow/dags/Lead_scoring_training_pipeline/constants.py
[2024-03-14T16:35:05.518+0000] {processor.py:183} INFO - Processing /home/airflow/dags/Lead_scoring_training_pipeline/constants.py took 0.018 seconds
[2024-03-14T16:35:49.750+0000] {processor.py:161} INFO - Started process (PID=1928) to work on /home/airflow/dags/Lead_scoring_training_pipeline/constants.py
[2024-03-14T16:35:49.752+0000] {processor.py:830} INFO - Processing file /home/airflow/dags/Lead_scoring_training_pipeline/constants.py for tasks to queue
[2024-03-14T16:35:49.753+0000] {logging_mixin.py:188} INFO - [2024-03-14T16:35:49.753+0000] {dagbag.py:540} INFO - Filling up the DagBag from /home/airflow/dags/Lead_scoring_training_pipeline/constants.py
[2024-03-14T16:35:49.756+0000] {processor.py:842} WARNING - No viable dags retrieved from /home/airflow/dags/Lead_scoring_training_pipeline/constants.py
[2024-03-14T16:35:49.766+0000] {processor.py:183} INFO - Processing /home/airflow/dags/Lead_scoring_training_pipeline/constants.py took 0.019 seconds
[2024-03-14T16:36:49.146+0000] {processor.py:161} INFO - Started process (PID=2064) to work on /home/airflow/dags/Lead_scoring_training_pipeline/constants.py
[2024-03-14T16:36:49.149+0000] {processor.py:830} INFO - Processing file /home/airflow/dags/Lead_scoring_training_pipeline/constants.py for tasks to queue
[2024-03-14T16:36:49.150+0000] {logging_mixin.py:188} INFO - [2024-03-14T16:36:49.149+0000] {dagbag.py:540} INFO - Filling up the DagBag from /home/airflow/dags/Lead_scoring_training_pipeline/constants.py
[2024-03-14T16:36:49.152+0000] {processor.py:842} WARNING - No viable dags retrieved from /home/airflow/dags/Lead_scoring_training_pipeline/constants.py
[2024-03-14T16:36:49.163+0000] {processor.py:183} INFO - Processing /home/airflow/dags/Lead_scoring_training_pipeline/constants.py took 0.020 seconds
[2024-03-14T16:37:25.355+0000] {processor.py:161} INFO - Started process (PID=2104) to work on /home/airflow/dags/Lead_scoring_training_pipeline/constants.py
[2024-03-14T16:37:25.358+0000] {processor.py:830} INFO - Processing file /home/airflow/dags/Lead_scoring_training_pipeline/constants.py for tasks to queue
[2024-03-14T16:37:25.359+0000] {logging_mixin.py:188} INFO - [2024-03-14T16:37:25.359+0000] {dagbag.py:540} INFO - Filling up the DagBag from /home/airflow/dags/Lead_scoring_training_pipeline/constants.py
[2024-03-14T16:37:25.362+0000] {processor.py:842} WARNING - No viable dags retrieved from /home/airflow/dags/Lead_scoring_training_pipeline/constants.py
[2024-03-14T16:37:25.372+0000] {processor.py:183} INFO - Processing /home/airflow/dags/Lead_scoring_training_pipeline/constants.py took 0.020 seconds
[2024-03-14T16:38:18.934+0000] {processor.py:161} INFO - Started process (PID=2241) to work on /home/airflow/dags/Lead_scoring_training_pipeline/constants.py
[2024-03-14T16:38:18.937+0000] {processor.py:830} INFO - Processing file /home/airflow/dags/Lead_scoring_training_pipeline/constants.py for tasks to queue
[2024-03-14T16:38:18.938+0000] {logging_mixin.py:188} INFO - [2024-03-14T16:38:18.938+0000] {dagbag.py:540} INFO - Filling up the DagBag from /home/airflow/dags/Lead_scoring_training_pipeline/constants.py
[2024-03-14T16:38:18.941+0000] {processor.py:842} WARNING - No viable dags retrieved from /home/airflow/dags/Lead_scoring_training_pipeline/constants.py
[2024-03-14T16:38:18.952+0000] {processor.py:183} INFO - Processing /home/airflow/dags/Lead_scoring_training_pipeline/constants.py took 0.021 seconds
[2024-03-14T16:38:59.482+0000] {processor.py:161} INFO - Started process (PID=2284) to work on /home/airflow/dags/Lead_scoring_training_pipeline/constants.py
[2024-03-14T16:38:59.485+0000] {processor.py:830} INFO - Processing file /home/airflow/dags/Lead_scoring_training_pipeline/constants.py for tasks to queue
[2024-03-14T16:38:59.486+0000] {logging_mixin.py:188} INFO - [2024-03-14T16:38:59.485+0000] {dagbag.py:540} INFO - Filling up the DagBag from /home/airflow/dags/Lead_scoring_training_pipeline/constants.py
[2024-03-14T16:38:59.488+0000] {processor.py:842} WARNING - No viable dags retrieved from /home/airflow/dags/Lead_scoring_training_pipeline/constants.py
[2024-03-14T16:38:59.499+0000] {processor.py:183} INFO - Processing /home/airflow/dags/Lead_scoring_training_pipeline/constants.py took 0.021 seconds
[2024-03-14T16:39:34.961+0000] {processor.py:161} INFO - Started process (PID=2361) to work on /home/airflow/dags/Lead_scoring_training_pipeline/constants.py
[2024-03-14T16:39:34.964+0000] {processor.py:830} INFO - Processing file /home/airflow/dags/Lead_scoring_training_pipeline/constants.py for tasks to queue
[2024-03-14T16:39:34.965+0000] {logging_mixin.py:188} INFO - [2024-03-14T16:39:34.965+0000] {dagbag.py:540} INFO - Filling up the DagBag from /home/airflow/dags/Lead_scoring_training_pipeline/constants.py
[2024-03-14T16:39:34.968+0000] {processor.py:842} WARNING - No viable dags retrieved from /home/airflow/dags/Lead_scoring_training_pipeline/constants.py
[2024-03-14T16:39:34.978+0000] {processor.py:183} INFO - Processing /home/airflow/dags/Lead_scoring_training_pipeline/constants.py took 0.019 seconds
[2024-03-14T16:40:09.270+0000] {processor.py:161} INFO - Started process (PID=2399) to work on /home/airflow/dags/Lead_scoring_training_pipeline/constants.py
[2024-03-14T16:40:09.272+0000] {processor.py:830} INFO - Processing file /home/airflow/dags/Lead_scoring_training_pipeline/constants.py for tasks to queue
[2024-03-14T16:40:09.274+0000] {logging_mixin.py:188} INFO - [2024-03-14T16:40:09.274+0000] {dagbag.py:540} INFO - Filling up the DagBag from /home/airflow/dags/Lead_scoring_training_pipeline/constants.py
[2024-03-14T16:40:09.277+0000] {processor.py:842} WARNING - No viable dags retrieved from /home/airflow/dags/Lead_scoring_training_pipeline/constants.py
[2024-03-14T16:40:09.287+0000] {processor.py:183} INFO - Processing /home/airflow/dags/Lead_scoring_training_pipeline/constants.py took 0.020 seconds
[2024-03-14T16:40:43.134+0000] {processor.py:161} INFO - Started process (PID=2475) to work on /home/airflow/dags/Lead_scoring_training_pipeline/constants.py
[2024-03-14T16:40:43.137+0000] {processor.py:830} INFO - Processing file /home/airflow/dags/Lead_scoring_training_pipeline/constants.py for tasks to queue
[2024-03-14T16:40:43.138+0000] {logging_mixin.py:188} INFO - [2024-03-14T16:40:43.137+0000] {dagbag.py:540} INFO - Filling up the DagBag from /home/airflow/dags/Lead_scoring_training_pipeline/constants.py
[2024-03-14T16:40:43.140+0000] {processor.py:842} WARNING - No viable dags retrieved from /home/airflow/dags/Lead_scoring_training_pipeline/constants.py
[2024-03-14T16:40:43.150+0000] {processor.py:183} INFO - Processing /home/airflow/dags/Lead_scoring_training_pipeline/constants.py took 0.020 seconds
[2024-03-14T16:41:19.295+0000] {processor.py:161} INFO - Started process (PID=2506) to work on /home/airflow/dags/Lead_scoring_training_pipeline/constants.py
[2024-03-14T16:41:19.298+0000] {processor.py:830} INFO - Processing file /home/airflow/dags/Lead_scoring_training_pipeline/constants.py for tasks to queue
[2024-03-14T16:41:19.299+0000] {logging_mixin.py:188} INFO - [2024-03-14T16:41:19.298+0000] {dagbag.py:540} INFO - Filling up the DagBag from /home/airflow/dags/Lead_scoring_training_pipeline/constants.py
[2024-03-14T16:41:19.301+0000] {processor.py:842} WARNING - No viable dags retrieved from /home/airflow/dags/Lead_scoring_training_pipeline/constants.py
[2024-03-14T16:41:19.312+0000] {processor.py:183} INFO - Processing /home/airflow/dags/Lead_scoring_training_pipeline/constants.py took 0.020 seconds
[2024-03-14T16:41:55.823+0000] {processor.py:161} INFO - Started process (PID=2585) to work on /home/airflow/dags/Lead_scoring_training_pipeline/constants.py
[2024-03-14T16:41:55.825+0000] {processor.py:830} INFO - Processing file /home/airflow/dags/Lead_scoring_training_pipeline/constants.py for tasks to queue
[2024-03-14T16:41:55.826+0000] {logging_mixin.py:188} INFO - [2024-03-14T16:41:55.825+0000] {dagbag.py:540} INFO - Filling up the DagBag from /home/airflow/dags/Lead_scoring_training_pipeline/constants.py
[2024-03-14T16:41:55.828+0000] {processor.py:842} WARNING - No viable dags retrieved from /home/airflow/dags/Lead_scoring_training_pipeline/constants.py
[2024-03-14T16:41:55.924+0000] {processor.py:183} INFO - Processing /home/airflow/dags/Lead_scoring_training_pipeline/constants.py took 0.104 seconds
[2024-03-14T16:42:39.448+0000] {processor.py:161} INFO - Started process (PID=2622) to work on /home/airflow/dags/Lead_scoring_training_pipeline/constants.py
[2024-03-14T16:42:39.450+0000] {processor.py:830} INFO - Processing file /home/airflow/dags/Lead_scoring_training_pipeline/constants.py for tasks to queue
[2024-03-14T16:42:39.451+0000] {logging_mixin.py:188} INFO - [2024-03-14T16:42:39.450+0000] {dagbag.py:540} INFO - Filling up the DagBag from /home/airflow/dags/Lead_scoring_training_pipeline/constants.py
[2024-03-14T16:42:39.453+0000] {processor.py:842} WARNING - No viable dags retrieved from /home/airflow/dags/Lead_scoring_training_pipeline/constants.py
[2024-03-14T16:42:39.464+0000] {processor.py:183} INFO - Processing /home/airflow/dags/Lead_scoring_training_pipeline/constants.py took 0.020 seconds
[2024-03-14T16:43:18.019+0000] {processor.py:161} INFO - Started process (PID=2702) to work on /home/airflow/dags/Lead_scoring_training_pipeline/constants.py
[2024-03-14T16:43:18.022+0000] {processor.py:830} INFO - Processing file /home/airflow/dags/Lead_scoring_training_pipeline/constants.py for tasks to queue
[2024-03-14T16:43:18.023+0000] {logging_mixin.py:188} INFO - [2024-03-14T16:43:18.022+0000] {dagbag.py:540} INFO - Filling up the DagBag from /home/airflow/dags/Lead_scoring_training_pipeline/constants.py
[2024-03-14T16:43:18.025+0000] {processor.py:842} WARNING - No viable dags retrieved from /home/airflow/dags/Lead_scoring_training_pipeline/constants.py
[2024-03-14T16:43:18.036+0000] {processor.py:183} INFO - Processing /home/airflow/dags/Lead_scoring_training_pipeline/constants.py took 0.020 seconds
[2024-03-14T16:43:59.543+0000] {processor.py:161} INFO - Started process (PID=2742) to work on /home/airflow/dags/Lead_scoring_training_pipeline/constants.py
[2024-03-14T16:43:59.545+0000] {processor.py:830} INFO - Processing file /home/airflow/dags/Lead_scoring_training_pipeline/constants.py for tasks to queue
[2024-03-14T16:43:59.546+0000] {logging_mixin.py:188} INFO - [2024-03-14T16:43:59.545+0000] {dagbag.py:540} INFO - Filling up the DagBag from /home/airflow/dags/Lead_scoring_training_pipeline/constants.py
[2024-03-14T16:43:59.548+0000] {processor.py:842} WARNING - No viable dags retrieved from /home/airflow/dags/Lead_scoring_training_pipeline/constants.py
[2024-03-14T16:43:59.558+0000] {processor.py:183} INFO - Processing /home/airflow/dags/Lead_scoring_training_pipeline/constants.py took 0.018 seconds
[2024-03-14T16:44:59.927+0000] {processor.py:161} INFO - Started process (PID=2882) to work on /home/airflow/dags/Lead_scoring_training_pipeline/constants.py
[2024-03-14T16:44:59.929+0000] {processor.py:830} INFO - Processing file /home/airflow/dags/Lead_scoring_training_pipeline/constants.py for tasks to queue
[2024-03-14T16:44:59.930+0000] {logging_mixin.py:188} INFO - [2024-03-14T16:44:59.930+0000] {dagbag.py:540} INFO - Filling up the DagBag from /home/airflow/dags/Lead_scoring_training_pipeline/constants.py
[2024-03-14T16:44:59.933+0000] {processor.py:842} WARNING - No viable dags retrieved from /home/airflow/dags/Lead_scoring_training_pipeline/constants.py
[2024-03-14T16:44:59.944+0000] {processor.py:183} INFO - Processing /home/airflow/dags/Lead_scoring_training_pipeline/constants.py took 0.020 seconds
[2024-03-14T16:45:37.267+0000] {processor.py:161} INFO - Started process (PID=2921) to work on /home/airflow/dags/Lead_scoring_training_pipeline/constants.py
[2024-03-14T16:45:37.269+0000] {processor.py:830} INFO - Processing file /home/airflow/dags/Lead_scoring_training_pipeline/constants.py for tasks to queue
[2024-03-14T16:45:37.270+0000] {logging_mixin.py:188} INFO - [2024-03-14T16:45:37.270+0000] {dagbag.py:540} INFO - Filling up the DagBag from /home/airflow/dags/Lead_scoring_training_pipeline/constants.py
[2024-03-14T16:45:37.273+0000] {processor.py:842} WARNING - No viable dags retrieved from /home/airflow/dags/Lead_scoring_training_pipeline/constants.py
[2024-03-14T16:45:37.284+0000] {processor.py:183} INFO - Processing /home/airflow/dags/Lead_scoring_training_pipeline/constants.py took 0.020 seconds
[2024-03-14T16:55:28.659+0000] {processor.py:161} INFO - Started process (PID=3077) to work on /home/airflow/dags/Lead_scoring_training_pipeline/constants.py
[2024-03-14T16:55:28.662+0000] {processor.py:830} INFO - Processing file /home/airflow/dags/Lead_scoring_training_pipeline/constants.py for tasks to queue
[2024-03-14T16:55:28.663+0000] {logging_mixin.py:188} INFO - [2024-03-14T16:55:28.663+0000] {dagbag.py:540} INFO - Filling up the DagBag from /home/airflow/dags/Lead_scoring_training_pipeline/constants.py
[2024-03-14T16:55:28.666+0000] {processor.py:842} WARNING - No viable dags retrieved from /home/airflow/dags/Lead_scoring_training_pipeline/constants.py
[2024-03-14T16:55:28.677+0000] {processor.py:183} INFO - Processing /home/airflow/dags/Lead_scoring_training_pipeline/constants.py took 0.021 seconds
[2024-03-14T16:56:41.052+0000] {processor.py:161} INFO - Started process (PID=3316) to work on /home/airflow/dags/Lead_scoring_training_pipeline/constants.py
[2024-03-14T16:56:41.054+0000] {processor.py:830} INFO - Processing file /home/airflow/dags/Lead_scoring_training_pipeline/constants.py for tasks to queue
[2024-03-14T16:56:41.055+0000] {logging_mixin.py:188} INFO - [2024-03-14T16:56:41.055+0000] {dagbag.py:540} INFO - Filling up the DagBag from /home/airflow/dags/Lead_scoring_training_pipeline/constants.py
[2024-03-14T16:56:41.058+0000] {processor.py:842} WARNING - No viable dags retrieved from /home/airflow/dags/Lead_scoring_training_pipeline/constants.py
[2024-03-14T16:56:41.070+0000] {processor.py:183} INFO - Processing /home/airflow/dags/Lead_scoring_training_pipeline/constants.py took 0.021 seconds
[2024-03-14T16:57:40.410+0000] {processor.py:161} INFO - Started process (PID=3417) to work on /home/airflow/dags/Lead_scoring_training_pipeline/constants.py
[2024-03-14T16:57:40.412+0000] {processor.py:830} INFO - Processing file /home/airflow/dags/Lead_scoring_training_pipeline/constants.py for tasks to queue
[2024-03-14T16:57:40.413+0000] {logging_mixin.py:188} INFO - [2024-03-14T16:57:40.412+0000] {dagbag.py:540} INFO - Filling up the DagBag from /home/airflow/dags/Lead_scoring_training_pipeline/constants.py
[2024-03-14T16:57:40.415+0000] {processor.py:842} WARNING - No viable dags retrieved from /home/airflow/dags/Lead_scoring_training_pipeline/constants.py
[2024-03-14T16:57:40.426+0000] {processor.py:183} INFO - Processing /home/airflow/dags/Lead_scoring_training_pipeline/constants.py took 0.020 seconds
[2024-03-14T16:58:38.452+0000] {processor.py:161} INFO - Started process (PID=3511) to work on /home/airflow/dags/Lead_scoring_training_pipeline/constants.py
[2024-03-14T16:58:38.454+0000] {processor.py:830} INFO - Processing file /home/airflow/dags/Lead_scoring_training_pipeline/constants.py for tasks to queue
[2024-03-14T16:58:38.455+0000] {logging_mixin.py:188} INFO - [2024-03-14T16:58:38.454+0000] {dagbag.py:540} INFO - Filling up the DagBag from /home/airflow/dags/Lead_scoring_training_pipeline/constants.py
[2024-03-14T16:58:38.458+0000] {processor.py:842} WARNING - No viable dags retrieved from /home/airflow/dags/Lead_scoring_training_pipeline/constants.py
[2024-03-14T16:58:38.469+0000] {processor.py:183} INFO - Processing /home/airflow/dags/Lead_scoring_training_pipeline/constants.py took 0.021 seconds
