[2024-03-14T16:23:34.055+0000] {processor.py:161} INFO - Started process (PID=633) to work on /home/airflow/dags/Lead_scoring_training_pipeline/lead_scoring_training_pipeline.py
[2024-03-14T16:23:34.056+0000] {processor.py:830} INFO - Processing file /home/airflow/dags/Lead_scoring_training_pipeline/lead_scoring_training_pipeline.py for tasks to queue
[2024-03-14T16:23:34.057+0000] {logging_mixin.py:188} INFO - [2024-03-14T16:23:34.057+0000] {dagbag.py:540} INFO - Filling up the DagBag from /home/airflow/dags/Lead_scoring_training_pipeline/lead_scoring_training_pipeline.py
[2024-03-14T16:23:34.286+0000] {logging_mixin.py:188} INFO - [2024-03-14T16:23:34.285+0000] {dagbag.py:350} ERROR - Failed to import: /home/airflow/dags/Lead_scoring_training_pipeline/lead_scoring_training_pipeline.py
Traceback (most recent call last):
  File "/usr/local/lib/python3.8/dist-packages/airflow/models/dagbag.py", line 346, in parse
    loader.exec_module(new_module)
  File "<frozen importlib._bootstrap_external>", line 848, in exec_module
  File "<frozen importlib._bootstrap>", line 219, in _call_with_frames_removed
  File "/home/airflow/dags/Lead_scoring_training_pipeline/lead_scoring_training_pipeline.py", line 7, in <module>
    from Lead_scoring_training_pipeline.utils import *
  File "/home/airflow/dags/Lead_scoring_training_pipeline/utils.py", line 23, in <module>
    import mlflow
ModuleNotFoundError: No module named 'mlflow'
[2024-03-14T16:23:34.286+0000] {processor.py:842} WARNING - No viable dags retrieved from /home/airflow/dags/Lead_scoring_training_pipeline/lead_scoring_training_pipeline.py
[2024-03-14T16:23:34.414+0000] {processor.py:183} INFO - Processing /home/airflow/dags/Lead_scoring_training_pipeline/lead_scoring_training_pipeline.py took 0.362 seconds
[2024-03-14T16:24:48.180+0000] {processor.py:161} INFO - Started process (PID=736) to work on /home/airflow/dags/Lead_scoring_training_pipeline/lead_scoring_training_pipeline.py
[2024-03-14T16:24:48.182+0000] {processor.py:830} INFO - Processing file /home/airflow/dags/Lead_scoring_training_pipeline/lead_scoring_training_pipeline.py for tasks to queue
[2024-03-14T16:24:48.183+0000] {logging_mixin.py:188} INFO - [2024-03-14T16:24:48.183+0000] {dagbag.py:540} INFO - Filling up the DagBag from /home/airflow/dags/Lead_scoring_training_pipeline/lead_scoring_training_pipeline.py
[2024-03-14T16:24:48.403+0000] {logging_mixin.py:188} INFO - [2024-03-14T16:24:48.402+0000] {dagbag.py:350} ERROR - Failed to import: /home/airflow/dags/Lead_scoring_training_pipeline/lead_scoring_training_pipeline.py
Traceback (most recent call last):
  File "/usr/local/lib/python3.8/dist-packages/airflow/models/dagbag.py", line 346, in parse
    loader.exec_module(new_module)
  File "<frozen importlib._bootstrap_external>", line 848, in exec_module
  File "<frozen importlib._bootstrap>", line 219, in _call_with_frames_removed
  File "/home/airflow/dags/Lead_scoring_training_pipeline/lead_scoring_training_pipeline.py", line 7, in <module>
    from Lead_scoring_training_pipeline.utils import *
  File "/home/airflow/dags/Lead_scoring_training_pipeline/utils.py", line 23, in <module>
    import mlflow
ModuleNotFoundError: No module named 'mlflow'
[2024-03-14T16:24:48.404+0000] {processor.py:842} WARNING - No viable dags retrieved from /home/airflow/dags/Lead_scoring_training_pipeline/lead_scoring_training_pipeline.py
[2024-03-14T16:24:48.474+0000] {processor.py:183} INFO - Processing /home/airflow/dags/Lead_scoring_training_pipeline/lead_scoring_training_pipeline.py took 0.297 seconds
[2024-03-14T16:25:50.113+0000] {processor.py:161} INFO - Started process (PID=835) to work on /home/airflow/dags/Lead_scoring_training_pipeline/lead_scoring_training_pipeline.py
[2024-03-14T16:25:50.115+0000] {processor.py:830} INFO - Processing file /home/airflow/dags/Lead_scoring_training_pipeline/lead_scoring_training_pipeline.py for tasks to queue
[2024-03-14T16:25:50.116+0000] {logging_mixin.py:188} INFO - [2024-03-14T16:25:50.116+0000] {dagbag.py:540} INFO - Filling up the DagBag from /home/airflow/dags/Lead_scoring_training_pipeline/lead_scoring_training_pipeline.py
[2024-03-14T16:25:51.051+0000] {logging_mixin.py:188} INFO - [2024-03-14T16:25:51.051+0000] {dagbag.py:350} ERROR - Failed to import: /home/airflow/dags/Lead_scoring_training_pipeline/lead_scoring_training_pipeline.py
Traceback (most recent call last):
  File "/usr/local/lib/python3.8/dist-packages/airflow/models/dagbag.py", line 346, in parse
    loader.exec_module(new_module)
  File "<frozen importlib._bootstrap_external>", line 848, in exec_module
  File "<frozen importlib._bootstrap>", line 219, in _call_with_frames_removed
  File "/home/airflow/dags/Lead_scoring_training_pipeline/lead_scoring_training_pipeline.py", line 7, in <module>
    from Lead_scoring_training_pipeline.utils import *
  File "/home/airflow/dags/Lead_scoring_training_pipeline/utils.py", line 28, in <module>
    import lightgbm as lgb
ModuleNotFoundError: No module named 'lightgbm'
[2024-03-14T16:25:51.055+0000] {processor.py:842} WARNING - No viable dags retrieved from /home/airflow/dags/Lead_scoring_training_pipeline/lead_scoring_training_pipeline.py
[2024-03-14T16:25:51.097+0000] {processor.py:183} INFO - Processing /home/airflow/dags/Lead_scoring_training_pipeline/lead_scoring_training_pipeline.py took 0.987 seconds
[2024-03-14T16:26:55.830+0000] {processor.py:161} INFO - Started process (PID=950) to work on /home/airflow/dags/Lead_scoring_training_pipeline/lead_scoring_training_pipeline.py
[2024-03-14T16:26:55.832+0000] {processor.py:830} INFO - Processing file /home/airflow/dags/Lead_scoring_training_pipeline/lead_scoring_training_pipeline.py for tasks to queue
[2024-03-14T16:26:55.833+0000] {logging_mixin.py:188} INFO - [2024-03-14T16:26:55.833+0000] {dagbag.py:540} INFO - Filling up the DagBag from /home/airflow/dags/Lead_scoring_training_pipeline/lead_scoring_training_pipeline.py
[2024-03-14T16:26:56.775+0000] {logging_mixin.py:188} INFO - [2024-03-14T16:26:56.775+0000] {dagbag.py:350} ERROR - Failed to import: /home/airflow/dags/Lead_scoring_training_pipeline/lead_scoring_training_pipeline.py
Traceback (most recent call last):
  File "/usr/local/lib/python3.8/dist-packages/airflow/models/dagbag.py", line 346, in parse
    loader.exec_module(new_module)
  File "<frozen importlib._bootstrap_external>", line 848, in exec_module
  File "<frozen importlib._bootstrap>", line 219, in _call_with_frames_removed
  File "/home/airflow/dags/Lead_scoring_training_pipeline/lead_scoring_training_pipeline.py", line 7, in <module>
    from Lead_scoring_training_pipeline.utils import *
  File "/home/airflow/dags/Lead_scoring_training_pipeline/utils.py", line 28, in <module>
    import lightgbm as lgb
ModuleNotFoundError: No module named 'lightgbm'
[2024-03-14T16:26:56.779+0000] {processor.py:842} WARNING - No viable dags retrieved from /home/airflow/dags/Lead_scoring_training_pipeline/lead_scoring_training_pipeline.py
[2024-03-14T16:26:56.930+0000] {processor.py:183} INFO - Processing /home/airflow/dags/Lead_scoring_training_pipeline/lead_scoring_training_pipeline.py took 1.103 seconds
[2024-03-14T16:28:03.575+0000] {processor.py:161} INFO - Started process (PID=1065) to work on /home/airflow/dags/Lead_scoring_training_pipeline/lead_scoring_training_pipeline.py
[2024-03-14T16:28:03.577+0000] {processor.py:830} INFO - Processing file /home/airflow/dags/Lead_scoring_training_pipeline/lead_scoring_training_pipeline.py for tasks to queue
[2024-03-14T16:28:03.578+0000] {logging_mixin.py:188} INFO - [2024-03-14T16:28:03.578+0000] {dagbag.py:540} INFO - Filling up the DagBag from /home/airflow/dags/Lead_scoring_training_pipeline/lead_scoring_training_pipeline.py
[2024-03-14T16:28:05.308+0000] {logging_mixin.py:188} INFO - [2024-03-14T16:28:05.308+0000] {dagbag.py:350} ERROR - Failed to import: /home/airflow/dags/Lead_scoring_training_pipeline/lead_scoring_training_pipeline.py
Traceback (most recent call last):
  File "/usr/local/lib/python3.8/dist-packages/airflow/models/dagbag.py", line 346, in parse
    loader.exec_module(new_module)
  File "<frozen importlib._bootstrap_external>", line 848, in exec_module
  File "<frozen importlib._bootstrap>", line 219, in _call_with_frames_removed
  File "/home/airflow/dags/Lead_scoring_training_pipeline/lead_scoring_training_pipeline.py", line 7, in <module>
    from Lead_scoring_training_pipeline.utils import *
  File "/home/airflow/dags/Lead_scoring_training_pipeline/utils.py", line 28, in <module>
    import lightgbm as lgb
ModuleNotFoundError: No module named 'lightgbm'
[2024-03-14T16:28:05.310+0000] {processor.py:842} WARNING - No viable dags retrieved from /home/airflow/dags/Lead_scoring_training_pipeline/lead_scoring_training_pipeline.py
[2024-03-14T16:28:05.327+0000] {processor.py:183} INFO - Processing /home/airflow/dags/Lead_scoring_training_pipeline/lead_scoring_training_pipeline.py took 1.755 seconds
[2024-03-14T16:29:15.987+0000] {processor.py:161} INFO - Started process (PID=1181) to work on /home/airflow/dags/Lead_scoring_training_pipeline/lead_scoring_training_pipeline.py
[2024-03-14T16:29:15.990+0000] {processor.py:830} INFO - Processing file /home/airflow/dags/Lead_scoring_training_pipeline/lead_scoring_training_pipeline.py for tasks to queue
[2024-03-14T16:29:15.991+0000] {logging_mixin.py:188} INFO - [2024-03-14T16:29:15.990+0000] {dagbag.py:540} INFO - Filling up the DagBag from /home/airflow/dags/Lead_scoring_training_pipeline/lead_scoring_training_pipeline.py
[2024-03-14T16:29:17.630+0000] {processor.py:840} INFO - DAG(s) 'Lead_scoring_training_pipeline' retrieved from /home/airflow/dags/Lead_scoring_training_pipeline/lead_scoring_training_pipeline.py
[2024-03-14T16:29:17.720+0000] {logging_mixin.py:188} INFO - [2024-03-14T16:29:17.720+0000] {dag.py:3047} INFO - Sync 1 DAGs
[2024-03-14T16:29:17.735+0000] {logging_mixin.py:188} INFO - [2024-03-14T16:29:17.734+0000] {dag.py:3834} INFO - Setting next_dagrun for Lead_scoring_training_pipeline to 2024-04-01 00:00:00+00:00, run_after=2024-05-01 00:00:00+00:00
[2024-03-14T16:29:17.868+0000] {processor.py:183} INFO - Processing /home/airflow/dags/Lead_scoring_training_pipeline/lead_scoring_training_pipeline.py took 1.884 seconds
[2024-03-14T16:31:08.303+0000] {processor.py:161} INFO - Started process (PID=1376) to work on /home/airflow/dags/Lead_scoring_training_pipeline/lead_scoring_training_pipeline.py
[2024-03-14T16:31:08.306+0000] {processor.py:830} INFO - Processing file /home/airflow/dags/Lead_scoring_training_pipeline/lead_scoring_training_pipeline.py for tasks to queue
[2024-03-14T16:31:08.307+0000] {logging_mixin.py:188} INFO - [2024-03-14T16:31:08.307+0000] {dagbag.py:540} INFO - Filling up the DagBag from /home/airflow/dags/Lead_scoring_training_pipeline/lead_scoring_training_pipeline.py
[2024-03-14T16:31:09.903+0000] {processor.py:840} INFO - DAG(s) 'Lead_scoring_training_pipeline' retrieved from /home/airflow/dags/Lead_scoring_training_pipeline/lead_scoring_training_pipeline.py
[2024-03-14T16:31:09.913+0000] {logging_mixin.py:188} INFO - [2024-03-14T16:31:09.913+0000] {dag.py:3047} INFO - Sync 1 DAGs
[2024-03-14T16:31:09.929+0000] {logging_mixin.py:188} INFO - [2024-03-14T16:31:09.929+0000] {dag.py:3834} INFO - Setting next_dagrun for Lead_scoring_training_pipeline to 2024-04-01 00:00:00+00:00, run_after=2024-05-01 00:00:00+00:00
[2024-03-14T16:31:10.003+0000] {processor.py:183} INFO - Processing /home/airflow/dags/Lead_scoring_training_pipeline/lead_scoring_training_pipeline.py took 1.703 seconds
[2024-03-14T16:32:14.510+0000] {processor.py:161} INFO - Started process (PID=1490) to work on /home/airflow/dags/Lead_scoring_training_pipeline/lead_scoring_training_pipeline.py
[2024-03-14T16:32:14.512+0000] {processor.py:830} INFO - Processing file /home/airflow/dags/Lead_scoring_training_pipeline/lead_scoring_training_pipeline.py for tasks to queue
[2024-03-14T16:32:14.513+0000] {logging_mixin.py:188} INFO - [2024-03-14T16:32:14.512+0000] {dagbag.py:540} INFO - Filling up the DagBag from /home/airflow/dags/Lead_scoring_training_pipeline/lead_scoring_training_pipeline.py
[2024-03-14T16:32:16.136+0000] {processor.py:840} INFO - DAG(s) 'Lead_scoring_training_pipeline' retrieved from /home/airflow/dags/Lead_scoring_training_pipeline/lead_scoring_training_pipeline.py
[2024-03-14T16:32:16.147+0000] {logging_mixin.py:188} INFO - [2024-03-14T16:32:16.147+0000] {dag.py:3047} INFO - Sync 1 DAGs
[2024-03-14T16:32:16.162+0000] {logging_mixin.py:188} INFO - [2024-03-14T16:32:16.162+0000] {dag.py:3834} INFO - Setting next_dagrun for Lead_scoring_training_pipeline to 2024-04-01 00:00:00+00:00, run_after=2024-05-01 00:00:00+00:00
[2024-03-14T16:32:16.213+0000] {processor.py:183} INFO - Processing /home/airflow/dags/Lead_scoring_training_pipeline/lead_scoring_training_pipeline.py took 1.706 seconds
[2024-03-14T16:33:28.843+0000] {processor.py:161} INFO - Started process (PID=1703) to work on /home/airflow/dags/Lead_scoring_training_pipeline/lead_scoring_training_pipeline.py
[2024-03-14T16:33:28.845+0000] {processor.py:830} INFO - Processing file /home/airflow/dags/Lead_scoring_training_pipeline/lead_scoring_training_pipeline.py for tasks to queue
[2024-03-14T16:33:28.846+0000] {logging_mixin.py:188} INFO - [2024-03-14T16:33:28.845+0000] {dagbag.py:540} INFO - Filling up the DagBag from /home/airflow/dags/Lead_scoring_training_pipeline/lead_scoring_training_pipeline.py
[2024-03-14T16:33:30.463+0000] {processor.py:840} INFO - DAG(s) 'Lead_scoring_training_pipeline' retrieved from /home/airflow/dags/Lead_scoring_training_pipeline/lead_scoring_training_pipeline.py
[2024-03-14T16:33:30.508+0000] {logging_mixin.py:188} INFO - [2024-03-14T16:33:30.508+0000] {dag.py:3047} INFO - Sync 1 DAGs
[2024-03-14T16:33:30.748+0000] {logging_mixin.py:188} INFO - [2024-03-14T16:33:30.747+0000] {dag.py:3834} INFO - Setting next_dagrun for Lead_scoring_training_pipeline to 2024-04-01 00:00:00+00:00, run_after=2024-05-01 00:00:00+00:00
[2024-03-14T16:33:31.463+0000] {processor.py:183} INFO - Processing /home/airflow/dags/Lead_scoring_training_pipeline/lead_scoring_training_pipeline.py took 2.624 seconds
[2024-03-14T16:35:09.855+0000] {processor.py:161} INFO - Started process (PID=1869) to work on /home/airflow/dags/Lead_scoring_training_pipeline/lead_scoring_training_pipeline.py
[2024-03-14T16:35:09.857+0000] {processor.py:830} INFO - Processing file /home/airflow/dags/Lead_scoring_training_pipeline/lead_scoring_training_pipeline.py for tasks to queue
[2024-03-14T16:35:09.858+0000] {logging_mixin.py:188} INFO - [2024-03-14T16:35:09.858+0000] {dagbag.py:540} INFO - Filling up the DagBag from /home/airflow/dags/Lead_scoring_training_pipeline/lead_scoring_training_pipeline.py
[2024-03-14T16:35:11.468+0000] {processor.py:840} INFO - DAG(s) 'Lead_scoring_training_pipeline' retrieved from /home/airflow/dags/Lead_scoring_training_pipeline/lead_scoring_training_pipeline.py
[2024-03-14T16:35:11.479+0000] {logging_mixin.py:188} INFO - [2024-03-14T16:35:11.479+0000] {dag.py:3047} INFO - Sync 1 DAGs
[2024-03-14T16:35:11.495+0000] {logging_mixin.py:188} INFO - [2024-03-14T16:35:11.495+0000] {dag.py:3834} INFO - Setting next_dagrun for Lead_scoring_training_pipeline to 2024-04-01 00:00:00+00:00, run_after=2024-05-01 00:00:00+00:00
[2024-03-14T16:35:11.590+0000] {processor.py:183} INFO - Processing /home/airflow/dags/Lead_scoring_training_pipeline/lead_scoring_training_pipeline.py took 1.738 seconds
[2024-03-14T16:36:44.386+0000] {processor.py:161} INFO - Started process (PID=2044) to work on /home/airflow/dags/Lead_scoring_training_pipeline/lead_scoring_training_pipeline.py
[2024-03-14T16:36:44.388+0000] {processor.py:830} INFO - Processing file /home/airflow/dags/Lead_scoring_training_pipeline/lead_scoring_training_pipeline.py for tasks to queue
[2024-03-14T16:36:44.389+0000] {logging_mixin.py:188} INFO - [2024-03-14T16:36:44.389+0000] {dagbag.py:540} INFO - Filling up the DagBag from /home/airflow/dags/Lead_scoring_training_pipeline/lead_scoring_training_pipeline.py
[2024-03-14T16:36:46.041+0000] {processor.py:840} INFO - DAG(s) 'Lead_scoring_training_pipeline' retrieved from /home/airflow/dags/Lead_scoring_training_pipeline/lead_scoring_training_pipeline.py
[2024-03-14T16:36:46.050+0000] {logging_mixin.py:188} INFO - [2024-03-14T16:36:46.050+0000] {dag.py:3047} INFO - Sync 1 DAGs
[2024-03-14T16:36:46.185+0000] {logging_mixin.py:188} INFO - [2024-03-14T16:36:46.185+0000] {dag.py:3834} INFO - Setting next_dagrun for Lead_scoring_training_pipeline to 2024-04-01 00:00:00+00:00, run_after=2024-05-01 00:00:00+00:00
[2024-03-14T16:36:46.314+0000] {processor.py:183} INFO - Processing /home/airflow/dags/Lead_scoring_training_pipeline/lead_scoring_training_pipeline.py took 1.931 seconds
[2024-03-14T16:38:14.566+0000] {processor.py:161} INFO - Started process (PID=2221) to work on /home/airflow/dags/Lead_scoring_training_pipeline/lead_scoring_training_pipeline.py
[2024-03-14T16:38:14.569+0000] {processor.py:830} INFO - Processing file /home/airflow/dags/Lead_scoring_training_pipeline/lead_scoring_training_pipeline.py for tasks to queue
[2024-03-14T16:38:14.570+0000] {logging_mixin.py:188} INFO - [2024-03-14T16:38:14.569+0000] {dagbag.py:540} INFO - Filling up the DagBag from /home/airflow/dags/Lead_scoring_training_pipeline/lead_scoring_training_pipeline.py
[2024-03-14T16:38:16.149+0000] {processor.py:840} INFO - DAG(s) 'Lead_scoring_training_pipeline' retrieved from /home/airflow/dags/Lead_scoring_training_pipeline/lead_scoring_training_pipeline.py
[2024-03-14T16:38:16.160+0000] {logging_mixin.py:188} INFO - [2024-03-14T16:38:16.160+0000] {dag.py:3047} INFO - Sync 1 DAGs
[2024-03-14T16:38:16.176+0000] {logging_mixin.py:188} INFO - [2024-03-14T16:38:16.176+0000] {dag.py:3834} INFO - Setting next_dagrun for Lead_scoring_training_pipeline to 2024-04-01 00:00:00+00:00, run_after=2024-05-01 00:00:00+00:00
[2024-03-14T16:38:16.198+0000] {processor.py:183} INFO - Processing /home/airflow/dags/Lead_scoring_training_pipeline/lead_scoring_training_pipeline.py took 1.636 seconds
[2024-03-14T16:39:30.959+0000] {processor.py:161} INFO - Started process (PID=2341) to work on /home/airflow/dags/Lead_scoring_training_pipeline/lead_scoring_training_pipeline.py
[2024-03-14T16:39:30.962+0000] {processor.py:830} INFO - Processing file /home/airflow/dags/Lead_scoring_training_pipeline/lead_scoring_training_pipeline.py for tasks to queue
[2024-03-14T16:39:30.963+0000] {logging_mixin.py:188} INFO - [2024-03-14T16:39:30.962+0000] {dagbag.py:540} INFO - Filling up the DagBag from /home/airflow/dags/Lead_scoring_training_pipeline/lead_scoring_training_pipeline.py
[2024-03-14T16:39:32.584+0000] {processor.py:840} INFO - DAG(s) 'Lead_scoring_training_pipeline' retrieved from /home/airflow/dags/Lead_scoring_training_pipeline/lead_scoring_training_pipeline.py
[2024-03-14T16:39:32.596+0000] {logging_mixin.py:188} INFO - [2024-03-14T16:39:32.596+0000] {dag.py:3047} INFO - Sync 1 DAGs
[2024-03-14T16:39:32.611+0000] {logging_mixin.py:188} INFO - [2024-03-14T16:39:32.611+0000] {dag.py:3834} INFO - Setting next_dagrun for Lead_scoring_training_pipeline to 2024-04-01 00:00:00+00:00, run_after=2024-05-01 00:00:00+00:00
[2024-03-14T16:39:32.734+0000] {processor.py:183} INFO - Processing /home/airflow/dags/Lead_scoring_training_pipeline/lead_scoring_training_pipeline.py took 1.778 seconds
[2024-03-14T16:40:39.132+0000] {processor.py:161} INFO - Started process (PID=2455) to work on /home/airflow/dags/Lead_scoring_training_pipeline/lead_scoring_training_pipeline.py
[2024-03-14T16:40:39.134+0000] {processor.py:830} INFO - Processing file /home/airflow/dags/Lead_scoring_training_pipeline/lead_scoring_training_pipeline.py for tasks to queue
[2024-03-14T16:40:39.135+0000] {logging_mixin.py:188} INFO - [2024-03-14T16:40:39.135+0000] {dagbag.py:540} INFO - Filling up the DagBag from /home/airflow/dags/Lead_scoring_training_pipeline/lead_scoring_training_pipeline.py
[2024-03-14T16:40:40.736+0000] {processor.py:840} INFO - DAG(s) 'Lead_scoring_training_pipeline' retrieved from /home/airflow/dags/Lead_scoring_training_pipeline/lead_scoring_training_pipeline.py
[2024-03-14T16:40:40.929+0000] {logging_mixin.py:188} INFO - [2024-03-14T16:40:40.929+0000] {dag.py:3047} INFO - Sync 1 DAGs
[2024-03-14T16:40:40.944+0000] {logging_mixin.py:188} INFO - [2024-03-14T16:40:40.944+0000] {dag.py:3834} INFO - Setting next_dagrun for Lead_scoring_training_pipeline to 2024-04-01 00:00:00+00:00, run_after=2024-05-01 00:00:00+00:00
[2024-03-14T16:40:41.016+0000] {processor.py:183} INFO - Processing /home/airflow/dags/Lead_scoring_training_pipeline/lead_scoring_training_pipeline.py took 1.887 seconds
[2024-03-14T16:41:50.978+0000] {processor.py:161} INFO - Started process (PID=2565) to work on /home/airflow/dags/Lead_scoring_training_pipeline/lead_scoring_training_pipeline.py
[2024-03-14T16:41:50.980+0000] {processor.py:830} INFO - Processing file /home/airflow/dags/Lead_scoring_training_pipeline/lead_scoring_training_pipeline.py for tasks to queue
[2024-03-14T16:41:50.981+0000] {logging_mixin.py:188} INFO - [2024-03-14T16:41:50.981+0000] {dagbag.py:540} INFO - Filling up the DagBag from /home/airflow/dags/Lead_scoring_training_pipeline/lead_scoring_training_pipeline.py
[2024-03-14T16:41:52.560+0000] {processor.py:840} INFO - DAG(s) 'Lead_scoring_training_pipeline' retrieved from /home/airflow/dags/Lead_scoring_training_pipeline/lead_scoring_training_pipeline.py
[2024-03-14T16:41:52.571+0000] {logging_mixin.py:188} INFO - [2024-03-14T16:41:52.571+0000] {dag.py:3047} INFO - Sync 1 DAGs
[2024-03-14T16:41:52.586+0000] {logging_mixin.py:188} INFO - [2024-03-14T16:41:52.586+0000] {dag.py:3834} INFO - Setting next_dagrun for Lead_scoring_training_pipeline to 2024-04-01 00:00:00+00:00, run_after=2024-05-01 00:00:00+00:00
[2024-03-14T16:41:52.626+0000] {processor.py:183} INFO - Processing /home/airflow/dags/Lead_scoring_training_pipeline/lead_scoring_training_pipeline.py took 1.651 seconds
[2024-03-14T16:43:13.447+0000] {processor.py:161} INFO - Started process (PID=2682) to work on /home/airflow/dags/Lead_scoring_training_pipeline/lead_scoring_training_pipeline.py
[2024-03-14T16:43:13.449+0000] {processor.py:830} INFO - Processing file /home/airflow/dags/Lead_scoring_training_pipeline/lead_scoring_training_pipeline.py for tasks to queue
[2024-03-14T16:43:13.450+0000] {logging_mixin.py:188} INFO - [2024-03-14T16:43:13.450+0000] {dagbag.py:540} INFO - Filling up the DagBag from /home/airflow/dags/Lead_scoring_training_pipeline/lead_scoring_training_pipeline.py
[2024-03-14T16:43:15.151+0000] {processor.py:840} INFO - DAG(s) 'Lead_scoring_training_pipeline' retrieved from /home/airflow/dags/Lead_scoring_training_pipeline/lead_scoring_training_pipeline.py
[2024-03-14T16:43:15.160+0000] {logging_mixin.py:188} INFO - [2024-03-14T16:43:15.160+0000] {dag.py:3047} INFO - Sync 1 DAGs
[2024-03-14T16:43:15.175+0000] {logging_mixin.py:188} INFO - [2024-03-14T16:43:15.175+0000] {dag.py:3834} INFO - Setting next_dagrun for Lead_scoring_training_pipeline to 2024-04-01 00:00:00+00:00, run_after=2024-05-01 00:00:00+00:00
[2024-03-14T16:43:15.198+0000] {processor.py:183} INFO - Processing /home/airflow/dags/Lead_scoring_training_pipeline/lead_scoring_training_pipeline.py took 1.754 seconds
[2024-03-14T16:44:55.170+0000] {processor.py:161} INFO - Started process (PID=2862) to work on /home/airflow/dags/Lead_scoring_training_pipeline/lead_scoring_training_pipeline.py
[2024-03-14T16:44:55.172+0000] {processor.py:830} INFO - Processing file /home/airflow/dags/Lead_scoring_training_pipeline/lead_scoring_training_pipeline.py for tasks to queue
[2024-03-14T16:44:55.173+0000] {logging_mixin.py:188} INFO - [2024-03-14T16:44:55.173+0000] {dagbag.py:540} INFO - Filling up the DagBag from /home/airflow/dags/Lead_scoring_training_pipeline/lead_scoring_training_pipeline.py
[2024-03-14T16:44:56.889+0000] {processor.py:840} INFO - DAG(s) 'Lead_scoring_training_pipeline' retrieved from /home/airflow/dags/Lead_scoring_training_pipeline/lead_scoring_training_pipeline.py
[2024-03-14T16:44:56.900+0000] {logging_mixin.py:188} INFO - [2024-03-14T16:44:56.900+0000] {dag.py:3047} INFO - Sync 1 DAGs
[2024-03-14T16:44:56.915+0000] {logging_mixin.py:188} INFO - [2024-03-14T16:44:56.915+0000] {dag.py:3834} INFO - Setting next_dagrun for Lead_scoring_training_pipeline to 2024-04-01 00:00:00+00:00, run_after=2024-05-01 00:00:00+00:00
[2024-03-14T16:44:57.028+0000] {processor.py:183} INFO - Processing /home/airflow/dags/Lead_scoring_training_pipeline/lead_scoring_training_pipeline.py took 1.861 seconds
[2024-03-14T16:56:36.585+0000] {processor.py:161} INFO - Started process (PID=3296) to work on /home/airflow/dags/Lead_scoring_training_pipeline/lead_scoring_training_pipeline.py
[2024-03-14T16:56:36.587+0000] {processor.py:830} INFO - Processing file /home/airflow/dags/Lead_scoring_training_pipeline/lead_scoring_training_pipeline.py for tasks to queue
[2024-03-14T16:56:36.588+0000] {logging_mixin.py:188} INFO - [2024-03-14T16:56:36.588+0000] {dagbag.py:540} INFO - Filling up the DagBag from /home/airflow/dags/Lead_scoring_training_pipeline/lead_scoring_training_pipeline.py
[2024-03-14T16:56:38.194+0000] {processor.py:840} INFO - DAG(s) 'Lead_scoring_training_pipeline' retrieved from /home/airflow/dags/Lead_scoring_training_pipeline/lead_scoring_training_pipeline.py
[2024-03-14T16:56:38.206+0000] {logging_mixin.py:188} INFO - [2024-03-14T16:56:38.205+0000] {dag.py:3047} INFO - Sync 1 DAGs
[2024-03-14T16:56:38.221+0000] {logging_mixin.py:188} INFO - [2024-03-14T16:56:38.221+0000] {dag.py:3834} INFO - Setting next_dagrun for Lead_scoring_training_pipeline to 2024-04-01 00:00:00+00:00, run_after=2024-05-01 00:00:00+00:00
[2024-03-14T16:56:38.479+0000] {processor.py:183} INFO - Processing /home/airflow/dags/Lead_scoring_training_pipeline/lead_scoring_training_pipeline.py took 1.899 seconds
[2024-03-14T16:58:33.753+0000] {processor.py:161} INFO - Started process (PID=3491) to work on /home/airflow/dags/Lead_scoring_training_pipeline/lead_scoring_training_pipeline.py
[2024-03-14T16:58:33.755+0000] {processor.py:830} INFO - Processing file /home/airflow/dags/Lead_scoring_training_pipeline/lead_scoring_training_pipeline.py for tasks to queue
[2024-03-14T16:58:33.757+0000] {logging_mixin.py:188} INFO - [2024-03-14T16:58:33.756+0000] {dagbag.py:540} INFO - Filling up the DagBag from /home/airflow/dags/Lead_scoring_training_pipeline/lead_scoring_training_pipeline.py
[2024-03-14T16:58:35.367+0000] {processor.py:840} INFO - DAG(s) 'Lead_scoring_training_pipeline' retrieved from /home/airflow/dags/Lead_scoring_training_pipeline/lead_scoring_training_pipeline.py
[2024-03-14T16:58:35.460+0000] {logging_mixin.py:188} INFO - [2024-03-14T16:58:35.460+0000] {dag.py:3047} INFO - Sync 1 DAGs
[2024-03-14T16:58:35.475+0000] {logging_mixin.py:188} INFO - [2024-03-14T16:58:35.475+0000] {dag.py:3834} INFO - Setting next_dagrun for Lead_scoring_training_pipeline to 2024-04-01 00:00:00+00:00, run_after=2024-05-01 00:00:00+00:00
[2024-03-14T16:58:35.607+0000] {processor.py:183} INFO - Processing /home/airflow/dags/Lead_scoring_training_pipeline/lead_scoring_training_pipeline.py took 1.858 seconds
