[2024-03-14T16:21:38.002+0000] {processor.py:161} INFO - Started process (PID=377) to work on /usr/local/lib/python3.8/dist-packages/airflow/example_dags/plugins/workday.py
[2024-03-14T16:21:38.003+0000] {processor.py:830} INFO - Processing file /usr/local/lib/python3.8/dist-packages/airflow/example_dags/plugins/workday.py for tasks to queue
[2024-03-14T16:21:38.004+0000] {logging_mixin.py:188} INFO - [2024-03-14T16:21:38.003+0000] {dagbag.py:540} INFO - Filling up the DagBag from /usr/local/lib/python3.8/dist-packages/airflow/example_dags/plugins/workday.py
[2024-03-14T16:21:38.335+0000] {processor.py:842} WARNING - No viable dags retrieved from /usr/local/lib/python3.8/dist-packages/airflow/example_dags/plugins/workday.py
[2024-03-14T16:21:38.341+0000] {processor.py:183} INFO - Processing /usr/local/lib/python3.8/dist-packages/airflow/example_dags/plugins/workday.py took 0.342 seconds
[2024-03-14T16:23:37.986+0000] {processor.py:161} INFO - Started process (PID=648) to work on /usr/local/lib/python3.8/dist-packages/airflow/example_dags/plugins/workday.py
[2024-03-14T16:23:37.989+0000] {processor.py:830} INFO - Processing file /usr/local/lib/python3.8/dist-packages/airflow/example_dags/plugins/workday.py for tasks to queue
[2024-03-14T16:23:37.990+0000] {logging_mixin.py:188} INFO - [2024-03-14T16:23:37.989+0000] {dagbag.py:540} INFO - Filling up the DagBag from /usr/local/lib/python3.8/dist-packages/airflow/example_dags/plugins/workday.py
[2024-03-14T16:23:38.215+0000] {processor.py:842} WARNING - No viable dags retrieved from /usr/local/lib/python3.8/dist-packages/airflow/example_dags/plugins/workday.py
[2024-03-14T16:23:38.222+0000] {processor.py:183} INFO - Processing /usr/local/lib/python3.8/dist-packages/airflow/example_dags/plugins/workday.py took 0.239 seconds
[2024-03-14T16:24:19.998+0000] {processor.py:161} INFO - Started process (PID=691) to work on /usr/local/lib/python3.8/dist-packages/airflow/example_dags/plugins/workday.py
[2024-03-14T16:24:20.000+0000] {processor.py:830} INFO - Processing file /usr/local/lib/python3.8/dist-packages/airflow/example_dags/plugins/workday.py for tasks to queue
[2024-03-14T16:24:20.001+0000] {logging_mixin.py:188} INFO - [2024-03-14T16:24:20.001+0000] {dagbag.py:540} INFO - Filling up the DagBag from /usr/local/lib/python3.8/dist-packages/airflow/example_dags/plugins/workday.py
[2024-03-14T16:24:20.222+0000] {processor.py:842} WARNING - No viable dags retrieved from /usr/local/lib/python3.8/dist-packages/airflow/example_dags/plugins/workday.py
[2024-03-14T16:24:20.229+0000] {processor.py:183} INFO - Processing /usr/local/lib/python3.8/dist-packages/airflow/example_dags/plugins/workday.py took 0.235 seconds
[2024-03-14T16:24:51.258+0000] {processor.py:161} INFO - Started process (PID=751) to work on /usr/local/lib/python3.8/dist-packages/airflow/example_dags/plugins/workday.py
[2024-03-14T16:24:51.260+0000] {processor.py:830} INFO - Processing file /usr/local/lib/python3.8/dist-packages/airflow/example_dags/plugins/workday.py for tasks to queue
[2024-03-14T16:24:51.261+0000] {logging_mixin.py:188} INFO - [2024-03-14T16:24:51.261+0000] {dagbag.py:540} INFO - Filling up the DagBag from /usr/local/lib/python3.8/dist-packages/airflow/example_dags/plugins/workday.py
[2024-03-14T16:24:51.487+0000] {processor.py:842} WARNING - No viable dags retrieved from /usr/local/lib/python3.8/dist-packages/airflow/example_dags/plugins/workday.py
[2024-03-14T16:24:51.495+0000] {processor.py:183} INFO - Processing /usr/local/lib/python3.8/dist-packages/airflow/example_dags/plugins/workday.py took 0.240 seconds
[2024-03-14T16:25:54.047+0000] {processor.py:161} INFO - Started process (PID=856) to work on /usr/local/lib/python3.8/dist-packages/airflow/example_dags/plugins/workday.py
[2024-03-14T16:25:54.049+0000] {processor.py:830} INFO - Processing file /usr/local/lib/python3.8/dist-packages/airflow/example_dags/plugins/workday.py for tasks to queue
[2024-03-14T16:25:54.050+0000] {logging_mixin.py:188} INFO - [2024-03-14T16:25:54.050+0000] {dagbag.py:540} INFO - Filling up the DagBag from /usr/local/lib/python3.8/dist-packages/airflow/example_dags/plugins/workday.py
[2024-03-14T16:25:54.265+0000] {processor.py:842} WARNING - No viable dags retrieved from /usr/local/lib/python3.8/dist-packages/airflow/example_dags/plugins/workday.py
[2024-03-14T16:25:54.273+0000] {processor.py:183} INFO - Processing /usr/local/lib/python3.8/dist-packages/airflow/example_dags/plugins/workday.py took 0.229 seconds
[2024-03-14T16:26:25.982+0000] {processor.py:161} INFO - Started process (PID=892) to work on /usr/local/lib/python3.8/dist-packages/airflow/example_dags/plugins/workday.py
[2024-03-14T16:26:25.984+0000] {processor.py:830} INFO - Processing file /usr/local/lib/python3.8/dist-packages/airflow/example_dags/plugins/workday.py for tasks to queue
[2024-03-14T16:26:25.985+0000] {logging_mixin.py:188} INFO - [2024-03-14T16:26:25.985+0000] {dagbag.py:540} INFO - Filling up the DagBag from /usr/local/lib/python3.8/dist-packages/airflow/example_dags/plugins/workday.py
[2024-03-14T16:26:26.209+0000] {processor.py:842} WARNING - No viable dags retrieved from /usr/local/lib/python3.8/dist-packages/airflow/example_dags/plugins/workday.py
[2024-03-14T16:26:26.217+0000] {processor.py:183} INFO - Processing /usr/local/lib/python3.8/dist-packages/airflow/example_dags/plugins/workday.py took 0.238 seconds
[2024-03-14T16:27:00.671+0000] {processor.py:161} INFO - Started process (PID=971) to work on /usr/local/lib/python3.8/dist-packages/airflow/example_dags/plugins/workday.py
[2024-03-14T16:27:00.673+0000] {processor.py:830} INFO - Processing file /usr/local/lib/python3.8/dist-packages/airflow/example_dags/plugins/workday.py for tasks to queue
[2024-03-14T16:27:00.674+0000] {logging_mixin.py:188} INFO - [2024-03-14T16:27:00.673+0000] {dagbag.py:540} INFO - Filling up the DagBag from /usr/local/lib/python3.8/dist-packages/airflow/example_dags/plugins/workday.py
[2024-03-14T16:27:00.947+0000] {processor.py:842} WARNING - No viable dags retrieved from /usr/local/lib/python3.8/dist-packages/airflow/example_dags/plugins/workday.py
[2024-03-14T16:27:00.956+0000] {processor.py:183} INFO - Processing /usr/local/lib/python3.8/dist-packages/airflow/example_dags/plugins/workday.py took 0.289 seconds
[2024-03-14T16:27:34.238+0000] {processor.py:161} INFO - Started process (PID=1021) to work on /usr/local/lib/python3.8/dist-packages/airflow/example_dags/plugins/workday.py
[2024-03-14T16:27:34.240+0000] {processor.py:830} INFO - Processing file /usr/local/lib/python3.8/dist-packages/airflow/example_dags/plugins/workday.py for tasks to queue
[2024-03-14T16:27:34.241+0000] {logging_mixin.py:188} INFO - [2024-03-14T16:27:34.240+0000] {dagbag.py:540} INFO - Filling up the DagBag from /usr/local/lib/python3.8/dist-packages/airflow/example_dags/plugins/workday.py
[2024-03-14T16:27:34.482+0000] {processor.py:842} WARNING - No viable dags retrieved from /usr/local/lib/python3.8/dist-packages/airflow/example_dags/plugins/workday.py
[2024-03-14T16:27:34.490+0000] {processor.py:183} INFO - Processing /usr/local/lib/python3.8/dist-packages/airflow/example_dags/plugins/workday.py took 0.255 seconds
[2024-03-14T16:28:09.046+0000] {processor.py:161} INFO - Started process (PID=1086) to work on /usr/local/lib/python3.8/dist-packages/airflow/example_dags/plugins/workday.py
[2024-03-14T16:28:09.048+0000] {processor.py:830} INFO - Processing file /usr/local/lib/python3.8/dist-packages/airflow/example_dags/plugins/workday.py for tasks to queue
[2024-03-14T16:28:09.049+0000] {logging_mixin.py:188} INFO - [2024-03-14T16:28:09.049+0000] {dagbag.py:540} INFO - Filling up the DagBag from /usr/local/lib/python3.8/dist-packages/airflow/example_dags/plugins/workday.py
[2024-03-14T16:28:09.316+0000] {processor.py:842} WARNING - No viable dags retrieved from /usr/local/lib/python3.8/dist-packages/airflow/example_dags/plugins/workday.py
[2024-03-14T16:28:09.324+0000] {processor.py:183} INFO - Processing /usr/local/lib/python3.8/dist-packages/airflow/example_dags/plugins/workday.py took 0.281 seconds
[2024-03-14T16:28:45.490+0000] {processor.py:161} INFO - Started process (PID=1125) to work on /usr/local/lib/python3.8/dist-packages/airflow/example_dags/plugins/workday.py
[2024-03-14T16:28:45.493+0000] {processor.py:830} INFO - Processing file /usr/local/lib/python3.8/dist-packages/airflow/example_dags/plugins/workday.py for tasks to queue
[2024-03-14T16:28:45.494+0000] {logging_mixin.py:188} INFO - [2024-03-14T16:28:45.493+0000] {dagbag.py:540} INFO - Filling up the DagBag from /usr/local/lib/python3.8/dist-packages/airflow/example_dags/plugins/workday.py
[2024-03-14T16:28:45.763+0000] {processor.py:842} WARNING - No viable dags retrieved from /usr/local/lib/python3.8/dist-packages/airflow/example_dags/plugins/workday.py
[2024-03-14T16:28:45.770+0000] {processor.py:183} INFO - Processing /usr/local/lib/python3.8/dist-packages/airflow/example_dags/plugins/workday.py took 0.283 seconds
[2024-03-14T16:29:21.219+0000] {processor.py:161} INFO - Started process (PID=1202) to work on /usr/local/lib/python3.8/dist-packages/airflow/example_dags/plugins/workday.py
[2024-03-14T16:29:21.221+0000] {processor.py:830} INFO - Processing file /usr/local/lib/python3.8/dist-packages/airflow/example_dags/plugins/workday.py for tasks to queue
[2024-03-14T16:29:21.222+0000] {logging_mixin.py:188} INFO - [2024-03-14T16:29:21.221+0000] {dagbag.py:540} INFO - Filling up the DagBag from /usr/local/lib/python3.8/dist-packages/airflow/example_dags/plugins/workday.py
[2024-03-14T16:29:21.484+0000] {processor.py:842} WARNING - No viable dags retrieved from /usr/local/lib/python3.8/dist-packages/airflow/example_dags/plugins/workday.py
[2024-03-14T16:29:21.492+0000] {processor.py:183} INFO - Processing /usr/local/lib/python3.8/dist-packages/airflow/example_dags/plugins/workday.py took 0.276 seconds
[2024-03-14T16:30:26.132+0000] {processor.py:161} INFO - Started process (PID=1287) to work on /usr/local/lib/python3.8/dist-packages/airflow/example_dags/plugins/workday.py
[2024-03-14T16:30:26.134+0000] {processor.py:830} INFO - Processing file /usr/local/lib/python3.8/dist-packages/airflow/example_dags/plugins/workday.py for tasks to queue
[2024-03-14T16:30:26.135+0000] {logging_mixin.py:188} INFO - [2024-03-14T16:30:26.134+0000] {dagbag.py:540} INFO - Filling up the DagBag from /usr/local/lib/python3.8/dist-packages/airflow/example_dags/plugins/workday.py
[2024-03-14T16:30:26.406+0000] {processor.py:842} WARNING - No viable dags retrieved from /usr/local/lib/python3.8/dist-packages/airflow/example_dags/plugins/workday.py
[2024-03-14T16:30:26.413+0000] {processor.py:183} INFO - Processing /usr/local/lib/python3.8/dist-packages/airflow/example_dags/plugins/workday.py took 0.285 seconds
[2024-03-14T16:31:13.574+0000] {processor.py:161} INFO - Started process (PID=1397) to work on /usr/local/lib/python3.8/dist-packages/airflow/example_dags/plugins/workday.py
[2024-03-14T16:31:13.576+0000] {processor.py:830} INFO - Processing file /usr/local/lib/python3.8/dist-packages/airflow/example_dags/plugins/workday.py for tasks to queue
[2024-03-14T16:31:13.577+0000] {logging_mixin.py:188} INFO - [2024-03-14T16:31:13.577+0000] {dagbag.py:540} INFO - Filling up the DagBag from /usr/local/lib/python3.8/dist-packages/airflow/example_dags/plugins/workday.py
[2024-03-14T16:31:13.837+0000] {processor.py:842} WARNING - No viable dags retrieved from /usr/local/lib/python3.8/dist-packages/airflow/example_dags/plugins/workday.py
[2024-03-14T16:31:13.844+0000] {processor.py:183} INFO - Processing /usr/local/lib/python3.8/dist-packages/airflow/example_dags/plugins/workday.py took 0.273 seconds
[2024-03-14T16:31:46.971+0000] {processor.py:161} INFO - Started process (PID=1435) to work on /usr/local/lib/python3.8/dist-packages/airflow/example_dags/plugins/workday.py
[2024-03-14T16:31:46.973+0000] {processor.py:830} INFO - Processing file /usr/local/lib/python3.8/dist-packages/airflow/example_dags/plugins/workday.py for tasks to queue
[2024-03-14T16:31:46.974+0000] {logging_mixin.py:188} INFO - [2024-03-14T16:31:46.974+0000] {dagbag.py:540} INFO - Filling up the DagBag from /usr/local/lib/python3.8/dist-packages/airflow/example_dags/plugins/workday.py
[2024-03-14T16:31:47.293+0000] {processor.py:842} WARNING - No viable dags retrieved from /usr/local/lib/python3.8/dist-packages/airflow/example_dags/plugins/workday.py
[2024-03-14T16:31:47.300+0000] {processor.py:183} INFO - Processing /usr/local/lib/python3.8/dist-packages/airflow/example_dags/plugins/workday.py took 0.333 seconds
[2024-03-14T16:32:20.159+0000] {processor.py:161} INFO - Started process (PID=1511) to work on /usr/local/lib/python3.8/dist-packages/airflow/example_dags/plugins/workday.py
[2024-03-14T16:32:20.161+0000] {processor.py:830} INFO - Processing file /usr/local/lib/python3.8/dist-packages/airflow/example_dags/plugins/workday.py for tasks to queue
[2024-03-14T16:32:20.162+0000] {logging_mixin.py:188} INFO - [2024-03-14T16:32:20.162+0000] {dagbag.py:540} INFO - Filling up the DagBag from /usr/local/lib/python3.8/dist-packages/airflow/example_dags/plugins/workday.py
[2024-03-14T16:32:20.431+0000] {processor.py:842} WARNING - No viable dags retrieved from /usr/local/lib/python3.8/dist-packages/airflow/example_dags/plugins/workday.py
[2024-03-14T16:32:20.438+0000] {processor.py:183} INFO - Processing /usr/local/lib/python3.8/dist-packages/airflow/example_dags/plugins/workday.py took 0.282 seconds
[2024-03-14T16:32:56.919+0000] {processor.py:161} INFO - Started process (PID=1548) to work on /usr/local/lib/python3.8/dist-packages/airflow/example_dags/plugins/workday.py
[2024-03-14T16:32:56.921+0000] {processor.py:830} INFO - Processing file /usr/local/lib/python3.8/dist-packages/airflow/example_dags/plugins/workday.py for tasks to queue
[2024-03-14T16:32:56.922+0000] {logging_mixin.py:188} INFO - [2024-03-14T16:32:56.922+0000] {dagbag.py:540} INFO - Filling up the DagBag from /usr/local/lib/python3.8/dist-packages/airflow/example_dags/plugins/workday.py
[2024-03-14T16:32:57.191+0000] {processor.py:842} WARNING - No viable dags retrieved from /usr/local/lib/python3.8/dist-packages/airflow/example_dags/plugins/workday.py
[2024-03-14T16:32:57.198+0000] {processor.py:183} INFO - Processing /usr/local/lib/python3.8/dist-packages/airflow/example_dags/plugins/workday.py took 0.282 seconds
[2024-03-14T16:33:35.488+0000] {processor.py:161} INFO - Started process (PID=1724) to work on /usr/local/lib/python3.8/dist-packages/airflow/example_dags/plugins/workday.py
[2024-03-14T16:33:35.489+0000] {processor.py:830} INFO - Processing file /usr/local/lib/python3.8/dist-packages/airflow/example_dags/plugins/workday.py for tasks to queue
[2024-03-14T16:33:35.490+0000] {logging_mixin.py:188} INFO - [2024-03-14T16:33:35.490+0000] {dagbag.py:540} INFO - Filling up the DagBag from /usr/local/lib/python3.8/dist-packages/airflow/example_dags/plugins/workday.py
[2024-03-14T16:33:35.795+0000] {processor.py:842} WARNING - No viable dags retrieved from /usr/local/lib/python3.8/dist-packages/airflow/example_dags/plugins/workday.py
[2024-03-14T16:33:35.803+0000] {processor.py:183} INFO - Processing /usr/local/lib/python3.8/dist-packages/airflow/example_dags/plugins/workday.py took 0.319 seconds
[2024-03-14T16:34:35.320+0000] {processor.py:161} INFO - Started process (PID=1809) to work on /usr/local/lib/python3.8/dist-packages/airflow/example_dags/plugins/workday.py
[2024-03-14T16:34:35.322+0000] {processor.py:830} INFO - Processing file /usr/local/lib/python3.8/dist-packages/airflow/example_dags/plugins/workday.py for tasks to queue
[2024-03-14T16:34:35.323+0000] {logging_mixin.py:188} INFO - [2024-03-14T16:34:35.322+0000] {dagbag.py:540} INFO - Filling up the DagBag from /usr/local/lib/python3.8/dist-packages/airflow/example_dags/plugins/workday.py
[2024-03-14T16:34:35.592+0000] {processor.py:842} WARNING - No viable dags retrieved from /usr/local/lib/python3.8/dist-packages/airflow/example_dags/plugins/workday.py
[2024-03-14T16:34:35.600+0000] {processor.py:183} INFO - Processing /usr/local/lib/python3.8/dist-packages/airflow/example_dags/plugins/workday.py took 0.283 seconds
[2024-03-14T16:35:15.511+0000] {processor.py:161} INFO - Started process (PID=1890) to work on /usr/local/lib/python3.8/dist-packages/airflow/example_dags/plugins/workday.py
[2024-03-14T16:35:15.513+0000] {processor.py:830} INFO - Processing file /usr/local/lib/python3.8/dist-packages/airflow/example_dags/plugins/workday.py for tasks to queue
[2024-03-14T16:35:15.514+0000] {logging_mixin.py:188} INFO - [2024-03-14T16:35:15.513+0000] {dagbag.py:540} INFO - Filling up the DagBag from /usr/local/lib/python3.8/dist-packages/airflow/example_dags/plugins/workday.py
[2024-03-14T16:35:15.783+0000] {processor.py:842} WARNING - No viable dags retrieved from /usr/local/lib/python3.8/dist-packages/airflow/example_dags/plugins/workday.py
[2024-03-14T16:35:15.790+0000] {processor.py:183} INFO - Processing /usr/local/lib/python3.8/dist-packages/airflow/example_dags/plugins/workday.py took 0.283 seconds
[2024-03-14T16:35:52.390+0000] {processor.py:161} INFO - Started process (PID=1931) to work on /usr/local/lib/python3.8/dist-packages/airflow/example_dags/plugins/workday.py
[2024-03-14T16:35:52.392+0000] {processor.py:830} INFO - Processing file /usr/local/lib/python3.8/dist-packages/airflow/example_dags/plugins/workday.py for tasks to queue
[2024-03-14T16:35:52.393+0000] {logging_mixin.py:188} INFO - [2024-03-14T16:35:52.392+0000] {dagbag.py:540} INFO - Filling up the DagBag from /usr/local/lib/python3.8/dist-packages/airflow/example_dags/plugins/workday.py
[2024-03-14T16:35:52.678+0000] {processor.py:842} WARNING - No viable dags retrieved from /usr/local/lib/python3.8/dist-packages/airflow/example_dags/plugins/workday.py
[2024-03-14T16:35:52.720+0000] {processor.py:183} INFO - Processing /usr/local/lib/python3.8/dist-packages/airflow/example_dags/plugins/workday.py took 0.333 seconds
[2024-03-14T16:36:51.027+0000] {processor.py:161} INFO - Started process (PID=2067) to work on /usr/local/lib/python3.8/dist-packages/airflow/example_dags/plugins/workday.py
[2024-03-14T16:36:51.029+0000] {processor.py:830} INFO - Processing file /usr/local/lib/python3.8/dist-packages/airflow/example_dags/plugins/workday.py for tasks to queue
[2024-03-14T16:36:51.030+0000] {logging_mixin.py:188} INFO - [2024-03-14T16:36:51.029+0000] {dagbag.py:540} INFO - Filling up the DagBag from /usr/local/lib/python3.8/dist-packages/airflow/example_dags/plugins/workday.py
[2024-03-14T16:36:51.311+0000] {processor.py:842} WARNING - No viable dags retrieved from /usr/local/lib/python3.8/dist-packages/airflow/example_dags/plugins/workday.py
[2024-03-14T16:36:51.319+0000] {processor.py:183} INFO - Processing /usr/local/lib/python3.8/dist-packages/airflow/example_dags/plugins/workday.py took 0.295 seconds
[2024-03-14T16:37:28.254+0000] {processor.py:161} INFO - Started process (PID=2107) to work on /usr/local/lib/python3.8/dist-packages/airflow/example_dags/plugins/workday.py
[2024-03-14T16:37:28.256+0000] {processor.py:830} INFO - Processing file /usr/local/lib/python3.8/dist-packages/airflow/example_dags/plugins/workday.py for tasks to queue
[2024-03-14T16:37:28.257+0000] {logging_mixin.py:188} INFO - [2024-03-14T16:37:28.257+0000] {dagbag.py:540} INFO - Filling up the DagBag from /usr/local/lib/python3.8/dist-packages/airflow/example_dags/plugins/workday.py
[2024-03-14T16:37:28.669+0000] {processor.py:842} WARNING - No viable dags retrieved from /usr/local/lib/python3.8/dist-packages/airflow/example_dags/plugins/workday.py
[2024-03-14T16:37:28.675+0000] {processor.py:183} INFO - Processing /usr/local/lib/python3.8/dist-packages/airflow/example_dags/plugins/workday.py took 0.424 seconds
[2024-03-14T16:38:22.511+0000] {processor.py:161} INFO - Started process (PID=2244) to work on /usr/local/lib/python3.8/dist-packages/airflow/example_dags/plugins/workday.py
[2024-03-14T16:38:22.513+0000] {processor.py:830} INFO - Processing file /usr/local/lib/python3.8/dist-packages/airflow/example_dags/plugins/workday.py for tasks to queue
[2024-03-14T16:38:22.514+0000] {logging_mixin.py:188} INFO - [2024-03-14T16:38:22.514+0000] {dagbag.py:540} INFO - Filling up the DagBag from /usr/local/lib/python3.8/dist-packages/airflow/example_dags/plugins/workday.py
[2024-03-14T16:38:22.860+0000] {processor.py:842} WARNING - No viable dags retrieved from /usr/local/lib/python3.8/dist-packages/airflow/example_dags/plugins/workday.py
[2024-03-14T16:38:22.870+0000] {processor.py:183} INFO - Processing /usr/local/lib/python3.8/dist-packages/airflow/example_dags/plugins/workday.py took 0.362 seconds
[2024-03-14T16:39:03.016+0000] {processor.py:161} INFO - Started process (PID=2287) to work on /usr/local/lib/python3.8/dist-packages/airflow/example_dags/plugins/workday.py
[2024-03-14T16:39:03.018+0000] {processor.py:830} INFO - Processing file /usr/local/lib/python3.8/dist-packages/airflow/example_dags/plugins/workday.py for tasks to queue
[2024-03-14T16:39:03.019+0000] {logging_mixin.py:188} INFO - [2024-03-14T16:39:03.018+0000] {dagbag.py:540} INFO - Filling up the DagBag from /usr/local/lib/python3.8/dist-packages/airflow/example_dags/plugins/workday.py
[2024-03-14T16:39:03.382+0000] {processor.py:842} WARNING - No viable dags retrieved from /usr/local/lib/python3.8/dist-packages/airflow/example_dags/plugins/workday.py
[2024-03-14T16:39:03.388+0000] {processor.py:183} INFO - Processing /usr/local/lib/python3.8/dist-packages/airflow/example_dags/plugins/workday.py took 0.376 seconds
[2024-03-14T16:39:38.031+0000] {processor.py:161} INFO - Started process (PID=2364) to work on /usr/local/lib/python3.8/dist-packages/airflow/example_dags/plugins/workday.py
[2024-03-14T16:39:38.033+0000] {processor.py:830} INFO - Processing file /usr/local/lib/python3.8/dist-packages/airflow/example_dags/plugins/workday.py for tasks to queue
[2024-03-14T16:39:38.034+0000] {logging_mixin.py:188} INFO - [2024-03-14T16:39:38.034+0000] {dagbag.py:540} INFO - Filling up the DagBag from /usr/local/lib/python3.8/dist-packages/airflow/example_dags/plugins/workday.py
[2024-03-14T16:39:38.399+0000] {processor.py:842} WARNING - No viable dags retrieved from /usr/local/lib/python3.8/dist-packages/airflow/example_dags/plugins/workday.py
[2024-03-14T16:39:38.405+0000] {processor.py:183} INFO - Processing /usr/local/lib/python3.8/dist-packages/airflow/example_dags/plugins/workday.py took 0.377 seconds
[2024-03-14T16:40:12.876+0000] {processor.py:161} INFO - Started process (PID=2402) to work on /usr/local/lib/python3.8/dist-packages/airflow/example_dags/plugins/workday.py
[2024-03-14T16:40:12.878+0000] {processor.py:830} INFO - Processing file /usr/local/lib/python3.8/dist-packages/airflow/example_dags/plugins/workday.py for tasks to queue
[2024-03-14T16:40:12.879+0000] {logging_mixin.py:188} INFO - [2024-03-14T16:40:12.878+0000] {dagbag.py:540} INFO - Filling up the DagBag from /usr/local/lib/python3.8/dist-packages/airflow/example_dags/plugins/workday.py
[2024-03-14T16:40:13.271+0000] {processor.py:842} WARNING - No viable dags retrieved from /usr/local/lib/python3.8/dist-packages/airflow/example_dags/plugins/workday.py
[2024-03-14T16:40:13.277+0000] {processor.py:183} INFO - Processing /usr/local/lib/python3.8/dist-packages/airflow/example_dags/plugins/workday.py took 0.405 seconds
[2024-03-14T16:41:21.998+0000] {processor.py:161} INFO - Started process (PID=2509) to work on /usr/local/lib/python3.8/dist-packages/airflow/example_dags/plugins/workday.py
[2024-03-14T16:41:22.000+0000] {processor.py:830} INFO - Processing file /usr/local/lib/python3.8/dist-packages/airflow/example_dags/plugins/workday.py for tasks to queue
[2024-03-14T16:41:22.001+0000] {logging_mixin.py:188} INFO - [2024-03-14T16:41:22.001+0000] {dagbag.py:540} INFO - Filling up the DagBag from /usr/local/lib/python3.8/dist-packages/airflow/example_dags/plugins/workday.py
[2024-03-14T16:41:22.415+0000] {processor.py:842} WARNING - No viable dags retrieved from /usr/local/lib/python3.8/dist-packages/airflow/example_dags/plugins/workday.py
[2024-03-14T16:41:22.421+0000] {processor.py:183} INFO - Processing /usr/local/lib/python3.8/dist-packages/airflow/example_dags/plugins/workday.py took 0.426 seconds
[2024-03-14T16:42:03.190+0000] {processor.py:161} INFO - Started process (PID=2588) to work on /usr/local/lib/python3.8/dist-packages/airflow/example_dags/plugins/workday.py
[2024-03-14T16:42:03.192+0000] {processor.py:830} INFO - Processing file /usr/local/lib/python3.8/dist-packages/airflow/example_dags/plugins/workday.py for tasks to queue
[2024-03-14T16:42:03.193+0000] {logging_mixin.py:188} INFO - [2024-03-14T16:42:03.193+0000] {dagbag.py:540} INFO - Filling up the DagBag from /usr/local/lib/python3.8/dist-packages/airflow/example_dags/plugins/workday.py
[2024-03-14T16:42:03.596+0000] {processor.py:842} WARNING - No viable dags retrieved from /usr/local/lib/python3.8/dist-packages/airflow/example_dags/plugins/workday.py
[2024-03-14T16:42:03.602+0000] {processor.py:183} INFO - Processing /usr/local/lib/python3.8/dist-packages/airflow/example_dags/plugins/workday.py took 0.415 seconds
[2024-03-14T16:42:42.447+0000] {processor.py:161} INFO - Started process (PID=2625) to work on /usr/local/lib/python3.8/dist-packages/airflow/example_dags/plugins/workday.py
[2024-03-14T16:42:42.449+0000] {processor.py:830} INFO - Processing file /usr/local/lib/python3.8/dist-packages/airflow/example_dags/plugins/workday.py for tasks to queue
[2024-03-14T16:42:42.450+0000] {logging_mixin.py:188} INFO - [2024-03-14T16:42:42.450+0000] {dagbag.py:540} INFO - Filling up the DagBag from /usr/local/lib/python3.8/dist-packages/airflow/example_dags/plugins/workday.py
[2024-03-14T16:42:42.830+0000] {processor.py:842} WARNING - No viable dags retrieved from /usr/local/lib/python3.8/dist-packages/airflow/example_dags/plugins/workday.py
[2024-03-14T16:42:42.835+0000] {processor.py:183} INFO - Processing /usr/local/lib/python3.8/dist-packages/airflow/example_dags/plugins/workday.py took 0.392 seconds
[2024-03-14T16:43:21.555+0000] {processor.py:161} INFO - Started process (PID=2705) to work on /usr/local/lib/python3.8/dist-packages/airflow/example_dags/plugins/workday.py
[2024-03-14T16:43:21.557+0000] {processor.py:830} INFO - Processing file /usr/local/lib/python3.8/dist-packages/airflow/example_dags/plugins/workday.py for tasks to queue
[2024-03-14T16:43:21.558+0000] {logging_mixin.py:188} INFO - [2024-03-14T16:43:21.557+0000] {dagbag.py:540} INFO - Filling up the DagBag from /usr/local/lib/python3.8/dist-packages/airflow/example_dags/plugins/workday.py
[2024-03-14T16:43:21.966+0000] {processor.py:842} WARNING - No viable dags retrieved from /usr/local/lib/python3.8/dist-packages/airflow/example_dags/plugins/workday.py
[2024-03-14T16:43:21.972+0000] {processor.py:183} INFO - Processing /usr/local/lib/python3.8/dist-packages/airflow/example_dags/plugins/workday.py took 0.420 seconds
[2024-03-14T16:44:03.210+0000] {processor.py:161} INFO - Started process (PID=2745) to work on /usr/local/lib/python3.8/dist-packages/airflow/example_dags/plugins/workday.py
[2024-03-14T16:44:03.212+0000] {processor.py:830} INFO - Processing file /usr/local/lib/python3.8/dist-packages/airflow/example_dags/plugins/workday.py for tasks to queue
[2024-03-14T16:44:03.213+0000] {logging_mixin.py:188} INFO - [2024-03-14T16:44:03.212+0000] {dagbag.py:540} INFO - Filling up the DagBag from /usr/local/lib/python3.8/dist-packages/airflow/example_dags/plugins/workday.py
[2024-03-14T16:44:03.602+0000] {processor.py:842} WARNING - No viable dags retrieved from /usr/local/lib/python3.8/dist-packages/airflow/example_dags/plugins/workday.py
[2024-03-14T16:44:03.608+0000] {processor.py:183} INFO - Processing /usr/local/lib/python3.8/dist-packages/airflow/example_dags/plugins/workday.py took 0.401 seconds
[2024-03-14T16:45:02.258+0000] {processor.py:161} INFO - Started process (PID=2885) to work on /usr/local/lib/python3.8/dist-packages/airflow/example_dags/plugins/workday.py
[2024-03-14T16:45:02.260+0000] {processor.py:830} INFO - Processing file /usr/local/lib/python3.8/dist-packages/airflow/example_dags/plugins/workday.py for tasks to queue
[2024-03-14T16:45:02.261+0000] {logging_mixin.py:188} INFO - [2024-03-14T16:45:02.261+0000] {dagbag.py:540} INFO - Filling up the DagBag from /usr/local/lib/python3.8/dist-packages/airflow/example_dags/plugins/workday.py
[2024-03-14T16:45:02.643+0000] {processor.py:842} WARNING - No viable dags retrieved from /usr/local/lib/python3.8/dist-packages/airflow/example_dags/plugins/workday.py
[2024-03-14T16:45:02.648+0000] {processor.py:183} INFO - Processing /usr/local/lib/python3.8/dist-packages/airflow/example_dags/plugins/workday.py took 0.394 seconds
[2024-03-14T16:45:39.911+0000] {processor.py:161} INFO - Started process (PID=2924) to work on /usr/local/lib/python3.8/dist-packages/airflow/example_dags/plugins/workday.py
[2024-03-14T16:45:39.913+0000] {processor.py:830} INFO - Processing file /usr/local/lib/python3.8/dist-packages/airflow/example_dags/plugins/workday.py for tasks to queue
[2024-03-14T16:45:39.914+0000] {logging_mixin.py:188} INFO - [2024-03-14T16:45:39.914+0000] {dagbag.py:540} INFO - Filling up the DagBag from /usr/local/lib/python3.8/dist-packages/airflow/example_dags/plugins/workday.py
[2024-03-14T16:45:40.277+0000] {processor.py:842} WARNING - No viable dags retrieved from /usr/local/lib/python3.8/dist-packages/airflow/example_dags/plugins/workday.py
[2024-03-14T16:45:40.283+0000] {processor.py:183} INFO - Processing /usr/local/lib/python3.8/dist-packages/airflow/example_dags/plugins/workday.py took 0.375 seconds
[2024-03-14T16:55:32.196+0000] {processor.py:161} INFO - Started process (PID=3080) to work on /usr/local/lib/python3.8/dist-packages/airflow/example_dags/plugins/workday.py
[2024-03-14T16:55:32.198+0000] {processor.py:830} INFO - Processing file /usr/local/lib/python3.8/dist-packages/airflow/example_dags/plugins/workday.py for tasks to queue
[2024-03-14T16:55:32.199+0000] {logging_mixin.py:188} INFO - [2024-03-14T16:55:32.198+0000] {dagbag.py:540} INFO - Filling up the DagBag from /usr/local/lib/python3.8/dist-packages/airflow/example_dags/plugins/workday.py
[2024-03-14T16:55:32.584+0000] {processor.py:842} WARNING - No viable dags retrieved from /usr/local/lib/python3.8/dist-packages/airflow/example_dags/plugins/workday.py
[2024-03-14T16:55:32.590+0000] {processor.py:183} INFO - Processing /usr/local/lib/python3.8/dist-packages/airflow/example_dags/plugins/workday.py took 0.398 seconds
[2024-03-14T16:56:43.905+0000] {processor.py:161} INFO - Started process (PID=3319) to work on /usr/local/lib/python3.8/dist-packages/airflow/example_dags/plugins/workday.py
[2024-03-14T16:56:43.907+0000] {processor.py:830} INFO - Processing file /usr/local/lib/python3.8/dist-packages/airflow/example_dags/plugins/workday.py for tasks to queue
[2024-03-14T16:56:43.908+0000] {logging_mixin.py:188} INFO - [2024-03-14T16:56:43.907+0000] {dagbag.py:540} INFO - Filling up the DagBag from /usr/local/lib/python3.8/dist-packages/airflow/example_dags/plugins/workday.py
[2024-03-14T16:56:44.185+0000] {processor.py:842} WARNING - No viable dags retrieved from /usr/local/lib/python3.8/dist-packages/airflow/example_dags/plugins/workday.py
[2024-03-14T16:56:44.192+0000] {processor.py:183} INFO - Processing /usr/local/lib/python3.8/dist-packages/airflow/example_dags/plugins/workday.py took 0.292 seconds
[2024-03-14T16:57:44.009+0000] {processor.py:161} INFO - Started process (PID=3420) to work on /usr/local/lib/python3.8/dist-packages/airflow/example_dags/plugins/workday.py
[2024-03-14T16:57:44.012+0000] {processor.py:830} INFO - Processing file /usr/local/lib/python3.8/dist-packages/airflow/example_dags/plugins/workday.py for tasks to queue
[2024-03-14T16:57:44.013+0000] {logging_mixin.py:188} INFO - [2024-03-14T16:57:44.012+0000] {dagbag.py:540} INFO - Filling up the DagBag from /usr/local/lib/python3.8/dist-packages/airflow/example_dags/plugins/workday.py
[2024-03-14T16:57:44.298+0000] {processor.py:842} WARNING - No viable dags retrieved from /usr/local/lib/python3.8/dist-packages/airflow/example_dags/plugins/workday.py
[2024-03-14T16:57:44.306+0000] {processor.py:183} INFO - Processing /usr/local/lib/python3.8/dist-packages/airflow/example_dags/plugins/workday.py took 0.301 seconds
