[2024-03-16T09:57:40.091+0000] {processor.py:161} INFO - Started process (PID=1037) to work on /home/airflow/dags/Lead_scoring_training_pipeline/.ipynb_checkpoints/constants-checkpoint.py
[2024-03-16T09:57:40.092+0000] {processor.py:830} INFO - Processing file /home/airflow/dags/Lead_scoring_training_pipeline/.ipynb_checkpoints/constants-checkpoint.py for tasks to queue
[2024-03-16T09:57:40.093+0000] {logging_mixin.py:188} INFO - [2024-03-16T09:57:40.093+0000] {dagbag.py:540} INFO - Filling up the DagBag from /home/airflow/dags/Lead_scoring_training_pipeline/.ipynb_checkpoints/constants-checkpoint.py
[2024-03-16T09:57:40.096+0000] {processor.py:842} WARNING - No viable dags retrieved from /home/airflow/dags/Lead_scoring_training_pipeline/.ipynb_checkpoints/constants-checkpoint.py
[2024-03-16T09:57:40.107+0000] {processor.py:183} INFO - Processing /home/airflow/dags/Lead_scoring_training_pipeline/.ipynb_checkpoints/constants-checkpoint.py took 0.019 seconds
[2024-03-16T09:59:01.196+0000] {processor.py:161} INFO - Started process (PID=1196) to work on /home/airflow/dags/Lead_scoring_training_pipeline/.ipynb_checkpoints/constants-checkpoint.py
[2024-03-16T09:59:01.199+0000] {processor.py:830} INFO - Processing file /home/airflow/dags/Lead_scoring_training_pipeline/.ipynb_checkpoints/constants-checkpoint.py for tasks to queue
[2024-03-16T09:59:01.200+0000] {logging_mixin.py:188} INFO - [2024-03-16T09:59:01.199+0000] {dagbag.py:540} INFO - Filling up the DagBag from /home/airflow/dags/Lead_scoring_training_pipeline/.ipynb_checkpoints/constants-checkpoint.py
[2024-03-16T09:59:01.203+0000] {processor.py:842} WARNING - No viable dags retrieved from /home/airflow/dags/Lead_scoring_training_pipeline/.ipynb_checkpoints/constants-checkpoint.py
[2024-03-16T09:59:01.214+0000] {processor.py:183} INFO - Processing /home/airflow/dags/Lead_scoring_training_pipeline/.ipynb_checkpoints/constants-checkpoint.py took 0.021 seconds
[2024-03-16T10:02:27.933+0000] {processor.py:161} INFO - Started process (PID=1467) to work on /home/airflow/dags/Lead_scoring_training_pipeline/.ipynb_checkpoints/constants-checkpoint.py
[2024-03-16T10:02:27.935+0000] {processor.py:830} INFO - Processing file /home/airflow/dags/Lead_scoring_training_pipeline/.ipynb_checkpoints/constants-checkpoint.py for tasks to queue
[2024-03-16T10:02:27.936+0000] {logging_mixin.py:188} INFO - [2024-03-16T10:02:27.935+0000] {dagbag.py:540} INFO - Filling up the DagBag from /home/airflow/dags/Lead_scoring_training_pipeline/.ipynb_checkpoints/constants-checkpoint.py
[2024-03-16T10:02:27.938+0000] {processor.py:842} WARNING - No viable dags retrieved from /home/airflow/dags/Lead_scoring_training_pipeline/.ipynb_checkpoints/constants-checkpoint.py
[2024-03-16T10:02:27.947+0000] {processor.py:183} INFO - Processing /home/airflow/dags/Lead_scoring_training_pipeline/.ipynb_checkpoints/constants-checkpoint.py took 0.017 seconds
[2024-03-16T10:05:03.303+0000] {processor.py:161} INFO - Started process (PID=1769) to work on /home/airflow/dags/Lead_scoring_training_pipeline/.ipynb_checkpoints/constants-checkpoint.py
[2024-03-16T10:05:03.305+0000] {processor.py:830} INFO - Processing file /home/airflow/dags/Lead_scoring_training_pipeline/.ipynb_checkpoints/constants-checkpoint.py for tasks to queue
[2024-03-16T10:05:03.306+0000] {logging_mixin.py:188} INFO - [2024-03-16T10:05:03.305+0000] {dagbag.py:540} INFO - Filling up the DagBag from /home/airflow/dags/Lead_scoring_training_pipeline/.ipynb_checkpoints/constants-checkpoint.py
[2024-03-16T10:05:03.308+0000] {processor.py:842} WARNING - No viable dags retrieved from /home/airflow/dags/Lead_scoring_training_pipeline/.ipynb_checkpoints/constants-checkpoint.py
[2024-03-16T10:05:03.319+0000] {processor.py:183} INFO - Processing /home/airflow/dags/Lead_scoring_training_pipeline/.ipynb_checkpoints/constants-checkpoint.py took 0.020 seconds
[2024-03-16T10:05:49.846+0000] {processor.py:161} INFO - Started process (PID=1821) to work on /home/airflow/dags/Lead_scoring_training_pipeline/.ipynb_checkpoints/constants-checkpoint.py
[2024-03-16T10:05:49.848+0000] {processor.py:830} INFO - Processing file /home/airflow/dags/Lead_scoring_training_pipeline/.ipynb_checkpoints/constants-checkpoint.py for tasks to queue
[2024-03-16T10:05:49.849+0000] {logging_mixin.py:188} INFO - [2024-03-16T10:05:49.849+0000] {dagbag.py:540} INFO - Filling up the DagBag from /home/airflow/dags/Lead_scoring_training_pipeline/.ipynb_checkpoints/constants-checkpoint.py
[2024-03-16T10:05:49.851+0000] {processor.py:842} WARNING - No viable dags retrieved from /home/airflow/dags/Lead_scoring_training_pipeline/.ipynb_checkpoints/constants-checkpoint.py
[2024-03-16T10:05:49.862+0000] {processor.py:183} INFO - Processing /home/airflow/dags/Lead_scoring_training_pipeline/.ipynb_checkpoints/constants-checkpoint.py took 0.019 seconds
[2024-03-16T10:06:21.395+0000] {processor.py:161} INFO - Started process (PID=1894) to work on /home/airflow/dags/Lead_scoring_training_pipeline/.ipynb_checkpoints/constants-checkpoint.py
[2024-03-16T10:06:21.396+0000] {processor.py:830} INFO - Processing file /home/airflow/dags/Lead_scoring_training_pipeline/.ipynb_checkpoints/constants-checkpoint.py for tasks to queue
[2024-03-16T10:06:21.397+0000] {logging_mixin.py:188} INFO - [2024-03-16T10:06:21.397+0000] {dagbag.py:540} INFO - Filling up the DagBag from /home/airflow/dags/Lead_scoring_training_pipeline/.ipynb_checkpoints/constants-checkpoint.py
[2024-03-16T10:06:21.400+0000] {processor.py:842} WARNING - No viable dags retrieved from /home/airflow/dags/Lead_scoring_training_pipeline/.ipynb_checkpoints/constants-checkpoint.py
[2024-03-16T10:06:21.411+0000] {processor.py:183} INFO - Processing /home/airflow/dags/Lead_scoring_training_pipeline/.ipynb_checkpoints/constants-checkpoint.py took 0.020 seconds
[2024-03-16T10:06:52.626+0000] {processor.py:161} INFO - Started process (PID=1926) to work on /home/airflow/dags/Lead_scoring_training_pipeline/.ipynb_checkpoints/constants-checkpoint.py
[2024-03-16T10:06:52.628+0000] {processor.py:830} INFO - Processing file /home/airflow/dags/Lead_scoring_training_pipeline/.ipynb_checkpoints/constants-checkpoint.py for tasks to queue
[2024-03-16T10:06:52.629+0000] {logging_mixin.py:188} INFO - [2024-03-16T10:06:52.629+0000] {dagbag.py:540} INFO - Filling up the DagBag from /home/airflow/dags/Lead_scoring_training_pipeline/.ipynb_checkpoints/constants-checkpoint.py
[2024-03-16T10:06:52.632+0000] {processor.py:842} WARNING - No viable dags retrieved from /home/airflow/dags/Lead_scoring_training_pipeline/.ipynb_checkpoints/constants-checkpoint.py
[2024-03-16T10:06:52.642+0000] {processor.py:183} INFO - Processing /home/airflow/dags/Lead_scoring_training_pipeline/.ipynb_checkpoints/constants-checkpoint.py took 0.019 seconds
[2024-03-16T10:07:52.702+0000] {processor.py:161} INFO - Started process (PID=2029) to work on /home/airflow/dags/Lead_scoring_training_pipeline/.ipynb_checkpoints/constants-checkpoint.py
[2024-03-16T10:07:52.704+0000] {processor.py:830} INFO - Processing file /home/airflow/dags/Lead_scoring_training_pipeline/.ipynb_checkpoints/constants-checkpoint.py for tasks to queue
[2024-03-16T10:07:52.705+0000] {logging_mixin.py:188} INFO - [2024-03-16T10:07:52.705+0000] {dagbag.py:540} INFO - Filling up the DagBag from /home/airflow/dags/Lead_scoring_training_pipeline/.ipynb_checkpoints/constants-checkpoint.py
[2024-03-16T10:07:52.708+0000] {processor.py:842} WARNING - No viable dags retrieved from /home/airflow/dags/Lead_scoring_training_pipeline/.ipynb_checkpoints/constants-checkpoint.py
[2024-03-16T10:07:52.718+0000] {processor.py:183} INFO - Processing /home/airflow/dags/Lead_scoring_training_pipeline/.ipynb_checkpoints/constants-checkpoint.py took 0.019 seconds
[2024-03-16T10:08:25.415+0000] {processor.py:161} INFO - Started process (PID=2103) to work on /home/airflow/dags/Lead_scoring_training_pipeline/.ipynb_checkpoints/constants-checkpoint.py
[2024-03-16T10:08:25.417+0000] {processor.py:830} INFO - Processing file /home/airflow/dags/Lead_scoring_training_pipeline/.ipynb_checkpoints/constants-checkpoint.py for tasks to queue
[2024-03-16T10:08:25.418+0000] {logging_mixin.py:188} INFO - [2024-03-16T10:08:25.418+0000] {dagbag.py:540} INFO - Filling up the DagBag from /home/airflow/dags/Lead_scoring_training_pipeline/.ipynb_checkpoints/constants-checkpoint.py
[2024-03-16T10:08:25.421+0000] {processor.py:842} WARNING - No viable dags retrieved from /home/airflow/dags/Lead_scoring_training_pipeline/.ipynb_checkpoints/constants-checkpoint.py
[2024-03-16T10:08:25.432+0000] {processor.py:183} INFO - Processing /home/airflow/dags/Lead_scoring_training_pipeline/.ipynb_checkpoints/constants-checkpoint.py took 0.020 seconds
[2024-03-16T10:08:56.609+0000] {processor.py:161} INFO - Started process (PID=2135) to work on /home/airflow/dags/Lead_scoring_training_pipeline/.ipynb_checkpoints/constants-checkpoint.py
[2024-03-16T10:08:56.611+0000] {processor.py:830} INFO - Processing file /home/airflow/dags/Lead_scoring_training_pipeline/.ipynb_checkpoints/constants-checkpoint.py for tasks to queue
[2024-03-16T10:08:56.612+0000] {logging_mixin.py:188} INFO - [2024-03-16T10:08:56.612+0000] {dagbag.py:540} INFO - Filling up the DagBag from /home/airflow/dags/Lead_scoring_training_pipeline/.ipynb_checkpoints/constants-checkpoint.py
[2024-03-16T10:08:56.615+0000] {processor.py:842} WARNING - No viable dags retrieved from /home/airflow/dags/Lead_scoring_training_pipeline/.ipynb_checkpoints/constants-checkpoint.py
[2024-03-16T10:08:56.625+0000] {processor.py:183} INFO - Processing /home/airflow/dags/Lead_scoring_training_pipeline/.ipynb_checkpoints/constants-checkpoint.py took 0.019 seconds
[2024-03-16T10:09:28.302+0000] {processor.py:161} INFO - Started process (PID=2209) to work on /home/airflow/dags/Lead_scoring_training_pipeline/.ipynb_checkpoints/constants-checkpoint.py
[2024-03-16T10:09:28.304+0000] {processor.py:830} INFO - Processing file /home/airflow/dags/Lead_scoring_training_pipeline/.ipynb_checkpoints/constants-checkpoint.py for tasks to queue
[2024-03-16T10:09:28.305+0000] {logging_mixin.py:188} INFO - [2024-03-16T10:09:28.304+0000] {dagbag.py:540} INFO - Filling up the DagBag from /home/airflow/dags/Lead_scoring_training_pipeline/.ipynb_checkpoints/constants-checkpoint.py
[2024-03-16T10:09:28.307+0000] {processor.py:842} WARNING - No viable dags retrieved from /home/airflow/dags/Lead_scoring_training_pipeline/.ipynb_checkpoints/constants-checkpoint.py
[2024-03-16T10:09:28.318+0000] {processor.py:183} INFO - Processing /home/airflow/dags/Lead_scoring_training_pipeline/.ipynb_checkpoints/constants-checkpoint.py took 0.020 seconds
[2024-03-16T10:10:31.126+0000] {processor.py:161} INFO - Started process (PID=2313) to work on /home/airflow/dags/Lead_scoring_training_pipeline/.ipynb_checkpoints/constants-checkpoint.py
[2024-03-16T10:10:31.128+0000] {processor.py:830} INFO - Processing file /home/airflow/dags/Lead_scoring_training_pipeline/.ipynb_checkpoints/constants-checkpoint.py for tasks to queue
[2024-03-16T10:10:31.129+0000] {logging_mixin.py:188} INFO - [2024-03-16T10:10:31.129+0000] {dagbag.py:540} INFO - Filling up the DagBag from /home/airflow/dags/Lead_scoring_training_pipeline/.ipynb_checkpoints/constants-checkpoint.py
[2024-03-16T10:10:31.132+0000] {processor.py:842} WARNING - No viable dags retrieved from /home/airflow/dags/Lead_scoring_training_pipeline/.ipynb_checkpoints/constants-checkpoint.py
[2024-03-16T10:10:31.143+0000] {processor.py:183} INFO - Processing /home/airflow/dags/Lead_scoring_training_pipeline/.ipynb_checkpoints/constants-checkpoint.py took 0.020 seconds
[2024-03-16T10:11:11.347+0000] {processor.py:161} INFO - Started process (PID=2345) to work on /home/airflow/dags/Lead_scoring_training_pipeline/.ipynb_checkpoints/constants-checkpoint.py
[2024-03-16T10:11:11.350+0000] {processor.py:830} INFO - Processing file /home/airflow/dags/Lead_scoring_training_pipeline/.ipynb_checkpoints/constants-checkpoint.py for tasks to queue
[2024-03-16T10:11:11.351+0000] {logging_mixin.py:188} INFO - [2024-03-16T10:11:11.350+0000] {dagbag.py:540} INFO - Filling up the DagBag from /home/airflow/dags/Lead_scoring_training_pipeline/.ipynb_checkpoints/constants-checkpoint.py
[2024-03-16T10:11:11.353+0000] {processor.py:842} WARNING - No viable dags retrieved from /home/airflow/dags/Lead_scoring_training_pipeline/.ipynb_checkpoints/constants-checkpoint.py
[2024-03-16T10:11:11.364+0000] {processor.py:183} INFO - Processing /home/airflow/dags/Lead_scoring_training_pipeline/.ipynb_checkpoints/constants-checkpoint.py took 0.020 seconds
[2024-03-16T10:12:15.198+0000] {processor.py:161} INFO - Started process (PID=2490) to work on /home/airflow/dags/Lead_scoring_training_pipeline/.ipynb_checkpoints/constants-checkpoint.py
[2024-03-16T10:12:15.200+0000] {processor.py:830} INFO - Processing file /home/airflow/dags/Lead_scoring_training_pipeline/.ipynb_checkpoints/constants-checkpoint.py for tasks to queue
[2024-03-16T10:12:15.201+0000] {logging_mixin.py:188} INFO - [2024-03-16T10:12:15.201+0000] {dagbag.py:540} INFO - Filling up the DagBag from /home/airflow/dags/Lead_scoring_training_pipeline/.ipynb_checkpoints/constants-checkpoint.py
[2024-03-16T10:12:15.204+0000] {processor.py:842} WARNING - No viable dags retrieved from /home/airflow/dags/Lead_scoring_training_pipeline/.ipynb_checkpoints/constants-checkpoint.py
[2024-03-16T10:12:15.215+0000] {processor.py:183} INFO - Processing /home/airflow/dags/Lead_scoring_training_pipeline/.ipynb_checkpoints/constants-checkpoint.py took 0.020 seconds
[2024-03-16T10:12:48.654+0000] {processor.py:161} INFO - Started process (PID=2530) to work on /home/airflow/dags/Lead_scoring_training_pipeline/.ipynb_checkpoints/constants-checkpoint.py
[2024-03-16T10:12:48.656+0000] {processor.py:830} INFO - Processing file /home/airflow/dags/Lead_scoring_training_pipeline/.ipynb_checkpoints/constants-checkpoint.py for tasks to queue
[2024-03-16T10:12:48.657+0000] {logging_mixin.py:188} INFO - [2024-03-16T10:12:48.657+0000] {dagbag.py:540} INFO - Filling up the DagBag from /home/airflow/dags/Lead_scoring_training_pipeline/.ipynb_checkpoints/constants-checkpoint.py
[2024-03-16T10:12:48.660+0000] {processor.py:842} WARNING - No viable dags retrieved from /home/airflow/dags/Lead_scoring_training_pipeline/.ipynb_checkpoints/constants-checkpoint.py
[2024-03-16T10:12:48.670+0000] {processor.py:183} INFO - Processing /home/airflow/dags/Lead_scoring_training_pipeline/.ipynb_checkpoints/constants-checkpoint.py took 0.019 seconds
[2024-03-16T10:14:25.378+0000] {processor.py:161} INFO - Started process (PID=2700) to work on /home/airflow/dags/Lead_scoring_training_pipeline/.ipynb_checkpoints/constants-checkpoint.py
[2024-03-16T10:14:25.380+0000] {processor.py:830} INFO - Processing file /home/airflow/dags/Lead_scoring_training_pipeline/.ipynb_checkpoints/constants-checkpoint.py for tasks to queue
[2024-03-16T10:14:25.381+0000] {logging_mixin.py:188} INFO - [2024-03-16T10:14:25.380+0000] {dagbag.py:540} INFO - Filling up the DagBag from /home/airflow/dags/Lead_scoring_training_pipeline/.ipynb_checkpoints/constants-checkpoint.py
[2024-03-16T10:14:25.383+0000] {processor.py:842} WARNING - No viable dags retrieved from /home/airflow/dags/Lead_scoring_training_pipeline/.ipynb_checkpoints/constants-checkpoint.py
[2024-03-16T10:14:25.394+0000] {processor.py:183} INFO - Processing /home/airflow/dags/Lead_scoring_training_pipeline/.ipynb_checkpoints/constants-checkpoint.py took 0.019 seconds
[2024-03-16T10:15:00.467+0000] {processor.py:161} INFO - Started process (PID=2979) to work on /home/airflow/dags/Lead_scoring_training_pipeline/.ipynb_checkpoints/constants-checkpoint.py
[2024-03-16T10:15:00.469+0000] {processor.py:830} INFO - Processing file /home/airflow/dags/Lead_scoring_training_pipeline/.ipynb_checkpoints/constants-checkpoint.py for tasks to queue
[2024-03-16T10:15:00.470+0000] {logging_mixin.py:188} INFO - [2024-03-16T10:15:00.470+0000] {dagbag.py:540} INFO - Filling up the DagBag from /home/airflow/dags/Lead_scoring_training_pipeline/.ipynb_checkpoints/constants-checkpoint.py
[2024-03-16T10:15:00.473+0000] {processor.py:842} WARNING - No viable dags retrieved from /home/airflow/dags/Lead_scoring_training_pipeline/.ipynb_checkpoints/constants-checkpoint.py
[2024-03-16T10:15:00.484+0000] {processor.py:183} INFO - Processing /home/airflow/dags/Lead_scoring_training_pipeline/.ipynb_checkpoints/constants-checkpoint.py took 0.020 seconds
[2024-03-16T10:15:32.575+0000] {processor.py:161} INFO - Started process (PID=3014) to work on /home/airflow/dags/Lead_scoring_training_pipeline/.ipynb_checkpoints/constants-checkpoint.py
[2024-03-16T10:15:32.577+0000] {processor.py:830} INFO - Processing file /home/airflow/dags/Lead_scoring_training_pipeline/.ipynb_checkpoints/constants-checkpoint.py for tasks to queue
[2024-03-16T10:15:32.578+0000] {logging_mixin.py:188} INFO - [2024-03-16T10:15:32.577+0000] {dagbag.py:540} INFO - Filling up the DagBag from /home/airflow/dags/Lead_scoring_training_pipeline/.ipynb_checkpoints/constants-checkpoint.py
[2024-03-16T10:15:32.580+0000] {processor.py:842} WARNING - No viable dags retrieved from /home/airflow/dags/Lead_scoring_training_pipeline/.ipynb_checkpoints/constants-checkpoint.py
[2024-03-16T10:15:32.591+0000] {processor.py:183} INFO - Processing /home/airflow/dags/Lead_scoring_training_pipeline/.ipynb_checkpoints/constants-checkpoint.py took 0.019 seconds
[2024-03-16T10:16:07.467+0000] {processor.py:161} INFO - Started process (PID=3091) to work on /home/airflow/dags/Lead_scoring_training_pipeline/.ipynb_checkpoints/constants-checkpoint.py
[2024-03-16T10:16:07.469+0000] {processor.py:830} INFO - Processing file /home/airflow/dags/Lead_scoring_training_pipeline/.ipynb_checkpoints/constants-checkpoint.py for tasks to queue
[2024-03-16T10:16:07.470+0000] {logging_mixin.py:188} INFO - [2024-03-16T10:16:07.470+0000] {dagbag.py:540} INFO - Filling up the DagBag from /home/airflow/dags/Lead_scoring_training_pipeline/.ipynb_checkpoints/constants-checkpoint.py
[2024-03-16T10:16:07.473+0000] {processor.py:842} WARNING - No viable dags retrieved from /home/airflow/dags/Lead_scoring_training_pipeline/.ipynb_checkpoints/constants-checkpoint.py
[2024-03-16T10:16:07.484+0000] {processor.py:183} INFO - Processing /home/airflow/dags/Lead_scoring_training_pipeline/.ipynb_checkpoints/constants-checkpoint.py took 0.020 seconds
[2024-03-16T10:16:39.291+0000] {processor.py:161} INFO - Started process (PID=3128) to work on /home/airflow/dags/Lead_scoring_training_pipeline/.ipynb_checkpoints/constants-checkpoint.py
[2024-03-16T10:16:39.292+0000] {processor.py:830} INFO - Processing file /home/airflow/dags/Lead_scoring_training_pipeline/.ipynb_checkpoints/constants-checkpoint.py for tasks to queue
[2024-03-16T10:16:39.293+0000] {logging_mixin.py:188} INFO - [2024-03-16T10:16:39.293+0000] {dagbag.py:540} INFO - Filling up the DagBag from /home/airflow/dags/Lead_scoring_training_pipeline/.ipynb_checkpoints/constants-checkpoint.py
[2024-03-16T10:16:39.296+0000] {processor.py:842} WARNING - No viable dags retrieved from /home/airflow/dags/Lead_scoring_training_pipeline/.ipynb_checkpoints/constants-checkpoint.py
[2024-03-16T10:16:39.307+0000] {processor.py:183} INFO - Processing /home/airflow/dags/Lead_scoring_training_pipeline/.ipynb_checkpoints/constants-checkpoint.py took 0.019 seconds
[2024-03-16T10:17:10.762+0000] {processor.py:161} INFO - Started process (PID=3196) to work on /home/airflow/dags/Lead_scoring_training_pipeline/.ipynb_checkpoints/constants-checkpoint.py
[2024-03-16T10:17:10.764+0000] {processor.py:830} INFO - Processing file /home/airflow/dags/Lead_scoring_training_pipeline/.ipynb_checkpoints/constants-checkpoint.py for tasks to queue
[2024-03-16T10:17:10.765+0000] {logging_mixin.py:188} INFO - [2024-03-16T10:17:10.764+0000] {dagbag.py:540} INFO - Filling up the DagBag from /home/airflow/dags/Lead_scoring_training_pipeline/.ipynb_checkpoints/constants-checkpoint.py
[2024-03-16T10:17:10.767+0000] {processor.py:842} WARNING - No viable dags retrieved from /home/airflow/dags/Lead_scoring_training_pipeline/.ipynb_checkpoints/constants-checkpoint.py
[2024-03-16T10:17:10.778+0000] {processor.py:183} INFO - Processing /home/airflow/dags/Lead_scoring_training_pipeline/.ipynb_checkpoints/constants-checkpoint.py took 0.020 seconds
