[2024-03-14T16:23:29.750+0000] {processor.py:161} INFO - Started process (PID=628) to work on /home/airflow/dags/Lead_scoring_inference_pipeline/lead_scoring_inference_pipeline.py
[2024-03-14T16:23:29.751+0000] {processor.py:830} INFO - Processing file /home/airflow/dags/Lead_scoring_inference_pipeline/lead_scoring_inference_pipeline.py for tasks to queue
[2024-03-14T16:23:29.752+0000] {logging_mixin.py:188} INFO - [2024-03-14T16:23:29.752+0000] {dagbag.py:540} INFO - Filling up the DagBag from /home/airflow/dags/Lead_scoring_inference_pipeline/lead_scoring_inference_pipeline.py
[2024-03-14T16:23:29.758+0000] {logging_mixin.py:188} INFO - [2024-03-14T16:23:29.757+0000] {dagbag.py:350} ERROR - Failed to import: /home/airflow/dags/Lead_scoring_inference_pipeline/lead_scoring_inference_pipeline.py
Traceback (most recent call last):
  File "/usr/local/lib/python3.8/dist-packages/airflow/models/dagbag.py", line 346, in parse
    loader.exec_module(new_module)
  File "<frozen importlib._bootstrap_external>", line 848, in exec_module
  File "<frozen importlib._bootstrap>", line 219, in _call_with_frames_removed
  File "/home/airflow/dags/Lead_scoring_inference_pipeline/lead_scoring_inference_pipeline.py", line 8, in <module>
    from Lead_scoring_inference_pipeline.utils import *
  File "/home/airflow/dags/Lead_scoring_inference_pipeline/utils.py", line 12, in <module>
    import mlflow
ModuleNotFoundError: No module named 'mlflow'
[2024-03-14T16:23:29.758+0000] {processor.py:842} WARNING - No viable dags retrieved from /home/airflow/dags/Lead_scoring_inference_pipeline/lead_scoring_inference_pipeline.py
[2024-03-14T16:23:29.796+0000] {processor.py:183} INFO - Processing /home/airflow/dags/Lead_scoring_inference_pipeline/lead_scoring_inference_pipeline.py took 0.049 seconds
[2024-03-14T16:24:43.362+0000] {processor.py:161} INFO - Started process (PID=731) to work on /home/airflow/dags/Lead_scoring_inference_pipeline/lead_scoring_inference_pipeline.py
[2024-03-14T16:24:43.364+0000] {processor.py:830} INFO - Processing file /home/airflow/dags/Lead_scoring_inference_pipeline/lead_scoring_inference_pipeline.py for tasks to queue
[2024-03-14T16:24:43.365+0000] {logging_mixin.py:188} INFO - [2024-03-14T16:24:43.365+0000] {dagbag.py:540} INFO - Filling up the DagBag from /home/airflow/dags/Lead_scoring_inference_pipeline/lead_scoring_inference_pipeline.py
[2024-03-14T16:24:43.370+0000] {logging_mixin.py:188} INFO - [2024-03-14T16:24:43.369+0000] {dagbag.py:350} ERROR - Failed to import: /home/airflow/dags/Lead_scoring_inference_pipeline/lead_scoring_inference_pipeline.py
Traceback (most recent call last):
  File "/usr/local/lib/python3.8/dist-packages/airflow/models/dagbag.py", line 346, in parse
    loader.exec_module(new_module)
  File "<frozen importlib._bootstrap_external>", line 848, in exec_module
  File "<frozen importlib._bootstrap>", line 219, in _call_with_frames_removed
  File "/home/airflow/dags/Lead_scoring_inference_pipeline/lead_scoring_inference_pipeline.py", line 8, in <module>
    from Lead_scoring_inference_pipeline.utils import *
  File "/home/airflow/dags/Lead_scoring_inference_pipeline/utils.py", line 12, in <module>
    import mlflow
ModuleNotFoundError: No module named 'mlflow'
[2024-03-14T16:24:43.370+0000] {processor.py:842} WARNING - No viable dags retrieved from /home/airflow/dags/Lead_scoring_inference_pipeline/lead_scoring_inference_pipeline.py
[2024-03-14T16:24:43.396+0000] {processor.py:183} INFO - Processing /home/airflow/dags/Lead_scoring_inference_pipeline/lead_scoring_inference_pipeline.py took 0.037 seconds
[2024-03-14T16:25:43.887+0000] {processor.py:161} INFO - Started process (PID=824) to work on /home/airflow/dags/Lead_scoring_inference_pipeline/lead_scoring_inference_pipeline.py
[2024-03-14T16:25:43.889+0000] {processor.py:830} INFO - Processing file /home/airflow/dags/Lead_scoring_inference_pipeline/lead_scoring_inference_pipeline.py for tasks to queue
[2024-03-14T16:25:43.891+0000] {logging_mixin.py:188} INFO - [2024-03-14T16:25:43.890+0000] {dagbag.py:540} INFO - Filling up the DagBag from /home/airflow/dags/Lead_scoring_inference_pipeline/lead_scoring_inference_pipeline.py
[2024-03-14T16:25:44.597+0000] {processor.py:840} INFO - DAG(s) 'Lead_scoring_inference_pipeline' retrieved from /home/airflow/dags/Lead_scoring_inference_pipeline/lead_scoring_inference_pipeline.py
[2024-03-14T16:25:44.731+0000] {logging_mixin.py:188} INFO - [2024-03-14T16:25:44.730+0000] {override.py:1769} INFO - Created Permission View: can edit on DAG:Lead_scoring_inference_pipeline
[2024-03-14T16:25:44.748+0000] {logging_mixin.py:188} INFO - [2024-03-14T16:25:44.748+0000] {override.py:1769} INFO - Created Permission View: can delete on DAG:Lead_scoring_inference_pipeline
[2024-03-14T16:25:44.798+0000] {logging_mixin.py:188} INFO - [2024-03-14T16:25:44.797+0000] {override.py:1769} INFO - Created Permission View: can read on DAG:Lead_scoring_inference_pipeline
[2024-03-14T16:25:44.798+0000] {logging_mixin.py:188} INFO - [2024-03-14T16:25:44.798+0000] {dag.py:3047} INFO - Sync 1 DAGs
[2024-03-14T16:25:44.808+0000] {logging_mixin.py:188} INFO - [2024-03-14T16:25:44.808+0000] {dag.py:3069} INFO - Creating ORM DAG for Lead_scoring_inference_pipeline
[2024-03-14T16:25:44.817+0000] {logging_mixin.py:188} INFO - [2024-03-14T16:25:44.817+0000] {dag.py:3834} INFO - Setting next_dagrun for Lead_scoring_inference_pipeline to 2024-03-14 15:00:00+00:00, run_after=2024-03-14 16:00:00+00:00
[2024-03-14T16:25:44.884+0000] {processor.py:183} INFO - Processing /home/airflow/dags/Lead_scoring_inference_pipeline/lead_scoring_inference_pipeline.py took 1.000 seconds
[2024-03-14T16:26:49.007+0000] {processor.py:161} INFO - Started process (PID=939) to work on /home/airflow/dags/Lead_scoring_inference_pipeline/lead_scoring_inference_pipeline.py
[2024-03-14T16:26:49.009+0000] {processor.py:830} INFO - Processing file /home/airflow/dags/Lead_scoring_inference_pipeline/lead_scoring_inference_pipeline.py for tasks to queue
[2024-03-14T16:26:49.010+0000] {logging_mixin.py:188} INFO - [2024-03-14T16:26:49.009+0000] {dagbag.py:540} INFO - Filling up the DagBag from /home/airflow/dags/Lead_scoring_inference_pipeline/lead_scoring_inference_pipeline.py
[2024-03-14T16:26:49.738+0000] {processor.py:840} INFO - DAG(s) 'Lead_scoring_inference_pipeline' retrieved from /home/airflow/dags/Lead_scoring_inference_pipeline/lead_scoring_inference_pipeline.py
[2024-03-14T16:26:49.784+0000] {logging_mixin.py:188} INFO - [2024-03-14T16:26:49.783+0000] {dag.py:3047} INFO - Sync 1 DAGs
[2024-03-14T16:26:50.239+0000] {logging_mixin.py:188} INFO - [2024-03-14T16:26:50.239+0000] {dag.py:3834} INFO - Setting next_dagrun for Lead_scoring_inference_pipeline to 2024-03-14 15:00:00+00:00, run_after=2024-03-14 16:00:00+00:00
[2024-03-14T16:26:50.359+0000] {processor.py:183} INFO - Processing /home/airflow/dags/Lead_scoring_inference_pipeline/lead_scoring_inference_pipeline.py took 1.356 seconds
[2024-03-14T16:27:57.274+0000] {processor.py:161} INFO - Started process (PID=1054) to work on /home/airflow/dags/Lead_scoring_inference_pipeline/lead_scoring_inference_pipeline.py
[2024-03-14T16:27:57.277+0000] {processor.py:830} INFO - Processing file /home/airflow/dags/Lead_scoring_inference_pipeline/lead_scoring_inference_pipeline.py for tasks to queue
[2024-03-14T16:27:57.278+0000] {logging_mixin.py:188} INFO - [2024-03-14T16:27:57.278+0000] {dagbag.py:540} INFO - Filling up the DagBag from /home/airflow/dags/Lead_scoring_inference_pipeline/lead_scoring_inference_pipeline.py
[2024-03-14T16:27:58.051+0000] {processor.py:840} INFO - DAG(s) 'Lead_scoring_inference_pipeline' retrieved from /home/airflow/dags/Lead_scoring_inference_pipeline/lead_scoring_inference_pipeline.py
[2024-03-14T16:27:58.063+0000] {logging_mixin.py:188} INFO - [2024-03-14T16:27:58.062+0000] {dag.py:3047} INFO - Sync 1 DAGs
[2024-03-14T16:27:58.079+0000] {logging_mixin.py:188} INFO - [2024-03-14T16:27:58.079+0000] {dag.py:3834} INFO - Setting next_dagrun for Lead_scoring_inference_pipeline to 2024-03-14 15:00:00+00:00, run_after=2024-03-14 16:00:00+00:00
[2024-03-14T16:27:58.101+0000] {processor.py:183} INFO - Processing /home/airflow/dags/Lead_scoring_inference_pipeline/lead_scoring_inference_pipeline.py took 0.830 seconds
[2024-03-14T16:29:09.554+0000] {processor.py:161} INFO - Started process (PID=1164) to work on /home/airflow/dags/Lead_scoring_inference_pipeline/lead_scoring_inference_pipeline.py
[2024-03-14T16:29:09.556+0000] {processor.py:830} INFO - Processing file /home/airflow/dags/Lead_scoring_inference_pipeline/lead_scoring_inference_pipeline.py for tasks to queue
[2024-03-14T16:29:09.557+0000] {logging_mixin.py:188} INFO - [2024-03-14T16:29:09.556+0000] {dagbag.py:540} INFO - Filling up the DagBag from /home/airflow/dags/Lead_scoring_inference_pipeline/lead_scoring_inference_pipeline.py
[2024-03-14T16:29:10.362+0000] {processor.py:840} INFO - DAG(s) 'Lead_scoring_inference_pipeline' retrieved from /home/airflow/dags/Lead_scoring_inference_pipeline/lead_scoring_inference_pipeline.py
[2024-03-14T16:29:10.374+0000] {logging_mixin.py:188} INFO - [2024-03-14T16:29:10.374+0000] {dag.py:3047} INFO - Sync 1 DAGs
[2024-03-14T16:29:10.390+0000] {logging_mixin.py:188} INFO - [2024-03-14T16:29:10.390+0000] {dag.py:3834} INFO - Setting next_dagrun for Lead_scoring_inference_pipeline to 2024-03-14 15:00:00+00:00, run_after=2024-03-14 16:00:00+00:00
[2024-03-14T16:29:10.414+0000] {processor.py:183} INFO - Processing /home/airflow/dags/Lead_scoring_inference_pipeline/lead_scoring_inference_pipeline.py took 0.864 seconds
[2024-03-14T16:31:01.562+0000] {processor.py:161} INFO - Started process (PID=1359) to work on /home/airflow/dags/Lead_scoring_inference_pipeline/lead_scoring_inference_pipeline.py
[2024-03-14T16:31:01.565+0000] {processor.py:830} INFO - Processing file /home/airflow/dags/Lead_scoring_inference_pipeline/lead_scoring_inference_pipeline.py for tasks to queue
[2024-03-14T16:31:01.566+0000] {logging_mixin.py:188} INFO - [2024-03-14T16:31:01.565+0000] {dagbag.py:540} INFO - Filling up the DagBag from /home/airflow/dags/Lead_scoring_inference_pipeline/lead_scoring_inference_pipeline.py
[2024-03-14T16:31:02.379+0000] {processor.py:840} INFO - DAG(s) 'Lead_scoring_inference_pipeline' retrieved from /home/airflow/dags/Lead_scoring_inference_pipeline/lead_scoring_inference_pipeline.py
[2024-03-14T16:31:02.391+0000] {logging_mixin.py:188} INFO - [2024-03-14T16:31:02.390+0000] {dag.py:3047} INFO - Sync 1 DAGs
[2024-03-14T16:31:02.406+0000] {logging_mixin.py:188} INFO - [2024-03-14T16:31:02.406+0000] {dag.py:3834} INFO - Setting next_dagrun for Lead_scoring_inference_pipeline to 2024-03-14 15:00:00+00:00, run_after=2024-03-14 16:00:00+00:00
[2024-03-14T16:31:02.432+0000] {processor.py:183} INFO - Processing /home/airflow/dags/Lead_scoring_inference_pipeline/lead_scoring_inference_pipeline.py took 0.873 seconds
[2024-03-14T16:32:08.530+0000] {processor.py:161} INFO - Started process (PID=1473) to work on /home/airflow/dags/Lead_scoring_inference_pipeline/lead_scoring_inference_pipeline.py
[2024-03-14T16:32:08.532+0000] {processor.py:830} INFO - Processing file /home/airflow/dags/Lead_scoring_inference_pipeline/lead_scoring_inference_pipeline.py for tasks to queue
[2024-03-14T16:32:08.533+0000] {logging_mixin.py:188} INFO - [2024-03-14T16:32:08.532+0000] {dagbag.py:540} INFO - Filling up the DagBag from /home/airflow/dags/Lead_scoring_inference_pipeline/lead_scoring_inference_pipeline.py
[2024-03-14T16:32:09.328+0000] {processor.py:840} INFO - DAG(s) 'Lead_scoring_inference_pipeline' retrieved from /home/airflow/dags/Lead_scoring_inference_pipeline/lead_scoring_inference_pipeline.py
[2024-03-14T16:32:09.343+0000] {logging_mixin.py:188} INFO - [2024-03-14T16:32:09.343+0000] {dag.py:3047} INFO - Sync 1 DAGs
[2024-03-14T16:32:09.360+0000] {logging_mixin.py:188} INFO - [2024-03-14T16:32:09.360+0000] {dag.py:3834} INFO - Setting next_dagrun for Lead_scoring_inference_pipeline to 2024-03-14 15:00:00+00:00, run_after=2024-03-14 16:00:00+00:00
[2024-03-14T16:32:09.410+0000] {processor.py:183} INFO - Processing /home/airflow/dags/Lead_scoring_inference_pipeline/lead_scoring_inference_pipeline.py took 0.884 seconds
[2024-03-14T16:33:22.778+0000] {processor.py:161} INFO - Started process (PID=1686) to work on /home/airflow/dags/Lead_scoring_inference_pipeline/lead_scoring_inference_pipeline.py
[2024-03-14T16:33:22.782+0000] {processor.py:830} INFO - Processing file /home/airflow/dags/Lead_scoring_inference_pipeline/lead_scoring_inference_pipeline.py for tasks to queue
[2024-03-14T16:33:22.783+0000] {logging_mixin.py:188} INFO - [2024-03-14T16:33:22.783+0000] {dagbag.py:540} INFO - Filling up the DagBag from /home/airflow/dags/Lead_scoring_inference_pipeline/lead_scoring_inference_pipeline.py
[2024-03-14T16:33:23.609+0000] {processor.py:840} INFO - DAG(s) 'Lead_scoring_inference_pipeline' retrieved from /home/airflow/dags/Lead_scoring_inference_pipeline/lead_scoring_inference_pipeline.py
[2024-03-14T16:33:23.622+0000] {logging_mixin.py:188} INFO - [2024-03-14T16:33:23.622+0000] {dag.py:3047} INFO - Sync 1 DAGs
[2024-03-14T16:33:23.638+0000] {logging_mixin.py:188} INFO - [2024-03-14T16:33:23.638+0000] {dag.py:3834} INFO - Setting next_dagrun for Lead_scoring_inference_pipeline to 2024-03-14 15:00:00+00:00, run_after=2024-03-14 16:00:00+00:00
[2024-03-14T16:33:23.763+0000] {processor.py:183} INFO - Processing /home/airflow/dags/Lead_scoring_inference_pipeline/lead_scoring_inference_pipeline.py took 0.988 seconds
[2024-03-14T16:35:03.423+0000] {processor.py:161} INFO - Started process (PID=1852) to work on /home/airflow/dags/Lead_scoring_inference_pipeline/lead_scoring_inference_pipeline.py
[2024-03-14T16:35:03.425+0000] {processor.py:830} INFO - Processing file /home/airflow/dags/Lead_scoring_inference_pipeline/lead_scoring_inference_pipeline.py for tasks to queue
[2024-03-14T16:35:03.426+0000] {logging_mixin.py:188} INFO - [2024-03-14T16:35:03.425+0000] {dagbag.py:540} INFO - Filling up the DagBag from /home/airflow/dags/Lead_scoring_inference_pipeline/lead_scoring_inference_pipeline.py
[2024-03-14T16:35:04.242+0000] {processor.py:840} INFO - DAG(s) 'Lead_scoring_inference_pipeline' retrieved from /home/airflow/dags/Lead_scoring_inference_pipeline/lead_scoring_inference_pipeline.py
[2024-03-14T16:35:04.254+0000] {logging_mixin.py:188} INFO - [2024-03-14T16:35:04.254+0000] {dag.py:3047} INFO - Sync 1 DAGs
[2024-03-14T16:35:04.356+0000] {logging_mixin.py:188} INFO - [2024-03-14T16:35:04.356+0000] {dag.py:3834} INFO - Setting next_dagrun for Lead_scoring_inference_pipeline to 2024-03-14 15:00:00+00:00, run_after=2024-03-14 16:00:00+00:00
[2024-03-14T16:35:04.380+0000] {processor.py:183} INFO - Processing /home/airflow/dags/Lead_scoring_inference_pipeline/lead_scoring_inference_pipeline.py took 0.960 seconds
[2024-03-14T16:36:39.906+0000] {processor.py:161} INFO - Started process (PID=2029) to work on /home/airflow/dags/Lead_scoring_inference_pipeline/lead_scoring_inference_pipeline.py
[2024-03-14T16:36:39.908+0000] {processor.py:830} INFO - Processing file /home/airflow/dags/Lead_scoring_inference_pipeline/lead_scoring_inference_pipeline.py for tasks to queue
[2024-03-14T16:36:39.908+0000] {logging_mixin.py:188} INFO - [2024-03-14T16:36:39.908+0000] {dagbag.py:540} INFO - Filling up the DagBag from /home/airflow/dags/Lead_scoring_inference_pipeline/lead_scoring_inference_pipeline.py
[2024-03-14T16:36:40.701+0000] {processor.py:840} INFO - DAG(s) 'Lead_scoring_inference_pipeline' retrieved from /home/airflow/dags/Lead_scoring_inference_pipeline/lead_scoring_inference_pipeline.py
[2024-03-14T16:36:40.712+0000] {logging_mixin.py:188} INFO - [2024-03-14T16:36:40.711+0000] {dag.py:3047} INFO - Sync 1 DAGs
[2024-03-14T16:36:40.816+0000] {logging_mixin.py:188} INFO - [2024-03-14T16:36:40.815+0000] {dag.py:3834} INFO - Setting next_dagrun for Lead_scoring_inference_pipeline to 2024-03-14 15:00:00+00:00, run_after=2024-03-14 16:00:00+00:00
[2024-03-14T16:36:40.889+0000] {processor.py:183} INFO - Processing /home/airflow/dags/Lead_scoring_inference_pipeline/lead_scoring_inference_pipeline.py took 0.986 seconds
[2024-03-14T16:38:10.566+0000] {processor.py:161} INFO - Started process (PID=2206) to work on /home/airflow/dags/Lead_scoring_inference_pipeline/lead_scoring_inference_pipeline.py
[2024-03-14T16:38:10.568+0000] {processor.py:830} INFO - Processing file /home/airflow/dags/Lead_scoring_inference_pipeline/lead_scoring_inference_pipeline.py for tasks to queue
[2024-03-14T16:38:10.569+0000] {logging_mixin.py:188} INFO - [2024-03-14T16:38:10.569+0000] {dagbag.py:540} INFO - Filling up the DagBag from /home/airflow/dags/Lead_scoring_inference_pipeline/lead_scoring_inference_pipeline.py
[2024-03-14T16:38:11.393+0000] {processor.py:840} INFO - DAG(s) 'Lead_scoring_inference_pipeline' retrieved from /home/airflow/dags/Lead_scoring_inference_pipeline/lead_scoring_inference_pipeline.py
[2024-03-14T16:38:11.406+0000] {logging_mixin.py:188} INFO - [2024-03-14T16:38:11.406+0000] {dag.py:3047} INFO - Sync 1 DAGs
[2024-03-14T16:38:11.422+0000] {logging_mixin.py:188} INFO - [2024-03-14T16:38:11.422+0000] {dag.py:3834} INFO - Setting next_dagrun for Lead_scoring_inference_pipeline to 2024-03-14 16:00:00+00:00, run_after=2024-03-14 17:00:00+00:00
[2024-03-14T16:38:11.534+0000] {processor.py:183} INFO - Processing /home/airflow/dags/Lead_scoring_inference_pipeline/lead_scoring_inference_pipeline.py took 0.971 seconds
[2024-03-14T16:39:27.154+0000] {processor.py:161} INFO - Started process (PID=2326) to work on /home/airflow/dags/Lead_scoring_inference_pipeline/lead_scoring_inference_pipeline.py
[2024-03-14T16:39:27.156+0000] {processor.py:830} INFO - Processing file /home/airflow/dags/Lead_scoring_inference_pipeline/lead_scoring_inference_pipeline.py for tasks to queue
[2024-03-14T16:39:27.157+0000] {logging_mixin.py:188} INFO - [2024-03-14T16:39:27.157+0000] {dagbag.py:540} INFO - Filling up the DagBag from /home/airflow/dags/Lead_scoring_inference_pipeline/lead_scoring_inference_pipeline.py
[2024-03-14T16:39:27.972+0000] {processor.py:840} INFO - DAG(s) 'Lead_scoring_inference_pipeline' retrieved from /home/airflow/dags/Lead_scoring_inference_pipeline/lead_scoring_inference_pipeline.py
[2024-03-14T16:39:27.984+0000] {logging_mixin.py:188} INFO - [2024-03-14T16:39:27.983+0000] {dag.py:3047} INFO - Sync 1 DAGs
[2024-03-14T16:39:27.999+0000] {logging_mixin.py:188} INFO - [2024-03-14T16:39:27.999+0000] {dag.py:3834} INFO - Setting next_dagrun for Lead_scoring_inference_pipeline to 2024-03-14 16:00:00+00:00, run_after=2024-03-14 17:00:00+00:00
[2024-03-14T16:39:28.028+0000] {processor.py:183} INFO - Processing /home/airflow/dags/Lead_scoring_inference_pipeline/lead_scoring_inference_pipeline.py took 0.877 seconds
[2024-03-14T16:40:35.863+0000] {processor.py:161} INFO - Started process (PID=2440) to work on /home/airflow/dags/Lead_scoring_inference_pipeline/lead_scoring_inference_pipeline.py
[2024-03-14T16:40:35.865+0000] {processor.py:830} INFO - Processing file /home/airflow/dags/Lead_scoring_inference_pipeline/lead_scoring_inference_pipeline.py for tasks to queue
[2024-03-14T16:40:35.866+0000] {logging_mixin.py:188} INFO - [2024-03-14T16:40:35.866+0000] {dagbag.py:540} INFO - Filling up the DagBag from /home/airflow/dags/Lead_scoring_inference_pipeline/lead_scoring_inference_pipeline.py
[2024-03-14T16:40:36.669+0000] {processor.py:840} INFO - DAG(s) 'Lead_scoring_inference_pipeline' retrieved from /home/airflow/dags/Lead_scoring_inference_pipeline/lead_scoring_inference_pipeline.py
[2024-03-14T16:40:36.681+0000] {logging_mixin.py:188} INFO - [2024-03-14T16:40:36.681+0000] {dag.py:3047} INFO - Sync 1 DAGs
[2024-03-14T16:40:36.697+0000] {logging_mixin.py:188} INFO - [2024-03-14T16:40:36.697+0000] {dag.py:3834} INFO - Setting next_dagrun for Lead_scoring_inference_pipeline to 2024-03-14 16:00:00+00:00, run_after=2024-03-14 17:00:00+00:00
[2024-03-14T16:40:36.721+0000] {processor.py:183} INFO - Processing /home/airflow/dags/Lead_scoring_inference_pipeline/lead_scoring_inference_pipeline.py took 0.861 seconds
[2024-03-14T16:41:46.978+0000] {processor.py:161} INFO - Started process (PID=2550) to work on /home/airflow/dags/Lead_scoring_inference_pipeline/lead_scoring_inference_pipeline.py
[2024-03-14T16:41:46.980+0000] {processor.py:830} INFO - Processing file /home/airflow/dags/Lead_scoring_inference_pipeline/lead_scoring_inference_pipeline.py for tasks to queue
[2024-03-14T16:41:46.981+0000] {logging_mixin.py:188} INFO - [2024-03-14T16:41:46.981+0000] {dagbag.py:540} INFO - Filling up the DagBag from /home/airflow/dags/Lead_scoring_inference_pipeline/lead_scoring_inference_pipeline.py
[2024-03-14T16:41:47.860+0000] {processor.py:840} INFO - DAG(s) 'Lead_scoring_inference_pipeline' retrieved from /home/airflow/dags/Lead_scoring_inference_pipeline/lead_scoring_inference_pipeline.py
[2024-03-14T16:41:47.872+0000] {logging_mixin.py:188} INFO - [2024-03-14T16:41:47.871+0000] {dag.py:3047} INFO - Sync 1 DAGs
[2024-03-14T16:41:47.887+0000] {logging_mixin.py:188} INFO - [2024-03-14T16:41:47.887+0000] {dag.py:3834} INFO - Setting next_dagrun for Lead_scoring_inference_pipeline to 2024-03-14 16:00:00+00:00, run_after=2024-03-14 17:00:00+00:00
[2024-03-14T16:41:47.920+0000] {processor.py:183} INFO - Processing /home/airflow/dags/Lead_scoring_inference_pipeline/lead_scoring_inference_pipeline.py took 0.944 seconds
[2024-03-14T16:43:09.383+0000] {processor.py:161} INFO - Started process (PID=2667) to work on /home/airflow/dags/Lead_scoring_inference_pipeline/lead_scoring_inference_pipeline.py
[2024-03-14T16:43:09.385+0000] {processor.py:830} INFO - Processing file /home/airflow/dags/Lead_scoring_inference_pipeline/lead_scoring_inference_pipeline.py for tasks to queue
[2024-03-14T16:43:09.386+0000] {logging_mixin.py:188} INFO - [2024-03-14T16:43:09.386+0000] {dagbag.py:540} INFO - Filling up the DagBag from /home/airflow/dags/Lead_scoring_inference_pipeline/lead_scoring_inference_pipeline.py
[2024-03-14T16:43:10.271+0000] {processor.py:840} INFO - DAG(s) 'Lead_scoring_inference_pipeline' retrieved from /home/airflow/dags/Lead_scoring_inference_pipeline/lead_scoring_inference_pipeline.py
[2024-03-14T16:43:10.284+0000] {logging_mixin.py:188} INFO - [2024-03-14T16:43:10.283+0000] {dag.py:3047} INFO - Sync 1 DAGs
[2024-03-14T16:43:10.299+0000] {logging_mixin.py:188} INFO - [2024-03-14T16:43:10.299+0000] {dag.py:3834} INFO - Setting next_dagrun for Lead_scoring_inference_pipeline to 2024-03-14 16:00:00+00:00, run_after=2024-03-14 17:00:00+00:00
[2024-03-14T16:43:10.391+0000] {processor.py:183} INFO - Processing /home/airflow/dags/Lead_scoring_inference_pipeline/lead_scoring_inference_pipeline.py took 1.011 seconds
[2024-03-14T16:44:50.762+0000] {processor.py:161} INFO - Started process (PID=2847) to work on /home/airflow/dags/Lead_scoring_inference_pipeline/lead_scoring_inference_pipeline.py
[2024-03-14T16:44:50.764+0000] {processor.py:830} INFO - Processing file /home/airflow/dags/Lead_scoring_inference_pipeline/lead_scoring_inference_pipeline.py for tasks to queue
[2024-03-14T16:44:50.765+0000] {logging_mixin.py:188} INFO - [2024-03-14T16:44:50.765+0000] {dagbag.py:540} INFO - Filling up the DagBag from /home/airflow/dags/Lead_scoring_inference_pipeline/lead_scoring_inference_pipeline.py
[2024-03-14T16:44:51.634+0000] {processor.py:840} INFO - DAG(s) 'Lead_scoring_inference_pipeline' retrieved from /home/airflow/dags/Lead_scoring_inference_pipeline/lead_scoring_inference_pipeline.py
[2024-03-14T16:44:51.646+0000] {logging_mixin.py:188} INFO - [2024-03-14T16:44:51.646+0000] {dag.py:3047} INFO - Sync 1 DAGs
[2024-03-14T16:44:51.662+0000] {logging_mixin.py:188} INFO - [2024-03-14T16:44:51.662+0000] {dag.py:3834} INFO - Setting next_dagrun for Lead_scoring_inference_pipeline to 2024-03-14 16:00:00+00:00, run_after=2024-03-14 17:00:00+00:00
[2024-03-14T16:44:51.745+0000] {processor.py:183} INFO - Processing /home/airflow/dags/Lead_scoring_inference_pipeline/lead_scoring_inference_pipeline.py took 0.986 seconds
[2024-03-14T16:56:32.052+0000] {processor.py:161} INFO - Started process (PID=3281) to work on /home/airflow/dags/Lead_scoring_inference_pipeline/lead_scoring_inference_pipeline.py
[2024-03-14T16:56:32.054+0000] {processor.py:830} INFO - Processing file /home/airflow/dags/Lead_scoring_inference_pipeline/lead_scoring_inference_pipeline.py for tasks to queue
[2024-03-14T16:56:32.055+0000] {logging_mixin.py:188} INFO - [2024-03-14T16:56:32.054+0000] {dagbag.py:540} INFO - Filling up the DagBag from /home/airflow/dags/Lead_scoring_inference_pipeline/lead_scoring_inference_pipeline.py
[2024-03-14T16:56:32.854+0000] {processor.py:840} INFO - DAG(s) 'Lead_scoring_inference_pipeline' retrieved from /home/airflow/dags/Lead_scoring_inference_pipeline/lead_scoring_inference_pipeline.py
[2024-03-14T16:56:32.867+0000] {logging_mixin.py:188} INFO - [2024-03-14T16:56:32.867+0000] {dag.py:3047} INFO - Sync 1 DAGs
[2024-03-14T16:56:32.884+0000] {logging_mixin.py:188} INFO - [2024-03-14T16:56:32.883+0000] {dag.py:3834} INFO - Setting next_dagrun for Lead_scoring_inference_pipeline to 2024-03-14 16:00:00+00:00, run_after=2024-03-14 17:00:00+00:00
[2024-03-14T16:56:32.966+0000] {processor.py:183} INFO - Processing /home/airflow/dags/Lead_scoring_inference_pipeline/lead_scoring_inference_pipeline.py took 0.918 seconds
[2024-03-14T16:58:29.747+0000] {processor.py:161} INFO - Started process (PID=3476) to work on /home/airflow/dags/Lead_scoring_inference_pipeline/lead_scoring_inference_pipeline.py
[2024-03-14T16:58:29.749+0000] {processor.py:830} INFO - Processing file /home/airflow/dags/Lead_scoring_inference_pipeline/lead_scoring_inference_pipeline.py for tasks to queue
[2024-03-14T16:58:29.750+0000] {logging_mixin.py:188} INFO - [2024-03-14T16:58:29.749+0000] {dagbag.py:540} INFO - Filling up the DagBag from /home/airflow/dags/Lead_scoring_inference_pipeline/lead_scoring_inference_pipeline.py
[2024-03-14T16:58:30.568+0000] {processor.py:840} INFO - DAG(s) 'Lead_scoring_inference_pipeline' retrieved from /home/airflow/dags/Lead_scoring_inference_pipeline/lead_scoring_inference_pipeline.py
[2024-03-14T16:58:30.581+0000] {logging_mixin.py:188} INFO - [2024-03-14T16:58:30.580+0000] {dag.py:3047} INFO - Sync 1 DAGs
[2024-03-14T16:58:30.596+0000] {logging_mixin.py:188} INFO - [2024-03-14T16:58:30.596+0000] {dag.py:3834} INFO - Setting next_dagrun for Lead_scoring_inference_pipeline to 2024-03-14 16:00:00+00:00, run_after=2024-03-14 17:00:00+00:00
[2024-03-14T16:58:30.622+0000] {processor.py:183} INFO - Processing /home/airflow/dags/Lead_scoring_inference_pipeline/lead_scoring_inference_pipeline.py took 0.879 seconds
