[2024-03-16T09:54:11.034+0000] {processor.py:161} INFO - Started process (PID=699) to work on /usr/local/lib/python3.8/dist-packages/airflow/example_dags/example_subdag_operator.py
[2024-03-16T09:54:11.035+0000] {processor.py:830} INFO - Processing file /usr/local/lib/python3.8/dist-packages/airflow/example_dags/example_subdag_operator.py for tasks to queue
[2024-03-16T09:54:11.036+0000] {logging_mixin.py:188} INFO - [2024-03-16T09:54:11.036+0000] {dagbag.py:540} INFO - Filling up the DagBag from /usr/local/lib/python3.8/dist-packages/airflow/example_dags/example_subdag_operator.py
[2024-03-16T09:54:11.058+0000] {processor.py:840} INFO - DAG(s) 'example_subdag_operator.section-1', 'example_subdag_operator.section-2', 'example_subdag_operator' retrieved from /usr/local/lib/python3.8/dist-packages/airflow/example_dags/example_subdag_operator.py
[2024-03-16T09:54:11.082+0000] {logging_mixin.py:188} INFO - [2024-03-16T09:54:11.082+0000] {dag.py:3047} INFO - Sync 3 DAGs
[2024-03-16T09:54:11.206+0000] {logging_mixin.py:188} INFO - [2024-03-16T09:54:11.205+0000] {dag.py:3834} INFO - Setting next_dagrun for example_subdag_operator to 2022-01-01 00:00:00+00:00, run_after=2022-01-01 00:00:00+00:00
[2024-03-16T09:54:11.208+0000] {logging_mixin.py:188} INFO - [2024-03-16T09:54:11.208+0000] {dag.py:3834} INFO - Setting next_dagrun for example_subdag_operator.section-1 to None, run_after=None
[2024-03-16T09:54:11.209+0000] {logging_mixin.py:188} INFO - [2024-03-16T09:54:11.209+0000] {dag.py:3834} INFO - Setting next_dagrun for example_subdag_operator.section-2 to None, run_after=None
[2024-03-16T09:54:11.214+0000] {logging_mixin.py:188} INFO - [2024-03-16T09:54:11.214+0000] {dag.py:3047} INFO - Sync 2 DAGs
[2024-03-16T09:54:11.218+0000] {logging_mixin.py:188} INFO - [2024-03-16T09:54:11.217+0000] {dag.py:3834} INFO - Setting next_dagrun for example_subdag_operator.section-1 to None, run_after=None
[2024-03-16T09:54:11.218+0000] {logging_mixin.py:188} INFO - [2024-03-16T09:54:11.218+0000] {dag.py:3834} INFO - Setting next_dagrun for example_subdag_operator.section-2 to None, run_after=None
[2024-03-16T09:54:11.235+0000] {processor.py:183} INFO - Processing /usr/local/lib/python3.8/dist-packages/airflow/example_dags/example_subdag_operator.py took 0.204 seconds
[2024-03-16T09:55:18.039+0000] {processor.py:161} INFO - Started process (PID=817) to work on /usr/local/lib/python3.8/dist-packages/airflow/example_dags/example_subdag_operator.py
[2024-03-16T09:55:18.042+0000] {processor.py:830} INFO - Processing file /usr/local/lib/python3.8/dist-packages/airflow/example_dags/example_subdag_operator.py for tasks to queue
[2024-03-16T09:55:18.043+0000] {logging_mixin.py:188} INFO - [2024-03-16T09:55:18.042+0000] {dagbag.py:540} INFO - Filling up the DagBag from /usr/local/lib/python3.8/dist-packages/airflow/example_dags/example_subdag_operator.py
[2024-03-16T09:55:18.064+0000] {processor.py:840} INFO - DAG(s) 'example_subdag_operator.section-1', 'example_subdag_operator.section-2', 'example_subdag_operator' retrieved from /usr/local/lib/python3.8/dist-packages/airflow/example_dags/example_subdag_operator.py
[2024-03-16T09:55:18.081+0000] {logging_mixin.py:188} INFO - [2024-03-16T09:55:18.081+0000] {dag.py:3047} INFO - Sync 3 DAGs
[2024-03-16T09:55:18.103+0000] {logging_mixin.py:188} INFO - [2024-03-16T09:55:18.103+0000] {dag.py:3834} INFO - Setting next_dagrun for example_subdag_operator to 2022-01-01 00:00:00+00:00, run_after=2022-01-01 00:00:00+00:00
[2024-03-16T09:55:18.107+0000] {logging_mixin.py:188} INFO - [2024-03-16T09:55:18.107+0000] {dag.py:3834} INFO - Setting next_dagrun for example_subdag_operator.section-1 to None, run_after=None
[2024-03-16T09:55:18.108+0000] {logging_mixin.py:188} INFO - [2024-03-16T09:55:18.108+0000] {dag.py:3834} INFO - Setting next_dagrun for example_subdag_operator.section-2 to None, run_after=None
[2024-03-16T09:55:18.114+0000] {logging_mixin.py:188} INFO - [2024-03-16T09:55:18.114+0000] {dag.py:3047} INFO - Sync 2 DAGs
[2024-03-16T09:55:18.119+0000] {logging_mixin.py:188} INFO - [2024-03-16T09:55:18.119+0000] {dag.py:3834} INFO - Setting next_dagrun for example_subdag_operator.section-1 to None, run_after=None
[2024-03-16T09:55:18.119+0000] {logging_mixin.py:188} INFO - [2024-03-16T09:55:18.119+0000] {dag.py:3834} INFO - Setting next_dagrun for example_subdag_operator.section-2 to None, run_after=None
[2024-03-16T09:55:18.141+0000] {processor.py:183} INFO - Processing /usr/local/lib/python3.8/dist-packages/airflow/example_dags/example_subdag_operator.py took 0.105 seconds
[2024-03-16T09:56:14.606+0000] {processor.py:161} INFO - Started process (PID=921) to work on /usr/local/lib/python3.8/dist-packages/airflow/example_dags/example_subdag_operator.py
[2024-03-16T09:56:14.608+0000] {processor.py:830} INFO - Processing file /usr/local/lib/python3.8/dist-packages/airflow/example_dags/example_subdag_operator.py for tasks to queue
[2024-03-16T09:56:14.609+0000] {logging_mixin.py:188} INFO - [2024-03-16T09:56:14.608+0000] {dagbag.py:540} INFO - Filling up the DagBag from /usr/local/lib/python3.8/dist-packages/airflow/example_dags/example_subdag_operator.py
[2024-03-16T09:56:14.630+0000] {processor.py:840} INFO - DAG(s) 'example_subdag_operator.section-1', 'example_subdag_operator.section-2', 'example_subdag_operator' retrieved from /usr/local/lib/python3.8/dist-packages/airflow/example_dags/example_subdag_operator.py
[2024-03-16T09:56:14.647+0000] {logging_mixin.py:188} INFO - [2024-03-16T09:56:14.647+0000] {dag.py:3047} INFO - Sync 3 DAGs
[2024-03-16T09:56:14.669+0000] {logging_mixin.py:188} INFO - [2024-03-16T09:56:14.668+0000] {dag.py:3834} INFO - Setting next_dagrun for example_subdag_operator to 2022-01-01 00:00:00+00:00, run_after=2022-01-01 00:00:00+00:00
[2024-03-16T09:56:14.674+0000] {logging_mixin.py:188} INFO - [2024-03-16T09:56:14.673+0000] {dag.py:3834} INFO - Setting next_dagrun for example_subdag_operator.section-1 to None, run_after=None
[2024-03-16T09:56:14.675+0000] {logging_mixin.py:188} INFO - [2024-03-16T09:56:14.674+0000] {dag.py:3834} INFO - Setting next_dagrun for example_subdag_operator.section-2 to None, run_after=None
[2024-03-16T09:56:14.681+0000] {logging_mixin.py:188} INFO - [2024-03-16T09:56:14.681+0000] {dag.py:3047} INFO - Sync 2 DAGs
[2024-03-16T09:56:14.685+0000] {logging_mixin.py:188} INFO - [2024-03-16T09:56:14.685+0000] {dag.py:3834} INFO - Setting next_dagrun for example_subdag_operator.section-1 to None, run_after=None
[2024-03-16T09:56:14.686+0000] {logging_mixin.py:188} INFO - [2024-03-16T09:56:14.686+0000] {dag.py:3834} INFO - Setting next_dagrun for example_subdag_operator.section-2 to None, run_after=None
[2024-03-16T09:56:14.788+0000] {processor.py:183} INFO - Processing /usr/local/lib/python3.8/dist-packages/airflow/example_dags/example_subdag_operator.py took 0.186 seconds
[2024-03-16T09:57:42.060+0000] {processor.py:161} INFO - Started process (PID=1039) to work on /usr/local/lib/python3.8/dist-packages/airflow/example_dags/example_subdag_operator.py
[2024-03-16T09:57:42.062+0000] {processor.py:830} INFO - Processing file /usr/local/lib/python3.8/dist-packages/airflow/example_dags/example_subdag_operator.py for tasks to queue
[2024-03-16T09:57:42.063+0000] {logging_mixin.py:188} INFO - [2024-03-16T09:57:42.062+0000] {dagbag.py:540} INFO - Filling up the DagBag from /usr/local/lib/python3.8/dist-packages/airflow/example_dags/example_subdag_operator.py
[2024-03-16T09:57:42.084+0000] {processor.py:840} INFO - DAG(s) 'example_subdag_operator.section-1', 'example_subdag_operator.section-2', 'example_subdag_operator' retrieved from /usr/local/lib/python3.8/dist-packages/airflow/example_dags/example_subdag_operator.py
[2024-03-16T09:57:42.101+0000] {logging_mixin.py:188} INFO - [2024-03-16T09:57:42.101+0000] {dag.py:3047} INFO - Sync 3 DAGs
[2024-03-16T09:57:42.124+0000] {logging_mixin.py:188} INFO - [2024-03-16T09:57:42.123+0000] {dag.py:3834} INFO - Setting next_dagrun for example_subdag_operator to 2022-01-01 00:00:00+00:00, run_after=2022-01-01 00:00:00+00:00
[2024-03-16T09:57:42.127+0000] {logging_mixin.py:188} INFO - [2024-03-16T09:57:42.127+0000] {dag.py:3834} INFO - Setting next_dagrun for example_subdag_operator.section-1 to None, run_after=None
[2024-03-16T09:57:42.128+0000] {logging_mixin.py:188} INFO - [2024-03-16T09:57:42.128+0000] {dag.py:3834} INFO - Setting next_dagrun for example_subdag_operator.section-2 to None, run_after=None
[2024-03-16T09:57:42.135+0000] {logging_mixin.py:188} INFO - [2024-03-16T09:57:42.134+0000] {dag.py:3047} INFO - Sync 2 DAGs
[2024-03-16T09:57:42.139+0000] {logging_mixin.py:188} INFO - [2024-03-16T09:57:42.139+0000] {dag.py:3834} INFO - Setting next_dagrun for example_subdag_operator.section-1 to None, run_after=None
[2024-03-16T09:57:42.139+0000] {logging_mixin.py:188} INFO - [2024-03-16T09:57:42.139+0000] {dag.py:3834} INFO - Setting next_dagrun for example_subdag_operator.section-2 to None, run_after=None
[2024-03-16T09:57:42.161+0000] {processor.py:183} INFO - Processing /usr/local/lib/python3.8/dist-packages/airflow/example_dags/example_subdag_operator.py took 0.105 seconds
[2024-03-16T09:59:15.639+0000] {processor.py:161} INFO - Started process (PID=1215) to work on /usr/local/lib/python3.8/dist-packages/airflow/example_dags/example_subdag_operator.py
[2024-03-16T09:59:15.640+0000] {processor.py:830} INFO - Processing file /usr/local/lib/python3.8/dist-packages/airflow/example_dags/example_subdag_operator.py for tasks to queue
[2024-03-16T09:59:15.641+0000] {logging_mixin.py:188} INFO - [2024-03-16T09:59:15.641+0000] {dagbag.py:540} INFO - Filling up the DagBag from /usr/local/lib/python3.8/dist-packages/airflow/example_dags/example_subdag_operator.py
[2024-03-16T09:59:15.663+0000] {processor.py:840} INFO - DAG(s) 'example_subdag_operator.section-1', 'example_subdag_operator.section-2', 'example_subdag_operator' retrieved from /usr/local/lib/python3.8/dist-packages/airflow/example_dags/example_subdag_operator.py
[2024-03-16T09:59:15.680+0000] {logging_mixin.py:188} INFO - [2024-03-16T09:59:15.680+0000] {dag.py:3047} INFO - Sync 3 DAGs
[2024-03-16T09:59:15.702+0000] {logging_mixin.py:188} INFO - [2024-03-16T09:59:15.702+0000] {dag.py:3834} INFO - Setting next_dagrun for example_subdag_operator to 2022-01-01 00:00:00+00:00, run_after=2022-01-01 00:00:00+00:00
[2024-03-16T09:59:15.706+0000] {logging_mixin.py:188} INFO - [2024-03-16T09:59:15.705+0000] {dag.py:3834} INFO - Setting next_dagrun for example_subdag_operator.section-1 to None, run_after=None
[2024-03-16T09:59:15.707+0000] {logging_mixin.py:188} INFO - [2024-03-16T09:59:15.707+0000] {dag.py:3834} INFO - Setting next_dagrun for example_subdag_operator.section-2 to None, run_after=None
[2024-03-16T09:59:15.713+0000] {logging_mixin.py:188} INFO - [2024-03-16T09:59:15.713+0000] {dag.py:3047} INFO - Sync 2 DAGs
[2024-03-16T09:59:15.718+0000] {logging_mixin.py:188} INFO - [2024-03-16T09:59:15.717+0000] {dag.py:3834} INFO - Setting next_dagrun for example_subdag_operator.section-1 to None, run_after=None
[2024-03-16T09:59:15.718+0000] {logging_mixin.py:188} INFO - [2024-03-16T09:59:15.718+0000] {dag.py:3834} INFO - Setting next_dagrun for example_subdag_operator.section-2 to None, run_after=None
[2024-03-16T09:59:15.740+0000] {processor.py:183} INFO - Processing /usr/local/lib/python3.8/dist-packages/airflow/example_dags/example_subdag_operator.py took 0.105 seconds
[2024-03-16T10:03:10.456+0000] {processor.py:161} INFO - Started process (PID=1553) to work on /usr/local/lib/python3.8/dist-packages/airflow/example_dags/example_subdag_operator.py
[2024-03-16T10:03:10.458+0000] {processor.py:830} INFO - Processing file /usr/local/lib/python3.8/dist-packages/airflow/example_dags/example_subdag_operator.py for tasks to queue
[2024-03-16T10:03:10.458+0000] {logging_mixin.py:188} INFO - [2024-03-16T10:03:10.458+0000] {dagbag.py:540} INFO - Filling up the DagBag from /usr/local/lib/python3.8/dist-packages/airflow/example_dags/example_subdag_operator.py
[2024-03-16T10:03:10.474+0000] {processor.py:840} INFO - DAG(s) 'example_subdag_operator.section-1', 'example_subdag_operator.section-2', 'example_subdag_operator' retrieved from /usr/local/lib/python3.8/dist-packages/airflow/example_dags/example_subdag_operator.py
[2024-03-16T10:03:10.491+0000] {logging_mixin.py:188} INFO - [2024-03-16T10:03:10.491+0000] {dag.py:3047} INFO - Sync 3 DAGs
[2024-03-16T10:03:10.586+0000] {logging_mixin.py:188} INFO - [2024-03-16T10:03:10.586+0000] {dag.py:3834} INFO - Setting next_dagrun for example_subdag_operator to 2022-01-01 00:00:00+00:00, run_after=2022-01-01 00:00:00+00:00
[2024-03-16T10:03:10.588+0000] {logging_mixin.py:188} INFO - [2024-03-16T10:03:10.588+0000] {dag.py:3834} INFO - Setting next_dagrun for example_subdag_operator.section-1 to None, run_after=None
[2024-03-16T10:03:10.589+0000] {logging_mixin.py:188} INFO - [2024-03-16T10:03:10.589+0000] {dag.py:3834} INFO - Setting next_dagrun for example_subdag_operator.section-2 to None, run_after=None
[2024-03-16T10:03:10.593+0000] {logging_mixin.py:188} INFO - [2024-03-16T10:03:10.593+0000] {dag.py:3047} INFO - Sync 2 DAGs
[2024-03-16T10:03:10.596+0000] {logging_mixin.py:188} INFO - [2024-03-16T10:03:10.596+0000] {dag.py:3834} INFO - Setting next_dagrun for example_subdag_operator.section-1 to None, run_after=None
[2024-03-16T10:03:10.597+0000] {logging_mixin.py:188} INFO - [2024-03-16T10:03:10.597+0000] {dag.py:3834} INFO - Setting next_dagrun for example_subdag_operator.section-2 to None, run_after=None
[2024-03-16T10:03:10.615+0000] {processor.py:183} INFO - Processing /usr/local/lib/python3.8/dist-packages/airflow/example_dags/example_subdag_operator.py took 0.162 seconds
[2024-03-16T10:05:16.473+0000] {processor.py:161} INFO - Started process (PID=1788) to work on /usr/local/lib/python3.8/dist-packages/airflow/example_dags/example_subdag_operator.py
[2024-03-16T10:05:16.475+0000] {processor.py:830} INFO - Processing file /usr/local/lib/python3.8/dist-packages/airflow/example_dags/example_subdag_operator.py for tasks to queue
[2024-03-16T10:05:16.475+0000] {logging_mixin.py:188} INFO - [2024-03-16T10:05:16.475+0000] {dagbag.py:540} INFO - Filling up the DagBag from /usr/local/lib/python3.8/dist-packages/airflow/example_dags/example_subdag_operator.py
[2024-03-16T10:05:16.492+0000] {processor.py:840} INFO - DAG(s) 'example_subdag_operator.section-1', 'example_subdag_operator.section-2', 'example_subdag_operator' retrieved from /usr/local/lib/python3.8/dist-packages/airflow/example_dags/example_subdag_operator.py
[2024-03-16T10:05:16.505+0000] {logging_mixin.py:188} INFO - [2024-03-16T10:05:16.505+0000] {dag.py:3047} INFO - Sync 3 DAGs
[2024-03-16T10:05:16.521+0000] {logging_mixin.py:188} INFO - [2024-03-16T10:05:16.521+0000] {dag.py:3834} INFO - Setting next_dagrun for example_subdag_operator to 2022-01-01 00:00:00+00:00, run_after=2022-01-01 00:00:00+00:00
[2024-03-16T10:05:16.524+0000] {logging_mixin.py:188} INFO - [2024-03-16T10:05:16.524+0000] {dag.py:3834} INFO - Setting next_dagrun for example_subdag_operator.section-1 to None, run_after=None
[2024-03-16T10:05:16.525+0000] {logging_mixin.py:188} INFO - [2024-03-16T10:05:16.525+0000] {dag.py:3834} INFO - Setting next_dagrun for example_subdag_operator.section-2 to None, run_after=None
[2024-03-16T10:05:16.530+0000] {logging_mixin.py:188} INFO - [2024-03-16T10:05:16.529+0000] {dag.py:3047} INFO - Sync 2 DAGs
[2024-03-16T10:05:16.533+0000] {logging_mixin.py:188} INFO - [2024-03-16T10:05:16.533+0000] {dag.py:3834} INFO - Setting next_dagrun for example_subdag_operator.section-1 to None, run_after=None
[2024-03-16T10:05:16.533+0000] {logging_mixin.py:188} INFO - [2024-03-16T10:05:16.533+0000] {dag.py:3834} INFO - Setting next_dagrun for example_subdag_operator.section-2 to None, run_after=None
[2024-03-16T10:05:16.551+0000] {processor.py:183} INFO - Processing /usr/local/lib/python3.8/dist-packages/airflow/example_dags/example_subdag_operator.py took 0.082 seconds
[2024-03-16T10:06:04.087+0000] {processor.py:161} INFO - Started process (PID=1840) to work on /usr/local/lib/python3.8/dist-packages/airflow/example_dags/example_subdag_operator.py
[2024-03-16T10:06:04.089+0000] {processor.py:830} INFO - Processing file /usr/local/lib/python3.8/dist-packages/airflow/example_dags/example_subdag_operator.py for tasks to queue
[2024-03-16T10:06:04.090+0000] {logging_mixin.py:188} INFO - [2024-03-16T10:06:04.089+0000] {dagbag.py:540} INFO - Filling up the DagBag from /usr/local/lib/python3.8/dist-packages/airflow/example_dags/example_subdag_operator.py
[2024-03-16T10:06:04.111+0000] {processor.py:840} INFO - DAG(s) 'example_subdag_operator.section-1', 'example_subdag_operator.section-2', 'example_subdag_operator' retrieved from /usr/local/lib/python3.8/dist-packages/airflow/example_dags/example_subdag_operator.py
[2024-03-16T10:06:04.127+0000] {logging_mixin.py:188} INFO - [2024-03-16T10:06:04.127+0000] {dag.py:3047} INFO - Sync 3 DAGs
[2024-03-16T10:06:04.144+0000] {logging_mixin.py:188} INFO - [2024-03-16T10:06:04.143+0000] {dag.py:3834} INFO - Setting next_dagrun for example_subdag_operator to 2022-01-01 00:00:00+00:00, run_after=2022-01-01 00:00:00+00:00
[2024-03-16T10:06:04.146+0000] {logging_mixin.py:188} INFO - [2024-03-16T10:06:04.146+0000] {dag.py:3834} INFO - Setting next_dagrun for example_subdag_operator.section-1 to None, run_after=None
[2024-03-16T10:06:04.147+0000] {logging_mixin.py:188} INFO - [2024-03-16T10:06:04.147+0000] {dag.py:3834} INFO - Setting next_dagrun for example_subdag_operator.section-2 to None, run_after=None
[2024-03-16T10:06:04.153+0000] {logging_mixin.py:188} INFO - [2024-03-16T10:06:04.152+0000] {dag.py:3047} INFO - Sync 2 DAGs
[2024-03-16T10:06:04.156+0000] {logging_mixin.py:188} INFO - [2024-03-16T10:06:04.156+0000] {dag.py:3834} INFO - Setting next_dagrun for example_subdag_operator.section-1 to None, run_after=None
[2024-03-16T10:06:04.156+0000] {logging_mixin.py:188} INFO - [2024-03-16T10:06:04.156+0000] {dag.py:3834} INFO - Setting next_dagrun for example_subdag_operator.section-2 to None, run_after=None
[2024-03-16T10:06:04.176+0000] {processor.py:183} INFO - Processing /usr/local/lib/python3.8/dist-packages/airflow/example_dags/example_subdag_operator.py took 0.092 seconds
[2024-03-16T10:07:05.759+0000] {processor.py:161} INFO - Started process (PID=1945) to work on /usr/local/lib/python3.8/dist-packages/airflow/example_dags/example_subdag_operator.py
[2024-03-16T10:07:05.762+0000] {processor.py:830} INFO - Processing file /usr/local/lib/python3.8/dist-packages/airflow/example_dags/example_subdag_operator.py for tasks to queue
[2024-03-16T10:07:05.763+0000] {logging_mixin.py:188} INFO - [2024-03-16T10:07:05.762+0000] {dagbag.py:540} INFO - Filling up the DagBag from /usr/local/lib/python3.8/dist-packages/airflow/example_dags/example_subdag_operator.py
[2024-03-16T10:07:05.784+0000] {processor.py:840} INFO - DAG(s) 'example_subdag_operator.section-1', 'example_subdag_operator.section-2', 'example_subdag_operator' retrieved from /usr/local/lib/python3.8/dist-packages/airflow/example_dags/example_subdag_operator.py
[2024-03-16T10:07:05.801+0000] {logging_mixin.py:188} INFO - [2024-03-16T10:07:05.800+0000] {dag.py:3047} INFO - Sync 3 DAGs
[2024-03-16T10:07:05.821+0000] {logging_mixin.py:188} INFO - [2024-03-16T10:07:05.821+0000] {dag.py:3834} INFO - Setting next_dagrun for example_subdag_operator to 2022-01-01 00:00:00+00:00, run_after=2022-01-01 00:00:00+00:00
[2024-03-16T10:07:05.825+0000] {logging_mixin.py:188} INFO - [2024-03-16T10:07:05.825+0000] {dag.py:3834} INFO - Setting next_dagrun for example_subdag_operator.section-1 to None, run_after=None
[2024-03-16T10:07:05.826+0000] {logging_mixin.py:188} INFO - [2024-03-16T10:07:05.826+0000] {dag.py:3834} INFO - Setting next_dagrun for example_subdag_operator.section-2 to None, run_after=None
[2024-03-16T10:07:05.833+0000] {logging_mixin.py:188} INFO - [2024-03-16T10:07:05.832+0000] {dag.py:3047} INFO - Sync 2 DAGs
[2024-03-16T10:07:05.837+0000] {logging_mixin.py:188} INFO - [2024-03-16T10:07:05.837+0000] {dag.py:3834} INFO - Setting next_dagrun for example_subdag_operator.section-1 to None, run_after=None
[2024-03-16T10:07:05.837+0000] {logging_mixin.py:188} INFO - [2024-03-16T10:07:05.837+0000] {dag.py:3834} INFO - Setting next_dagrun for example_subdag_operator.section-2 to None, run_after=None
[2024-03-16T10:07:05.860+0000] {processor.py:183} INFO - Processing /usr/local/lib/python3.8/dist-packages/airflow/example_dags/example_subdag_operator.py took 0.104 seconds
[2024-03-16T10:08:06.708+0000] {processor.py:161} INFO - Started process (PID=2048) to work on /usr/local/lib/python3.8/dist-packages/airflow/example_dags/example_subdag_operator.py
[2024-03-16T10:08:06.709+0000] {processor.py:830} INFO - Processing file /usr/local/lib/python3.8/dist-packages/airflow/example_dags/example_subdag_operator.py for tasks to queue
[2024-03-16T10:08:06.710+0000] {logging_mixin.py:188} INFO - [2024-03-16T10:08:06.710+0000] {dagbag.py:540} INFO - Filling up the DagBag from /usr/local/lib/python3.8/dist-packages/airflow/example_dags/example_subdag_operator.py
[2024-03-16T10:08:06.732+0000] {processor.py:840} INFO - DAG(s) 'example_subdag_operator.section-1', 'example_subdag_operator.section-2', 'example_subdag_operator' retrieved from /usr/local/lib/python3.8/dist-packages/airflow/example_dags/example_subdag_operator.py
[2024-03-16T10:08:06.749+0000] {logging_mixin.py:188} INFO - [2024-03-16T10:08:06.748+0000] {dag.py:3047} INFO - Sync 3 DAGs
[2024-03-16T10:08:06.769+0000] {logging_mixin.py:188} INFO - [2024-03-16T10:08:06.769+0000] {dag.py:3834} INFO - Setting next_dagrun for example_subdag_operator to 2022-01-01 00:00:00+00:00, run_after=2022-01-01 00:00:00+00:00
[2024-03-16T10:08:06.773+0000] {logging_mixin.py:188} INFO - [2024-03-16T10:08:06.773+0000] {dag.py:3834} INFO - Setting next_dagrun for example_subdag_operator.section-1 to None, run_after=None
[2024-03-16T10:08:06.774+0000] {logging_mixin.py:188} INFO - [2024-03-16T10:08:06.774+0000] {dag.py:3834} INFO - Setting next_dagrun for example_subdag_operator.section-2 to None, run_after=None
[2024-03-16T10:08:06.781+0000] {logging_mixin.py:188} INFO - [2024-03-16T10:08:06.781+0000] {dag.py:3047} INFO - Sync 2 DAGs
[2024-03-16T10:08:06.785+0000] {logging_mixin.py:188} INFO - [2024-03-16T10:08:06.785+0000] {dag.py:3834} INFO - Setting next_dagrun for example_subdag_operator.section-1 to None, run_after=None
[2024-03-16T10:08:06.785+0000] {logging_mixin.py:188} INFO - [2024-03-16T10:08:06.785+0000] {dag.py:3834} INFO - Setting next_dagrun for example_subdag_operator.section-2 to None, run_after=None
[2024-03-16T10:08:06.808+0000] {processor.py:183} INFO - Processing /usr/local/lib/python3.8/dist-packages/airflow/example_dags/example_subdag_operator.py took 0.104 seconds
[2024-03-16T10:09:09.434+0000] {processor.py:161} INFO - Started process (PID=2154) to work on /usr/local/lib/python3.8/dist-packages/airflow/example_dags/example_subdag_operator.py
[2024-03-16T10:09:09.436+0000] {processor.py:830} INFO - Processing file /usr/local/lib/python3.8/dist-packages/airflow/example_dags/example_subdag_operator.py for tasks to queue
[2024-03-16T10:09:09.437+0000] {logging_mixin.py:188} INFO - [2024-03-16T10:09:09.437+0000] {dagbag.py:540} INFO - Filling up the DagBag from /usr/local/lib/python3.8/dist-packages/airflow/example_dags/example_subdag_operator.py
[2024-03-16T10:09:09.458+0000] {processor.py:840} INFO - DAG(s) 'example_subdag_operator.section-1', 'example_subdag_operator.section-2', 'example_subdag_operator' retrieved from /usr/local/lib/python3.8/dist-packages/airflow/example_dags/example_subdag_operator.py
[2024-03-16T10:09:09.475+0000] {logging_mixin.py:188} INFO - [2024-03-16T10:09:09.475+0000] {dag.py:3047} INFO - Sync 3 DAGs
[2024-03-16T10:09:09.495+0000] {logging_mixin.py:188} INFO - [2024-03-16T10:09:09.495+0000] {dag.py:3834} INFO - Setting next_dagrun for example_subdag_operator to 2022-01-01 00:00:00+00:00, run_after=2022-01-01 00:00:00+00:00
[2024-03-16T10:09:09.499+0000] {logging_mixin.py:188} INFO - [2024-03-16T10:09:09.499+0000] {dag.py:3834} INFO - Setting next_dagrun for example_subdag_operator.section-1 to None, run_after=None
[2024-03-16T10:09:09.500+0000] {logging_mixin.py:188} INFO - [2024-03-16T10:09:09.500+0000] {dag.py:3834} INFO - Setting next_dagrun for example_subdag_operator.section-2 to None, run_after=None
[2024-03-16T10:09:09.506+0000] {logging_mixin.py:188} INFO - [2024-03-16T10:09:09.506+0000] {dag.py:3047} INFO - Sync 2 DAGs
[2024-03-16T10:09:09.511+0000] {logging_mixin.py:188} INFO - [2024-03-16T10:09:09.511+0000] {dag.py:3834} INFO - Setting next_dagrun for example_subdag_operator.section-1 to None, run_after=None
[2024-03-16T10:09:09.511+0000] {logging_mixin.py:188} INFO - [2024-03-16T10:09:09.511+0000] {dag.py:3834} INFO - Setting next_dagrun for example_subdag_operator.section-2 to None, run_after=None
[2024-03-16T10:09:09.533+0000] {processor.py:183} INFO - Processing /usr/local/lib/python3.8/dist-packages/airflow/example_dags/example_subdag_operator.py took 0.102 seconds
[2024-03-16T10:10:11.974+0000] {processor.py:161} INFO - Started process (PID=2258) to work on /usr/local/lib/python3.8/dist-packages/airflow/example_dags/example_subdag_operator.py
[2024-03-16T10:10:11.976+0000] {processor.py:830} INFO - Processing file /usr/local/lib/python3.8/dist-packages/airflow/example_dags/example_subdag_operator.py for tasks to queue
[2024-03-16T10:10:11.977+0000] {logging_mixin.py:188} INFO - [2024-03-16T10:10:11.977+0000] {dagbag.py:540} INFO - Filling up the DagBag from /usr/local/lib/python3.8/dist-packages/airflow/example_dags/example_subdag_operator.py
[2024-03-16T10:10:11.998+0000] {processor.py:840} INFO - DAG(s) 'example_subdag_operator.section-1', 'example_subdag_operator.section-2', 'example_subdag_operator' retrieved from /usr/local/lib/python3.8/dist-packages/airflow/example_dags/example_subdag_operator.py
[2024-03-16T10:10:12.015+0000] {logging_mixin.py:188} INFO - [2024-03-16T10:10:12.015+0000] {dag.py:3047} INFO - Sync 3 DAGs
[2024-03-16T10:10:12.037+0000] {logging_mixin.py:188} INFO - [2024-03-16T10:10:12.036+0000] {dag.py:3834} INFO - Setting next_dagrun for example_subdag_operator to 2022-01-01 00:00:00+00:00, run_after=2022-01-01 00:00:00+00:00
[2024-03-16T10:10:12.041+0000] {logging_mixin.py:188} INFO - [2024-03-16T10:10:12.040+0000] {dag.py:3834} INFO - Setting next_dagrun for example_subdag_operator.section-1 to None, run_after=None
[2024-03-16T10:10:12.042+0000] {logging_mixin.py:188} INFO - [2024-03-16T10:10:12.042+0000] {dag.py:3834} INFO - Setting next_dagrun for example_subdag_operator.section-2 to None, run_after=None
[2024-03-16T10:10:12.048+0000] {logging_mixin.py:188} INFO - [2024-03-16T10:10:12.048+0000] {dag.py:3047} INFO - Sync 2 DAGs
[2024-03-16T10:10:12.052+0000] {logging_mixin.py:188} INFO - [2024-03-16T10:10:12.052+0000] {dag.py:3834} INFO - Setting next_dagrun for example_subdag_operator.section-1 to None, run_after=None
[2024-03-16T10:10:12.053+0000] {logging_mixin.py:188} INFO - [2024-03-16T10:10:12.053+0000] {dag.py:3834} INFO - Setting next_dagrun for example_subdag_operator.section-2 to None, run_after=None
[2024-03-16T10:10:12.165+0000] {processor.py:183} INFO - Processing /usr/local/lib/python3.8/dist-packages/airflow/example_dags/example_subdag_operator.py took 0.194 seconds
[2024-03-16T10:11:53.315+0000] {processor.py:161} INFO - Started process (PID=2430) to work on /usr/local/lib/python3.8/dist-packages/airflow/example_dags/example_subdag_operator.py
[2024-03-16T10:11:53.317+0000] {processor.py:830} INFO - Processing file /usr/local/lib/python3.8/dist-packages/airflow/example_dags/example_subdag_operator.py for tasks to queue
[2024-03-16T10:11:53.318+0000] {logging_mixin.py:188} INFO - [2024-03-16T10:11:53.318+0000] {dagbag.py:540} INFO - Filling up the DagBag from /usr/local/lib/python3.8/dist-packages/airflow/example_dags/example_subdag_operator.py
[2024-03-16T10:11:53.340+0000] {processor.py:840} INFO - DAG(s) 'example_subdag_operator.section-1', 'example_subdag_operator.section-2', 'example_subdag_operator' retrieved from /usr/local/lib/python3.8/dist-packages/airflow/example_dags/example_subdag_operator.py
[2024-03-16T10:11:53.356+0000] {logging_mixin.py:188} INFO - [2024-03-16T10:11:53.356+0000] {dag.py:3047} INFO - Sync 3 DAGs
[2024-03-16T10:11:53.377+0000] {logging_mixin.py:188} INFO - [2024-03-16T10:11:53.377+0000] {dag.py:3834} INFO - Setting next_dagrun for example_subdag_operator to 2022-01-01 00:00:00+00:00, run_after=2022-01-01 00:00:00+00:00
[2024-03-16T10:11:53.381+0000] {logging_mixin.py:188} INFO - [2024-03-16T10:11:53.380+0000] {dag.py:3834} INFO - Setting next_dagrun for example_subdag_operator.section-1 to None, run_after=None
[2024-03-16T10:11:53.382+0000] {logging_mixin.py:188} INFO - [2024-03-16T10:11:53.382+0000] {dag.py:3834} INFO - Setting next_dagrun for example_subdag_operator.section-2 to None, run_after=None
[2024-03-16T10:11:53.388+0000] {logging_mixin.py:188} INFO - [2024-03-16T10:11:53.388+0000] {dag.py:3047} INFO - Sync 2 DAGs
[2024-03-16T10:11:53.392+0000] {logging_mixin.py:188} INFO - [2024-03-16T10:11:53.392+0000] {dag.py:3834} INFO - Setting next_dagrun for example_subdag_operator.section-1 to None, run_after=None
[2024-03-16T10:11:53.393+0000] {logging_mixin.py:188} INFO - [2024-03-16T10:11:53.393+0000] {dag.py:3834} INFO - Setting next_dagrun for example_subdag_operator.section-2 to None, run_after=None
[2024-03-16T10:11:53.415+0000] {processor.py:183} INFO - Processing /usr/local/lib/python3.8/dist-packages/airflow/example_dags/example_subdag_operator.py took 0.103 seconds
[2024-03-16T10:12:53.831+0000] {processor.py:161} INFO - Started process (PID=2536) to work on /usr/local/lib/python3.8/dist-packages/airflow/example_dags/example_subdag_operator.py
[2024-03-16T10:12:53.833+0000] {processor.py:830} INFO - Processing file /usr/local/lib/python3.8/dist-packages/airflow/example_dags/example_subdag_operator.py for tasks to queue
[2024-03-16T10:12:53.834+0000] {logging_mixin.py:188} INFO - [2024-03-16T10:12:53.833+0000] {dagbag.py:540} INFO - Filling up the DagBag from /usr/local/lib/python3.8/dist-packages/airflow/example_dags/example_subdag_operator.py
[2024-03-16T10:12:53.855+0000] {processor.py:840} INFO - DAG(s) 'example_subdag_operator.section-1', 'example_subdag_operator.section-2', 'example_subdag_operator' retrieved from /usr/local/lib/python3.8/dist-packages/airflow/example_dags/example_subdag_operator.py
[2024-03-16T10:12:53.872+0000] {logging_mixin.py:188} INFO - [2024-03-16T10:12:53.872+0000] {dag.py:3047} INFO - Sync 3 DAGs
[2024-03-16T10:12:53.893+0000] {logging_mixin.py:188} INFO - [2024-03-16T10:12:53.893+0000] {dag.py:3834} INFO - Setting next_dagrun for example_subdag_operator to 2022-01-01 00:00:00+00:00, run_after=2022-01-01 00:00:00+00:00
[2024-03-16T10:12:53.897+0000] {logging_mixin.py:188} INFO - [2024-03-16T10:12:53.896+0000] {dag.py:3834} INFO - Setting next_dagrun for example_subdag_operator.section-1 to None, run_after=None
[2024-03-16T10:12:53.898+0000] {logging_mixin.py:188} INFO - [2024-03-16T10:12:53.897+0000] {dag.py:3834} INFO - Setting next_dagrun for example_subdag_operator.section-2 to None, run_after=None
[2024-03-16T10:12:53.904+0000] {logging_mixin.py:188} INFO - [2024-03-16T10:12:53.903+0000] {dag.py:3047} INFO - Sync 2 DAGs
[2024-03-16T10:12:53.908+0000] {logging_mixin.py:188} INFO - [2024-03-16T10:12:53.908+0000] {dag.py:3834} INFO - Setting next_dagrun for example_subdag_operator.section-1 to None, run_after=None
[2024-03-16T10:12:53.909+0000] {logging_mixin.py:188} INFO - [2024-03-16T10:12:53.908+0000] {dag.py:3834} INFO - Setting next_dagrun for example_subdag_operator.section-2 to None, run_after=None
[2024-03-16T10:12:53.932+0000] {processor.py:183} INFO - Processing /usr/local/lib/python3.8/dist-packages/airflow/example_dags/example_subdag_operator.py took 0.104 seconds
[2024-03-16T10:14:37.930+0000] {processor.py:161} INFO - Started process (PID=2719) to work on /usr/local/lib/python3.8/dist-packages/airflow/example_dags/example_subdag_operator.py
[2024-03-16T10:14:37.932+0000] {processor.py:830} INFO - Processing file /usr/local/lib/python3.8/dist-packages/airflow/example_dags/example_subdag_operator.py for tasks to queue
[2024-03-16T10:14:37.933+0000] {logging_mixin.py:188} INFO - [2024-03-16T10:14:37.933+0000] {dagbag.py:540} INFO - Filling up the DagBag from /usr/local/lib/python3.8/dist-packages/airflow/example_dags/example_subdag_operator.py
[2024-03-16T10:14:37.955+0000] {processor.py:840} INFO - DAG(s) 'example_subdag_operator.section-1', 'example_subdag_operator.section-2', 'example_subdag_operator' retrieved from /usr/local/lib/python3.8/dist-packages/airflow/example_dags/example_subdag_operator.py
[2024-03-16T10:14:37.971+0000] {logging_mixin.py:188} INFO - [2024-03-16T10:14:37.971+0000] {dag.py:3047} INFO - Sync 3 DAGs
[2024-03-16T10:14:37.992+0000] {logging_mixin.py:188} INFO - [2024-03-16T10:14:37.992+0000] {dag.py:3834} INFO - Setting next_dagrun for example_subdag_operator to 2022-01-01 00:00:00+00:00, run_after=2022-01-01 00:00:00+00:00
[2024-03-16T10:14:37.996+0000] {logging_mixin.py:188} INFO - [2024-03-16T10:14:37.996+0000] {dag.py:3834} INFO - Setting next_dagrun for example_subdag_operator.section-1 to None, run_after=None
[2024-03-16T10:14:37.997+0000] {logging_mixin.py:188} INFO - [2024-03-16T10:14:37.997+0000] {dag.py:3834} INFO - Setting next_dagrun for example_subdag_operator.section-2 to None, run_after=None
[2024-03-16T10:14:38.002+0000] {logging_mixin.py:188} INFO - [2024-03-16T10:14:38.002+0000] {dag.py:3047} INFO - Sync 2 DAGs
[2024-03-16T10:14:38.006+0000] {logging_mixin.py:188} INFO - [2024-03-16T10:14:38.005+0000] {dag.py:3834} INFO - Setting next_dagrun for example_subdag_operator.section-1 to None, run_after=None
[2024-03-16T10:14:38.006+0000] {logging_mixin.py:188} INFO - [2024-03-16T10:14:38.006+0000] {dag.py:3834} INFO - Setting next_dagrun for example_subdag_operator.section-2 to None, run_after=None
[2024-03-16T10:14:38.025+0000] {processor.py:183} INFO - Processing /usr/local/lib/python3.8/dist-packages/airflow/example_dags/example_subdag_operator.py took 0.098 seconds
[2024-03-16T10:15:42.787+0000] {processor.py:161} INFO - Started process (PID=3029) to work on /usr/local/lib/python3.8/dist-packages/airflow/example_dags/example_subdag_operator.py
[2024-03-16T10:15:42.789+0000] {processor.py:830} INFO - Processing file /usr/local/lib/python3.8/dist-packages/airflow/example_dags/example_subdag_operator.py for tasks to queue
[2024-03-16T10:15:42.790+0000] {logging_mixin.py:188} INFO - [2024-03-16T10:15:42.789+0000] {dagbag.py:540} INFO - Filling up the DagBag from /usr/local/lib/python3.8/dist-packages/airflow/example_dags/example_subdag_operator.py
[2024-03-16T10:15:42.811+0000] {processor.py:840} INFO - DAG(s) 'example_subdag_operator.section-1', 'example_subdag_operator.section-2', 'example_subdag_operator' retrieved from /usr/local/lib/python3.8/dist-packages/airflow/example_dags/example_subdag_operator.py
[2024-03-16T10:15:42.828+0000] {logging_mixin.py:188} INFO - [2024-03-16T10:15:42.828+0000] {dag.py:3047} INFO - Sync 3 DAGs
[2024-03-16T10:15:42.849+0000] {logging_mixin.py:188} INFO - [2024-03-16T10:15:42.848+0000] {dag.py:3834} INFO - Setting next_dagrun for example_subdag_operator to 2022-01-01 00:00:00+00:00, run_after=2022-01-01 00:00:00+00:00
[2024-03-16T10:15:42.853+0000] {logging_mixin.py:188} INFO - [2024-03-16T10:15:42.852+0000] {dag.py:3834} INFO - Setting next_dagrun for example_subdag_operator.section-1 to None, run_after=None
[2024-03-16T10:15:42.854+0000] {logging_mixin.py:188} INFO - [2024-03-16T10:15:42.853+0000] {dag.py:3834} INFO - Setting next_dagrun for example_subdag_operator.section-2 to None, run_after=None
[2024-03-16T10:15:42.860+0000] {logging_mixin.py:188} INFO - [2024-03-16T10:15:42.859+0000] {dag.py:3047} INFO - Sync 2 DAGs
[2024-03-16T10:15:42.864+0000] {logging_mixin.py:188} INFO - [2024-03-16T10:15:42.864+0000] {dag.py:3834} INFO - Setting next_dagrun for example_subdag_operator.section-1 to None, run_after=None
[2024-03-16T10:15:42.865+0000] {logging_mixin.py:188} INFO - [2024-03-16T10:15:42.865+0000] {dag.py:3834} INFO - Setting next_dagrun for example_subdag_operator.section-2 to None, run_after=None
[2024-03-16T10:15:42.887+0000] {processor.py:183} INFO - Processing /usr/local/lib/python3.8/dist-packages/airflow/example_dags/example_subdag_operator.py took 0.104 seconds
[2024-03-16T10:16:46.275+0000] {processor.py:161} INFO - Started process (PID=3135) to work on /usr/local/lib/python3.8/dist-packages/airflow/example_dags/example_subdag_operator.py
[2024-03-16T10:16:46.277+0000] {processor.py:830} INFO - Processing file /usr/local/lib/python3.8/dist-packages/airflow/example_dags/example_subdag_operator.py for tasks to queue
[2024-03-16T10:16:46.278+0000] {logging_mixin.py:188} INFO - [2024-03-16T10:16:46.277+0000] {dagbag.py:540} INFO - Filling up the DagBag from /usr/local/lib/python3.8/dist-packages/airflow/example_dags/example_subdag_operator.py
[2024-03-16T10:16:46.299+0000] {processor.py:840} INFO - DAG(s) 'example_subdag_operator.section-1', 'example_subdag_operator.section-2', 'example_subdag_operator' retrieved from /usr/local/lib/python3.8/dist-packages/airflow/example_dags/example_subdag_operator.py
[2024-03-16T10:16:46.316+0000] {logging_mixin.py:188} INFO - [2024-03-16T10:16:46.316+0000] {dag.py:3047} INFO - Sync 3 DAGs
[2024-03-16T10:16:46.337+0000] {logging_mixin.py:188} INFO - [2024-03-16T10:16:46.336+0000] {dag.py:3834} INFO - Setting next_dagrun for example_subdag_operator to 2022-01-01 00:00:00+00:00, run_after=2022-01-01 00:00:00+00:00
[2024-03-16T10:16:46.340+0000] {logging_mixin.py:188} INFO - [2024-03-16T10:16:46.340+0000] {dag.py:3834} INFO - Setting next_dagrun for example_subdag_operator.section-1 to None, run_after=None
[2024-03-16T10:16:46.341+0000] {logging_mixin.py:188} INFO - [2024-03-16T10:16:46.341+0000] {dag.py:3834} INFO - Setting next_dagrun for example_subdag_operator.section-2 to None, run_after=None
[2024-03-16T10:16:46.348+0000] {logging_mixin.py:188} INFO - [2024-03-16T10:16:46.347+0000] {dag.py:3047} INFO - Sync 2 DAGs
[2024-03-16T10:16:46.352+0000] {logging_mixin.py:188} INFO - [2024-03-16T10:16:46.352+0000] {dag.py:3834} INFO - Setting next_dagrun for example_subdag_operator.section-1 to None, run_after=None
[2024-03-16T10:16:46.352+0000] {logging_mixin.py:188} INFO - [2024-03-16T10:16:46.352+0000] {dag.py:3834} INFO - Setting next_dagrun for example_subdag_operator.section-2 to None, run_after=None
[2024-03-16T10:16:46.388+0000] {processor.py:183} INFO - Processing /usr/local/lib/python3.8/dist-packages/airflow/example_dags/example_subdag_operator.py took 0.117 seconds
