[2024-03-16T09:54:12.718+0000] {processor.py:161} INFO - Started process (PID=701) to work on /usr/local/lib/python3.8/dist-packages/airflow/example_dags/example_xcom.py
[2024-03-16T09:54:12.719+0000] {processor.py:830} INFO - Processing file /usr/local/lib/python3.8/dist-packages/airflow/example_dags/example_xcom.py for tasks to queue
[2024-03-16T09:54:12.720+0000] {logging_mixin.py:188} INFO - [2024-03-16T09:54:12.719+0000] {dagbag.py:540} INFO - Filling up the DagBag from /usr/local/lib/python3.8/dist-packages/airflow/example_dags/example_xcom.py
[2024-03-16T09:54:12.728+0000] {processor.py:840} INFO - DAG(s) 'example_xcom' retrieved from /usr/local/lib/python3.8/dist-packages/airflow/example_dags/example_xcom.py
[2024-03-16T09:54:12.752+0000] {logging_mixin.py:188} INFO - [2024-03-16T09:54:12.752+0000] {dag.py:3047} INFO - Sync 1 DAGs
[2024-03-16T09:54:12.873+0000] {logging_mixin.py:188} INFO - [2024-03-16T09:54:12.872+0000] {dag.py:3834} INFO - Setting next_dagrun for example_xcom to 2021-01-01 00:00:00+00:00, run_after=2021-01-01 00:00:00+00:00
[2024-03-16T09:54:12.897+0000] {processor.py:183} INFO - Processing /usr/local/lib/python3.8/dist-packages/airflow/example_dags/example_xcom.py took 0.182 seconds
[2024-03-16T09:55:20.491+0000] {processor.py:161} INFO - Started process (PID=819) to work on /usr/local/lib/python3.8/dist-packages/airflow/example_dags/example_xcom.py
[2024-03-16T09:55:20.494+0000] {processor.py:830} INFO - Processing file /usr/local/lib/python3.8/dist-packages/airflow/example_dags/example_xcom.py for tasks to queue
[2024-03-16T09:55:20.495+0000] {logging_mixin.py:188} INFO - [2024-03-16T09:55:20.494+0000] {dagbag.py:540} INFO - Filling up the DagBag from /usr/local/lib/python3.8/dist-packages/airflow/example_dags/example_xcom.py
[2024-03-16T09:55:20.503+0000] {processor.py:840} INFO - DAG(s) 'example_xcom' retrieved from /usr/local/lib/python3.8/dist-packages/airflow/example_dags/example_xcom.py
[2024-03-16T09:55:20.521+0000] {logging_mixin.py:188} INFO - [2024-03-16T09:55:20.521+0000] {dag.py:3047} INFO - Sync 1 DAGs
[2024-03-16T09:55:20.543+0000] {logging_mixin.py:188} INFO - [2024-03-16T09:55:20.543+0000] {dag.py:3834} INFO - Setting next_dagrun for example_xcom to 2021-01-01 00:00:00+00:00, run_after=2021-01-01 00:00:00+00:00
[2024-03-16T09:55:20.574+0000] {processor.py:183} INFO - Processing /usr/local/lib/python3.8/dist-packages/airflow/example_dags/example_xcom.py took 0.086 seconds
[2024-03-16T09:56:16.827+0000] {processor.py:161} INFO - Started process (PID=923) to work on /usr/local/lib/python3.8/dist-packages/airflow/example_dags/example_xcom.py
[2024-03-16T09:56:16.829+0000] {processor.py:830} INFO - Processing file /usr/local/lib/python3.8/dist-packages/airflow/example_dags/example_xcom.py for tasks to queue
[2024-03-16T09:56:16.830+0000] {logging_mixin.py:188} INFO - [2024-03-16T09:56:16.830+0000] {dagbag.py:540} INFO - Filling up the DagBag from /usr/local/lib/python3.8/dist-packages/airflow/example_dags/example_xcom.py
[2024-03-16T09:56:16.839+0000] {processor.py:840} INFO - DAG(s) 'example_xcom' retrieved from /usr/local/lib/python3.8/dist-packages/airflow/example_dags/example_xcom.py
[2024-03-16T09:56:16.856+0000] {logging_mixin.py:188} INFO - [2024-03-16T09:56:16.856+0000] {dag.py:3047} INFO - Sync 1 DAGs
[2024-03-16T09:56:16.878+0000] {logging_mixin.py:188} INFO - [2024-03-16T09:56:16.877+0000] {dag.py:3834} INFO - Setting next_dagrun for example_xcom to 2021-01-01 00:00:00+00:00, run_after=2021-01-01 00:00:00+00:00
[2024-03-16T09:56:16.961+0000] {processor.py:183} INFO - Processing /usr/local/lib/python3.8/dist-packages/airflow/example_dags/example_xcom.py took 0.137 seconds
[2024-03-16T09:57:44.486+0000] {processor.py:161} INFO - Started process (PID=1041) to work on /usr/local/lib/python3.8/dist-packages/airflow/example_dags/example_xcom.py
[2024-03-16T09:57:44.489+0000] {processor.py:830} INFO - Processing file /usr/local/lib/python3.8/dist-packages/airflow/example_dags/example_xcom.py for tasks to queue
[2024-03-16T09:57:44.490+0000] {logging_mixin.py:188} INFO - [2024-03-16T09:57:44.490+0000] {dagbag.py:540} INFO - Filling up the DagBag from /usr/local/lib/python3.8/dist-packages/airflow/example_dags/example_xcom.py
[2024-03-16T09:57:44.499+0000] {processor.py:840} INFO - DAG(s) 'example_xcom' retrieved from /usr/local/lib/python3.8/dist-packages/airflow/example_dags/example_xcom.py
[2024-03-16T09:57:44.517+0000] {logging_mixin.py:188} INFO - [2024-03-16T09:57:44.516+0000] {dag.py:3047} INFO - Sync 1 DAGs
[2024-03-16T09:57:44.539+0000] {logging_mixin.py:188} INFO - [2024-03-16T09:57:44.538+0000] {dag.py:3834} INFO - Setting next_dagrun for example_xcom to 2021-01-01 00:00:00+00:00, run_after=2021-01-01 00:00:00+00:00
[2024-03-16T09:57:44.567+0000] {processor.py:183} INFO - Processing /usr/local/lib/python3.8/dist-packages/airflow/example_dags/example_xcom.py took 0.084 seconds
[2024-03-16T09:59:17.310+0000] {processor.py:161} INFO - Started process (PID=1217) to work on /usr/local/lib/python3.8/dist-packages/airflow/example_dags/example_xcom.py
[2024-03-16T09:59:17.312+0000] {processor.py:830} INFO - Processing file /usr/local/lib/python3.8/dist-packages/airflow/example_dags/example_xcom.py for tasks to queue
[2024-03-16T09:59:17.313+0000] {logging_mixin.py:188} INFO - [2024-03-16T09:59:17.312+0000] {dagbag.py:540} INFO - Filling up the DagBag from /usr/local/lib/python3.8/dist-packages/airflow/example_dags/example_xcom.py
[2024-03-16T09:59:17.321+0000] {processor.py:840} INFO - DAG(s) 'example_xcom' retrieved from /usr/local/lib/python3.8/dist-packages/airflow/example_dags/example_xcom.py
[2024-03-16T09:59:17.338+0000] {logging_mixin.py:188} INFO - [2024-03-16T09:59:17.338+0000] {dag.py:3047} INFO - Sync 1 DAGs
[2024-03-16T09:59:17.360+0000] {logging_mixin.py:188} INFO - [2024-03-16T09:59:17.360+0000] {dag.py:3834} INFO - Setting next_dagrun for example_xcom to 2021-01-01 00:00:00+00:00, run_after=2021-01-01 00:00:00+00:00
[2024-03-16T09:59:17.413+0000] {processor.py:183} INFO - Processing /usr/local/lib/python3.8/dist-packages/airflow/example_dags/example_xcom.py took 0.106 seconds
[2024-03-16T10:03:12.949+0000] {processor.py:161} INFO - Started process (PID=1555) to work on /usr/local/lib/python3.8/dist-packages/airflow/example_dags/example_xcom.py
[2024-03-16T10:03:12.951+0000] {processor.py:830} INFO - Processing file /usr/local/lib/python3.8/dist-packages/airflow/example_dags/example_xcom.py for tasks to queue
[2024-03-16T10:03:12.952+0000] {logging_mixin.py:188} INFO - [2024-03-16T10:03:12.952+0000] {dagbag.py:540} INFO - Filling up the DagBag from /usr/local/lib/python3.8/dist-packages/airflow/example_dags/example_xcom.py
[2024-03-16T10:03:12.960+0000] {processor.py:840} INFO - DAG(s) 'example_xcom' retrieved from /usr/local/lib/python3.8/dist-packages/airflow/example_dags/example_xcom.py
[2024-03-16T10:03:12.985+0000] {logging_mixin.py:188} INFO - [2024-03-16T10:03:12.985+0000] {dag.py:3047} INFO - Sync 1 DAGs
[2024-03-16T10:03:13.094+0000] {logging_mixin.py:188} INFO - [2024-03-16T10:03:13.094+0000] {dag.py:3834} INFO - Setting next_dagrun for example_xcom to 2021-01-01 00:00:00+00:00, run_after=2021-01-01 00:00:00+00:00
[2024-03-16T10:03:13.118+0000] {processor.py:183} INFO - Processing /usr/local/lib/python3.8/dist-packages/airflow/example_dags/example_xcom.py took 0.172 seconds
[2024-03-16T10:05:18.835+0000] {processor.py:161} INFO - Started process (PID=1790) to work on /usr/local/lib/python3.8/dist-packages/airflow/example_dags/example_xcom.py
[2024-03-16T10:05:18.838+0000] {processor.py:830} INFO - Processing file /usr/local/lib/python3.8/dist-packages/airflow/example_dags/example_xcom.py for tasks to queue
[2024-03-16T10:05:18.839+0000] {logging_mixin.py:188} INFO - [2024-03-16T10:05:18.838+0000] {dagbag.py:540} INFO - Filling up the DagBag from /usr/local/lib/python3.8/dist-packages/airflow/example_dags/example_xcom.py
[2024-03-16T10:05:18.848+0000] {processor.py:840} INFO - DAG(s) 'example_xcom' retrieved from /usr/local/lib/python3.8/dist-packages/airflow/example_dags/example_xcom.py
[2024-03-16T10:05:18.865+0000] {logging_mixin.py:188} INFO - [2024-03-16T10:05:18.865+0000] {dag.py:3047} INFO - Sync 1 DAGs
[2024-03-16T10:05:18.885+0000] {logging_mixin.py:188} INFO - [2024-03-16T10:05:18.885+0000] {dag.py:3834} INFO - Setting next_dagrun for example_xcom to 2021-01-01 00:00:00+00:00, run_after=2021-01-01 00:00:00+00:00
[2024-03-16T10:05:18.931+0000] {processor.py:183} INFO - Processing /usr/local/lib/python3.8/dist-packages/airflow/example_dags/example_xcom.py took 0.099 seconds
[2024-03-16T10:06:21.827+0000] {processor.py:161} INFO - Started process (PID=1895) to work on /usr/local/lib/python3.8/dist-packages/airflow/example_dags/example_xcom.py
[2024-03-16T10:06:21.830+0000] {processor.py:830} INFO - Processing file /usr/local/lib/python3.8/dist-packages/airflow/example_dags/example_xcom.py for tasks to queue
[2024-03-16T10:06:21.831+0000] {logging_mixin.py:188} INFO - [2024-03-16T10:06:21.830+0000] {dagbag.py:540} INFO - Filling up the DagBag from /usr/local/lib/python3.8/dist-packages/airflow/example_dags/example_xcom.py
[2024-03-16T10:06:21.840+0000] {processor.py:840} INFO - DAG(s) 'example_xcom' retrieved from /usr/local/lib/python3.8/dist-packages/airflow/example_dags/example_xcom.py
[2024-03-16T10:06:21.859+0000] {logging_mixin.py:188} INFO - [2024-03-16T10:06:21.859+0000] {dag.py:3047} INFO - Sync 1 DAGs
[2024-03-16T10:06:21.883+0000] {logging_mixin.py:188} INFO - [2024-03-16T10:06:21.883+0000] {dag.py:3834} INFO - Setting next_dagrun for example_xcom to 2021-01-01 00:00:00+00:00, run_after=2021-01-01 00:00:00+00:00
[2024-03-16T10:06:21.931+0000] {processor.py:183} INFO - Processing /usr/local/lib/python3.8/dist-packages/airflow/example_dags/example_xcom.py took 0.107 seconds
[2024-03-16T10:07:21.066+0000] {processor.py:161} INFO - Started process (PID=1998) to work on /usr/local/lib/python3.8/dist-packages/airflow/example_dags/example_xcom.py
[2024-03-16T10:07:21.068+0000] {processor.py:830} INFO - Processing file /usr/local/lib/python3.8/dist-packages/airflow/example_dags/example_xcom.py for tasks to queue
[2024-03-16T10:07:21.069+0000] {logging_mixin.py:188} INFO - [2024-03-16T10:07:21.068+0000] {dagbag.py:540} INFO - Filling up the DagBag from /usr/local/lib/python3.8/dist-packages/airflow/example_dags/example_xcom.py
[2024-03-16T10:07:21.077+0000] {processor.py:840} INFO - DAG(s) 'example_xcom' retrieved from /usr/local/lib/python3.8/dist-packages/airflow/example_dags/example_xcom.py
[2024-03-16T10:07:21.092+0000] {logging_mixin.py:188} INFO - [2024-03-16T10:07:21.092+0000] {dag.py:3047} INFO - Sync 1 DAGs
[2024-03-16T10:07:21.109+0000] {logging_mixin.py:188} INFO - [2024-03-16T10:07:21.109+0000] {dag.py:3834} INFO - Setting next_dagrun for example_xcom to 2021-01-01 00:00:00+00:00, run_after=2021-01-01 00:00:00+00:00
[2024-03-16T10:07:21.134+0000] {processor.py:183} INFO - Processing /usr/local/lib/python3.8/dist-packages/airflow/example_dags/example_xcom.py took 0.071 seconds
[2024-03-16T10:08:09.176+0000] {processor.py:161} INFO - Started process (PID=2050) to work on /usr/local/lib/python3.8/dist-packages/airflow/example_dags/example_xcom.py
[2024-03-16T10:08:09.178+0000] {processor.py:830} INFO - Processing file /usr/local/lib/python3.8/dist-packages/airflow/example_dags/example_xcom.py for tasks to queue
[2024-03-16T10:08:09.179+0000] {logging_mixin.py:188} INFO - [2024-03-16T10:08:09.178+0000] {dagbag.py:540} INFO - Filling up the DagBag from /usr/local/lib/python3.8/dist-packages/airflow/example_dags/example_xcom.py
[2024-03-16T10:08:09.187+0000] {processor.py:840} INFO - DAG(s) 'example_xcom' retrieved from /usr/local/lib/python3.8/dist-packages/airflow/example_dags/example_xcom.py
[2024-03-16T10:08:09.205+0000] {logging_mixin.py:188} INFO - [2024-03-16T10:08:09.205+0000] {dag.py:3047} INFO - Sync 1 DAGs
[2024-03-16T10:08:09.226+0000] {logging_mixin.py:188} INFO - [2024-03-16T10:08:09.225+0000] {dag.py:3834} INFO - Setting next_dagrun for example_xcom to 2021-01-01 00:00:00+00:00, run_after=2021-01-01 00:00:00+00:00
[2024-03-16T10:08:09.255+0000] {processor.py:183} INFO - Processing /usr/local/lib/python3.8/dist-packages/airflow/example_dags/example_xcom.py took 0.083 seconds
[2024-03-16T10:09:12.119+0000] {processor.py:161} INFO - Started process (PID=2156) to work on /usr/local/lib/python3.8/dist-packages/airflow/example_dags/example_xcom.py
[2024-03-16T10:09:12.121+0000] {processor.py:830} INFO - Processing file /usr/local/lib/python3.8/dist-packages/airflow/example_dags/example_xcom.py for tasks to queue
[2024-03-16T10:09:12.122+0000] {logging_mixin.py:188} INFO - [2024-03-16T10:09:12.122+0000] {dagbag.py:540} INFO - Filling up the DagBag from /usr/local/lib/python3.8/dist-packages/airflow/example_dags/example_xcom.py
[2024-03-16T10:09:12.131+0000] {processor.py:840} INFO - DAG(s) 'example_xcom' retrieved from /usr/local/lib/python3.8/dist-packages/airflow/example_dags/example_xcom.py
[2024-03-16T10:09:12.149+0000] {logging_mixin.py:188} INFO - [2024-03-16T10:09:12.149+0000] {dag.py:3047} INFO - Sync 1 DAGs
[2024-03-16T10:09:12.171+0000] {logging_mixin.py:188} INFO - [2024-03-16T10:09:12.170+0000] {dag.py:3834} INFO - Setting next_dagrun for example_xcom to 2021-01-01 00:00:00+00:00, run_after=2021-01-01 00:00:00+00:00
[2024-03-16T10:09:12.271+0000] {processor.py:183} INFO - Processing /usr/local/lib/python3.8/dist-packages/airflow/example_dags/example_xcom.py took 0.155 seconds
[2024-03-16T10:10:13.862+0000] {processor.py:161} INFO - Started process (PID=2260) to work on /usr/local/lib/python3.8/dist-packages/airflow/example_dags/example_xcom.py
[2024-03-16T10:10:13.864+0000] {processor.py:830} INFO - Processing file /usr/local/lib/python3.8/dist-packages/airflow/example_dags/example_xcom.py for tasks to queue
[2024-03-16T10:10:13.865+0000] {logging_mixin.py:188} INFO - [2024-03-16T10:10:13.865+0000] {dagbag.py:540} INFO - Filling up the DagBag from /usr/local/lib/python3.8/dist-packages/airflow/example_dags/example_xcom.py
[2024-03-16T10:10:13.874+0000] {processor.py:840} INFO - DAG(s) 'example_xcom' retrieved from /usr/local/lib/python3.8/dist-packages/airflow/example_dags/example_xcom.py
[2024-03-16T10:10:13.892+0000] {logging_mixin.py:188} INFO - [2024-03-16T10:10:13.891+0000] {dag.py:3047} INFO - Sync 1 DAGs
[2024-03-16T10:10:13.913+0000] {logging_mixin.py:188} INFO - [2024-03-16T10:10:13.912+0000] {dag.py:3834} INFO - Setting next_dagrun for example_xcom to 2021-01-01 00:00:00+00:00, run_after=2021-01-01 00:00:00+00:00
[2024-03-16T10:10:13.962+0000] {processor.py:183} INFO - Processing /usr/local/lib/python3.8/dist-packages/airflow/example_dags/example_xcom.py took 0.103 seconds
[2024-03-16T10:11:55.755+0000] {processor.py:161} INFO - Started process (PID=2432) to work on /usr/local/lib/python3.8/dist-packages/airflow/example_dags/example_xcom.py
[2024-03-16T10:11:55.757+0000] {processor.py:830} INFO - Processing file /usr/local/lib/python3.8/dist-packages/airflow/example_dags/example_xcom.py for tasks to queue
[2024-03-16T10:11:55.758+0000] {logging_mixin.py:188} INFO - [2024-03-16T10:11:55.757+0000] {dagbag.py:540} INFO - Filling up the DagBag from /usr/local/lib/python3.8/dist-packages/airflow/example_dags/example_xcom.py
[2024-03-16T10:11:55.766+0000] {processor.py:840} INFO - DAG(s) 'example_xcom' retrieved from /usr/local/lib/python3.8/dist-packages/airflow/example_dags/example_xcom.py
[2024-03-16T10:11:55.784+0000] {logging_mixin.py:188} INFO - [2024-03-16T10:11:55.783+0000] {dag.py:3047} INFO - Sync 1 DAGs
[2024-03-16T10:11:55.805+0000] {logging_mixin.py:188} INFO - [2024-03-16T10:11:55.804+0000] {dag.py:3834} INFO - Setting next_dagrun for example_xcom to 2021-01-01 00:00:00+00:00, run_after=2021-01-01 00:00:00+00:00
[2024-03-16T10:11:55.828+0000] {processor.py:183} INFO - Processing /usr/local/lib/python3.8/dist-packages/airflow/example_dags/example_xcom.py took 0.077 seconds
[2024-03-16T10:12:56.242+0000] {processor.py:161} INFO - Started process (PID=2538) to work on /usr/local/lib/python3.8/dist-packages/airflow/example_dags/example_xcom.py
[2024-03-16T10:12:56.244+0000] {processor.py:830} INFO - Processing file /usr/local/lib/python3.8/dist-packages/airflow/example_dags/example_xcom.py for tasks to queue
[2024-03-16T10:12:56.245+0000] {logging_mixin.py:188} INFO - [2024-03-16T10:12:56.245+0000] {dagbag.py:540} INFO - Filling up the DagBag from /usr/local/lib/python3.8/dist-packages/airflow/example_dags/example_xcom.py
[2024-03-16T10:12:56.254+0000] {processor.py:840} INFO - DAG(s) 'example_xcom' retrieved from /usr/local/lib/python3.8/dist-packages/airflow/example_dags/example_xcom.py
[2024-03-16T10:12:56.271+0000] {logging_mixin.py:188} INFO - [2024-03-16T10:12:56.271+0000] {dag.py:3047} INFO - Sync 1 DAGs
[2024-03-16T10:12:56.293+0000] {logging_mixin.py:188} INFO - [2024-03-16T10:12:56.293+0000] {dag.py:3834} INFO - Setting next_dagrun for example_xcom to 2021-01-01 00:00:00+00:00, run_after=2021-01-01 00:00:00+00:00
[2024-03-16T10:12:56.322+0000] {processor.py:183} INFO - Processing /usr/local/lib/python3.8/dist-packages/airflow/example_dags/example_xcom.py took 0.083 seconds
[2024-03-16T10:14:39.835+0000] {processor.py:161} INFO - Started process (PID=2721) to work on /usr/local/lib/python3.8/dist-packages/airflow/example_dags/example_xcom.py
[2024-03-16T10:14:39.837+0000] {processor.py:830} INFO - Processing file /usr/local/lib/python3.8/dist-packages/airflow/example_dags/example_xcom.py for tasks to queue
[2024-03-16T10:14:39.838+0000] {logging_mixin.py:188} INFO - [2024-03-16T10:14:39.837+0000] {dagbag.py:540} INFO - Filling up the DagBag from /usr/local/lib/python3.8/dist-packages/airflow/example_dags/example_xcom.py
[2024-03-16T10:14:39.846+0000] {processor.py:840} INFO - DAG(s) 'example_xcom' retrieved from /usr/local/lib/python3.8/dist-packages/airflow/example_dags/example_xcom.py
[2024-03-16T10:14:39.864+0000] {logging_mixin.py:188} INFO - [2024-03-16T10:14:39.864+0000] {dag.py:3047} INFO - Sync 1 DAGs
[2024-03-16T10:14:39.885+0000] {logging_mixin.py:188} INFO - [2024-03-16T10:14:39.885+0000] {dag.py:3834} INFO - Setting next_dagrun for example_xcom to 2021-01-01 00:00:00+00:00, run_after=2021-01-01 00:00:00+00:00
[2024-03-16T10:14:39.915+0000] {processor.py:183} INFO - Processing /usr/local/lib/python3.8/dist-packages/airflow/example_dags/example_xcom.py took 0.083 seconds
[2024-03-16T10:15:44.831+0000] {processor.py:161} INFO - Started process (PID=3031) to work on /usr/local/lib/python3.8/dist-packages/airflow/example_dags/example_xcom.py
[2024-03-16T10:15:44.833+0000] {processor.py:830} INFO - Processing file /usr/local/lib/python3.8/dist-packages/airflow/example_dags/example_xcom.py for tasks to queue
[2024-03-16T10:15:44.834+0000] {logging_mixin.py:188} INFO - [2024-03-16T10:15:44.833+0000] {dagbag.py:540} INFO - Filling up the DagBag from /usr/local/lib/python3.8/dist-packages/airflow/example_dags/example_xcom.py
[2024-03-16T10:15:44.842+0000] {processor.py:840} INFO - DAG(s) 'example_xcom' retrieved from /usr/local/lib/python3.8/dist-packages/airflow/example_dags/example_xcom.py
[2024-03-16T10:15:44.860+0000] {logging_mixin.py:188} INFO - [2024-03-16T10:15:44.859+0000] {dag.py:3047} INFO - Sync 1 DAGs
[2024-03-16T10:15:44.881+0000] {logging_mixin.py:188} INFO - [2024-03-16T10:15:44.880+0000] {dag.py:3834} INFO - Setting next_dagrun for example_xcom to 2021-01-01 00:00:00+00:00, run_after=2021-01-01 00:00:00+00:00
[2024-03-16T10:15:44.910+0000] {processor.py:183} INFO - Processing /usr/local/lib/python3.8/dist-packages/airflow/example_dags/example_xcom.py took 0.083 seconds
[2024-03-16T10:16:48.427+0000] {processor.py:161} INFO - Started process (PID=3137) to work on /usr/local/lib/python3.8/dist-packages/airflow/example_dags/example_xcom.py
[2024-03-16T10:16:48.428+0000] {processor.py:830} INFO - Processing file /usr/local/lib/python3.8/dist-packages/airflow/example_dags/example_xcom.py for tasks to queue
[2024-03-16T10:16:48.429+0000] {logging_mixin.py:188} INFO - [2024-03-16T10:16:48.429+0000] {dagbag.py:540} INFO - Filling up the DagBag from /usr/local/lib/python3.8/dist-packages/airflow/example_dags/example_xcom.py
[2024-03-16T10:16:48.438+0000] {processor.py:840} INFO - DAG(s) 'example_xcom' retrieved from /usr/local/lib/python3.8/dist-packages/airflow/example_dags/example_xcom.py
[2024-03-16T10:16:48.455+0000] {logging_mixin.py:188} INFO - [2024-03-16T10:16:48.455+0000] {dag.py:3047} INFO - Sync 1 DAGs
[2024-03-16T10:16:48.476+0000] {logging_mixin.py:188} INFO - [2024-03-16T10:16:48.476+0000] {dag.py:3834} INFO - Setting next_dagrun for example_xcom to 2021-01-01 00:00:00+00:00, run_after=2021-01-01 00:00:00+00:00
[2024-03-16T10:16:48.506+0000] {processor.py:183} INFO - Processing /usr/local/lib/python3.8/dist-packages/airflow/example_dags/example_xcom.py took 0.082 seconds
