[2024-03-16T09:54:08.723+0000] {processor.py:161} INFO - Started process (PID=697) to work on /usr/local/lib/python3.8/dist-packages/airflow/example_dags/example_sensor_decorator.py
[2024-03-16T09:54:08.724+0000] {processor.py:830} INFO - Processing file /usr/local/lib/python3.8/dist-packages/airflow/example_dags/example_sensor_decorator.py for tasks to queue
[2024-03-16T09:54:08.725+0000] {logging_mixin.py:188} INFO - [2024-03-16T09:54:08.724+0000] {dagbag.py:540} INFO - Filling up the DagBag from /usr/local/lib/python3.8/dist-packages/airflow/example_dags/example_sensor_decorator.py
[2024-03-16T09:54:08.733+0000] {processor.py:840} INFO - DAG(s) 'example_sensor_decorator' retrieved from /usr/local/lib/python3.8/dist-packages/airflow/example_dags/example_sensor_decorator.py
[2024-03-16T09:54:08.753+0000] {logging_mixin.py:188} INFO - [2024-03-16T09:54:08.753+0000] {dag.py:3047} INFO - Sync 1 DAGs
[2024-03-16T09:54:08.763+0000] {logging_mixin.py:188} INFO - [2024-03-16T09:54:08.763+0000] {dag.py:3834} INFO - Setting next_dagrun for example_sensor_decorator to None, run_after=None
[2024-03-16T09:54:08.877+0000] {processor.py:183} INFO - Processing /usr/local/lib/python3.8/dist-packages/airflow/example_dags/example_sensor_decorator.py took 0.157 seconds
[2024-03-16T09:55:15.667+0000] {processor.py:161} INFO - Started process (PID=815) to work on /usr/local/lib/python3.8/dist-packages/airflow/example_dags/example_sensor_decorator.py
[2024-03-16T09:55:15.671+0000] {processor.py:830} INFO - Processing file /usr/local/lib/python3.8/dist-packages/airflow/example_dags/example_sensor_decorator.py for tasks to queue
[2024-03-16T09:55:15.672+0000] {logging_mixin.py:188} INFO - [2024-03-16T09:55:15.672+0000] {dagbag.py:540} INFO - Filling up the DagBag from /usr/local/lib/python3.8/dist-packages/airflow/example_dags/example_sensor_decorator.py
[2024-03-16T09:55:15.679+0000] {processor.py:840} INFO - DAG(s) 'example_sensor_decorator' retrieved from /usr/local/lib/python3.8/dist-packages/airflow/example_dags/example_sensor_decorator.py
[2024-03-16T09:55:15.695+0000] {logging_mixin.py:188} INFO - [2024-03-16T09:55:15.695+0000] {dag.py:3047} INFO - Sync 1 DAGs
[2024-03-16T09:55:15.708+0000] {logging_mixin.py:188} INFO - [2024-03-16T09:55:15.708+0000] {dag.py:3834} INFO - Setting next_dagrun for example_sensor_decorator to None, run_after=None
[2024-03-16T09:55:15.738+0000] {processor.py:183} INFO - Processing /usr/local/lib/python3.8/dist-packages/airflow/example_dags/example_sensor_decorator.py took 0.074 seconds
[2024-03-16T09:56:13.106+0000] {processor.py:161} INFO - Started process (PID=919) to work on /usr/local/lib/python3.8/dist-packages/airflow/example_dags/example_sensor_decorator.py
[2024-03-16T09:56:13.108+0000] {processor.py:830} INFO - Processing file /usr/local/lib/python3.8/dist-packages/airflow/example_dags/example_sensor_decorator.py for tasks to queue
[2024-03-16T09:56:13.109+0000] {logging_mixin.py:188} INFO - [2024-03-16T09:56:13.108+0000] {dagbag.py:540} INFO - Filling up the DagBag from /usr/local/lib/python3.8/dist-packages/airflow/example_dags/example_sensor_decorator.py
[2024-03-16T09:56:13.115+0000] {processor.py:840} INFO - DAG(s) 'example_sensor_decorator' retrieved from /usr/local/lib/python3.8/dist-packages/airflow/example_dags/example_sensor_decorator.py
[2024-03-16T09:56:13.129+0000] {logging_mixin.py:188} INFO - [2024-03-16T09:56:13.129+0000] {dag.py:3047} INFO - Sync 1 DAGs
[2024-03-16T09:56:13.139+0000] {logging_mixin.py:188} INFO - [2024-03-16T09:56:13.139+0000] {dag.py:3834} INFO - Setting next_dagrun for example_sensor_decorator to None, run_after=None
[2024-03-16T09:56:13.206+0000] {processor.py:183} INFO - Processing /usr/local/lib/python3.8/dist-packages/airflow/example_dags/example_sensor_decorator.py took 0.103 seconds
[2024-03-16T09:57:38.992+0000] {processor.py:161} INFO - Started process (PID=1036) to work on /usr/local/lib/python3.8/dist-packages/airflow/example_dags/example_sensor_decorator.py
[2024-03-16T09:57:38.995+0000] {processor.py:830} INFO - Processing file /usr/local/lib/python3.8/dist-packages/airflow/example_dags/example_sensor_decorator.py for tasks to queue
[2024-03-16T09:57:38.996+0000] {logging_mixin.py:188} INFO - [2024-03-16T09:57:38.996+0000] {dagbag.py:540} INFO - Filling up the DagBag from /usr/local/lib/python3.8/dist-packages/airflow/example_dags/example_sensor_decorator.py
[2024-03-16T09:57:39.003+0000] {processor.py:840} INFO - DAG(s) 'example_sensor_decorator' retrieved from /usr/local/lib/python3.8/dist-packages/airflow/example_dags/example_sensor_decorator.py
[2024-03-16T09:57:39.019+0000] {logging_mixin.py:188} INFO - [2024-03-16T09:57:39.019+0000] {dag.py:3047} INFO - Sync 1 DAGs
[2024-03-16T09:57:39.032+0000] {logging_mixin.py:188} INFO - [2024-03-16T09:57:39.032+0000] {dag.py:3834} INFO - Setting next_dagrun for example_sensor_decorator to None, run_after=None
[2024-03-16T09:57:39.062+0000] {processor.py:183} INFO - Processing /usr/local/lib/python3.8/dist-packages/airflow/example_dags/example_sensor_decorator.py took 0.073 seconds
[2024-03-16T09:59:13.307+0000] {processor.py:161} INFO - Started process (PID=1213) to work on /usr/local/lib/python3.8/dist-packages/airflow/example_dags/example_sensor_decorator.py
[2024-03-16T09:59:13.309+0000] {processor.py:830} INFO - Processing file /usr/local/lib/python3.8/dist-packages/airflow/example_dags/example_sensor_decorator.py for tasks to queue
[2024-03-16T09:59:13.310+0000] {logging_mixin.py:188} INFO - [2024-03-16T09:59:13.310+0000] {dagbag.py:540} INFO - Filling up the DagBag from /usr/local/lib/python3.8/dist-packages/airflow/example_dags/example_sensor_decorator.py
[2024-03-16T09:59:13.317+0000] {processor.py:840} INFO - DAG(s) 'example_sensor_decorator' retrieved from /usr/local/lib/python3.8/dist-packages/airflow/example_dags/example_sensor_decorator.py
[2024-03-16T09:59:13.334+0000] {logging_mixin.py:188} INFO - [2024-03-16T09:59:13.333+0000] {dag.py:3047} INFO - Sync 1 DAGs
[2024-03-16T09:59:13.346+0000] {logging_mixin.py:188} INFO - [2024-03-16T09:59:13.346+0000] {dag.py:3834} INFO - Setting next_dagrun for example_sensor_decorator to None, run_after=None
[2024-03-16T09:59:13.377+0000] {processor.py:183} INFO - Processing /usr/local/lib/python3.8/dist-packages/airflow/example_dags/example_sensor_decorator.py took 0.073 seconds
[2024-03-16T10:03:07.930+0000] {processor.py:161} INFO - Started process (PID=1551) to work on /usr/local/lib/python3.8/dist-packages/airflow/example_dags/example_sensor_decorator.py
[2024-03-16T10:03:07.932+0000] {processor.py:830} INFO - Processing file /usr/local/lib/python3.8/dist-packages/airflow/example_dags/example_sensor_decorator.py for tasks to queue
[2024-03-16T10:03:07.933+0000] {logging_mixin.py:188} INFO - [2024-03-16T10:03:07.932+0000] {dagbag.py:540} INFO - Filling up the DagBag from /usr/local/lib/python3.8/dist-packages/airflow/example_dags/example_sensor_decorator.py
[2024-03-16T10:03:07.942+0000] {processor.py:840} INFO - DAG(s) 'example_sensor_decorator' retrieved from /usr/local/lib/python3.8/dist-packages/airflow/example_dags/example_sensor_decorator.py
[2024-03-16T10:03:07.965+0000] {logging_mixin.py:188} INFO - [2024-03-16T10:03:07.964+0000] {dag.py:3047} INFO - Sync 1 DAGs
[2024-03-16T10:03:07.978+0000] {logging_mixin.py:188} INFO - [2024-03-16T10:03:07.978+0000] {dag.py:3834} INFO - Setting next_dagrun for example_sensor_decorator to None, run_after=None
[2024-03-16T10:03:08.085+0000] {processor.py:183} INFO - Processing /usr/local/lib/python3.8/dist-packages/airflow/example_dags/example_sensor_decorator.py took 0.158 seconds
[2024-03-16T10:05:15.062+0000] {processor.py:161} INFO - Started process (PID=1786) to work on /usr/local/lib/python3.8/dist-packages/airflow/example_dags/example_sensor_decorator.py
[2024-03-16T10:05:15.064+0000] {processor.py:830} INFO - Processing file /usr/local/lib/python3.8/dist-packages/airflow/example_dags/example_sensor_decorator.py for tasks to queue
[2024-03-16T10:05:15.065+0000] {logging_mixin.py:188} INFO - [2024-03-16T10:05:15.065+0000] {dagbag.py:540} INFO - Filling up the DagBag from /usr/local/lib/python3.8/dist-packages/airflow/example_dags/example_sensor_decorator.py
[2024-03-16T10:05:15.072+0000] {processor.py:840} INFO - DAG(s) 'example_sensor_decorator' retrieved from /usr/local/lib/python3.8/dist-packages/airflow/example_dags/example_sensor_decorator.py
[2024-03-16T10:05:15.088+0000] {logging_mixin.py:188} INFO - [2024-03-16T10:05:15.088+0000] {dag.py:3047} INFO - Sync 1 DAGs
[2024-03-16T10:05:15.101+0000] {logging_mixin.py:188} INFO - [2024-03-16T10:05:15.101+0000] {dag.py:3834} INFO - Setting next_dagrun for example_sensor_decorator to None, run_after=None
[2024-03-16T10:05:15.147+0000] {processor.py:183} INFO - Processing /usr/local/lib/python3.8/dist-packages/airflow/example_dags/example_sensor_decorator.py took 0.088 seconds
[2024-03-16T10:06:01.755+0000] {processor.py:161} INFO - Started process (PID=1838) to work on /usr/local/lib/python3.8/dist-packages/airflow/example_dags/example_sensor_decorator.py
[2024-03-16T10:06:01.757+0000] {processor.py:830} INFO - Processing file /usr/local/lib/python3.8/dist-packages/airflow/example_dags/example_sensor_decorator.py for tasks to queue
[2024-03-16T10:06:01.758+0000] {logging_mixin.py:188} INFO - [2024-03-16T10:06:01.757+0000] {dagbag.py:540} INFO - Filling up the DagBag from /usr/local/lib/python3.8/dist-packages/airflow/example_dags/example_sensor_decorator.py
[2024-03-16T10:06:01.764+0000] {processor.py:840} INFO - DAG(s) 'example_sensor_decorator' retrieved from /usr/local/lib/python3.8/dist-packages/airflow/example_dags/example_sensor_decorator.py
[2024-03-16T10:06:01.778+0000] {logging_mixin.py:188} INFO - [2024-03-16T10:06:01.778+0000] {dag.py:3047} INFO - Sync 1 DAGs
[2024-03-16T10:06:01.788+0000] {logging_mixin.py:188} INFO - [2024-03-16T10:06:01.788+0000] {dag.py:3834} INFO - Setting next_dagrun for example_sensor_decorator to None, run_after=None
[2024-03-16T10:06:01.812+0000] {processor.py:183} INFO - Processing /usr/local/lib/python3.8/dist-packages/airflow/example_dags/example_sensor_decorator.py took 0.060 seconds
[2024-03-16T10:07:04.098+0000] {processor.py:161} INFO - Started process (PID=1943) to work on /usr/local/lib/python3.8/dist-packages/airflow/example_dags/example_sensor_decorator.py
[2024-03-16T10:07:04.100+0000] {processor.py:830} INFO - Processing file /usr/local/lib/python3.8/dist-packages/airflow/example_dags/example_sensor_decorator.py for tasks to queue
[2024-03-16T10:07:04.101+0000] {logging_mixin.py:188} INFO - [2024-03-16T10:07:04.100+0000] {dagbag.py:540} INFO - Filling up the DagBag from /usr/local/lib/python3.8/dist-packages/airflow/example_dags/example_sensor_decorator.py
[2024-03-16T10:07:04.107+0000] {processor.py:840} INFO - DAG(s) 'example_sensor_decorator' retrieved from /usr/local/lib/python3.8/dist-packages/airflow/example_dags/example_sensor_decorator.py
[2024-03-16T10:07:04.123+0000] {logging_mixin.py:188} INFO - [2024-03-16T10:07:04.123+0000] {dag.py:3047} INFO - Sync 1 DAGs
[2024-03-16T10:07:04.136+0000] {logging_mixin.py:188} INFO - [2024-03-16T10:07:04.136+0000] {dag.py:3834} INFO - Setting next_dagrun for example_sensor_decorator to None, run_after=None
[2024-03-16T10:07:04.166+0000] {processor.py:183} INFO - Processing /usr/local/lib/python3.8/dist-packages/airflow/example_dags/example_sensor_decorator.py took 0.072 seconds
[2024-03-16T10:08:05.066+0000] {processor.py:161} INFO - Started process (PID=2046) to work on /usr/local/lib/python3.8/dist-packages/airflow/example_dags/example_sensor_decorator.py
[2024-03-16T10:08:05.068+0000] {processor.py:830} INFO - Processing file /usr/local/lib/python3.8/dist-packages/airflow/example_dags/example_sensor_decorator.py for tasks to queue
[2024-03-16T10:08:05.069+0000] {logging_mixin.py:188} INFO - [2024-03-16T10:08:05.069+0000] {dagbag.py:540} INFO - Filling up the DagBag from /usr/local/lib/python3.8/dist-packages/airflow/example_dags/example_sensor_decorator.py
[2024-03-16T10:08:05.076+0000] {processor.py:840} INFO - DAG(s) 'example_sensor_decorator' retrieved from /usr/local/lib/python3.8/dist-packages/airflow/example_dags/example_sensor_decorator.py
[2024-03-16T10:08:05.092+0000] {logging_mixin.py:188} INFO - [2024-03-16T10:08:05.092+0000] {dag.py:3047} INFO - Sync 1 DAGs
[2024-03-16T10:08:05.105+0000] {logging_mixin.py:188} INFO - [2024-03-16T10:08:05.104+0000] {dag.py:3834} INFO - Setting next_dagrun for example_sensor_decorator to None, run_after=None
[2024-03-16T10:08:05.134+0000] {processor.py:183} INFO - Processing /usr/local/lib/python3.8/dist-packages/airflow/example_dags/example_sensor_decorator.py took 0.071 seconds
[2024-03-16T10:09:07.766+0000] {processor.py:161} INFO - Started process (PID=2152) to work on /usr/local/lib/python3.8/dist-packages/airflow/example_dags/example_sensor_decorator.py
[2024-03-16T10:09:07.768+0000] {processor.py:830} INFO - Processing file /usr/local/lib/python3.8/dist-packages/airflow/example_dags/example_sensor_decorator.py for tasks to queue
[2024-03-16T10:09:07.769+0000] {logging_mixin.py:188} INFO - [2024-03-16T10:09:07.768+0000] {dagbag.py:540} INFO - Filling up the DagBag from /usr/local/lib/python3.8/dist-packages/airflow/example_dags/example_sensor_decorator.py
[2024-03-16T10:09:07.775+0000] {processor.py:840} INFO - DAG(s) 'example_sensor_decorator' retrieved from /usr/local/lib/python3.8/dist-packages/airflow/example_dags/example_sensor_decorator.py
[2024-03-16T10:09:07.789+0000] {logging_mixin.py:188} INFO - [2024-03-16T10:09:07.789+0000] {dag.py:3047} INFO - Sync 1 DAGs
[2024-03-16T10:09:07.799+0000] {logging_mixin.py:188} INFO - [2024-03-16T10:09:07.799+0000] {dag.py:3834} INFO - Setting next_dagrun for example_sensor_decorator to None, run_after=None
[2024-03-16T10:09:07.839+0000] {processor.py:183} INFO - Processing /usr/local/lib/python3.8/dist-packages/airflow/example_dags/example_sensor_decorator.py took 0.076 seconds
[2024-03-16T10:10:09.862+0000] {processor.py:161} INFO - Started process (PID=2256) to work on /usr/local/lib/python3.8/dist-packages/airflow/example_dags/example_sensor_decorator.py
[2024-03-16T10:10:09.864+0000] {processor.py:830} INFO - Processing file /usr/local/lib/python3.8/dist-packages/airflow/example_dags/example_sensor_decorator.py for tasks to queue
[2024-03-16T10:10:09.865+0000] {logging_mixin.py:188} INFO - [2024-03-16T10:10:09.865+0000] {dagbag.py:540} INFO - Filling up the DagBag from /usr/local/lib/python3.8/dist-packages/airflow/example_dags/example_sensor_decorator.py
[2024-03-16T10:10:09.872+0000] {processor.py:840} INFO - DAG(s) 'example_sensor_decorator' retrieved from /usr/local/lib/python3.8/dist-packages/airflow/example_dags/example_sensor_decorator.py
[2024-03-16T10:10:09.888+0000] {logging_mixin.py:188} INFO - [2024-03-16T10:10:09.888+0000] {dag.py:3047} INFO - Sync 1 DAGs
[2024-03-16T10:10:09.901+0000] {logging_mixin.py:188} INFO - [2024-03-16T10:10:09.901+0000] {dag.py:3834} INFO - Setting next_dagrun for example_sensor_decorator to None, run_after=None
[2024-03-16T10:10:10.121+0000] {processor.py:183} INFO - Processing /usr/local/lib/python3.8/dist-packages/airflow/example_dags/example_sensor_decorator.py took 0.262 seconds
[2024-03-16T10:11:50.987+0000] {processor.py:161} INFO - Started process (PID=2428) to work on /usr/local/lib/python3.8/dist-packages/airflow/example_dags/example_sensor_decorator.py
[2024-03-16T10:11:50.989+0000] {processor.py:830} INFO - Processing file /usr/local/lib/python3.8/dist-packages/airflow/example_dags/example_sensor_decorator.py for tasks to queue
[2024-03-16T10:11:50.990+0000] {logging_mixin.py:188} INFO - [2024-03-16T10:11:50.990+0000] {dagbag.py:540} INFO - Filling up the DagBag from /usr/local/lib/python3.8/dist-packages/airflow/example_dags/example_sensor_decorator.py
[2024-03-16T10:11:50.997+0000] {processor.py:840} INFO - DAG(s) 'example_sensor_decorator' retrieved from /usr/local/lib/python3.8/dist-packages/airflow/example_dags/example_sensor_decorator.py
[2024-03-16T10:11:51.013+0000] {logging_mixin.py:188} INFO - [2024-03-16T10:11:51.013+0000] {dag.py:3047} INFO - Sync 1 DAGs
[2024-03-16T10:11:51.026+0000] {logging_mixin.py:188} INFO - [2024-03-16T10:11:51.026+0000] {dag.py:3834} INFO - Setting next_dagrun for example_sensor_decorator to None, run_after=None
[2024-03-16T10:11:51.055+0000] {processor.py:183} INFO - Processing /usr/local/lib/python3.8/dist-packages/airflow/example_dags/example_sensor_decorator.py took 0.071 seconds
[2024-03-16T10:12:51.684+0000] {processor.py:161} INFO - Started process (PID=2534) to work on /usr/local/lib/python3.8/dist-packages/airflow/example_dags/example_sensor_decorator.py
[2024-03-16T10:12:51.686+0000] {processor.py:830} INFO - Processing file /usr/local/lib/python3.8/dist-packages/airflow/example_dags/example_sensor_decorator.py for tasks to queue
[2024-03-16T10:12:51.687+0000] {logging_mixin.py:188} INFO - [2024-03-16T10:12:51.686+0000] {dagbag.py:540} INFO - Filling up the DagBag from /usr/local/lib/python3.8/dist-packages/airflow/example_dags/example_sensor_decorator.py
[2024-03-16T10:12:51.693+0000] {processor.py:840} INFO - DAG(s) 'example_sensor_decorator' retrieved from /usr/local/lib/python3.8/dist-packages/airflow/example_dags/example_sensor_decorator.py
[2024-03-16T10:12:51.710+0000] {logging_mixin.py:188} INFO - [2024-03-16T10:12:51.709+0000] {dag.py:3047} INFO - Sync 1 DAGs
[2024-03-16T10:12:51.722+0000] {logging_mixin.py:188} INFO - [2024-03-16T10:12:51.722+0000] {dag.py:3834} INFO - Setting next_dagrun for example_sensor_decorator to None, run_after=None
[2024-03-16T10:12:51.748+0000] {processor.py:183} INFO - Processing /usr/local/lib/python3.8/dist-packages/airflow/example_dags/example_sensor_decorator.py took 0.068 seconds
[2024-03-16T10:14:35.703+0000] {processor.py:161} INFO - Started process (PID=2717) to work on /usr/local/lib/python3.8/dist-packages/airflow/example_dags/example_sensor_decorator.py
[2024-03-16T10:14:35.705+0000] {processor.py:830} INFO - Processing file /usr/local/lib/python3.8/dist-packages/airflow/example_dags/example_sensor_decorator.py for tasks to queue
[2024-03-16T10:14:35.706+0000] {logging_mixin.py:188} INFO - [2024-03-16T10:14:35.706+0000] {dagbag.py:540} INFO - Filling up the DagBag from /usr/local/lib/python3.8/dist-packages/airflow/example_dags/example_sensor_decorator.py
[2024-03-16T10:14:35.713+0000] {processor.py:840} INFO - DAG(s) 'example_sensor_decorator' retrieved from /usr/local/lib/python3.8/dist-packages/airflow/example_dags/example_sensor_decorator.py
[2024-03-16T10:14:35.729+0000] {logging_mixin.py:188} INFO - [2024-03-16T10:14:35.729+0000] {dag.py:3047} INFO - Sync 1 DAGs
[2024-03-16T10:14:35.742+0000] {logging_mixin.py:188} INFO - [2024-03-16T10:14:35.742+0000] {dag.py:3834} INFO - Setting next_dagrun for example_sensor_decorator to None, run_after=None
[2024-03-16T10:14:35.771+0000] {processor.py:183} INFO - Processing /usr/local/lib/python3.8/dist-packages/airflow/example_dags/example_sensor_decorator.py took 0.071 seconds
[2024-03-16T10:15:40.438+0000] {processor.py:161} INFO - Started process (PID=3027) to work on /usr/local/lib/python3.8/dist-packages/airflow/example_dags/example_sensor_decorator.py
[2024-03-16T10:15:40.440+0000] {processor.py:830} INFO - Processing file /usr/local/lib/python3.8/dist-packages/airflow/example_dags/example_sensor_decorator.py for tasks to queue
[2024-03-16T10:15:40.441+0000] {logging_mixin.py:188} INFO - [2024-03-16T10:15:40.440+0000] {dagbag.py:540} INFO - Filling up the DagBag from /usr/local/lib/python3.8/dist-packages/airflow/example_dags/example_sensor_decorator.py
[2024-03-16T10:15:40.447+0000] {processor.py:840} INFO - DAG(s) 'example_sensor_decorator' retrieved from /usr/local/lib/python3.8/dist-packages/airflow/example_dags/example_sensor_decorator.py
[2024-03-16T10:15:40.463+0000] {logging_mixin.py:188} INFO - [2024-03-16T10:15:40.463+0000] {dag.py:3047} INFO - Sync 1 DAGs
[2024-03-16T10:15:40.476+0000] {logging_mixin.py:188} INFO - [2024-03-16T10:15:40.476+0000] {dag.py:3834} INFO - Setting next_dagrun for example_sensor_decorator to None, run_after=None
[2024-03-16T10:15:40.505+0000] {processor.py:183} INFO - Processing /usr/local/lib/python3.8/dist-packages/airflow/example_dags/example_sensor_decorator.py took 0.070 seconds
[2024-03-16T10:16:44.283+0000] {processor.py:161} INFO - Started process (PID=3133) to work on /usr/local/lib/python3.8/dist-packages/airflow/example_dags/example_sensor_decorator.py
[2024-03-16T10:16:44.285+0000] {processor.py:830} INFO - Processing file /usr/local/lib/python3.8/dist-packages/airflow/example_dags/example_sensor_decorator.py for tasks to queue
[2024-03-16T10:16:44.286+0000] {logging_mixin.py:188} INFO - [2024-03-16T10:16:44.285+0000] {dagbag.py:540} INFO - Filling up the DagBag from /usr/local/lib/python3.8/dist-packages/airflow/example_dags/example_sensor_decorator.py
[2024-03-16T10:16:44.292+0000] {processor.py:840} INFO - DAG(s) 'example_sensor_decorator' retrieved from /usr/local/lib/python3.8/dist-packages/airflow/example_dags/example_sensor_decorator.py
[2024-03-16T10:16:44.309+0000] {logging_mixin.py:188} INFO - [2024-03-16T10:16:44.308+0000] {dag.py:3047} INFO - Sync 1 DAGs
[2024-03-16T10:16:44.321+0000] {logging_mixin.py:188} INFO - [2024-03-16T10:16:44.321+0000] {dag.py:3834} INFO - Setting next_dagrun for example_sensor_decorator to None, run_after=None
[2024-03-16T10:16:44.351+0000] {processor.py:183} INFO - Processing /usr/local/lib/python3.8/dist-packages/airflow/example_dags/example_sensor_decorator.py took 0.071 seconds
