[2024-03-16T09:54:55.467+0000] {processor.py:161} INFO - Started process (PID=762) to work on /usr/local/lib/python3.8/dist-packages/airflow/example_dags/example_complex.py
[2024-03-16T09:54:55.468+0000] {processor.py:830} INFO - Processing file /usr/local/lib/python3.8/dist-packages/airflow/example_dags/example_complex.py for tasks to queue
[2024-03-16T09:54:55.469+0000] {logging_mixin.py:188} INFO - [2024-03-16T09:54:55.469+0000] {dagbag.py:540} INFO - Filling up the DagBag from /usr/local/lib/python3.8/dist-packages/airflow/example_dags/example_complex.py
[2024-03-16T09:54:55.482+0000] {processor.py:840} INFO - DAG(s) 'example_complex' retrieved from /usr/local/lib/python3.8/dist-packages/airflow/example_dags/example_complex.py
[2024-03-16T09:54:55.510+0000] {logging_mixin.py:188} INFO - [2024-03-16T09:54:55.510+0000] {dag.py:3047} INFO - Sync 1 DAGs
[2024-03-16T09:54:55.523+0000] {logging_mixin.py:188} INFO - [2024-03-16T09:54:55.523+0000] {dag.py:3834} INFO - Setting next_dagrun for example_complex to None, run_after=None
[2024-03-16T09:54:55.554+0000] {processor.py:183} INFO - Processing /usr/local/lib/python3.8/dist-packages/airflow/example_dags/example_complex.py took 0.090 seconds
[2024-03-16T09:55:54.418+0000] {processor.py:161} INFO - Started process (PID=887) to work on /usr/local/lib/python3.8/dist-packages/airflow/example_dags/example_complex.py
[2024-03-16T09:55:54.420+0000] {processor.py:830} INFO - Processing file /usr/local/lib/python3.8/dist-packages/airflow/example_dags/example_complex.py for tasks to queue
[2024-03-16T09:55:54.421+0000] {logging_mixin.py:188} INFO - [2024-03-16T09:55:54.421+0000] {dagbag.py:540} INFO - Filling up the DagBag from /usr/local/lib/python3.8/dist-packages/airflow/example_dags/example_complex.py
[2024-03-16T09:55:54.433+0000] {processor.py:840} INFO - DAG(s) 'example_complex' retrieved from /usr/local/lib/python3.8/dist-packages/airflow/example_dags/example_complex.py
[2024-03-16T09:55:54.456+0000] {logging_mixin.py:188} INFO - [2024-03-16T09:55:54.456+0000] {dag.py:3047} INFO - Sync 1 DAGs
[2024-03-16T09:55:54.466+0000] {logging_mixin.py:188} INFO - [2024-03-16T09:55:54.466+0000] {dag.py:3834} INFO - Setting next_dagrun for example_complex to None, run_after=None
[2024-03-16T09:55:54.522+0000] {processor.py:183} INFO - Processing /usr/local/lib/python3.8/dist-packages/airflow/example_dags/example_complex.py took 0.107 seconds
[2024-03-16T09:57:19.144+0000] {processor.py:161} INFO - Started process (PID=991) to work on /usr/local/lib/python3.8/dist-packages/airflow/example_dags/example_complex.py
[2024-03-16T09:57:19.146+0000] {processor.py:830} INFO - Processing file /usr/local/lib/python3.8/dist-packages/airflow/example_dags/example_complex.py for tasks to queue
[2024-03-16T09:57:19.147+0000] {logging_mixin.py:188} INFO - [2024-03-16T09:57:19.147+0000] {dagbag.py:540} INFO - Filling up the DagBag from /usr/local/lib/python3.8/dist-packages/airflow/example_dags/example_complex.py
[2024-03-16T09:57:19.160+0000] {processor.py:840} INFO - DAG(s) 'example_complex' retrieved from /usr/local/lib/python3.8/dist-packages/airflow/example_dags/example_complex.py
[2024-03-16T09:57:19.189+0000] {logging_mixin.py:188} INFO - [2024-03-16T09:57:19.188+0000] {dag.py:3047} INFO - Sync 1 DAGs
[2024-03-16T09:57:19.201+0000] {logging_mixin.py:188} INFO - [2024-03-16T09:57:19.201+0000] {dag.py:3834} INFO - Setting next_dagrun for example_complex to None, run_after=None
[2024-03-16T09:57:19.231+0000] {processor.py:183} INFO - Processing /usr/local/lib/python3.8/dist-packages/airflow/example_dags/example_complex.py took 0.091 seconds
[2024-03-16T09:58:53.558+0000] {processor.py:161} INFO - Started process (PID=1167) to work on /usr/local/lib/python3.8/dist-packages/airflow/example_dags/example_complex.py
[2024-03-16T09:58:53.560+0000] {processor.py:830} INFO - Processing file /usr/local/lib/python3.8/dist-packages/airflow/example_dags/example_complex.py for tasks to queue
[2024-03-16T09:58:53.561+0000] {logging_mixin.py:188} INFO - [2024-03-16T09:58:53.561+0000] {dagbag.py:540} INFO - Filling up the DagBag from /usr/local/lib/python3.8/dist-packages/airflow/example_dags/example_complex.py
[2024-03-16T09:58:53.574+0000] {processor.py:840} INFO - DAG(s) 'example_complex' retrieved from /usr/local/lib/python3.8/dist-packages/airflow/example_dags/example_complex.py
[2024-03-16T09:58:53.602+0000] {logging_mixin.py:188} INFO - [2024-03-16T09:58:53.602+0000] {dag.py:3047} INFO - Sync 1 DAGs
[2024-03-16T09:58:53.615+0000] {logging_mixin.py:188} INFO - [2024-03-16T09:58:53.615+0000] {dag.py:3834} INFO - Setting next_dagrun for example_complex to None, run_after=None
[2024-03-16T09:58:53.805+0000] {processor.py:183} INFO - Processing /usr/local/lib/python3.8/dist-packages/airflow/example_dags/example_complex.py took 0.250 seconds
[2024-03-16T10:04:50.567+0000] {processor.py:161} INFO - Started process (PID=1720) to work on /usr/local/lib/python3.8/dist-packages/airflow/example_dags/example_complex.py
[2024-03-16T10:04:50.568+0000] {processor.py:830} INFO - Processing file /usr/local/lib/python3.8/dist-packages/airflow/example_dags/example_complex.py for tasks to queue
[2024-03-16T10:04:50.569+0000] {logging_mixin.py:188} INFO - [2024-03-16T10:04:50.569+0000] {dagbag.py:540} INFO - Filling up the DagBag from /usr/local/lib/python3.8/dist-packages/airflow/example_dags/example_complex.py
[2024-03-16T10:04:50.582+0000] {processor.py:840} INFO - DAG(s) 'example_complex' retrieved from /usr/local/lib/python3.8/dist-packages/airflow/example_dags/example_complex.py
[2024-03-16T10:04:50.611+0000] {logging_mixin.py:188} INFO - [2024-03-16T10:04:50.611+0000] {dag.py:3047} INFO - Sync 1 DAGs
[2024-03-16T10:04:50.623+0000] {logging_mixin.py:188} INFO - [2024-03-16T10:04:50.623+0000] {dag.py:3834} INFO - Setting next_dagrun for example_complex to None, run_after=None
[2024-03-16T10:04:50.654+0000] {processor.py:183} INFO - Processing /usr/local/lib/python3.8/dist-packages/airflow/example_dags/example_complex.py took 0.090 seconds
[2024-03-16T10:06:09.291+0000] {processor.py:161} INFO - Started process (PID=1845) to work on /usr/local/lib/python3.8/dist-packages/airflow/example_dags/example_complex.py
[2024-03-16T10:06:09.293+0000] {processor.py:830} INFO - Processing file /usr/local/lib/python3.8/dist-packages/airflow/example_dags/example_complex.py for tasks to queue
[2024-03-16T10:06:09.294+0000] {logging_mixin.py:188} INFO - [2024-03-16T10:06:09.293+0000] {dagbag.py:540} INFO - Filling up the DagBag from /usr/local/lib/python3.8/dist-packages/airflow/example_dags/example_complex.py
[2024-03-16T10:06:09.306+0000] {processor.py:840} INFO - DAG(s) 'example_complex' retrieved from /usr/local/lib/python3.8/dist-packages/airflow/example_dags/example_complex.py
[2024-03-16T10:06:09.334+0000] {logging_mixin.py:188} INFO - [2024-03-16T10:06:09.334+0000] {dag.py:3047} INFO - Sync 1 DAGs
[2024-03-16T10:06:09.347+0000] {logging_mixin.py:188} INFO - [2024-03-16T10:06:09.347+0000] {dag.py:3834} INFO - Setting next_dagrun for example_complex to None, run_after=None
[2024-03-16T10:06:09.376+0000] {processor.py:183} INFO - Processing /usr/local/lib/python3.8/dist-packages/airflow/example_dags/example_complex.py took 0.089 seconds
[2024-03-16T10:07:10.811+0000] {processor.py:161} INFO - Started process (PID=1950) to work on /usr/local/lib/python3.8/dist-packages/airflow/example_dags/example_complex.py
[2024-03-16T10:07:10.813+0000] {processor.py:830} INFO - Processing file /usr/local/lib/python3.8/dist-packages/airflow/example_dags/example_complex.py for tasks to queue
[2024-03-16T10:07:10.814+0000] {logging_mixin.py:188} INFO - [2024-03-16T10:07:10.813+0000] {dagbag.py:540} INFO - Filling up the DagBag from /usr/local/lib/python3.8/dist-packages/airflow/example_dags/example_complex.py
[2024-03-16T10:07:10.826+0000] {processor.py:840} INFO - DAG(s) 'example_complex' retrieved from /usr/local/lib/python3.8/dist-packages/airflow/example_dags/example_complex.py
[2024-03-16T10:07:10.855+0000] {logging_mixin.py:188} INFO - [2024-03-16T10:07:10.854+0000] {dag.py:3047} INFO - Sync 1 DAGs
[2024-03-16T10:07:10.867+0000] {logging_mixin.py:188} INFO - [2024-03-16T10:07:10.867+0000] {dag.py:3834} INFO - Setting next_dagrun for example_complex to None, run_after=None
[2024-03-16T10:07:10.899+0000] {processor.py:183} INFO - Processing /usr/local/lib/python3.8/dist-packages/airflow/example_dags/example_complex.py took 0.091 seconds
[2024-03-16T10:08:13.573+0000] {processor.py:161} INFO - Started process (PID=2054) to work on /usr/local/lib/python3.8/dist-packages/airflow/example_dags/example_complex.py
[2024-03-16T10:08:13.575+0000] {processor.py:830} INFO - Processing file /usr/local/lib/python3.8/dist-packages/airflow/example_dags/example_complex.py for tasks to queue
[2024-03-16T10:08:13.576+0000] {logging_mixin.py:188} INFO - [2024-03-16T10:08:13.575+0000] {dagbag.py:540} INFO - Filling up the DagBag from /usr/local/lib/python3.8/dist-packages/airflow/example_dags/example_complex.py
[2024-03-16T10:08:13.588+0000] {processor.py:840} INFO - DAG(s) 'example_complex' retrieved from /usr/local/lib/python3.8/dist-packages/airflow/example_dags/example_complex.py
[2024-03-16T10:08:13.616+0000] {logging_mixin.py:188} INFO - [2024-03-16T10:08:13.616+0000] {dag.py:3047} INFO - Sync 1 DAGs
[2024-03-16T10:08:13.629+0000] {logging_mixin.py:188} INFO - [2024-03-16T10:08:13.629+0000] {dag.py:3834} INFO - Setting next_dagrun for example_complex to None, run_after=None
[2024-03-16T10:08:13.661+0000] {processor.py:183} INFO - Processing /usr/local/lib/python3.8/dist-packages/airflow/example_dags/example_complex.py took 0.091 seconds
[2024-03-16T10:09:16.975+0000] {processor.py:161} INFO - Started process (PID=2160) to work on /usr/local/lib/python3.8/dist-packages/airflow/example_dags/example_complex.py
[2024-03-16T10:09:16.977+0000] {processor.py:830} INFO - Processing file /usr/local/lib/python3.8/dist-packages/airflow/example_dags/example_complex.py for tasks to queue
[2024-03-16T10:09:16.978+0000] {logging_mixin.py:188} INFO - [2024-03-16T10:09:16.978+0000] {dagbag.py:540} INFO - Filling up the DagBag from /usr/local/lib/python3.8/dist-packages/airflow/example_dags/example_complex.py
[2024-03-16T10:09:16.991+0000] {processor.py:840} INFO - DAG(s) 'example_complex' retrieved from /usr/local/lib/python3.8/dist-packages/airflow/example_dags/example_complex.py
[2024-03-16T10:09:17.019+0000] {logging_mixin.py:188} INFO - [2024-03-16T10:09:17.019+0000] {dag.py:3047} INFO - Sync 1 DAGs
[2024-03-16T10:09:17.031+0000] {logging_mixin.py:188} INFO - [2024-03-16T10:09:17.031+0000] {dag.py:3834} INFO - Setting next_dagrun for example_complex to None, run_after=None
[2024-03-16T10:09:17.061+0000] {processor.py:183} INFO - Processing /usr/local/lib/python3.8/dist-packages/airflow/example_dags/example_complex.py took 0.089 seconds
[2024-03-16T10:10:19.065+0000] {processor.py:161} INFO - Started process (PID=2264) to work on /usr/local/lib/python3.8/dist-packages/airflow/example_dags/example_complex.py
[2024-03-16T10:10:19.067+0000] {processor.py:830} INFO - Processing file /usr/local/lib/python3.8/dist-packages/airflow/example_dags/example_complex.py for tasks to queue
[2024-03-16T10:10:19.068+0000] {logging_mixin.py:188} INFO - [2024-03-16T10:10:19.068+0000] {dagbag.py:540} INFO - Filling up the DagBag from /usr/local/lib/python3.8/dist-packages/airflow/example_dags/example_complex.py
[2024-03-16T10:10:19.081+0000] {processor.py:840} INFO - DAG(s) 'example_complex' retrieved from /usr/local/lib/python3.8/dist-packages/airflow/example_dags/example_complex.py
[2024-03-16T10:10:19.109+0000] {logging_mixin.py:188} INFO - [2024-03-16T10:10:19.109+0000] {dag.py:3047} INFO - Sync 1 DAGs
[2024-03-16T10:10:19.122+0000] {logging_mixin.py:188} INFO - [2024-03-16T10:10:19.121+0000] {dag.py:3834} INFO - Setting next_dagrun for example_complex to None, run_after=None
[2024-03-16T10:10:19.151+0000] {processor.py:183} INFO - Processing /usr/local/lib/python3.8/dist-packages/airflow/example_dags/example_complex.py took 0.089 seconds
[2024-03-16T10:12:03.783+0000] {processor.py:161} INFO - Started process (PID=2441) to work on /usr/local/lib/python3.8/dist-packages/airflow/example_dags/example_complex.py
[2024-03-16T10:12:03.785+0000] {processor.py:830} INFO - Processing file /usr/local/lib/python3.8/dist-packages/airflow/example_dags/example_complex.py for tasks to queue
[2024-03-16T10:12:03.786+0000] {logging_mixin.py:188} INFO - [2024-03-16T10:12:03.786+0000] {dagbag.py:540} INFO - Filling up the DagBag from /usr/local/lib/python3.8/dist-packages/airflow/example_dags/example_complex.py
[2024-03-16T10:12:03.799+0000] {processor.py:840} INFO - DAG(s) 'example_complex' retrieved from /usr/local/lib/python3.8/dist-packages/airflow/example_dags/example_complex.py
[2024-03-16T10:12:03.827+0000] {logging_mixin.py:188} INFO - [2024-03-16T10:12:03.827+0000] {dag.py:3047} INFO - Sync 1 DAGs
[2024-03-16T10:12:03.839+0000] {logging_mixin.py:188} INFO - [2024-03-16T10:12:03.839+0000] {dag.py:3834} INFO - Setting next_dagrun for example_complex to None, run_after=None
[2024-03-16T10:12:03.868+0000] {processor.py:183} INFO - Processing /usr/local/lib/python3.8/dist-packages/airflow/example_dags/example_complex.py took 0.088 seconds
[2024-03-16T10:13:05.287+0000] {processor.py:161} INFO - Started process (PID=2547) to work on /usr/local/lib/python3.8/dist-packages/airflow/example_dags/example_complex.py
[2024-03-16T10:13:05.289+0000] {processor.py:830} INFO - Processing file /usr/local/lib/python3.8/dist-packages/airflow/example_dags/example_complex.py for tasks to queue
[2024-03-16T10:13:05.290+0000] {logging_mixin.py:188} INFO - [2024-03-16T10:13:05.289+0000] {dagbag.py:540} INFO - Filling up the DagBag from /usr/local/lib/python3.8/dist-packages/airflow/example_dags/example_complex.py
[2024-03-16T10:13:05.302+0000] {processor.py:840} INFO - DAG(s) 'example_complex' retrieved from /usr/local/lib/python3.8/dist-packages/airflow/example_dags/example_complex.py
[2024-03-16T10:13:05.331+0000] {logging_mixin.py:188} INFO - [2024-03-16T10:13:05.330+0000] {dag.py:3047} INFO - Sync 1 DAGs
[2024-03-16T10:13:05.343+0000] {logging_mixin.py:188} INFO - [2024-03-16T10:13:05.343+0000] {dag.py:3834} INFO - Setting next_dagrun for example_complex to None, run_after=None
[2024-03-16T10:13:05.372+0000] {processor.py:183} INFO - Processing /usr/local/lib/python3.8/dist-packages/airflow/example_dags/example_complex.py took 0.088 seconds
[2024-03-16T10:14:49.043+0000] {processor.py:161} INFO - Started process (PID=2731) to work on /usr/local/lib/python3.8/dist-packages/airflow/example_dags/example_complex.py
[2024-03-16T10:14:49.045+0000] {processor.py:830} INFO - Processing file /usr/local/lib/python3.8/dist-packages/airflow/example_dags/example_complex.py for tasks to queue
[2024-03-16T10:14:49.046+0000] {logging_mixin.py:188} INFO - [2024-03-16T10:14:49.045+0000] {dagbag.py:540} INFO - Filling up the DagBag from /usr/local/lib/python3.8/dist-packages/airflow/example_dags/example_complex.py
[2024-03-16T10:14:49.057+0000] {processor.py:840} INFO - DAG(s) 'example_complex' retrieved from /usr/local/lib/python3.8/dist-packages/airflow/example_dags/example_complex.py
[2024-03-16T10:14:49.081+0000] {logging_mixin.py:188} INFO - [2024-03-16T10:14:49.080+0000] {dag.py:3047} INFO - Sync 1 DAGs
[2024-03-16T10:14:49.090+0000] {logging_mixin.py:188} INFO - [2024-03-16T10:14:49.090+0000] {dag.py:3834} INFO - Setting next_dagrun for example_complex to None, run_after=None
[2024-03-16T10:14:49.115+0000] {processor.py:183} INFO - Processing /usr/local/lib/python3.8/dist-packages/airflow/example_dags/example_complex.py took 0.075 seconds
[2024-03-16T10:15:54.315+0000] {processor.py:161} INFO - Started process (PID=3041) to work on /usr/local/lib/python3.8/dist-packages/airflow/example_dags/example_complex.py
[2024-03-16T10:15:54.317+0000] {processor.py:830} INFO - Processing file /usr/local/lib/python3.8/dist-packages/airflow/example_dags/example_complex.py for tasks to queue
[2024-03-16T10:15:54.318+0000] {logging_mixin.py:188} INFO - [2024-03-16T10:15:54.318+0000] {dagbag.py:540} INFO - Filling up the DagBag from /usr/local/lib/python3.8/dist-packages/airflow/example_dags/example_complex.py
[2024-03-16T10:15:54.331+0000] {processor.py:840} INFO - DAG(s) 'example_complex' retrieved from /usr/local/lib/python3.8/dist-packages/airflow/example_dags/example_complex.py
[2024-03-16T10:15:54.359+0000] {logging_mixin.py:188} INFO - [2024-03-16T10:15:54.359+0000] {dag.py:3047} INFO - Sync 1 DAGs
[2024-03-16T10:15:54.372+0000] {logging_mixin.py:188} INFO - [2024-03-16T10:15:54.371+0000] {dag.py:3834} INFO - Setting next_dagrun for example_complex to None, run_after=None
[2024-03-16T10:15:54.402+0000] {processor.py:183} INFO - Processing /usr/local/lib/python3.8/dist-packages/airflow/example_dags/example_complex.py took 0.089 seconds
[2024-03-16T10:16:59.048+0000] {processor.py:161} INFO - Started process (PID=3147) to work on /usr/local/lib/python3.8/dist-packages/airflow/example_dags/example_complex.py
[2024-03-16T10:16:59.049+0000] {processor.py:830} INFO - Processing file /usr/local/lib/python3.8/dist-packages/airflow/example_dags/example_complex.py for tasks to queue
[2024-03-16T10:16:59.050+0000] {logging_mixin.py:188} INFO - [2024-03-16T10:16:59.050+0000] {dagbag.py:540} INFO - Filling up the DagBag from /usr/local/lib/python3.8/dist-packages/airflow/example_dags/example_complex.py
[2024-03-16T10:16:59.063+0000] {processor.py:840} INFO - DAG(s) 'example_complex' retrieved from /usr/local/lib/python3.8/dist-packages/airflow/example_dags/example_complex.py
[2024-03-16T10:16:59.091+0000] {logging_mixin.py:188} INFO - [2024-03-16T10:16:59.091+0000] {dag.py:3047} INFO - Sync 1 DAGs
[2024-03-16T10:16:59.103+0000] {logging_mixin.py:188} INFO - [2024-03-16T10:16:59.103+0000] {dag.py:3834} INFO - Setting next_dagrun for example_complex to None, run_after=None
[2024-03-16T10:16:59.134+0000] {processor.py:183} INFO - Processing /usr/local/lib/python3.8/dist-packages/airflow/example_dags/example_complex.py took 0.090 seconds
