[2024-03-16T09:54:18.022+0000] {processor.py:161} INFO - Started process (PID=705) to work on /usr/local/lib/python3.8/dist-packages/airflow/example_dags/example_python_decorator.py
[2024-03-16T09:54:18.023+0000] {processor.py:830} INFO - Processing file /usr/local/lib/python3.8/dist-packages/airflow/example_dags/example_python_decorator.py for tasks to queue
[2024-03-16T09:54:18.024+0000] {logging_mixin.py:188} INFO - [2024-03-16T09:54:18.024+0000] {dagbag.py:540} INFO - Filling up the DagBag from /usr/local/lib/python3.8/dist-packages/airflow/example_dags/example_python_decorator.py
[2024-03-16T09:54:18.033+0000] {logging_mixin.py:188} INFO - [2024-03-16T09:54:18.033+0000] {example_python_decorator.py:79} WARNING - The virtalenv_python example task requires virtualenv, please install it.
[2024-03-16T09:54:18.033+0000] {processor.py:840} INFO - DAG(s) 'example_python_decorator' retrieved from /usr/local/lib/python3.8/dist-packages/airflow/example_dags/example_python_decorator.py
[2024-03-16T09:54:18.053+0000] {logging_mixin.py:188} INFO - [2024-03-16T09:54:18.053+0000] {dag.py:3047} INFO - Sync 1 DAGs
[2024-03-16T09:54:18.150+0000] {logging_mixin.py:188} INFO - [2024-03-16T09:54:18.150+0000] {dag.py:3834} INFO - Setting next_dagrun for example_python_decorator to None, run_after=None
[2024-03-16T09:54:18.176+0000] {processor.py:183} INFO - Processing /usr/local/lib/python3.8/dist-packages/airflow/example_dags/example_python_decorator.py took 0.157 seconds
[2024-03-16T09:55:24.433+0000] {processor.py:161} INFO - Started process (PID=823) to work on /usr/local/lib/python3.8/dist-packages/airflow/example_dags/example_python_decorator.py
[2024-03-16T09:55:24.435+0000] {processor.py:830} INFO - Processing file /usr/local/lib/python3.8/dist-packages/airflow/example_dags/example_python_decorator.py for tasks to queue
[2024-03-16T09:55:24.436+0000] {logging_mixin.py:188} INFO - [2024-03-16T09:55:24.436+0000] {dagbag.py:540} INFO - Filling up the DagBag from /usr/local/lib/python3.8/dist-packages/airflow/example_dags/example_python_decorator.py
[2024-03-16T09:55:24.447+0000] {logging_mixin.py:188} INFO - [2024-03-16T09:55:24.446+0000] {example_python_decorator.py:79} WARNING - The virtalenv_python example task requires virtualenv, please install it.
[2024-03-16T09:55:24.447+0000] {processor.py:840} INFO - DAG(s) 'example_python_decorator' retrieved from /usr/local/lib/python3.8/dist-packages/airflow/example_dags/example_python_decorator.py
[2024-03-16T09:55:24.465+0000] {logging_mixin.py:188} INFO - [2024-03-16T09:55:24.465+0000] {dag.py:3047} INFO - Sync 1 DAGs
[2024-03-16T09:55:24.478+0000] {logging_mixin.py:188} INFO - [2024-03-16T09:55:24.477+0000] {dag.py:3834} INFO - Setting next_dagrun for example_python_decorator to None, run_after=None
[2024-03-16T09:55:24.507+0000] {processor.py:183} INFO - Processing /usr/local/lib/python3.8/dist-packages/airflow/example_dags/example_python_decorator.py took 0.077 seconds
[2024-03-16T09:56:21.691+0000] {processor.py:161} INFO - Started process (PID=927) to work on /usr/local/lib/python3.8/dist-packages/airflow/example_dags/example_python_decorator.py
[2024-03-16T09:56:21.694+0000] {processor.py:830} INFO - Processing file /usr/local/lib/python3.8/dist-packages/airflow/example_dags/example_python_decorator.py for tasks to queue
[2024-03-16T09:56:21.695+0000] {logging_mixin.py:188} INFO - [2024-03-16T09:56:21.695+0000] {dagbag.py:540} INFO - Filling up the DagBag from /usr/local/lib/python3.8/dist-packages/airflow/example_dags/example_python_decorator.py
[2024-03-16T09:56:21.707+0000] {logging_mixin.py:188} INFO - [2024-03-16T09:56:21.707+0000] {example_python_decorator.py:79} WARNING - The virtalenv_python example task requires virtualenv, please install it.
[2024-03-16T09:56:21.708+0000] {processor.py:840} INFO - DAG(s) 'example_python_decorator' retrieved from /usr/local/lib/python3.8/dist-packages/airflow/example_dags/example_python_decorator.py
[2024-03-16T09:56:21.727+0000] {logging_mixin.py:188} INFO - [2024-03-16T09:56:21.726+0000] {dag.py:3047} INFO - Sync 1 DAGs
[2024-03-16T09:56:21.739+0000] {logging_mixin.py:188} INFO - [2024-03-16T09:56:21.739+0000] {dag.py:3834} INFO - Setting next_dagrun for example_python_decorator to None, run_after=None
[2024-03-16T09:56:21.875+0000] {processor.py:183} INFO - Processing /usr/local/lib/python3.8/dist-packages/airflow/example_dags/example_python_decorator.py took 0.187 seconds
[2024-03-16T09:57:48.523+0000] {processor.py:161} INFO - Started process (PID=1045) to work on /usr/local/lib/python3.8/dist-packages/airflow/example_dags/example_python_decorator.py
[2024-03-16T09:57:48.525+0000] {processor.py:830} INFO - Processing file /usr/local/lib/python3.8/dist-packages/airflow/example_dags/example_python_decorator.py for tasks to queue
[2024-03-16T09:57:48.526+0000] {logging_mixin.py:188} INFO - [2024-03-16T09:57:48.525+0000] {dagbag.py:540} INFO - Filling up the DagBag from /usr/local/lib/python3.8/dist-packages/airflow/example_dags/example_python_decorator.py
[2024-03-16T09:57:48.538+0000] {logging_mixin.py:188} INFO - [2024-03-16T09:57:48.538+0000] {example_python_decorator.py:79} WARNING - The virtalenv_python example task requires virtualenv, please install it.
[2024-03-16T09:57:48.538+0000] {processor.py:840} INFO - DAG(s) 'example_python_decorator' retrieved from /usr/local/lib/python3.8/dist-packages/airflow/example_dags/example_python_decorator.py
[2024-03-16T09:57:48.556+0000] {logging_mixin.py:188} INFO - [2024-03-16T09:57:48.556+0000] {dag.py:3047} INFO - Sync 1 DAGs
[2024-03-16T09:57:48.570+0000] {logging_mixin.py:188} INFO - [2024-03-16T09:57:48.569+0000] {dag.py:3834} INFO - Setting next_dagrun for example_python_decorator to None, run_after=None
[2024-03-16T09:57:48.599+0000] {processor.py:183} INFO - Processing /usr/local/lib/python3.8/dist-packages/airflow/example_dags/example_python_decorator.py took 0.080 seconds
[2024-03-16T10:03:17.974+0000] {processor.py:161} INFO - Started process (PID=1559) to work on /usr/local/lib/python3.8/dist-packages/airflow/example_dags/example_python_decorator.py
[2024-03-16T10:03:17.976+0000] {processor.py:830} INFO - Processing file /usr/local/lib/python3.8/dist-packages/airflow/example_dags/example_python_decorator.py for tasks to queue
[2024-03-16T10:03:17.977+0000] {logging_mixin.py:188} INFO - [2024-03-16T10:03:17.977+0000] {dagbag.py:540} INFO - Filling up the DagBag from /usr/local/lib/python3.8/dist-packages/airflow/example_dags/example_python_decorator.py
[2024-03-16T10:03:17.987+0000] {logging_mixin.py:188} INFO - [2024-03-16T10:03:17.987+0000] {example_python_decorator.py:79} WARNING - The virtalenv_python example task requires virtualenv, please install it.
[2024-03-16T10:03:17.987+0000] {processor.py:840} INFO - DAG(s) 'example_python_decorator' retrieved from /usr/local/lib/python3.8/dist-packages/airflow/example_dags/example_python_decorator.py
[2024-03-16T10:03:18.013+0000] {logging_mixin.py:188} INFO - [2024-03-16T10:03:18.013+0000] {dag.py:3047} INFO - Sync 1 DAGs
[2024-03-16T10:03:18.120+0000] {logging_mixin.py:188} INFO - [2024-03-16T10:03:18.120+0000] {dag.py:3834} INFO - Setting next_dagrun for example_python_decorator to None, run_after=None
[2024-03-16T10:03:18.150+0000] {processor.py:183} INFO - Processing /usr/local/lib/python3.8/dist-packages/airflow/example_dags/example_python_decorator.py took 0.179 seconds
[2024-03-16T10:05:21.682+0000] {processor.py:161} INFO - Started process (PID=1794) to work on /usr/local/lib/python3.8/dist-packages/airflow/example_dags/example_python_decorator.py
[2024-03-16T10:05:21.684+0000] {processor.py:830} INFO - Processing file /usr/local/lib/python3.8/dist-packages/airflow/example_dags/example_python_decorator.py for tasks to queue
[2024-03-16T10:05:21.685+0000] {logging_mixin.py:188} INFO - [2024-03-16T10:05:21.685+0000] {dagbag.py:540} INFO - Filling up the DagBag from /usr/local/lib/python3.8/dist-packages/airflow/example_dags/example_python_decorator.py
[2024-03-16T10:05:21.695+0000] {logging_mixin.py:188} INFO - [2024-03-16T10:05:21.695+0000] {example_python_decorator.py:79} WARNING - The virtalenv_python example task requires virtualenv, please install it.
[2024-03-16T10:05:21.696+0000] {processor.py:840} INFO - DAG(s) 'example_python_decorator' retrieved from /usr/local/lib/python3.8/dist-packages/airflow/example_dags/example_python_decorator.py
[2024-03-16T10:05:21.714+0000] {logging_mixin.py:188} INFO - [2024-03-16T10:05:21.713+0000] {dag.py:3047} INFO - Sync 1 DAGs
[2024-03-16T10:05:21.726+0000] {logging_mixin.py:188} INFO - [2024-03-16T10:05:21.726+0000] {dag.py:3834} INFO - Setting next_dagrun for example_python_decorator to None, run_after=None
[2024-03-16T10:05:21.774+0000] {processor.py:183} INFO - Processing /usr/local/lib/python3.8/dist-packages/airflow/example_dags/example_python_decorator.py took 0.095 seconds
[2024-03-16T10:06:26.018+0000] {processor.py:161} INFO - Started process (PID=1899) to work on /usr/local/lib/python3.8/dist-packages/airflow/example_dags/example_python_decorator.py
[2024-03-16T10:06:26.020+0000] {processor.py:830} INFO - Processing file /usr/local/lib/python3.8/dist-packages/airflow/example_dags/example_python_decorator.py for tasks to queue
[2024-03-16T10:06:26.020+0000] {logging_mixin.py:188} INFO - [2024-03-16T10:06:26.020+0000] {dagbag.py:540} INFO - Filling up the DagBag from /usr/local/lib/python3.8/dist-packages/airflow/example_dags/example_python_decorator.py
[2024-03-16T10:06:26.031+0000] {logging_mixin.py:188} INFO - [2024-03-16T10:06:26.030+0000] {example_python_decorator.py:79} WARNING - The virtalenv_python example task requires virtualenv, please install it.
[2024-03-16T10:06:26.031+0000] {processor.py:840} INFO - DAG(s) 'example_python_decorator' retrieved from /usr/local/lib/python3.8/dist-packages/airflow/example_dags/example_python_decorator.py
[2024-03-16T10:06:26.049+0000] {logging_mixin.py:188} INFO - [2024-03-16T10:06:26.049+0000] {dag.py:3047} INFO - Sync 1 DAGs
[2024-03-16T10:06:26.062+0000] {logging_mixin.py:188} INFO - [2024-03-16T10:06:26.062+0000] {dag.py:3834} INFO - Setting next_dagrun for example_python_decorator to None, run_after=None
[2024-03-16T10:06:26.092+0000] {processor.py:183} INFO - Processing /usr/local/lib/python3.8/dist-packages/airflow/example_dags/example_python_decorator.py took 0.077 seconds
[2024-03-16T10:07:24.383+0000] {processor.py:161} INFO - Started process (PID=2002) to work on /usr/local/lib/python3.8/dist-packages/airflow/example_dags/example_python_decorator.py
[2024-03-16T10:07:24.385+0000] {processor.py:830} INFO - Processing file /usr/local/lib/python3.8/dist-packages/airflow/example_dags/example_python_decorator.py for tasks to queue
[2024-03-16T10:07:24.386+0000] {logging_mixin.py:188} INFO - [2024-03-16T10:07:24.385+0000] {dagbag.py:540} INFO - Filling up the DagBag from /usr/local/lib/python3.8/dist-packages/airflow/example_dags/example_python_decorator.py
[2024-03-16T10:07:24.396+0000] {logging_mixin.py:188} INFO - [2024-03-16T10:07:24.395+0000] {example_python_decorator.py:79} WARNING - The virtalenv_python example task requires virtualenv, please install it.
[2024-03-16T10:07:24.396+0000] {processor.py:840} INFO - DAG(s) 'example_python_decorator' retrieved from /usr/local/lib/python3.8/dist-packages/airflow/example_dags/example_python_decorator.py
[2024-03-16T10:07:24.414+0000] {logging_mixin.py:188} INFO - [2024-03-16T10:07:24.414+0000] {dag.py:3047} INFO - Sync 1 DAGs
[2024-03-16T10:07:24.427+0000] {logging_mixin.py:188} INFO - [2024-03-16T10:07:24.426+0000] {dag.py:3834} INFO - Setting next_dagrun for example_python_decorator to None, run_after=None
[2024-03-16T10:07:24.457+0000] {processor.py:183} INFO - Processing /usr/local/lib/python3.8/dist-packages/airflow/example_dags/example_python_decorator.py took 0.077 seconds
[2024-03-16T10:08:30.592+0000] {processor.py:161} INFO - Started process (PID=2108) to work on /usr/local/lib/python3.8/dist-packages/airflow/example_dags/example_python_decorator.py
[2024-03-16T10:08:30.594+0000] {processor.py:830} INFO - Processing file /usr/local/lib/python3.8/dist-packages/airflow/example_dags/example_python_decorator.py for tasks to queue
[2024-03-16T10:08:30.595+0000] {logging_mixin.py:188} INFO - [2024-03-16T10:08:30.595+0000] {dagbag.py:540} INFO - Filling up the DagBag from /usr/local/lib/python3.8/dist-packages/airflow/example_dags/example_python_decorator.py
[2024-03-16T10:08:30.605+0000] {logging_mixin.py:188} INFO - [2024-03-16T10:08:30.605+0000] {example_python_decorator.py:79} WARNING - The virtalenv_python example task requires virtualenv, please install it.
[2024-03-16T10:08:30.606+0000] {processor.py:840} INFO - DAG(s) 'example_python_decorator' retrieved from /usr/local/lib/python3.8/dist-packages/airflow/example_dags/example_python_decorator.py
[2024-03-16T10:08:30.624+0000] {logging_mixin.py:188} INFO - [2024-03-16T10:08:30.623+0000] {dag.py:3047} INFO - Sync 1 DAGs
[2024-03-16T10:08:30.636+0000] {logging_mixin.py:188} INFO - [2024-03-16T10:08:30.636+0000] {dag.py:3834} INFO - Setting next_dagrun for example_python_decorator to None, run_after=None
[2024-03-16T10:08:30.667+0000] {processor.py:183} INFO - Processing /usr/local/lib/python3.8/dist-packages/airflow/example_dags/example_python_decorator.py took 0.078 seconds
[2024-03-16T10:09:32.786+0000] {processor.py:161} INFO - Started process (PID=2213) to work on /usr/local/lib/python3.8/dist-packages/airflow/example_dags/example_python_decorator.py
[2024-03-16T10:09:32.788+0000] {processor.py:830} INFO - Processing file /usr/local/lib/python3.8/dist-packages/airflow/example_dags/example_python_decorator.py for tasks to queue
[2024-03-16T10:09:32.789+0000] {logging_mixin.py:188} INFO - [2024-03-16T10:09:32.788+0000] {dagbag.py:540} INFO - Filling up the DagBag from /usr/local/lib/python3.8/dist-packages/airflow/example_dags/example_python_decorator.py
[2024-03-16T10:09:32.799+0000] {logging_mixin.py:188} INFO - [2024-03-16T10:09:32.799+0000] {example_python_decorator.py:79} WARNING - The virtalenv_python example task requires virtualenv, please install it.
[2024-03-16T10:09:32.799+0000] {processor.py:840} INFO - DAG(s) 'example_python_decorator' retrieved from /usr/local/lib/python3.8/dist-packages/airflow/example_dags/example_python_decorator.py
[2024-03-16T10:09:32.817+0000] {logging_mixin.py:188} INFO - [2024-03-16T10:09:32.817+0000] {dag.py:3047} INFO - Sync 1 DAGs
[2024-03-16T10:09:32.829+0000] {logging_mixin.py:188} INFO - [2024-03-16T10:09:32.829+0000] {dag.py:3834} INFO - Setting next_dagrun for example_python_decorator to None, run_after=None
[2024-03-16T10:09:32.876+0000] {processor.py:183} INFO - Processing /usr/local/lib/python3.8/dist-packages/airflow/example_dags/example_python_decorator.py took 0.093 seconds
[2024-03-16T10:10:37.503+0000] {processor.py:161} INFO - Started process (PID=2318) to work on /usr/local/lib/python3.8/dist-packages/airflow/example_dags/example_python_decorator.py
[2024-03-16T10:10:37.505+0000] {processor.py:830} INFO - Processing file /usr/local/lib/python3.8/dist-packages/airflow/example_dags/example_python_decorator.py for tasks to queue
[2024-03-16T10:10:37.506+0000] {logging_mixin.py:188} INFO - [2024-03-16T10:10:37.505+0000] {dagbag.py:540} INFO - Filling up the DagBag from /usr/local/lib/python3.8/dist-packages/airflow/example_dags/example_python_decorator.py
[2024-03-16T10:10:37.516+0000] {logging_mixin.py:188} INFO - [2024-03-16T10:10:37.515+0000] {example_python_decorator.py:79} WARNING - The virtalenv_python example task requires virtualenv, please install it.
[2024-03-16T10:10:37.516+0000] {processor.py:840} INFO - DAG(s) 'example_python_decorator' retrieved from /usr/local/lib/python3.8/dist-packages/airflow/example_dags/example_python_decorator.py
[2024-03-16T10:10:37.534+0000] {logging_mixin.py:188} INFO - [2024-03-16T10:10:37.533+0000] {dag.py:3047} INFO - Sync 1 DAGs
[2024-03-16T10:10:37.546+0000] {logging_mixin.py:188} INFO - [2024-03-16T10:10:37.546+0000] {dag.py:3834} INFO - Setting next_dagrun for example_python_decorator to None, run_after=None
[2024-03-16T10:10:37.814+0000] {processor.py:183} INFO - Processing /usr/local/lib/python3.8/dist-packages/airflow/example_dags/example_python_decorator.py took 0.315 seconds
[2024-03-16T10:11:58.615+0000] {processor.py:161} INFO - Started process (PID=2436) to work on /usr/local/lib/python3.8/dist-packages/airflow/example_dags/example_python_decorator.py
[2024-03-16T10:11:58.617+0000] {processor.py:830} INFO - Processing file /usr/local/lib/python3.8/dist-packages/airflow/example_dags/example_python_decorator.py for tasks to queue
[2024-03-16T10:11:58.618+0000] {logging_mixin.py:188} INFO - [2024-03-16T10:11:58.617+0000] {dagbag.py:540} INFO - Filling up the DagBag from /usr/local/lib/python3.8/dist-packages/airflow/example_dags/example_python_decorator.py
[2024-03-16T10:11:58.628+0000] {logging_mixin.py:188} INFO - [2024-03-16T10:11:58.628+0000] {example_python_decorator.py:79} WARNING - The virtalenv_python example task requires virtualenv, please install it.
[2024-03-16T10:11:58.628+0000] {processor.py:840} INFO - DAG(s) 'example_python_decorator' retrieved from /usr/local/lib/python3.8/dist-packages/airflow/example_dags/example_python_decorator.py
[2024-03-16T10:11:58.646+0000] {logging_mixin.py:188} INFO - [2024-03-16T10:11:58.646+0000] {dag.py:3047} INFO - Sync 1 DAGs
[2024-03-16T10:11:58.658+0000] {logging_mixin.py:188} INFO - [2024-03-16T10:11:58.658+0000] {dag.py:3834} INFO - Setting next_dagrun for example_python_decorator to None, run_after=None
[2024-03-16T10:11:58.689+0000] {processor.py:183} INFO - Processing /usr/local/lib/python3.8/dist-packages/airflow/example_dags/example_python_decorator.py took 0.077 seconds
[2024-03-16T10:12:59.412+0000] {processor.py:161} INFO - Started process (PID=2542) to work on /usr/local/lib/python3.8/dist-packages/airflow/example_dags/example_python_decorator.py
[2024-03-16T10:12:59.414+0000] {processor.py:830} INFO - Processing file /usr/local/lib/python3.8/dist-packages/airflow/example_dags/example_python_decorator.py for tasks to queue
[2024-03-16T10:12:59.415+0000] {logging_mixin.py:188} INFO - [2024-03-16T10:12:59.414+0000] {dagbag.py:540} INFO - Filling up the DagBag from /usr/local/lib/python3.8/dist-packages/airflow/example_dags/example_python_decorator.py
[2024-03-16T10:12:59.425+0000] {logging_mixin.py:188} INFO - [2024-03-16T10:12:59.424+0000] {example_python_decorator.py:79} WARNING - The virtalenv_python example task requires virtualenv, please install it.
[2024-03-16T10:12:59.425+0000] {processor.py:840} INFO - DAG(s) 'example_python_decorator' retrieved from /usr/local/lib/python3.8/dist-packages/airflow/example_dags/example_python_decorator.py
[2024-03-16T10:12:59.443+0000] {logging_mixin.py:188} INFO - [2024-03-16T10:12:59.443+0000] {dag.py:3047} INFO - Sync 1 DAGs
[2024-03-16T10:12:59.456+0000] {logging_mixin.py:188} INFO - [2024-03-16T10:12:59.456+0000] {dag.py:3834} INFO - Setting next_dagrun for example_python_decorator to None, run_after=None
[2024-03-16T10:12:59.487+0000] {processor.py:183} INFO - Processing /usr/local/lib/python3.8/dist-packages/airflow/example_dags/example_python_decorator.py took 0.078 seconds
[2024-03-16T10:14:43.627+0000] {processor.py:161} INFO - Started process (PID=2725) to work on /usr/local/lib/python3.8/dist-packages/airflow/example_dags/example_python_decorator.py
[2024-03-16T10:14:43.629+0000] {processor.py:830} INFO - Processing file /usr/local/lib/python3.8/dist-packages/airflow/example_dags/example_python_decorator.py for tasks to queue
[2024-03-16T10:14:43.630+0000] {logging_mixin.py:188} INFO - [2024-03-16T10:14:43.630+0000] {dagbag.py:540} INFO - Filling up the DagBag from /usr/local/lib/python3.8/dist-packages/airflow/example_dags/example_python_decorator.py
[2024-03-16T10:14:43.639+0000] {logging_mixin.py:188} INFO - [2024-03-16T10:14:43.639+0000] {example_python_decorator.py:79} WARNING - The virtalenv_python example task requires virtualenv, please install it.
[2024-03-16T10:14:43.640+0000] {processor.py:840} INFO - DAG(s) 'example_python_decorator' retrieved from /usr/local/lib/python3.8/dist-packages/airflow/example_dags/example_python_decorator.py
[2024-03-16T10:14:43.654+0000] {logging_mixin.py:188} INFO - [2024-03-16T10:14:43.654+0000] {dag.py:3047} INFO - Sync 1 DAGs
[2024-03-16T10:14:43.663+0000] {logging_mixin.py:188} INFO - [2024-03-16T10:14:43.663+0000] {dag.py:3834} INFO - Setting next_dagrun for example_python_decorator to None, run_after=None
[2024-03-16T10:14:43.688+0000] {processor.py:183} INFO - Processing /usr/local/lib/python3.8/dist-packages/airflow/example_dags/example_python_decorator.py took 0.064 seconds
[2024-03-16T10:15:48.239+0000] {processor.py:161} INFO - Started process (PID=3035) to work on /usr/local/lib/python3.8/dist-packages/airflow/example_dags/example_python_decorator.py
[2024-03-16T10:15:48.241+0000] {processor.py:830} INFO - Processing file /usr/local/lib/python3.8/dist-packages/airflow/example_dags/example_python_decorator.py for tasks to queue
[2024-03-16T10:15:48.242+0000] {logging_mixin.py:188} INFO - [2024-03-16T10:15:48.241+0000] {dagbag.py:540} INFO - Filling up the DagBag from /usr/local/lib/python3.8/dist-packages/airflow/example_dags/example_python_decorator.py
[2024-03-16T10:15:48.252+0000] {logging_mixin.py:188} INFO - [2024-03-16T10:15:48.252+0000] {example_python_decorator.py:79} WARNING - The virtalenv_python example task requires virtualenv, please install it.
[2024-03-16T10:15:48.252+0000] {processor.py:840} INFO - DAG(s) 'example_python_decorator' retrieved from /usr/local/lib/python3.8/dist-packages/airflow/example_dags/example_python_decorator.py
[2024-03-16T10:15:48.270+0000] {logging_mixin.py:188} INFO - [2024-03-16T10:15:48.270+0000] {dag.py:3047} INFO - Sync 1 DAGs
[2024-03-16T10:15:48.283+0000] {logging_mixin.py:188} INFO - [2024-03-16T10:15:48.282+0000] {dag.py:3834} INFO - Setting next_dagrun for example_python_decorator to None, run_after=None
[2024-03-16T10:15:48.312+0000] {processor.py:183} INFO - Processing /usr/local/lib/python3.8/dist-packages/airflow/example_dags/example_python_decorator.py took 0.077 seconds
[2024-03-16T10:16:52.638+0000] {processor.py:161} INFO - Started process (PID=3141) to work on /usr/local/lib/python3.8/dist-packages/airflow/example_dags/example_python_decorator.py
[2024-03-16T10:16:52.640+0000] {processor.py:830} INFO - Processing file /usr/local/lib/python3.8/dist-packages/airflow/example_dags/example_python_decorator.py for tasks to queue
[2024-03-16T10:16:52.641+0000] {logging_mixin.py:188} INFO - [2024-03-16T10:16:52.641+0000] {dagbag.py:540} INFO - Filling up the DagBag from /usr/local/lib/python3.8/dist-packages/airflow/example_dags/example_python_decorator.py
[2024-03-16T10:16:52.651+0000] {logging_mixin.py:188} INFO - [2024-03-16T10:16:52.651+0000] {example_python_decorator.py:79} WARNING - The virtalenv_python example task requires virtualenv, please install it.
[2024-03-16T10:16:52.652+0000] {processor.py:840} INFO - DAG(s) 'example_python_decorator' retrieved from /usr/local/lib/python3.8/dist-packages/airflow/example_dags/example_python_decorator.py
[2024-03-16T10:16:52.670+0000] {logging_mixin.py:188} INFO - [2024-03-16T10:16:52.669+0000] {dag.py:3047} INFO - Sync 1 DAGs
[2024-03-16T10:16:52.682+0000] {logging_mixin.py:188} INFO - [2024-03-16T10:16:52.682+0000] {dag.py:3834} INFO - Setting next_dagrun for example_python_decorator to None, run_after=None
[2024-03-16T10:16:52.713+0000] {processor.py:183} INFO - Processing /usr/local/lib/python3.8/dist-packages/airflow/example_dags/example_python_decorator.py took 0.078 seconds
