[2024-03-16T09:54:12.340+0000] {processor.py:161} INFO - Started process (PID=700) to work on /usr/local/lib/python3.8/dist-packages/airflow/example_dags/example_skip_dag.py
[2024-03-16T09:54:12.341+0000] {processor.py:830} INFO - Processing file /usr/local/lib/python3.8/dist-packages/airflow/example_dags/example_skip_dag.py for tasks to queue
[2024-03-16T09:54:12.342+0000] {logging_mixin.py:188} INFO - [2024-03-16T09:54:12.341+0000] {dagbag.py:540} INFO - Filling up the DagBag from /usr/local/lib/python3.8/dist-packages/airflow/example_dags/example_skip_dag.py
[2024-03-16T09:54:12.350+0000] {processor.py:840} INFO - DAG(s) 'example_skip_dag' retrieved from /usr/local/lib/python3.8/dist-packages/airflow/example_dags/example_skip_dag.py
[2024-03-16T09:54:12.375+0000] {logging_mixin.py:188} INFO - [2024-03-16T09:54:12.375+0000] {dag.py:3047} INFO - Sync 1 DAGs
[2024-03-16T09:54:12.398+0000] {logging_mixin.py:188} INFO - [2024-03-16T09:54:12.398+0000] {dag.py:3834} INFO - Setting next_dagrun for example_skip_dag to 2024-03-15 00:00:00+00:00, run_after=2024-03-16 00:00:00+00:00
[2024-03-16T09:54:12.519+0000] {processor.py:183} INFO - Processing /usr/local/lib/python3.8/dist-packages/airflow/example_dags/example_skip_dag.py took 0.183 seconds
[2024-03-16T09:55:19.314+0000] {processor.py:161} INFO - Started process (PID=818) to work on /usr/local/lib/python3.8/dist-packages/airflow/example_dags/example_skip_dag.py
[2024-03-16T09:55:19.316+0000] {processor.py:830} INFO - Processing file /usr/local/lib/python3.8/dist-packages/airflow/example_dags/example_skip_dag.py for tasks to queue
[2024-03-16T09:55:19.317+0000] {logging_mixin.py:188} INFO - [2024-03-16T09:55:19.317+0000] {dagbag.py:540} INFO - Filling up the DagBag from /usr/local/lib/python3.8/dist-packages/airflow/example_dags/example_skip_dag.py
[2024-03-16T09:55:19.325+0000] {processor.py:840} INFO - DAG(s) 'example_skip_dag' retrieved from /usr/local/lib/python3.8/dist-packages/airflow/example_dags/example_skip_dag.py
[2024-03-16T09:55:19.343+0000] {logging_mixin.py:188} INFO - [2024-03-16T09:55:19.343+0000] {dag.py:3047} INFO - Sync 1 DAGs
[2024-03-16T09:55:19.366+0000] {logging_mixin.py:188} INFO - [2024-03-16T09:55:19.366+0000] {dag.py:3834} INFO - Setting next_dagrun for example_skip_dag to 2024-03-15 00:00:00+00:00, run_after=2024-03-16 00:00:00+00:00
[2024-03-16T09:55:19.395+0000] {processor.py:183} INFO - Processing /usr/local/lib/python3.8/dist-packages/airflow/example_dags/example_skip_dag.py took 0.084 seconds
[2024-03-16T09:56:15.947+0000] {processor.py:161} INFO - Started process (PID=922) to work on /usr/local/lib/python3.8/dist-packages/airflow/example_dags/example_skip_dag.py
[2024-03-16T09:56:15.949+0000] {processor.py:830} INFO - Processing file /usr/local/lib/python3.8/dist-packages/airflow/example_dags/example_skip_dag.py for tasks to queue
[2024-03-16T09:56:15.950+0000] {logging_mixin.py:188} INFO - [2024-03-16T09:56:15.950+0000] {dagbag.py:540} INFO - Filling up the DagBag from /usr/local/lib/python3.8/dist-packages/airflow/example_dags/example_skip_dag.py
[2024-03-16T09:56:15.959+0000] {processor.py:840} INFO - DAG(s) 'example_skip_dag' retrieved from /usr/local/lib/python3.8/dist-packages/airflow/example_dags/example_skip_dag.py
[2024-03-16T09:56:15.977+0000] {logging_mixin.py:188} INFO - [2024-03-16T09:56:15.976+0000] {dag.py:3047} INFO - Sync 1 DAGs
[2024-03-16T09:56:15.999+0000] {logging_mixin.py:188} INFO - [2024-03-16T09:56:15.998+0000] {dag.py:3834} INFO - Setting next_dagrun for example_skip_dag to 2024-03-15 00:00:00+00:00, run_after=2024-03-16 00:00:00+00:00
[2024-03-16T09:56:16.095+0000] {processor.py:183} INFO - Processing /usr/local/lib/python3.8/dist-packages/airflow/example_dags/example_skip_dag.py took 0.151 seconds
[2024-03-16T09:57:43.334+0000] {processor.py:161} INFO - Started process (PID=1040) to work on /usr/local/lib/python3.8/dist-packages/airflow/example_dags/example_skip_dag.py
[2024-03-16T09:57:43.337+0000] {processor.py:830} INFO - Processing file /usr/local/lib/python3.8/dist-packages/airflow/example_dags/example_skip_dag.py for tasks to queue
[2024-03-16T09:57:43.338+0000] {logging_mixin.py:188} INFO - [2024-03-16T09:57:43.337+0000] {dagbag.py:540} INFO - Filling up the DagBag from /usr/local/lib/python3.8/dist-packages/airflow/example_dags/example_skip_dag.py
[2024-03-16T09:57:43.346+0000] {processor.py:840} INFO - DAG(s) 'example_skip_dag' retrieved from /usr/local/lib/python3.8/dist-packages/airflow/example_dags/example_skip_dag.py
[2024-03-16T09:57:43.364+0000] {logging_mixin.py:188} INFO - [2024-03-16T09:57:43.363+0000] {dag.py:3047} INFO - Sync 1 DAGs
[2024-03-16T09:57:43.386+0000] {logging_mixin.py:188} INFO - [2024-03-16T09:57:43.386+0000] {dag.py:3834} INFO - Setting next_dagrun for example_skip_dag to 2024-03-15 00:00:00+00:00, run_after=2024-03-16 00:00:00+00:00
[2024-03-16T09:57:43.416+0000] {processor.py:183} INFO - Processing /usr/local/lib/python3.8/dist-packages/airflow/example_dags/example_skip_dag.py took 0.085 seconds
[2024-03-16T09:59:16.894+0000] {processor.py:161} INFO - Started process (PID=1216) to work on /usr/local/lib/python3.8/dist-packages/airflow/example_dags/example_skip_dag.py
[2024-03-16T09:59:16.897+0000] {processor.py:830} INFO - Processing file /usr/local/lib/python3.8/dist-packages/airflow/example_dags/example_skip_dag.py for tasks to queue
[2024-03-16T09:59:16.898+0000] {logging_mixin.py:188} INFO - [2024-03-16T09:59:16.897+0000] {dagbag.py:540} INFO - Filling up the DagBag from /usr/local/lib/python3.8/dist-packages/airflow/example_dags/example_skip_dag.py
[2024-03-16T09:59:16.906+0000] {processor.py:840} INFO - DAG(s) 'example_skip_dag' retrieved from /usr/local/lib/python3.8/dist-packages/airflow/example_dags/example_skip_dag.py
[2024-03-16T09:59:16.923+0000] {logging_mixin.py:188} INFO - [2024-03-16T09:59:16.923+0000] {dag.py:3047} INFO - Sync 1 DAGs
[2024-03-16T09:59:16.946+0000] {logging_mixin.py:188} INFO - [2024-03-16T09:59:16.946+0000] {dag.py:3834} INFO - Setting next_dagrun for example_skip_dag to 2024-03-15 00:00:00+00:00, run_after=2024-03-16 00:00:00+00:00
[2024-03-16T09:59:16.970+0000] {processor.py:183} INFO - Processing /usr/local/lib/python3.8/dist-packages/airflow/example_dags/example_skip_dag.py took 0.079 seconds
[2024-03-16T10:03:11.705+0000] {processor.py:161} INFO - Started process (PID=1554) to work on /usr/local/lib/python3.8/dist-packages/airflow/example_dags/example_skip_dag.py
[2024-03-16T10:03:11.707+0000] {processor.py:830} INFO - Processing file /usr/local/lib/python3.8/dist-packages/airflow/example_dags/example_skip_dag.py for tasks to queue
[2024-03-16T10:03:11.708+0000] {logging_mixin.py:188} INFO - [2024-03-16T10:03:11.708+0000] {dagbag.py:540} INFO - Filling up the DagBag from /usr/local/lib/python3.8/dist-packages/airflow/example_dags/example_skip_dag.py
[2024-03-16T10:03:11.714+0000] {processor.py:840} INFO - DAG(s) 'example_skip_dag' retrieved from /usr/local/lib/python3.8/dist-packages/airflow/example_dags/example_skip_dag.py
[2024-03-16T10:03:11.733+0000] {logging_mixin.py:188} INFO - [2024-03-16T10:03:11.732+0000] {dag.py:3047} INFO - Sync 1 DAGs
[2024-03-16T10:03:11.828+0000] {logging_mixin.py:188} INFO - [2024-03-16T10:03:11.828+0000] {dag.py:3834} INFO - Setting next_dagrun for example_skip_dag to 2024-03-15 00:00:00+00:00, run_after=2024-03-16 00:00:00+00:00
[2024-03-16T10:03:11.852+0000] {processor.py:183} INFO - Processing /usr/local/lib/python3.8/dist-packages/airflow/example_dags/example_skip_dag.py took 0.150 seconds
[2024-03-16T10:05:17.682+0000] {processor.py:161} INFO - Started process (PID=1789) to work on /usr/local/lib/python3.8/dist-packages/airflow/example_dags/example_skip_dag.py
[2024-03-16T10:05:17.684+0000] {processor.py:830} INFO - Processing file /usr/local/lib/python3.8/dist-packages/airflow/example_dags/example_skip_dag.py for tasks to queue
[2024-03-16T10:05:17.685+0000] {logging_mixin.py:188} INFO - [2024-03-16T10:05:17.684+0000] {dagbag.py:540} INFO - Filling up the DagBag from /usr/local/lib/python3.8/dist-packages/airflow/example_dags/example_skip_dag.py
[2024-03-16T10:05:17.693+0000] {processor.py:840} INFO - DAG(s) 'example_skip_dag' retrieved from /usr/local/lib/python3.8/dist-packages/airflow/example_dags/example_skip_dag.py
[2024-03-16T10:05:17.710+0000] {logging_mixin.py:188} INFO - [2024-03-16T10:05:17.710+0000] {dag.py:3047} INFO - Sync 1 DAGs
[2024-03-16T10:05:17.732+0000] {logging_mixin.py:188} INFO - [2024-03-16T10:05:17.732+0000] {dag.py:3834} INFO - Setting next_dagrun for example_skip_dag to 2024-03-15 00:00:00+00:00, run_after=2024-03-16 00:00:00+00:00
[2024-03-16T10:05:17.763+0000] {processor.py:183} INFO - Processing /usr/local/lib/python3.8/dist-packages/airflow/example_dags/example_skip_dag.py took 0.084 seconds
[2024-03-16T10:06:05.027+0000] {processor.py:161} INFO - Started process (PID=1841) to work on /usr/local/lib/python3.8/dist-packages/airflow/example_dags/example_skip_dag.py
[2024-03-16T10:06:05.029+0000] {processor.py:830} INFO - Processing file /usr/local/lib/python3.8/dist-packages/airflow/example_dags/example_skip_dag.py for tasks to queue
[2024-03-16T10:06:05.030+0000] {logging_mixin.py:188} INFO - [2024-03-16T10:06:05.030+0000] {dagbag.py:540} INFO - Filling up the DagBag from /usr/local/lib/python3.8/dist-packages/airflow/example_dags/example_skip_dag.py
[2024-03-16T10:06:05.038+0000] {processor.py:840} INFO - DAG(s) 'example_skip_dag' retrieved from /usr/local/lib/python3.8/dist-packages/airflow/example_dags/example_skip_dag.py
[2024-03-16T10:06:05.056+0000] {logging_mixin.py:188} INFO - [2024-03-16T10:06:05.055+0000] {dag.py:3047} INFO - Sync 1 DAGs
[2024-03-16T10:06:05.077+0000] {logging_mixin.py:188} INFO - [2024-03-16T10:06:05.077+0000] {dag.py:3834} INFO - Setting next_dagrun for example_skip_dag to 2024-03-15 00:00:00+00:00, run_after=2024-03-16 00:00:00+00:00
[2024-03-16T10:06:05.109+0000] {processor.py:183} INFO - Processing /usr/local/lib/python3.8/dist-packages/airflow/example_dags/example_skip_dag.py took 0.085 seconds
[2024-03-16T10:07:06.135+0000] {processor.py:161} INFO - Started process (PID=1946) to work on /usr/local/lib/python3.8/dist-packages/airflow/example_dags/example_skip_dag.py
[2024-03-16T10:07:06.137+0000] {processor.py:830} INFO - Processing file /usr/local/lib/python3.8/dist-packages/airflow/example_dags/example_skip_dag.py for tasks to queue
[2024-03-16T10:07:06.138+0000] {logging_mixin.py:188} INFO - [2024-03-16T10:07:06.138+0000] {dagbag.py:540} INFO - Filling up the DagBag from /usr/local/lib/python3.8/dist-packages/airflow/example_dags/example_skip_dag.py
[2024-03-16T10:07:06.146+0000] {processor.py:840} INFO - DAG(s) 'example_skip_dag' retrieved from /usr/local/lib/python3.8/dist-packages/airflow/example_dags/example_skip_dag.py
[2024-03-16T10:07:06.161+0000] {logging_mixin.py:188} INFO - [2024-03-16T10:07:06.161+0000] {dag.py:3047} INFO - Sync 1 DAGs
[2024-03-16T10:07:06.178+0000] {logging_mixin.py:188} INFO - [2024-03-16T10:07:06.178+0000] {dag.py:3834} INFO - Setting next_dagrun for example_skip_dag to 2024-03-15 00:00:00+00:00, run_after=2024-03-16 00:00:00+00:00
[2024-03-16T10:07:06.208+0000] {processor.py:183} INFO - Processing /usr/local/lib/python3.8/dist-packages/airflow/example_dags/example_skip_dag.py took 0.075 seconds
[2024-03-16T10:08:07.995+0000] {processor.py:161} INFO - Started process (PID=2049) to work on /usr/local/lib/python3.8/dist-packages/airflow/example_dags/example_skip_dag.py
[2024-03-16T10:08:07.997+0000] {processor.py:830} INFO - Processing file /usr/local/lib/python3.8/dist-packages/airflow/example_dags/example_skip_dag.py for tasks to queue
[2024-03-16T10:08:07.998+0000] {logging_mixin.py:188} INFO - [2024-03-16T10:08:07.998+0000] {dagbag.py:540} INFO - Filling up the DagBag from /usr/local/lib/python3.8/dist-packages/airflow/example_dags/example_skip_dag.py
[2024-03-16T10:08:08.007+0000] {processor.py:840} INFO - DAG(s) 'example_skip_dag' retrieved from /usr/local/lib/python3.8/dist-packages/airflow/example_dags/example_skip_dag.py
[2024-03-16T10:08:08.024+0000] {logging_mixin.py:188} INFO - [2024-03-16T10:08:08.024+0000] {dag.py:3047} INFO - Sync 1 DAGs
[2024-03-16T10:08:08.046+0000] {logging_mixin.py:188} INFO - [2024-03-16T10:08:08.046+0000] {dag.py:3834} INFO - Setting next_dagrun for example_skip_dag to 2024-03-15 00:00:00+00:00, run_after=2024-03-16 00:00:00+00:00
[2024-03-16T10:08:08.073+0000] {processor.py:183} INFO - Processing /usr/local/lib/python3.8/dist-packages/airflow/example_dags/example_skip_dag.py took 0.081 seconds
[2024-03-16T10:09:10.746+0000] {processor.py:161} INFO - Started process (PID=2155) to work on /usr/local/lib/python3.8/dist-packages/airflow/example_dags/example_skip_dag.py
[2024-03-16T10:09:10.748+0000] {processor.py:830} INFO - Processing file /usr/local/lib/python3.8/dist-packages/airflow/example_dags/example_skip_dag.py for tasks to queue
[2024-03-16T10:09:10.749+0000] {logging_mixin.py:188} INFO - [2024-03-16T10:09:10.749+0000] {dagbag.py:540} INFO - Filling up the DagBag from /usr/local/lib/python3.8/dist-packages/airflow/example_dags/example_skip_dag.py
[2024-03-16T10:09:10.757+0000] {processor.py:840} INFO - DAG(s) 'example_skip_dag' retrieved from /usr/local/lib/python3.8/dist-packages/airflow/example_dags/example_skip_dag.py
[2024-03-16T10:09:10.775+0000] {logging_mixin.py:188} INFO - [2024-03-16T10:09:10.775+0000] {dag.py:3047} INFO - Sync 1 DAGs
[2024-03-16T10:09:10.796+0000] {logging_mixin.py:188} INFO - [2024-03-16T10:09:10.796+0000] {dag.py:3834} INFO - Setting next_dagrun for example_skip_dag to 2024-03-15 00:00:00+00:00, run_after=2024-03-16 00:00:00+00:00
[2024-03-16T10:09:10.986+0000] {processor.py:183} INFO - Processing /usr/local/lib/python3.8/dist-packages/airflow/example_dags/example_skip_dag.py took 0.243 seconds
[2024-03-16T10:10:13.230+0000] {processor.py:161} INFO - Started process (PID=2259) to work on /usr/local/lib/python3.8/dist-packages/airflow/example_dags/example_skip_dag.py
[2024-03-16T10:10:13.232+0000] {processor.py:830} INFO - Processing file /usr/local/lib/python3.8/dist-packages/airflow/example_dags/example_skip_dag.py for tasks to queue
[2024-03-16T10:10:13.233+0000] {logging_mixin.py:188} INFO - [2024-03-16T10:10:13.232+0000] {dagbag.py:540} INFO - Filling up the DagBag from /usr/local/lib/python3.8/dist-packages/airflow/example_dags/example_skip_dag.py
[2024-03-16T10:10:13.241+0000] {processor.py:840} INFO - DAG(s) 'example_skip_dag' retrieved from /usr/local/lib/python3.8/dist-packages/airflow/example_dags/example_skip_dag.py
[2024-03-16T10:10:13.259+0000] {logging_mixin.py:188} INFO - [2024-03-16T10:10:13.258+0000] {dag.py:3047} INFO - Sync 1 DAGs
[2024-03-16T10:10:13.280+0000] {logging_mixin.py:188} INFO - [2024-03-16T10:10:13.280+0000] {dag.py:3834} INFO - Setting next_dagrun for example_skip_dag to 2024-03-15 00:00:00+00:00, run_after=2024-03-16 00:00:00+00:00
[2024-03-16T10:10:13.343+0000] {processor.py:183} INFO - Processing /usr/local/lib/python3.8/dist-packages/airflow/example_dags/example_skip_dag.py took 0.116 seconds
[2024-03-16T10:11:54.614+0000] {processor.py:161} INFO - Started process (PID=2431) to work on /usr/local/lib/python3.8/dist-packages/airflow/example_dags/example_skip_dag.py
[2024-03-16T10:11:54.616+0000] {processor.py:830} INFO - Processing file /usr/local/lib/python3.8/dist-packages/airflow/example_dags/example_skip_dag.py for tasks to queue
[2024-03-16T10:11:54.617+0000] {logging_mixin.py:188} INFO - [2024-03-16T10:11:54.617+0000] {dagbag.py:540} INFO - Filling up the DagBag from /usr/local/lib/python3.8/dist-packages/airflow/example_dags/example_skip_dag.py
[2024-03-16T10:11:54.625+0000] {processor.py:840} INFO - DAG(s) 'example_skip_dag' retrieved from /usr/local/lib/python3.8/dist-packages/airflow/example_dags/example_skip_dag.py
[2024-03-16T10:11:54.643+0000] {logging_mixin.py:188} INFO - [2024-03-16T10:11:54.642+0000] {dag.py:3047} INFO - Sync 1 DAGs
[2024-03-16T10:11:54.664+0000] {logging_mixin.py:188} INFO - [2024-03-16T10:11:54.664+0000] {dag.py:3834} INFO - Setting next_dagrun for example_skip_dag to 2024-03-15 00:00:00+00:00, run_after=2024-03-16 00:00:00+00:00
[2024-03-16T10:11:54.694+0000] {processor.py:183} INFO - Processing /usr/local/lib/python3.8/dist-packages/airflow/example_dags/example_skip_dag.py took 0.083 seconds
[2024-03-16T10:12:55.102+0000] {processor.py:161} INFO - Started process (PID=2537) to work on /usr/local/lib/python3.8/dist-packages/airflow/example_dags/example_skip_dag.py
[2024-03-16T10:12:55.104+0000] {processor.py:830} INFO - Processing file /usr/local/lib/python3.8/dist-packages/airflow/example_dags/example_skip_dag.py for tasks to queue
[2024-03-16T10:12:55.105+0000] {logging_mixin.py:188} INFO - [2024-03-16T10:12:55.105+0000] {dagbag.py:540} INFO - Filling up the DagBag from /usr/local/lib/python3.8/dist-packages/airflow/example_dags/example_skip_dag.py
[2024-03-16T10:12:55.113+0000] {processor.py:840} INFO - DAG(s) 'example_skip_dag' retrieved from /usr/local/lib/python3.8/dist-packages/airflow/example_dags/example_skip_dag.py
[2024-03-16T10:12:55.131+0000] {logging_mixin.py:188} INFO - [2024-03-16T10:12:55.131+0000] {dag.py:3047} INFO - Sync 1 DAGs
[2024-03-16T10:12:55.152+0000] {logging_mixin.py:188} INFO - [2024-03-16T10:12:55.152+0000] {dag.py:3834} INFO - Setting next_dagrun for example_skip_dag to 2024-03-15 00:00:00+00:00, run_after=2024-03-16 00:00:00+00:00
[2024-03-16T10:12:55.185+0000] {processor.py:183} INFO - Processing /usr/local/lib/python3.8/dist-packages/airflow/example_dags/example_skip_dag.py took 0.086 seconds
[2024-03-16T10:14:38.662+0000] {processor.py:161} INFO - Started process (PID=2720) to work on /usr/local/lib/python3.8/dist-packages/airflow/example_dags/example_skip_dag.py
[2024-03-16T10:14:38.664+0000] {processor.py:830} INFO - Processing file /usr/local/lib/python3.8/dist-packages/airflow/example_dags/example_skip_dag.py for tasks to queue
[2024-03-16T10:14:38.665+0000] {logging_mixin.py:188} INFO - [2024-03-16T10:14:38.664+0000] {dagbag.py:540} INFO - Filling up the DagBag from /usr/local/lib/python3.8/dist-packages/airflow/example_dags/example_skip_dag.py
[2024-03-16T10:14:38.673+0000] {processor.py:840} INFO - DAG(s) 'example_skip_dag' retrieved from /usr/local/lib/python3.8/dist-packages/airflow/example_dags/example_skip_dag.py
[2024-03-16T10:14:38.690+0000] {logging_mixin.py:188} INFO - [2024-03-16T10:14:38.690+0000] {dag.py:3047} INFO - Sync 1 DAGs
[2024-03-16T10:14:38.712+0000] {logging_mixin.py:188} INFO - [2024-03-16T10:14:38.711+0000] {dag.py:3834} INFO - Setting next_dagrun for example_skip_dag to 2024-03-15 00:00:00+00:00, run_after=2024-03-16 00:00:00+00:00
[2024-03-16T10:14:38.742+0000] {processor.py:183} INFO - Processing /usr/local/lib/python3.8/dist-packages/airflow/example_dags/example_skip_dag.py took 0.083 seconds
[2024-03-16T10:15:43.646+0000] {processor.py:161} INFO - Started process (PID=3030) to work on /usr/local/lib/python3.8/dist-packages/airflow/example_dags/example_skip_dag.py
[2024-03-16T10:15:43.648+0000] {processor.py:830} INFO - Processing file /usr/local/lib/python3.8/dist-packages/airflow/example_dags/example_skip_dag.py for tasks to queue
[2024-03-16T10:15:43.649+0000] {logging_mixin.py:188} INFO - [2024-03-16T10:15:43.648+0000] {dagbag.py:540} INFO - Filling up the DagBag from /usr/local/lib/python3.8/dist-packages/airflow/example_dags/example_skip_dag.py
[2024-03-16T10:15:43.656+0000] {processor.py:840} INFO - DAG(s) 'example_skip_dag' retrieved from /usr/local/lib/python3.8/dist-packages/airflow/example_dags/example_skip_dag.py
[2024-03-16T10:15:43.672+0000] {logging_mixin.py:188} INFO - [2024-03-16T10:15:43.671+0000] {dag.py:3047} INFO - Sync 1 DAGs
[2024-03-16T10:15:43.688+0000] {logging_mixin.py:188} INFO - [2024-03-16T10:15:43.688+0000] {dag.py:3834} INFO - Setting next_dagrun for example_skip_dag to 2024-03-15 00:00:00+00:00, run_after=2024-03-16 00:00:00+00:00
[2024-03-16T10:15:43.712+0000] {processor.py:183} INFO - Processing /usr/local/lib/python3.8/dist-packages/airflow/example_dags/example_skip_dag.py took 0.069 seconds
[2024-03-16T10:16:47.555+0000] {processor.py:161} INFO - Started process (PID=3136) to work on /usr/local/lib/python3.8/dist-packages/airflow/example_dags/example_skip_dag.py
[2024-03-16T10:16:47.556+0000] {processor.py:830} INFO - Processing file /usr/local/lib/python3.8/dist-packages/airflow/example_dags/example_skip_dag.py for tasks to queue
[2024-03-16T10:16:47.557+0000] {logging_mixin.py:188} INFO - [2024-03-16T10:16:47.557+0000] {dagbag.py:540} INFO - Filling up the DagBag from /usr/local/lib/python3.8/dist-packages/airflow/example_dags/example_skip_dag.py
[2024-03-16T10:16:47.566+0000] {processor.py:840} INFO - DAG(s) 'example_skip_dag' retrieved from /usr/local/lib/python3.8/dist-packages/airflow/example_dags/example_skip_dag.py
[2024-03-16T10:16:47.583+0000] {logging_mixin.py:188} INFO - [2024-03-16T10:16:47.583+0000] {dag.py:3047} INFO - Sync 1 DAGs
[2024-03-16T10:16:47.605+0000] {logging_mixin.py:188} INFO - [2024-03-16T10:16:47.605+0000] {dag.py:3834} INFO - Setting next_dagrun for example_skip_dag to 2024-03-15 00:00:00+00:00, run_after=2024-03-16 00:00:00+00:00
[2024-03-16T10:16:47.634+0000] {processor.py:183} INFO - Processing /usr/local/lib/python3.8/dist-packages/airflow/example_dags/example_skip_dag.py took 0.083 seconds
