[2024-03-16T09:54:36.325+0000] {processor.py:161} INFO - Started process (PID=743) to work on /usr/local/lib/python3.8/dist-packages/airflow/example_dags/example_short_circuit_decorator.py
[2024-03-16T09:54:36.326+0000] {processor.py:830} INFO - Processing file /usr/local/lib/python3.8/dist-packages/airflow/example_dags/example_short_circuit_decorator.py for tasks to queue
[2024-03-16T09:54:36.327+0000] {logging_mixin.py:188} INFO - [2024-03-16T09:54:36.327+0000] {dagbag.py:540} INFO - Filling up the DagBag from /usr/local/lib/python3.8/dist-packages/airflow/example_dags/example_short_circuit_decorator.py
[2024-03-16T09:54:36.337+0000] {processor.py:840} INFO - DAG(s) 'example_short_circuit_decorator' retrieved from /usr/local/lib/python3.8/dist-packages/airflow/example_dags/example_short_circuit_decorator.py
[2024-03-16T09:54:36.355+0000] {logging_mixin.py:188} INFO - [2024-03-16T09:54:36.355+0000] {dag.py:3047} INFO - Sync 1 DAGs
[2024-03-16T09:54:36.457+0000] {logging_mixin.py:188} INFO - [2024-03-16T09:54:36.456+0000] {dag.py:3834} INFO - Setting next_dagrun for example_short_circuit_decorator to 2024-03-15 00:00:00+00:00, run_after=2024-03-16 00:00:00+00:00
[2024-03-16T09:54:36.481+0000] {processor.py:183} INFO - Processing /usr/local/lib/python3.8/dist-packages/airflow/example_dags/example_short_circuit_decorator.py took 0.159 seconds
[2024-03-16T09:55:35.350+0000] {processor.py:161} INFO - Started process (PID=834) to work on /usr/local/lib/python3.8/dist-packages/airflow/example_dags/example_short_circuit_decorator.py
[2024-03-16T09:55:35.352+0000] {processor.py:830} INFO - Processing file /usr/local/lib/python3.8/dist-packages/airflow/example_dags/example_short_circuit_decorator.py for tasks to queue
[2024-03-16T09:55:35.353+0000] {logging_mixin.py:188} INFO - [2024-03-16T09:55:35.353+0000] {dagbag.py:540} INFO - Filling up the DagBag from /usr/local/lib/python3.8/dist-packages/airflow/example_dags/example_short_circuit_decorator.py
[2024-03-16T09:55:35.364+0000] {processor.py:840} INFO - DAG(s) 'example_short_circuit_decorator' retrieved from /usr/local/lib/python3.8/dist-packages/airflow/example_dags/example_short_circuit_decorator.py
[2024-03-16T09:55:35.384+0000] {logging_mixin.py:188} INFO - [2024-03-16T09:55:35.384+0000] {dag.py:3047} INFO - Sync 1 DAGs
[2024-03-16T09:55:35.407+0000] {logging_mixin.py:188} INFO - [2024-03-16T09:55:35.406+0000] {dag.py:3834} INFO - Setting next_dagrun for example_short_circuit_decorator to 2024-03-15 00:00:00+00:00, run_after=2024-03-16 00:00:00+00:00
[2024-03-16T09:55:35.436+0000] {processor.py:183} INFO - Processing /usr/local/lib/python3.8/dist-packages/airflow/example_dags/example_short_circuit_decorator.py took 0.090 seconds
[2024-03-16T09:56:55.343+0000] {processor.py:161} INFO - Started process (PID=972) to work on /usr/local/lib/python3.8/dist-packages/airflow/example_dags/example_short_circuit_decorator.py
[2024-03-16T09:56:55.346+0000] {processor.py:830} INFO - Processing file /usr/local/lib/python3.8/dist-packages/airflow/example_dags/example_short_circuit_decorator.py for tasks to queue
[2024-03-16T09:56:55.347+0000] {logging_mixin.py:188} INFO - [2024-03-16T09:56:55.347+0000] {dagbag.py:540} INFO - Filling up the DagBag from /usr/local/lib/python3.8/dist-packages/airflow/example_dags/example_short_circuit_decorator.py
[2024-03-16T09:56:55.358+0000] {processor.py:840} INFO - DAG(s) 'example_short_circuit_decorator' retrieved from /usr/local/lib/python3.8/dist-packages/airflow/example_dags/example_short_circuit_decorator.py
[2024-03-16T09:56:55.378+0000] {logging_mixin.py:188} INFO - [2024-03-16T09:56:55.377+0000] {dag.py:3047} INFO - Sync 1 DAGs
[2024-03-16T09:56:55.400+0000] {logging_mixin.py:188} INFO - [2024-03-16T09:56:55.400+0000] {dag.py:3834} INFO - Setting next_dagrun for example_short_circuit_decorator to 2024-03-15 00:00:00+00:00, run_after=2024-03-16 00:00:00+00:00
[2024-03-16T09:56:55.504+0000] {processor.py:183} INFO - Processing /usr/local/lib/python3.8/dist-packages/airflow/example_dags/example_short_circuit_decorator.py took 0.164 seconds
[2024-03-16T09:57:59.118+0000] {processor.py:161} INFO - Started process (PID=1055) to work on /usr/local/lib/python3.8/dist-packages/airflow/example_dags/example_short_circuit_decorator.py
[2024-03-16T09:57:59.122+0000] {processor.py:830} INFO - Processing file /usr/local/lib/python3.8/dist-packages/airflow/example_dags/example_short_circuit_decorator.py for tasks to queue
[2024-03-16T09:57:59.123+0000] {logging_mixin.py:188} INFO - [2024-03-16T09:57:59.122+0000] {dagbag.py:540} INFO - Filling up the DagBag from /usr/local/lib/python3.8/dist-packages/airflow/example_dags/example_short_circuit_decorator.py
[2024-03-16T09:57:59.134+0000] {processor.py:840} INFO - DAG(s) 'example_short_circuit_decorator' retrieved from /usr/local/lib/python3.8/dist-packages/airflow/example_dags/example_short_circuit_decorator.py
[2024-03-16T09:57:59.153+0000] {logging_mixin.py:188} INFO - [2024-03-16T09:57:59.153+0000] {dag.py:3047} INFO - Sync 1 DAGs
[2024-03-16T09:57:59.176+0000] {logging_mixin.py:188} INFO - [2024-03-16T09:57:59.175+0000] {dag.py:3834} INFO - Setting next_dagrun for example_short_circuit_decorator to 2024-03-15 00:00:00+00:00, run_after=2024-03-16 00:00:00+00:00
[2024-03-16T09:57:59.204+0000] {processor.py:183} INFO - Processing /usr/local/lib/python3.8/dist-packages/airflow/example_dags/example_short_circuit_decorator.py took 0.090 seconds
[2024-03-16T10:03:28.536+0000] {processor.py:161} INFO - Started process (PID=1569) to work on /usr/local/lib/python3.8/dist-packages/airflow/example_dags/example_short_circuit_decorator.py
[2024-03-16T10:03:28.538+0000] {processor.py:830} INFO - Processing file /usr/local/lib/python3.8/dist-packages/airflow/example_dags/example_short_circuit_decorator.py for tasks to queue
[2024-03-16T10:03:28.539+0000] {logging_mixin.py:188} INFO - [2024-03-16T10:03:28.539+0000] {dagbag.py:540} INFO - Filling up the DagBag from /usr/local/lib/python3.8/dist-packages/airflow/example_dags/example_short_circuit_decorator.py
[2024-03-16T10:03:28.550+0000] {processor.py:840} INFO - DAG(s) 'example_short_circuit_decorator' retrieved from /usr/local/lib/python3.8/dist-packages/airflow/example_dags/example_short_circuit_decorator.py
[2024-03-16T10:03:28.670+0000] {logging_mixin.py:188} INFO - [2024-03-16T10:03:28.669+0000] {dag.py:3047} INFO - Sync 1 DAGs
[2024-03-16T10:03:28.689+0000] {logging_mixin.py:188} INFO - [2024-03-16T10:03:28.688+0000] {dag.py:3834} INFO - Setting next_dagrun for example_short_circuit_decorator to 2024-03-15 00:00:00+00:00, run_after=2024-03-16 00:00:00+00:00
[2024-03-16T10:03:28.712+0000] {processor.py:183} INFO - Processing /usr/local/lib/python3.8/dist-packages/airflow/example_dags/example_short_circuit_decorator.py took 0.179 seconds
[2024-03-16T10:05:32.063+0000] {processor.py:161} INFO - Started process (PID=1804) to work on /usr/local/lib/python3.8/dist-packages/airflow/example_dags/example_short_circuit_decorator.py
[2024-03-16T10:05:32.064+0000] {processor.py:830} INFO - Processing file /usr/local/lib/python3.8/dist-packages/airflow/example_dags/example_short_circuit_decorator.py for tasks to queue
[2024-03-16T10:05:32.065+0000] {logging_mixin.py:188} INFO - [2024-03-16T10:05:32.065+0000] {dagbag.py:540} INFO - Filling up the DagBag from /usr/local/lib/python3.8/dist-packages/airflow/example_dags/example_short_circuit_decorator.py
[2024-03-16T10:05:32.076+0000] {processor.py:840} INFO - DAG(s) 'example_short_circuit_decorator' retrieved from /usr/local/lib/python3.8/dist-packages/airflow/example_dags/example_short_circuit_decorator.py
[2024-03-16T10:05:32.096+0000] {logging_mixin.py:188} INFO - [2024-03-16T10:05:32.095+0000] {dag.py:3047} INFO - Sync 1 DAGs
[2024-03-16T10:05:32.117+0000] {logging_mixin.py:188} INFO - [2024-03-16T10:05:32.117+0000] {dag.py:3834} INFO - Setting next_dagrun for example_short_circuit_decorator to 2024-03-15 00:00:00+00:00, run_after=2024-03-16 00:00:00+00:00
[2024-03-16T10:05:32.149+0000] {processor.py:183} INFO - Processing /usr/local/lib/python3.8/dist-packages/airflow/example_dags/example_short_circuit_decorator.py took 0.089 seconds
[2024-03-16T10:06:35.098+0000] {processor.py:161} INFO - Started process (PID=1909) to work on /usr/local/lib/python3.8/dist-packages/airflow/example_dags/example_short_circuit_decorator.py
[2024-03-16T10:06:35.100+0000] {processor.py:830} INFO - Processing file /usr/local/lib/python3.8/dist-packages/airflow/example_dags/example_short_circuit_decorator.py for tasks to queue
[2024-03-16T10:06:35.101+0000] {logging_mixin.py:188} INFO - [2024-03-16T10:06:35.100+0000] {dagbag.py:540} INFO - Filling up the DagBag from /usr/local/lib/python3.8/dist-packages/airflow/example_dags/example_short_circuit_decorator.py
[2024-03-16T10:06:35.112+0000] {processor.py:840} INFO - DAG(s) 'example_short_circuit_decorator' retrieved from /usr/local/lib/python3.8/dist-packages/airflow/example_dags/example_short_circuit_decorator.py
[2024-03-16T10:06:35.131+0000] {logging_mixin.py:188} INFO - [2024-03-16T10:06:35.131+0000] {dag.py:3047} INFO - Sync 1 DAGs
[2024-03-16T10:06:35.153+0000] {logging_mixin.py:188} INFO - [2024-03-16T10:06:35.153+0000] {dag.py:3834} INFO - Setting next_dagrun for example_short_circuit_decorator to 2024-03-15 00:00:00+00:00, run_after=2024-03-16 00:00:00+00:00
[2024-03-16T10:06:35.182+0000] {processor.py:183} INFO - Processing /usr/local/lib/python3.8/dist-packages/airflow/example_dags/example_short_circuit_decorator.py took 0.088 seconds
[2024-03-16T10:07:34.534+0000] {processor.py:161} INFO - Started process (PID=2012) to work on /usr/local/lib/python3.8/dist-packages/airflow/example_dags/example_short_circuit_decorator.py
[2024-03-16T10:07:34.536+0000] {processor.py:830} INFO - Processing file /usr/local/lib/python3.8/dist-packages/airflow/example_dags/example_short_circuit_decorator.py for tasks to queue
[2024-03-16T10:07:34.537+0000] {logging_mixin.py:188} INFO - [2024-03-16T10:07:34.537+0000] {dagbag.py:540} INFO - Filling up the DagBag from /usr/local/lib/python3.8/dist-packages/airflow/example_dags/example_short_circuit_decorator.py
[2024-03-16T10:07:34.548+0000] {processor.py:840} INFO - DAG(s) 'example_short_circuit_decorator' retrieved from /usr/local/lib/python3.8/dist-packages/airflow/example_dags/example_short_circuit_decorator.py
[2024-03-16T10:07:34.567+0000] {logging_mixin.py:188} INFO - [2024-03-16T10:07:34.567+0000] {dag.py:3047} INFO - Sync 1 DAGs
[2024-03-16T10:07:34.589+0000] {logging_mixin.py:188} INFO - [2024-03-16T10:07:34.589+0000] {dag.py:3834} INFO - Setting next_dagrun for example_short_circuit_decorator to 2024-03-15 00:00:00+00:00, run_after=2024-03-16 00:00:00+00:00
[2024-03-16T10:07:34.618+0000] {processor.py:183} INFO - Processing /usr/local/lib/python3.8/dist-packages/airflow/example_dags/example_short_circuit_decorator.py took 0.087 seconds
[2024-03-16T10:08:39.795+0000] {processor.py:161} INFO - Started process (PID=2118) to work on /usr/local/lib/python3.8/dist-packages/airflow/example_dags/example_short_circuit_decorator.py
[2024-03-16T10:08:39.797+0000] {processor.py:830} INFO - Processing file /usr/local/lib/python3.8/dist-packages/airflow/example_dags/example_short_circuit_decorator.py for tasks to queue
[2024-03-16T10:08:39.798+0000] {logging_mixin.py:188} INFO - [2024-03-16T10:08:39.798+0000] {dagbag.py:540} INFO - Filling up the DagBag from /usr/local/lib/python3.8/dist-packages/airflow/example_dags/example_short_circuit_decorator.py
[2024-03-16T10:08:39.809+0000] {processor.py:840} INFO - DAG(s) 'example_short_circuit_decorator' retrieved from /usr/local/lib/python3.8/dist-packages/airflow/example_dags/example_short_circuit_decorator.py
[2024-03-16T10:08:39.829+0000] {logging_mixin.py:188} INFO - [2024-03-16T10:08:39.828+0000] {dag.py:3047} INFO - Sync 1 DAGs
[2024-03-16T10:08:39.851+0000] {logging_mixin.py:188} INFO - [2024-03-16T10:08:39.850+0000] {dag.py:3834} INFO - Setting next_dagrun for example_short_circuit_decorator to 2024-03-15 00:00:00+00:00, run_after=2024-03-16 00:00:00+00:00
[2024-03-16T10:08:39.882+0000] {processor.py:183} INFO - Processing /usr/local/lib/python3.8/dist-packages/airflow/example_dags/example_short_circuit_decorator.py took 0.090 seconds
[2024-03-16T10:09:41.987+0000] {processor.py:161} INFO - Started process (PID=2223) to work on /usr/local/lib/python3.8/dist-packages/airflow/example_dags/example_short_circuit_decorator.py
[2024-03-16T10:09:41.989+0000] {processor.py:830} INFO - Processing file /usr/local/lib/python3.8/dist-packages/airflow/example_dags/example_short_circuit_decorator.py for tasks to queue
[2024-03-16T10:09:41.990+0000] {logging_mixin.py:188} INFO - [2024-03-16T10:09:41.990+0000] {dagbag.py:540} INFO - Filling up the DagBag from /usr/local/lib/python3.8/dist-packages/airflow/example_dags/example_short_circuit_decorator.py
[2024-03-16T10:09:42.001+0000] {processor.py:840} INFO - DAG(s) 'example_short_circuit_decorator' retrieved from /usr/local/lib/python3.8/dist-packages/airflow/example_dags/example_short_circuit_decorator.py
[2024-03-16T10:09:42.021+0000] {logging_mixin.py:188} INFO - [2024-03-16T10:09:42.020+0000] {dag.py:3047} INFO - Sync 1 DAGs
[2024-03-16T10:09:42.043+0000] {logging_mixin.py:188} INFO - [2024-03-16T10:09:42.043+0000] {dag.py:3834} INFO - Setting next_dagrun for example_short_circuit_decorator to 2024-03-15 00:00:00+00:00, run_after=2024-03-16 00:00:00+00:00
[2024-03-16T10:09:42.076+0000] {processor.py:183} INFO - Processing /usr/local/lib/python3.8/dist-packages/airflow/example_dags/example_short_circuit_decorator.py took 0.092 seconds
[2024-03-16T10:10:47.887+0000] {processor.py:161} INFO - Started process (PID=2328) to work on /usr/local/lib/python3.8/dist-packages/airflow/example_dags/example_short_circuit_decorator.py
[2024-03-16T10:10:47.889+0000] {processor.py:830} INFO - Processing file /usr/local/lib/python3.8/dist-packages/airflow/example_dags/example_short_circuit_decorator.py for tasks to queue
[2024-03-16T10:10:47.890+0000] {logging_mixin.py:188} INFO - [2024-03-16T10:10:47.890+0000] {dagbag.py:540} INFO - Filling up the DagBag from /usr/local/lib/python3.8/dist-packages/airflow/example_dags/example_short_circuit_decorator.py
[2024-03-16T10:10:47.899+0000] {processor.py:840} INFO - DAG(s) 'example_short_circuit_decorator' retrieved from /usr/local/lib/python3.8/dist-packages/airflow/example_dags/example_short_circuit_decorator.py
[2024-03-16T10:10:47.913+0000] {logging_mixin.py:188} INFO - [2024-03-16T10:10:47.913+0000] {dag.py:3047} INFO - Sync 1 DAGs
[2024-03-16T10:10:47.930+0000] {logging_mixin.py:188} INFO - [2024-03-16T10:10:47.930+0000] {dag.py:3834} INFO - Setting next_dagrun for example_short_circuit_decorator to 2024-03-15 00:00:00+00:00, run_after=2024-03-16 00:00:00+00:00
[2024-03-16T10:10:47.977+0000] {processor.py:183} INFO - Processing /usr/local/lib/python3.8/dist-packages/airflow/example_dags/example_short_circuit_decorator.py took 0.093 seconds
[2024-03-16T10:12:31.807+0000] {processor.py:161} INFO - Started process (PID=2513) to work on /usr/local/lib/python3.8/dist-packages/airflow/example_dags/example_short_circuit_decorator.py
[2024-03-16T10:12:31.809+0000] {processor.py:830} INFO - Processing file /usr/local/lib/python3.8/dist-packages/airflow/example_dags/example_short_circuit_decorator.py for tasks to queue
[2024-03-16T10:12:31.810+0000] {logging_mixin.py:188} INFO - [2024-03-16T10:12:31.809+0000] {dagbag.py:540} INFO - Filling up the DagBag from /usr/local/lib/python3.8/dist-packages/airflow/example_dags/example_short_circuit_decorator.py
[2024-03-16T10:12:31.819+0000] {processor.py:840} INFO - DAG(s) 'example_short_circuit_decorator' retrieved from /usr/local/lib/python3.8/dist-packages/airflow/example_dags/example_short_circuit_decorator.py
[2024-03-16T10:12:31.833+0000] {logging_mixin.py:188} INFO - [2024-03-16T10:12:31.833+0000] {dag.py:3047} INFO - Sync 1 DAGs
[2024-03-16T10:12:31.850+0000] {logging_mixin.py:188} INFO - [2024-03-16T10:12:31.850+0000] {dag.py:3834} INFO - Setting next_dagrun for example_short_circuit_decorator to 2024-03-15 00:00:00+00:00, run_after=2024-03-16 00:00:00+00:00
[2024-03-16T10:12:31.876+0000] {processor.py:183} INFO - Processing /usr/local/lib/python3.8/dist-packages/airflow/example_dags/example_short_circuit_decorator.py took 0.072 seconds
[2024-03-16T10:14:07.091+0000] {processor.py:161} INFO - Started process (PID=2682) to work on /usr/local/lib/python3.8/dist-packages/airflow/example_dags/example_short_circuit_decorator.py
[2024-03-16T10:14:07.093+0000] {processor.py:830} INFO - Processing file /usr/local/lib/python3.8/dist-packages/airflow/example_dags/example_short_circuit_decorator.py for tasks to queue
[2024-03-16T10:14:07.094+0000] {logging_mixin.py:188} INFO - [2024-03-16T10:14:07.094+0000] {dagbag.py:540} INFO - Filling up the DagBag from /usr/local/lib/python3.8/dist-packages/airflow/example_dags/example_short_circuit_decorator.py
[2024-03-16T10:14:07.105+0000] {processor.py:840} INFO - DAG(s) 'example_short_circuit_decorator' retrieved from /usr/local/lib/python3.8/dist-packages/airflow/example_dags/example_short_circuit_decorator.py
[2024-03-16T10:14:07.124+0000] {logging_mixin.py:188} INFO - [2024-03-16T10:14:07.124+0000] {dag.py:3047} INFO - Sync 1 DAGs
[2024-03-16T10:14:07.147+0000] {logging_mixin.py:188} INFO - [2024-03-16T10:14:07.147+0000] {dag.py:3834} INFO - Setting next_dagrun for example_short_circuit_decorator to 2024-03-15 00:00:00+00:00, run_after=2024-03-16 00:00:00+00:00
[2024-03-16T10:14:07.207+0000] {processor.py:183} INFO - Processing /usr/local/lib/python3.8/dist-packages/airflow/example_dags/example_short_circuit_decorator.py took 0.119 seconds
[2024-03-16T10:15:14.467+0000] {processor.py:161} INFO - Started process (PID=2998) to work on /usr/local/lib/python3.8/dist-packages/airflow/example_dags/example_short_circuit_decorator.py
[2024-03-16T10:15:14.469+0000] {processor.py:830} INFO - Processing file /usr/local/lib/python3.8/dist-packages/airflow/example_dags/example_short_circuit_decorator.py for tasks to queue
[2024-03-16T10:15:14.470+0000] {logging_mixin.py:188} INFO - [2024-03-16T10:15:14.470+0000] {dagbag.py:540} INFO - Filling up the DagBag from /usr/local/lib/python3.8/dist-packages/airflow/example_dags/example_short_circuit_decorator.py
[2024-03-16T10:15:14.481+0000] {processor.py:840} INFO - DAG(s) 'example_short_circuit_decorator' retrieved from /usr/local/lib/python3.8/dist-packages/airflow/example_dags/example_short_circuit_decorator.py
[2024-03-16T10:15:14.500+0000] {logging_mixin.py:188} INFO - [2024-03-16T10:15:14.500+0000] {dag.py:3047} INFO - Sync 1 DAGs
[2024-03-16T10:15:14.522+0000] {logging_mixin.py:188} INFO - [2024-03-16T10:15:14.522+0000] {dag.py:3834} INFO - Setting next_dagrun for example_short_circuit_decorator to 2024-03-15 00:00:00+00:00, run_after=2024-03-16 00:00:00+00:00
[2024-03-16T10:15:14.785+0000] {processor.py:183} INFO - Processing /usr/local/lib/python3.8/dist-packages/airflow/example_dags/example_short_circuit_decorator.py took 0.321 seconds
[2024-03-16T10:16:22.555+0000] {processor.py:161} INFO - Started process (PID=3112) to work on /usr/local/lib/python3.8/dist-packages/airflow/example_dags/example_short_circuit_decorator.py
[2024-03-16T10:16:22.557+0000] {processor.py:830} INFO - Processing file /usr/local/lib/python3.8/dist-packages/airflow/example_dags/example_short_circuit_decorator.py for tasks to queue
[2024-03-16T10:16:22.558+0000] {logging_mixin.py:188} INFO - [2024-03-16T10:16:22.557+0000] {dagbag.py:540} INFO - Filling up the DagBag from /usr/local/lib/python3.8/dist-packages/airflow/example_dags/example_short_circuit_decorator.py
[2024-03-16T10:16:22.569+0000] {processor.py:840} INFO - DAG(s) 'example_short_circuit_decorator' retrieved from /usr/local/lib/python3.8/dist-packages/airflow/example_dags/example_short_circuit_decorator.py
[2024-03-16T10:16:22.588+0000] {logging_mixin.py:188} INFO - [2024-03-16T10:16:22.588+0000] {dag.py:3047} INFO - Sync 1 DAGs
[2024-03-16T10:16:22.610+0000] {logging_mixin.py:188} INFO - [2024-03-16T10:16:22.610+0000] {dag.py:3834} INFO - Setting next_dagrun for example_short_circuit_decorator to 2024-03-15 00:00:00+00:00, run_after=2024-03-16 00:00:00+00:00
[2024-03-16T10:16:22.642+0000] {processor.py:183} INFO - Processing /usr/local/lib/python3.8/dist-packages/airflow/example_dags/example_short_circuit_decorator.py took 0.090 seconds
[2024-03-16T10:17:26.907+0000] {processor.py:161} INFO - Started process (PID=3218) to work on /usr/local/lib/python3.8/dist-packages/airflow/example_dags/example_short_circuit_decorator.py
[2024-03-16T10:17:26.909+0000] {processor.py:830} INFO - Processing file /usr/local/lib/python3.8/dist-packages/airflow/example_dags/example_short_circuit_decorator.py for tasks to queue
[2024-03-16T10:17:26.910+0000] {logging_mixin.py:188} INFO - [2024-03-16T10:17:26.909+0000] {dagbag.py:540} INFO - Filling up the DagBag from /usr/local/lib/python3.8/dist-packages/airflow/example_dags/example_short_circuit_decorator.py
[2024-03-16T10:17:26.921+0000] {processor.py:840} INFO - DAG(s) 'example_short_circuit_decorator' retrieved from /usr/local/lib/python3.8/dist-packages/airflow/example_dags/example_short_circuit_decorator.py
[2024-03-16T10:17:26.940+0000] {logging_mixin.py:188} INFO - [2024-03-16T10:17:26.940+0000] {dag.py:3047} INFO - Sync 1 DAGs
[2024-03-16T10:17:26.962+0000] {logging_mixin.py:188} INFO - [2024-03-16T10:17:26.962+0000] {dag.py:3834} INFO - Setting next_dagrun for example_short_circuit_decorator to 2024-03-15 00:00:00+00:00, run_after=2024-03-16 00:00:00+00:00
[2024-03-16T10:17:26.992+0000] {processor.py:183} INFO - Processing /usr/local/lib/python3.8/dist-packages/airflow/example_dags/example_short_circuit_decorator.py took 0.088 seconds
