[2024-03-16T09:54:02.343+0000] {processor.py:161} INFO - Started process (PID=685) to work on /usr/local/lib/python3.8/dist-packages/airflow/example_dags/example_python_operator.py
[2024-03-16T09:54:02.344+0000] {processor.py:830} INFO - Processing file /usr/local/lib/python3.8/dist-packages/airflow/example_dags/example_python_operator.py for tasks to queue
[2024-03-16T09:54:02.345+0000] {logging_mixin.py:188} INFO - [2024-03-16T09:54:02.345+0000] {dagbag.py:540} INFO - Filling up the DagBag from /usr/local/lib/python3.8/dist-packages/airflow/example_dags/example_python_operator.py
[2024-03-16T09:54:02.352+0000] {logging_mixin.py:188} INFO - [2024-03-16T09:54:02.352+0000] {example_python_operator.py:88} WARNING - The virtalenv_python example task requires virtualenv, please install it.
[2024-03-16T09:54:02.356+0000] {processor.py:840} INFO - DAG(s) 'example_python_operator' retrieved from /usr/local/lib/python3.8/dist-packages/airflow/example_dags/example_python_operator.py
[2024-03-16T09:54:02.382+0000] {logging_mixin.py:188} INFO - [2024-03-16T09:54:02.382+0000] {dag.py:3047} INFO - Sync 1 DAGs
[2024-03-16T09:54:02.395+0000] {logging_mixin.py:188} INFO - [2024-03-16T09:54:02.395+0000] {dag.py:3834} INFO - Setting next_dagrun for example_python_operator to None, run_after=None
[2024-03-16T09:54:02.430+0000] {processor.py:183} INFO - Processing /usr/local/lib/python3.8/dist-packages/airflow/example_dags/example_python_operator.py took 0.090 seconds
[2024-03-16T09:55:12.850+0000] {processor.py:161} INFO - Started process (PID=812) to work on /usr/local/lib/python3.8/dist-packages/airflow/example_dags/example_python_operator.py
[2024-03-16T09:55:12.853+0000] {processor.py:830} INFO - Processing file /usr/local/lib/python3.8/dist-packages/airflow/example_dags/example_python_operator.py for tasks to queue
[2024-03-16T09:55:12.854+0000] {logging_mixin.py:188} INFO - [2024-03-16T09:55:12.854+0000] {dagbag.py:540} INFO - Filling up the DagBag from /usr/local/lib/python3.8/dist-packages/airflow/example_dags/example_python_operator.py
[2024-03-16T09:55:12.862+0000] {logging_mixin.py:188} INFO - [2024-03-16T09:55:12.862+0000] {example_python_operator.py:88} WARNING - The virtalenv_python example task requires virtualenv, please install it.
[2024-03-16T09:55:12.862+0000] {processor.py:840} INFO - DAG(s) 'example_python_operator' retrieved from /usr/local/lib/python3.8/dist-packages/airflow/example_dags/example_python_operator.py
[2024-03-16T09:55:12.881+0000] {logging_mixin.py:188} INFO - [2024-03-16T09:55:12.880+0000] {dag.py:3047} INFO - Sync 1 DAGs
[2024-03-16T09:55:12.893+0000] {logging_mixin.py:188} INFO - [2024-03-16T09:55:12.893+0000] {dag.py:3834} INFO - Setting next_dagrun for example_python_operator to None, run_after=None
[2024-03-16T09:55:12.922+0000] {processor.py:183} INFO - Processing /usr/local/lib/python3.8/dist-packages/airflow/example_dags/example_python_operator.py took 0.075 seconds
[2024-03-16T09:56:09.291+0000] {processor.py:161} INFO - Started process (PID=916) to work on /usr/local/lib/python3.8/dist-packages/airflow/example_dags/example_python_operator.py
[2024-03-16T09:56:09.293+0000] {processor.py:830} INFO - Processing file /usr/local/lib/python3.8/dist-packages/airflow/example_dags/example_python_operator.py for tasks to queue
[2024-03-16T09:56:09.293+0000] {logging_mixin.py:188} INFO - [2024-03-16T09:56:09.293+0000] {dagbag.py:540} INFO - Filling up the DagBag from /usr/local/lib/python3.8/dist-packages/airflow/example_dags/example_python_operator.py
[2024-03-16T09:56:09.301+0000] {logging_mixin.py:188} INFO - [2024-03-16T09:56:09.300+0000] {example_python_operator.py:88} WARNING - The virtalenv_python example task requires virtualenv, please install it.
[2024-03-16T09:56:09.301+0000] {processor.py:840} INFO - DAG(s) 'example_python_operator' retrieved from /usr/local/lib/python3.8/dist-packages/airflow/example_dags/example_python_operator.py
[2024-03-16T09:56:09.315+0000] {logging_mixin.py:188} INFO - [2024-03-16T09:56:09.315+0000] {dag.py:3047} INFO - Sync 1 DAGs
[2024-03-16T09:56:09.325+0000] {logging_mixin.py:188} INFO - [2024-03-16T09:56:09.325+0000] {dag.py:3834} INFO - Setting next_dagrun for example_python_operator to None, run_after=None
[2024-03-16T09:56:09.389+0000] {processor.py:183} INFO - Processing /usr/local/lib/python3.8/dist-packages/airflow/example_dags/example_python_operator.py took 0.100 seconds
[2024-03-16T09:56:50.667+0000] {processor.py:161} INFO - Started process (PID=968) to work on /usr/local/lib/python3.8/dist-packages/airflow/example_dags/example_python_operator.py
[2024-03-16T09:56:50.669+0000] {processor.py:830} INFO - Processing file /usr/local/lib/python3.8/dist-packages/airflow/example_dags/example_python_operator.py for tasks to queue
[2024-03-16T09:56:50.670+0000] {logging_mixin.py:188} INFO - [2024-03-16T09:56:50.670+0000] {dagbag.py:540} INFO - Filling up the DagBag from /usr/local/lib/python3.8/dist-packages/airflow/example_dags/example_python_operator.py
[2024-03-16T09:56:50.680+0000] {logging_mixin.py:188} INFO - [2024-03-16T09:56:50.680+0000] {example_python_operator.py:88} WARNING - The virtalenv_python example task requires virtualenv, please install it.
[2024-03-16T09:56:50.680+0000] {processor.py:840} INFO - DAG(s) 'example_python_operator' retrieved from /usr/local/lib/python3.8/dist-packages/airflow/example_dags/example_python_operator.py
[2024-03-16T09:56:50.698+0000] {logging_mixin.py:188} INFO - [2024-03-16T09:56:50.698+0000] {dag.py:3047} INFO - Sync 1 DAGs
[2024-03-16T09:56:50.711+0000] {logging_mixin.py:188} INFO - [2024-03-16T09:56:50.711+0000] {dag.py:3834} INFO - Setting next_dagrun for example_python_operator to None, run_after=None
[2024-03-16T09:56:50.913+0000] {processor.py:183} INFO - Processing /usr/local/lib/python3.8/dist-packages/airflow/example_dags/example_python_operator.py took 0.249 seconds
[2024-03-16T09:57:36.026+0000] {processor.py:161} INFO - Started process (PID=1033) to work on /usr/local/lib/python3.8/dist-packages/airflow/example_dags/example_python_operator.py
[2024-03-16T09:57:36.028+0000] {processor.py:830} INFO - Processing file /usr/local/lib/python3.8/dist-packages/airflow/example_dags/example_python_operator.py for tasks to queue
[2024-03-16T09:57:36.029+0000] {logging_mixin.py:188} INFO - [2024-03-16T09:57:36.029+0000] {dagbag.py:540} INFO - Filling up the DagBag from /usr/local/lib/python3.8/dist-packages/airflow/example_dags/example_python_operator.py
[2024-03-16T09:57:36.039+0000] {logging_mixin.py:188} INFO - [2024-03-16T09:57:36.039+0000] {example_python_operator.py:88} WARNING - The virtalenv_python example task requires virtualenv, please install it.
[2024-03-16T09:57:36.039+0000] {processor.py:840} INFO - DAG(s) 'example_python_operator' retrieved from /usr/local/lib/python3.8/dist-packages/airflow/example_dags/example_python_operator.py
[2024-03-16T09:57:36.057+0000] {logging_mixin.py:188} INFO - [2024-03-16T09:57:36.057+0000] {dag.py:3047} INFO - Sync 1 DAGs
[2024-03-16T09:57:36.070+0000] {logging_mixin.py:188} INFO - [2024-03-16T09:57:36.070+0000] {dag.py:3834} INFO - Setting next_dagrun for example_python_operator to None, run_after=None
[2024-03-16T09:57:36.234+0000] {processor.py:183} INFO - Processing /usr/local/lib/python3.8/dist-packages/airflow/example_dags/example_python_operator.py took 0.211 seconds
[2024-03-16T09:59:10.499+0000] {processor.py:161} INFO - Started process (PID=1210) to work on /usr/local/lib/python3.8/dist-packages/airflow/example_dags/example_python_operator.py
[2024-03-16T09:59:10.501+0000] {processor.py:830} INFO - Processing file /usr/local/lib/python3.8/dist-packages/airflow/example_dags/example_python_operator.py for tasks to queue
[2024-03-16T09:59:10.502+0000] {logging_mixin.py:188} INFO - [2024-03-16T09:59:10.502+0000] {dagbag.py:540} INFO - Filling up the DagBag from /usr/local/lib/python3.8/dist-packages/airflow/example_dags/example_python_operator.py
[2024-03-16T09:59:10.512+0000] {logging_mixin.py:188} INFO - [2024-03-16T09:59:10.512+0000] {example_python_operator.py:88} WARNING - The virtalenv_python example task requires virtualenv, please install it.
[2024-03-16T09:59:10.512+0000] {processor.py:840} INFO - DAG(s) 'example_python_operator' retrieved from /usr/local/lib/python3.8/dist-packages/airflow/example_dags/example_python_operator.py
[2024-03-16T09:59:10.530+0000] {logging_mixin.py:188} INFO - [2024-03-16T09:59:10.530+0000] {dag.py:3047} INFO - Sync 1 DAGs
[2024-03-16T09:59:10.543+0000] {logging_mixin.py:188} INFO - [2024-03-16T09:59:10.543+0000] {dag.py:3834} INFO - Setting next_dagrun for example_python_operator to None, run_after=None
[2024-03-16T09:59:10.574+0000] {processor.py:183} INFO - Processing /usr/local/lib/python3.8/dist-packages/airflow/example_dags/example_python_operator.py took 0.078 seconds
[2024-03-16T10:03:04.122+0000] {processor.py:161} INFO - Started process (PID=1548) to work on /usr/local/lib/python3.8/dist-packages/airflow/example_dags/example_python_operator.py
[2024-03-16T10:03:04.124+0000] {processor.py:830} INFO - Processing file /usr/local/lib/python3.8/dist-packages/airflow/example_dags/example_python_operator.py for tasks to queue
[2024-03-16T10:03:04.125+0000] {logging_mixin.py:188} INFO - [2024-03-16T10:03:04.124+0000] {dagbag.py:540} INFO - Filling up the DagBag from /usr/local/lib/python3.8/dist-packages/airflow/example_dags/example_python_operator.py
[2024-03-16T10:03:04.132+0000] {logging_mixin.py:188} INFO - [2024-03-16T10:03:04.132+0000] {example_python_operator.py:88} WARNING - The virtalenv_python example task requires virtualenv, please install it.
[2024-03-16T10:03:04.135+0000] {processor.py:840} INFO - DAG(s) 'example_python_operator' retrieved from /usr/local/lib/python3.8/dist-packages/airflow/example_dags/example_python_operator.py
[2024-03-16T10:03:04.160+0000] {logging_mixin.py:188} INFO - [2024-03-16T10:03:04.160+0000] {dag.py:3047} INFO - Sync 1 DAGs
[2024-03-16T10:03:04.173+0000] {logging_mixin.py:188} INFO - [2024-03-16T10:03:04.172+0000] {dag.py:3834} INFO - Setting next_dagrun for example_python_operator to None, run_after=None
[2024-03-16T10:03:04.296+0000] {processor.py:183} INFO - Processing /usr/local/lib/python3.8/dist-packages/airflow/example_dags/example_python_operator.py took 0.177 seconds
[2024-03-16T10:05:11.307+0000] {processor.py:161} INFO - Started process (PID=1783) to work on /usr/local/lib/python3.8/dist-packages/airflow/example_dags/example_python_operator.py
[2024-03-16T10:05:11.309+0000] {processor.py:830} INFO - Processing file /usr/local/lib/python3.8/dist-packages/airflow/example_dags/example_python_operator.py for tasks to queue
[2024-03-16T10:05:11.310+0000] {logging_mixin.py:188} INFO - [2024-03-16T10:05:11.309+0000] {dagbag.py:540} INFO - Filling up the DagBag from /usr/local/lib/python3.8/dist-packages/airflow/example_dags/example_python_operator.py
[2024-03-16T10:05:11.318+0000] {logging_mixin.py:188} INFO - [2024-03-16T10:05:11.318+0000] {example_python_operator.py:88} WARNING - The virtalenv_python example task requires virtualenv, please install it.
[2024-03-16T10:05:11.318+0000] {processor.py:840} INFO - DAG(s) 'example_python_operator' retrieved from /usr/local/lib/python3.8/dist-packages/airflow/example_dags/example_python_operator.py
[2024-03-16T10:05:11.336+0000] {logging_mixin.py:188} INFO - [2024-03-16T10:05:11.336+0000] {dag.py:3047} INFO - Sync 1 DAGs
[2024-03-16T10:05:11.349+0000] {logging_mixin.py:188} INFO - [2024-03-16T10:05:11.349+0000] {dag.py:3834} INFO - Setting next_dagrun for example_python_operator to None, run_after=None
[2024-03-16T10:05:11.379+0000] {processor.py:183} INFO - Processing /usr/local/lib/python3.8/dist-packages/airflow/example_dags/example_python_operator.py took 0.075 seconds
[2024-03-16T10:05:58.911+0000] {processor.py:161} INFO - Started process (PID=1835) to work on /usr/local/lib/python3.8/dist-packages/airflow/example_dags/example_python_operator.py
[2024-03-16T10:05:58.912+0000] {processor.py:830} INFO - Processing file /usr/local/lib/python3.8/dist-packages/airflow/example_dags/example_python_operator.py for tasks to queue
[2024-03-16T10:05:58.913+0000] {logging_mixin.py:188} INFO - [2024-03-16T10:05:58.913+0000] {dagbag.py:540} INFO - Filling up the DagBag from /usr/local/lib/python3.8/dist-packages/airflow/example_dags/example_python_operator.py
[2024-03-16T10:05:58.921+0000] {logging_mixin.py:188} INFO - [2024-03-16T10:05:58.921+0000] {example_python_operator.py:88} WARNING - The virtalenv_python example task requires virtualenv, please install it.
[2024-03-16T10:05:58.922+0000] {processor.py:840} INFO - DAG(s) 'example_python_operator' retrieved from /usr/local/lib/python3.8/dist-packages/airflow/example_dags/example_python_operator.py
[2024-03-16T10:05:58.940+0000] {logging_mixin.py:188} INFO - [2024-03-16T10:05:58.939+0000] {dag.py:3047} INFO - Sync 1 DAGs
[2024-03-16T10:05:58.952+0000] {logging_mixin.py:188} INFO - [2024-03-16T10:05:58.952+0000] {dag.py:3834} INFO - Setting next_dagrun for example_python_operator to None, run_after=None
[2024-03-16T10:05:58.979+0000] {processor.py:183} INFO - Processing /usr/local/lib/python3.8/dist-packages/airflow/example_dags/example_python_operator.py took 0.072 seconds
[2024-03-16T10:07:00.982+0000] {processor.py:161} INFO - Started process (PID=1940) to work on /usr/local/lib/python3.8/dist-packages/airflow/example_dags/example_python_operator.py
[2024-03-16T10:07:00.984+0000] {processor.py:830} INFO - Processing file /usr/local/lib/python3.8/dist-packages/airflow/example_dags/example_python_operator.py for tasks to queue
[2024-03-16T10:07:00.985+0000] {logging_mixin.py:188} INFO - [2024-03-16T10:07:00.984+0000] {dagbag.py:540} INFO - Filling up the DagBag from /usr/local/lib/python3.8/dist-packages/airflow/example_dags/example_python_operator.py
[2024-03-16T10:07:00.993+0000] {logging_mixin.py:188} INFO - [2024-03-16T10:07:00.992+0000] {example_python_operator.py:88} WARNING - The virtalenv_python example task requires virtualenv, please install it.
[2024-03-16T10:07:00.993+0000] {processor.py:840} INFO - DAG(s) 'example_python_operator' retrieved from /usr/local/lib/python3.8/dist-packages/airflow/example_dags/example_python_operator.py
[2024-03-16T10:07:01.011+0000] {logging_mixin.py:188} INFO - [2024-03-16T10:07:01.011+0000] {dag.py:3047} INFO - Sync 1 DAGs
[2024-03-16T10:07:01.023+0000] {logging_mixin.py:188} INFO - [2024-03-16T10:07:01.023+0000] {dag.py:3834} INFO - Setting next_dagrun for example_python_operator to None, run_after=None
[2024-03-16T10:07:01.054+0000] {processor.py:183} INFO - Processing /usr/local/lib/python3.8/dist-packages/airflow/example_dags/example_python_operator.py took 0.075 seconds
[2024-03-16T10:08:02.031+0000] {processor.py:161} INFO - Started process (PID=2043) to work on /usr/local/lib/python3.8/dist-packages/airflow/example_dags/example_python_operator.py
[2024-03-16T10:08:02.033+0000] {processor.py:830} INFO - Processing file /usr/local/lib/python3.8/dist-packages/airflow/example_dags/example_python_operator.py for tasks to queue
[2024-03-16T10:08:02.034+0000] {logging_mixin.py:188} INFO - [2024-03-16T10:08:02.034+0000] {dagbag.py:540} INFO - Filling up the DagBag from /usr/local/lib/python3.8/dist-packages/airflow/example_dags/example_python_operator.py
[2024-03-16T10:08:02.042+0000] {logging_mixin.py:188} INFO - [2024-03-16T10:08:02.042+0000] {example_python_operator.py:88} WARNING - The virtalenv_python example task requires virtualenv, please install it.
[2024-03-16T10:08:02.043+0000] {processor.py:840} INFO - DAG(s) 'example_python_operator' retrieved from /usr/local/lib/python3.8/dist-packages/airflow/example_dags/example_python_operator.py
[2024-03-16T10:08:02.061+0000] {logging_mixin.py:188} INFO - [2024-03-16T10:08:02.061+0000] {dag.py:3047} INFO - Sync 1 DAGs
[2024-03-16T10:08:02.074+0000] {logging_mixin.py:188} INFO - [2024-03-16T10:08:02.074+0000] {dag.py:3834} INFO - Setting next_dagrun for example_python_operator to None, run_after=None
[2024-03-16T10:08:02.106+0000] {processor.py:183} INFO - Processing /usr/local/lib/python3.8/dist-packages/airflow/example_dags/example_python_operator.py took 0.078 seconds
[2024-03-16T10:09:05.447+0000] {processor.py:161} INFO - Started process (PID=2149) to work on /usr/local/lib/python3.8/dist-packages/airflow/example_dags/example_python_operator.py
[2024-03-16T10:09:05.449+0000] {processor.py:830} INFO - Processing file /usr/local/lib/python3.8/dist-packages/airflow/example_dags/example_python_operator.py for tasks to queue
[2024-03-16T10:09:05.450+0000] {logging_mixin.py:188} INFO - [2024-03-16T10:09:05.449+0000] {dagbag.py:540} INFO - Filling up the DagBag from /usr/local/lib/python3.8/dist-packages/airflow/example_dags/example_python_operator.py
[2024-03-16T10:09:05.457+0000] {logging_mixin.py:188} INFO - [2024-03-16T10:09:05.457+0000] {example_python_operator.py:88} WARNING - The virtalenv_python example task requires virtualenv, please install it.
[2024-03-16T10:09:05.458+0000] {processor.py:840} INFO - DAG(s) 'example_python_operator' retrieved from /usr/local/lib/python3.8/dist-packages/airflow/example_dags/example_python_operator.py
[2024-03-16T10:09:05.476+0000] {logging_mixin.py:188} INFO - [2024-03-16T10:09:05.476+0000] {dag.py:3047} INFO - Sync 1 DAGs
[2024-03-16T10:09:05.488+0000] {logging_mixin.py:188} INFO - [2024-03-16T10:09:05.488+0000] {dag.py:3834} INFO - Setting next_dagrun for example_python_operator to None, run_after=None
[2024-03-16T10:09:05.519+0000] {processor.py:183} INFO - Processing /usr/local/lib/python3.8/dist-packages/airflow/example_dags/example_python_operator.py took 0.075 seconds
[2024-03-16T10:10:06.575+0000] {processor.py:161} INFO - Started process (PID=2253) to work on /usr/local/lib/python3.8/dist-packages/airflow/example_dags/example_python_operator.py
[2024-03-16T10:10:06.577+0000] {processor.py:830} INFO - Processing file /usr/local/lib/python3.8/dist-packages/airflow/example_dags/example_python_operator.py for tasks to queue
[2024-03-16T10:10:06.578+0000] {logging_mixin.py:188} INFO - [2024-03-16T10:10:06.577+0000] {dagbag.py:540} INFO - Filling up the DagBag from /usr/local/lib/python3.8/dist-packages/airflow/example_dags/example_python_operator.py
[2024-03-16T10:10:06.585+0000] {logging_mixin.py:188} INFO - [2024-03-16T10:10:06.585+0000] {example_python_operator.py:88} WARNING - The virtalenv_python example task requires virtualenv, please install it.
[2024-03-16T10:10:06.586+0000] {processor.py:840} INFO - DAG(s) 'example_python_operator' retrieved from /usr/local/lib/python3.8/dist-packages/airflow/example_dags/example_python_operator.py
[2024-03-16T10:10:06.604+0000] {logging_mixin.py:188} INFO - [2024-03-16T10:10:06.604+0000] {dag.py:3047} INFO - Sync 1 DAGs
[2024-03-16T10:10:06.616+0000] {logging_mixin.py:188} INFO - [2024-03-16T10:10:06.616+0000] {dag.py:3834} INFO - Setting next_dagrun for example_python_operator to None, run_after=None
[2024-03-16T10:10:06.647+0000] {processor.py:183} INFO - Processing /usr/local/lib/python3.8/dist-packages/airflow/example_dags/example_python_operator.py took 0.075 seconds
[2024-03-16T10:11:40.394+0000] {processor.py:161} INFO - Started process (PID=2410) to work on /usr/local/lib/python3.8/dist-packages/airflow/example_dags/example_python_operator.py
[2024-03-16T10:11:40.396+0000] {processor.py:830} INFO - Processing file /usr/local/lib/python3.8/dist-packages/airflow/example_dags/example_python_operator.py for tasks to queue
[2024-03-16T10:11:40.398+0000] {logging_mixin.py:188} INFO - [2024-03-16T10:11:40.397+0000] {dagbag.py:540} INFO - Filling up the DagBag from /usr/local/lib/python3.8/dist-packages/airflow/example_dags/example_python_operator.py
[2024-03-16T10:11:40.405+0000] {logging_mixin.py:188} INFO - [2024-03-16T10:11:40.405+0000] {example_python_operator.py:88} WARNING - The virtalenv_python example task requires virtualenv, please install it.
[2024-03-16T10:11:40.405+0000] {processor.py:840} INFO - DAG(s) 'example_python_operator' retrieved from /usr/local/lib/python3.8/dist-packages/airflow/example_dags/example_python_operator.py
[2024-03-16T10:11:40.421+0000] {logging_mixin.py:188} INFO - [2024-03-16T10:11:40.421+0000] {dag.py:3047} INFO - Sync 1 DAGs
[2024-03-16T10:11:40.431+0000] {logging_mixin.py:188} INFO - [2024-03-16T10:11:40.431+0000] {dag.py:3834} INFO - Setting next_dagrun for example_python_operator to None, run_after=None
[2024-03-16T10:11:40.455+0000] {processor.py:183} INFO - Processing /usr/local/lib/python3.8/dist-packages/airflow/example_dags/example_python_operator.py took 0.064 seconds
[2024-03-16T10:12:22.738+0000] {processor.py:161} INFO - Started process (PID=2504) to work on /usr/local/lib/python3.8/dist-packages/airflow/example_dags/example_python_operator.py
[2024-03-16T10:12:22.740+0000] {processor.py:830} INFO - Processing file /usr/local/lib/python3.8/dist-packages/airflow/example_dags/example_python_operator.py for tasks to queue
[2024-03-16T10:12:22.741+0000] {logging_mixin.py:188} INFO - [2024-03-16T10:12:22.741+0000] {dagbag.py:540} INFO - Filling up the DagBag from /usr/local/lib/python3.8/dist-packages/airflow/example_dags/example_python_operator.py
[2024-03-16T10:12:22.749+0000] {logging_mixin.py:188} INFO - [2024-03-16T10:12:22.749+0000] {example_python_operator.py:88} WARNING - The virtalenv_python example task requires virtualenv, please install it.
[2024-03-16T10:12:22.749+0000] {processor.py:840} INFO - DAG(s) 'example_python_operator' retrieved from /usr/local/lib/python3.8/dist-packages/airflow/example_dags/example_python_operator.py
[2024-03-16T10:12:22.767+0000] {logging_mixin.py:188} INFO - [2024-03-16T10:12:22.767+0000] {dag.py:3047} INFO - Sync 1 DAGs
[2024-03-16T10:12:22.780+0000] {logging_mixin.py:188} INFO - [2024-03-16T10:12:22.780+0000] {dag.py:3834} INFO - Setting next_dagrun for example_python_operator to None, run_after=None
[2024-03-16T10:12:22.809+0000] {processor.py:183} INFO - Processing /usr/local/lib/python3.8/dist-packages/airflow/example_dags/example_python_operator.py took 0.074 seconds
[2024-03-16T10:13:48.199+0000] {processor.py:161} INFO - Started process (PID=2658) to work on /usr/local/lib/python3.8/dist-packages/airflow/example_dags/example_python_operator.py
[2024-03-16T10:13:48.201+0000] {processor.py:830} INFO - Processing file /usr/local/lib/python3.8/dist-packages/airflow/example_dags/example_python_operator.py for tasks to queue
[2024-03-16T10:13:48.202+0000] {logging_mixin.py:188} INFO - [2024-03-16T10:13:48.201+0000] {dagbag.py:540} INFO - Filling up the DagBag from /usr/local/lib/python3.8/dist-packages/airflow/example_dags/example_python_operator.py
[2024-03-16T10:13:48.209+0000] {logging_mixin.py:188} INFO - [2024-03-16T10:13:48.209+0000] {example_python_operator.py:88} WARNING - The virtalenv_python example task requires virtualenv, please install it.
[2024-03-16T10:13:48.209+0000] {processor.py:840} INFO - DAG(s) 'example_python_operator' retrieved from /usr/local/lib/python3.8/dist-packages/airflow/example_dags/example_python_operator.py
[2024-03-16T10:13:48.225+0000] {logging_mixin.py:188} INFO - [2024-03-16T10:13:48.225+0000] {dag.py:3047} INFO - Sync 1 DAGs
[2024-03-16T10:13:48.235+0000] {logging_mixin.py:188} INFO - [2024-03-16T10:13:48.235+0000] {dag.py:3834} INFO - Setting next_dagrun for example_python_operator to None, run_after=None
[2024-03-16T10:13:48.303+0000] {processor.py:183} INFO - Processing /usr/local/lib/python3.8/dist-packages/airflow/example_dags/example_python_operator.py took 0.108 seconds
[2024-03-16T10:14:33.167+0000] {processor.py:161} INFO - Started process (PID=2714) to work on /usr/local/lib/python3.8/dist-packages/airflow/example_dags/example_python_operator.py
[2024-03-16T10:14:33.169+0000] {processor.py:830} INFO - Processing file /usr/local/lib/python3.8/dist-packages/airflow/example_dags/example_python_operator.py for tasks to queue
[2024-03-16T10:14:33.170+0000] {logging_mixin.py:188} INFO - [2024-03-16T10:14:33.170+0000] {dagbag.py:540} INFO - Filling up the DagBag from /usr/local/lib/python3.8/dist-packages/airflow/example_dags/example_python_operator.py
[2024-03-16T10:14:33.178+0000] {logging_mixin.py:188} INFO - [2024-03-16T10:14:33.178+0000] {example_python_operator.py:88} WARNING - The virtalenv_python example task requires virtualenv, please install it.
[2024-03-16T10:14:33.179+0000] {processor.py:840} INFO - DAG(s) 'example_python_operator' retrieved from /usr/local/lib/python3.8/dist-packages/airflow/example_dags/example_python_operator.py
[2024-03-16T10:14:33.197+0000] {logging_mixin.py:188} INFO - [2024-03-16T10:14:33.197+0000] {dag.py:3047} INFO - Sync 1 DAGs
[2024-03-16T10:14:33.210+0000] {logging_mixin.py:188} INFO - [2024-03-16T10:14:33.209+0000] {dag.py:3834} INFO - Setting next_dagrun for example_python_operator to None, run_after=None
[2024-03-16T10:14:33.240+0000] {processor.py:183} INFO - Processing /usr/local/lib/python3.8/dist-packages/airflow/example_dags/example_python_operator.py took 0.076 seconds
[2024-03-16T10:15:37.619+0000] {processor.py:161} INFO - Started process (PID=3024) to work on /usr/local/lib/python3.8/dist-packages/airflow/example_dags/example_python_operator.py
[2024-03-16T10:15:37.621+0000] {processor.py:830} INFO - Processing file /usr/local/lib/python3.8/dist-packages/airflow/example_dags/example_python_operator.py for tasks to queue
[2024-03-16T10:15:37.622+0000] {logging_mixin.py:188} INFO - [2024-03-16T10:15:37.622+0000] {dagbag.py:540} INFO - Filling up the DagBag from /usr/local/lib/python3.8/dist-packages/airflow/example_dags/example_python_operator.py
[2024-03-16T10:15:37.630+0000] {logging_mixin.py:188} INFO - [2024-03-16T10:15:37.630+0000] {example_python_operator.py:88} WARNING - The virtalenv_python example task requires virtualenv, please install it.
[2024-03-16T10:15:37.631+0000] {processor.py:840} INFO - DAG(s) 'example_python_operator' retrieved from /usr/local/lib/python3.8/dist-packages/airflow/example_dags/example_python_operator.py
[2024-03-16T10:15:37.649+0000] {logging_mixin.py:188} INFO - [2024-03-16T10:15:37.649+0000] {dag.py:3047} INFO - Sync 1 DAGs
[2024-03-16T10:15:37.661+0000] {logging_mixin.py:188} INFO - [2024-03-16T10:15:37.661+0000] {dag.py:3834} INFO - Setting next_dagrun for example_python_operator to None, run_after=None
[2024-03-16T10:15:37.692+0000] {processor.py:183} INFO - Processing /usr/local/lib/python3.8/dist-packages/airflow/example_dags/example_python_operator.py took 0.076 seconds
[2024-03-16T10:16:41.103+0000] {processor.py:161} INFO - Started process (PID=3130) to work on /usr/local/lib/python3.8/dist-packages/airflow/example_dags/example_python_operator.py
[2024-03-16T10:16:41.105+0000] {processor.py:830} INFO - Processing file /usr/local/lib/python3.8/dist-packages/airflow/example_dags/example_python_operator.py for tasks to queue
[2024-03-16T10:16:41.106+0000] {logging_mixin.py:188} INFO - [2024-03-16T10:16:41.105+0000] {dagbag.py:540} INFO - Filling up the DagBag from /usr/local/lib/python3.8/dist-packages/airflow/example_dags/example_python_operator.py
[2024-03-16T10:16:41.113+0000] {logging_mixin.py:188} INFO - [2024-03-16T10:16:41.113+0000] {example_python_operator.py:88} WARNING - The virtalenv_python example task requires virtualenv, please install it.
[2024-03-16T10:16:41.114+0000] {processor.py:840} INFO - DAG(s) 'example_python_operator' retrieved from /usr/local/lib/python3.8/dist-packages/airflow/example_dags/example_python_operator.py
[2024-03-16T10:16:41.132+0000] {logging_mixin.py:188} INFO - [2024-03-16T10:16:41.132+0000] {dag.py:3047} INFO - Sync 1 DAGs
[2024-03-16T10:16:41.144+0000] {logging_mixin.py:188} INFO - [2024-03-16T10:16:41.144+0000] {dag.py:3834} INFO - Setting next_dagrun for example_python_operator to None, run_after=None
[2024-03-16T10:16:41.176+0000] {processor.py:183} INFO - Processing /usr/local/lib/python3.8/dist-packages/airflow/example_dags/example_python_operator.py took 0.076 seconds
