[2024-03-16T09:54:25.055+0000] {processor.py:161} INFO - Started process (PID=722) to work on /usr/local/lib/python3.8/dist-packages/airflow/example_dags/example_task_group.py
[2024-03-16T09:54:25.056+0000] {processor.py:830} INFO - Processing file /usr/local/lib/python3.8/dist-packages/airflow/example_dags/example_task_group.py for tasks to queue
[2024-03-16T09:54:25.057+0000] {logging_mixin.py:188} INFO - [2024-03-16T09:54:25.057+0000] {dagbag.py:540} INFO - Filling up the DagBag from /usr/local/lib/python3.8/dist-packages/airflow/example_dags/example_task_group.py
[2024-03-16T09:54:25.066+0000] {processor.py:840} INFO - DAG(s) 'example_task_group' retrieved from /usr/local/lib/python3.8/dist-packages/airflow/example_dags/example_task_group.py
[2024-03-16T09:54:25.089+0000] {logging_mixin.py:188} INFO - [2024-03-16T09:54:25.089+0000] {dag.py:3047} INFO - Sync 1 DAGs
[2024-03-16T09:54:25.201+0000] {logging_mixin.py:188} INFO - [2024-03-16T09:54:25.201+0000] {dag.py:3834} INFO - Setting next_dagrun for example_task_group to 2024-03-15 00:00:00+00:00, run_after=2024-03-16 00:00:00+00:00
[2024-03-16T09:54:25.224+0000] {processor.py:183} INFO - Processing /usr/local/lib/python3.8/dist-packages/airflow/example_dags/example_task_group.py took 0.172 seconds
[2024-03-16T09:55:26.855+0000] {processor.py:161} INFO - Started process (PID=826) to work on /usr/local/lib/python3.8/dist-packages/airflow/example_dags/example_task_group.py
[2024-03-16T09:55:26.858+0000] {processor.py:830} INFO - Processing file /usr/local/lib/python3.8/dist-packages/airflow/example_dags/example_task_group.py for tasks to queue
[2024-03-16T09:55:26.859+0000] {logging_mixin.py:188} INFO - [2024-03-16T09:55:26.859+0000] {dagbag.py:540} INFO - Filling up the DagBag from /usr/local/lib/python3.8/dist-packages/airflow/example_dags/example_task_group.py
[2024-03-16T09:55:26.868+0000] {processor.py:840} INFO - DAG(s) 'example_task_group' retrieved from /usr/local/lib/python3.8/dist-packages/airflow/example_dags/example_task_group.py
[2024-03-16T09:55:26.886+0000] {logging_mixin.py:188} INFO - [2024-03-16T09:55:26.886+0000] {dag.py:3047} INFO - Sync 1 DAGs
[2024-03-16T09:55:26.908+0000] {logging_mixin.py:188} INFO - [2024-03-16T09:55:26.908+0000] {dag.py:3834} INFO - Setting next_dagrun for example_task_group to 2024-03-15 00:00:00+00:00, run_after=2024-03-16 00:00:00+00:00
[2024-03-16T09:55:26.937+0000] {processor.py:183} INFO - Processing /usr/local/lib/python3.8/dist-packages/airflow/example_dags/example_task_group.py took 0.085 seconds
[2024-03-16T09:56:28.118+0000] {processor.py:161} INFO - Started process (PID=930) to work on /usr/local/lib/python3.8/dist-packages/airflow/example_dags/example_task_group.py
[2024-03-16T09:56:28.121+0000] {processor.py:830} INFO - Processing file /usr/local/lib/python3.8/dist-packages/airflow/example_dags/example_task_group.py for tasks to queue
[2024-03-16T09:56:28.122+0000] {logging_mixin.py:188} INFO - [2024-03-16T09:56:28.122+0000] {dagbag.py:540} INFO - Filling up the DagBag from /usr/local/lib/python3.8/dist-packages/airflow/example_dags/example_task_group.py
[2024-03-16T09:56:28.132+0000] {processor.py:840} INFO - DAG(s) 'example_task_group' retrieved from /usr/local/lib/python3.8/dist-packages/airflow/example_dags/example_task_group.py
[2024-03-16T09:56:28.152+0000] {logging_mixin.py:188} INFO - [2024-03-16T09:56:28.152+0000] {dag.py:3047} INFO - Sync 1 DAGs
[2024-03-16T09:56:28.175+0000] {logging_mixin.py:188} INFO - [2024-03-16T09:56:28.175+0000] {dag.py:3834} INFO - Setting next_dagrun for example_task_group to 2024-03-15 00:00:00+00:00, run_after=2024-03-16 00:00:00+00:00
[2024-03-16T09:56:28.637+0000] {processor.py:183} INFO - Processing /usr/local/lib/python3.8/dist-packages/airflow/example_dags/example_task_group.py took 0.522 seconds
[2024-03-16T09:57:51.051+0000] {processor.py:161} INFO - Started process (PID=1048) to work on /usr/local/lib/python3.8/dist-packages/airflow/example_dags/example_task_group.py
[2024-03-16T09:57:51.053+0000] {processor.py:830} INFO - Processing file /usr/local/lib/python3.8/dist-packages/airflow/example_dags/example_task_group.py for tasks to queue
[2024-03-16T09:57:51.054+0000] {logging_mixin.py:188} INFO - [2024-03-16T09:57:51.053+0000] {dagbag.py:540} INFO - Filling up the DagBag from /usr/local/lib/python3.8/dist-packages/airflow/example_dags/example_task_group.py
[2024-03-16T09:57:51.063+0000] {processor.py:840} INFO - DAG(s) 'example_task_group' retrieved from /usr/local/lib/python3.8/dist-packages/airflow/example_dags/example_task_group.py
[2024-03-16T09:57:51.081+0000] {logging_mixin.py:188} INFO - [2024-03-16T09:57:51.081+0000] {dag.py:3047} INFO - Sync 1 DAGs
[2024-03-16T09:57:51.103+0000] {logging_mixin.py:188} INFO - [2024-03-16T09:57:51.103+0000] {dag.py:3834} INFO - Setting next_dagrun for example_task_group to 2024-03-15 00:00:00+00:00, run_after=2024-03-16 00:00:00+00:00
[2024-03-16T09:57:51.135+0000] {processor.py:183} INFO - Processing /usr/local/lib/python3.8/dist-packages/airflow/example_dags/example_task_group.py took 0.087 seconds
[2024-03-16T10:03:21.766+0000] {processor.py:161} INFO - Started process (PID=1562) to work on /usr/local/lib/python3.8/dist-packages/airflow/example_dags/example_task_group.py
[2024-03-16T10:03:21.767+0000] {processor.py:830} INFO - Processing file /usr/local/lib/python3.8/dist-packages/airflow/example_dags/example_task_group.py for tasks to queue
[2024-03-16T10:03:21.768+0000] {logging_mixin.py:188} INFO - [2024-03-16T10:03:21.768+0000] {dagbag.py:540} INFO - Filling up the DagBag from /usr/local/lib/python3.8/dist-packages/airflow/example_dags/example_task_group.py
[2024-03-16T10:03:21.777+0000] {processor.py:840} INFO - DAG(s) 'example_task_group' retrieved from /usr/local/lib/python3.8/dist-packages/airflow/example_dags/example_task_group.py
[2024-03-16T10:03:21.803+0000] {logging_mixin.py:188} INFO - [2024-03-16T10:03:21.803+0000] {dag.py:3047} INFO - Sync 1 DAGs
[2024-03-16T10:03:21.905+0000] {logging_mixin.py:188} INFO - [2024-03-16T10:03:21.905+0000] {dag.py:3834} INFO - Setting next_dagrun for example_task_group to 2024-03-15 00:00:00+00:00, run_after=2024-03-16 00:00:00+00:00
[2024-03-16T10:03:21.929+0000] {processor.py:183} INFO - Processing /usr/local/lib/python3.8/dist-packages/airflow/example_dags/example_task_group.py took 0.167 seconds
[2024-03-16T10:05:25.199+0000] {processor.py:161} INFO - Started process (PID=1797) to work on /usr/local/lib/python3.8/dist-packages/airflow/example_dags/example_task_group.py
[2024-03-16T10:05:25.201+0000] {processor.py:830} INFO - Processing file /usr/local/lib/python3.8/dist-packages/airflow/example_dags/example_task_group.py for tasks to queue
[2024-03-16T10:05:25.202+0000] {logging_mixin.py:188} INFO - [2024-03-16T10:05:25.201+0000] {dagbag.py:540} INFO - Filling up the DagBag from /usr/local/lib/python3.8/dist-packages/airflow/example_dags/example_task_group.py
[2024-03-16T10:05:25.210+0000] {processor.py:840} INFO - DAG(s) 'example_task_group' retrieved from /usr/local/lib/python3.8/dist-packages/airflow/example_dags/example_task_group.py
[2024-03-16T10:05:25.228+0000] {logging_mixin.py:188} INFO - [2024-03-16T10:05:25.228+0000] {dag.py:3047} INFO - Sync 1 DAGs
[2024-03-16T10:05:25.250+0000] {logging_mixin.py:188} INFO - [2024-03-16T10:05:25.250+0000] {dag.py:3834} INFO - Setting next_dagrun for example_task_group to 2024-03-15 00:00:00+00:00, run_after=2024-03-16 00:00:00+00:00
[2024-03-16T10:05:25.280+0000] {processor.py:183} INFO - Processing /usr/local/lib/python3.8/dist-packages/airflow/example_dags/example_task_group.py took 0.084 seconds
[2024-03-16T10:06:29.470+0000] {processor.py:161} INFO - Started process (PID=1902) to work on /usr/local/lib/python3.8/dist-packages/airflow/example_dags/example_task_group.py
[2024-03-16T10:06:29.472+0000] {processor.py:830} INFO - Processing file /usr/local/lib/python3.8/dist-packages/airflow/example_dags/example_task_group.py for tasks to queue
[2024-03-16T10:06:29.473+0000] {logging_mixin.py:188} INFO - [2024-03-16T10:06:29.473+0000] {dagbag.py:540} INFO - Filling up the DagBag from /usr/local/lib/python3.8/dist-packages/airflow/example_dags/example_task_group.py
[2024-03-16T10:06:29.482+0000] {processor.py:840} INFO - DAG(s) 'example_task_group' retrieved from /usr/local/lib/python3.8/dist-packages/airflow/example_dags/example_task_group.py
[2024-03-16T10:06:29.500+0000] {logging_mixin.py:188} INFO - [2024-03-16T10:06:29.500+0000] {dag.py:3047} INFO - Sync 1 DAGs
[2024-03-16T10:06:29.523+0000] {logging_mixin.py:188} INFO - [2024-03-16T10:06:29.523+0000] {dag.py:3834} INFO - Setting next_dagrun for example_task_group to 2024-03-15 00:00:00+00:00, run_after=2024-03-16 00:00:00+00:00
[2024-03-16T10:06:29.552+0000] {processor.py:183} INFO - Processing /usr/local/lib/python3.8/dist-packages/airflow/example_dags/example_task_group.py took 0.085 seconds
[2024-03-16T10:07:27.862+0000] {processor.py:161} INFO - Started process (PID=2005) to work on /usr/local/lib/python3.8/dist-packages/airflow/example_dags/example_task_group.py
[2024-03-16T10:07:27.864+0000] {processor.py:830} INFO - Processing file /usr/local/lib/python3.8/dist-packages/airflow/example_dags/example_task_group.py for tasks to queue
[2024-03-16T10:07:27.865+0000] {logging_mixin.py:188} INFO - [2024-03-16T10:07:27.865+0000] {dagbag.py:540} INFO - Filling up the DagBag from /usr/local/lib/python3.8/dist-packages/airflow/example_dags/example_task_group.py
[2024-03-16T10:07:27.874+0000] {processor.py:840} INFO - DAG(s) 'example_task_group' retrieved from /usr/local/lib/python3.8/dist-packages/airflow/example_dags/example_task_group.py
[2024-03-16T10:07:27.892+0000] {logging_mixin.py:188} INFO - [2024-03-16T10:07:27.892+0000] {dag.py:3047} INFO - Sync 1 DAGs
[2024-03-16T10:07:27.914+0000] {logging_mixin.py:188} INFO - [2024-03-16T10:07:27.914+0000] {dag.py:3834} INFO - Setting next_dagrun for example_task_group to 2024-03-15 00:00:00+00:00, run_after=2024-03-16 00:00:00+00:00
[2024-03-16T10:07:27.945+0000] {processor.py:183} INFO - Processing /usr/local/lib/python3.8/dist-packages/airflow/example_dags/example_task_group.py took 0.086 seconds
[2024-03-16T10:08:33.438+0000] {processor.py:161} INFO - Started process (PID=2111) to work on /usr/local/lib/python3.8/dist-packages/airflow/example_dags/example_task_group.py
[2024-03-16T10:08:33.440+0000] {processor.py:830} INFO - Processing file /usr/local/lib/python3.8/dist-packages/airflow/example_dags/example_task_group.py for tasks to queue
[2024-03-16T10:08:33.441+0000] {logging_mixin.py:188} INFO - [2024-03-16T10:08:33.440+0000] {dagbag.py:540} INFO - Filling up the DagBag from /usr/local/lib/python3.8/dist-packages/airflow/example_dags/example_task_group.py
[2024-03-16T10:08:33.448+0000] {processor.py:840} INFO - DAG(s) 'example_task_group' retrieved from /usr/local/lib/python3.8/dist-packages/airflow/example_dags/example_task_group.py
[2024-03-16T10:08:33.480+0000] {logging_mixin.py:188} INFO - [2024-03-16T10:08:33.480+0000] {dag.py:3047} INFO - Sync 1 DAGs
[2024-03-16T10:08:33.498+0000] {logging_mixin.py:188} INFO - [2024-03-16T10:08:33.498+0000] {dag.py:3834} INFO - Setting next_dagrun for example_task_group to 2024-03-15 00:00:00+00:00, run_after=2024-03-16 00:00:00+00:00
[2024-03-16T10:08:33.526+0000] {processor.py:183} INFO - Processing /usr/local/lib/python3.8/dist-packages/airflow/example_dags/example_task_group.py took 0.091 seconds
[2024-03-16T10:09:35.606+0000] {processor.py:161} INFO - Started process (PID=2216) to work on /usr/local/lib/python3.8/dist-packages/airflow/example_dags/example_task_group.py
[2024-03-16T10:09:35.608+0000] {processor.py:830} INFO - Processing file /usr/local/lib/python3.8/dist-packages/airflow/example_dags/example_task_group.py for tasks to queue
[2024-03-16T10:09:35.609+0000] {logging_mixin.py:188} INFO - [2024-03-16T10:09:35.609+0000] {dagbag.py:540} INFO - Filling up the DagBag from /usr/local/lib/python3.8/dist-packages/airflow/example_dags/example_task_group.py
[2024-03-16T10:09:35.618+0000] {processor.py:840} INFO - DAG(s) 'example_task_group' retrieved from /usr/local/lib/python3.8/dist-packages/airflow/example_dags/example_task_group.py
[2024-03-16T10:09:35.636+0000] {logging_mixin.py:188} INFO - [2024-03-16T10:09:35.635+0000] {dag.py:3047} INFO - Sync 1 DAGs
[2024-03-16T10:09:35.658+0000] {logging_mixin.py:188} INFO - [2024-03-16T10:09:35.658+0000] {dag.py:3834} INFO - Setting next_dagrun for example_task_group to 2024-03-15 00:00:00+00:00, run_after=2024-03-16 00:00:00+00:00
[2024-03-16T10:09:35.687+0000] {processor.py:183} INFO - Processing /usr/local/lib/python3.8/dist-packages/airflow/example_dags/example_task_group.py took 0.085 seconds
[2024-03-16T10:10:41.494+0000] {processor.py:161} INFO - Started process (PID=2321) to work on /usr/local/lib/python3.8/dist-packages/airflow/example_dags/example_task_group.py
[2024-03-16T10:10:41.496+0000] {processor.py:830} INFO - Processing file /usr/local/lib/python3.8/dist-packages/airflow/example_dags/example_task_group.py for tasks to queue
[2024-03-16T10:10:41.498+0000] {logging_mixin.py:188} INFO - [2024-03-16T10:10:41.497+0000] {dagbag.py:540} INFO - Filling up the DagBag from /usr/local/lib/python3.8/dist-packages/airflow/example_dags/example_task_group.py
[2024-03-16T10:10:41.506+0000] {processor.py:840} INFO - DAG(s) 'example_task_group' retrieved from /usr/local/lib/python3.8/dist-packages/airflow/example_dags/example_task_group.py
[2024-03-16T10:10:41.524+0000] {logging_mixin.py:188} INFO - [2024-03-16T10:10:41.524+0000] {dag.py:3047} INFO - Sync 1 DAGs
[2024-03-16T10:10:41.546+0000] {logging_mixin.py:188} INFO - [2024-03-16T10:10:41.546+0000] {dag.py:3834} INFO - Setting next_dagrun for example_task_group to 2024-03-15 00:00:00+00:00, run_after=2024-03-16 00:00:00+00:00
[2024-03-16T10:10:41.578+0000] {processor.py:183} INFO - Processing /usr/local/lib/python3.8/dist-packages/airflow/example_dags/example_task_group.py took 0.086 seconds
[2024-03-16T10:12:24.319+0000] {processor.py:161} INFO - Started process (PID=2506) to work on /usr/local/lib/python3.8/dist-packages/airflow/example_dags/example_task_group.py
[2024-03-16T10:12:24.321+0000] {processor.py:830} INFO - Processing file /usr/local/lib/python3.8/dist-packages/airflow/example_dags/example_task_group.py for tasks to queue
[2024-03-16T10:12:24.321+0000] {logging_mixin.py:188} INFO - [2024-03-16T10:12:24.321+0000] {dagbag.py:540} INFO - Filling up the DagBag from /usr/local/lib/python3.8/dist-packages/airflow/example_dags/example_task_group.py
[2024-03-16T10:12:24.330+0000] {processor.py:840} INFO - DAG(s) 'example_task_group' retrieved from /usr/local/lib/python3.8/dist-packages/airflow/example_dags/example_task_group.py
[2024-03-16T10:12:24.348+0000] {logging_mixin.py:188} INFO - [2024-03-16T10:12:24.348+0000] {dag.py:3047} INFO - Sync 1 DAGs
[2024-03-16T10:12:24.371+0000] {logging_mixin.py:188} INFO - [2024-03-16T10:12:24.370+0000] {dag.py:3834} INFO - Setting next_dagrun for example_task_group to 2024-03-15 00:00:00+00:00, run_after=2024-03-16 00:00:00+00:00
[2024-03-16T10:12:24.400+0000] {processor.py:183} INFO - Processing /usr/local/lib/python3.8/dist-packages/airflow/example_dags/example_task_group.py took 0.085 seconds
[2024-03-16T10:13:58.423+0000] {processor.py:161} INFO - Started process (PID=2675) to work on /usr/local/lib/python3.8/dist-packages/airflow/example_dags/example_task_group.py
[2024-03-16T10:13:58.425+0000] {processor.py:830} INFO - Processing file /usr/local/lib/python3.8/dist-packages/airflow/example_dags/example_task_group.py for tasks to queue
[2024-03-16T10:13:58.426+0000] {logging_mixin.py:188} INFO - [2024-03-16T10:13:58.425+0000] {dagbag.py:540} INFO - Filling up the DagBag from /usr/local/lib/python3.8/dist-packages/airflow/example_dags/example_task_group.py
[2024-03-16T10:13:58.435+0000] {processor.py:840} INFO - DAG(s) 'example_task_group' retrieved from /usr/local/lib/python3.8/dist-packages/airflow/example_dags/example_task_group.py
[2024-03-16T10:13:58.507+0000] {logging_mixin.py:188} INFO - [2024-03-16T10:13:58.506+0000] {dag.py:3047} INFO - Sync 1 DAGs
[2024-03-16T10:13:58.531+0000] {logging_mixin.py:188} INFO - [2024-03-16T10:13:58.530+0000] {dag.py:3834} INFO - Setting next_dagrun for example_task_group to 2024-03-15 00:00:00+00:00, run_after=2024-03-16 00:00:00+00:00
[2024-03-16T10:13:58.612+0000] {processor.py:183} INFO - Processing /usr/local/lib/python3.8/dist-packages/airflow/example_dags/example_task_group.py took 0.192 seconds
[2024-03-16T10:15:06.822+0000] {processor.py:161} INFO - Started process (PID=2991) to work on /usr/local/lib/python3.8/dist-packages/airflow/example_dags/example_task_group.py
[2024-03-16T10:15:06.824+0000] {processor.py:830} INFO - Processing file /usr/local/lib/python3.8/dist-packages/airflow/example_dags/example_task_group.py for tasks to queue
[2024-03-16T10:15:06.825+0000] {logging_mixin.py:188} INFO - [2024-03-16T10:15:06.824+0000] {dagbag.py:540} INFO - Filling up the DagBag from /usr/local/lib/python3.8/dist-packages/airflow/example_dags/example_task_group.py
[2024-03-16T10:15:06.833+0000] {processor.py:840} INFO - DAG(s) 'example_task_group' retrieved from /usr/local/lib/python3.8/dist-packages/airflow/example_dags/example_task_group.py
[2024-03-16T10:15:06.851+0000] {logging_mixin.py:188} INFO - [2024-03-16T10:15:06.851+0000] {dag.py:3047} INFO - Sync 1 DAGs
[2024-03-16T10:15:06.873+0000] {logging_mixin.py:188} INFO - [2024-03-16T10:15:06.872+0000] {dag.py:3834} INFO - Setting next_dagrun for example_task_group to 2024-03-15 00:00:00+00:00, run_after=2024-03-16 00:00:00+00:00
[2024-03-16T10:15:06.904+0000] {processor.py:183} INFO - Processing /usr/local/lib/python3.8/dist-packages/airflow/example_dags/example_task_group.py took 0.086 seconds
[2024-03-16T10:16:15.212+0000] {processor.py:161} INFO - Started process (PID=3105) to work on /usr/local/lib/python3.8/dist-packages/airflow/example_dags/example_task_group.py
[2024-03-16T10:16:15.213+0000] {processor.py:830} INFO - Processing file /usr/local/lib/python3.8/dist-packages/airflow/example_dags/example_task_group.py for tasks to queue
[2024-03-16T10:16:15.214+0000] {logging_mixin.py:188} INFO - [2024-03-16T10:16:15.214+0000] {dagbag.py:540} INFO - Filling up the DagBag from /usr/local/lib/python3.8/dist-packages/airflow/example_dags/example_task_group.py
[2024-03-16T10:16:15.223+0000] {processor.py:840} INFO - DAG(s) 'example_task_group' retrieved from /usr/local/lib/python3.8/dist-packages/airflow/example_dags/example_task_group.py
[2024-03-16T10:16:15.241+0000] {logging_mixin.py:188} INFO - [2024-03-16T10:16:15.241+0000] {dag.py:3047} INFO - Sync 1 DAGs
[2024-03-16T10:16:15.263+0000] {logging_mixin.py:188} INFO - [2024-03-16T10:16:15.263+0000] {dag.py:3834} INFO - Setting next_dagrun for example_task_group to 2024-03-15 00:00:00+00:00, run_after=2024-03-16 00:00:00+00:00
[2024-03-16T10:16:15.294+0000] {processor.py:183} INFO - Processing /usr/local/lib/python3.8/dist-packages/airflow/example_dags/example_task_group.py took 0.086 seconds
[2024-03-16T10:17:18.766+0000] {processor.py:161} INFO - Started process (PID=3210) to work on /usr/local/lib/python3.8/dist-packages/airflow/example_dags/example_task_group.py
[2024-03-16T10:17:18.768+0000] {processor.py:830} INFO - Processing file /usr/local/lib/python3.8/dist-packages/airflow/example_dags/example_task_group.py for tasks to queue
[2024-03-16T10:17:18.769+0000] {logging_mixin.py:188} INFO - [2024-03-16T10:17:18.768+0000] {dagbag.py:540} INFO - Filling up the DagBag from /usr/local/lib/python3.8/dist-packages/airflow/example_dags/example_task_group.py
[2024-03-16T10:17:18.777+0000] {processor.py:840} INFO - DAG(s) 'example_task_group' retrieved from /usr/local/lib/python3.8/dist-packages/airflow/example_dags/example_task_group.py
[2024-03-16T10:17:18.795+0000] {logging_mixin.py:188} INFO - [2024-03-16T10:17:18.795+0000] {dag.py:3047} INFO - Sync 1 DAGs
[2024-03-16T10:17:18.817+0000] {logging_mixin.py:188} INFO - [2024-03-16T10:17:18.817+0000] {dag.py:3834} INFO - Setting next_dagrun for example_task_group to 2024-03-15 00:00:00+00:00, run_after=2024-03-16 00:00:00+00:00
[2024-03-16T10:17:18.846+0000] {processor.py:183} INFO - Processing /usr/local/lib/python3.8/dist-packages/airflow/example_dags/example_task_group.py took 0.083 seconds
