[2024-03-16T09:54:47.833+0000] {processor.py:161} INFO - Started process (PID=754) to work on /usr/local/lib/python3.8/dist-packages/airflow/example_dags/example_latest_only_with_trigger.py
[2024-03-16T09:54:47.834+0000] {processor.py:830} INFO - Processing file /usr/local/lib/python3.8/dist-packages/airflow/example_dags/example_latest_only_with_trigger.py for tasks to queue
[2024-03-16T09:54:47.835+0000] {logging_mixin.py:188} INFO - [2024-03-16T09:54:47.835+0000] {dagbag.py:540} INFO - Filling up the DagBag from /usr/local/lib/python3.8/dist-packages/airflow/example_dags/example_latest_only_with_trigger.py
[2024-03-16T09:54:47.842+0000] {processor.py:840} INFO - DAG(s) 'latest_only_with_trigger' retrieved from /usr/local/lib/python3.8/dist-packages/airflow/example_dags/example_latest_only_with_trigger.py
[2024-03-16T09:54:47.960+0000] {logging_mixin.py:188} INFO - [2024-03-16T09:54:47.960+0000] {dag.py:3047} INFO - Sync 1 DAGs
[2024-03-16T09:54:47.975+0000] {logging_mixin.py:188} INFO - [2024-03-16T09:54:47.975+0000] {dag.py:3834} INFO - Setting next_dagrun for latest_only_with_trigger to 2024-03-16 04:00:00+00:00, run_after=2024-03-16 08:00:00+00:00
[2024-03-16T09:54:48.000+0000] {processor.py:183} INFO - Processing /usr/local/lib/python3.8/dist-packages/airflow/example_dags/example_latest_only_with_trigger.py took 0.170 seconds
[2024-03-16T09:55:46.674+0000] {processor.py:161} INFO - Started process (PID=879) to work on /usr/local/lib/python3.8/dist-packages/airflow/example_dags/example_latest_only_with_trigger.py
[2024-03-16T09:55:46.676+0000] {processor.py:830} INFO - Processing file /usr/local/lib/python3.8/dist-packages/airflow/example_dags/example_latest_only_with_trigger.py for tasks to queue
[2024-03-16T09:55:46.677+0000] {logging_mixin.py:188} INFO - [2024-03-16T09:55:46.676+0000] {dagbag.py:540} INFO - Filling up the DagBag from /usr/local/lib/python3.8/dist-packages/airflow/example_dags/example_latest_only_with_trigger.py
[2024-03-16T09:55:46.684+0000] {processor.py:840} INFO - DAG(s) 'latest_only_with_trigger' retrieved from /usr/local/lib/python3.8/dist-packages/airflow/example_dags/example_latest_only_with_trigger.py
[2024-03-16T09:55:46.701+0000] {logging_mixin.py:188} INFO - [2024-03-16T09:55:46.700+0000] {dag.py:3047} INFO - Sync 1 DAGs
[2024-03-16T09:55:46.723+0000] {logging_mixin.py:188} INFO - [2024-03-16T09:55:46.722+0000] {dag.py:3834} INFO - Setting next_dagrun for latest_only_with_trigger to 2024-03-16 04:00:00+00:00, run_after=2024-03-16 08:00:00+00:00
[2024-03-16T09:55:46.748+0000] {processor.py:183} INFO - Processing /usr/local/lib/python3.8/dist-packages/airflow/example_dags/example_latest_only_with_trigger.py took 0.078 seconds
[2024-03-16T09:57:10.319+0000] {processor.py:161} INFO - Started process (PID=983) to work on /usr/local/lib/python3.8/dist-packages/airflow/example_dags/example_latest_only_with_trigger.py
[2024-03-16T09:57:10.321+0000] {processor.py:830} INFO - Processing file /usr/local/lib/python3.8/dist-packages/airflow/example_dags/example_latest_only_with_trigger.py for tasks to queue
[2024-03-16T09:57:10.322+0000] {logging_mixin.py:188} INFO - [2024-03-16T09:57:10.322+0000] {dagbag.py:540} INFO - Filling up the DagBag from /usr/local/lib/python3.8/dist-packages/airflow/example_dags/example_latest_only_with_trigger.py
[2024-03-16T09:57:10.329+0000] {processor.py:840} INFO - DAG(s) 'latest_only_with_trigger' retrieved from /usr/local/lib/python3.8/dist-packages/airflow/example_dags/example_latest_only_with_trigger.py
[2024-03-16T09:57:10.347+0000] {logging_mixin.py:188} INFO - [2024-03-16T09:57:10.346+0000] {dag.py:3047} INFO - Sync 1 DAGs
[2024-03-16T09:57:10.369+0000] {logging_mixin.py:188} INFO - [2024-03-16T09:57:10.369+0000] {dag.py:3834} INFO - Setting next_dagrun for latest_only_with_trigger to 2024-03-16 04:00:00+00:00, run_after=2024-03-16 08:00:00+00:00
[2024-03-16T09:57:10.400+0000] {processor.py:183} INFO - Processing /usr/local/lib/python3.8/dist-packages/airflow/example_dags/example_latest_only_with_trigger.py took 0.085 seconds
[2024-03-16T09:58:25.169+0000] {processor.py:161} INFO - Started process (PID=1100) to work on /usr/local/lib/python3.8/dist-packages/airflow/example_dags/example_latest_only_with_trigger.py
[2024-03-16T09:58:25.171+0000] {processor.py:830} INFO - Processing file /usr/local/lib/python3.8/dist-packages/airflow/example_dags/example_latest_only_with_trigger.py for tasks to queue
[2024-03-16T09:58:25.172+0000] {logging_mixin.py:188} INFO - [2024-03-16T09:58:25.171+0000] {dagbag.py:540} INFO - Filling up the DagBag from /usr/local/lib/python3.8/dist-packages/airflow/example_dags/example_latest_only_with_trigger.py
[2024-03-16T09:58:25.179+0000] {processor.py:840} INFO - DAG(s) 'latest_only_with_trigger' retrieved from /usr/local/lib/python3.8/dist-packages/airflow/example_dags/example_latest_only_with_trigger.py
[2024-03-16T09:58:25.197+0000] {logging_mixin.py:188} INFO - [2024-03-16T09:58:25.197+0000] {dag.py:3047} INFO - Sync 1 DAGs
[2024-03-16T09:58:25.384+0000] {logging_mixin.py:188} INFO - [2024-03-16T09:58:25.384+0000] {dag.py:3834} INFO - Setting next_dagrun for latest_only_with_trigger to 2024-03-16 04:00:00+00:00, run_after=2024-03-16 08:00:00+00:00
[2024-03-16T09:58:25.662+0000] {processor.py:183} INFO - Processing /usr/local/lib/python3.8/dist-packages/airflow/example_dags/example_latest_only_with_trigger.py took 0.496 seconds
[2024-03-16T10:04:14.431+0000] {processor.py:161} INFO - Started process (PID=1646) to work on /usr/local/lib/python3.8/dist-packages/airflow/example_dags/example_latest_only_with_trigger.py
[2024-03-16T10:04:14.433+0000] {processor.py:830} INFO - Processing file /usr/local/lib/python3.8/dist-packages/airflow/example_dags/example_latest_only_with_trigger.py for tasks to queue
[2024-03-16T10:04:14.434+0000] {logging_mixin.py:188} INFO - [2024-03-16T10:04:14.434+0000] {dagbag.py:540} INFO - Filling up the DagBag from /usr/local/lib/python3.8/dist-packages/airflow/example_dags/example_latest_only_with_trigger.py
[2024-03-16T10:04:14.543+0000] {processor.py:840} INFO - DAG(s) 'latest_only_with_trigger' retrieved from /usr/local/lib/python3.8/dist-packages/airflow/example_dags/example_latest_only_with_trigger.py
[2024-03-16T10:04:14.553+0000] {logging_mixin.py:188} INFO - [2024-03-16T10:04:14.553+0000] {dag.py:3047} INFO - Sync 1 DAGs
[2024-03-16T10:04:14.568+0000] {logging_mixin.py:188} INFO - [2024-03-16T10:04:14.568+0000] {dag.py:3834} INFO - Setting next_dagrun for latest_only_with_trigger to 2024-03-16 04:00:00+00:00, run_after=2024-03-16 08:00:00+00:00
[2024-03-16T10:04:14.591+0000] {processor.py:183} INFO - Processing /usr/local/lib/python3.8/dist-packages/airflow/example_dags/example_latest_only_with_trigger.py took 0.163 seconds
[2024-03-16T10:05:43.458+0000] {processor.py:161} INFO - Started process (PID=1815) to work on /usr/local/lib/python3.8/dist-packages/airflow/example_dags/example_latest_only_with_trigger.py
[2024-03-16T10:05:43.460+0000] {processor.py:830} INFO - Processing file /usr/local/lib/python3.8/dist-packages/airflow/example_dags/example_latest_only_with_trigger.py for tasks to queue
[2024-03-16T10:05:43.461+0000] {logging_mixin.py:188} INFO - [2024-03-16T10:05:43.461+0000] {dagbag.py:540} INFO - Filling up the DagBag from /usr/local/lib/python3.8/dist-packages/airflow/example_dags/example_latest_only_with_trigger.py
[2024-03-16T10:05:43.468+0000] {processor.py:840} INFO - DAG(s) 'latest_only_with_trigger' retrieved from /usr/local/lib/python3.8/dist-packages/airflow/example_dags/example_latest_only_with_trigger.py
[2024-03-16T10:05:43.485+0000] {logging_mixin.py:188} INFO - [2024-03-16T10:05:43.485+0000] {dag.py:3047} INFO - Sync 1 DAGs
[2024-03-16T10:05:43.507+0000] {logging_mixin.py:188} INFO - [2024-03-16T10:05:43.506+0000] {dag.py:3834} INFO - Setting next_dagrun for latest_only_with_trigger to 2024-03-16 04:00:00+00:00, run_after=2024-03-16 08:00:00+00:00
[2024-03-16T10:05:43.537+0000] {processor.py:183} INFO - Processing /usr/local/lib/python3.8/dist-packages/airflow/example_dags/example_latest_only_with_trigger.py took 0.082 seconds
[2024-03-16T10:06:46.589+0000] {processor.py:161} INFO - Started process (PID=1920) to work on /usr/local/lib/python3.8/dist-packages/airflow/example_dags/example_latest_only_with_trigger.py
[2024-03-16T10:06:46.591+0000] {processor.py:830} INFO - Processing file /usr/local/lib/python3.8/dist-packages/airflow/example_dags/example_latest_only_with_trigger.py for tasks to queue
[2024-03-16T10:06:46.592+0000] {logging_mixin.py:188} INFO - [2024-03-16T10:06:46.591+0000] {dagbag.py:540} INFO - Filling up the DagBag from /usr/local/lib/python3.8/dist-packages/airflow/example_dags/example_latest_only_with_trigger.py
[2024-03-16T10:06:46.599+0000] {processor.py:840} INFO - DAG(s) 'latest_only_with_trigger' retrieved from /usr/local/lib/python3.8/dist-packages/airflow/example_dags/example_latest_only_with_trigger.py
[2024-03-16T10:06:46.616+0000] {logging_mixin.py:188} INFO - [2024-03-16T10:06:46.616+0000] {dag.py:3047} INFO - Sync 1 DAGs
[2024-03-16T10:06:46.638+0000] {logging_mixin.py:188} INFO - [2024-03-16T10:06:46.637+0000] {dag.py:3834} INFO - Setting next_dagrun for latest_only_with_trigger to 2024-03-16 04:00:00+00:00, run_after=2024-03-16 08:00:00+00:00
[2024-03-16T10:06:46.665+0000] {processor.py:183} INFO - Processing /usr/local/lib/python3.8/dist-packages/airflow/example_dags/example_latest_only_with_trigger.py took 0.079 seconds
[2024-03-16T10:07:44.678+0000] {processor.py:161} INFO - Started process (PID=2023) to work on /usr/local/lib/python3.8/dist-packages/airflow/example_dags/example_latest_only_with_trigger.py
[2024-03-16T10:07:44.680+0000] {processor.py:830} INFO - Processing file /usr/local/lib/python3.8/dist-packages/airflow/example_dags/example_latest_only_with_trigger.py for tasks to queue
[2024-03-16T10:07:44.681+0000] {logging_mixin.py:188} INFO - [2024-03-16T10:07:44.680+0000] {dagbag.py:540} INFO - Filling up the DagBag from /usr/local/lib/python3.8/dist-packages/airflow/example_dags/example_latest_only_with_trigger.py
[2024-03-16T10:07:44.687+0000] {processor.py:840} INFO - DAG(s) 'latest_only_with_trigger' retrieved from /usr/local/lib/python3.8/dist-packages/airflow/example_dags/example_latest_only_with_trigger.py
[2024-03-16T10:07:44.703+0000] {logging_mixin.py:188} INFO - [2024-03-16T10:07:44.702+0000] {dag.py:3047} INFO - Sync 1 DAGs
[2024-03-16T10:07:44.719+0000] {logging_mixin.py:188} INFO - [2024-03-16T10:07:44.719+0000] {dag.py:3834} INFO - Setting next_dagrun for latest_only_with_trigger to 2024-03-16 04:00:00+00:00, run_after=2024-03-16 08:00:00+00:00
[2024-03-16T10:07:44.745+0000] {processor.py:183} INFO - Processing /usr/local/lib/python3.8/dist-packages/airflow/example_dags/example_latest_only_with_trigger.py took 0.070 seconds
[2024-03-16T10:08:52.346+0000] {processor.py:161} INFO - Started process (PID=2129) to work on /usr/local/lib/python3.8/dist-packages/airflow/example_dags/example_latest_only_with_trigger.py
[2024-03-16T10:08:52.348+0000] {processor.py:830} INFO - Processing file /usr/local/lib/python3.8/dist-packages/airflow/example_dags/example_latest_only_with_trigger.py for tasks to queue
[2024-03-16T10:08:52.349+0000] {logging_mixin.py:188} INFO - [2024-03-16T10:08:52.349+0000] {dagbag.py:540} INFO - Filling up the DagBag from /usr/local/lib/python3.8/dist-packages/airflow/example_dags/example_latest_only_with_trigger.py
[2024-03-16T10:08:52.356+0000] {processor.py:840} INFO - DAG(s) 'latest_only_with_trigger' retrieved from /usr/local/lib/python3.8/dist-packages/airflow/example_dags/example_latest_only_with_trigger.py
[2024-03-16T10:08:52.370+0000] {logging_mixin.py:188} INFO - [2024-03-16T10:08:52.370+0000] {dag.py:3047} INFO - Sync 1 DAGs
[2024-03-16T10:08:52.387+0000] {logging_mixin.py:188} INFO - [2024-03-16T10:08:52.387+0000] {dag.py:3834} INFO - Setting next_dagrun for latest_only_with_trigger to 2024-03-16 04:00:00+00:00, run_after=2024-03-16 08:00:00+00:00
[2024-03-16T10:08:52.412+0000] {processor.py:183} INFO - Processing /usr/local/lib/python3.8/dist-packages/airflow/example_dags/example_latest_only_with_trigger.py took 0.068 seconds
[2024-03-16T10:09:52.366+0000] {processor.py:161} INFO - Started process (PID=2234) to work on /usr/local/lib/python3.8/dist-packages/airflow/example_dags/example_latest_only_with_trigger.py
[2024-03-16T10:09:52.368+0000] {processor.py:830} INFO - Processing file /usr/local/lib/python3.8/dist-packages/airflow/example_dags/example_latest_only_with_trigger.py for tasks to queue
[2024-03-16T10:09:52.369+0000] {logging_mixin.py:188} INFO - [2024-03-16T10:09:52.369+0000] {dagbag.py:540} INFO - Filling up the DagBag from /usr/local/lib/python3.8/dist-packages/airflow/example_dags/example_latest_only_with_trigger.py
[2024-03-16T10:09:52.376+0000] {processor.py:840} INFO - DAG(s) 'latest_only_with_trigger' retrieved from /usr/local/lib/python3.8/dist-packages/airflow/example_dags/example_latest_only_with_trigger.py
[2024-03-16T10:09:52.398+0000] {logging_mixin.py:188} INFO - [2024-03-16T10:09:52.398+0000] {dag.py:3047} INFO - Sync 1 DAGs
[2024-03-16T10:09:52.420+0000] {logging_mixin.py:188} INFO - [2024-03-16T10:09:52.420+0000] {dag.py:3834} INFO - Setting next_dagrun for latest_only_with_trigger to 2024-03-16 04:00:00+00:00, run_after=2024-03-16 08:00:00+00:00
[2024-03-16T10:09:52.448+0000] {processor.py:183} INFO - Processing /usr/local/lib/python3.8/dist-packages/airflow/example_dags/example_latest_only_with_trigger.py took 0.085 seconds
[2024-03-16T10:11:03.586+0000] {processor.py:161} INFO - Started process (PID=2339) to work on /usr/local/lib/python3.8/dist-packages/airflow/example_dags/example_latest_only_with_trigger.py
[2024-03-16T10:11:03.588+0000] {processor.py:830} INFO - Processing file /usr/local/lib/python3.8/dist-packages/airflow/example_dags/example_latest_only_with_trigger.py for tasks to queue
[2024-03-16T10:11:03.589+0000] {logging_mixin.py:188} INFO - [2024-03-16T10:11:03.588+0000] {dagbag.py:540} INFO - Filling up the DagBag from /usr/local/lib/python3.8/dist-packages/airflow/example_dags/example_latest_only_with_trigger.py
[2024-03-16T10:11:03.596+0000] {processor.py:840} INFO - DAG(s) 'latest_only_with_trigger' retrieved from /usr/local/lib/python3.8/dist-packages/airflow/example_dags/example_latest_only_with_trigger.py
[2024-03-16T10:11:03.613+0000] {logging_mixin.py:188} INFO - [2024-03-16T10:11:03.613+0000] {dag.py:3047} INFO - Sync 1 DAGs
[2024-03-16T10:11:03.636+0000] {logging_mixin.py:188} INFO - [2024-03-16T10:11:03.635+0000] {dag.py:3834} INFO - Setting next_dagrun for latest_only_with_trigger to 2024-03-16 04:00:00+00:00, run_after=2024-03-16 08:00:00+00:00
[2024-03-16T10:11:03.667+0000] {processor.py:183} INFO - Processing /usr/local/lib/python3.8/dist-packages/airflow/example_dags/example_latest_only_with_trigger.py took 0.084 seconds
[2024-03-16T10:12:42.274+0000] {processor.py:161} INFO - Started process (PID=2524) to work on /usr/local/lib/python3.8/dist-packages/airflow/example_dags/example_latest_only_with_trigger.py
[2024-03-16T10:12:42.277+0000] {processor.py:830} INFO - Processing file /usr/local/lib/python3.8/dist-packages/airflow/example_dags/example_latest_only_with_trigger.py for tasks to queue
[2024-03-16T10:12:42.278+0000] {logging_mixin.py:188} INFO - [2024-03-16T10:12:42.278+0000] {dagbag.py:540} INFO - Filling up the DagBag from /usr/local/lib/python3.8/dist-packages/airflow/example_dags/example_latest_only_with_trigger.py
[2024-03-16T10:12:42.285+0000] {processor.py:840} INFO - DAG(s) 'latest_only_with_trigger' retrieved from /usr/local/lib/python3.8/dist-packages/airflow/example_dags/example_latest_only_with_trigger.py
[2024-03-16T10:12:42.302+0000] {logging_mixin.py:188} INFO - [2024-03-16T10:12:42.302+0000] {dag.py:3047} INFO - Sync 1 DAGs
[2024-03-16T10:12:42.325+0000] {logging_mixin.py:188} INFO - [2024-03-16T10:12:42.325+0000] {dag.py:3834} INFO - Setting next_dagrun for latest_only_with_trigger to 2024-03-16 04:00:00+00:00, run_after=2024-03-16 08:00:00+00:00
[2024-03-16T10:12:42.358+0000] {processor.py:183} INFO - Processing /usr/local/lib/python3.8/dist-packages/airflow/example_dags/example_latest_only_with_trigger.py took 0.087 seconds
[2024-03-16T10:14:19.174+0000] {processor.py:161} INFO - Started process (PID=2695) to work on /usr/local/lib/python3.8/dist-packages/airflow/example_dags/example_latest_only_with_trigger.py
[2024-03-16T10:14:19.176+0000] {processor.py:830} INFO - Processing file /usr/local/lib/python3.8/dist-packages/airflow/example_dags/example_latest_only_with_trigger.py for tasks to queue
[2024-03-16T10:14:19.177+0000] {logging_mixin.py:188} INFO - [2024-03-16T10:14:19.177+0000] {dagbag.py:540} INFO - Filling up the DagBag from /usr/local/lib/python3.8/dist-packages/airflow/example_dags/example_latest_only_with_trigger.py
[2024-03-16T10:14:19.185+0000] {processor.py:840} INFO - DAG(s) 'latest_only_with_trigger' retrieved from /usr/local/lib/python3.8/dist-packages/airflow/example_dags/example_latest_only_with_trigger.py
[2024-03-16T10:14:19.201+0000] {logging_mixin.py:188} INFO - [2024-03-16T10:14:19.201+0000] {dag.py:3047} INFO - Sync 1 DAGs
[2024-03-16T10:14:19.223+0000] {logging_mixin.py:188} INFO - [2024-03-16T10:14:19.223+0000] {dag.py:3834} INFO - Setting next_dagrun for latest_only_with_trigger to 2024-03-16 04:00:00+00:00, run_after=2024-03-16 08:00:00+00:00
[2024-03-16T10:14:19.269+0000] {processor.py:183} INFO - Processing /usr/local/lib/python3.8/dist-packages/airflow/example_dags/example_latest_only_with_trigger.py took 0.098 seconds
[2024-03-16T10:15:27.371+0000] {processor.py:161} INFO - Started process (PID=3009) to work on /usr/local/lib/python3.8/dist-packages/airflow/example_dags/example_latest_only_with_trigger.py
[2024-03-16T10:15:27.373+0000] {processor.py:830} INFO - Processing file /usr/local/lib/python3.8/dist-packages/airflow/example_dags/example_latest_only_with_trigger.py for tasks to queue
[2024-03-16T10:15:27.374+0000] {logging_mixin.py:188} INFO - [2024-03-16T10:15:27.373+0000] {dagbag.py:540} INFO - Filling up the DagBag from /usr/local/lib/python3.8/dist-packages/airflow/example_dags/example_latest_only_with_trigger.py
[2024-03-16T10:15:27.381+0000] {processor.py:840} INFO - DAG(s) 'latest_only_with_trigger' retrieved from /usr/local/lib/python3.8/dist-packages/airflow/example_dags/example_latest_only_with_trigger.py
[2024-03-16T10:15:27.397+0000] {logging_mixin.py:188} INFO - [2024-03-16T10:15:27.397+0000] {dag.py:3047} INFO - Sync 1 DAGs
[2024-03-16T10:15:27.419+0000] {logging_mixin.py:188} INFO - [2024-03-16T10:15:27.419+0000] {dag.py:3834} INFO - Setting next_dagrun for latest_only_with_trigger to 2024-03-16 04:00:00+00:00, run_after=2024-03-16 08:00:00+00:00
[2024-03-16T10:15:27.450+0000] {processor.py:183} INFO - Processing /usr/local/lib/python3.8/dist-packages/airflow/example_dags/example_latest_only_with_trigger.py took 0.082 seconds
[2024-03-16T10:16:34.299+0000] {processor.py:161} INFO - Started process (PID=3123) to work on /usr/local/lib/python3.8/dist-packages/airflow/example_dags/example_latest_only_with_trigger.py
[2024-03-16T10:16:34.301+0000] {processor.py:830} INFO - Processing file /usr/local/lib/python3.8/dist-packages/airflow/example_dags/example_latest_only_with_trigger.py for tasks to queue
[2024-03-16T10:16:34.302+0000] {logging_mixin.py:188} INFO - [2024-03-16T10:16:34.302+0000] {dagbag.py:540} INFO - Filling up the DagBag from /usr/local/lib/python3.8/dist-packages/airflow/example_dags/example_latest_only_with_trigger.py
[2024-03-16T10:16:34.309+0000] {processor.py:840} INFO - DAG(s) 'latest_only_with_trigger' retrieved from /usr/local/lib/python3.8/dist-packages/airflow/example_dags/example_latest_only_with_trigger.py
[2024-03-16T10:16:34.326+0000] {logging_mixin.py:188} INFO - [2024-03-16T10:16:34.326+0000] {dag.py:3047} INFO - Sync 1 DAGs
[2024-03-16T10:16:34.349+0000] {logging_mixin.py:188} INFO - [2024-03-16T10:16:34.348+0000] {dag.py:3834} INFO - Setting next_dagrun for latest_only_with_trigger to 2024-03-16 04:00:00+00:00, run_after=2024-03-16 08:00:00+00:00
[2024-03-16T10:16:34.379+0000] {processor.py:183} INFO - Processing /usr/local/lib/python3.8/dist-packages/airflow/example_dags/example_latest_only_with_trigger.py took 0.083 seconds
