[2024-03-16T09:54:52.946+0000] {processor.py:161} INFO - Started process (PID=759) to work on /usr/local/lib/python3.8/dist-packages/airflow/example_dags/example_branch_day_of_week_operator.py
[2024-03-16T09:54:52.947+0000] {processor.py:830} INFO - Processing file /usr/local/lib/python3.8/dist-packages/airflow/example_dags/example_branch_day_of_week_operator.py for tasks to queue
[2024-03-16T09:54:52.948+0000] {logging_mixin.py:188} INFO - [2024-03-16T09:54:52.947+0000] {dagbag.py:540} INFO - Filling up the DagBag from /usr/local/lib/python3.8/dist-packages/airflow/example_dags/example_branch_day_of_week_operator.py
[2024-03-16T09:54:52.957+0000] {processor.py:840} INFO - DAG(s) 'example_weekday_branch_operator' retrieved from /usr/local/lib/python3.8/dist-packages/airflow/example_dags/example_branch_day_of_week_operator.py
[2024-03-16T09:54:52.974+0000] {logging_mixin.py:188} INFO - [2024-03-16T09:54:52.974+0000] {dag.py:3047} INFO - Sync 1 DAGs
[2024-03-16T09:54:52.997+0000] {logging_mixin.py:188} INFO - [2024-03-16T09:54:52.997+0000] {dag.py:3834} INFO - Setting next_dagrun for example_weekday_branch_operator to 2024-03-15 00:00:00+00:00, run_after=2024-03-16 00:00:00+00:00
[2024-03-16T09:54:53.030+0000] {processor.py:183} INFO - Processing /usr/local/lib/python3.8/dist-packages/airflow/example_dags/example_branch_day_of_week_operator.py took 0.087 seconds
[2024-03-16T09:55:51.691+0000] {processor.py:161} INFO - Started process (PID=884) to work on /usr/local/lib/python3.8/dist-packages/airflow/example_dags/example_branch_day_of_week_operator.py
[2024-03-16T09:55:51.693+0000] {processor.py:830} INFO - Processing file /usr/local/lib/python3.8/dist-packages/airflow/example_dags/example_branch_day_of_week_operator.py for tasks to queue
[2024-03-16T09:55:51.694+0000] {logging_mixin.py:188} INFO - [2024-03-16T09:55:51.694+0000] {dagbag.py:540} INFO - Filling up the DagBag from /usr/local/lib/python3.8/dist-packages/airflow/example_dags/example_branch_day_of_week_operator.py
[2024-03-16T09:55:51.703+0000] {processor.py:840} INFO - DAG(s) 'example_weekday_branch_operator' retrieved from /usr/local/lib/python3.8/dist-packages/airflow/example_dags/example_branch_day_of_week_operator.py
[2024-03-16T09:55:51.721+0000] {logging_mixin.py:188} INFO - [2024-03-16T09:55:51.721+0000] {dag.py:3047} INFO - Sync 1 DAGs
[2024-03-16T09:55:51.744+0000] {logging_mixin.py:188} INFO - [2024-03-16T09:55:51.744+0000] {dag.py:3834} INFO - Setting next_dagrun for example_weekday_branch_operator to 2024-03-15 00:00:00+00:00, run_after=2024-03-16 00:00:00+00:00
[2024-03-16T09:55:51.774+0000] {processor.py:183} INFO - Processing /usr/local/lib/python3.8/dist-packages/airflow/example_dags/example_branch_day_of_week_operator.py took 0.086 seconds
[2024-03-16T09:57:15.330+0000] {processor.py:161} INFO - Started process (PID=988) to work on /usr/local/lib/python3.8/dist-packages/airflow/example_dags/example_branch_day_of_week_operator.py
[2024-03-16T09:57:15.332+0000] {processor.py:830} INFO - Processing file /usr/local/lib/python3.8/dist-packages/airflow/example_dags/example_branch_day_of_week_operator.py for tasks to queue
[2024-03-16T09:57:15.333+0000] {logging_mixin.py:188} INFO - [2024-03-16T09:57:15.333+0000] {dagbag.py:540} INFO - Filling up the DagBag from /usr/local/lib/python3.8/dist-packages/airflow/example_dags/example_branch_day_of_week_operator.py
[2024-03-16T09:57:15.342+0000] {processor.py:840} INFO - DAG(s) 'example_weekday_branch_operator' retrieved from /usr/local/lib/python3.8/dist-packages/airflow/example_dags/example_branch_day_of_week_operator.py
[2024-03-16T09:57:15.361+0000] {logging_mixin.py:188} INFO - [2024-03-16T09:57:15.361+0000] {dag.py:3047} INFO - Sync 1 DAGs
[2024-03-16T09:57:15.384+0000] {logging_mixin.py:188} INFO - [2024-03-16T09:57:15.384+0000] {dag.py:3834} INFO - Setting next_dagrun for example_weekday_branch_operator to 2024-03-15 00:00:00+00:00, run_after=2024-03-16 00:00:00+00:00
[2024-03-16T09:57:15.882+0000] {processor.py:183} INFO - Processing /usr/local/lib/python3.8/dist-packages/airflow/example_dags/example_branch_day_of_week_operator.py took 0.555 seconds
[2024-03-16T09:58:50.580+0000] {processor.py:161} INFO - Started process (PID=1164) to work on /usr/local/lib/python3.8/dist-packages/airflow/example_dags/example_branch_day_of_week_operator.py
[2024-03-16T09:58:50.582+0000] {processor.py:830} INFO - Processing file /usr/local/lib/python3.8/dist-packages/airflow/example_dags/example_branch_day_of_week_operator.py for tasks to queue
[2024-03-16T09:58:50.583+0000] {logging_mixin.py:188} INFO - [2024-03-16T09:58:50.582+0000] {dagbag.py:540} INFO - Filling up the DagBag from /usr/local/lib/python3.8/dist-packages/airflow/example_dags/example_branch_day_of_week_operator.py
[2024-03-16T09:58:50.590+0000] {processor.py:840} INFO - DAG(s) 'example_weekday_branch_operator' retrieved from /usr/local/lib/python3.8/dist-packages/airflow/example_dags/example_branch_day_of_week_operator.py
[2024-03-16T09:58:50.604+0000] {logging_mixin.py:188} INFO - [2024-03-16T09:58:50.603+0000] {dag.py:3047} INFO - Sync 1 DAGs
[2024-03-16T09:58:50.620+0000] {logging_mixin.py:188} INFO - [2024-03-16T09:58:50.620+0000] {dag.py:3834} INFO - Setting next_dagrun for example_weekday_branch_operator to 2024-03-15 00:00:00+00:00, run_after=2024-03-16 00:00:00+00:00
[2024-03-16T09:58:50.645+0000] {processor.py:183} INFO - Processing /usr/local/lib/python3.8/dist-packages/airflow/example_dags/example_branch_day_of_week_operator.py took 0.069 seconds
[2024-03-16T10:04:33.651+0000] {processor.py:161} INFO - Started process (PID=1687) to work on /usr/local/lib/python3.8/dist-packages/airflow/example_dags/example_branch_day_of_week_operator.py
[2024-03-16T10:04:33.653+0000] {processor.py:830} INFO - Processing file /usr/local/lib/python3.8/dist-packages/airflow/example_dags/example_branch_day_of_week_operator.py for tasks to queue
[2024-03-16T10:04:33.654+0000] {logging_mixin.py:188} INFO - [2024-03-16T10:04:33.653+0000] {dagbag.py:540} INFO - Filling up the DagBag from /usr/local/lib/python3.8/dist-packages/airflow/example_dags/example_branch_day_of_week_operator.py
[2024-03-16T10:04:33.663+0000] {processor.py:840} INFO - DAG(s) 'example_weekday_branch_operator' retrieved from /usr/local/lib/python3.8/dist-packages/airflow/example_dags/example_branch_day_of_week_operator.py
[2024-03-16T10:04:33.680+0000] {logging_mixin.py:188} INFO - [2024-03-16T10:04:33.680+0000] {dag.py:3047} INFO - Sync 1 DAGs
[2024-03-16T10:04:33.703+0000] {logging_mixin.py:188} INFO - [2024-03-16T10:04:33.703+0000] {dag.py:3834} INFO - Setting next_dagrun for example_weekday_branch_operator to 2024-03-15 00:00:00+00:00, run_after=2024-03-16 00:00:00+00:00
[2024-03-16T10:04:33.733+0000] {processor.py:183} INFO - Processing /usr/local/lib/python3.8/dist-packages/airflow/example_dags/example_branch_day_of_week_operator.py took 0.085 seconds
[2024-03-16T10:06:06.214+0000] {processor.py:161} INFO - Started process (PID=1842) to work on /usr/local/lib/python3.8/dist-packages/airflow/example_dags/example_branch_day_of_week_operator.py
[2024-03-16T10:06:06.215+0000] {processor.py:830} INFO - Processing file /usr/local/lib/python3.8/dist-packages/airflow/example_dags/example_branch_day_of_week_operator.py for tasks to queue
[2024-03-16T10:06:06.216+0000] {logging_mixin.py:188} INFO - [2024-03-16T10:06:06.216+0000] {dagbag.py:540} INFO - Filling up the DagBag from /usr/local/lib/python3.8/dist-packages/airflow/example_dags/example_branch_day_of_week_operator.py
[2024-03-16T10:06:06.225+0000] {processor.py:840} INFO - DAG(s) 'example_weekday_branch_operator' retrieved from /usr/local/lib/python3.8/dist-packages/airflow/example_dags/example_branch_day_of_week_operator.py
[2024-03-16T10:06:06.243+0000] {logging_mixin.py:188} INFO - [2024-03-16T10:06:06.243+0000] {dag.py:3047} INFO - Sync 1 DAGs
[2024-03-16T10:06:06.266+0000] {logging_mixin.py:188} INFO - [2024-03-16T10:06:06.265+0000] {dag.py:3834} INFO - Setting next_dagrun for example_weekday_branch_operator to 2024-03-15 00:00:00+00:00, run_after=2024-03-16 00:00:00+00:00
[2024-03-16T10:06:06.297+0000] {processor.py:183} INFO - Processing /usr/local/lib/python3.8/dist-packages/airflow/example_dags/example_branch_day_of_week_operator.py took 0.086 seconds
[2024-03-16T10:07:07.320+0000] {processor.py:161} INFO - Started process (PID=1947) to work on /usr/local/lib/python3.8/dist-packages/airflow/example_dags/example_branch_day_of_week_operator.py
[2024-03-16T10:07:07.322+0000] {processor.py:830} INFO - Processing file /usr/local/lib/python3.8/dist-packages/airflow/example_dags/example_branch_day_of_week_operator.py for tasks to queue
[2024-03-16T10:07:07.323+0000] {logging_mixin.py:188} INFO - [2024-03-16T10:07:07.322+0000] {dagbag.py:540} INFO - Filling up the DagBag from /usr/local/lib/python3.8/dist-packages/airflow/example_dags/example_branch_day_of_week_operator.py
[2024-03-16T10:07:07.331+0000] {processor.py:840} INFO - DAG(s) 'example_weekday_branch_operator' retrieved from /usr/local/lib/python3.8/dist-packages/airflow/example_dags/example_branch_day_of_week_operator.py
[2024-03-16T10:07:07.350+0000] {logging_mixin.py:188} INFO - [2024-03-16T10:07:07.349+0000] {dag.py:3047} INFO - Sync 1 DAGs
[2024-03-16T10:07:07.372+0000] {logging_mixin.py:188} INFO - [2024-03-16T10:07:07.372+0000] {dag.py:3834} INFO - Setting next_dagrun for example_weekday_branch_operator to 2024-03-15 00:00:00+00:00, run_after=2024-03-16 00:00:00+00:00
[2024-03-16T10:07:07.403+0000] {processor.py:183} INFO - Processing /usr/local/lib/python3.8/dist-packages/airflow/example_dags/example_branch_day_of_week_operator.py took 0.087 seconds
[2024-03-16T10:08:10.330+0000] {processor.py:161} INFO - Started process (PID=2051) to work on /usr/local/lib/python3.8/dist-packages/airflow/example_dags/example_branch_day_of_week_operator.py
[2024-03-16T10:08:10.332+0000] {processor.py:830} INFO - Processing file /usr/local/lib/python3.8/dist-packages/airflow/example_dags/example_branch_day_of_week_operator.py for tasks to queue
[2024-03-16T10:08:10.333+0000] {logging_mixin.py:188} INFO - [2024-03-16T10:08:10.333+0000] {dagbag.py:540} INFO - Filling up the DagBag from /usr/local/lib/python3.8/dist-packages/airflow/example_dags/example_branch_day_of_week_operator.py
[2024-03-16T10:08:10.342+0000] {processor.py:840} INFO - DAG(s) 'example_weekday_branch_operator' retrieved from /usr/local/lib/python3.8/dist-packages/airflow/example_dags/example_branch_day_of_week_operator.py
[2024-03-16T10:08:10.360+0000] {logging_mixin.py:188} INFO - [2024-03-16T10:08:10.360+0000] {dag.py:3047} INFO - Sync 1 DAGs
[2024-03-16T10:08:10.383+0000] {logging_mixin.py:188} INFO - [2024-03-16T10:08:10.383+0000] {dag.py:3834} INFO - Setting next_dagrun for example_weekday_branch_operator to 2024-03-15 00:00:00+00:00, run_after=2024-03-16 00:00:00+00:00
[2024-03-16T10:08:10.413+0000] {processor.py:183} INFO - Processing /usr/local/lib/python3.8/dist-packages/airflow/example_dags/example_branch_day_of_week_operator.py took 0.086 seconds
[2024-03-16T10:09:13.362+0000] {processor.py:161} INFO - Started process (PID=2157) to work on /usr/local/lib/python3.8/dist-packages/airflow/example_dags/example_branch_day_of_week_operator.py
[2024-03-16T10:09:13.364+0000] {processor.py:830} INFO - Processing file /usr/local/lib/python3.8/dist-packages/airflow/example_dags/example_branch_day_of_week_operator.py for tasks to queue
[2024-03-16T10:09:13.365+0000] {logging_mixin.py:188} INFO - [2024-03-16T10:09:13.365+0000] {dagbag.py:540} INFO - Filling up the DagBag from /usr/local/lib/python3.8/dist-packages/airflow/example_dags/example_branch_day_of_week_operator.py
[2024-03-16T10:09:13.374+0000] {processor.py:840} INFO - DAG(s) 'example_weekday_branch_operator' retrieved from /usr/local/lib/python3.8/dist-packages/airflow/example_dags/example_branch_day_of_week_operator.py
[2024-03-16T10:09:13.392+0000] {logging_mixin.py:188} INFO - [2024-03-16T10:09:13.391+0000] {dag.py:3047} INFO - Sync 1 DAGs
[2024-03-16T10:09:13.414+0000] {logging_mixin.py:188} INFO - [2024-03-16T10:09:13.414+0000] {dag.py:3834} INFO - Setting next_dagrun for example_weekday_branch_operator to 2024-03-15 00:00:00+00:00, run_after=2024-03-16 00:00:00+00:00
[2024-03-16T10:09:13.516+0000] {processor.py:183} INFO - Processing /usr/local/lib/python3.8/dist-packages/airflow/example_dags/example_branch_day_of_week_operator.py took 0.158 seconds
[2024-03-16T10:10:15.158+0000] {processor.py:161} INFO - Started process (PID=2261) to work on /usr/local/lib/python3.8/dist-packages/airflow/example_dags/example_branch_day_of_week_operator.py
[2024-03-16T10:10:15.160+0000] {processor.py:830} INFO - Processing file /usr/local/lib/python3.8/dist-packages/airflow/example_dags/example_branch_day_of_week_operator.py for tasks to queue
[2024-03-16T10:10:15.161+0000] {logging_mixin.py:188} INFO - [2024-03-16T10:10:15.160+0000] {dagbag.py:540} INFO - Filling up the DagBag from /usr/local/lib/python3.8/dist-packages/airflow/example_dags/example_branch_day_of_week_operator.py
[2024-03-16T10:10:15.170+0000] {processor.py:840} INFO - DAG(s) 'example_weekday_branch_operator' retrieved from /usr/local/lib/python3.8/dist-packages/airflow/example_dags/example_branch_day_of_week_operator.py
[2024-03-16T10:10:15.190+0000] {logging_mixin.py:188} INFO - [2024-03-16T10:10:15.190+0000] {dag.py:3047} INFO - Sync 1 DAGs
[2024-03-16T10:10:15.213+0000] {logging_mixin.py:188} INFO - [2024-03-16T10:10:15.213+0000] {dag.py:3834} INFO - Setting next_dagrun for example_weekday_branch_operator to 2024-03-15 00:00:00+00:00, run_after=2024-03-16 00:00:00+00:00
[2024-03-16T10:10:15.458+0000] {processor.py:183} INFO - Processing /usr/local/lib/python3.8/dist-packages/airflow/example_dags/example_branch_day_of_week_operator.py took 0.304 seconds
[2024-03-16T10:12:00.935+0000] {processor.py:161} INFO - Started process (PID=2438) to work on /usr/local/lib/python3.8/dist-packages/airflow/example_dags/example_branch_day_of_week_operator.py
[2024-03-16T10:12:00.937+0000] {processor.py:830} INFO - Processing file /usr/local/lib/python3.8/dist-packages/airflow/example_dags/example_branch_day_of_week_operator.py for tasks to queue
[2024-03-16T10:12:00.938+0000] {logging_mixin.py:188} INFO - [2024-03-16T10:12:00.938+0000] {dagbag.py:540} INFO - Filling up the DagBag from /usr/local/lib/python3.8/dist-packages/airflow/example_dags/example_branch_day_of_week_operator.py
[2024-03-16T10:12:00.947+0000] {processor.py:840} INFO - DAG(s) 'example_weekday_branch_operator' retrieved from /usr/local/lib/python3.8/dist-packages/airflow/example_dags/example_branch_day_of_week_operator.py
[2024-03-16T10:12:00.965+0000] {logging_mixin.py:188} INFO - [2024-03-16T10:12:00.965+0000] {dag.py:3047} INFO - Sync 1 DAGs
[2024-03-16T10:12:00.988+0000] {logging_mixin.py:188} INFO - [2024-03-16T10:12:00.988+0000] {dag.py:3834} INFO - Setting next_dagrun for example_weekday_branch_operator to 2024-03-15 00:00:00+00:00, run_after=2024-03-16 00:00:00+00:00
[2024-03-16T10:12:01.014+0000] {processor.py:183} INFO - Processing /usr/local/lib/python3.8/dist-packages/airflow/example_dags/example_branch_day_of_week_operator.py took 0.082 seconds
[2024-03-16T10:13:01.767+0000] {processor.py:161} INFO - Started process (PID=2544) to work on /usr/local/lib/python3.8/dist-packages/airflow/example_dags/example_branch_day_of_week_operator.py
[2024-03-16T10:13:01.769+0000] {processor.py:830} INFO - Processing file /usr/local/lib/python3.8/dist-packages/airflow/example_dags/example_branch_day_of_week_operator.py for tasks to queue
[2024-03-16T10:13:01.770+0000] {logging_mixin.py:188} INFO - [2024-03-16T10:13:01.770+0000] {dagbag.py:540} INFO - Filling up the DagBag from /usr/local/lib/python3.8/dist-packages/airflow/example_dags/example_branch_day_of_week_operator.py
[2024-03-16T10:13:01.779+0000] {processor.py:840} INFO - DAG(s) 'example_weekday_branch_operator' retrieved from /usr/local/lib/python3.8/dist-packages/airflow/example_dags/example_branch_day_of_week_operator.py
[2024-03-16T10:13:01.797+0000] {logging_mixin.py:188} INFO - [2024-03-16T10:13:01.796+0000] {dag.py:3047} INFO - Sync 1 DAGs
[2024-03-16T10:13:01.819+0000] {logging_mixin.py:188} INFO - [2024-03-16T10:13:01.819+0000] {dag.py:3834} INFO - Setting next_dagrun for example_weekday_branch_operator to 2024-03-15 00:00:00+00:00, run_after=2024-03-16 00:00:00+00:00
[2024-03-16T10:13:01.849+0000] {processor.py:183} INFO - Processing /usr/local/lib/python3.8/dist-packages/airflow/example_dags/example_branch_day_of_week_operator.py took 0.085 seconds
[2024-03-16T10:14:46.218+0000] {processor.py:161} INFO - Started process (PID=2728) to work on /usr/local/lib/python3.8/dist-packages/airflow/example_dags/example_branch_day_of_week_operator.py
[2024-03-16T10:14:46.220+0000] {processor.py:830} INFO - Processing file /usr/local/lib/python3.8/dist-packages/airflow/example_dags/example_branch_day_of_week_operator.py for tasks to queue
[2024-03-16T10:14:46.221+0000] {logging_mixin.py:188} INFO - [2024-03-16T10:14:46.221+0000] {dagbag.py:540} INFO - Filling up the DagBag from /usr/local/lib/python3.8/dist-packages/airflow/example_dags/example_branch_day_of_week_operator.py
[2024-03-16T10:14:46.230+0000] {processor.py:840} INFO - DAG(s) 'example_weekday_branch_operator' retrieved from /usr/local/lib/python3.8/dist-packages/airflow/example_dags/example_branch_day_of_week_operator.py
[2024-03-16T10:14:46.248+0000] {logging_mixin.py:188} INFO - [2024-03-16T10:14:46.248+0000] {dag.py:3047} INFO - Sync 1 DAGs
[2024-03-16T10:14:46.271+0000] {logging_mixin.py:188} INFO - [2024-03-16T10:14:46.271+0000] {dag.py:3834} INFO - Setting next_dagrun for example_weekday_branch_operator to 2024-03-15 00:00:00+00:00, run_after=2024-03-16 00:00:00+00:00
[2024-03-16T10:14:46.301+0000] {processor.py:183} INFO - Processing /usr/local/lib/python3.8/dist-packages/airflow/example_dags/example_branch_day_of_week_operator.py took 0.086 seconds
[2024-03-16T10:15:50.782+0000] {processor.py:161} INFO - Started process (PID=3038) to work on /usr/local/lib/python3.8/dist-packages/airflow/example_dags/example_branch_day_of_week_operator.py
[2024-03-16T10:15:50.784+0000] {processor.py:830} INFO - Processing file /usr/local/lib/python3.8/dist-packages/airflow/example_dags/example_branch_day_of_week_operator.py for tasks to queue
[2024-03-16T10:15:50.785+0000] {logging_mixin.py:188} INFO - [2024-03-16T10:15:50.784+0000] {dagbag.py:540} INFO - Filling up the DagBag from /usr/local/lib/python3.8/dist-packages/airflow/example_dags/example_branch_day_of_week_operator.py
[2024-03-16T10:15:50.793+0000] {processor.py:840} INFO - DAG(s) 'example_weekday_branch_operator' retrieved from /usr/local/lib/python3.8/dist-packages/airflow/example_dags/example_branch_day_of_week_operator.py
[2024-03-16T10:15:50.811+0000] {logging_mixin.py:188} INFO - [2024-03-16T10:15:50.811+0000] {dag.py:3047} INFO - Sync 1 DAGs
[2024-03-16T10:15:50.834+0000] {logging_mixin.py:188} INFO - [2024-03-16T10:15:50.833+0000] {dag.py:3834} INFO - Setting next_dagrun for example_weekday_branch_operator to 2024-03-15 00:00:00+00:00, run_after=2024-03-16 00:00:00+00:00
[2024-03-16T10:15:50.864+0000] {processor.py:183} INFO - Processing /usr/local/lib/python3.8/dist-packages/airflow/example_dags/example_branch_day_of_week_operator.py took 0.085 seconds
[2024-03-16T10:16:55.482+0000] {processor.py:161} INFO - Started process (PID=3144) to work on /usr/local/lib/python3.8/dist-packages/airflow/example_dags/example_branch_day_of_week_operator.py
[2024-03-16T10:16:55.484+0000] {processor.py:830} INFO - Processing file /usr/local/lib/python3.8/dist-packages/airflow/example_dags/example_branch_day_of_week_operator.py for tasks to queue
[2024-03-16T10:16:55.485+0000] {logging_mixin.py:188} INFO - [2024-03-16T10:16:55.485+0000] {dagbag.py:540} INFO - Filling up the DagBag from /usr/local/lib/python3.8/dist-packages/airflow/example_dags/example_branch_day_of_week_operator.py
[2024-03-16T10:16:55.494+0000] {processor.py:840} INFO - DAG(s) 'example_weekday_branch_operator' retrieved from /usr/local/lib/python3.8/dist-packages/airflow/example_dags/example_branch_day_of_week_operator.py
[2024-03-16T10:16:55.512+0000] {logging_mixin.py:188} INFO - [2024-03-16T10:16:55.512+0000] {dag.py:3047} INFO - Sync 1 DAGs
[2024-03-16T10:16:55.534+0000] {logging_mixin.py:188} INFO - [2024-03-16T10:16:55.534+0000] {dag.py:3834} INFO - Setting next_dagrun for example_weekday_branch_operator to 2024-03-15 00:00:00+00:00, run_after=2024-03-16 00:00:00+00:00
[2024-03-16T10:16:55.564+0000] {processor.py:183} INFO - Processing /usr/local/lib/python3.8/dist-packages/airflow/example_dags/example_branch_day_of_week_operator.py took 0.085 seconds
