[2024-03-16T09:54:41.415+0000] {processor.py:161} INFO - Started process (PID=748) to work on /usr/local/lib/python3.8/dist-packages/airflow/example_dags/example_latest_only.py
[2024-03-16T09:54:41.416+0000] {processor.py:830} INFO - Processing file /usr/local/lib/python3.8/dist-packages/airflow/example_dags/example_latest_only.py for tasks to queue
[2024-03-16T09:54:41.417+0000] {logging_mixin.py:188} INFO - [2024-03-16T09:54:41.416+0000] {dagbag.py:540} INFO - Filling up the DagBag from /usr/local/lib/python3.8/dist-packages/airflow/example_dags/example_latest_only.py
[2024-03-16T09:54:41.423+0000] {processor.py:840} INFO - DAG(s) 'latest_only' retrieved from /usr/local/lib/python3.8/dist-packages/airflow/example_dags/example_latest_only.py
[2024-03-16T09:54:41.542+0000] {logging_mixin.py:188} INFO - [2024-03-16T09:54:41.542+0000] {dag.py:3047} INFO - Sync 1 DAGs
[2024-03-16T09:54:41.556+0000] {logging_mixin.py:188} INFO - [2024-03-16T09:54:41.556+0000] {dag.py:3834} INFO - Setting next_dagrun for latest_only to 2024-03-16 04:00:00+00:00, run_after=2024-03-16 08:00:00+00:00
[2024-03-16T09:54:41.581+0000] {processor.py:183} INFO - Processing /usr/local/lib/python3.8/dist-packages/airflow/example_dags/example_latest_only.py took 0.169 seconds
[2024-03-16T09:55:41.290+0000] {processor.py:161} INFO - Started process (PID=861) to work on /usr/local/lib/python3.8/dist-packages/airflow/example_dags/example_latest_only.py
[2024-03-16T09:55:41.292+0000] {processor.py:830} INFO - Processing file /usr/local/lib/python3.8/dist-packages/airflow/example_dags/example_latest_only.py for tasks to queue
[2024-03-16T09:55:41.293+0000] {logging_mixin.py:188} INFO - [2024-03-16T09:55:41.293+0000] {dagbag.py:540} INFO - Filling up the DagBag from /usr/local/lib/python3.8/dist-packages/airflow/example_dags/example_latest_only.py
[2024-03-16T09:55:41.299+0000] {processor.py:840} INFO - DAG(s) 'latest_only' retrieved from /usr/local/lib/python3.8/dist-packages/airflow/example_dags/example_latest_only.py
[2024-03-16T09:55:41.315+0000] {logging_mixin.py:188} INFO - [2024-03-16T09:55:41.315+0000] {dag.py:3047} INFO - Sync 1 DAGs
[2024-03-16T09:55:41.338+0000] {logging_mixin.py:188} INFO - [2024-03-16T09:55:41.338+0000] {dag.py:3834} INFO - Setting next_dagrun for latest_only to 2024-03-16 04:00:00+00:00, run_after=2024-03-16 08:00:00+00:00
[2024-03-16T09:55:41.366+0000] {processor.py:183} INFO - Processing /usr/local/lib/python3.8/dist-packages/airflow/example_dags/example_latest_only.py took 0.080 seconds
[2024-03-16T09:57:02.503+0000] {processor.py:161} INFO - Started process (PID=977) to work on /usr/local/lib/python3.8/dist-packages/airflow/example_dags/example_latest_only.py
[2024-03-16T09:57:02.505+0000] {processor.py:830} INFO - Processing file /usr/local/lib/python3.8/dist-packages/airflow/example_dags/example_latest_only.py for tasks to queue
[2024-03-16T09:57:02.506+0000] {logging_mixin.py:188} INFO - [2024-03-16T09:57:02.506+0000] {dagbag.py:540} INFO - Filling up the DagBag from /usr/local/lib/python3.8/dist-packages/airflow/example_dags/example_latest_only.py
[2024-03-16T09:57:02.513+0000] {processor.py:840} INFO - DAG(s) 'latest_only' retrieved from /usr/local/lib/python3.8/dist-packages/airflow/example_dags/example_latest_only.py
[2024-03-16T09:57:02.531+0000] {logging_mixin.py:188} INFO - [2024-03-16T09:57:02.531+0000] {dag.py:3047} INFO - Sync 1 DAGs
[2024-03-16T09:57:02.554+0000] {logging_mixin.py:188} INFO - [2024-03-16T09:57:02.554+0000] {dag.py:3834} INFO - Setting next_dagrun for latest_only to 2024-03-16 04:00:00+00:00, run_after=2024-03-16 08:00:00+00:00
[2024-03-16T09:57:02.811+0000] {processor.py:183} INFO - Processing /usr/local/lib/python3.8/dist-packages/airflow/example_dags/example_latest_only.py took 0.312 seconds
[2024-03-16T09:58:18.870+0000] {processor.py:161} INFO - Started process (PID=1094) to work on /usr/local/lib/python3.8/dist-packages/airflow/example_dags/example_latest_only.py
[2024-03-16T09:58:18.873+0000] {processor.py:830} INFO - Processing file /usr/local/lib/python3.8/dist-packages/airflow/example_dags/example_latest_only.py for tasks to queue
[2024-03-16T09:58:18.874+0000] {logging_mixin.py:188} INFO - [2024-03-16T09:58:18.874+0000] {dagbag.py:540} INFO - Filling up the DagBag from /usr/local/lib/python3.8/dist-packages/airflow/example_dags/example_latest_only.py
[2024-03-16T09:58:18.880+0000] {processor.py:840} INFO - DAG(s) 'latest_only' retrieved from /usr/local/lib/python3.8/dist-packages/airflow/example_dags/example_latest_only.py
[2024-03-16T09:58:18.896+0000] {logging_mixin.py:188} INFO - [2024-03-16T09:58:18.896+0000] {dag.py:3047} INFO - Sync 1 DAGs
[2024-03-16T09:58:18.918+0000] {logging_mixin.py:188} INFO - [2024-03-16T09:58:18.918+0000] {dag.py:3834} INFO - Setting next_dagrun for latest_only to 2024-03-16 04:00:00+00:00, run_after=2024-03-16 08:00:00+00:00
[2024-03-16T09:58:18.947+0000] {processor.py:183} INFO - Processing /usr/local/lib/python3.8/dist-packages/airflow/example_dags/example_latest_only.py took 0.080 seconds
[2024-03-16T10:03:34.826+0000] {processor.py:161} INFO - Started process (PID=1574) to work on /usr/local/lib/python3.8/dist-packages/airflow/example_dags/example_latest_only.py
[2024-03-16T10:03:34.828+0000] {processor.py:830} INFO - Processing file /usr/local/lib/python3.8/dist-packages/airflow/example_dags/example_latest_only.py for tasks to queue
[2024-03-16T10:03:34.828+0000] {logging_mixin.py:188} INFO - [2024-03-16T10:03:34.828+0000] {dagbag.py:540} INFO - Filling up the DagBag from /usr/local/lib/python3.8/dist-packages/airflow/example_dags/example_latest_only.py
[2024-03-16T10:03:34.835+0000] {processor.py:840} INFO - DAG(s) 'latest_only' retrieved from /usr/local/lib/python3.8/dist-packages/airflow/example_dags/example_latest_only.py
[2024-03-16T10:03:34.952+0000] {logging_mixin.py:188} INFO - [2024-03-16T10:03:34.952+0000] {dag.py:3047} INFO - Sync 1 DAGs
[2024-03-16T10:03:34.966+0000] {logging_mixin.py:188} INFO - [2024-03-16T10:03:34.966+0000] {dag.py:3834} INFO - Setting next_dagrun for latest_only to 2024-03-16 04:00:00+00:00, run_after=2024-03-16 08:00:00+00:00
[2024-03-16T10:03:34.992+0000] {processor.py:183} INFO - Processing /usr/local/lib/python3.8/dist-packages/airflow/example_dags/example_latest_only.py took 0.169 seconds
[2024-03-16T10:05:37.094+0000] {processor.py:161} INFO - Started process (PID=1809) to work on /usr/local/lib/python3.8/dist-packages/airflow/example_dags/example_latest_only.py
[2024-03-16T10:05:37.096+0000] {processor.py:830} INFO - Processing file /usr/local/lib/python3.8/dist-packages/airflow/example_dags/example_latest_only.py for tasks to queue
[2024-03-16T10:05:37.097+0000] {logging_mixin.py:188} INFO - [2024-03-16T10:05:37.097+0000] {dagbag.py:540} INFO - Filling up the DagBag from /usr/local/lib/python3.8/dist-packages/airflow/example_dags/example_latest_only.py
[2024-03-16T10:05:37.103+0000] {processor.py:840} INFO - DAG(s) 'latest_only' retrieved from /usr/local/lib/python3.8/dist-packages/airflow/example_dags/example_latest_only.py
[2024-03-16T10:05:37.119+0000] {logging_mixin.py:188} INFO - [2024-03-16T10:05:37.119+0000] {dag.py:3047} INFO - Sync 1 DAGs
[2024-03-16T10:05:37.141+0000] {logging_mixin.py:188} INFO - [2024-03-16T10:05:37.141+0000] {dag.py:3834} INFO - Setting next_dagrun for latest_only to 2024-03-16 04:00:00+00:00, run_after=2024-03-16 08:00:00+00:00
[2024-03-16T10:05:37.178+0000] {processor.py:183} INFO - Processing /usr/local/lib/python3.8/dist-packages/airflow/example_dags/example_latest_only.py took 0.087 seconds
[2024-03-16T10:06:40.244+0000] {processor.py:161} INFO - Started process (PID=1914) to work on /usr/local/lib/python3.8/dist-packages/airflow/example_dags/example_latest_only.py
[2024-03-16T10:06:40.245+0000] {processor.py:830} INFO - Processing file /usr/local/lib/python3.8/dist-packages/airflow/example_dags/example_latest_only.py for tasks to queue
[2024-03-16T10:06:40.246+0000] {logging_mixin.py:188} INFO - [2024-03-16T10:06:40.246+0000] {dagbag.py:540} INFO - Filling up the DagBag from /usr/local/lib/python3.8/dist-packages/airflow/example_dags/example_latest_only.py
[2024-03-16T10:06:40.252+0000] {processor.py:840} INFO - DAG(s) 'latest_only' retrieved from /usr/local/lib/python3.8/dist-packages/airflow/example_dags/example_latest_only.py
[2024-03-16T10:06:40.269+0000] {logging_mixin.py:188} INFO - [2024-03-16T10:06:40.269+0000] {dag.py:3047} INFO - Sync 1 DAGs
[2024-03-16T10:06:40.291+0000] {logging_mixin.py:188} INFO - [2024-03-16T10:06:40.290+0000] {dag.py:3834} INFO - Setting next_dagrun for latest_only to 2024-03-16 04:00:00+00:00, run_after=2024-03-16 08:00:00+00:00
[2024-03-16T10:06:40.320+0000] {processor.py:183} INFO - Processing /usr/local/lib/python3.8/dist-packages/airflow/example_dags/example_latest_only.py took 0.080 seconds
[2024-03-16T10:07:39.299+0000] {processor.py:161} INFO - Started process (PID=2017) to work on /usr/local/lib/python3.8/dist-packages/airflow/example_dags/example_latest_only.py
[2024-03-16T10:07:39.301+0000] {processor.py:830} INFO - Processing file /usr/local/lib/python3.8/dist-packages/airflow/example_dags/example_latest_only.py for tasks to queue
[2024-03-16T10:07:39.302+0000] {logging_mixin.py:188} INFO - [2024-03-16T10:07:39.302+0000] {dagbag.py:540} INFO - Filling up the DagBag from /usr/local/lib/python3.8/dist-packages/airflow/example_dags/example_latest_only.py
[2024-03-16T10:07:39.308+0000] {processor.py:840} INFO - DAG(s) 'latest_only' retrieved from /usr/local/lib/python3.8/dist-packages/airflow/example_dags/example_latest_only.py
[2024-03-16T10:07:39.324+0000] {logging_mixin.py:188} INFO - [2024-03-16T10:07:39.324+0000] {dag.py:3047} INFO - Sync 1 DAGs
[2024-03-16T10:07:39.346+0000] {logging_mixin.py:188} INFO - [2024-03-16T10:07:39.346+0000] {dag.py:3834} INFO - Setting next_dagrun for latest_only to 2024-03-16 04:00:00+00:00, run_after=2024-03-16 08:00:00+00:00
[2024-03-16T10:07:39.377+0000] {processor.py:183} INFO - Processing /usr/local/lib/python3.8/dist-packages/airflow/example_dags/example_latest_only.py took 0.081 seconds
[2024-03-16T10:08:46.000+0000] {processor.py:161} INFO - Started process (PID=2123) to work on /usr/local/lib/python3.8/dist-packages/airflow/example_dags/example_latest_only.py
[2024-03-16T10:08:46.002+0000] {processor.py:830} INFO - Processing file /usr/local/lib/python3.8/dist-packages/airflow/example_dags/example_latest_only.py for tasks to queue
[2024-03-16T10:08:46.003+0000] {logging_mixin.py:188} INFO - [2024-03-16T10:08:46.002+0000] {dagbag.py:540} INFO - Filling up the DagBag from /usr/local/lib/python3.8/dist-packages/airflow/example_dags/example_latest_only.py
[2024-03-16T10:08:46.008+0000] {processor.py:840} INFO - DAG(s) 'latest_only' retrieved from /usr/local/lib/python3.8/dist-packages/airflow/example_dags/example_latest_only.py
[2024-03-16T10:08:46.024+0000] {logging_mixin.py:188} INFO - [2024-03-16T10:08:46.024+0000] {dag.py:3047} INFO - Sync 1 DAGs
[2024-03-16T10:08:46.046+0000] {logging_mixin.py:188} INFO - [2024-03-16T10:08:46.046+0000] {dag.py:3834} INFO - Setting next_dagrun for latest_only to 2024-03-16 04:00:00+00:00, run_after=2024-03-16 08:00:00+00:00
[2024-03-16T10:08:46.077+0000] {processor.py:183} INFO - Processing /usr/local/lib/python3.8/dist-packages/airflow/example_dags/example_latest_only.py took 0.081 seconds
[2024-03-16T10:09:47.164+0000] {processor.py:161} INFO - Started process (PID=2228) to work on /usr/local/lib/python3.8/dist-packages/airflow/example_dags/example_latest_only.py
[2024-03-16T10:09:47.166+0000] {processor.py:830} INFO - Processing file /usr/local/lib/python3.8/dist-packages/airflow/example_dags/example_latest_only.py for tasks to queue
[2024-03-16T10:09:47.167+0000] {logging_mixin.py:188} INFO - [2024-03-16T10:09:47.167+0000] {dagbag.py:540} INFO - Filling up the DagBag from /usr/local/lib/python3.8/dist-packages/airflow/example_dags/example_latest_only.py
[2024-03-16T10:09:47.173+0000] {processor.py:840} INFO - DAG(s) 'latest_only' retrieved from /usr/local/lib/python3.8/dist-packages/airflow/example_dags/example_latest_only.py
[2024-03-16T10:09:47.189+0000] {logging_mixin.py:188} INFO - [2024-03-16T10:09:47.189+0000] {dag.py:3047} INFO - Sync 1 DAGs
[2024-03-16T10:09:47.211+0000] {logging_mixin.py:188} INFO - [2024-03-16T10:09:47.211+0000] {dag.py:3834} INFO - Setting next_dagrun for latest_only to 2024-03-16 04:00:00+00:00, run_after=2024-03-16 08:00:00+00:00
[2024-03-16T10:09:47.234+0000] {processor.py:183} INFO - Processing /usr/local/lib/python3.8/dist-packages/airflow/example_dags/example_latest_only.py took 0.074 seconds
[2024-03-16T10:10:55.586+0000] {processor.py:161} INFO - Started process (PID=2333) to work on /usr/local/lib/python3.8/dist-packages/airflow/example_dags/example_latest_only.py
[2024-03-16T10:10:55.588+0000] {processor.py:830} INFO - Processing file /usr/local/lib/python3.8/dist-packages/airflow/example_dags/example_latest_only.py for tasks to queue
[2024-03-16T10:10:55.589+0000] {logging_mixin.py:188} INFO - [2024-03-16T10:10:55.589+0000] {dagbag.py:540} INFO - Filling up the DagBag from /usr/local/lib/python3.8/dist-packages/airflow/example_dags/example_latest_only.py
[2024-03-16T10:10:55.595+0000] {processor.py:840} INFO - DAG(s) 'latest_only' retrieved from /usr/local/lib/python3.8/dist-packages/airflow/example_dags/example_latest_only.py
[2024-03-16T10:10:55.611+0000] {logging_mixin.py:188} INFO - [2024-03-16T10:10:55.611+0000] {dag.py:3047} INFO - Sync 1 DAGs
[2024-03-16T10:10:55.633+0000] {logging_mixin.py:188} INFO - [2024-03-16T10:10:55.633+0000] {dag.py:3834} INFO - Setting next_dagrun for latest_only to 2024-03-16 04:00:00+00:00, run_after=2024-03-16 08:00:00+00:00
[2024-03-16T10:10:55.674+0000] {processor.py:183} INFO - Processing /usr/local/lib/python3.8/dist-packages/airflow/example_dags/example_latest_only.py took 0.091 seconds
[2024-03-16T10:12:36.626+0000] {processor.py:161} INFO - Started process (PID=2518) to work on /usr/local/lib/python3.8/dist-packages/airflow/example_dags/example_latest_only.py
[2024-03-16T10:12:36.628+0000] {processor.py:830} INFO - Processing file /usr/local/lib/python3.8/dist-packages/airflow/example_dags/example_latest_only.py for tasks to queue
[2024-03-16T10:12:36.629+0000] {logging_mixin.py:188} INFO - [2024-03-16T10:12:36.629+0000] {dagbag.py:540} INFO - Filling up the DagBag from /usr/local/lib/python3.8/dist-packages/airflow/example_dags/example_latest_only.py
[2024-03-16T10:12:36.635+0000] {processor.py:840} INFO - DAG(s) 'latest_only' retrieved from /usr/local/lib/python3.8/dist-packages/airflow/example_dags/example_latest_only.py
[2024-03-16T10:12:36.651+0000] {logging_mixin.py:188} INFO - [2024-03-16T10:12:36.651+0000] {dag.py:3047} INFO - Sync 1 DAGs
[2024-03-16T10:12:36.673+0000] {logging_mixin.py:188} INFO - [2024-03-16T10:12:36.673+0000] {dag.py:3834} INFO - Setting next_dagrun for latest_only to 2024-03-16 04:00:00+00:00, run_after=2024-03-16 08:00:00+00:00
[2024-03-16T10:12:36.703+0000] {processor.py:183} INFO - Processing /usr/local/lib/python3.8/dist-packages/airflow/example_dags/example_latest_only.py took 0.080 seconds
[2024-03-16T10:14:12.494+0000] {processor.py:161} INFO - Started process (PID=2689) to work on /usr/local/lib/python3.8/dist-packages/airflow/example_dags/example_latest_only.py
[2024-03-16T10:14:12.496+0000] {processor.py:830} INFO - Processing file /usr/local/lib/python3.8/dist-packages/airflow/example_dags/example_latest_only.py for tasks to queue
[2024-03-16T10:14:12.497+0000] {logging_mixin.py:188} INFO - [2024-03-16T10:14:12.497+0000] {dagbag.py:540} INFO - Filling up the DagBag from /usr/local/lib/python3.8/dist-packages/airflow/example_dags/example_latest_only.py
[2024-03-16T10:14:12.503+0000] {processor.py:840} INFO - DAG(s) 'latest_only' retrieved from /usr/local/lib/python3.8/dist-packages/airflow/example_dags/example_latest_only.py
[2024-03-16T10:14:12.519+0000] {logging_mixin.py:188} INFO - [2024-03-16T10:14:12.519+0000] {dag.py:3047} INFO - Sync 1 DAGs
[2024-03-16T10:14:12.542+0000] {logging_mixin.py:188} INFO - [2024-03-16T10:14:12.541+0000] {dag.py:3834} INFO - Setting next_dagrun for latest_only to 2024-03-16 04:00:00+00:00, run_after=2024-03-16 08:00:00+00:00
[2024-03-16T10:14:12.606+0000] {processor.py:183} INFO - Processing /usr/local/lib/python3.8/dist-packages/airflow/example_dags/example_latest_only.py took 0.115 seconds
[2024-03-16T10:15:19.978+0000] {processor.py:161} INFO - Started process (PID=3003) to work on /usr/local/lib/python3.8/dist-packages/airflow/example_dags/example_latest_only.py
[2024-03-16T10:15:19.980+0000] {processor.py:830} INFO - Processing file /usr/local/lib/python3.8/dist-packages/airflow/example_dags/example_latest_only.py for tasks to queue
[2024-03-16T10:15:19.981+0000] {logging_mixin.py:188} INFO - [2024-03-16T10:15:19.981+0000] {dagbag.py:540} INFO - Filling up the DagBag from /usr/local/lib/python3.8/dist-packages/airflow/example_dags/example_latest_only.py
[2024-03-16T10:15:19.987+0000] {processor.py:840} INFO - DAG(s) 'latest_only' retrieved from /usr/local/lib/python3.8/dist-packages/airflow/example_dags/example_latest_only.py
[2024-03-16T10:15:20.003+0000] {logging_mixin.py:188} INFO - [2024-03-16T10:15:20.003+0000] {dag.py:3047} INFO - Sync 1 DAGs
[2024-03-16T10:15:20.025+0000] {logging_mixin.py:188} INFO - [2024-03-16T10:15:20.025+0000] {dag.py:3834} INFO - Setting next_dagrun for latest_only to 2024-03-16 04:00:00+00:00, run_after=2024-03-16 08:00:00+00:00
[2024-03-16T10:15:20.054+0000] {processor.py:183} INFO - Processing /usr/local/lib/python3.8/dist-packages/airflow/example_dags/example_latest_only.py took 0.079 seconds
[2024-03-16T10:16:27.846+0000] {processor.py:161} INFO - Started process (PID=3117) to work on /usr/local/lib/python3.8/dist-packages/airflow/example_dags/example_latest_only.py
[2024-03-16T10:16:27.848+0000] {processor.py:830} INFO - Processing file /usr/local/lib/python3.8/dist-packages/airflow/example_dags/example_latest_only.py for tasks to queue
[2024-03-16T10:16:27.849+0000] {logging_mixin.py:188} INFO - [2024-03-16T10:16:27.849+0000] {dagbag.py:540} INFO - Filling up the DagBag from /usr/local/lib/python3.8/dist-packages/airflow/example_dags/example_latest_only.py
[2024-03-16T10:16:27.855+0000] {processor.py:840} INFO - DAG(s) 'latest_only' retrieved from /usr/local/lib/python3.8/dist-packages/airflow/example_dags/example_latest_only.py
[2024-03-16T10:16:27.871+0000] {logging_mixin.py:188} INFO - [2024-03-16T10:16:27.871+0000] {dag.py:3047} INFO - Sync 1 DAGs
[2024-03-16T10:16:27.893+0000] {logging_mixin.py:188} INFO - [2024-03-16T10:16:27.893+0000] {dag.py:3834} INFO - Setting next_dagrun for latest_only to 2024-03-16 04:00:00+00:00, run_after=2024-03-16 08:00:00+00:00
[2024-03-16T10:16:27.923+0000] {processor.py:183} INFO - Processing /usr/local/lib/python3.8/dist-packages/airflow/example_dags/example_latest_only.py took 0.080 seconds
