[2024-03-16T09:54:16.764+0000] {processor.py:161} INFO - Started process (PID=704) to work on /usr/local/lib/python3.8/dist-packages/airflow/example_dags/example_setup_teardown.py
[2024-03-16T09:54:16.765+0000] {processor.py:830} INFO - Processing file /usr/local/lib/python3.8/dist-packages/airflow/example_dags/example_setup_teardown.py for tasks to queue
[2024-03-16T09:54:16.766+0000] {logging_mixin.py:188} INFO - [2024-03-16T09:54:16.766+0000] {dagbag.py:540} INFO - Filling up the DagBag from /usr/local/lib/python3.8/dist-packages/airflow/example_dags/example_setup_teardown.py
[2024-03-16T09:54:16.774+0000] {processor.py:840} INFO - DAG(s) 'example_setup_teardown' retrieved from /usr/local/lib/python3.8/dist-packages/airflow/example_dags/example_setup_teardown.py
[2024-03-16T09:54:16.799+0000] {logging_mixin.py:188} INFO - [2024-03-16T09:54:16.799+0000] {dag.py:3047} INFO - Sync 1 DAGs
[2024-03-16T09:54:16.915+0000] {logging_mixin.py:188} INFO - [2024-03-16T09:54:16.915+0000] {dag.py:3834} INFO - Setting next_dagrun for example_setup_teardown to 2024-03-15 00:00:00+00:00, run_after=2024-03-16 00:00:00+00:00
[2024-03-16T09:54:16.941+0000] {processor.py:183} INFO - Processing /usr/local/lib/python3.8/dist-packages/airflow/example_dags/example_setup_teardown.py took 0.181 seconds
[2024-03-16T09:55:23.251+0000] {processor.py:161} INFO - Started process (PID=822) to work on /usr/local/lib/python3.8/dist-packages/airflow/example_dags/example_setup_teardown.py
[2024-03-16T09:55:23.253+0000] {processor.py:830} INFO - Processing file /usr/local/lib/python3.8/dist-packages/airflow/example_dags/example_setup_teardown.py for tasks to queue
[2024-03-16T09:55:23.254+0000] {logging_mixin.py:188} INFO - [2024-03-16T09:55:23.254+0000] {dagbag.py:540} INFO - Filling up the DagBag from /usr/local/lib/python3.8/dist-packages/airflow/example_dags/example_setup_teardown.py
[2024-03-16T09:55:23.260+0000] {processor.py:840} INFO - DAG(s) 'example_setup_teardown' retrieved from /usr/local/lib/python3.8/dist-packages/airflow/example_dags/example_setup_teardown.py
[2024-03-16T09:55:23.273+0000] {logging_mixin.py:188} INFO - [2024-03-16T09:55:23.273+0000] {dag.py:3047} INFO - Sync 1 DAGs
[2024-03-16T09:55:23.290+0000] {logging_mixin.py:188} INFO - [2024-03-16T09:55:23.289+0000] {dag.py:3834} INFO - Setting next_dagrun for example_setup_teardown to 2024-03-15 00:00:00+00:00, run_after=2024-03-16 00:00:00+00:00
[2024-03-16T09:55:23.314+0000] {processor.py:183} INFO - Processing /usr/local/lib/python3.8/dist-packages/airflow/example_dags/example_setup_teardown.py took 0.066 seconds
[2024-03-16T09:56:19.947+0000] {processor.py:161} INFO - Started process (PID=926) to work on /usr/local/lib/python3.8/dist-packages/airflow/example_dags/example_setup_teardown.py
[2024-03-16T09:56:19.949+0000] {processor.py:830} INFO - Processing file /usr/local/lib/python3.8/dist-packages/airflow/example_dags/example_setup_teardown.py for tasks to queue
[2024-03-16T09:56:19.950+0000] {logging_mixin.py:188} INFO - [2024-03-16T09:56:19.950+0000] {dagbag.py:540} INFO - Filling up the DagBag from /usr/local/lib/python3.8/dist-packages/airflow/example_dags/example_setup_teardown.py
[2024-03-16T09:56:19.959+0000] {processor.py:840} INFO - DAG(s) 'example_setup_teardown' retrieved from /usr/local/lib/python3.8/dist-packages/airflow/example_dags/example_setup_teardown.py
[2024-03-16T09:56:19.975+0000] {logging_mixin.py:188} INFO - [2024-03-16T09:56:19.975+0000] {dag.py:3047} INFO - Sync 1 DAGs
[2024-03-16T09:56:19.997+0000] {logging_mixin.py:188} INFO - [2024-03-16T09:56:19.997+0000] {dag.py:3834} INFO - Setting next_dagrun for example_setup_teardown to 2024-03-15 00:00:00+00:00, run_after=2024-03-16 00:00:00+00:00
[2024-03-16T09:56:20.480+0000] {processor.py:183} INFO - Processing /usr/local/lib/python3.8/dist-packages/airflow/example_dags/example_setup_teardown.py took 0.536 seconds
[2024-03-16T09:57:47.343+0000] {processor.py:161} INFO - Started process (PID=1044) to work on /usr/local/lib/python3.8/dist-packages/airflow/example_dags/example_setup_teardown.py
[2024-03-16T09:57:47.345+0000] {processor.py:830} INFO - Processing file /usr/local/lib/python3.8/dist-packages/airflow/example_dags/example_setup_teardown.py for tasks to queue
[2024-03-16T09:57:47.346+0000] {logging_mixin.py:188} INFO - [2024-03-16T09:57:47.346+0000] {dagbag.py:540} INFO - Filling up the DagBag from /usr/local/lib/python3.8/dist-packages/airflow/example_dags/example_setup_teardown.py
[2024-03-16T09:57:47.355+0000] {processor.py:840} INFO - DAG(s) 'example_setup_teardown' retrieved from /usr/local/lib/python3.8/dist-packages/airflow/example_dags/example_setup_teardown.py
[2024-03-16T09:57:47.372+0000] {logging_mixin.py:188} INFO - [2024-03-16T09:57:47.372+0000] {dag.py:3047} INFO - Sync 1 DAGs
[2024-03-16T09:57:47.396+0000] {logging_mixin.py:188} INFO - [2024-03-16T09:57:47.395+0000] {dag.py:3834} INFO - Setting next_dagrun for example_setup_teardown to 2024-03-15 00:00:00+00:00, run_after=2024-03-16 00:00:00+00:00
[2024-03-16T09:57:47.424+0000] {processor.py:183} INFO - Processing /usr/local/lib/python3.8/dist-packages/airflow/example_dags/example_setup_teardown.py took 0.085 seconds
[2024-03-16T10:03:16.723+0000] {processor.py:161} INFO - Started process (PID=1558) to work on /usr/local/lib/python3.8/dist-packages/airflow/example_dags/example_setup_teardown.py
[2024-03-16T10:03:16.725+0000] {processor.py:830} INFO - Processing file /usr/local/lib/python3.8/dist-packages/airflow/example_dags/example_setup_teardown.py for tasks to queue
[2024-03-16T10:03:16.726+0000] {logging_mixin.py:188} INFO - [2024-03-16T10:03:16.725+0000] {dagbag.py:540} INFO - Filling up the DagBag from /usr/local/lib/python3.8/dist-packages/airflow/example_dags/example_setup_teardown.py
[2024-03-16T10:03:16.734+0000] {processor.py:840} INFO - DAG(s) 'example_setup_teardown' retrieved from /usr/local/lib/python3.8/dist-packages/airflow/example_dags/example_setup_teardown.py
[2024-03-16T10:03:16.757+0000] {logging_mixin.py:188} INFO - [2024-03-16T10:03:16.757+0000] {dag.py:3047} INFO - Sync 1 DAGs
[2024-03-16T10:03:16.861+0000] {logging_mixin.py:188} INFO - [2024-03-16T10:03:16.861+0000] {dag.py:3834} INFO - Setting next_dagrun for example_setup_teardown to 2024-03-15 00:00:00+00:00, run_after=2024-03-16 00:00:00+00:00
[2024-03-16T10:03:16.885+0000] {processor.py:183} INFO - Processing /usr/local/lib/python3.8/dist-packages/airflow/example_dags/example_setup_teardown.py took 0.165 seconds
[2024-03-16T10:05:21.111+0000] {processor.py:161} INFO - Started process (PID=1793) to work on /usr/local/lib/python3.8/dist-packages/airflow/example_dags/example_setup_teardown.py
[2024-03-16T10:05:21.113+0000] {processor.py:830} INFO - Processing file /usr/local/lib/python3.8/dist-packages/airflow/example_dags/example_setup_teardown.py for tasks to queue
[2024-03-16T10:05:21.114+0000] {logging_mixin.py:188} INFO - [2024-03-16T10:05:21.114+0000] {dagbag.py:540} INFO - Filling up the DagBag from /usr/local/lib/python3.8/dist-packages/airflow/example_dags/example_setup_teardown.py
[2024-03-16T10:05:21.122+0000] {processor.py:840} INFO - DAG(s) 'example_setup_teardown' retrieved from /usr/local/lib/python3.8/dist-packages/airflow/example_dags/example_setup_teardown.py
[2024-03-16T10:05:21.139+0000] {logging_mixin.py:188} INFO - [2024-03-16T10:05:21.139+0000] {dag.py:3047} INFO - Sync 1 DAGs
[2024-03-16T10:05:21.161+0000] {logging_mixin.py:188} INFO - [2024-03-16T10:05:21.160+0000] {dag.py:3834} INFO - Setting next_dagrun for example_setup_teardown to 2024-03-15 00:00:00+00:00, run_after=2024-03-16 00:00:00+00:00
[2024-03-16T10:05:21.193+0000] {processor.py:183} INFO - Processing /usr/local/lib/python3.8/dist-packages/airflow/example_dags/example_setup_teardown.py took 0.085 seconds
[2024-03-16T10:06:24.818+0000] {processor.py:161} INFO - Started process (PID=1898) to work on /usr/local/lib/python3.8/dist-packages/airflow/example_dags/example_setup_teardown.py
[2024-03-16T10:06:24.820+0000] {processor.py:830} INFO - Processing file /usr/local/lib/python3.8/dist-packages/airflow/example_dags/example_setup_teardown.py for tasks to queue
[2024-03-16T10:06:24.821+0000] {logging_mixin.py:188} INFO - [2024-03-16T10:06:24.821+0000] {dagbag.py:540} INFO - Filling up the DagBag from /usr/local/lib/python3.8/dist-packages/airflow/example_dags/example_setup_teardown.py
[2024-03-16T10:06:24.829+0000] {processor.py:840} INFO - DAG(s) 'example_setup_teardown' retrieved from /usr/local/lib/python3.8/dist-packages/airflow/example_dags/example_setup_teardown.py
[2024-03-16T10:06:24.846+0000] {logging_mixin.py:188} INFO - [2024-03-16T10:06:24.846+0000] {dag.py:3047} INFO - Sync 1 DAGs
[2024-03-16T10:06:24.868+0000] {logging_mixin.py:188} INFO - [2024-03-16T10:06:24.868+0000] {dag.py:3834} INFO - Setting next_dagrun for example_setup_teardown to 2024-03-15 00:00:00+00:00, run_after=2024-03-16 00:00:00+00:00
[2024-03-16T10:06:24.897+0000] {processor.py:183} INFO - Processing /usr/local/lib/python3.8/dist-packages/airflow/example_dags/example_setup_teardown.py took 0.082 seconds
[2024-03-16T10:07:23.851+0000] {processor.py:161} INFO - Started process (PID=2001) to work on /usr/local/lib/python3.8/dist-packages/airflow/example_dags/example_setup_teardown.py
[2024-03-16T10:07:23.853+0000] {processor.py:830} INFO - Processing file /usr/local/lib/python3.8/dist-packages/airflow/example_dags/example_setup_teardown.py for tasks to queue
[2024-03-16T10:07:23.854+0000] {logging_mixin.py:188} INFO - [2024-03-16T10:07:23.853+0000] {dagbag.py:540} INFO - Filling up the DagBag from /usr/local/lib/python3.8/dist-packages/airflow/example_dags/example_setup_teardown.py
[2024-03-16T10:07:23.862+0000] {processor.py:840} INFO - DAG(s) 'example_setup_teardown' retrieved from /usr/local/lib/python3.8/dist-packages/airflow/example_dags/example_setup_teardown.py
[2024-03-16T10:07:23.879+0000] {logging_mixin.py:188} INFO - [2024-03-16T10:07:23.878+0000] {dag.py:3047} INFO - Sync 1 DAGs
[2024-03-16T10:07:23.898+0000] {logging_mixin.py:188} INFO - [2024-03-16T10:07:23.898+0000] {dag.py:3834} INFO - Setting next_dagrun for example_setup_teardown to 2024-03-15 00:00:00+00:00, run_after=2024-03-16 00:00:00+00:00
[2024-03-16T10:07:23.926+0000] {processor.py:183} INFO - Processing /usr/local/lib/python3.8/dist-packages/airflow/example_dags/example_setup_teardown.py took 0.079 seconds
[2024-03-16T10:08:29.438+0000] {processor.py:161} INFO - Started process (PID=2107) to work on /usr/local/lib/python3.8/dist-packages/airflow/example_dags/example_setup_teardown.py
[2024-03-16T10:08:29.440+0000] {processor.py:830} INFO - Processing file /usr/local/lib/python3.8/dist-packages/airflow/example_dags/example_setup_teardown.py for tasks to queue
[2024-03-16T10:08:29.441+0000] {logging_mixin.py:188} INFO - [2024-03-16T10:08:29.441+0000] {dagbag.py:540} INFO - Filling up the DagBag from /usr/local/lib/python3.8/dist-packages/airflow/example_dags/example_setup_teardown.py
[2024-03-16T10:08:29.450+0000] {processor.py:840} INFO - DAG(s) 'example_setup_teardown' retrieved from /usr/local/lib/python3.8/dist-packages/airflow/example_dags/example_setup_teardown.py
[2024-03-16T10:08:29.466+0000] {logging_mixin.py:188} INFO - [2024-03-16T10:08:29.466+0000] {dag.py:3047} INFO - Sync 1 DAGs
[2024-03-16T10:08:29.488+0000] {logging_mixin.py:188} INFO - [2024-03-16T10:08:29.488+0000] {dag.py:3834} INFO - Setting next_dagrun for example_setup_teardown to 2024-03-15 00:00:00+00:00, run_after=2024-03-16 00:00:00+00:00
[2024-03-16T10:08:29.518+0000] {processor.py:183} INFO - Processing /usr/local/lib/python3.8/dist-packages/airflow/example_dags/example_setup_teardown.py took 0.083 seconds
[2024-03-16T10:09:31.579+0000] {processor.py:161} INFO - Started process (PID=2212) to work on /usr/local/lib/python3.8/dist-packages/airflow/example_dags/example_setup_teardown.py
[2024-03-16T10:09:31.581+0000] {processor.py:830} INFO - Processing file /usr/local/lib/python3.8/dist-packages/airflow/example_dags/example_setup_teardown.py for tasks to queue
[2024-03-16T10:09:31.582+0000] {logging_mixin.py:188} INFO - [2024-03-16T10:09:31.582+0000] {dagbag.py:540} INFO - Filling up the DagBag from /usr/local/lib/python3.8/dist-packages/airflow/example_dags/example_setup_teardown.py
[2024-03-16T10:09:31.591+0000] {processor.py:840} INFO - DAG(s) 'example_setup_teardown' retrieved from /usr/local/lib/python3.8/dist-packages/airflow/example_dags/example_setup_teardown.py
[2024-03-16T10:09:31.607+0000] {logging_mixin.py:188} INFO - [2024-03-16T10:09:31.607+0000] {dag.py:3047} INFO - Sync 1 DAGs
[2024-03-16T10:09:31.629+0000] {logging_mixin.py:188} INFO - [2024-03-16T10:09:31.628+0000] {dag.py:3834} INFO - Setting next_dagrun for example_setup_teardown to 2024-03-15 00:00:00+00:00, run_after=2024-03-16 00:00:00+00:00
[2024-03-16T10:09:31.660+0000] {processor.py:183} INFO - Processing /usr/local/lib/python3.8/dist-packages/airflow/example_dags/example_setup_teardown.py took 0.084 seconds
[2024-03-16T10:10:34.594+0000] {processor.py:161} INFO - Started process (PID=2317) to work on /usr/local/lib/python3.8/dist-packages/airflow/example_dags/example_setup_teardown.py
[2024-03-16T10:10:34.596+0000] {processor.py:830} INFO - Processing file /usr/local/lib/python3.8/dist-packages/airflow/example_dags/example_setup_teardown.py for tasks to queue
[2024-03-16T10:10:34.597+0000] {logging_mixin.py:188} INFO - [2024-03-16T10:10:34.597+0000] {dagbag.py:540} INFO - Filling up the DagBag from /usr/local/lib/python3.8/dist-packages/airflow/example_dags/example_setup_teardown.py
[2024-03-16T10:10:34.605+0000] {processor.py:840} INFO - DAG(s) 'example_setup_teardown' retrieved from /usr/local/lib/python3.8/dist-packages/airflow/example_dags/example_setup_teardown.py
[2024-03-16T10:10:34.622+0000] {logging_mixin.py:188} INFO - [2024-03-16T10:10:34.622+0000] {dag.py:3047} INFO - Sync 1 DAGs
[2024-03-16T10:10:34.705+0000] {logging_mixin.py:188} INFO - [2024-03-16T10:10:34.705+0000] {dag.py:3834} INFO - Setting next_dagrun for example_setup_teardown to 2024-03-15 00:00:00+00:00, run_after=2024-03-16 00:00:00+00:00
[2024-03-16T10:10:35.799+0000] {processor.py:183} INFO - Processing /usr/local/lib/python3.8/dist-packages/airflow/example_dags/example_setup_teardown.py took 1.208 seconds
[2024-03-16T10:11:58.415+0000] {processor.py:161} INFO - Started process (PID=2435) to work on /usr/local/lib/python3.8/dist-packages/airflow/example_dags/example_setup_teardown.py
[2024-03-16T10:11:58.417+0000] {processor.py:830} INFO - Processing file /usr/local/lib/python3.8/dist-packages/airflow/example_dags/example_setup_teardown.py for tasks to queue
[2024-03-16T10:11:58.418+0000] {logging_mixin.py:188} INFO - [2024-03-16T10:11:58.418+0000] {dagbag.py:540} INFO - Filling up the DagBag from /usr/local/lib/python3.8/dist-packages/airflow/example_dags/example_setup_teardown.py
[2024-03-16T10:11:58.426+0000] {processor.py:840} INFO - DAG(s) 'example_setup_teardown' retrieved from /usr/local/lib/python3.8/dist-packages/airflow/example_dags/example_setup_teardown.py
[2024-03-16T10:11:58.443+0000] {logging_mixin.py:188} INFO - [2024-03-16T10:11:58.443+0000] {dag.py:3047} INFO - Sync 1 DAGs
[2024-03-16T10:11:58.465+0000] {logging_mixin.py:188} INFO - [2024-03-16T10:11:58.464+0000] {dag.py:3834} INFO - Setting next_dagrun for example_setup_teardown to 2024-03-15 00:00:00+00:00, run_after=2024-03-16 00:00:00+00:00
[2024-03-16T10:11:58.495+0000] {processor.py:183} INFO - Processing /usr/local/lib/python3.8/dist-packages/airflow/example_dags/example_setup_teardown.py took 0.084 seconds
[2024-03-16T10:12:58.970+0000] {processor.py:161} INFO - Started process (PID=2541) to work on /usr/local/lib/python3.8/dist-packages/airflow/example_dags/example_setup_teardown.py
[2024-03-16T10:12:58.972+0000] {processor.py:830} INFO - Processing file /usr/local/lib/python3.8/dist-packages/airflow/example_dags/example_setup_teardown.py for tasks to queue
[2024-03-16T10:12:58.973+0000] {logging_mixin.py:188} INFO - [2024-03-16T10:12:58.973+0000] {dagbag.py:540} INFO - Filling up the DagBag from /usr/local/lib/python3.8/dist-packages/airflow/example_dags/example_setup_teardown.py
[2024-03-16T10:12:58.981+0000] {processor.py:840} INFO - DAG(s) 'example_setup_teardown' retrieved from /usr/local/lib/python3.8/dist-packages/airflow/example_dags/example_setup_teardown.py
[2024-03-16T10:12:58.998+0000] {logging_mixin.py:188} INFO - [2024-03-16T10:12:58.998+0000] {dag.py:3047} INFO - Sync 1 DAGs
[2024-03-16T10:12:59.019+0000] {logging_mixin.py:188} INFO - [2024-03-16T10:12:59.019+0000] {dag.py:3834} INFO - Setting next_dagrun for example_setup_teardown to 2024-03-15 00:00:00+00:00, run_after=2024-03-16 00:00:00+00:00
[2024-03-16T10:12:59.049+0000] {processor.py:183} INFO - Processing /usr/local/lib/python3.8/dist-packages/airflow/example_dags/example_setup_teardown.py took 0.081 seconds
[2024-03-16T10:14:42.441+0000] {processor.py:161} INFO - Started process (PID=2724) to work on /usr/local/lib/python3.8/dist-packages/airflow/example_dags/example_setup_teardown.py
[2024-03-16T10:14:42.443+0000] {processor.py:830} INFO - Processing file /usr/local/lib/python3.8/dist-packages/airflow/example_dags/example_setup_teardown.py for tasks to queue
[2024-03-16T10:14:42.444+0000] {logging_mixin.py:188} INFO - [2024-03-16T10:14:42.443+0000] {dagbag.py:540} INFO - Filling up the DagBag from /usr/local/lib/python3.8/dist-packages/airflow/example_dags/example_setup_teardown.py
[2024-03-16T10:14:42.452+0000] {processor.py:840} INFO - DAG(s) 'example_setup_teardown' retrieved from /usr/local/lib/python3.8/dist-packages/airflow/example_dags/example_setup_teardown.py
[2024-03-16T10:14:42.469+0000] {logging_mixin.py:188} INFO - [2024-03-16T10:14:42.469+0000] {dag.py:3047} INFO - Sync 1 DAGs
[2024-03-16T10:14:42.491+0000] {logging_mixin.py:188} INFO - [2024-03-16T10:14:42.490+0000] {dag.py:3834} INFO - Setting next_dagrun for example_setup_teardown to 2024-03-15 00:00:00+00:00, run_after=2024-03-16 00:00:00+00:00
[2024-03-16T10:14:42.515+0000] {processor.py:183} INFO - Processing /usr/local/lib/python3.8/dist-packages/airflow/example_dags/example_setup_teardown.py took 0.077 seconds
[2024-03-16T10:15:47.961+0000] {processor.py:161} INFO - Started process (PID=3034) to work on /usr/local/lib/python3.8/dist-packages/airflow/example_dags/example_setup_teardown.py
[2024-03-16T10:15:47.963+0000] {processor.py:830} INFO - Processing file /usr/local/lib/python3.8/dist-packages/airflow/example_dags/example_setup_teardown.py for tasks to queue
[2024-03-16T10:15:47.964+0000] {logging_mixin.py:188} INFO - [2024-03-16T10:15:47.964+0000] {dagbag.py:540} INFO - Filling up the DagBag from /usr/local/lib/python3.8/dist-packages/airflow/example_dags/example_setup_teardown.py
[2024-03-16T10:15:47.972+0000] {processor.py:840} INFO - DAG(s) 'example_setup_teardown' retrieved from /usr/local/lib/python3.8/dist-packages/airflow/example_dags/example_setup_teardown.py
[2024-03-16T10:15:47.989+0000] {logging_mixin.py:188} INFO - [2024-03-16T10:15:47.989+0000] {dag.py:3047} INFO - Sync 1 DAGs
[2024-03-16T10:15:48.011+0000] {logging_mixin.py:188} INFO - [2024-03-16T10:15:48.011+0000] {dag.py:3834} INFO - Setting next_dagrun for example_setup_teardown to 2024-03-15 00:00:00+00:00, run_after=2024-03-16 00:00:00+00:00
[2024-03-16T10:15:48.041+0000] {processor.py:183} INFO - Processing /usr/local/lib/python3.8/dist-packages/airflow/example_dags/example_setup_teardown.py took 0.083 seconds
[2024-03-16T10:16:51.483+0000] {processor.py:161} INFO - Started process (PID=3140) to work on /usr/local/lib/python3.8/dist-packages/airflow/example_dags/example_setup_teardown.py
[2024-03-16T10:16:51.485+0000] {processor.py:830} INFO - Processing file /usr/local/lib/python3.8/dist-packages/airflow/example_dags/example_setup_teardown.py for tasks to queue
[2024-03-16T10:16:51.486+0000] {logging_mixin.py:188} INFO - [2024-03-16T10:16:51.485+0000] {dagbag.py:540} INFO - Filling up the DagBag from /usr/local/lib/python3.8/dist-packages/airflow/example_dags/example_setup_teardown.py
[2024-03-16T10:16:51.494+0000] {processor.py:840} INFO - DAG(s) 'example_setup_teardown' retrieved from /usr/local/lib/python3.8/dist-packages/airflow/example_dags/example_setup_teardown.py
[2024-03-16T10:16:51.511+0000] {logging_mixin.py:188} INFO - [2024-03-16T10:16:51.510+0000] {dag.py:3047} INFO - Sync 1 DAGs
[2024-03-16T10:16:51.532+0000] {logging_mixin.py:188} INFO - [2024-03-16T10:16:51.532+0000] {dag.py:3834} INFO - Setting next_dagrun for example_setup_teardown to 2024-03-15 00:00:00+00:00, run_after=2024-03-16 00:00:00+00:00
[2024-03-16T10:16:51.561+0000] {processor.py:183} INFO - Processing /usr/local/lib/python3.8/dist-packages/airflow/example_dags/example_setup_teardown.py took 0.082 seconds
