[2024-03-16T09:54:37.942+0000] {processor.py:161} INFO - Started process (PID=745) to work on /usr/local/lib/python3.8/dist-packages/airflow/example_dags/example_params_trigger_ui.py
[2024-03-16T09:54:37.943+0000] {processor.py:830} INFO - Processing file /usr/local/lib/python3.8/dist-packages/airflow/example_dags/example_params_trigger_ui.py for tasks to queue
[2024-03-16T09:54:37.944+0000] {logging_mixin.py:188} INFO - [2024-03-16T09:54:37.944+0000] {dagbag.py:540} INFO - Filling up the DagBag from /usr/local/lib/python3.8/dist-packages/airflow/example_dags/example_params_trigger_ui.py
[2024-03-16T09:54:37.959+0000] {processor.py:840} INFO - DAG(s) 'example_params_trigger_ui' retrieved from /usr/local/lib/python3.8/dist-packages/airflow/example_dags/example_params_trigger_ui.py
[2024-03-16T09:54:38.105+0000] {logging_mixin.py:188} INFO - [2024-03-16T09:54:38.105+0000] {dag.py:3047} INFO - Sync 1 DAGs
[2024-03-16T09:54:38.113+0000] {logging_mixin.py:188} INFO - [2024-03-16T09:54:38.113+0000] {dag.py:3834} INFO - Setting next_dagrun for example_params_trigger_ui to None, run_after=None
[2024-03-16T09:54:38.137+0000] {processor.py:183} INFO - Processing /usr/local/lib/python3.8/dist-packages/airflow/example_dags/example_params_trigger_ui.py took 0.198 seconds
[2024-03-16T09:55:37.600+0000] {processor.py:161} INFO - Started process (PID=858) to work on /usr/local/lib/python3.8/dist-packages/airflow/example_dags/example_params_trigger_ui.py
[2024-03-16T09:55:37.603+0000] {processor.py:830} INFO - Processing file /usr/local/lib/python3.8/dist-packages/airflow/example_dags/example_params_trigger_ui.py for tasks to queue
[2024-03-16T09:55:37.604+0000] {logging_mixin.py:188} INFO - [2024-03-16T09:55:37.603+0000] {dagbag.py:540} INFO - Filling up the DagBag from /usr/local/lib/python3.8/dist-packages/airflow/example_dags/example_params_trigger_ui.py
[2024-03-16T09:55:37.619+0000] {processor.py:840} INFO - DAG(s) 'example_params_trigger_ui' retrieved from /usr/local/lib/python3.8/dist-packages/airflow/example_dags/example_params_trigger_ui.py
[2024-03-16T09:55:37.663+0000] {logging_mixin.py:188} INFO - [2024-03-16T09:55:37.663+0000] {dag.py:3047} INFO - Sync 1 DAGs
[2024-03-16T09:55:37.672+0000] {logging_mixin.py:188} INFO - [2024-03-16T09:55:37.672+0000] {dag.py:3834} INFO - Setting next_dagrun for example_params_trigger_ui to None, run_after=None
[2024-03-16T09:55:37.697+0000] {processor.py:183} INFO - Processing /usr/local/lib/python3.8/dist-packages/airflow/example_dags/example_params_trigger_ui.py took 0.100 seconds
[2024-03-16T09:56:57.900+0000] {processor.py:161} INFO - Started process (PID=974) to work on /usr/local/lib/python3.8/dist-packages/airflow/example_dags/example_params_trigger_ui.py
[2024-03-16T09:56:57.991+0000] {processor.py:830} INFO - Processing file /usr/local/lib/python3.8/dist-packages/airflow/example_dags/example_params_trigger_ui.py for tasks to queue
[2024-03-16T09:56:57.992+0000] {logging_mixin.py:188} INFO - [2024-03-16T09:56:57.992+0000] {dagbag.py:540} INFO - Filling up the DagBag from /usr/local/lib/python3.8/dist-packages/airflow/example_dags/example_params_trigger_ui.py
[2024-03-16T09:56:58.008+0000] {processor.py:840} INFO - DAG(s) 'example_params_trigger_ui' retrieved from /usr/local/lib/python3.8/dist-packages/airflow/example_dags/example_params_trigger_ui.py
[2024-03-16T09:56:58.060+0000] {logging_mixin.py:188} INFO - [2024-03-16T09:56:58.059+0000] {dag.py:3047} INFO - Sync 1 DAGs
[2024-03-16T09:56:58.072+0000] {logging_mixin.py:188} INFO - [2024-03-16T09:56:58.072+0000] {dag.py:3834} INFO - Setting next_dagrun for example_params_trigger_ui to None, run_after=None
[2024-03-16T09:56:58.207+0000] {processor.py:183} INFO - Processing /usr/local/lib/python3.8/dist-packages/airflow/example_dags/example_params_trigger_ui.py took 0.310 seconds
[2024-03-16T09:58:16.146+0000] {processor.py:161} INFO - Started process (PID=1091) to work on /usr/local/lib/python3.8/dist-packages/airflow/example_dags/example_params_trigger_ui.py
[2024-03-16T09:58:16.148+0000] {processor.py:830} INFO - Processing file /usr/local/lib/python3.8/dist-packages/airflow/example_dags/example_params_trigger_ui.py for tasks to queue
[2024-03-16T09:58:16.149+0000] {logging_mixin.py:188} INFO - [2024-03-16T09:58:16.149+0000] {dagbag.py:540} INFO - Filling up the DagBag from /usr/local/lib/python3.8/dist-packages/airflow/example_dags/example_params_trigger_ui.py
[2024-03-16T09:58:16.165+0000] {processor.py:840} INFO - DAG(s) 'example_params_trigger_ui' retrieved from /usr/local/lib/python3.8/dist-packages/airflow/example_dags/example_params_trigger_ui.py
[2024-03-16T09:58:16.216+0000] {logging_mixin.py:188} INFO - [2024-03-16T09:58:16.216+0000] {dag.py:3047} INFO - Sync 1 DAGs
[2024-03-16T09:58:16.229+0000] {logging_mixin.py:188} INFO - [2024-03-16T09:58:16.229+0000] {dag.py:3834} INFO - Setting next_dagrun for example_params_trigger_ui to None, run_after=None
[2024-03-16T09:58:16.262+0000] {processor.py:183} INFO - Processing /usr/local/lib/python3.8/dist-packages/airflow/example_dags/example_params_trigger_ui.py took 0.119 seconds
[2024-03-16T10:03:31.066+0000] {processor.py:161} INFO - Started process (PID=1571) to work on /usr/local/lib/python3.8/dist-packages/airflow/example_dags/example_params_trigger_ui.py
[2024-03-16T10:03:31.068+0000] {processor.py:830} INFO - Processing file /usr/local/lib/python3.8/dist-packages/airflow/example_dags/example_params_trigger_ui.py for tasks to queue
[2024-03-16T10:03:31.069+0000] {logging_mixin.py:188} INFO - [2024-03-16T10:03:31.069+0000] {dagbag.py:540} INFO - Filling up the DagBag from /usr/local/lib/python3.8/dist-packages/airflow/example_dags/example_params_trigger_ui.py
[2024-03-16T10:03:31.085+0000] {processor.py:840} INFO - DAG(s) 'example_params_trigger_ui' retrieved from /usr/local/lib/python3.8/dist-packages/airflow/example_dags/example_params_trigger_ui.py
[2024-03-16T10:03:31.227+0000] {logging_mixin.py:188} INFO - [2024-03-16T10:03:31.227+0000] {dag.py:3047} INFO - Sync 1 DAGs
[2024-03-16T10:03:31.235+0000] {logging_mixin.py:188} INFO - [2024-03-16T10:03:31.235+0000] {dag.py:3834} INFO - Setting next_dagrun for example_params_trigger_ui to None, run_after=None
[2024-03-16T10:03:31.258+0000] {processor.py:183} INFO - Processing /usr/local/lib/python3.8/dist-packages/airflow/example_dags/example_params_trigger_ui.py took 0.195 seconds
[2024-03-16T10:05:33.653+0000] {processor.py:161} INFO - Started process (PID=1806) to work on /usr/local/lib/python3.8/dist-packages/airflow/example_dags/example_params_trigger_ui.py
[2024-03-16T10:05:33.655+0000] {processor.py:830} INFO - Processing file /usr/local/lib/python3.8/dist-packages/airflow/example_dags/example_params_trigger_ui.py for tasks to queue
[2024-03-16T10:05:33.656+0000] {logging_mixin.py:188} INFO - [2024-03-16T10:05:33.655+0000] {dagbag.py:540} INFO - Filling up the DagBag from /usr/local/lib/python3.8/dist-packages/airflow/example_dags/example_params_trigger_ui.py
[2024-03-16T10:05:33.671+0000] {processor.py:840} INFO - DAG(s) 'example_params_trigger_ui' retrieved from /usr/local/lib/python3.8/dist-packages/airflow/example_dags/example_params_trigger_ui.py
[2024-03-16T10:05:33.722+0000] {logging_mixin.py:188} INFO - [2024-03-16T10:05:33.722+0000] {dag.py:3047} INFO - Sync 1 DAGs
[2024-03-16T10:05:33.735+0000] {logging_mixin.py:188} INFO - [2024-03-16T10:05:33.735+0000] {dag.py:3834} INFO - Setting next_dagrun for example_params_trigger_ui to None, run_after=None
[2024-03-16T10:05:33.765+0000] {processor.py:183} INFO - Processing /usr/local/lib/python3.8/dist-packages/airflow/example_dags/example_params_trigger_ui.py took 0.115 seconds
[2024-03-16T10:06:36.553+0000] {processor.py:161} INFO - Started process (PID=1911) to work on /usr/local/lib/python3.8/dist-packages/airflow/example_dags/example_params_trigger_ui.py
[2024-03-16T10:06:36.555+0000] {processor.py:830} INFO - Processing file /usr/local/lib/python3.8/dist-packages/airflow/example_dags/example_params_trigger_ui.py for tasks to queue
[2024-03-16T10:06:36.556+0000] {logging_mixin.py:188} INFO - [2024-03-16T10:06:36.556+0000] {dagbag.py:540} INFO - Filling up the DagBag from /usr/local/lib/python3.8/dist-packages/airflow/example_dags/example_params_trigger_ui.py
[2024-03-16T10:06:36.572+0000] {processor.py:840} INFO - DAG(s) 'example_params_trigger_ui' retrieved from /usr/local/lib/python3.8/dist-packages/airflow/example_dags/example_params_trigger_ui.py
[2024-03-16T10:06:36.614+0000] {logging_mixin.py:188} INFO - [2024-03-16T10:06:36.614+0000] {dag.py:3047} INFO - Sync 1 DAGs
[2024-03-16T10:06:36.623+0000] {logging_mixin.py:188} INFO - [2024-03-16T10:06:36.623+0000] {dag.py:3834} INFO - Setting next_dagrun for example_params_trigger_ui to None, run_after=None
[2024-03-16T10:06:36.648+0000] {processor.py:183} INFO - Processing /usr/local/lib/python3.8/dist-packages/airflow/example_dags/example_params_trigger_ui.py took 0.098 seconds
[2024-03-16T10:07:36.250+0000] {processor.py:161} INFO - Started process (PID=2014) to work on /usr/local/lib/python3.8/dist-packages/airflow/example_dags/example_params_trigger_ui.py
[2024-03-16T10:07:36.252+0000] {processor.py:830} INFO - Processing file /usr/local/lib/python3.8/dist-packages/airflow/example_dags/example_params_trigger_ui.py for tasks to queue
[2024-03-16T10:07:36.253+0000] {logging_mixin.py:188} INFO - [2024-03-16T10:07:36.252+0000] {dagbag.py:540} INFO - Filling up the DagBag from /usr/local/lib/python3.8/dist-packages/airflow/example_dags/example_params_trigger_ui.py
[2024-03-16T10:07:36.268+0000] {processor.py:840} INFO - DAG(s) 'example_params_trigger_ui' retrieved from /usr/local/lib/python3.8/dist-packages/airflow/example_dags/example_params_trigger_ui.py
[2024-03-16T10:07:36.316+0000] {logging_mixin.py:188} INFO - [2024-03-16T10:07:36.315+0000] {dag.py:3047} INFO - Sync 1 DAGs
[2024-03-16T10:07:36.325+0000] {logging_mixin.py:188} INFO - [2024-03-16T10:07:36.325+0000] {dag.py:3834} INFO - Setting next_dagrun for example_params_trigger_ui to None, run_after=None
[2024-03-16T10:07:36.349+0000] {processor.py:183} INFO - Processing /usr/local/lib/python3.8/dist-packages/airflow/example_dags/example_params_trigger_ui.py took 0.102 seconds
[2024-03-16T10:08:42.231+0000] {processor.py:161} INFO - Started process (PID=2120) to work on /usr/local/lib/python3.8/dist-packages/airflow/example_dags/example_params_trigger_ui.py
[2024-03-16T10:08:42.233+0000] {processor.py:830} INFO - Processing file /usr/local/lib/python3.8/dist-packages/airflow/example_dags/example_params_trigger_ui.py for tasks to queue
[2024-03-16T10:08:42.234+0000] {logging_mixin.py:188} INFO - [2024-03-16T10:08:42.234+0000] {dagbag.py:540} INFO - Filling up the DagBag from /usr/local/lib/python3.8/dist-packages/airflow/example_dags/example_params_trigger_ui.py
[2024-03-16T10:08:42.250+0000] {processor.py:840} INFO - DAG(s) 'example_params_trigger_ui' retrieved from /usr/local/lib/python3.8/dist-packages/airflow/example_dags/example_params_trigger_ui.py
[2024-03-16T10:08:42.301+0000] {logging_mixin.py:188} INFO - [2024-03-16T10:08:42.301+0000] {dag.py:3047} INFO - Sync 1 DAGs
[2024-03-16T10:08:42.311+0000] {logging_mixin.py:188} INFO - [2024-03-16T10:08:42.311+0000] {dag.py:3834} INFO - Setting next_dagrun for example_params_trigger_ui to None, run_after=None
[2024-03-16T10:08:42.338+0000] {processor.py:183} INFO - Processing /usr/local/lib/python3.8/dist-packages/airflow/example_dags/example_params_trigger_ui.py took 0.110 seconds
[2024-03-16T10:09:44.346+0000] {processor.py:161} INFO - Started process (PID=2225) to work on /usr/local/lib/python3.8/dist-packages/airflow/example_dags/example_params_trigger_ui.py
[2024-03-16T10:09:44.348+0000] {processor.py:830} INFO - Processing file /usr/local/lib/python3.8/dist-packages/airflow/example_dags/example_params_trigger_ui.py for tasks to queue
[2024-03-16T10:09:44.349+0000] {logging_mixin.py:188} INFO - [2024-03-16T10:09:44.348+0000] {dagbag.py:540} INFO - Filling up the DagBag from /usr/local/lib/python3.8/dist-packages/airflow/example_dags/example_params_trigger_ui.py
[2024-03-16T10:09:44.360+0000] {processor.py:840} INFO - DAG(s) 'example_params_trigger_ui' retrieved from /usr/local/lib/python3.8/dist-packages/airflow/example_dags/example_params_trigger_ui.py
[2024-03-16T10:09:44.397+0000] {logging_mixin.py:188} INFO - [2024-03-16T10:09:44.397+0000] {dag.py:3047} INFO - Sync 1 DAGs
[2024-03-16T10:09:44.407+0000] {logging_mixin.py:188} INFO - [2024-03-16T10:09:44.407+0000] {dag.py:3834} INFO - Setting next_dagrun for example_params_trigger_ui to None, run_after=None
[2024-03-16T10:09:44.431+0000] {processor.py:183} INFO - Processing /usr/local/lib/python3.8/dist-packages/airflow/example_dags/example_params_trigger_ui.py took 0.087 seconds
[2024-03-16T10:10:50.366+0000] {processor.py:161} INFO - Started process (PID=2330) to work on /usr/local/lib/python3.8/dist-packages/airflow/example_dags/example_params_trigger_ui.py
[2024-03-16T10:10:50.368+0000] {processor.py:830} INFO - Processing file /usr/local/lib/python3.8/dist-packages/airflow/example_dags/example_params_trigger_ui.py for tasks to queue
[2024-03-16T10:10:50.369+0000] {logging_mixin.py:188} INFO - [2024-03-16T10:10:50.369+0000] {dagbag.py:540} INFO - Filling up the DagBag from /usr/local/lib/python3.8/dist-packages/airflow/example_dags/example_params_trigger_ui.py
[2024-03-16T10:10:50.384+0000] {processor.py:840} INFO - DAG(s) 'example_params_trigger_ui' retrieved from /usr/local/lib/python3.8/dist-packages/airflow/example_dags/example_params_trigger_ui.py
[2024-03-16T10:10:50.436+0000] {logging_mixin.py:188} INFO - [2024-03-16T10:10:50.435+0000] {dag.py:3047} INFO - Sync 1 DAGs
[2024-03-16T10:10:50.449+0000] {logging_mixin.py:188} INFO - [2024-03-16T10:10:50.449+0000] {dag.py:3834} INFO - Setting next_dagrun for example_params_trigger_ui to None, run_after=None
[2024-03-16T10:10:50.479+0000] {processor.py:183} INFO - Processing /usr/local/lib/python3.8/dist-packages/airflow/example_dags/example_params_trigger_ui.py took 0.116 seconds
[2024-03-16T10:12:33.662+0000] {processor.py:161} INFO - Started process (PID=2515) to work on /usr/local/lib/python3.8/dist-packages/airflow/example_dags/example_params_trigger_ui.py
[2024-03-16T10:12:33.664+0000] {processor.py:830} INFO - Processing file /usr/local/lib/python3.8/dist-packages/airflow/example_dags/example_params_trigger_ui.py for tasks to queue
[2024-03-16T10:12:33.665+0000] {logging_mixin.py:188} INFO - [2024-03-16T10:12:33.664+0000] {dagbag.py:540} INFO - Filling up the DagBag from /usr/local/lib/python3.8/dist-packages/airflow/example_dags/example_params_trigger_ui.py
[2024-03-16T10:12:33.680+0000] {processor.py:840} INFO - DAG(s) 'example_params_trigger_ui' retrieved from /usr/local/lib/python3.8/dist-packages/airflow/example_dags/example_params_trigger_ui.py
[2024-03-16T10:12:33.731+0000] {logging_mixin.py:188} INFO - [2024-03-16T10:12:33.731+0000] {dag.py:3047} INFO - Sync 1 DAGs
[2024-03-16T10:12:33.744+0000] {logging_mixin.py:188} INFO - [2024-03-16T10:12:33.744+0000] {dag.py:3834} INFO - Setting next_dagrun for example_params_trigger_ui to None, run_after=None
[2024-03-16T10:12:33.774+0000] {processor.py:183} INFO - Processing /usr/local/lib/python3.8/dist-packages/airflow/example_dags/example_params_trigger_ui.py took 0.115 seconds
[2024-03-16T10:14:09.867+0000] {processor.py:161} INFO - Started process (PID=2684) to work on /usr/local/lib/python3.8/dist-packages/airflow/example_dags/example_params_trigger_ui.py
[2024-03-16T10:14:09.869+0000] {processor.py:830} INFO - Processing file /usr/local/lib/python3.8/dist-packages/airflow/example_dags/example_params_trigger_ui.py for tasks to queue
[2024-03-16T10:14:09.870+0000] {logging_mixin.py:188} INFO - [2024-03-16T10:14:09.869+0000] {dagbag.py:540} INFO - Filling up the DagBag from /usr/local/lib/python3.8/dist-packages/airflow/example_dags/example_params_trigger_ui.py
[2024-03-16T10:14:09.885+0000] {processor.py:840} INFO - DAG(s) 'example_params_trigger_ui' retrieved from /usr/local/lib/python3.8/dist-packages/airflow/example_dags/example_params_trigger_ui.py
[2024-03-16T10:14:09.937+0000] {logging_mixin.py:188} INFO - [2024-03-16T10:14:09.936+0000] {dag.py:3047} INFO - Sync 1 DAGs
[2024-03-16T10:14:09.950+0000] {logging_mixin.py:188} INFO - [2024-03-16T10:14:09.949+0000] {dag.py:3834} INFO - Setting next_dagrun for example_params_trigger_ui to None, run_after=None
[2024-03-16T10:14:10.050+0000] {processor.py:183} INFO - Processing /usr/local/lib/python3.8/dist-packages/airflow/example_dags/example_params_trigger_ui.py took 0.186 seconds
[2024-03-16T10:15:17.355+0000] {processor.py:161} INFO - Started process (PID=3000) to work on /usr/local/lib/python3.8/dist-packages/airflow/example_dags/example_params_trigger_ui.py
[2024-03-16T10:15:17.356+0000] {processor.py:830} INFO - Processing file /usr/local/lib/python3.8/dist-packages/airflow/example_dags/example_params_trigger_ui.py for tasks to queue
[2024-03-16T10:15:17.357+0000] {logging_mixin.py:188} INFO - [2024-03-16T10:15:17.357+0000] {dagbag.py:540} INFO - Filling up the DagBag from /usr/local/lib/python3.8/dist-packages/airflow/example_dags/example_params_trigger_ui.py
[2024-03-16T10:15:17.373+0000] {processor.py:840} INFO - DAG(s) 'example_params_trigger_ui' retrieved from /usr/local/lib/python3.8/dist-packages/airflow/example_dags/example_params_trigger_ui.py
[2024-03-16T10:15:17.424+0000] {logging_mixin.py:188} INFO - [2024-03-16T10:15:17.423+0000] {dag.py:3047} INFO - Sync 1 DAGs
[2024-03-16T10:15:17.436+0000] {logging_mixin.py:188} INFO - [2024-03-16T10:15:17.436+0000] {dag.py:3834} INFO - Setting next_dagrun for example_params_trigger_ui to None, run_after=None
[2024-03-16T10:15:17.466+0000] {processor.py:183} INFO - Processing /usr/local/lib/python3.8/dist-packages/airflow/example_dags/example_params_trigger_ui.py took 0.114 seconds
[2024-03-16T10:16:24.219+0000] {processor.py:161} INFO - Started process (PID=3114) to work on /usr/local/lib/python3.8/dist-packages/airflow/example_dags/example_params_trigger_ui.py
[2024-03-16T10:16:24.221+0000] {processor.py:830} INFO - Processing file /usr/local/lib/python3.8/dist-packages/airflow/example_dags/example_params_trigger_ui.py for tasks to queue
[2024-03-16T10:16:24.222+0000] {logging_mixin.py:188} INFO - [2024-03-16T10:16:24.221+0000] {dagbag.py:540} INFO - Filling up the DagBag from /usr/local/lib/python3.8/dist-packages/airflow/example_dags/example_params_trigger_ui.py
[2024-03-16T10:16:24.236+0000] {processor.py:840} INFO - DAG(s) 'example_params_trigger_ui' retrieved from /usr/local/lib/python3.8/dist-packages/airflow/example_dags/example_params_trigger_ui.py
[2024-03-16T10:16:24.275+0000] {logging_mixin.py:188} INFO - [2024-03-16T10:16:24.275+0000] {dag.py:3047} INFO - Sync 1 DAGs
[2024-03-16T10:16:24.285+0000] {logging_mixin.py:188} INFO - [2024-03-16T10:16:24.285+0000] {dag.py:3834} INFO - Setting next_dagrun for example_params_trigger_ui to None, run_after=None
[2024-03-16T10:16:24.312+0000] {processor.py:183} INFO - Processing /usr/local/lib/python3.8/dist-packages/airflow/example_dags/example_params_trigger_ui.py took 0.096 seconds
