[2024-03-16T09:54:38.994+0000] {processor.py:161} INFO - Started process (PID=746) to work on /usr/local/lib/python3.8/dist-packages/airflow/example_dags/example_bash_operator.py
[2024-03-16T09:54:38.995+0000] {processor.py:830} INFO - Processing file /usr/local/lib/python3.8/dist-packages/airflow/example_dags/example_bash_operator.py for tasks to queue
[2024-03-16T09:54:38.996+0000] {logging_mixin.py:188} INFO - [2024-03-16T09:54:38.996+0000] {dagbag.py:540} INFO - Filling up the DagBag from /usr/local/lib/python3.8/dist-packages/airflow/example_dags/example_bash_operator.py
[2024-03-16T09:54:39.008+0000] {processor.py:840} INFO - DAG(s) 'example_bash_operator' retrieved from /usr/local/lib/python3.8/dist-packages/airflow/example_dags/example_bash_operator.py
[2024-03-16T09:54:39.120+0000] {logging_mixin.py:188} INFO - [2024-03-16T09:54:39.120+0000] {dag.py:3047} INFO - Sync 1 DAGs
[2024-03-16T09:54:39.136+0000] {logging_mixin.py:188} INFO - [2024-03-16T09:54:39.135+0000] {dag.py:3834} INFO - Setting next_dagrun for example_bash_operator to 2024-03-15 00:00:00+00:00, run_after=2024-03-16 00:00:00+00:00
[2024-03-16T09:54:39.159+0000] {processor.py:183} INFO - Processing /usr/local/lib/python3.8/dist-packages/airflow/example_dags/example_bash_operator.py took 0.168 seconds
[2024-03-16T09:55:38.862+0000] {processor.py:161} INFO - Started process (PID=859) to work on /usr/local/lib/python3.8/dist-packages/airflow/example_dags/example_bash_operator.py
[2024-03-16T09:55:38.865+0000] {processor.py:830} INFO - Processing file /usr/local/lib/python3.8/dist-packages/airflow/example_dags/example_bash_operator.py for tasks to queue
[2024-03-16T09:55:38.866+0000] {logging_mixin.py:188} INFO - [2024-03-16T09:55:38.866+0000] {dagbag.py:540} INFO - Filling up the DagBag from /usr/local/lib/python3.8/dist-packages/airflow/example_dags/example_bash_operator.py
[2024-03-16T09:55:38.879+0000] {processor.py:840} INFO - DAG(s) 'example_bash_operator' retrieved from /usr/local/lib/python3.8/dist-packages/airflow/example_dags/example_bash_operator.py
[2024-03-16T09:55:38.906+0000] {logging_mixin.py:188} INFO - [2024-03-16T09:55:38.906+0000] {dag.py:3047} INFO - Sync 1 DAGs
[2024-03-16T09:55:38.930+0000] {logging_mixin.py:188} INFO - [2024-03-16T09:55:38.929+0000] {dag.py:3834} INFO - Setting next_dagrun for example_bash_operator to 2024-03-15 00:00:00+00:00, run_after=2024-03-16 00:00:00+00:00
[2024-03-16T09:55:38.959+0000] {processor.py:183} INFO - Processing /usr/local/lib/python3.8/dist-packages/airflow/example_dags/example_bash_operator.py took 0.100 seconds
[2024-03-16T09:56:59.055+0000] {processor.py:161} INFO - Started process (PID=975) to work on /usr/local/lib/python3.8/dist-packages/airflow/example_dags/example_bash_operator.py
[2024-03-16T09:56:59.155+0000] {processor.py:830} INFO - Processing file /usr/local/lib/python3.8/dist-packages/airflow/example_dags/example_bash_operator.py for tasks to queue
[2024-03-16T09:56:59.156+0000] {logging_mixin.py:188} INFO - [2024-03-16T09:56:59.156+0000] {dagbag.py:540} INFO - Filling up the DagBag from /usr/local/lib/python3.8/dist-packages/airflow/example_dags/example_bash_operator.py
[2024-03-16T09:56:59.170+0000] {processor.py:840} INFO - DAG(s) 'example_bash_operator' retrieved from /usr/local/lib/python3.8/dist-packages/airflow/example_dags/example_bash_operator.py
[2024-03-16T09:56:59.197+0000] {logging_mixin.py:188} INFO - [2024-03-16T09:56:59.197+0000] {dag.py:3047} INFO - Sync 1 DAGs
[2024-03-16T09:56:59.220+0000] {logging_mixin.py:188} INFO - [2024-03-16T09:56:59.220+0000] {dag.py:3834} INFO - Setting next_dagrun for example_bash_operator to 2024-03-15 00:00:00+00:00, run_after=2024-03-16 00:00:00+00:00
[2024-03-16T09:57:00.019+0000] {processor.py:183} INFO - Processing /usr/local/lib/python3.8/dist-packages/airflow/example_dags/example_bash_operator.py took 0.967 seconds
[2024-03-16T09:58:17.402+0000] {processor.py:161} INFO - Started process (PID=1092) to work on /usr/local/lib/python3.8/dist-packages/airflow/example_dags/example_bash_operator.py
[2024-03-16T09:58:17.404+0000] {processor.py:830} INFO - Processing file /usr/local/lib/python3.8/dist-packages/airflow/example_dags/example_bash_operator.py for tasks to queue
[2024-03-16T09:58:17.405+0000] {logging_mixin.py:188} INFO - [2024-03-16T09:58:17.405+0000] {dagbag.py:540} INFO - Filling up the DagBag from /usr/local/lib/python3.8/dist-packages/airflow/example_dags/example_bash_operator.py
[2024-03-16T09:58:17.419+0000] {processor.py:840} INFO - DAG(s) 'example_bash_operator' retrieved from /usr/local/lib/python3.8/dist-packages/airflow/example_dags/example_bash_operator.py
[2024-03-16T09:58:17.446+0000] {logging_mixin.py:188} INFO - [2024-03-16T09:58:17.446+0000] {dag.py:3047} INFO - Sync 1 DAGs
[2024-03-16T09:58:17.469+0000] {logging_mixin.py:188} INFO - [2024-03-16T09:58:17.468+0000] {dag.py:3834} INFO - Setting next_dagrun for example_bash_operator to 2024-03-15 00:00:00+00:00, run_after=2024-03-16 00:00:00+00:00
[2024-03-16T09:58:17.501+0000] {processor.py:183} INFO - Processing /usr/local/lib/python3.8/dist-packages/airflow/example_dags/example_bash_operator.py took 0.102 seconds
[2024-03-16T10:03:32.335+0000] {processor.py:161} INFO - Started process (PID=1572) to work on /usr/local/lib/python3.8/dist-packages/airflow/example_dags/example_bash_operator.py
[2024-03-16T10:03:32.337+0000] {processor.py:830} INFO - Processing file /usr/local/lib/python3.8/dist-packages/airflow/example_dags/example_bash_operator.py for tasks to queue
[2024-03-16T10:03:32.338+0000] {logging_mixin.py:188} INFO - [2024-03-16T10:03:32.337+0000] {dagbag.py:540} INFO - Filling up the DagBag from /usr/local/lib/python3.8/dist-packages/airflow/example_dags/example_bash_operator.py
[2024-03-16T10:03:32.350+0000] {processor.py:840} INFO - DAG(s) 'example_bash_operator' retrieved from /usr/local/lib/python3.8/dist-packages/airflow/example_dags/example_bash_operator.py
[2024-03-16T10:03:32.479+0000] {logging_mixin.py:188} INFO - [2024-03-16T10:03:32.478+0000] {dag.py:3047} INFO - Sync 1 DAGs
[2024-03-16T10:03:32.494+0000] {logging_mixin.py:188} INFO - [2024-03-16T10:03:32.494+0000] {dag.py:3834} INFO - Setting next_dagrun for example_bash_operator to 2024-03-15 00:00:00+00:00, run_after=2024-03-16 00:00:00+00:00
[2024-03-16T10:03:32.517+0000] {processor.py:183} INFO - Processing /usr/local/lib/python3.8/dist-packages/airflow/example_dags/example_bash_operator.py took 0.185 seconds
[2024-03-16T10:05:34.730+0000] {processor.py:161} INFO - Started process (PID=1807) to work on /usr/local/lib/python3.8/dist-packages/airflow/example_dags/example_bash_operator.py
[2024-03-16T10:05:34.731+0000] {processor.py:830} INFO - Processing file /usr/local/lib/python3.8/dist-packages/airflow/example_dags/example_bash_operator.py for tasks to queue
[2024-03-16T10:05:34.732+0000] {logging_mixin.py:188} INFO - [2024-03-16T10:05:34.732+0000] {dagbag.py:540} INFO - Filling up the DagBag from /usr/local/lib/python3.8/dist-packages/airflow/example_dags/example_bash_operator.py
[2024-03-16T10:05:34.746+0000] {processor.py:840} INFO - DAG(s) 'example_bash_operator' retrieved from /usr/local/lib/python3.8/dist-packages/airflow/example_dags/example_bash_operator.py
[2024-03-16T10:05:34.772+0000] {logging_mixin.py:188} INFO - [2024-03-16T10:05:34.772+0000] {dag.py:3047} INFO - Sync 1 DAGs
[2024-03-16T10:05:34.794+0000] {logging_mixin.py:188} INFO - [2024-03-16T10:05:34.794+0000] {dag.py:3834} INFO - Setting next_dagrun for example_bash_operator to 2024-03-15 00:00:00+00:00, run_after=2024-03-16 00:00:00+00:00
[2024-03-16T10:05:34.819+0000] {processor.py:183} INFO - Processing /usr/local/lib/python3.8/dist-packages/airflow/example_dags/example_bash_operator.py took 0.092 seconds
[2024-03-16T10:06:37.812+0000] {processor.py:161} INFO - Started process (PID=1912) to work on /usr/local/lib/python3.8/dist-packages/airflow/example_dags/example_bash_operator.py
[2024-03-16T10:06:37.814+0000] {processor.py:830} INFO - Processing file /usr/local/lib/python3.8/dist-packages/airflow/example_dags/example_bash_operator.py for tasks to queue
[2024-03-16T10:06:37.815+0000] {logging_mixin.py:188} INFO - [2024-03-16T10:06:37.814+0000] {dagbag.py:540} INFO - Filling up the DagBag from /usr/local/lib/python3.8/dist-packages/airflow/example_dags/example_bash_operator.py
[2024-03-16T10:06:37.828+0000] {processor.py:840} INFO - DAG(s) 'example_bash_operator' retrieved from /usr/local/lib/python3.8/dist-packages/airflow/example_dags/example_bash_operator.py
[2024-03-16T10:06:37.856+0000] {logging_mixin.py:188} INFO - [2024-03-16T10:06:37.855+0000] {dag.py:3047} INFO - Sync 1 DAGs
[2024-03-16T10:06:37.879+0000] {logging_mixin.py:188} INFO - [2024-03-16T10:06:37.878+0000] {dag.py:3834} INFO - Setting next_dagrun for example_bash_operator to 2024-03-15 00:00:00+00:00, run_after=2024-03-16 00:00:00+00:00
[2024-03-16T10:06:37.909+0000] {processor.py:183} INFO - Processing /usr/local/lib/python3.8/dist-packages/airflow/example_dags/example_bash_operator.py took 0.100 seconds
[2024-03-16T10:07:37.535+0000] {processor.py:161} INFO - Started process (PID=2015) to work on /usr/local/lib/python3.8/dist-packages/airflow/example_dags/example_bash_operator.py
[2024-03-16T10:07:37.537+0000] {processor.py:830} INFO - Processing file /usr/local/lib/python3.8/dist-packages/airflow/example_dags/example_bash_operator.py for tasks to queue
[2024-03-16T10:07:37.539+0000] {logging_mixin.py:188} INFO - [2024-03-16T10:07:37.538+0000] {dagbag.py:540} INFO - Filling up the DagBag from /usr/local/lib/python3.8/dist-packages/airflow/example_dags/example_bash_operator.py
[2024-03-16T10:07:37.551+0000] {processor.py:840} INFO - DAG(s) 'example_bash_operator' retrieved from /usr/local/lib/python3.8/dist-packages/airflow/example_dags/example_bash_operator.py
[2024-03-16T10:07:37.572+0000] {logging_mixin.py:188} INFO - [2024-03-16T10:07:37.572+0000] {dag.py:3047} INFO - Sync 1 DAGs
[2024-03-16T10:07:37.589+0000] {logging_mixin.py:188} INFO - [2024-03-16T10:07:37.588+0000] {dag.py:3834} INFO - Setting next_dagrun for example_bash_operator to 2024-03-15 00:00:00+00:00, run_after=2024-03-16 00:00:00+00:00
[2024-03-16T10:07:37.614+0000] {processor.py:183} INFO - Processing /usr/local/lib/python3.8/dist-packages/airflow/example_dags/example_bash_operator.py took 0.083 seconds
[2024-03-16T10:08:43.519+0000] {processor.py:161} INFO - Started process (PID=2121) to work on /usr/local/lib/python3.8/dist-packages/airflow/example_dags/example_bash_operator.py
[2024-03-16T10:08:43.521+0000] {processor.py:830} INFO - Processing file /usr/local/lib/python3.8/dist-packages/airflow/example_dags/example_bash_operator.py for tasks to queue
[2024-03-16T10:08:43.522+0000] {logging_mixin.py:188} INFO - [2024-03-16T10:08:43.521+0000] {dagbag.py:540} INFO - Filling up the DagBag from /usr/local/lib/python3.8/dist-packages/airflow/example_dags/example_bash_operator.py
[2024-03-16T10:08:43.535+0000] {processor.py:840} INFO - DAG(s) 'example_bash_operator' retrieved from /usr/local/lib/python3.8/dist-packages/airflow/example_dags/example_bash_operator.py
[2024-03-16T10:08:43.562+0000] {logging_mixin.py:188} INFO - [2024-03-16T10:08:43.562+0000] {dag.py:3047} INFO - Sync 1 DAGs
[2024-03-16T10:08:43.585+0000] {logging_mixin.py:188} INFO - [2024-03-16T10:08:43.585+0000] {dag.py:3834} INFO - Setting next_dagrun for example_bash_operator to 2024-03-15 00:00:00+00:00, run_after=2024-03-16 00:00:00+00:00
[2024-03-16T10:08:43.663+0000] {processor.py:183} INFO - Processing /usr/local/lib/python3.8/dist-packages/airflow/example_dags/example_bash_operator.py took 0.147 seconds
[2024-03-16T10:09:45.526+0000] {processor.py:161} INFO - Started process (PID=2226) to work on /usr/local/lib/python3.8/dist-packages/airflow/example_dags/example_bash_operator.py
[2024-03-16T10:09:45.528+0000] {processor.py:830} INFO - Processing file /usr/local/lib/python3.8/dist-packages/airflow/example_dags/example_bash_operator.py for tasks to queue
[2024-03-16T10:09:45.529+0000] {logging_mixin.py:188} INFO - [2024-03-16T10:09:45.528+0000] {dagbag.py:540} INFO - Filling up the DagBag from /usr/local/lib/python3.8/dist-packages/airflow/example_dags/example_bash_operator.py
[2024-03-16T10:09:45.542+0000] {processor.py:840} INFO - DAG(s) 'example_bash_operator' retrieved from /usr/local/lib/python3.8/dist-packages/airflow/example_dags/example_bash_operator.py
[2024-03-16T10:09:45.569+0000] {logging_mixin.py:188} INFO - [2024-03-16T10:09:45.569+0000] {dag.py:3047} INFO - Sync 1 DAGs
[2024-03-16T10:09:45.592+0000] {logging_mixin.py:188} INFO - [2024-03-16T10:09:45.592+0000] {dag.py:3834} INFO - Setting next_dagrun for example_bash_operator to 2024-03-15 00:00:00+00:00, run_after=2024-03-16 00:00:00+00:00
[2024-03-16T10:09:45.621+0000] {processor.py:183} INFO - Processing /usr/local/lib/python3.8/dist-packages/airflow/example_dags/example_bash_operator.py took 0.099 seconds
[2024-03-16T10:10:51.645+0000] {processor.py:161} INFO - Started process (PID=2331) to work on /usr/local/lib/python3.8/dist-packages/airflow/example_dags/example_bash_operator.py
[2024-03-16T10:10:51.647+0000] {processor.py:830} INFO - Processing file /usr/local/lib/python3.8/dist-packages/airflow/example_dags/example_bash_operator.py for tasks to queue
[2024-03-16T10:10:51.648+0000] {logging_mixin.py:188} INFO - [2024-03-16T10:10:51.647+0000] {dagbag.py:540} INFO - Filling up the DagBag from /usr/local/lib/python3.8/dist-packages/airflow/example_dags/example_bash_operator.py
[2024-03-16T10:10:51.662+0000] {processor.py:840} INFO - DAG(s) 'example_bash_operator' retrieved from /usr/local/lib/python3.8/dist-packages/airflow/example_dags/example_bash_operator.py
[2024-03-16T10:10:51.689+0000] {logging_mixin.py:188} INFO - [2024-03-16T10:10:51.688+0000] {dag.py:3047} INFO - Sync 1 DAGs
[2024-03-16T10:10:51.715+0000] {logging_mixin.py:188} INFO - [2024-03-16T10:10:51.715+0000] {dag.py:3834} INFO - Setting next_dagrun for example_bash_operator to 2024-03-15 00:00:00+00:00, run_after=2024-03-16 00:00:00+00:00
[2024-03-16T10:10:52.405+0000] {processor.py:183} INFO - Processing /usr/local/lib/python3.8/dist-packages/airflow/example_dags/example_bash_operator.py took 0.763 seconds
[2024-03-16T10:12:34.261+0000] {processor.py:161} INFO - Started process (PID=2516) to work on /usr/local/lib/python3.8/dist-packages/airflow/example_dags/example_bash_operator.py
[2024-03-16T10:12:34.263+0000] {processor.py:830} INFO - Processing file /usr/local/lib/python3.8/dist-packages/airflow/example_dags/example_bash_operator.py for tasks to queue
[2024-03-16T10:12:34.264+0000] {logging_mixin.py:188} INFO - [2024-03-16T10:12:34.263+0000] {dagbag.py:540} INFO - Filling up the DagBag from /usr/local/lib/python3.8/dist-packages/airflow/example_dags/example_bash_operator.py
[2024-03-16T10:12:34.277+0000] {processor.py:840} INFO - DAG(s) 'example_bash_operator' retrieved from /usr/local/lib/python3.8/dist-packages/airflow/example_dags/example_bash_operator.py
[2024-03-16T10:12:34.304+0000] {logging_mixin.py:188} INFO - [2024-03-16T10:12:34.304+0000] {dag.py:3047} INFO - Sync 1 DAGs
[2024-03-16T10:12:34.325+0000] {logging_mixin.py:188} INFO - [2024-03-16T10:12:34.325+0000] {dag.py:3834} INFO - Setting next_dagrun for example_bash_operator to 2024-03-15 00:00:00+00:00, run_after=2024-03-16 00:00:00+00:00
[2024-03-16T10:12:34.350+0000] {processor.py:183} INFO - Processing /usr/local/lib/python3.8/dist-packages/airflow/example_dags/example_bash_operator.py took 0.092 seconds
[2024-03-16T10:14:11.147+0000] {processor.py:161} INFO - Started process (PID=2687) to work on /usr/local/lib/python3.8/dist-packages/airflow/example_dags/example_bash_operator.py
[2024-03-16T10:14:11.148+0000] {processor.py:830} INFO - Processing file /usr/local/lib/python3.8/dist-packages/airflow/example_dags/example_bash_operator.py for tasks to queue
[2024-03-16T10:14:11.149+0000] {logging_mixin.py:188} INFO - [2024-03-16T10:14:11.149+0000] {dagbag.py:540} INFO - Filling up the DagBag from /usr/local/lib/python3.8/dist-packages/airflow/example_dags/example_bash_operator.py
[2024-03-16T10:14:11.163+0000] {processor.py:840} INFO - DAG(s) 'example_bash_operator' retrieved from /usr/local/lib/python3.8/dist-packages/airflow/example_dags/example_bash_operator.py
[2024-03-16T10:14:11.190+0000] {logging_mixin.py:188} INFO - [2024-03-16T10:14:11.189+0000] {dag.py:3047} INFO - Sync 1 DAGs
[2024-03-16T10:14:11.213+0000] {logging_mixin.py:188} INFO - [2024-03-16T10:14:11.213+0000] {dag.py:3834} INFO - Setting next_dagrun for example_bash_operator to 2024-03-15 00:00:00+00:00, run_after=2024-03-16 00:00:00+00:00
[2024-03-16T10:14:11.270+0000] {processor.py:183} INFO - Processing /usr/local/lib/python3.8/dist-packages/airflow/example_dags/example_bash_operator.py took 0.127 seconds
[2024-03-16T10:15:18.271+0000] {processor.py:161} INFO - Started process (PID=3001) to work on /usr/local/lib/python3.8/dist-packages/airflow/example_dags/example_bash_operator.py
[2024-03-16T10:15:18.272+0000] {processor.py:830} INFO - Processing file /usr/local/lib/python3.8/dist-packages/airflow/example_dags/example_bash_operator.py for tasks to queue
[2024-03-16T10:15:18.273+0000] {logging_mixin.py:188} INFO - [2024-03-16T10:15:18.273+0000] {dagbag.py:540} INFO - Filling up the DagBag from /usr/local/lib/python3.8/dist-packages/airflow/example_dags/example_bash_operator.py
[2024-03-16T10:15:18.287+0000] {processor.py:840} INFO - DAG(s) 'example_bash_operator' retrieved from /usr/local/lib/python3.8/dist-packages/airflow/example_dags/example_bash_operator.py
[2024-03-16T10:15:18.314+0000] {logging_mixin.py:188} INFO - [2024-03-16T10:15:18.313+0000] {dag.py:3047} INFO - Sync 1 DAGs
[2024-03-16T10:15:18.337+0000] {logging_mixin.py:188} INFO - [2024-03-16T10:15:18.337+0000] {dag.py:3834} INFO - Setting next_dagrun for example_bash_operator to 2024-03-15 00:00:00+00:00, run_after=2024-03-16 00:00:00+00:00
[2024-03-16T10:15:18.367+0000] {processor.py:183} INFO - Processing /usr/local/lib/python3.8/dist-packages/airflow/example_dags/example_bash_operator.py took 0.100 seconds
[2024-03-16T10:16:25.389+0000] {processor.py:161} INFO - Started process (PID=3115) to work on /usr/local/lib/python3.8/dist-packages/airflow/example_dags/example_bash_operator.py
[2024-03-16T10:16:25.391+0000] {processor.py:830} INFO - Processing file /usr/local/lib/python3.8/dist-packages/airflow/example_dags/example_bash_operator.py for tasks to queue
[2024-03-16T10:16:25.392+0000] {logging_mixin.py:188} INFO - [2024-03-16T10:16:25.392+0000] {dagbag.py:540} INFO - Filling up the DagBag from /usr/local/lib/python3.8/dist-packages/airflow/example_dags/example_bash_operator.py
[2024-03-16T10:16:25.405+0000] {processor.py:840} INFO - DAG(s) 'example_bash_operator' retrieved from /usr/local/lib/python3.8/dist-packages/airflow/example_dags/example_bash_operator.py
[2024-03-16T10:16:25.432+0000] {logging_mixin.py:188} INFO - [2024-03-16T10:16:25.432+0000] {dag.py:3047} INFO - Sync 1 DAGs
[2024-03-16T10:16:25.455+0000] {logging_mixin.py:188} INFO - [2024-03-16T10:16:25.455+0000] {dag.py:3834} INFO - Setting next_dagrun for example_bash_operator to 2024-03-15 00:00:00+00:00, run_after=2024-03-16 00:00:00+00:00
[2024-03-16T10:16:25.486+0000] {processor.py:183} INFO - Processing /usr/local/lib/python3.8/dist-packages/airflow/example_dags/example_bash_operator.py took 0.100 seconds
