[2024-03-16T09:54:49.962+0000] {processor.py:161} INFO - Started process (PID=756) to work on /usr/local/lib/python3.8/dist-packages/airflow/example_dags/example_branch_datetime_operator.py
[2024-03-16T09:54:49.963+0000] {processor.py:830} INFO - Processing file /usr/local/lib/python3.8/dist-packages/airflow/example_dags/example_branch_datetime_operator.py for tasks to queue
[2024-03-16T09:54:49.964+0000] {logging_mixin.py:188} INFO - [2024-03-16T09:54:49.963+0000] {dagbag.py:540} INFO - Filling up the DagBag from /usr/local/lib/python3.8/dist-packages/airflow/example_dags/example_branch_datetime_operator.py
[2024-03-16T09:54:49.977+0000] {processor.py:840} INFO - DAG(s) 'example_branch_datetime_operator_2', 'example_branch_datetime_operator', 'example_branch_datetime_operator_3' retrieved from /usr/local/lib/python3.8/dist-packages/airflow/example_dags/example_branch_datetime_operator.py
[2024-03-16T09:54:50.087+0000] {logging_mixin.py:188} INFO - [2024-03-16T09:54:50.087+0000] {dag.py:3047} INFO - Sync 3 DAGs
[2024-03-16T09:54:50.102+0000] {logging_mixin.py:188} INFO - [2024-03-16T09:54:50.102+0000] {dag.py:3834} INFO - Setting next_dagrun for example_branch_datetime_operator to 2024-03-15 00:00:00+00:00, run_after=2024-03-16 00:00:00+00:00
[2024-03-16T09:54:50.106+0000] {logging_mixin.py:188} INFO - [2024-03-16T09:54:50.106+0000] {dag.py:3834} INFO - Setting next_dagrun for example_branch_datetime_operator_2 to 2024-03-15 00:00:00+00:00, run_after=2024-03-16 00:00:00+00:00
[2024-03-16T09:54:50.108+0000] {logging_mixin.py:188} INFO - [2024-03-16T09:54:50.108+0000] {dag.py:3834} INFO - Setting next_dagrun for example_branch_datetime_operator_3 to 2024-03-15 00:00:00+00:00, run_after=2024-03-16 00:00:00+00:00
[2024-03-16T09:54:50.132+0000] {processor.py:183} INFO - Processing /usr/local/lib/python3.8/dist-packages/airflow/example_dags/example_branch_datetime_operator.py took 0.173 seconds
[2024-03-16T09:55:48.082+0000] {processor.py:161} INFO - Started process (PID=881) to work on /usr/local/lib/python3.8/dist-packages/airflow/example_dags/example_branch_datetime_operator.py
[2024-03-16T09:55:48.084+0000] {processor.py:830} INFO - Processing file /usr/local/lib/python3.8/dist-packages/airflow/example_dags/example_branch_datetime_operator.py for tasks to queue
[2024-03-16T09:55:48.085+0000] {logging_mixin.py:188} INFO - [2024-03-16T09:55:48.085+0000] {dagbag.py:540} INFO - Filling up the DagBag from /usr/local/lib/python3.8/dist-packages/airflow/example_dags/example_branch_datetime_operator.py
[2024-03-16T09:55:48.097+0000] {processor.py:840} INFO - DAG(s) 'example_branch_datetime_operator_2', 'example_branch_datetime_operator_3', 'example_branch_datetime_operator' retrieved from /usr/local/lib/python3.8/dist-packages/airflow/example_dags/example_branch_datetime_operator.py
[2024-03-16T09:55:48.122+0000] {logging_mixin.py:188} INFO - [2024-03-16T09:55:48.122+0000] {dag.py:3047} INFO - Sync 3 DAGs
[2024-03-16T09:55:48.146+0000] {logging_mixin.py:188} INFO - [2024-03-16T09:55:48.145+0000] {dag.py:3834} INFO - Setting next_dagrun for example_branch_datetime_operator to 2024-03-15 00:00:00+00:00, run_after=2024-03-16 00:00:00+00:00
[2024-03-16T09:55:48.151+0000] {logging_mixin.py:188} INFO - [2024-03-16T09:55:48.151+0000] {dag.py:3834} INFO - Setting next_dagrun for example_branch_datetime_operator_2 to 2024-03-15 00:00:00+00:00, run_after=2024-03-16 00:00:00+00:00
[2024-03-16T09:55:48.154+0000] {logging_mixin.py:188} INFO - [2024-03-16T09:55:48.153+0000] {dag.py:3834} INFO - Setting next_dagrun for example_branch_datetime_operator_3 to 2024-03-15 00:00:00+00:00, run_after=2024-03-16 00:00:00+00:00
[2024-03-16T09:55:48.182+0000] {processor.py:183} INFO - Processing /usr/local/lib/python3.8/dist-packages/airflow/example_dags/example_branch_datetime_operator.py took 0.103 seconds
[2024-03-16T09:57:12.447+0000] {processor.py:161} INFO - Started process (PID=985) to work on /usr/local/lib/python3.8/dist-packages/airflow/example_dags/example_branch_datetime_operator.py
[2024-03-16T09:57:12.449+0000] {processor.py:830} INFO - Processing file /usr/local/lib/python3.8/dist-packages/airflow/example_dags/example_branch_datetime_operator.py for tasks to queue
[2024-03-16T09:57:12.450+0000] {logging_mixin.py:188} INFO - [2024-03-16T09:57:12.450+0000] {dagbag.py:540} INFO - Filling up the DagBag from /usr/local/lib/python3.8/dist-packages/airflow/example_dags/example_branch_datetime_operator.py
[2024-03-16T09:57:12.462+0000] {processor.py:840} INFO - DAG(s) 'example_branch_datetime_operator_2', 'example_branch_datetime_operator', 'example_branch_datetime_operator_3' retrieved from /usr/local/lib/python3.8/dist-packages/airflow/example_dags/example_branch_datetime_operator.py
[2024-03-16T09:57:12.487+0000] {logging_mixin.py:188} INFO - [2024-03-16T09:57:12.487+0000] {dag.py:3047} INFO - Sync 3 DAGs
[2024-03-16T09:57:12.510+0000] {logging_mixin.py:188} INFO - [2024-03-16T09:57:12.510+0000] {dag.py:3834} INFO - Setting next_dagrun for example_branch_datetime_operator to 2024-03-15 00:00:00+00:00, run_after=2024-03-16 00:00:00+00:00
[2024-03-16T09:57:12.516+0000] {logging_mixin.py:188} INFO - [2024-03-16T09:57:12.516+0000] {dag.py:3834} INFO - Setting next_dagrun for example_branch_datetime_operator_2 to 2024-03-15 00:00:00+00:00, run_after=2024-03-16 00:00:00+00:00
[2024-03-16T09:57:12.519+0000] {logging_mixin.py:188} INFO - [2024-03-16T09:57:12.518+0000] {dag.py:3834} INFO - Setting next_dagrun for example_branch_datetime_operator_3 to 2024-03-15 00:00:00+00:00, run_after=2024-03-16 00:00:00+00:00
[2024-03-16T09:57:12.546+0000] {processor.py:183} INFO - Processing /usr/local/lib/python3.8/dist-packages/airflow/example_dags/example_branch_datetime_operator.py took 0.102 seconds
[2024-03-16T09:58:27.947+0000] {processor.py:161} INFO - Started process (PID=1102) to work on /usr/local/lib/python3.8/dist-packages/airflow/example_dags/example_branch_datetime_operator.py
[2024-03-16T09:58:27.949+0000] {processor.py:830} INFO - Processing file /usr/local/lib/python3.8/dist-packages/airflow/example_dags/example_branch_datetime_operator.py for tasks to queue
[2024-03-16T09:58:27.950+0000] {logging_mixin.py:188} INFO - [2024-03-16T09:58:27.949+0000] {dagbag.py:540} INFO - Filling up the DagBag from /usr/local/lib/python3.8/dist-packages/airflow/example_dags/example_branch_datetime_operator.py
[2024-03-16T09:58:27.961+0000] {processor.py:840} INFO - DAG(s) 'example_branch_datetime_operator_3', 'example_branch_datetime_operator_2', 'example_branch_datetime_operator' retrieved from /usr/local/lib/python3.8/dist-packages/airflow/example_dags/example_branch_datetime_operator.py
[2024-03-16T09:58:27.986+0000] {logging_mixin.py:188} INFO - [2024-03-16T09:58:27.985+0000] {dag.py:3047} INFO - Sync 3 DAGs
[2024-03-16T09:58:28.009+0000] {logging_mixin.py:188} INFO - [2024-03-16T09:58:28.009+0000] {dag.py:3834} INFO - Setting next_dagrun for example_branch_datetime_operator to 2024-03-15 00:00:00+00:00, run_after=2024-03-16 00:00:00+00:00
[2024-03-16T09:58:28.014+0000] {logging_mixin.py:188} INFO - [2024-03-16T09:58:28.014+0000] {dag.py:3834} INFO - Setting next_dagrun for example_branch_datetime_operator_2 to 2024-03-15 00:00:00+00:00, run_after=2024-03-16 00:00:00+00:00
[2024-03-16T09:58:28.017+0000] {logging_mixin.py:188} INFO - [2024-03-16T09:58:28.017+0000] {dag.py:3834} INFO - Setting next_dagrun for example_branch_datetime_operator_3 to 2024-03-15 00:00:00+00:00, run_after=2024-03-16 00:00:00+00:00
[2024-03-16T09:58:28.044+0000] {processor.py:183} INFO - Processing /usr/local/lib/python3.8/dist-packages/airflow/example_dags/example_branch_datetime_operator.py took 0.101 seconds
[2024-03-16T10:04:16.944+0000] {processor.py:161} INFO - Started process (PID=1648) to work on /usr/local/lib/python3.8/dist-packages/airflow/example_dags/example_branch_datetime_operator.py
[2024-03-16T10:04:16.945+0000] {processor.py:830} INFO - Processing file /usr/local/lib/python3.8/dist-packages/airflow/example_dags/example_branch_datetime_operator.py for tasks to queue
[2024-03-16T10:04:16.946+0000] {logging_mixin.py:188} INFO - [2024-03-16T10:04:16.946+0000] {dagbag.py:540} INFO - Filling up the DagBag from /usr/local/lib/python3.8/dist-packages/airflow/example_dags/example_branch_datetime_operator.py
[2024-03-16T10:04:17.062+0000] {processor.py:840} INFO - DAG(s) 'example_branch_datetime_operator', 'example_branch_datetime_operator_3', 'example_branch_datetime_operator_2' retrieved from /usr/local/lib/python3.8/dist-packages/airflow/example_dags/example_branch_datetime_operator.py
[2024-03-16T10:04:17.079+0000] {logging_mixin.py:188} INFO - [2024-03-16T10:04:17.079+0000] {dag.py:3047} INFO - Sync 3 DAGs
[2024-03-16T10:04:17.094+0000] {logging_mixin.py:188} INFO - [2024-03-16T10:04:17.094+0000] {dag.py:3834} INFO - Setting next_dagrun for example_branch_datetime_operator to 2024-03-15 00:00:00+00:00, run_after=2024-03-16 00:00:00+00:00
[2024-03-16T10:04:17.098+0000] {logging_mixin.py:188} INFO - [2024-03-16T10:04:17.098+0000] {dag.py:3834} INFO - Setting next_dagrun for example_branch_datetime_operator_2 to 2024-03-15 00:00:00+00:00, run_after=2024-03-16 00:00:00+00:00
[2024-03-16T10:04:17.100+0000] {logging_mixin.py:188} INFO - [2024-03-16T10:04:17.100+0000] {dag.py:3834} INFO - Setting next_dagrun for example_branch_datetime_operator_3 to 2024-03-15 00:00:00+00:00, run_after=2024-03-16 00:00:00+00:00
[2024-03-16T10:04:17.123+0000] {processor.py:183} INFO - Processing /usr/local/lib/python3.8/dist-packages/airflow/example_dags/example_branch_datetime_operator.py took 0.183 seconds
[2024-03-16T10:05:45.815+0000] {processor.py:161} INFO - Started process (PID=1817) to work on /usr/local/lib/python3.8/dist-packages/airflow/example_dags/example_branch_datetime_operator.py
[2024-03-16T10:05:45.817+0000] {processor.py:830} INFO - Processing file /usr/local/lib/python3.8/dist-packages/airflow/example_dags/example_branch_datetime_operator.py for tasks to queue
[2024-03-16T10:05:45.818+0000] {logging_mixin.py:188} INFO - [2024-03-16T10:05:45.817+0000] {dagbag.py:540} INFO - Filling up the DagBag from /usr/local/lib/python3.8/dist-packages/airflow/example_dags/example_branch_datetime_operator.py
[2024-03-16T10:05:45.829+0000] {processor.py:840} INFO - DAG(s) 'example_branch_datetime_operator', 'example_branch_datetime_operator_2', 'example_branch_datetime_operator_3' retrieved from /usr/local/lib/python3.8/dist-packages/airflow/example_dags/example_branch_datetime_operator.py
[2024-03-16T10:05:45.853+0000] {logging_mixin.py:188} INFO - [2024-03-16T10:05:45.853+0000] {dag.py:3047} INFO - Sync 3 DAGs
[2024-03-16T10:05:45.876+0000] {logging_mixin.py:188} INFO - [2024-03-16T10:05:45.876+0000] {dag.py:3834} INFO - Setting next_dagrun for example_branch_datetime_operator to 2024-03-15 00:00:00+00:00, run_after=2024-03-16 00:00:00+00:00
[2024-03-16T10:05:45.881+0000] {logging_mixin.py:188} INFO - [2024-03-16T10:05:45.881+0000] {dag.py:3834} INFO - Setting next_dagrun for example_branch_datetime_operator_2 to 2024-03-15 00:00:00+00:00, run_after=2024-03-16 00:00:00+00:00
[2024-03-16T10:05:45.884+0000] {logging_mixin.py:188} INFO - [2024-03-16T10:05:45.884+0000] {dag.py:3834} INFO - Setting next_dagrun for example_branch_datetime_operator_3 to 2024-03-15 00:00:00+00:00, run_after=2024-03-16 00:00:00+00:00
[2024-03-16T10:05:45.911+0000] {processor.py:183} INFO - Processing /usr/local/lib/python3.8/dist-packages/airflow/example_dags/example_branch_datetime_operator.py took 0.099 seconds
[2024-03-16T10:06:48.923+0000] {processor.py:161} INFO - Started process (PID=1922) to work on /usr/local/lib/python3.8/dist-packages/airflow/example_dags/example_branch_datetime_operator.py
[2024-03-16T10:06:48.925+0000] {processor.py:830} INFO - Processing file /usr/local/lib/python3.8/dist-packages/airflow/example_dags/example_branch_datetime_operator.py for tasks to queue
[2024-03-16T10:06:48.926+0000] {logging_mixin.py:188} INFO - [2024-03-16T10:06:48.925+0000] {dagbag.py:540} INFO - Filling up the DagBag from /usr/local/lib/python3.8/dist-packages/airflow/example_dags/example_branch_datetime_operator.py
[2024-03-16T10:06:48.937+0000] {processor.py:840} INFO - DAG(s) 'example_branch_datetime_operator_3', 'example_branch_datetime_operator', 'example_branch_datetime_operator_2' retrieved from /usr/local/lib/python3.8/dist-packages/airflow/example_dags/example_branch_datetime_operator.py
[2024-03-16T10:06:48.962+0000] {logging_mixin.py:188} INFO - [2024-03-16T10:06:48.962+0000] {dag.py:3047} INFO - Sync 3 DAGs
[2024-03-16T10:06:48.985+0000] {logging_mixin.py:188} INFO - [2024-03-16T10:06:48.985+0000] {dag.py:3834} INFO - Setting next_dagrun for example_branch_datetime_operator to 2024-03-15 00:00:00+00:00, run_after=2024-03-16 00:00:00+00:00
[2024-03-16T10:06:48.990+0000] {logging_mixin.py:188} INFO - [2024-03-16T10:06:48.990+0000] {dag.py:3834} INFO - Setting next_dagrun for example_branch_datetime_operator_2 to 2024-03-15 00:00:00+00:00, run_after=2024-03-16 00:00:00+00:00
[2024-03-16T10:06:48.993+0000] {logging_mixin.py:188} INFO - [2024-03-16T10:06:48.992+0000] {dag.py:3834} INFO - Setting next_dagrun for example_branch_datetime_operator_3 to 2024-03-15 00:00:00+00:00, run_after=2024-03-16 00:00:00+00:00
[2024-03-16T10:06:49.018+0000] {processor.py:183} INFO - Processing /usr/local/lib/python3.8/dist-packages/airflow/example_dags/example_branch_datetime_operator.py took 0.099 seconds
[2024-03-16T10:07:47.042+0000] {processor.py:161} INFO - Started process (PID=2025) to work on /usr/local/lib/python3.8/dist-packages/airflow/example_dags/example_branch_datetime_operator.py
[2024-03-16T10:07:47.044+0000] {processor.py:830} INFO - Processing file /usr/local/lib/python3.8/dist-packages/airflow/example_dags/example_branch_datetime_operator.py for tasks to queue
[2024-03-16T10:07:47.045+0000] {logging_mixin.py:188} INFO - [2024-03-16T10:07:47.045+0000] {dagbag.py:540} INFO - Filling up the DagBag from /usr/local/lib/python3.8/dist-packages/airflow/example_dags/example_branch_datetime_operator.py
[2024-03-16T10:07:47.057+0000] {processor.py:840} INFO - DAG(s) 'example_branch_datetime_operator_3', 'example_branch_datetime_operator_2', 'example_branch_datetime_operator' retrieved from /usr/local/lib/python3.8/dist-packages/airflow/example_dags/example_branch_datetime_operator.py
[2024-03-16T10:07:47.081+0000] {logging_mixin.py:188} INFO - [2024-03-16T10:07:47.081+0000] {dag.py:3047} INFO - Sync 3 DAGs
[2024-03-16T10:07:47.104+0000] {logging_mixin.py:188} INFO - [2024-03-16T10:07:47.104+0000] {dag.py:3834} INFO - Setting next_dagrun for example_branch_datetime_operator to 2024-03-15 00:00:00+00:00, run_after=2024-03-16 00:00:00+00:00
[2024-03-16T10:07:47.109+0000] {logging_mixin.py:188} INFO - [2024-03-16T10:07:47.109+0000] {dag.py:3834} INFO - Setting next_dagrun for example_branch_datetime_operator_2 to 2024-03-15 00:00:00+00:00, run_after=2024-03-16 00:00:00+00:00
[2024-03-16T10:07:47.112+0000] {logging_mixin.py:188} INFO - [2024-03-16T10:07:47.112+0000] {dag.py:3834} INFO - Setting next_dagrun for example_branch_datetime_operator_3 to 2024-03-15 00:00:00+00:00, run_after=2024-03-16 00:00:00+00:00
[2024-03-16T10:07:47.139+0000] {processor.py:183} INFO - Processing /usr/local/lib/python3.8/dist-packages/airflow/example_dags/example_branch_datetime_operator.py took 0.100 seconds
[2024-03-16T10:08:53.767+0000] {processor.py:161} INFO - Started process (PID=2131) to work on /usr/local/lib/python3.8/dist-packages/airflow/example_dags/example_branch_datetime_operator.py
[2024-03-16T10:08:53.769+0000] {processor.py:830} INFO - Processing file /usr/local/lib/python3.8/dist-packages/airflow/example_dags/example_branch_datetime_operator.py for tasks to queue
[2024-03-16T10:08:53.770+0000] {logging_mixin.py:188} INFO - [2024-03-16T10:08:53.769+0000] {dagbag.py:540} INFO - Filling up the DagBag from /usr/local/lib/python3.8/dist-packages/airflow/example_dags/example_branch_datetime_operator.py
[2024-03-16T10:08:53.779+0000] {processor.py:840} INFO - DAG(s) 'example_branch_datetime_operator', 'example_branch_datetime_operator_3', 'example_branch_datetime_operator_2' retrieved from /usr/local/lib/python3.8/dist-packages/airflow/example_dags/example_branch_datetime_operator.py
[2024-03-16T10:08:53.797+0000] {logging_mixin.py:188} INFO - [2024-03-16T10:08:53.796+0000] {dag.py:3047} INFO - Sync 3 DAGs
[2024-03-16T10:08:53.813+0000] {logging_mixin.py:188} INFO - [2024-03-16T10:08:53.813+0000] {dag.py:3834} INFO - Setting next_dagrun for example_branch_datetime_operator to 2024-03-15 00:00:00+00:00, run_after=2024-03-16 00:00:00+00:00
[2024-03-16T10:08:53.817+0000] {logging_mixin.py:188} INFO - [2024-03-16T10:08:53.817+0000] {dag.py:3834} INFO - Setting next_dagrun for example_branch_datetime_operator_2 to 2024-03-15 00:00:00+00:00, run_after=2024-03-16 00:00:00+00:00
[2024-03-16T10:08:53.819+0000] {logging_mixin.py:188} INFO - [2024-03-16T10:08:53.819+0000] {dag.py:3834} INFO - Setting next_dagrun for example_branch_datetime_operator_3 to 2024-03-15 00:00:00+00:00, run_after=2024-03-16 00:00:00+00:00
[2024-03-16T10:08:53.843+0000] {processor.py:183} INFO - Processing /usr/local/lib/python3.8/dist-packages/airflow/example_dags/example_branch_datetime_operator.py took 0.079 seconds
[2024-03-16T10:09:54.709+0000] {processor.py:161} INFO - Started process (PID=2236) to work on /usr/local/lib/python3.8/dist-packages/airflow/example_dags/example_branch_datetime_operator.py
[2024-03-16T10:09:54.711+0000] {processor.py:830} INFO - Processing file /usr/local/lib/python3.8/dist-packages/airflow/example_dags/example_branch_datetime_operator.py for tasks to queue
[2024-03-16T10:09:54.712+0000] {logging_mixin.py:188} INFO - [2024-03-16T10:09:54.711+0000] {dagbag.py:540} INFO - Filling up the DagBag from /usr/local/lib/python3.8/dist-packages/airflow/example_dags/example_branch_datetime_operator.py
[2024-03-16T10:09:54.723+0000] {processor.py:840} INFO - DAG(s) 'example_branch_datetime_operator_3', 'example_branch_datetime_operator', 'example_branch_datetime_operator_2' retrieved from /usr/local/lib/python3.8/dist-packages/airflow/example_dags/example_branch_datetime_operator.py
[2024-03-16T10:09:54.747+0000] {logging_mixin.py:188} INFO - [2024-03-16T10:09:54.747+0000] {dag.py:3047} INFO - Sync 3 DAGs
[2024-03-16T10:09:54.771+0000] {logging_mixin.py:188} INFO - [2024-03-16T10:09:54.770+0000] {dag.py:3834} INFO - Setting next_dagrun for example_branch_datetime_operator to 2024-03-15 00:00:00+00:00, run_after=2024-03-16 00:00:00+00:00
[2024-03-16T10:09:54.776+0000] {logging_mixin.py:188} INFO - [2024-03-16T10:09:54.776+0000] {dag.py:3834} INFO - Setting next_dagrun for example_branch_datetime_operator_2 to 2024-03-15 00:00:00+00:00, run_after=2024-03-16 00:00:00+00:00
[2024-03-16T10:09:54.779+0000] {logging_mixin.py:188} INFO - [2024-03-16T10:09:54.778+0000] {dag.py:3834} INFO - Setting next_dagrun for example_branch_datetime_operator_3 to 2024-03-15 00:00:00+00:00, run_after=2024-03-16 00:00:00+00:00
[2024-03-16T10:09:54.806+0000] {processor.py:183} INFO - Processing /usr/local/lib/python3.8/dist-packages/airflow/example_dags/example_branch_datetime_operator.py took 0.100 seconds
[2024-03-16T10:11:06.404+0000] {processor.py:161} INFO - Started process (PID=2341) to work on /usr/local/lib/python3.8/dist-packages/airflow/example_dags/example_branch_datetime_operator.py
[2024-03-16T10:11:06.406+0000] {processor.py:830} INFO - Processing file /usr/local/lib/python3.8/dist-packages/airflow/example_dags/example_branch_datetime_operator.py for tasks to queue
[2024-03-16T10:11:06.407+0000] {logging_mixin.py:188} INFO - [2024-03-16T10:11:06.407+0000] {dagbag.py:540} INFO - Filling up the DagBag from /usr/local/lib/python3.8/dist-packages/airflow/example_dags/example_branch_datetime_operator.py
[2024-03-16T10:11:06.419+0000] {processor.py:840} INFO - DAG(s) 'example_branch_datetime_operator', 'example_branch_datetime_operator_3', 'example_branch_datetime_operator_2' retrieved from /usr/local/lib/python3.8/dist-packages/airflow/example_dags/example_branch_datetime_operator.py
[2024-03-16T10:11:06.447+0000] {logging_mixin.py:188} INFO - [2024-03-16T10:11:06.446+0000] {dag.py:3047} INFO - Sync 3 DAGs
[2024-03-16T10:11:06.473+0000] {logging_mixin.py:188} INFO - [2024-03-16T10:11:06.472+0000] {dag.py:3834} INFO - Setting next_dagrun for example_branch_datetime_operator to 2024-03-15 00:00:00+00:00, run_after=2024-03-16 00:00:00+00:00
[2024-03-16T10:11:06.478+0000] {logging_mixin.py:188} INFO - [2024-03-16T10:11:06.478+0000] {dag.py:3834} INFO - Setting next_dagrun for example_branch_datetime_operator_2 to 2024-03-15 00:00:00+00:00, run_after=2024-03-16 00:00:00+00:00
[2024-03-16T10:11:06.481+0000] {logging_mixin.py:188} INFO - [2024-03-16T10:11:06.481+0000] {dag.py:3834} INFO - Setting next_dagrun for example_branch_datetime_operator_3 to 2024-03-15 00:00:00+00:00, run_after=2024-03-16 00:00:00+00:00
[2024-03-16T10:11:06.733+0000] {processor.py:183} INFO - Processing /usr/local/lib/python3.8/dist-packages/airflow/example_dags/example_branch_datetime_operator.py took 0.333 seconds
[2024-03-16T10:12:44.635+0000] {processor.py:161} INFO - Started process (PID=2526) to work on /usr/local/lib/python3.8/dist-packages/airflow/example_dags/example_branch_datetime_operator.py
[2024-03-16T10:12:44.637+0000] {processor.py:830} INFO - Processing file /usr/local/lib/python3.8/dist-packages/airflow/example_dags/example_branch_datetime_operator.py for tasks to queue
[2024-03-16T10:12:44.639+0000] {logging_mixin.py:188} INFO - [2024-03-16T10:12:44.638+0000] {dagbag.py:540} INFO - Filling up the DagBag from /usr/local/lib/python3.8/dist-packages/airflow/example_dags/example_branch_datetime_operator.py
[2024-03-16T10:12:44.651+0000] {processor.py:840} INFO - DAG(s) 'example_branch_datetime_operator_2', 'example_branch_datetime_operator_3', 'example_branch_datetime_operator' retrieved from /usr/local/lib/python3.8/dist-packages/airflow/example_dags/example_branch_datetime_operator.py
[2024-03-16T10:12:44.676+0000] {logging_mixin.py:188} INFO - [2024-03-16T10:12:44.675+0000] {dag.py:3047} INFO - Sync 3 DAGs
[2024-03-16T10:12:44.700+0000] {logging_mixin.py:188} INFO - [2024-03-16T10:12:44.700+0000] {dag.py:3834} INFO - Setting next_dagrun for example_branch_datetime_operator to 2024-03-15 00:00:00+00:00, run_after=2024-03-16 00:00:00+00:00
[2024-03-16T10:12:44.705+0000] {logging_mixin.py:188} INFO - [2024-03-16T10:12:44.705+0000] {dag.py:3834} INFO - Setting next_dagrun for example_branch_datetime_operator_2 to 2024-03-15 00:00:00+00:00, run_after=2024-03-16 00:00:00+00:00
[2024-03-16T10:12:44.708+0000] {logging_mixin.py:188} INFO - [2024-03-16T10:12:44.708+0000] {dag.py:3834} INFO - Setting next_dagrun for example_branch_datetime_operator_3 to 2024-03-15 00:00:00+00:00, run_after=2024-03-16 00:00:00+00:00
[2024-03-16T10:12:44.736+0000] {processor.py:183} INFO - Processing /usr/local/lib/python3.8/dist-packages/airflow/example_dags/example_branch_datetime_operator.py took 0.104 seconds
[2024-03-16T10:14:21.734+0000] {processor.py:161} INFO - Started process (PID=2697) to work on /usr/local/lib/python3.8/dist-packages/airflow/example_dags/example_branch_datetime_operator.py
[2024-03-16T10:14:21.736+0000] {processor.py:830} INFO - Processing file /usr/local/lib/python3.8/dist-packages/airflow/example_dags/example_branch_datetime_operator.py for tasks to queue
[2024-03-16T10:14:21.737+0000] {logging_mixin.py:188} INFO - [2024-03-16T10:14:21.736+0000] {dagbag.py:540} INFO - Filling up the DagBag from /usr/local/lib/python3.8/dist-packages/airflow/example_dags/example_branch_datetime_operator.py
[2024-03-16T10:14:21.748+0000] {processor.py:840} INFO - DAG(s) 'example_branch_datetime_operator_3', 'example_branch_datetime_operator_2', 'example_branch_datetime_operator' retrieved from /usr/local/lib/python3.8/dist-packages/airflow/example_dags/example_branch_datetime_operator.py
[2024-03-16T10:14:21.772+0000] {logging_mixin.py:188} INFO - [2024-03-16T10:14:21.772+0000] {dag.py:3047} INFO - Sync 3 DAGs
[2024-03-16T10:14:21.796+0000] {logging_mixin.py:188} INFO - [2024-03-16T10:14:21.796+0000] {dag.py:3834} INFO - Setting next_dagrun for example_branch_datetime_operator to 2024-03-15 00:00:00+00:00, run_after=2024-03-16 00:00:00+00:00
[2024-03-16T10:14:21.801+0000] {logging_mixin.py:188} INFO - [2024-03-16T10:14:21.801+0000] {dag.py:3834} INFO - Setting next_dagrun for example_branch_datetime_operator_2 to 2024-03-15 00:00:00+00:00, run_after=2024-03-16 00:00:00+00:00
[2024-03-16T10:14:21.804+0000] {logging_mixin.py:188} INFO - [2024-03-16T10:14:21.804+0000] {dag.py:3834} INFO - Setting next_dagrun for example_branch_datetime_operator_3 to 2024-03-15 00:00:00+00:00, run_after=2024-03-16 00:00:00+00:00
[2024-03-16T10:14:21.834+0000] {processor.py:183} INFO - Processing /usr/local/lib/python3.8/dist-packages/airflow/example_dags/example_branch_datetime_operator.py took 0.103 seconds
[2024-03-16T10:15:29.654+0000] {processor.py:161} INFO - Started process (PID=3011) to work on /usr/local/lib/python3.8/dist-packages/airflow/example_dags/example_branch_datetime_operator.py
[2024-03-16T10:15:29.656+0000] {processor.py:830} INFO - Processing file /usr/local/lib/python3.8/dist-packages/airflow/example_dags/example_branch_datetime_operator.py for tasks to queue
[2024-03-16T10:15:29.657+0000] {logging_mixin.py:188} INFO - [2024-03-16T10:15:29.657+0000] {dagbag.py:540} INFO - Filling up the DagBag from /usr/local/lib/python3.8/dist-packages/airflow/example_dags/example_branch_datetime_operator.py
[2024-03-16T10:15:29.669+0000] {processor.py:840} INFO - DAG(s) 'example_branch_datetime_operator', 'example_branch_datetime_operator_2', 'example_branch_datetime_operator_3' retrieved from /usr/local/lib/python3.8/dist-packages/airflow/example_dags/example_branch_datetime_operator.py
[2024-03-16T10:15:29.693+0000] {logging_mixin.py:188} INFO - [2024-03-16T10:15:29.692+0000] {dag.py:3047} INFO - Sync 3 DAGs
[2024-03-16T10:15:29.717+0000] {logging_mixin.py:188} INFO - [2024-03-16T10:15:29.716+0000] {dag.py:3834} INFO - Setting next_dagrun for example_branch_datetime_operator to 2024-03-15 00:00:00+00:00, run_after=2024-03-16 00:00:00+00:00
[2024-03-16T10:15:29.722+0000] {logging_mixin.py:188} INFO - [2024-03-16T10:15:29.722+0000] {dag.py:3834} INFO - Setting next_dagrun for example_branch_datetime_operator_2 to 2024-03-15 00:00:00+00:00, run_after=2024-03-16 00:00:00+00:00
[2024-03-16T10:15:29.725+0000] {logging_mixin.py:188} INFO - [2024-03-16T10:15:29.724+0000] {dag.py:3834} INFO - Setting next_dagrun for example_branch_datetime_operator_3 to 2024-03-15 00:00:00+00:00, run_after=2024-03-16 00:00:00+00:00
[2024-03-16T10:15:29.753+0000] {processor.py:183} INFO - Processing /usr/local/lib/python3.8/dist-packages/airflow/example_dags/example_branch_datetime_operator.py took 0.102 seconds
[2024-03-16T10:16:35.911+0000] {processor.py:161} INFO - Started process (PID=3125) to work on /usr/local/lib/python3.8/dist-packages/airflow/example_dags/example_branch_datetime_operator.py
[2024-03-16T10:16:35.913+0000] {processor.py:830} INFO - Processing file /usr/local/lib/python3.8/dist-packages/airflow/example_dags/example_branch_datetime_operator.py for tasks to queue
[2024-03-16T10:16:35.914+0000] {logging_mixin.py:188} INFO - [2024-03-16T10:16:35.914+0000] {dagbag.py:540} INFO - Filling up the DagBag from /usr/local/lib/python3.8/dist-packages/airflow/example_dags/example_branch_datetime_operator.py
[2024-03-16T10:16:35.926+0000] {processor.py:840} INFO - DAG(s) 'example_branch_datetime_operator_2', 'example_branch_datetime_operator_3', 'example_branch_datetime_operator' retrieved from /usr/local/lib/python3.8/dist-packages/airflow/example_dags/example_branch_datetime_operator.py
[2024-03-16T10:16:35.950+0000] {logging_mixin.py:188} INFO - [2024-03-16T10:16:35.949+0000] {dag.py:3047} INFO - Sync 3 DAGs
[2024-03-16T10:16:35.973+0000] {logging_mixin.py:188} INFO - [2024-03-16T10:16:35.973+0000] {dag.py:3834} INFO - Setting next_dagrun for example_branch_datetime_operator to 2024-03-15 00:00:00+00:00, run_after=2024-03-16 00:00:00+00:00
[2024-03-16T10:16:35.979+0000] {logging_mixin.py:188} INFO - [2024-03-16T10:16:35.978+0000] {dag.py:3834} INFO - Setting next_dagrun for example_branch_datetime_operator_2 to 2024-03-15 00:00:00+00:00, run_after=2024-03-16 00:00:00+00:00
[2024-03-16T10:16:35.981+0000] {logging_mixin.py:188} INFO - [2024-03-16T10:16:35.981+0000] {dag.py:3834} INFO - Setting next_dagrun for example_branch_datetime_operator_3 to 2024-03-15 00:00:00+00:00, run_after=2024-03-16 00:00:00+00:00
[2024-03-16T10:16:36.009+0000] {processor.py:183} INFO - Processing /usr/local/lib/python3.8/dist-packages/airflow/example_dags/example_branch_datetime_operator.py took 0.101 seconds
