[2024-03-16T09:54:43.314+0000] {processor.py:161} INFO - Started process (PID=750) to work on /usr/local/lib/python3.8/dist-packages/airflow/example_dags/example_dag_decorator.py
[2024-03-16T09:54:43.314+0000] {processor.py:830} INFO - Processing file /usr/local/lib/python3.8/dist-packages/airflow/example_dags/example_dag_decorator.py for tasks to queue
[2024-03-16T09:54:43.315+0000] {logging_mixin.py:188} INFO - [2024-03-16T09:54:43.315+0000] {dagbag.py:540} INFO - Filling up the DagBag from /usr/local/lib/python3.8/dist-packages/airflow/example_dags/example_dag_decorator.py
[2024-03-16T09:54:43.467+0000] {processor.py:840} INFO - DAG(s) 'example_dag_decorator' retrieved from /usr/local/lib/python3.8/dist-packages/airflow/example_dags/example_dag_decorator.py
[2024-03-16T09:54:43.539+0000] {logging_mixin.py:188} INFO - [2024-03-16T09:54:43.539+0000] {dag.py:3047} INFO - Sync 1 DAGs
[2024-03-16T09:54:43.547+0000] {logging_mixin.py:188} INFO - [2024-03-16T09:54:43.547+0000] {dag.py:3834} INFO - Setting next_dagrun for example_dag_decorator to None, run_after=None
[2024-03-16T09:54:43.581+0000] {processor.py:183} INFO - Processing /usr/local/lib/python3.8/dist-packages/airflow/example_dags/example_dag_decorator.py took 0.270 seconds
[2024-03-16T09:55:42.035+0000] {processor.py:161} INFO - Started process (PID=863) to work on /usr/local/lib/python3.8/dist-packages/airflow/example_dags/example_dag_decorator.py
[2024-03-16T09:55:42.038+0000] {processor.py:830} INFO - Processing file /usr/local/lib/python3.8/dist-packages/airflow/example_dags/example_dag_decorator.py for tasks to queue
[2024-03-16T09:55:42.039+0000] {logging_mixin.py:188} INFO - [2024-03-16T09:55:42.038+0000] {dagbag.py:540} INFO - Filling up the DagBag from /usr/local/lib/python3.8/dist-packages/airflow/example_dags/example_dag_decorator.py
[2024-03-16T09:55:42.130+0000] {processor.py:840} INFO - DAG(s) 'example_dag_decorator' retrieved from /usr/local/lib/python3.8/dist-packages/airflow/example_dags/example_dag_decorator.py
[2024-03-16T09:55:42.234+0000] {logging_mixin.py:188} INFO - [2024-03-16T09:55:42.234+0000] {dag.py:3047} INFO - Sync 1 DAGs
[2024-03-16T09:55:42.245+0000] {logging_mixin.py:188} INFO - [2024-03-16T09:55:42.244+0000] {dag.py:3834} INFO - Setting next_dagrun for example_dag_decorator to None, run_after=None
[2024-03-16T09:55:42.276+0000] {processor.py:183} INFO - Processing /usr/local/lib/python3.8/dist-packages/airflow/example_dags/example_dag_decorator.py took 0.245 seconds
[2024-03-16T09:57:05.239+0000] {processor.py:161} INFO - Started process (PID=979) to work on /usr/local/lib/python3.8/dist-packages/airflow/example_dags/example_dag_decorator.py
[2024-03-16T09:57:05.242+0000] {processor.py:830} INFO - Processing file /usr/local/lib/python3.8/dist-packages/airflow/example_dags/example_dag_decorator.py for tasks to queue
[2024-03-16T09:57:05.243+0000] {logging_mixin.py:188} INFO - [2024-03-16T09:57:05.242+0000] {dagbag.py:540} INFO - Filling up the DagBag from /usr/local/lib/python3.8/dist-packages/airflow/example_dags/example_dag_decorator.py
[2024-03-16T09:57:05.324+0000] {processor.py:840} INFO - DAG(s) 'example_dag_decorator' retrieved from /usr/local/lib/python3.8/dist-packages/airflow/example_dags/example_dag_decorator.py
[2024-03-16T09:57:05.405+0000] {logging_mixin.py:188} INFO - [2024-03-16T09:57:05.405+0000] {dag.py:3047} INFO - Sync 1 DAGs
[2024-03-16T09:57:05.414+0000] {logging_mixin.py:188} INFO - [2024-03-16T09:57:05.413+0000] {dag.py:3834} INFO - Setting next_dagrun for example_dag_decorator to None, run_after=None
[2024-03-16T09:57:05.664+0000] {processor.py:183} INFO - Processing /usr/local/lib/python3.8/dist-packages/airflow/example_dags/example_dag_decorator.py took 0.428 seconds
[2024-03-16T09:58:21.297+0000] {processor.py:161} INFO - Started process (PID=1096) to work on /usr/local/lib/python3.8/dist-packages/airflow/example_dags/example_dag_decorator.py
[2024-03-16T09:58:21.306+0000] {processor.py:830} INFO - Processing file /usr/local/lib/python3.8/dist-packages/airflow/example_dags/example_dag_decorator.py for tasks to queue
[2024-03-16T09:58:21.307+0000] {logging_mixin.py:188} INFO - [2024-03-16T09:58:21.307+0000] {dagbag.py:540} INFO - Filling up the DagBag from /usr/local/lib/python3.8/dist-packages/airflow/example_dags/example_dag_decorator.py
[2024-03-16T09:58:21.379+0000] {processor.py:840} INFO - DAG(s) 'example_dag_decorator' retrieved from /usr/local/lib/python3.8/dist-packages/airflow/example_dags/example_dag_decorator.py
[2024-03-16T09:58:21.457+0000] {logging_mixin.py:188} INFO - [2024-03-16T09:58:21.457+0000] {dag.py:3047} INFO - Sync 1 DAGs
[2024-03-16T09:58:21.466+0000] {logging_mixin.py:188} INFO - [2024-03-16T09:58:21.466+0000] {dag.py:3834} INFO - Setting next_dagrun for example_dag_decorator to None, run_after=None
[2024-03-16T09:58:21.492+0000] {processor.py:183} INFO - Processing /usr/local/lib/python3.8/dist-packages/airflow/example_dags/example_dag_decorator.py took 0.198 seconds
[2024-03-16T10:03:42.486+0000] {processor.py:161} INFO - Started process (PID=1591) to work on /usr/local/lib/python3.8/dist-packages/airflow/example_dags/example_dag_decorator.py
[2024-03-16T10:03:42.488+0000] {processor.py:830} INFO - Processing file /usr/local/lib/python3.8/dist-packages/airflow/example_dags/example_dag_decorator.py for tasks to queue
[2024-03-16T10:03:42.490+0000] {logging_mixin.py:188} INFO - [2024-03-16T10:03:42.489+0000] {dagbag.py:540} INFO - Filling up the DagBag from /usr/local/lib/python3.8/dist-packages/airflow/example_dags/example_dag_decorator.py
[2024-03-16T10:03:42.659+0000] {processor.py:840} INFO - DAG(s) 'example_dag_decorator' retrieved from /usr/local/lib/python3.8/dist-packages/airflow/example_dags/example_dag_decorator.py
[2024-03-16T10:03:42.734+0000] {logging_mixin.py:188} INFO - [2024-03-16T10:03:42.734+0000] {dag.py:3047} INFO - Sync 1 DAGs
[2024-03-16T10:03:42.742+0000] {logging_mixin.py:188} INFO - [2024-03-16T10:03:42.742+0000] {dag.py:3834} INFO - Setting next_dagrun for example_dag_decorator to None, run_after=None
[2024-03-16T10:03:42.876+0000] {processor.py:183} INFO - Processing /usr/local/lib/python3.8/dist-packages/airflow/example_dags/example_dag_decorator.py took 0.392 seconds
[2024-03-16T10:05:39.547+0000] {processor.py:161} INFO - Started process (PID=1811) to work on /usr/local/lib/python3.8/dist-packages/airflow/example_dags/example_dag_decorator.py
[2024-03-16T10:05:39.548+0000] {processor.py:830} INFO - Processing file /usr/local/lib/python3.8/dist-packages/airflow/example_dags/example_dag_decorator.py for tasks to queue
[2024-03-16T10:05:39.549+0000] {logging_mixin.py:188} INFO - [2024-03-16T10:05:39.549+0000] {dagbag.py:540} INFO - Filling up the DagBag from /usr/local/lib/python3.8/dist-packages/airflow/example_dags/example_dag_decorator.py
[2024-03-16T10:05:39.641+0000] {processor.py:840} INFO - DAG(s) 'example_dag_decorator' retrieved from /usr/local/lib/python3.8/dist-packages/airflow/example_dags/example_dag_decorator.py
[2024-03-16T10:05:39.726+0000] {logging_mixin.py:188} INFO - [2024-03-16T10:05:39.726+0000] {dag.py:3047} INFO - Sync 1 DAGs
[2024-03-16T10:05:39.735+0000] {logging_mixin.py:188} INFO - [2024-03-16T10:05:39.734+0000] {dag.py:3834} INFO - Setting next_dagrun for example_dag_decorator to None, run_after=None
[2024-03-16T10:05:39.759+0000] {processor.py:183} INFO - Processing /usr/local/lib/python3.8/dist-packages/airflow/example_dags/example_dag_decorator.py took 0.216 seconds
[2024-03-16T10:06:42.259+0000] {processor.py:161} INFO - Started process (PID=1916) to work on /usr/local/lib/python3.8/dist-packages/airflow/example_dags/example_dag_decorator.py
[2024-03-16T10:06:42.260+0000] {processor.py:830} INFO - Processing file /usr/local/lib/python3.8/dist-packages/airflow/example_dags/example_dag_decorator.py for tasks to queue
[2024-03-16T10:06:42.261+0000] {logging_mixin.py:188} INFO - [2024-03-16T10:06:42.261+0000] {dagbag.py:540} INFO - Filling up the DagBag from /usr/local/lib/python3.8/dist-packages/airflow/example_dags/example_dag_decorator.py
[2024-03-16T10:06:42.354+0000] {processor.py:840} INFO - DAG(s) 'example_dag_decorator' retrieved from /usr/local/lib/python3.8/dist-packages/airflow/example_dags/example_dag_decorator.py
[2024-03-16T10:06:42.441+0000] {logging_mixin.py:188} INFO - [2024-03-16T10:06:42.440+0000] {dag.py:3047} INFO - Sync 1 DAGs
[2024-03-16T10:06:42.449+0000] {logging_mixin.py:188} INFO - [2024-03-16T10:06:42.448+0000] {dag.py:3834} INFO - Setting next_dagrun for example_dag_decorator to None, run_after=None
[2024-03-16T10:06:42.476+0000] {processor.py:183} INFO - Processing /usr/local/lib/python3.8/dist-packages/airflow/example_dags/example_dag_decorator.py took 0.221 seconds
[2024-03-16T10:07:41.745+0000] {processor.py:161} INFO - Started process (PID=2019) to work on /usr/local/lib/python3.8/dist-packages/airflow/example_dags/example_dag_decorator.py
[2024-03-16T10:07:41.747+0000] {processor.py:830} INFO - Processing file /usr/local/lib/python3.8/dist-packages/airflow/example_dags/example_dag_decorator.py for tasks to queue
[2024-03-16T10:07:41.748+0000] {logging_mixin.py:188} INFO - [2024-03-16T10:07:41.748+0000] {dagbag.py:540} INFO - Filling up the DagBag from /usr/local/lib/python3.8/dist-packages/airflow/example_dags/example_dag_decorator.py
[2024-03-16T10:07:41.839+0000] {processor.py:840} INFO - DAG(s) 'example_dag_decorator' retrieved from /usr/local/lib/python3.8/dist-packages/airflow/example_dags/example_dag_decorator.py
[2024-03-16T10:07:41.928+0000] {logging_mixin.py:188} INFO - [2024-03-16T10:07:41.928+0000] {dag.py:3047} INFO - Sync 1 DAGs
[2024-03-16T10:07:41.936+0000] {logging_mixin.py:188} INFO - [2024-03-16T10:07:41.936+0000] {dag.py:3834} INFO - Setting next_dagrun for example_dag_decorator to None, run_after=None
[2024-03-16T10:07:41.962+0000] {processor.py:183} INFO - Processing /usr/local/lib/python3.8/dist-packages/airflow/example_dags/example_dag_decorator.py took 0.220 seconds
[2024-03-16T10:08:47.611+0000] {processor.py:161} INFO - Started process (PID=2125) to work on /usr/local/lib/python3.8/dist-packages/airflow/example_dags/example_dag_decorator.py
[2024-03-16T10:08:47.613+0000] {processor.py:830} INFO - Processing file /usr/local/lib/python3.8/dist-packages/airflow/example_dags/example_dag_decorator.py for tasks to queue
[2024-03-16T10:08:47.614+0000] {logging_mixin.py:188} INFO - [2024-03-16T10:08:47.614+0000] {dagbag.py:540} INFO - Filling up the DagBag from /usr/local/lib/python3.8/dist-packages/airflow/example_dags/example_dag_decorator.py
[2024-03-16T10:08:47.705+0000] {processor.py:840} INFO - DAG(s) 'example_dag_decorator' retrieved from /usr/local/lib/python3.8/dist-packages/airflow/example_dags/example_dag_decorator.py
[2024-03-16T10:08:47.791+0000] {logging_mixin.py:188} INFO - [2024-03-16T10:08:47.791+0000] {dag.py:3047} INFO - Sync 1 DAGs
[2024-03-16T10:08:47.799+0000] {logging_mixin.py:188} INFO - [2024-03-16T10:08:47.799+0000] {dag.py:3834} INFO - Setting next_dagrun for example_dag_decorator to None, run_after=None
[2024-03-16T10:08:47.827+0000] {processor.py:183} INFO - Processing /usr/local/lib/python3.8/dist-packages/airflow/example_dags/example_dag_decorator.py took 0.219 seconds
[2024-03-16T10:09:48.611+0000] {processor.py:161} INFO - Started process (PID=2230) to work on /usr/local/lib/python3.8/dist-packages/airflow/example_dags/example_dag_decorator.py
[2024-03-16T10:09:48.612+0000] {processor.py:830} INFO - Processing file /usr/local/lib/python3.8/dist-packages/airflow/example_dags/example_dag_decorator.py for tasks to queue
[2024-03-16T10:09:48.613+0000] {logging_mixin.py:188} INFO - [2024-03-16T10:09:48.613+0000] {dagbag.py:540} INFO - Filling up the DagBag from /usr/local/lib/python3.8/dist-packages/airflow/example_dags/example_dag_decorator.py
[2024-03-16T10:09:48.685+0000] {processor.py:840} INFO - DAG(s) 'example_dag_decorator' retrieved from /usr/local/lib/python3.8/dist-packages/airflow/example_dags/example_dag_decorator.py
[2024-03-16T10:09:48.764+0000] {logging_mixin.py:188} INFO - [2024-03-16T10:09:48.764+0000] {dag.py:3047} INFO - Sync 1 DAGs
[2024-03-16T10:09:48.772+0000] {logging_mixin.py:188} INFO - [2024-03-16T10:09:48.772+0000] {dag.py:3834} INFO - Setting next_dagrun for example_dag_decorator to None, run_after=None
[2024-03-16T10:09:48.796+0000] {processor.py:183} INFO - Processing /usr/local/lib/python3.8/dist-packages/airflow/example_dags/example_dag_decorator.py took 0.188 seconds
[2024-03-16T10:10:58.133+0000] {processor.py:161} INFO - Started process (PID=2335) to work on /usr/local/lib/python3.8/dist-packages/airflow/example_dags/example_dag_decorator.py
[2024-03-16T10:10:58.134+0000] {processor.py:830} INFO - Processing file /usr/local/lib/python3.8/dist-packages/airflow/example_dags/example_dag_decorator.py for tasks to queue
[2024-03-16T10:10:58.135+0000] {logging_mixin.py:188} INFO - [2024-03-16T10:10:58.135+0000] {dagbag.py:540} INFO - Filling up the DagBag from /usr/local/lib/python3.8/dist-packages/airflow/example_dags/example_dag_decorator.py
[2024-03-16T10:10:58.205+0000] {processor.py:840} INFO - DAG(s) 'example_dag_decorator' retrieved from /usr/local/lib/python3.8/dist-packages/airflow/example_dags/example_dag_decorator.py
[2024-03-16T10:10:58.220+0000] {logging_mixin.py:188} INFO - [2024-03-16T10:10:58.220+0000] {dag.py:3047} INFO - Sync 1 DAGs
[2024-03-16T10:10:58.229+0000] {logging_mixin.py:188} INFO - [2024-03-16T10:10:58.229+0000] {dag.py:3834} INFO - Setting next_dagrun for example_dag_decorator to None, run_after=None
[2024-03-16T10:10:58.254+0000] {processor.py:183} INFO - Processing /usr/local/lib/python3.8/dist-packages/airflow/example_dags/example_dag_decorator.py took 0.124 seconds
[2024-03-16T10:12:38.275+0000] {processor.py:161} INFO - Started process (PID=2520) to work on /usr/local/lib/python3.8/dist-packages/airflow/example_dags/example_dag_decorator.py
[2024-03-16T10:12:38.277+0000] {processor.py:830} INFO - Processing file /usr/local/lib/python3.8/dist-packages/airflow/example_dags/example_dag_decorator.py for tasks to queue
[2024-03-16T10:12:38.278+0000] {logging_mixin.py:188} INFO - [2024-03-16T10:12:38.278+0000] {dagbag.py:540} INFO - Filling up the DagBag from /usr/local/lib/python3.8/dist-packages/airflow/example_dags/example_dag_decorator.py
[2024-03-16T10:12:38.369+0000] {processor.py:840} INFO - DAG(s) 'example_dag_decorator' retrieved from /usr/local/lib/python3.8/dist-packages/airflow/example_dags/example_dag_decorator.py
[2024-03-16T10:12:38.387+0000] {logging_mixin.py:188} INFO - [2024-03-16T10:12:38.386+0000] {dag.py:3047} INFO - Sync 1 DAGs
[2024-03-16T10:12:38.396+0000] {logging_mixin.py:188} INFO - [2024-03-16T10:12:38.395+0000] {dag.py:3834} INFO - Setting next_dagrun for example_dag_decorator to None, run_after=None
[2024-03-16T10:12:38.421+0000] {processor.py:183} INFO - Processing /usr/local/lib/python3.8/dist-packages/airflow/example_dags/example_dag_decorator.py took 0.149 seconds
[2024-03-16T10:14:15.090+0000] {processor.py:161} INFO - Started process (PID=2691) to work on /usr/local/lib/python3.8/dist-packages/airflow/example_dags/example_dag_decorator.py
[2024-03-16T10:14:15.092+0000] {processor.py:830} INFO - Processing file /usr/local/lib/python3.8/dist-packages/airflow/example_dags/example_dag_decorator.py for tasks to queue
[2024-03-16T10:14:15.093+0000] {logging_mixin.py:188} INFO - [2024-03-16T10:14:15.092+0000] {dagbag.py:540} INFO - Filling up the DagBag from /usr/local/lib/python3.8/dist-packages/airflow/example_dags/example_dag_decorator.py
[2024-03-16T10:14:15.185+0000] {processor.py:840} INFO - DAG(s) 'example_dag_decorator' retrieved from /usr/local/lib/python3.8/dist-packages/airflow/example_dags/example_dag_decorator.py
[2024-03-16T10:14:15.266+0000] {logging_mixin.py:188} INFO - [2024-03-16T10:14:15.266+0000] {dag.py:3047} INFO - Sync 1 DAGs
[2024-03-16T10:14:15.274+0000] {logging_mixin.py:188} INFO - [2024-03-16T10:14:15.273+0000] {dag.py:3834} INFO - Setting next_dagrun for example_dag_decorator to None, run_after=None
[2024-03-16T10:14:15.343+0000] {processor.py:183} INFO - Processing /usr/local/lib/python3.8/dist-packages/airflow/example_dags/example_dag_decorator.py took 0.257 seconds
[2024-03-16T10:15:22.458+0000] {processor.py:161} INFO - Started process (PID=3005) to work on /usr/local/lib/python3.8/dist-packages/airflow/example_dags/example_dag_decorator.py
[2024-03-16T10:15:22.460+0000] {processor.py:830} INFO - Processing file /usr/local/lib/python3.8/dist-packages/airflow/example_dags/example_dag_decorator.py for tasks to queue
[2024-03-16T10:15:22.461+0000] {logging_mixin.py:188} INFO - [2024-03-16T10:15:22.460+0000] {dagbag.py:540} INFO - Filling up the DagBag from /usr/local/lib/python3.8/dist-packages/airflow/example_dags/example_dag_decorator.py
[2024-03-16T10:15:22.552+0000] {processor.py:840} INFO - DAG(s) 'example_dag_decorator' retrieved from /usr/local/lib/python3.8/dist-packages/airflow/example_dags/example_dag_decorator.py
[2024-03-16T10:15:22.653+0000] {logging_mixin.py:188} INFO - [2024-03-16T10:15:22.653+0000] {dag.py:3047} INFO - Sync 1 DAGs
[2024-03-16T10:15:22.661+0000] {logging_mixin.py:188} INFO - [2024-03-16T10:15:22.661+0000] {dag.py:3834} INFO - Setting next_dagrun for example_dag_decorator to None, run_after=None
[2024-03-16T10:15:22.686+0000] {processor.py:183} INFO - Processing /usr/local/lib/python3.8/dist-packages/airflow/example_dags/example_dag_decorator.py took 0.231 seconds
[2024-03-16T10:16:29.387+0000] {processor.py:161} INFO - Started process (PID=3119) to work on /usr/local/lib/python3.8/dist-packages/airflow/example_dags/example_dag_decorator.py
[2024-03-16T10:16:29.389+0000] {processor.py:830} INFO - Processing file /usr/local/lib/python3.8/dist-packages/airflow/example_dags/example_dag_decorator.py for tasks to queue
[2024-03-16T10:16:29.390+0000] {logging_mixin.py:188} INFO - [2024-03-16T10:16:29.389+0000] {dagbag.py:540} INFO - Filling up the DagBag from /usr/local/lib/python3.8/dist-packages/airflow/example_dags/example_dag_decorator.py
[2024-03-16T10:16:29.481+0000] {processor.py:840} INFO - DAG(s) 'example_dag_decorator' retrieved from /usr/local/lib/python3.8/dist-packages/airflow/example_dags/example_dag_decorator.py
[2024-03-16T10:16:29.568+0000] {logging_mixin.py:188} INFO - [2024-03-16T10:16:29.568+0000] {dag.py:3047} INFO - Sync 1 DAGs
[2024-03-16T10:16:29.576+0000] {logging_mixin.py:188} INFO - [2024-03-16T10:16:29.576+0000] {dag.py:3834} INFO - Setting next_dagrun for example_dag_decorator to None, run_after=None
[2024-03-16T10:16:29.602+0000] {processor.py:183} INFO - Processing /usr/local/lib/python3.8/dist-packages/airflow/example_dags/example_dag_decorator.py took 0.218 seconds
