[2024-03-16T09:54:48.677+0000] {processor.py:161} INFO - Started process (PID=755) to work on /usr/local/lib/python3.8/dist-packages/airflow/example_dags/example_dynamic_task_mapping.py
[2024-03-16T09:54:48.678+0000] {processor.py:830} INFO - Processing file /usr/local/lib/python3.8/dist-packages/airflow/example_dags/example_dynamic_task_mapping.py for tasks to queue
[2024-03-16T09:54:48.679+0000] {logging_mixin.py:188} INFO - [2024-03-16T09:54:48.679+0000] {dagbag.py:540} INFO - Filling up the DagBag from /usr/local/lib/python3.8/dist-packages/airflow/example_dags/example_dynamic_task_mapping.py
[2024-03-16T09:54:48.687+0000] {processor.py:840} INFO - DAG(s) 'example_dynamic_task_mapping' retrieved from /usr/local/lib/python3.8/dist-packages/airflow/example_dags/example_dynamic_task_mapping.py
[2024-03-16T09:54:48.786+0000] {logging_mixin.py:188} INFO - [2024-03-16T09:54:48.786+0000] {dag.py:3047} INFO - Sync 1 DAGs
[2024-03-16T09:54:48.800+0000] {logging_mixin.py:188} INFO - [2024-03-16T09:54:48.800+0000] {dag.py:3834} INFO - Setting next_dagrun for example_dynamic_task_mapping to 2022-03-04 00:00:00+00:00, run_after=2022-03-05 00:00:00+00:00
[2024-03-16T09:54:48.824+0000] {processor.py:183} INFO - Processing /usr/local/lib/python3.8/dist-packages/airflow/example_dags/example_dynamic_task_mapping.py took 0.150 seconds
[2024-03-16T09:55:46.905+0000] {processor.py:161} INFO - Started process (PID=880) to work on /usr/local/lib/python3.8/dist-packages/airflow/example_dags/example_dynamic_task_mapping.py
[2024-03-16T09:55:46.907+0000] {processor.py:830} INFO - Processing file /usr/local/lib/python3.8/dist-packages/airflow/example_dags/example_dynamic_task_mapping.py for tasks to queue
[2024-03-16T09:55:46.908+0000] {logging_mixin.py:188} INFO - [2024-03-16T09:55:46.908+0000] {dagbag.py:540} INFO - Filling up the DagBag from /usr/local/lib/python3.8/dist-packages/airflow/example_dags/example_dynamic_task_mapping.py
[2024-03-16T09:55:46.916+0000] {processor.py:840} INFO - DAG(s) 'example_dynamic_task_mapping' retrieved from /usr/local/lib/python3.8/dist-packages/airflow/example_dags/example_dynamic_task_mapping.py
[2024-03-16T09:55:46.932+0000] {logging_mixin.py:188} INFO - [2024-03-16T09:55:46.932+0000] {dag.py:3047} INFO - Sync 1 DAGs
[2024-03-16T09:55:46.955+0000] {logging_mixin.py:188} INFO - [2024-03-16T09:55:46.954+0000] {dag.py:3834} INFO - Setting next_dagrun for example_dynamic_task_mapping to 2022-03-04 00:00:00+00:00, run_after=2022-03-05 00:00:00+00:00
[2024-03-16T09:55:46.982+0000] {processor.py:183} INFO - Processing /usr/local/lib/python3.8/dist-packages/airflow/example_dags/example_dynamic_task_mapping.py took 0.080 seconds
[2024-03-16T09:57:11.139+0000] {processor.py:161} INFO - Started process (PID=984) to work on /usr/local/lib/python3.8/dist-packages/airflow/example_dags/example_dynamic_task_mapping.py
[2024-03-16T09:57:11.141+0000] {processor.py:830} INFO - Processing file /usr/local/lib/python3.8/dist-packages/airflow/example_dags/example_dynamic_task_mapping.py for tasks to queue
[2024-03-16T09:57:11.142+0000] {logging_mixin.py:188} INFO - [2024-03-16T09:57:11.142+0000] {dagbag.py:540} INFO - Filling up the DagBag from /usr/local/lib/python3.8/dist-packages/airflow/example_dags/example_dynamic_task_mapping.py
[2024-03-16T09:57:11.150+0000] {processor.py:840} INFO - DAG(s) 'example_dynamic_task_mapping' retrieved from /usr/local/lib/python3.8/dist-packages/airflow/example_dags/example_dynamic_task_mapping.py
[2024-03-16T09:57:11.166+0000] {logging_mixin.py:188} INFO - [2024-03-16T09:57:11.166+0000] {dag.py:3047} INFO - Sync 1 DAGs
[2024-03-16T09:57:11.188+0000] {logging_mixin.py:188} INFO - [2024-03-16T09:57:11.187+0000] {dag.py:3834} INFO - Setting next_dagrun for example_dynamic_task_mapping to 2022-03-04 00:00:00+00:00, run_after=2022-03-05 00:00:00+00:00
[2024-03-16T09:57:11.256+0000] {processor.py:183} INFO - Processing /usr/local/lib/python3.8/dist-packages/airflow/example_dags/example_dynamic_task_mapping.py took 0.120 seconds
[2024-03-16T09:58:26.759+0000] {processor.py:161} INFO - Started process (PID=1101) to work on /usr/local/lib/python3.8/dist-packages/airflow/example_dags/example_dynamic_task_mapping.py
[2024-03-16T09:58:26.761+0000] {processor.py:830} INFO - Processing file /usr/local/lib/python3.8/dist-packages/airflow/example_dags/example_dynamic_task_mapping.py for tasks to queue
[2024-03-16T09:58:26.762+0000] {logging_mixin.py:188} INFO - [2024-03-16T09:58:26.762+0000] {dagbag.py:540} INFO - Filling up the DagBag from /usr/local/lib/python3.8/dist-packages/airflow/example_dags/example_dynamic_task_mapping.py
[2024-03-16T09:58:26.770+0000] {processor.py:840} INFO - DAG(s) 'example_dynamic_task_mapping' retrieved from /usr/local/lib/python3.8/dist-packages/airflow/example_dags/example_dynamic_task_mapping.py
[2024-03-16T09:58:26.785+0000] {logging_mixin.py:188} INFO - [2024-03-16T09:58:26.785+0000] {dag.py:3047} INFO - Sync 1 DAGs
[2024-03-16T09:58:26.807+0000] {logging_mixin.py:188} INFO - [2024-03-16T09:58:26.807+0000] {dag.py:3834} INFO - Setting next_dagrun for example_dynamic_task_mapping to 2022-03-04 00:00:00+00:00, run_after=2022-03-05 00:00:00+00:00
[2024-03-16T09:58:26.837+0000] {processor.py:183} INFO - Processing /usr/local/lib/python3.8/dist-packages/airflow/example_dags/example_dynamic_task_mapping.py took 0.081 seconds
[2024-03-16T10:04:15.691+0000] {processor.py:161} INFO - Started process (PID=1647) to work on /usr/local/lib/python3.8/dist-packages/airflow/example_dags/example_dynamic_task_mapping.py
[2024-03-16T10:04:15.693+0000] {processor.py:830} INFO - Processing file /usr/local/lib/python3.8/dist-packages/airflow/example_dags/example_dynamic_task_mapping.py for tasks to queue
[2024-03-16T10:04:15.694+0000] {logging_mixin.py:188} INFO - [2024-03-16T10:04:15.694+0000] {dagbag.py:540} INFO - Filling up the DagBag from /usr/local/lib/python3.8/dist-packages/airflow/example_dags/example_dynamic_task_mapping.py
[2024-03-16T10:04:15.801+0000] {processor.py:840} INFO - DAG(s) 'example_dynamic_task_mapping' retrieved from /usr/local/lib/python3.8/dist-packages/airflow/example_dags/example_dynamic_task_mapping.py
[2024-03-16T10:04:15.810+0000] {logging_mixin.py:188} INFO - [2024-03-16T10:04:15.810+0000] {dag.py:3047} INFO - Sync 1 DAGs
[2024-03-16T10:04:15.824+0000] {logging_mixin.py:188} INFO - [2024-03-16T10:04:15.824+0000] {dag.py:3834} INFO - Setting next_dagrun for example_dynamic_task_mapping to 2022-03-04 00:00:00+00:00, run_after=2022-03-05 00:00:00+00:00
[2024-03-16T10:04:15.847+0000] {processor.py:183} INFO - Processing /usr/local/lib/python3.8/dist-packages/airflow/example_dags/example_dynamic_task_mapping.py took 0.159 seconds
[2024-03-16T10:05:44.635+0000] {processor.py:161} INFO - Started process (PID=1816) to work on /usr/local/lib/python3.8/dist-packages/airflow/example_dags/example_dynamic_task_mapping.py
[2024-03-16T10:05:44.637+0000] {processor.py:830} INFO - Processing file /usr/local/lib/python3.8/dist-packages/airflow/example_dags/example_dynamic_task_mapping.py for tasks to queue
[2024-03-16T10:05:44.638+0000] {logging_mixin.py:188} INFO - [2024-03-16T10:05:44.637+0000] {dagbag.py:540} INFO - Filling up the DagBag from /usr/local/lib/python3.8/dist-packages/airflow/example_dags/example_dynamic_task_mapping.py
[2024-03-16T10:05:44.646+0000] {processor.py:840} INFO - DAG(s) 'example_dynamic_task_mapping' retrieved from /usr/local/lib/python3.8/dist-packages/airflow/example_dags/example_dynamic_task_mapping.py
[2024-03-16T10:05:44.661+0000] {logging_mixin.py:188} INFO - [2024-03-16T10:05:44.661+0000] {dag.py:3047} INFO - Sync 1 DAGs
[2024-03-16T10:05:44.682+0000] {logging_mixin.py:188} INFO - [2024-03-16T10:05:44.682+0000] {dag.py:3834} INFO - Setting next_dagrun for example_dynamic_task_mapping to 2022-03-04 00:00:00+00:00, run_after=2022-03-05 00:00:00+00:00
[2024-03-16T10:05:44.713+0000] {processor.py:183} INFO - Processing /usr/local/lib/python3.8/dist-packages/airflow/example_dags/example_dynamic_task_mapping.py took 0.082 seconds
[2024-03-16T10:06:47.770+0000] {processor.py:161} INFO - Started process (PID=1921) to work on /usr/local/lib/python3.8/dist-packages/airflow/example_dags/example_dynamic_task_mapping.py
[2024-03-16T10:06:47.772+0000] {processor.py:830} INFO - Processing file /usr/local/lib/python3.8/dist-packages/airflow/example_dags/example_dynamic_task_mapping.py for tasks to queue
[2024-03-16T10:06:47.773+0000] {logging_mixin.py:188} INFO - [2024-03-16T10:06:47.773+0000] {dagbag.py:540} INFO - Filling up the DagBag from /usr/local/lib/python3.8/dist-packages/airflow/example_dags/example_dynamic_task_mapping.py
[2024-03-16T10:06:47.781+0000] {processor.py:840} INFO - DAG(s) 'example_dynamic_task_mapping' retrieved from /usr/local/lib/python3.8/dist-packages/airflow/example_dags/example_dynamic_task_mapping.py
[2024-03-16T10:06:47.797+0000] {logging_mixin.py:188} INFO - [2024-03-16T10:06:47.797+0000] {dag.py:3047} INFO - Sync 1 DAGs
[2024-03-16T10:06:47.818+0000] {logging_mixin.py:188} INFO - [2024-03-16T10:06:47.818+0000] {dag.py:3834} INFO - Setting next_dagrun for example_dynamic_task_mapping to 2022-03-04 00:00:00+00:00, run_after=2022-03-05 00:00:00+00:00
[2024-03-16T10:06:47.849+0000] {processor.py:183} INFO - Processing /usr/local/lib/python3.8/dist-packages/airflow/example_dags/example_dynamic_task_mapping.py took 0.082 seconds
[2024-03-16T10:07:45.854+0000] {processor.py:161} INFO - Started process (PID=2024) to work on /usr/local/lib/python3.8/dist-packages/airflow/example_dags/example_dynamic_task_mapping.py
[2024-03-16T10:07:45.855+0000] {processor.py:830} INFO - Processing file /usr/local/lib/python3.8/dist-packages/airflow/example_dags/example_dynamic_task_mapping.py for tasks to queue
[2024-03-16T10:07:45.856+0000] {logging_mixin.py:188} INFO - [2024-03-16T10:07:45.856+0000] {dagbag.py:540} INFO - Filling up the DagBag from /usr/local/lib/python3.8/dist-packages/airflow/example_dags/example_dynamic_task_mapping.py
[2024-03-16T10:07:45.864+0000] {processor.py:840} INFO - DAG(s) 'example_dynamic_task_mapping' retrieved from /usr/local/lib/python3.8/dist-packages/airflow/example_dags/example_dynamic_task_mapping.py
[2024-03-16T10:07:45.880+0000] {logging_mixin.py:188} INFO - [2024-03-16T10:07:45.880+0000] {dag.py:3047} INFO - Sync 1 DAGs
[2024-03-16T10:07:45.902+0000] {logging_mixin.py:188} INFO - [2024-03-16T10:07:45.901+0000] {dag.py:3834} INFO - Setting next_dagrun for example_dynamic_task_mapping to 2022-03-04 00:00:00+00:00, run_after=2022-03-05 00:00:00+00:00
[2024-03-16T10:07:45.931+0000] {processor.py:183} INFO - Processing /usr/local/lib/python3.8/dist-packages/airflow/example_dags/example_dynamic_task_mapping.py took 0.081 seconds
[2024-03-16T10:08:52.582+0000] {processor.py:161} INFO - Started process (PID=2130) to work on /usr/local/lib/python3.8/dist-packages/airflow/example_dags/example_dynamic_task_mapping.py
[2024-03-16T10:08:52.583+0000] {processor.py:830} INFO - Processing file /usr/local/lib/python3.8/dist-packages/airflow/example_dags/example_dynamic_task_mapping.py for tasks to queue
[2024-03-16T10:08:52.584+0000] {logging_mixin.py:188} INFO - [2024-03-16T10:08:52.584+0000] {dagbag.py:540} INFO - Filling up the DagBag from /usr/local/lib/python3.8/dist-packages/airflow/example_dags/example_dynamic_task_mapping.py
[2024-03-16T10:08:52.590+0000] {processor.py:840} INFO - DAG(s) 'example_dynamic_task_mapping' retrieved from /usr/local/lib/python3.8/dist-packages/airflow/example_dags/example_dynamic_task_mapping.py
[2024-03-16T10:08:52.603+0000] {logging_mixin.py:188} INFO - [2024-03-16T10:08:52.603+0000] {dag.py:3047} INFO - Sync 1 DAGs
[2024-03-16T10:08:52.620+0000] {logging_mixin.py:188} INFO - [2024-03-16T10:08:52.619+0000] {dag.py:3834} INFO - Setting next_dagrun for example_dynamic_task_mapping to 2022-03-04 00:00:00+00:00, run_after=2022-03-05 00:00:00+00:00
[2024-03-16T10:08:52.644+0000] {processor.py:183} INFO - Processing /usr/local/lib/python3.8/dist-packages/airflow/example_dags/example_dynamic_task_mapping.py took 0.065 seconds
[2024-03-16T10:09:53.536+0000] {processor.py:161} INFO - Started process (PID=2235) to work on /usr/local/lib/python3.8/dist-packages/airflow/example_dags/example_dynamic_task_mapping.py
[2024-03-16T10:09:53.538+0000] {processor.py:830} INFO - Processing file /usr/local/lib/python3.8/dist-packages/airflow/example_dags/example_dynamic_task_mapping.py for tasks to queue
[2024-03-16T10:09:53.539+0000] {logging_mixin.py:188} INFO - [2024-03-16T10:09:53.538+0000] {dagbag.py:540} INFO - Filling up the DagBag from /usr/local/lib/python3.8/dist-packages/airflow/example_dags/example_dynamic_task_mapping.py
[2024-03-16T10:09:53.547+0000] {processor.py:840} INFO - DAG(s) 'example_dynamic_task_mapping' retrieved from /usr/local/lib/python3.8/dist-packages/airflow/example_dags/example_dynamic_task_mapping.py
[2024-03-16T10:09:53.562+0000] {logging_mixin.py:188} INFO - [2024-03-16T10:09:53.562+0000] {dag.py:3047} INFO - Sync 1 DAGs
[2024-03-16T10:09:53.581+0000] {logging_mixin.py:188} INFO - [2024-03-16T10:09:53.580+0000] {dag.py:3834} INFO - Setting next_dagrun for example_dynamic_task_mapping to 2022-03-04 00:00:00+00:00, run_after=2022-03-05 00:00:00+00:00
[2024-03-16T10:09:53.606+0000] {processor.py:183} INFO - Processing /usr/local/lib/python3.8/dist-packages/airflow/example_dags/example_dynamic_task_mapping.py took 0.073 seconds
[2024-03-16T10:11:04.919+0000] {processor.py:161} INFO - Started process (PID=2340) to work on /usr/local/lib/python3.8/dist-packages/airflow/example_dags/example_dynamic_task_mapping.py
[2024-03-16T10:11:04.921+0000] {processor.py:830} INFO - Processing file /usr/local/lib/python3.8/dist-packages/airflow/example_dags/example_dynamic_task_mapping.py for tasks to queue
[2024-03-16T10:11:04.922+0000] {logging_mixin.py:188} INFO - [2024-03-16T10:11:04.922+0000] {dagbag.py:540} INFO - Filling up the DagBag from /usr/local/lib/python3.8/dist-packages/airflow/example_dags/example_dynamic_task_mapping.py
[2024-03-16T10:11:04.930+0000] {processor.py:840} INFO - DAG(s) 'example_dynamic_task_mapping' retrieved from /usr/local/lib/python3.8/dist-packages/airflow/example_dags/example_dynamic_task_mapping.py
[2024-03-16T10:11:04.946+0000] {logging_mixin.py:188} INFO - [2024-03-16T10:11:04.945+0000] {dag.py:3047} INFO - Sync 1 DAGs
[2024-03-16T10:11:04.968+0000] {logging_mixin.py:188} INFO - [2024-03-16T10:11:04.967+0000] {dag.py:3834} INFO - Setting next_dagrun for example_dynamic_task_mapping to 2022-03-04 00:00:00+00:00, run_after=2022-03-05 00:00:00+00:00
[2024-03-16T10:11:05.275+0000] {processor.py:183} INFO - Processing /usr/local/lib/python3.8/dist-packages/airflow/example_dags/example_dynamic_task_mapping.py took 0.359 seconds
[2024-03-16T10:12:43.452+0000] {processor.py:161} INFO - Started process (PID=2525) to work on /usr/local/lib/python3.8/dist-packages/airflow/example_dags/example_dynamic_task_mapping.py
[2024-03-16T10:12:43.454+0000] {processor.py:830} INFO - Processing file /usr/local/lib/python3.8/dist-packages/airflow/example_dags/example_dynamic_task_mapping.py for tasks to queue
[2024-03-16T10:12:43.455+0000] {logging_mixin.py:188} INFO - [2024-03-16T10:12:43.455+0000] {dagbag.py:540} INFO - Filling up the DagBag from /usr/local/lib/python3.8/dist-packages/airflow/example_dags/example_dynamic_task_mapping.py
[2024-03-16T10:12:43.464+0000] {processor.py:840} INFO - DAG(s) 'example_dynamic_task_mapping' retrieved from /usr/local/lib/python3.8/dist-packages/airflow/example_dags/example_dynamic_task_mapping.py
[2024-03-16T10:12:43.482+0000] {logging_mixin.py:188} INFO - [2024-03-16T10:12:43.481+0000] {dag.py:3047} INFO - Sync 1 DAGs
[2024-03-16T10:12:43.507+0000] {logging_mixin.py:188} INFO - [2024-03-16T10:12:43.507+0000] {dag.py:3834} INFO - Setting next_dagrun for example_dynamic_task_mapping to 2022-03-04 00:00:00+00:00, run_after=2022-03-05 00:00:00+00:00
[2024-03-16T10:12:43.541+0000] {processor.py:183} INFO - Processing /usr/local/lib/python3.8/dist-packages/airflow/example_dags/example_dynamic_task_mapping.py took 0.093 seconds
[2024-03-16T10:14:20.453+0000] {processor.py:161} INFO - Started process (PID=2696) to work on /usr/local/lib/python3.8/dist-packages/airflow/example_dags/example_dynamic_task_mapping.py
[2024-03-16T10:14:20.455+0000] {processor.py:830} INFO - Processing file /usr/local/lib/python3.8/dist-packages/airflow/example_dags/example_dynamic_task_mapping.py for tasks to queue
[2024-03-16T10:14:20.455+0000] {logging_mixin.py:188} INFO - [2024-03-16T10:14:20.455+0000] {dagbag.py:540} INFO - Filling up the DagBag from /usr/local/lib/python3.8/dist-packages/airflow/example_dags/example_dynamic_task_mapping.py
[2024-03-16T10:14:20.463+0000] {processor.py:840} INFO - DAG(s) 'example_dynamic_task_mapping' retrieved from /usr/local/lib/python3.8/dist-packages/airflow/example_dags/example_dynamic_task_mapping.py
[2024-03-16T10:14:20.479+0000] {logging_mixin.py:188} INFO - [2024-03-16T10:14:20.478+0000] {dag.py:3047} INFO - Sync 1 DAGs
[2024-03-16T10:14:20.501+0000] {logging_mixin.py:188} INFO - [2024-03-16T10:14:20.500+0000] {dag.py:3834} INFO - Setting next_dagrun for example_dynamic_task_mapping to 2022-03-04 00:00:00+00:00, run_after=2022-03-05 00:00:00+00:00
[2024-03-16T10:14:20.553+0000] {processor.py:183} INFO - Processing /usr/local/lib/python3.8/dist-packages/airflow/example_dags/example_dynamic_task_mapping.py took 0.103 seconds
[2024-03-16T10:15:28.466+0000] {processor.py:161} INFO - Started process (PID=3010) to work on /usr/local/lib/python3.8/dist-packages/airflow/example_dags/example_dynamic_task_mapping.py
[2024-03-16T10:15:28.468+0000] {processor.py:830} INFO - Processing file /usr/local/lib/python3.8/dist-packages/airflow/example_dags/example_dynamic_task_mapping.py for tasks to queue
[2024-03-16T10:15:28.469+0000] {logging_mixin.py:188} INFO - [2024-03-16T10:15:28.468+0000] {dagbag.py:540} INFO - Filling up the DagBag from /usr/local/lib/python3.8/dist-packages/airflow/example_dags/example_dynamic_task_mapping.py
[2024-03-16T10:15:28.477+0000] {processor.py:840} INFO - DAG(s) 'example_dynamic_task_mapping' retrieved from /usr/local/lib/python3.8/dist-packages/airflow/example_dags/example_dynamic_task_mapping.py
[2024-03-16T10:15:28.492+0000] {logging_mixin.py:188} INFO - [2024-03-16T10:15:28.492+0000] {dag.py:3047} INFO - Sync 1 DAGs
[2024-03-16T10:15:28.514+0000] {logging_mixin.py:188} INFO - [2024-03-16T10:15:28.513+0000] {dag.py:3834} INFO - Setting next_dagrun for example_dynamic_task_mapping to 2022-03-04 00:00:00+00:00, run_after=2022-03-05 00:00:00+00:00
[2024-03-16T10:15:28.543+0000] {processor.py:183} INFO - Processing /usr/local/lib/python3.8/dist-packages/airflow/example_dags/example_dynamic_task_mapping.py took 0.080 seconds
[2024-03-16T10:16:34.703+0000] {processor.py:161} INFO - Started process (PID=3124) to work on /usr/local/lib/python3.8/dist-packages/airflow/example_dags/example_dynamic_task_mapping.py
[2024-03-16T10:16:34.705+0000] {processor.py:830} INFO - Processing file /usr/local/lib/python3.8/dist-packages/airflow/example_dags/example_dynamic_task_mapping.py for tasks to queue
[2024-03-16T10:16:34.706+0000] {logging_mixin.py:188} INFO - [2024-03-16T10:16:34.705+0000] {dagbag.py:540} INFO - Filling up the DagBag from /usr/local/lib/python3.8/dist-packages/airflow/example_dags/example_dynamic_task_mapping.py
[2024-03-16T10:16:34.713+0000] {processor.py:840} INFO - DAG(s) 'example_dynamic_task_mapping' retrieved from /usr/local/lib/python3.8/dist-packages/airflow/example_dags/example_dynamic_task_mapping.py
[2024-03-16T10:16:34.729+0000] {logging_mixin.py:188} INFO - [2024-03-16T10:16:34.728+0000] {dag.py:3047} INFO - Sync 1 DAGs
[2024-03-16T10:16:34.751+0000] {logging_mixin.py:188} INFO - [2024-03-16T10:16:34.750+0000] {dag.py:3834} INFO - Setting next_dagrun for example_dynamic_task_mapping to 2022-03-04 00:00:00+00:00, run_after=2022-03-05 00:00:00+00:00
[2024-03-16T10:16:34.780+0000] {processor.py:183} INFO - Processing /usr/local/lib/python3.8/dist-packages/airflow/example_dags/example_dynamic_task_mapping.py took 0.080 seconds
