[2024-03-16T09:54:35.051+0000] {processor.py:161} INFO - Started process (PID=742) to work on /usr/local/lib/python3.8/dist-packages/airflow/example_dags/example_time_delta_sensor_async.py
[2024-03-16T09:54:35.052+0000] {processor.py:830} INFO - Processing file /usr/local/lib/python3.8/dist-packages/airflow/example_dags/example_time_delta_sensor_async.py for tasks to queue
[2024-03-16T09:54:35.053+0000] {logging_mixin.py:188} INFO - [2024-03-16T09:54:35.052+0000] {dagbag.py:540} INFO - Filling up the DagBag from /usr/local/lib/python3.8/dist-packages/airflow/example_dags/example_time_delta_sensor_async.py
[2024-03-16T09:54:35.058+0000] {processor.py:840} INFO - DAG(s) 'example_time_delta_sensor_async' retrieved from /usr/local/lib/python3.8/dist-packages/airflow/example_dags/example_time_delta_sensor_async.py
[2024-03-16T09:54:35.077+0000] {logging_mixin.py:188} INFO - [2024-03-16T09:54:35.077+0000] {dag.py:3047} INFO - Sync 1 DAGs
[2024-03-16T09:54:35.179+0000] {logging_mixin.py:188} INFO - [2024-03-16T09:54:35.179+0000] {dag.py:3834} INFO - Setting next_dagrun for example_time_delta_sensor_async to None, run_after=None
[2024-03-16T09:54:35.204+0000] {processor.py:183} INFO - Processing /usr/local/lib/python3.8/dist-packages/airflow/example_dags/example_time_delta_sensor_async.py took 0.156 seconds
[2024-03-16T09:55:34.806+0000] {processor.py:161} INFO - Started process (PID=833) to work on /usr/local/lib/python3.8/dist-packages/airflow/example_dags/example_time_delta_sensor_async.py
[2024-03-16T09:55:34.809+0000] {processor.py:830} INFO - Processing file /usr/local/lib/python3.8/dist-packages/airflow/example_dags/example_time_delta_sensor_async.py for tasks to queue
[2024-03-16T09:55:34.810+0000] {logging_mixin.py:188} INFO - [2024-03-16T09:55:34.809+0000] {dagbag.py:540} INFO - Filling up the DagBag from /usr/local/lib/python3.8/dist-packages/airflow/example_dags/example_time_delta_sensor_async.py
[2024-03-16T09:55:34.815+0000] {processor.py:840} INFO - DAG(s) 'example_time_delta_sensor_async' retrieved from /usr/local/lib/python3.8/dist-packages/airflow/example_dags/example_time_delta_sensor_async.py
[2024-03-16T09:55:34.832+0000] {logging_mixin.py:188} INFO - [2024-03-16T09:55:34.831+0000] {dag.py:3047} INFO - Sync 1 DAGs
[2024-03-16T09:55:34.845+0000] {logging_mixin.py:188} INFO - [2024-03-16T09:55:34.845+0000] {dag.py:3834} INFO - Setting next_dagrun for example_time_delta_sensor_async to None, run_after=None
[2024-03-16T09:55:34.878+0000] {processor.py:183} INFO - Processing /usr/local/lib/python3.8/dist-packages/airflow/example_dags/example_time_delta_sensor_async.py took 0.075 seconds
[2024-03-16T09:56:54.059+0000] {processor.py:161} INFO - Started process (PID=971) to work on /usr/local/lib/python3.8/dist-packages/airflow/example_dags/example_time_delta_sensor_async.py
[2024-03-16T09:56:54.062+0000] {processor.py:830} INFO - Processing file /usr/local/lib/python3.8/dist-packages/airflow/example_dags/example_time_delta_sensor_async.py for tasks to queue
[2024-03-16T09:56:54.063+0000] {logging_mixin.py:188} INFO - [2024-03-16T09:56:54.062+0000] {dagbag.py:540} INFO - Filling up the DagBag from /usr/local/lib/python3.8/dist-packages/airflow/example_dags/example_time_delta_sensor_async.py
[2024-03-16T09:56:54.068+0000] {processor.py:840} INFO - DAG(s) 'example_time_delta_sensor_async' retrieved from /usr/local/lib/python3.8/dist-packages/airflow/example_dags/example_time_delta_sensor_async.py
[2024-03-16T09:56:54.085+0000] {logging_mixin.py:188} INFO - [2024-03-16T09:56:54.085+0000] {dag.py:3047} INFO - Sync 1 DAGs
[2024-03-16T09:56:54.099+0000] {logging_mixin.py:188} INFO - [2024-03-16T09:56:54.099+0000] {dag.py:3834} INFO - Setting next_dagrun for example_time_delta_sensor_async to None, run_after=None
[2024-03-16T09:56:54.216+0000] {processor.py:183} INFO - Processing /usr/local/lib/python3.8/dist-packages/airflow/example_dags/example_time_delta_sensor_async.py took 0.160 seconds
[2024-03-16T09:57:57.974+0000] {processor.py:161} INFO - Started process (PID=1054) to work on /usr/local/lib/python3.8/dist-packages/airflow/example_dags/example_time_delta_sensor_async.py
[2024-03-16T09:57:57.977+0000] {processor.py:830} INFO - Processing file /usr/local/lib/python3.8/dist-packages/airflow/example_dags/example_time_delta_sensor_async.py for tasks to queue
[2024-03-16T09:57:57.978+0000] {logging_mixin.py:188} INFO - [2024-03-16T09:57:57.977+0000] {dagbag.py:540} INFO - Filling up the DagBag from /usr/local/lib/python3.8/dist-packages/airflow/example_dags/example_time_delta_sensor_async.py
[2024-03-16T09:57:57.983+0000] {processor.py:840} INFO - DAG(s) 'example_time_delta_sensor_async' retrieved from /usr/local/lib/python3.8/dist-packages/airflow/example_dags/example_time_delta_sensor_async.py
[2024-03-16T09:57:58.000+0000] {logging_mixin.py:188} INFO - [2024-03-16T09:57:58.000+0000] {dag.py:3047} INFO - Sync 1 DAGs
[2024-03-16T09:57:58.013+0000] {logging_mixin.py:188} INFO - [2024-03-16T09:57:58.013+0000] {dag.py:3834} INFO - Setting next_dagrun for example_time_delta_sensor_async to None, run_after=None
[2024-03-16T09:57:58.042+0000] {processor.py:183} INFO - Processing /usr/local/lib/python3.8/dist-packages/airflow/example_dags/example_time_delta_sensor_async.py took 0.071 seconds
[2024-03-16T10:03:28.211+0000] {processor.py:161} INFO - Started process (PID=1568) to work on /usr/local/lib/python3.8/dist-packages/airflow/example_dags/example_time_delta_sensor_async.py
[2024-03-16T10:03:28.213+0000] {processor.py:830} INFO - Processing file /usr/local/lib/python3.8/dist-packages/airflow/example_dags/example_time_delta_sensor_async.py for tasks to queue
[2024-03-16T10:03:28.214+0000] {logging_mixin.py:188} INFO - [2024-03-16T10:03:28.213+0000] {dagbag.py:540} INFO - Filling up the DagBag from /usr/local/lib/python3.8/dist-packages/airflow/example_dags/example_time_delta_sensor_async.py
[2024-03-16T10:03:28.218+0000] {processor.py:840} INFO - DAG(s) 'example_time_delta_sensor_async' retrieved from /usr/local/lib/python3.8/dist-packages/airflow/example_dags/example_time_delta_sensor_async.py
[2024-03-16T10:03:28.236+0000] {logging_mixin.py:188} INFO - [2024-03-16T10:03:28.236+0000] {dag.py:3047} INFO - Sync 1 DAGs
[2024-03-16T10:03:28.329+0000] {logging_mixin.py:188} INFO - [2024-03-16T10:03:28.328+0000] {dag.py:3834} INFO - Setting next_dagrun for example_time_delta_sensor_async to None, run_after=None
[2024-03-16T10:03:28.353+0000] {processor.py:183} INFO - Processing /usr/local/lib/python3.8/dist-packages/airflow/example_dags/example_time_delta_sensor_async.py took 0.145 seconds
[2024-03-16T10:05:31.258+0000] {processor.py:161} INFO - Started process (PID=1803) to work on /usr/local/lib/python3.8/dist-packages/airflow/example_dags/example_time_delta_sensor_async.py
[2024-03-16T10:05:31.260+0000] {processor.py:830} INFO - Processing file /usr/local/lib/python3.8/dist-packages/airflow/example_dags/example_time_delta_sensor_async.py for tasks to queue
[2024-03-16T10:05:31.261+0000] {logging_mixin.py:188} INFO - [2024-03-16T10:05:31.261+0000] {dagbag.py:540} INFO - Filling up the DagBag from /usr/local/lib/python3.8/dist-packages/airflow/example_dags/example_time_delta_sensor_async.py
[2024-03-16T10:05:31.266+0000] {processor.py:840} INFO - DAG(s) 'example_time_delta_sensor_async' retrieved from /usr/local/lib/python3.8/dist-packages/airflow/example_dags/example_time_delta_sensor_async.py
[2024-03-16T10:05:31.279+0000] {logging_mixin.py:188} INFO - [2024-03-16T10:05:31.278+0000] {dag.py:3047} INFO - Sync 1 DAGs
[2024-03-16T10:05:31.288+0000] {logging_mixin.py:188} INFO - [2024-03-16T10:05:31.288+0000] {dag.py:3834} INFO - Setting next_dagrun for example_time_delta_sensor_async to None, run_after=None
[2024-03-16T10:05:31.313+0000] {processor.py:183} INFO - Processing /usr/local/lib/python3.8/dist-packages/airflow/example_dags/example_time_delta_sensor_async.py took 0.058 seconds
[2024-03-16T10:06:33.937+0000] {processor.py:161} INFO - Started process (PID=1908) to work on /usr/local/lib/python3.8/dist-packages/airflow/example_dags/example_time_delta_sensor_async.py
[2024-03-16T10:06:33.939+0000] {processor.py:830} INFO - Processing file /usr/local/lib/python3.8/dist-packages/airflow/example_dags/example_time_delta_sensor_async.py for tasks to queue
[2024-03-16T10:06:33.940+0000] {logging_mixin.py:188} INFO - [2024-03-16T10:06:33.939+0000] {dagbag.py:540} INFO - Filling up the DagBag from /usr/local/lib/python3.8/dist-packages/airflow/example_dags/example_time_delta_sensor_async.py
[2024-03-16T10:06:33.945+0000] {processor.py:840} INFO - DAG(s) 'example_time_delta_sensor_async' retrieved from /usr/local/lib/python3.8/dist-packages/airflow/example_dags/example_time_delta_sensor_async.py
[2024-03-16T10:06:33.962+0000] {logging_mixin.py:188} INFO - [2024-03-16T10:06:33.961+0000] {dag.py:3047} INFO - Sync 1 DAGs
[2024-03-16T10:06:33.975+0000] {logging_mixin.py:188} INFO - [2024-03-16T10:06:33.974+0000] {dag.py:3834} INFO - Setting next_dagrun for example_time_delta_sensor_async to None, run_after=None
[2024-03-16T10:06:33.999+0000] {processor.py:183} INFO - Processing /usr/local/lib/python3.8/dist-packages/airflow/example_dags/example_time_delta_sensor_async.py took 0.065 seconds
[2024-03-16T10:07:34.086+0000] {processor.py:161} INFO - Started process (PID=2011) to work on /usr/local/lib/python3.8/dist-packages/airflow/example_dags/example_time_delta_sensor_async.py
[2024-03-16T10:07:34.088+0000] {processor.py:830} INFO - Processing file /usr/local/lib/python3.8/dist-packages/airflow/example_dags/example_time_delta_sensor_async.py for tasks to queue
[2024-03-16T10:07:34.089+0000] {logging_mixin.py:188} INFO - [2024-03-16T10:07:34.089+0000] {dagbag.py:540} INFO - Filling up the DagBag from /usr/local/lib/python3.8/dist-packages/airflow/example_dags/example_time_delta_sensor_async.py
[2024-03-16T10:07:34.094+0000] {processor.py:840} INFO - DAG(s) 'example_time_delta_sensor_async' retrieved from /usr/local/lib/python3.8/dist-packages/airflow/example_dags/example_time_delta_sensor_async.py
[2024-03-16T10:07:34.111+0000] {logging_mixin.py:188} INFO - [2024-03-16T10:07:34.111+0000] {dag.py:3047} INFO - Sync 1 DAGs
[2024-03-16T10:07:34.124+0000] {logging_mixin.py:188} INFO - [2024-03-16T10:07:34.124+0000] {dag.py:3834} INFO - Setting next_dagrun for example_time_delta_sensor_async to None, run_after=None
[2024-03-16T10:07:34.153+0000] {processor.py:183} INFO - Processing /usr/local/lib/python3.8/dist-packages/airflow/example_dags/example_time_delta_sensor_async.py took 0.070 seconds
[2024-03-16T10:08:38.586+0000] {processor.py:161} INFO - Started process (PID=2117) to work on /usr/local/lib/python3.8/dist-packages/airflow/example_dags/example_time_delta_sensor_async.py
[2024-03-16T10:08:38.588+0000] {processor.py:830} INFO - Processing file /usr/local/lib/python3.8/dist-packages/airflow/example_dags/example_time_delta_sensor_async.py for tasks to queue
[2024-03-16T10:08:38.589+0000] {logging_mixin.py:188} INFO - [2024-03-16T10:08:38.588+0000] {dagbag.py:540} INFO - Filling up the DagBag from /usr/local/lib/python3.8/dist-packages/airflow/example_dags/example_time_delta_sensor_async.py
[2024-03-16T10:08:38.594+0000] {processor.py:840} INFO - DAG(s) 'example_time_delta_sensor_async' retrieved from /usr/local/lib/python3.8/dist-packages/airflow/example_dags/example_time_delta_sensor_async.py
[2024-03-16T10:08:38.610+0000] {logging_mixin.py:188} INFO - [2024-03-16T10:08:38.610+0000] {dag.py:3047} INFO - Sync 1 DAGs
[2024-03-16T10:08:38.624+0000] {logging_mixin.py:188} INFO - [2024-03-16T10:08:38.623+0000] {dag.py:3834} INFO - Setting next_dagrun for example_time_delta_sensor_async to None, run_after=None
[2024-03-16T10:08:38.654+0000] {processor.py:183} INFO - Processing /usr/local/lib/python3.8/dist-packages/airflow/example_dags/example_time_delta_sensor_async.py took 0.072 seconds
[2024-03-16T10:09:41.510+0000] {processor.py:161} INFO - Started process (PID=2222) to work on /usr/local/lib/python3.8/dist-packages/airflow/example_dags/example_time_delta_sensor_async.py
[2024-03-16T10:09:41.513+0000] {processor.py:830} INFO - Processing file /usr/local/lib/python3.8/dist-packages/airflow/example_dags/example_time_delta_sensor_async.py for tasks to queue
[2024-03-16T10:09:41.514+0000] {logging_mixin.py:188} INFO - [2024-03-16T10:09:41.513+0000] {dagbag.py:540} INFO - Filling up the DagBag from /usr/local/lib/python3.8/dist-packages/airflow/example_dags/example_time_delta_sensor_async.py
[2024-03-16T10:09:41.519+0000] {processor.py:840} INFO - DAG(s) 'example_time_delta_sensor_async' retrieved from /usr/local/lib/python3.8/dist-packages/airflow/example_dags/example_time_delta_sensor_async.py
[2024-03-16T10:09:41.535+0000] {logging_mixin.py:188} INFO - [2024-03-16T10:09:41.535+0000] {dag.py:3047} INFO - Sync 1 DAGs
[2024-03-16T10:09:41.548+0000] {logging_mixin.py:188} INFO - [2024-03-16T10:09:41.548+0000] {dag.py:3834} INFO - Setting next_dagrun for example_time_delta_sensor_async to None, run_after=None
[2024-03-16T10:09:41.579+0000] {processor.py:183} INFO - Processing /usr/local/lib/python3.8/dist-packages/airflow/example_dags/example_time_delta_sensor_async.py took 0.071 seconds
[2024-03-16T10:10:46.691+0000] {processor.py:161} INFO - Started process (PID=2327) to work on /usr/local/lib/python3.8/dist-packages/airflow/example_dags/example_time_delta_sensor_async.py
[2024-03-16T10:10:46.693+0000] {processor.py:830} INFO - Processing file /usr/local/lib/python3.8/dist-packages/airflow/example_dags/example_time_delta_sensor_async.py for tasks to queue
[2024-03-16T10:10:46.694+0000] {logging_mixin.py:188} INFO - [2024-03-16T10:10:46.694+0000] {dagbag.py:540} INFO - Filling up the DagBag from /usr/local/lib/python3.8/dist-packages/airflow/example_dags/example_time_delta_sensor_async.py
[2024-03-16T10:10:46.699+0000] {processor.py:840} INFO - DAG(s) 'example_time_delta_sensor_async' retrieved from /usr/local/lib/python3.8/dist-packages/airflow/example_dags/example_time_delta_sensor_async.py
[2024-03-16T10:10:46.714+0000] {logging_mixin.py:188} INFO - [2024-03-16T10:10:46.714+0000] {dag.py:3047} INFO - Sync 1 DAGs
[2024-03-16T10:10:46.723+0000] {logging_mixin.py:188} INFO - [2024-03-16T10:10:46.723+0000] {dag.py:3834} INFO - Setting next_dagrun for example_time_delta_sensor_async to None, run_after=None
[2024-03-16T10:10:46.746+0000] {processor.py:183} INFO - Processing /usr/local/lib/python3.8/dist-packages/airflow/example_dags/example_time_delta_sensor_async.py took 0.059 seconds
[2024-03-16T10:12:31.268+0000] {processor.py:161} INFO - Started process (PID=2512) to work on /usr/local/lib/python3.8/dist-packages/airflow/example_dags/example_time_delta_sensor_async.py
[2024-03-16T10:12:31.270+0000] {processor.py:830} INFO - Processing file /usr/local/lib/python3.8/dist-packages/airflow/example_dags/example_time_delta_sensor_async.py for tasks to queue
[2024-03-16T10:12:31.271+0000] {logging_mixin.py:188} INFO - [2024-03-16T10:12:31.271+0000] {dagbag.py:540} INFO - Filling up the DagBag from /usr/local/lib/python3.8/dist-packages/airflow/example_dags/example_time_delta_sensor_async.py
[2024-03-16T10:12:31.276+0000] {processor.py:840} INFO - DAG(s) 'example_time_delta_sensor_async' retrieved from /usr/local/lib/python3.8/dist-packages/airflow/example_dags/example_time_delta_sensor_async.py
[2024-03-16T10:12:31.290+0000] {logging_mixin.py:188} INFO - [2024-03-16T10:12:31.290+0000] {dag.py:3047} INFO - Sync 1 DAGs
[2024-03-16T10:12:31.299+0000] {logging_mixin.py:188} INFO - [2024-03-16T10:12:31.299+0000] {dag.py:3834} INFO - Setting next_dagrun for example_time_delta_sensor_async to None, run_after=None
[2024-03-16T10:12:31.325+0000] {processor.py:183} INFO - Processing /usr/local/lib/python3.8/dist-packages/airflow/example_dags/example_time_delta_sensor_async.py took 0.060 seconds
[2024-03-16T10:14:05.995+0000] {processor.py:161} INFO - Started process (PID=2681) to work on /usr/local/lib/python3.8/dist-packages/airflow/example_dags/example_time_delta_sensor_async.py
[2024-03-16T10:14:05.996+0000] {processor.py:830} INFO - Processing file /usr/local/lib/python3.8/dist-packages/airflow/example_dags/example_time_delta_sensor_async.py for tasks to queue
[2024-03-16T10:14:05.997+0000] {logging_mixin.py:188} INFO - [2024-03-16T10:14:05.997+0000] {dagbag.py:540} INFO - Filling up the DagBag from /usr/local/lib/python3.8/dist-packages/airflow/example_dags/example_time_delta_sensor_async.py
[2024-03-16T10:14:06.002+0000] {processor.py:840} INFO - DAG(s) 'example_time_delta_sensor_async' retrieved from /usr/local/lib/python3.8/dist-packages/airflow/example_dags/example_time_delta_sensor_async.py
[2024-03-16T10:14:06.019+0000] {logging_mixin.py:188} INFO - [2024-03-16T10:14:06.019+0000] {dag.py:3047} INFO - Sync 1 DAGs
[2024-03-16T10:14:06.032+0000] {logging_mixin.py:188} INFO - [2024-03-16T10:14:06.032+0000] {dag.py:3834} INFO - Setting next_dagrun for example_time_delta_sensor_async to None, run_after=None
[2024-03-16T10:14:06.103+0000] {processor.py:183} INFO - Processing /usr/local/lib/python3.8/dist-packages/airflow/example_dags/example_time_delta_sensor_async.py took 0.111 seconds
[2024-03-16T10:15:13.179+0000] {processor.py:161} INFO - Started process (PID=2997) to work on /usr/local/lib/python3.8/dist-packages/airflow/example_dags/example_time_delta_sensor_async.py
[2024-03-16T10:15:13.181+0000] {processor.py:830} INFO - Processing file /usr/local/lib/python3.8/dist-packages/airflow/example_dags/example_time_delta_sensor_async.py for tasks to queue
[2024-03-16T10:15:13.182+0000] {logging_mixin.py:188} INFO - [2024-03-16T10:15:13.182+0000] {dagbag.py:540} INFO - Filling up the DagBag from /usr/local/lib/python3.8/dist-packages/airflow/example_dags/example_time_delta_sensor_async.py
[2024-03-16T10:15:13.187+0000] {processor.py:840} INFO - DAG(s) 'example_time_delta_sensor_async' retrieved from /usr/local/lib/python3.8/dist-packages/airflow/example_dags/example_time_delta_sensor_async.py
[2024-03-16T10:15:13.205+0000] {logging_mixin.py:188} INFO - [2024-03-16T10:15:13.205+0000] {dag.py:3047} INFO - Sync 1 DAGs
[2024-03-16T10:15:13.218+0000] {logging_mixin.py:188} INFO - [2024-03-16T10:15:13.218+0000] {dag.py:3834} INFO - Setting next_dagrun for example_time_delta_sensor_async to None, run_after=None
[2024-03-16T10:15:13.320+0000] {processor.py:183} INFO - Processing /usr/local/lib/python3.8/dist-packages/airflow/example_dags/example_time_delta_sensor_async.py took 0.144 seconds
[2024-03-16T10:16:21.375+0000] {processor.py:161} INFO - Started process (PID=3111) to work on /usr/local/lib/python3.8/dist-packages/airflow/example_dags/example_time_delta_sensor_async.py
[2024-03-16T10:16:21.377+0000] {processor.py:830} INFO - Processing file /usr/local/lib/python3.8/dist-packages/airflow/example_dags/example_time_delta_sensor_async.py for tasks to queue
[2024-03-16T10:16:21.379+0000] {logging_mixin.py:188} INFO - [2024-03-16T10:16:21.378+0000] {dagbag.py:540} INFO - Filling up the DagBag from /usr/local/lib/python3.8/dist-packages/airflow/example_dags/example_time_delta_sensor_async.py
[2024-03-16T10:16:21.384+0000] {processor.py:840} INFO - DAG(s) 'example_time_delta_sensor_async' retrieved from /usr/local/lib/python3.8/dist-packages/airflow/example_dags/example_time_delta_sensor_async.py
[2024-03-16T10:16:21.400+0000] {logging_mixin.py:188} INFO - [2024-03-16T10:16:21.400+0000] {dag.py:3047} INFO - Sync 1 DAGs
[2024-03-16T10:16:21.413+0000] {logging_mixin.py:188} INFO - [2024-03-16T10:16:21.413+0000] {dag.py:3834} INFO - Setting next_dagrun for example_time_delta_sensor_async to None, run_after=None
[2024-03-16T10:16:21.444+0000] {processor.py:183} INFO - Processing /usr/local/lib/python3.8/dist-packages/airflow/example_dags/example_time_delta_sensor_async.py took 0.071 seconds
[2024-03-16T10:17:25.755+0000] {processor.py:161} INFO - Started process (PID=3217) to work on /usr/local/lib/python3.8/dist-packages/airflow/example_dags/example_time_delta_sensor_async.py
[2024-03-16T10:17:25.757+0000] {processor.py:830} INFO - Processing file /usr/local/lib/python3.8/dist-packages/airflow/example_dags/example_time_delta_sensor_async.py for tasks to queue
[2024-03-16T10:17:25.758+0000] {logging_mixin.py:188} INFO - [2024-03-16T10:17:25.758+0000] {dagbag.py:540} INFO - Filling up the DagBag from /usr/local/lib/python3.8/dist-packages/airflow/example_dags/example_time_delta_sensor_async.py
[2024-03-16T10:17:25.763+0000] {processor.py:840} INFO - DAG(s) 'example_time_delta_sensor_async' retrieved from /usr/local/lib/python3.8/dist-packages/airflow/example_dags/example_time_delta_sensor_async.py
[2024-03-16T10:17:25.780+0000] {logging_mixin.py:188} INFO - [2024-03-16T10:17:25.780+0000] {dag.py:3047} INFO - Sync 1 DAGs
[2024-03-16T10:17:25.793+0000] {logging_mixin.py:188} INFO - [2024-03-16T10:17:25.792+0000] {dag.py:3834} INFO - Setting next_dagrun for example_time_delta_sensor_async to None, run_after=None
[2024-03-16T10:17:25.824+0000] {processor.py:183} INFO - Processing /usr/local/lib/python3.8/dist-packages/airflow/example_dags/example_time_delta_sensor_async.py took 0.072 seconds
