[2024-03-16T09:54:51.775+0000] {processor.py:161} INFO - Started process (PID=758) to work on /usr/local/lib/python3.8/dist-packages/airflow/example_dags/example_kubernetes_executor.py
[2024-03-16T09:54:51.776+0000] {processor.py:830} INFO - Processing file /usr/local/lib/python3.8/dist-packages/airflow/example_dags/example_kubernetes_executor.py for tasks to queue
[2024-03-16T09:54:51.777+0000] {logging_mixin.py:188} INFO - [2024-03-16T09:54:51.777+0000] {dagbag.py:540} INFO - Filling up the DagBag from /usr/local/lib/python3.8/dist-packages/airflow/example_dags/example_kubernetes_executor.py
[2024-03-16T09:54:51.781+0000] {logging_mixin.py:188} INFO - [2024-03-16T09:54:51.780+0000] {example_kubernetes_executor.py:38} WARNING - The example_kubernetes_executor example DAG requires the kubernetes provider. Please install it with: pip install apache-airflow[cncf.kubernetes]
[2024-03-16T09:54:51.781+0000] {processor.py:842} WARNING - No viable dags retrieved from /usr/local/lib/python3.8/dist-packages/airflow/example_dags/example_kubernetes_executor.py
[2024-03-16T09:54:51.791+0000] {processor.py:183} INFO - Processing /usr/local/lib/python3.8/dist-packages/airflow/example_dags/example_kubernetes_executor.py took 0.019 seconds
[2024-03-16T09:55:50.499+0000] {processor.py:161} INFO - Started process (PID=883) to work on /usr/local/lib/python3.8/dist-packages/airflow/example_dags/example_kubernetes_executor.py
[2024-03-16T09:55:50.501+0000] {processor.py:830} INFO - Processing file /usr/local/lib/python3.8/dist-packages/airflow/example_dags/example_kubernetes_executor.py for tasks to queue
[2024-03-16T09:55:50.502+0000] {logging_mixin.py:188} INFO - [2024-03-16T09:55:50.501+0000] {dagbag.py:540} INFO - Filling up the DagBag from /usr/local/lib/python3.8/dist-packages/airflow/example_dags/example_kubernetes_executor.py
[2024-03-16T09:55:50.505+0000] {logging_mixin.py:188} INFO - [2024-03-16T09:55:50.505+0000] {example_kubernetes_executor.py:38} WARNING - The example_kubernetes_executor example DAG requires the kubernetes provider. Please install it with: pip install apache-airflow[cncf.kubernetes]
[2024-03-16T09:55:50.505+0000] {processor.py:842} WARNING - No viable dags retrieved from /usr/local/lib/python3.8/dist-packages/airflow/example_dags/example_kubernetes_executor.py
[2024-03-16T09:55:50.516+0000] {processor.py:183} INFO - Processing /usr/local/lib/python3.8/dist-packages/airflow/example_dags/example_kubernetes_executor.py took 0.020 seconds
[2024-03-16T09:57:14.915+0000] {processor.py:161} INFO - Started process (PID=987) to work on /usr/local/lib/python3.8/dist-packages/airflow/example_dags/example_kubernetes_executor.py
[2024-03-16T09:57:14.918+0000] {processor.py:830} INFO - Processing file /usr/local/lib/python3.8/dist-packages/airflow/example_dags/example_kubernetes_executor.py for tasks to queue
[2024-03-16T09:57:14.919+0000] {logging_mixin.py:188} INFO - [2024-03-16T09:57:14.919+0000] {dagbag.py:540} INFO - Filling up the DagBag from /usr/local/lib/python3.8/dist-packages/airflow/example_dags/example_kubernetes_executor.py
[2024-03-16T09:57:14.925+0000] {logging_mixin.py:188} INFO - [2024-03-16T09:57:14.924+0000] {example_kubernetes_executor.py:38} WARNING - The example_kubernetes_executor example DAG requires the kubernetes provider. Please install it with: pip install apache-airflow[cncf.kubernetes]
[2024-03-16T09:57:14.925+0000] {processor.py:842} WARNING - No viable dags retrieved from /usr/local/lib/python3.8/dist-packages/airflow/example_dags/example_kubernetes_executor.py
[2024-03-16T09:57:14.936+0000] {processor.py:183} INFO - Processing /usr/local/lib/python3.8/dist-packages/airflow/example_dags/example_kubernetes_executor.py took 0.024 seconds
[2024-03-16T09:58:34.236+0000] {processor.py:161} INFO - Started process (PID=1119) to work on /usr/local/lib/python3.8/dist-packages/airflow/example_dags/example_kubernetes_executor.py
[2024-03-16T09:58:34.238+0000] {processor.py:830} INFO - Processing file /usr/local/lib/python3.8/dist-packages/airflow/example_dags/example_kubernetes_executor.py for tasks to queue
[2024-03-16T09:58:34.239+0000] {logging_mixin.py:188} INFO - [2024-03-16T09:58:34.238+0000] {dagbag.py:540} INFO - Filling up the DagBag from /usr/local/lib/python3.8/dist-packages/airflow/example_dags/example_kubernetes_executor.py
[2024-03-16T09:58:34.243+0000] {logging_mixin.py:188} INFO - [2024-03-16T09:58:34.243+0000] {example_kubernetes_executor.py:38} WARNING - The example_kubernetes_executor example DAG requires the kubernetes provider. Please install it with: pip install apache-airflow[cncf.kubernetes]
[2024-03-16T09:58:34.243+0000] {processor.py:842} WARNING - No viable dags retrieved from /usr/local/lib/python3.8/dist-packages/airflow/example_dags/example_kubernetes_executor.py
[2024-03-16T09:58:34.251+0000] {processor.py:183} INFO - Processing /usr/local/lib/python3.8/dist-packages/airflow/example_dags/example_kubernetes_executor.py took 0.017 seconds
[2024-03-16T10:04:22.503+0000] {processor.py:161} INFO - Started process (PID=1665) to work on /usr/local/lib/python3.8/dist-packages/airflow/example_dags/example_kubernetes_executor.py
[2024-03-16T10:04:22.505+0000] {processor.py:830} INFO - Processing file /usr/local/lib/python3.8/dist-packages/airflow/example_dags/example_kubernetes_executor.py for tasks to queue
[2024-03-16T10:04:22.506+0000] {logging_mixin.py:188} INFO - [2024-03-16T10:04:22.506+0000] {dagbag.py:540} INFO - Filling up the DagBag from /usr/local/lib/python3.8/dist-packages/airflow/example_dags/example_kubernetes_executor.py
[2024-03-16T10:04:22.509+0000] {logging_mixin.py:188} INFO - [2024-03-16T10:04:22.509+0000] {example_kubernetes_executor.py:38} WARNING - The example_kubernetes_executor example DAG requires the kubernetes provider. Please install it with: pip install apache-airflow[cncf.kubernetes]
[2024-03-16T10:04:22.510+0000] {processor.py:842} WARNING - No viable dags retrieved from /usr/local/lib/python3.8/dist-packages/airflow/example_dags/example_kubernetes_executor.py
[2024-03-16T10:04:22.520+0000] {processor.py:183} INFO - Processing /usr/local/lib/python3.8/dist-packages/airflow/example_dags/example_kubernetes_executor.py took 0.020 seconds
[2024-03-16T10:05:47.459+0000] {processor.py:161} INFO - Started process (PID=1819) to work on /usr/local/lib/python3.8/dist-packages/airflow/example_dags/example_kubernetes_executor.py
[2024-03-16T10:05:47.460+0000] {processor.py:830} INFO - Processing file /usr/local/lib/python3.8/dist-packages/airflow/example_dags/example_kubernetes_executor.py for tasks to queue
[2024-03-16T10:05:47.461+0000] {logging_mixin.py:188} INFO - [2024-03-16T10:05:47.461+0000] {dagbag.py:540} INFO - Filling up the DagBag from /usr/local/lib/python3.8/dist-packages/airflow/example_dags/example_kubernetes_executor.py
[2024-03-16T10:05:47.465+0000] {logging_mixin.py:188} INFO - [2024-03-16T10:05:47.464+0000] {example_kubernetes_executor.py:38} WARNING - The example_kubernetes_executor example DAG requires the kubernetes provider. Please install it with: pip install apache-airflow[cncf.kubernetes]
[2024-03-16T10:05:47.465+0000] {processor.py:842} WARNING - No viable dags retrieved from /usr/local/lib/python3.8/dist-packages/airflow/example_dags/example_kubernetes_executor.py
[2024-03-16T10:05:47.475+0000] {processor.py:183} INFO - Processing /usr/local/lib/python3.8/dist-packages/airflow/example_dags/example_kubernetes_executor.py took 0.020 seconds
[2024-03-16T10:06:50.555+0000] {processor.py:161} INFO - Started process (PID=1924) to work on /usr/local/lib/python3.8/dist-packages/airflow/example_dags/example_kubernetes_executor.py
[2024-03-16T10:06:50.557+0000] {processor.py:830} INFO - Processing file /usr/local/lib/python3.8/dist-packages/airflow/example_dags/example_kubernetes_executor.py for tasks to queue
[2024-03-16T10:06:50.558+0000] {logging_mixin.py:188} INFO - [2024-03-16T10:06:50.558+0000] {dagbag.py:540} INFO - Filling up the DagBag from /usr/local/lib/python3.8/dist-packages/airflow/example_dags/example_kubernetes_executor.py
[2024-03-16T10:06:50.561+0000] {logging_mixin.py:188} INFO - [2024-03-16T10:06:50.561+0000] {example_kubernetes_executor.py:38} WARNING - The example_kubernetes_executor example DAG requires the kubernetes provider. Please install it with: pip install apache-airflow[cncf.kubernetes]
[2024-03-16T10:06:50.562+0000] {processor.py:842} WARNING - No viable dags retrieved from /usr/local/lib/python3.8/dist-packages/airflow/example_dags/example_kubernetes_executor.py
[2024-03-16T10:06:50.572+0000] {processor.py:183} INFO - Processing /usr/local/lib/python3.8/dist-packages/airflow/example_dags/example_kubernetes_executor.py took 0.021 seconds
[2024-03-16T10:07:49.487+0000] {processor.py:161} INFO - Started process (PID=2027) to work on /usr/local/lib/python3.8/dist-packages/airflow/example_dags/example_kubernetes_executor.py
[2024-03-16T10:07:49.489+0000] {processor.py:830} INFO - Processing file /usr/local/lib/python3.8/dist-packages/airflow/example_dags/example_kubernetes_executor.py for tasks to queue
[2024-03-16T10:07:49.490+0000] {logging_mixin.py:188} INFO - [2024-03-16T10:07:49.490+0000] {dagbag.py:540} INFO - Filling up the DagBag from /usr/local/lib/python3.8/dist-packages/airflow/example_dags/example_kubernetes_executor.py
[2024-03-16T10:07:49.494+0000] {logging_mixin.py:188} INFO - [2024-03-16T10:07:49.493+0000] {example_kubernetes_executor.py:38} WARNING - The example_kubernetes_executor example DAG requires the kubernetes provider. Please install it with: pip install apache-airflow[cncf.kubernetes]
[2024-03-16T10:07:49.494+0000] {processor.py:842} WARNING - No viable dags retrieved from /usr/local/lib/python3.8/dist-packages/airflow/example_dags/example_kubernetes_executor.py
[2024-03-16T10:07:49.504+0000] {processor.py:183} INFO - Processing /usr/local/lib/python3.8/dist-packages/airflow/example_dags/example_kubernetes_executor.py took 0.020 seconds
[2024-03-16T10:08:55.200+0000] {processor.py:161} INFO - Started process (PID=2133) to work on /usr/local/lib/python3.8/dist-packages/airflow/example_dags/example_kubernetes_executor.py
[2024-03-16T10:08:55.201+0000] {processor.py:830} INFO - Processing file /usr/local/lib/python3.8/dist-packages/airflow/example_dags/example_kubernetes_executor.py for tasks to queue
[2024-03-16T10:08:55.202+0000] {logging_mixin.py:188} INFO - [2024-03-16T10:08:55.202+0000] {dagbag.py:540} INFO - Filling up the DagBag from /usr/local/lib/python3.8/dist-packages/airflow/example_dags/example_kubernetes_executor.py
[2024-03-16T10:08:55.206+0000] {logging_mixin.py:188} INFO - [2024-03-16T10:08:55.205+0000] {example_kubernetes_executor.py:38} WARNING - The example_kubernetes_executor example DAG requires the kubernetes provider. Please install it with: pip install apache-airflow[cncf.kubernetes]
[2024-03-16T10:08:55.206+0000] {processor.py:842} WARNING - No viable dags retrieved from /usr/local/lib/python3.8/dist-packages/airflow/example_dags/example_kubernetes_executor.py
[2024-03-16T10:08:55.216+0000] {processor.py:183} INFO - Processing /usr/local/lib/python3.8/dist-packages/airflow/example_dags/example_kubernetes_executor.py took 0.020 seconds
[2024-03-16T10:09:56.692+0000] {processor.py:161} INFO - Started process (PID=2238) to work on /usr/local/lib/python3.8/dist-packages/airflow/example_dags/example_kubernetes_executor.py
[2024-03-16T10:09:56.694+0000] {processor.py:830} INFO - Processing file /usr/local/lib/python3.8/dist-packages/airflow/example_dags/example_kubernetes_executor.py for tasks to queue
[2024-03-16T10:09:56.695+0000] {logging_mixin.py:188} INFO - [2024-03-16T10:09:56.694+0000] {dagbag.py:540} INFO - Filling up the DagBag from /usr/local/lib/python3.8/dist-packages/airflow/example_dags/example_kubernetes_executor.py
[2024-03-16T10:09:56.698+0000] {logging_mixin.py:188} INFO - [2024-03-16T10:09:56.698+0000] {example_kubernetes_executor.py:38} WARNING - The example_kubernetes_executor example DAG requires the kubernetes provider. Please install it with: pip install apache-airflow[cncf.kubernetes]
[2024-03-16T10:09:56.698+0000] {processor.py:842} WARNING - No viable dags retrieved from /usr/local/lib/python3.8/dist-packages/airflow/example_dags/example_kubernetes_executor.py
[2024-03-16T10:09:56.709+0000] {processor.py:183} INFO - Processing /usr/local/lib/python3.8/dist-packages/airflow/example_dags/example_kubernetes_executor.py took 0.021 seconds
[2024-03-16T10:11:08.927+0000] {processor.py:161} INFO - Started process (PID=2343) to work on /usr/local/lib/python3.8/dist-packages/airflow/example_dags/example_kubernetes_executor.py
[2024-03-16T10:11:08.929+0000] {processor.py:830} INFO - Processing file /usr/local/lib/python3.8/dist-packages/airflow/example_dags/example_kubernetes_executor.py for tasks to queue
[2024-03-16T10:11:08.930+0000] {logging_mixin.py:188} INFO - [2024-03-16T10:11:08.929+0000] {dagbag.py:540} INFO - Filling up the DagBag from /usr/local/lib/python3.8/dist-packages/airflow/example_dags/example_kubernetes_executor.py
[2024-03-16T10:11:08.933+0000] {logging_mixin.py:188} INFO - [2024-03-16T10:11:08.933+0000] {example_kubernetes_executor.py:38} WARNING - The example_kubernetes_executor example DAG requires the kubernetes provider. Please install it with: pip install apache-airflow[cncf.kubernetes]
[2024-03-16T10:11:08.934+0000] {processor.py:842} WARNING - No viable dags retrieved from /usr/local/lib/python3.8/dist-packages/airflow/example_dags/example_kubernetes_executor.py
[2024-03-16T10:11:08.945+0000] {processor.py:183} INFO - Processing /usr/local/lib/python3.8/dist-packages/airflow/example_dags/example_kubernetes_executor.py took 0.021 seconds
[2024-03-16T10:12:47.098+0000] {processor.py:161} INFO - Started process (PID=2528) to work on /usr/local/lib/python3.8/dist-packages/airflow/example_dags/example_kubernetes_executor.py
[2024-03-16T10:12:47.100+0000] {processor.py:830} INFO - Processing file /usr/local/lib/python3.8/dist-packages/airflow/example_dags/example_kubernetes_executor.py for tasks to queue
[2024-03-16T10:12:47.101+0000] {logging_mixin.py:188} INFO - [2024-03-16T10:12:47.100+0000] {dagbag.py:540} INFO - Filling up the DagBag from /usr/local/lib/python3.8/dist-packages/airflow/example_dags/example_kubernetes_executor.py
[2024-03-16T10:12:47.104+0000] {logging_mixin.py:188} INFO - [2024-03-16T10:12:47.104+0000] {example_kubernetes_executor.py:38} WARNING - The example_kubernetes_executor example DAG requires the kubernetes provider. Please install it with: pip install apache-airflow[cncf.kubernetes]
[2024-03-16T10:12:47.105+0000] {processor.py:842} WARNING - No viable dags retrieved from /usr/local/lib/python3.8/dist-packages/airflow/example_dags/example_kubernetes_executor.py
[2024-03-16T10:12:47.115+0000] {processor.py:183} INFO - Processing /usr/local/lib/python3.8/dist-packages/airflow/example_dags/example_kubernetes_executor.py took 0.020 seconds
[2024-03-16T10:14:45.038+0000] {processor.py:161} INFO - Started process (PID=2727) to work on /usr/local/lib/python3.8/dist-packages/airflow/example_dags/example_kubernetes_executor.py
[2024-03-16T10:14:45.040+0000] {processor.py:830} INFO - Processing file /usr/local/lib/python3.8/dist-packages/airflow/example_dags/example_kubernetes_executor.py for tasks to queue
[2024-03-16T10:14:45.041+0000] {logging_mixin.py:188} INFO - [2024-03-16T10:14:45.041+0000] {dagbag.py:540} INFO - Filling up the DagBag from /usr/local/lib/python3.8/dist-packages/airflow/example_dags/example_kubernetes_executor.py
[2024-03-16T10:14:45.044+0000] {logging_mixin.py:188} INFO - [2024-03-16T10:14:45.044+0000] {example_kubernetes_executor.py:38} WARNING - The example_kubernetes_executor example DAG requires the kubernetes provider. Please install it with: pip install apache-airflow[cncf.kubernetes]
[2024-03-16T10:14:45.045+0000] {processor.py:842} WARNING - No viable dags retrieved from /usr/local/lib/python3.8/dist-packages/airflow/example_dags/example_kubernetes_executor.py
[2024-03-16T10:14:45.055+0000] {processor.py:183} INFO - Processing /usr/local/lib/python3.8/dist-packages/airflow/example_dags/example_kubernetes_executor.py took 0.020 seconds
[2024-03-16T10:15:50.006+0000] {processor.py:161} INFO - Started process (PID=3037) to work on /usr/local/lib/python3.8/dist-packages/airflow/example_dags/example_kubernetes_executor.py
[2024-03-16T10:15:50.008+0000] {processor.py:830} INFO - Processing file /usr/local/lib/python3.8/dist-packages/airflow/example_dags/example_kubernetes_executor.py for tasks to queue
[2024-03-16T10:15:50.009+0000] {logging_mixin.py:188} INFO - [2024-03-16T10:15:50.008+0000] {dagbag.py:540} INFO - Filling up the DagBag from /usr/local/lib/python3.8/dist-packages/airflow/example_dags/example_kubernetes_executor.py
[2024-03-16T10:15:50.012+0000] {logging_mixin.py:188} INFO - [2024-03-16T10:15:50.012+0000] {example_kubernetes_executor.py:38} WARNING - The example_kubernetes_executor example DAG requires the kubernetes provider. Please install it with: pip install apache-airflow[cncf.kubernetes]
[2024-03-16T10:15:50.013+0000] {processor.py:842} WARNING - No viable dags retrieved from /usr/local/lib/python3.8/dist-packages/airflow/example_dags/example_kubernetes_executor.py
[2024-03-16T10:15:50.023+0000] {processor.py:183} INFO - Processing /usr/local/lib/python3.8/dist-packages/airflow/example_dags/example_kubernetes_executor.py took 0.020 seconds
[2024-03-16T10:16:54.978+0000] {processor.py:161} INFO - Started process (PID=3143) to work on /usr/local/lib/python3.8/dist-packages/airflow/example_dags/example_kubernetes_executor.py
[2024-03-16T10:16:54.979+0000] {processor.py:830} INFO - Processing file /usr/local/lib/python3.8/dist-packages/airflow/example_dags/example_kubernetes_executor.py for tasks to queue
[2024-03-16T10:16:54.980+0000] {logging_mixin.py:188} INFO - [2024-03-16T10:16:54.980+0000] {dagbag.py:540} INFO - Filling up the DagBag from /usr/local/lib/python3.8/dist-packages/airflow/example_dags/example_kubernetes_executor.py
[2024-03-16T10:16:54.984+0000] {logging_mixin.py:188} INFO - [2024-03-16T10:16:54.984+0000] {example_kubernetes_executor.py:38} WARNING - The example_kubernetes_executor example DAG requires the kubernetes provider. Please install it with: pip install apache-airflow[cncf.kubernetes]
[2024-03-16T10:16:54.984+0000] {processor.py:842} WARNING - No viable dags retrieved from /usr/local/lib/python3.8/dist-packages/airflow/example_dags/example_kubernetes_executor.py
[2024-03-16T10:16:54.995+0000] {processor.py:183} INFO - Processing /usr/local/lib/python3.8/dist-packages/airflow/example_dags/example_kubernetes_executor.py took 0.020 seconds
