[2024-03-16T09:54:42.680+0000] {processor.py:161} INFO - Started process (PID=749) to work on /usr/local/lib/python3.8/dist-packages/airflow/example_dags/example_datasets.py
[2024-03-16T09:54:42.681+0000] {processor.py:830} INFO - Processing file /usr/local/lib/python3.8/dist-packages/airflow/example_dags/example_datasets.py for tasks to queue
[2024-03-16T09:54:42.682+0000] {logging_mixin.py:188} INFO - [2024-03-16T09:54:42.682+0000] {dagbag.py:540} INFO - Filling up the DagBag from /usr/local/lib/python3.8/dist-packages/airflow/example_dags/example_datasets.py
[2024-03-16T09:54:42.693+0000] {processor.py:840} INFO - DAG(s) 'dataset_consumes_1_and_2', 'dataset_consumes_1_never_scheduled', 'dataset_consumes_unknown_never_scheduled', 'dataset_consumes_1', 'dataset_produces_1', 'dataset_produces_2' retrieved from /usr/local/lib/python3.8/dist-packages/airflow/example_dags/example_datasets.py
[2024-03-16T09:54:42.809+0000] {logging_mixin.py:188} INFO - [2024-03-16T09:54:42.809+0000] {dag.py:3047} INFO - Sync 6 DAGs
[2024-03-16T09:54:42.824+0000] {logging_mixin.py:188} INFO - [2024-03-16T09:54:42.824+0000] {dag.py:3834} INFO - Setting next_dagrun for dataset_consumes_1 to None, run_after=None
[2024-03-16T09:54:42.826+0000] {logging_mixin.py:188} INFO - [2024-03-16T09:54:42.826+0000] {dag.py:3834} INFO - Setting next_dagrun for dataset_consumes_1_and_2 to None, run_after=None
[2024-03-16T09:54:42.827+0000] {logging_mixin.py:188} INFO - [2024-03-16T09:54:42.827+0000] {dag.py:3834} INFO - Setting next_dagrun for dataset_consumes_1_never_scheduled to None, run_after=None
[2024-03-16T09:54:42.828+0000] {logging_mixin.py:188} INFO - [2024-03-16T09:54:42.828+0000] {dag.py:3834} INFO - Setting next_dagrun for dataset_consumes_unknown_never_scheduled to None, run_after=None
[2024-03-16T09:54:42.830+0000] {logging_mixin.py:188} INFO - [2024-03-16T09:54:42.830+0000] {dag.py:3834} INFO - Setting next_dagrun for dataset_produces_1 to 2024-03-15 00:00:00+00:00, run_after=2024-03-16 00:00:00+00:00
[2024-03-16T09:54:42.831+0000] {logging_mixin.py:188} INFO - [2024-03-16T09:54:42.830+0000] {dag.py:3834} INFO - Setting next_dagrun for dataset_produces_2 to None, run_after=None
[2024-03-16T09:54:42.863+0000] {processor.py:183} INFO - Processing /usr/local/lib/python3.8/dist-packages/airflow/example_dags/example_datasets.py took 0.185 seconds
[2024-03-16T09:55:41.602+0000] {processor.py:161} INFO - Started process (PID=862) to work on /usr/local/lib/python3.8/dist-packages/airflow/example_dags/example_datasets.py
[2024-03-16T09:55:41.605+0000] {processor.py:830} INFO - Processing file /usr/local/lib/python3.8/dist-packages/airflow/example_dags/example_datasets.py for tasks to queue
[2024-03-16T09:55:41.606+0000] {logging_mixin.py:188} INFO - [2024-03-16T09:55:41.606+0000] {dagbag.py:540} INFO - Filling up the DagBag from /usr/local/lib/python3.8/dist-packages/airflow/example_dags/example_datasets.py
[2024-03-16T09:55:41.617+0000] {processor.py:840} INFO - DAG(s) 'dataset_consumes_1_and_2', 'dataset_consumes_unknown_never_scheduled', 'dataset_consumes_1_never_scheduled', 'dataset_produces_2', 'dataset_produces_1', 'dataset_consumes_1' retrieved from /usr/local/lib/python3.8/dist-packages/airflow/example_dags/example_datasets.py
[2024-03-16T09:55:41.648+0000] {logging_mixin.py:188} INFO - [2024-03-16T09:55:41.648+0000] {dag.py:3047} INFO - Sync 6 DAGs
[2024-03-16T09:55:41.671+0000] {logging_mixin.py:188} INFO - [2024-03-16T09:55:41.671+0000] {dag.py:3834} INFO - Setting next_dagrun for dataset_consumes_1 to None, run_after=None
[2024-03-16T09:55:41.675+0000] {logging_mixin.py:188} INFO - [2024-03-16T09:55:41.674+0000] {dag.py:3834} INFO - Setting next_dagrun for dataset_consumes_1_and_2 to None, run_after=None
[2024-03-16T09:55:41.676+0000] {logging_mixin.py:188} INFO - [2024-03-16T09:55:41.676+0000] {dag.py:3834} INFO - Setting next_dagrun for dataset_consumes_1_never_scheduled to None, run_after=None
[2024-03-16T09:55:41.677+0000] {logging_mixin.py:188} INFO - [2024-03-16T09:55:41.677+0000] {dag.py:3834} INFO - Setting next_dagrun for dataset_consumes_unknown_never_scheduled to None, run_after=None
[2024-03-16T09:55:41.680+0000] {logging_mixin.py:188} INFO - [2024-03-16T09:55:41.680+0000] {dag.py:3834} INFO - Setting next_dagrun for dataset_produces_1 to 2024-03-15 00:00:00+00:00, run_after=2024-03-16 00:00:00+00:00
[2024-03-16T09:55:41.681+0000] {logging_mixin.py:188} INFO - [2024-03-16T09:55:41.681+0000] {dag.py:3834} INFO - Setting next_dagrun for dataset_produces_2 to None, run_after=None
[2024-03-16T09:55:41.719+0000] {processor.py:183} INFO - Processing /usr/local/lib/python3.8/dist-packages/airflow/example_dags/example_datasets.py took 0.119 seconds
[2024-03-16T09:57:03.984+0000] {processor.py:161} INFO - Started process (PID=978) to work on /usr/local/lib/python3.8/dist-packages/airflow/example_dags/example_datasets.py
[2024-03-16T09:57:03.986+0000] {processor.py:830} INFO - Processing file /usr/local/lib/python3.8/dist-packages/airflow/example_dags/example_datasets.py for tasks to queue
[2024-03-16T09:57:03.987+0000] {logging_mixin.py:188} INFO - [2024-03-16T09:57:03.986+0000] {dagbag.py:540} INFO - Filling up the DagBag from /usr/local/lib/python3.8/dist-packages/airflow/example_dags/example_datasets.py
[2024-03-16T09:57:03.999+0000] {processor.py:840} INFO - DAG(s) 'dataset_consumes_1_never_scheduled', 'dataset_consumes_1_and_2', 'dataset_produces_1', 'dataset_produces_2', 'dataset_consumes_unknown_never_scheduled', 'dataset_consumes_1' retrieved from /usr/local/lib/python3.8/dist-packages/airflow/example_dags/example_datasets.py
[2024-03-16T09:57:04.031+0000] {logging_mixin.py:188} INFO - [2024-03-16T09:57:04.031+0000] {dag.py:3047} INFO - Sync 6 DAGs
[2024-03-16T09:57:04.054+0000] {logging_mixin.py:188} INFO - [2024-03-16T09:57:04.054+0000] {dag.py:3834} INFO - Setting next_dagrun for dataset_consumes_1 to None, run_after=None
[2024-03-16T09:57:04.058+0000] {logging_mixin.py:188} INFO - [2024-03-16T09:57:04.058+0000] {dag.py:3834} INFO - Setting next_dagrun for dataset_consumes_1_and_2 to None, run_after=None
[2024-03-16T09:57:04.059+0000] {logging_mixin.py:188} INFO - [2024-03-16T09:57:04.059+0000] {dag.py:3834} INFO - Setting next_dagrun for dataset_consumes_1_never_scheduled to None, run_after=None
[2024-03-16T09:57:04.060+0000] {logging_mixin.py:188} INFO - [2024-03-16T09:57:04.060+0000] {dag.py:3834} INFO - Setting next_dagrun for dataset_consumes_unknown_never_scheduled to None, run_after=None
[2024-03-16T09:57:04.063+0000] {logging_mixin.py:188} INFO - [2024-03-16T09:57:04.063+0000] {dag.py:3834} INFO - Setting next_dagrun for dataset_produces_1 to 2024-03-15 00:00:00+00:00, run_after=2024-03-16 00:00:00+00:00
[2024-03-16T09:57:04.064+0000] {logging_mixin.py:188} INFO - [2024-03-16T09:57:04.064+0000] {dag.py:3834} INFO - Setting next_dagrun for dataset_produces_2 to None, run_after=None
[2024-03-16T09:57:04.130+0000] {processor.py:183} INFO - Processing /usr/local/lib/python3.8/dist-packages/airflow/example_dags/example_datasets.py took 0.150 seconds
[2024-03-16T09:58:20.027+0000] {processor.py:161} INFO - Started process (PID=1095) to work on /usr/local/lib/python3.8/dist-packages/airflow/example_dags/example_datasets.py
[2024-03-16T09:58:20.029+0000] {processor.py:830} INFO - Processing file /usr/local/lib/python3.8/dist-packages/airflow/example_dags/example_datasets.py for tasks to queue
[2024-03-16T09:58:20.030+0000] {logging_mixin.py:188} INFO - [2024-03-16T09:58:20.029+0000] {dagbag.py:540} INFO - Filling up the DagBag from /usr/local/lib/python3.8/dist-packages/airflow/example_dags/example_datasets.py
[2024-03-16T09:58:20.041+0000] {processor.py:840} INFO - DAG(s) 'dataset_produces_1', 'dataset_consumes_1', 'dataset_produces_2', 'dataset_consumes_unknown_never_scheduled', 'dataset_consumes_1_and_2', 'dataset_consumes_1_never_scheduled' retrieved from /usr/local/lib/python3.8/dist-packages/airflow/example_dags/example_datasets.py
[2024-03-16T09:58:20.072+0000] {logging_mixin.py:188} INFO - [2024-03-16T09:58:20.072+0000] {dag.py:3047} INFO - Sync 6 DAGs
[2024-03-16T09:58:20.094+0000] {logging_mixin.py:188} INFO - [2024-03-16T09:58:20.094+0000] {dag.py:3834} INFO - Setting next_dagrun for dataset_consumes_1 to None, run_after=None
[2024-03-16T09:58:20.098+0000] {logging_mixin.py:188} INFO - [2024-03-16T09:58:20.098+0000] {dag.py:3834} INFO - Setting next_dagrun for dataset_consumes_1_and_2 to None, run_after=None
[2024-03-16T09:58:20.099+0000] {logging_mixin.py:188} INFO - [2024-03-16T09:58:20.099+0000] {dag.py:3834} INFO - Setting next_dagrun for dataset_consumes_1_never_scheduled to None, run_after=None
[2024-03-16T09:58:20.100+0000] {logging_mixin.py:188} INFO - [2024-03-16T09:58:20.100+0000] {dag.py:3834} INFO - Setting next_dagrun for dataset_consumes_unknown_never_scheduled to None, run_after=None
[2024-03-16T09:58:20.103+0000] {logging_mixin.py:188} INFO - [2024-03-16T09:58:20.103+0000] {dag.py:3834} INFO - Setting next_dagrun for dataset_produces_1 to 2024-03-15 00:00:00+00:00, run_after=2024-03-16 00:00:00+00:00
[2024-03-16T09:58:20.104+0000] {logging_mixin.py:188} INFO - [2024-03-16T09:58:20.104+0000] {dag.py:3834} INFO - Setting next_dagrun for dataset_produces_2 to None, run_after=None
[2024-03-16T09:58:20.139+0000] {processor.py:183} INFO - Processing /usr/local/lib/python3.8/dist-packages/airflow/example_dags/example_datasets.py took 0.115 seconds
[2024-03-16T10:03:36.079+0000] {processor.py:161} INFO - Started process (PID=1575) to work on /usr/local/lib/python3.8/dist-packages/airflow/example_dags/example_datasets.py
[2024-03-16T10:03:36.081+0000] {processor.py:830} INFO - Processing file /usr/local/lib/python3.8/dist-packages/airflow/example_dags/example_datasets.py for tasks to queue
[2024-03-16T10:03:36.082+0000] {logging_mixin.py:188} INFO - [2024-03-16T10:03:36.082+0000] {dagbag.py:540} INFO - Filling up the DagBag from /usr/local/lib/python3.8/dist-packages/airflow/example_dags/example_datasets.py
[2024-03-16T10:03:36.094+0000] {processor.py:840} INFO - DAG(s) 'dataset_consumes_1', 'dataset_produces_2', 'dataset_consumes_1_never_scheduled', 'dataset_produces_1', 'dataset_consumes_unknown_never_scheduled', 'dataset_consumes_1_and_2' retrieved from /usr/local/lib/python3.8/dist-packages/airflow/example_dags/example_datasets.py
[2024-03-16T10:03:36.231+0000] {logging_mixin.py:188} INFO - [2024-03-16T10:03:36.231+0000] {dag.py:3047} INFO - Sync 6 DAGs
[2024-03-16T10:03:37.379+0000] {logging_mixin.py:188} INFO - [2024-03-16T10:03:37.378+0000] {dag.py:3834} INFO - Setting next_dagrun for dataset_consumes_1 to None, run_after=None
[2024-03-16T10:03:37.417+0000] {logging_mixin.py:188} INFO - [2024-03-16T10:03:37.417+0000] {dag.py:3834} INFO - Setting next_dagrun for dataset_consumes_1_and_2 to None, run_after=None
[2024-03-16T10:03:37.454+0000] {logging_mixin.py:188} INFO - [2024-03-16T10:03:37.454+0000] {dag.py:3834} INFO - Setting next_dagrun for dataset_consumes_1_never_scheduled to None, run_after=None
[2024-03-16T10:03:37.457+0000] {logging_mixin.py:188} INFO - [2024-03-16T10:03:37.457+0000] {dag.py:3834} INFO - Setting next_dagrun for dataset_consumes_unknown_never_scheduled to None, run_after=None
[2024-03-16T10:03:37.464+0000] {logging_mixin.py:188} INFO - [2024-03-16T10:03:37.464+0000] {dag.py:3834} INFO - Setting next_dagrun for dataset_produces_1 to 2024-03-15 00:00:00+00:00, run_after=2024-03-16 00:00:00+00:00
[2024-03-16T10:03:37.467+0000] {logging_mixin.py:188} INFO - [2024-03-16T10:03:37.467+0000] {dag.py:3834} INFO - Setting next_dagrun for dataset_produces_2 to None, run_after=None
[2024-03-16T10:03:37.742+0000] {processor.py:183} INFO - Processing /usr/local/lib/python3.8/dist-packages/airflow/example_dags/example_datasets.py took 1.666 seconds
[2024-03-16T10:05:38.267+0000] {processor.py:161} INFO - Started process (PID=1810) to work on /usr/local/lib/python3.8/dist-packages/airflow/example_dags/example_datasets.py
[2024-03-16T10:05:38.269+0000] {processor.py:830} INFO - Processing file /usr/local/lib/python3.8/dist-packages/airflow/example_dags/example_datasets.py for tasks to queue
[2024-03-16T10:05:38.270+0000] {logging_mixin.py:188} INFO - [2024-03-16T10:05:38.269+0000] {dagbag.py:540} INFO - Filling up the DagBag from /usr/local/lib/python3.8/dist-packages/airflow/example_dags/example_datasets.py
[2024-03-16T10:05:38.281+0000] {processor.py:840} INFO - DAG(s) 'dataset_produces_2', 'dataset_produces_1', 'dataset_consumes_1_and_2', 'dataset_consumes_1_never_scheduled', 'dataset_consumes_1', 'dataset_consumes_unknown_never_scheduled' retrieved from /usr/local/lib/python3.8/dist-packages/airflow/example_dags/example_datasets.py
[2024-03-16T10:05:38.311+0000] {logging_mixin.py:188} INFO - [2024-03-16T10:05:38.311+0000] {dag.py:3047} INFO - Sync 6 DAGs
[2024-03-16T10:05:38.333+0000] {logging_mixin.py:188} INFO - [2024-03-16T10:05:38.333+0000] {dag.py:3834} INFO - Setting next_dagrun for dataset_consumes_1 to None, run_after=None
[2024-03-16T10:05:38.337+0000] {logging_mixin.py:188} INFO - [2024-03-16T10:05:38.337+0000] {dag.py:3834} INFO - Setting next_dagrun for dataset_consumes_1_and_2 to None, run_after=None
[2024-03-16T10:05:38.338+0000] {logging_mixin.py:188} INFO - [2024-03-16T10:05:38.338+0000] {dag.py:3834} INFO - Setting next_dagrun for dataset_consumes_1_never_scheduled to None, run_after=None
[2024-03-16T10:05:38.339+0000] {logging_mixin.py:188} INFO - [2024-03-16T10:05:38.339+0000] {dag.py:3834} INFO - Setting next_dagrun for dataset_consumes_unknown_never_scheduled to None, run_after=None
[2024-03-16T10:05:38.342+0000] {logging_mixin.py:188} INFO - [2024-03-16T10:05:38.342+0000] {dag.py:3834} INFO - Setting next_dagrun for dataset_produces_1 to 2024-03-15 00:00:00+00:00, run_after=2024-03-16 00:00:00+00:00
[2024-03-16T10:05:38.343+0000] {logging_mixin.py:188} INFO - [2024-03-16T10:05:38.343+0000] {dag.py:3834} INFO - Setting next_dagrun for dataset_produces_2 to None, run_after=None
[2024-03-16T10:05:38.380+0000] {processor.py:183} INFO - Processing /usr/local/lib/python3.8/dist-packages/airflow/example_dags/example_datasets.py took 0.116 seconds
[2024-03-16T10:06:41.420+0000] {processor.py:161} INFO - Started process (PID=1915) to work on /usr/local/lib/python3.8/dist-packages/airflow/example_dags/example_datasets.py
[2024-03-16T10:06:41.422+0000] {processor.py:830} INFO - Processing file /usr/local/lib/python3.8/dist-packages/airflow/example_dags/example_datasets.py for tasks to queue
[2024-03-16T10:06:41.423+0000] {logging_mixin.py:188} INFO - [2024-03-16T10:06:41.423+0000] {dagbag.py:540} INFO - Filling up the DagBag from /usr/local/lib/python3.8/dist-packages/airflow/example_dags/example_datasets.py
[2024-03-16T10:06:41.434+0000] {processor.py:840} INFO - DAG(s) 'dataset_consumes_unknown_never_scheduled', 'dataset_consumes_1_and_2', 'dataset_consumes_1', 'dataset_consumes_1_never_scheduled', 'dataset_produces_1', 'dataset_produces_2' retrieved from /usr/local/lib/python3.8/dist-packages/airflow/example_dags/example_datasets.py
[2024-03-16T10:06:41.458+0000] {logging_mixin.py:188} INFO - [2024-03-16T10:06:41.457+0000] {dag.py:3047} INFO - Sync 6 DAGs
[2024-03-16T10:06:41.474+0000] {logging_mixin.py:188} INFO - [2024-03-16T10:06:41.474+0000] {dag.py:3834} INFO - Setting next_dagrun for dataset_consumes_1 to None, run_after=None
[2024-03-16T10:06:41.477+0000] {logging_mixin.py:188} INFO - [2024-03-16T10:06:41.477+0000] {dag.py:3834} INFO - Setting next_dagrun for dataset_consumes_1_and_2 to None, run_after=None
[2024-03-16T10:06:41.478+0000] {logging_mixin.py:188} INFO - [2024-03-16T10:06:41.478+0000] {dag.py:3834} INFO - Setting next_dagrun for dataset_consumes_1_never_scheduled to None, run_after=None
[2024-03-16T10:06:41.479+0000] {logging_mixin.py:188} INFO - [2024-03-16T10:06:41.479+0000] {dag.py:3834} INFO - Setting next_dagrun for dataset_consumes_unknown_never_scheduled to None, run_after=None
[2024-03-16T10:06:41.481+0000] {logging_mixin.py:188} INFO - [2024-03-16T10:06:41.481+0000] {dag.py:3834} INFO - Setting next_dagrun for dataset_produces_1 to 2024-03-15 00:00:00+00:00, run_after=2024-03-16 00:00:00+00:00
[2024-03-16T10:06:41.482+0000] {logging_mixin.py:188} INFO - [2024-03-16T10:06:41.482+0000] {dag.py:3834} INFO - Setting next_dagrun for dataset_produces_2 to None, run_after=None
[2024-03-16T10:06:41.513+0000] {processor.py:183} INFO - Processing /usr/local/lib/python3.8/dist-packages/airflow/example_dags/example_datasets.py took 0.096 seconds
[2024-03-16T10:07:40.471+0000] {processor.py:161} INFO - Started process (PID=2018) to work on /usr/local/lib/python3.8/dist-packages/airflow/example_dags/example_datasets.py
[2024-03-16T10:07:40.474+0000] {processor.py:830} INFO - Processing file /usr/local/lib/python3.8/dist-packages/airflow/example_dags/example_datasets.py for tasks to queue
[2024-03-16T10:07:40.475+0000] {logging_mixin.py:188} INFO - [2024-03-16T10:07:40.474+0000] {dagbag.py:540} INFO - Filling up the DagBag from /usr/local/lib/python3.8/dist-packages/airflow/example_dags/example_datasets.py
[2024-03-16T10:07:40.486+0000] {processor.py:840} INFO - DAG(s) 'dataset_consumes_1', 'dataset_consumes_1_and_2', 'dataset_produces_2', 'dataset_consumes_unknown_never_scheduled', 'dataset_produces_1', 'dataset_consumes_1_never_scheduled' retrieved from /usr/local/lib/python3.8/dist-packages/airflow/example_dags/example_datasets.py
[2024-03-16T10:07:40.517+0000] {logging_mixin.py:188} INFO - [2024-03-16T10:07:40.516+0000] {dag.py:3047} INFO - Sync 6 DAGs
[2024-03-16T10:07:40.539+0000] {logging_mixin.py:188} INFO - [2024-03-16T10:07:40.539+0000] {dag.py:3834} INFO - Setting next_dagrun for dataset_consumes_1 to None, run_after=None
[2024-03-16T10:07:40.543+0000] {logging_mixin.py:188} INFO - [2024-03-16T10:07:40.543+0000] {dag.py:3834} INFO - Setting next_dagrun for dataset_consumes_1_and_2 to None, run_after=None
[2024-03-16T10:07:40.544+0000] {logging_mixin.py:188} INFO - [2024-03-16T10:07:40.544+0000] {dag.py:3834} INFO - Setting next_dagrun for dataset_consumes_1_never_scheduled to None, run_after=None
[2024-03-16T10:07:40.545+0000] {logging_mixin.py:188} INFO - [2024-03-16T10:07:40.545+0000] {dag.py:3834} INFO - Setting next_dagrun for dataset_consumes_unknown_never_scheduled to None, run_after=None
[2024-03-16T10:07:40.548+0000] {logging_mixin.py:188} INFO - [2024-03-16T10:07:40.548+0000] {dag.py:3834} INFO - Setting next_dagrun for dataset_produces_1 to 2024-03-15 00:00:00+00:00, run_after=2024-03-16 00:00:00+00:00
[2024-03-16T10:07:40.549+0000] {logging_mixin.py:188} INFO - [2024-03-16T10:07:40.549+0000] {dag.py:3834} INFO - Setting next_dagrun for dataset_produces_2 to None, run_after=None
[2024-03-16T10:07:40.588+0000] {processor.py:183} INFO - Processing /usr/local/lib/python3.8/dist-packages/airflow/example_dags/example_datasets.py took 0.120 seconds
[2024-03-16T10:08:46.424+0000] {processor.py:161} INFO - Started process (PID=2124) to work on /usr/local/lib/python3.8/dist-packages/airflow/example_dags/example_datasets.py
[2024-03-16T10:08:46.426+0000] {processor.py:830} INFO - Processing file /usr/local/lib/python3.8/dist-packages/airflow/example_dags/example_datasets.py for tasks to queue
[2024-03-16T10:08:46.426+0000] {logging_mixin.py:188} INFO - [2024-03-16T10:08:46.426+0000] {dagbag.py:540} INFO - Filling up the DagBag from /usr/local/lib/python3.8/dist-packages/airflow/example_dags/example_datasets.py
[2024-03-16T10:08:46.435+0000] {processor.py:840} INFO - DAG(s) 'dataset_consumes_1_and_2', 'dataset_consumes_1', 'dataset_consumes_unknown_never_scheduled', 'dataset_produces_1', 'dataset_consumes_1_never_scheduled', 'dataset_produces_2' retrieved from /usr/local/lib/python3.8/dist-packages/airflow/example_dags/example_datasets.py
[2024-03-16T10:08:46.457+0000] {logging_mixin.py:188} INFO - [2024-03-16T10:08:46.456+0000] {dag.py:3047} INFO - Sync 6 DAGs
[2024-03-16T10:08:46.473+0000] {logging_mixin.py:188} INFO - [2024-03-16T10:08:46.473+0000] {dag.py:3834} INFO - Setting next_dagrun for dataset_consumes_1 to None, run_after=None
[2024-03-16T10:08:46.476+0000] {logging_mixin.py:188} INFO - [2024-03-16T10:08:46.476+0000] {dag.py:3834} INFO - Setting next_dagrun for dataset_consumes_1_and_2 to None, run_after=None
[2024-03-16T10:08:46.477+0000] {logging_mixin.py:188} INFO - [2024-03-16T10:08:46.476+0000] {dag.py:3834} INFO - Setting next_dagrun for dataset_consumes_1_never_scheduled to None, run_after=None
[2024-03-16T10:08:46.477+0000] {logging_mixin.py:188} INFO - [2024-03-16T10:08:46.477+0000] {dag.py:3834} INFO - Setting next_dagrun for dataset_consumes_unknown_never_scheduled to None, run_after=None
[2024-03-16T10:08:46.479+0000] {logging_mixin.py:188} INFO - [2024-03-16T10:08:46.479+0000] {dag.py:3834} INFO - Setting next_dagrun for dataset_produces_1 to 2024-03-15 00:00:00+00:00, run_after=2024-03-16 00:00:00+00:00
[2024-03-16T10:08:46.480+0000] {logging_mixin.py:188} INFO - [2024-03-16T10:08:46.480+0000] {dag.py:3834} INFO - Setting next_dagrun for dataset_produces_2 to None, run_after=None
[2024-03-16T10:08:46.511+0000] {processor.py:183} INFO - Processing /usr/local/lib/python3.8/dist-packages/airflow/example_dags/example_datasets.py took 0.091 seconds
[2024-03-16T10:09:47.458+0000] {processor.py:161} INFO - Started process (PID=2229) to work on /usr/local/lib/python3.8/dist-packages/airflow/example_dags/example_datasets.py
[2024-03-16T10:09:47.460+0000] {processor.py:830} INFO - Processing file /usr/local/lib/python3.8/dist-packages/airflow/example_dags/example_datasets.py for tasks to queue
[2024-03-16T10:09:47.461+0000] {logging_mixin.py:188} INFO - [2024-03-16T10:09:47.460+0000] {dagbag.py:540} INFO - Filling up the DagBag from /usr/local/lib/python3.8/dist-packages/airflow/example_dags/example_datasets.py
[2024-03-16T10:09:47.471+0000] {processor.py:840} INFO - DAG(s) 'dataset_produces_1', 'dataset_consumes_1_never_scheduled', 'dataset_consumes_1_and_2', 'dataset_produces_2', 'dataset_consumes_1', 'dataset_consumes_unknown_never_scheduled' retrieved from /usr/local/lib/python3.8/dist-packages/airflow/example_dags/example_datasets.py
[2024-03-16T10:09:47.495+0000] {logging_mixin.py:188} INFO - [2024-03-16T10:09:47.495+0000] {dag.py:3047} INFO - Sync 6 DAGs
[2024-03-16T10:09:47.512+0000] {logging_mixin.py:188} INFO - [2024-03-16T10:09:47.512+0000] {dag.py:3834} INFO - Setting next_dagrun for dataset_consumes_1 to None, run_after=None
[2024-03-16T10:09:47.515+0000] {logging_mixin.py:188} INFO - [2024-03-16T10:09:47.515+0000] {dag.py:3834} INFO - Setting next_dagrun for dataset_consumes_1_and_2 to None, run_after=None
[2024-03-16T10:09:47.516+0000] {logging_mixin.py:188} INFO - [2024-03-16T10:09:47.515+0000] {dag.py:3834} INFO - Setting next_dagrun for dataset_consumes_1_never_scheduled to None, run_after=None
[2024-03-16T10:09:47.516+0000] {logging_mixin.py:188} INFO - [2024-03-16T10:09:47.516+0000] {dag.py:3834} INFO - Setting next_dagrun for dataset_consumes_unknown_never_scheduled to None, run_after=None
[2024-03-16T10:09:47.518+0000] {logging_mixin.py:188} INFO - [2024-03-16T10:09:47.518+0000] {dag.py:3834} INFO - Setting next_dagrun for dataset_produces_1 to 2024-03-15 00:00:00+00:00, run_after=2024-03-16 00:00:00+00:00
[2024-03-16T10:09:47.519+0000] {logging_mixin.py:188} INFO - [2024-03-16T10:09:47.519+0000] {dag.py:3834} INFO - Setting next_dagrun for dataset_produces_2 to None, run_after=None
[2024-03-16T10:09:47.549+0000] {processor.py:183} INFO - Processing /usr/local/lib/python3.8/dist-packages/airflow/example_dags/example_datasets.py took 0.094 seconds
[2024-03-16T10:10:56.740+0000] {processor.py:161} INFO - Started process (PID=2334) to work on /usr/local/lib/python3.8/dist-packages/airflow/example_dags/example_datasets.py
[2024-03-16T10:10:56.742+0000] {processor.py:830} INFO - Processing file /usr/local/lib/python3.8/dist-packages/airflow/example_dags/example_datasets.py for tasks to queue
[2024-03-16T10:10:56.743+0000] {logging_mixin.py:188} INFO - [2024-03-16T10:10:56.743+0000] {dagbag.py:540} INFO - Filling up the DagBag from /usr/local/lib/python3.8/dist-packages/airflow/example_dags/example_datasets.py
[2024-03-16T10:10:56.754+0000] {processor.py:840} INFO - DAG(s) 'dataset_consumes_unknown_never_scheduled', 'dataset_produces_1', 'dataset_consumes_1_never_scheduled', 'dataset_consumes_1_and_2', 'dataset_consumes_1', 'dataset_produces_2' retrieved from /usr/local/lib/python3.8/dist-packages/airflow/example_dags/example_datasets.py
[2024-03-16T10:10:56.785+0000] {logging_mixin.py:188} INFO - [2024-03-16T10:10:56.785+0000] {dag.py:3047} INFO - Sync 6 DAGs
[2024-03-16T10:10:56.803+0000] {logging_mixin.py:188} INFO - [2024-03-16T10:10:56.802+0000] {dag.py:3834} INFO - Setting next_dagrun for dataset_consumes_1 to None, run_after=None
[2024-03-16T10:10:56.806+0000] {logging_mixin.py:188} INFO - [2024-03-16T10:10:56.806+0000] {dag.py:3834} INFO - Setting next_dagrun for dataset_consumes_1_and_2 to None, run_after=None
[2024-03-16T10:10:56.807+0000] {logging_mixin.py:188} INFO - [2024-03-16T10:10:56.807+0000] {dag.py:3834} INFO - Setting next_dagrun for dataset_consumes_1_never_scheduled to None, run_after=None
[2024-03-16T10:10:56.808+0000] {logging_mixin.py:188} INFO - [2024-03-16T10:10:56.807+0000] {dag.py:3834} INFO - Setting next_dagrun for dataset_consumes_unknown_never_scheduled to None, run_after=None
[2024-03-16T10:10:56.810+0000] {logging_mixin.py:188} INFO - [2024-03-16T10:10:56.810+0000] {dag.py:3834} INFO - Setting next_dagrun for dataset_produces_1 to 2024-03-15 00:00:00+00:00, run_after=2024-03-16 00:00:00+00:00
[2024-03-16T10:10:56.811+0000] {logging_mixin.py:188} INFO - [2024-03-16T10:10:56.810+0000] {dag.py:3834} INFO - Setting next_dagrun for dataset_produces_2 to None, run_after=None
[2024-03-16T10:10:57.338+0000] {processor.py:183} INFO - Processing /usr/local/lib/python3.8/dist-packages/airflow/example_dags/example_datasets.py took 0.601 seconds
[2024-03-16T10:12:37.008+0000] {processor.py:161} INFO - Started process (PID=2519) to work on /usr/local/lib/python3.8/dist-packages/airflow/example_dags/example_datasets.py
[2024-03-16T10:12:37.010+0000] {processor.py:830} INFO - Processing file /usr/local/lib/python3.8/dist-packages/airflow/example_dags/example_datasets.py for tasks to queue
[2024-03-16T10:12:37.011+0000] {logging_mixin.py:188} INFO - [2024-03-16T10:12:37.011+0000] {dagbag.py:540} INFO - Filling up the DagBag from /usr/local/lib/python3.8/dist-packages/airflow/example_dags/example_datasets.py
[2024-03-16T10:12:37.022+0000] {processor.py:840} INFO - DAG(s) 'dataset_produces_1', 'dataset_consumes_unknown_never_scheduled', 'dataset_produces_2', 'dataset_consumes_1_never_scheduled', 'dataset_consumes_1', 'dataset_consumes_1_and_2' retrieved from /usr/local/lib/python3.8/dist-packages/airflow/example_dags/example_datasets.py
[2024-03-16T10:12:37.053+0000] {logging_mixin.py:188} INFO - [2024-03-16T10:12:37.053+0000] {dag.py:3047} INFO - Sync 6 DAGs
[2024-03-16T10:12:37.072+0000] {logging_mixin.py:188} INFO - [2024-03-16T10:12:37.071+0000] {dag.py:3834} INFO - Setting next_dagrun for dataset_consumes_1 to None, run_after=None
[2024-03-16T10:12:37.074+0000] {logging_mixin.py:188} INFO - [2024-03-16T10:12:37.074+0000] {dag.py:3834} INFO - Setting next_dagrun for dataset_consumes_1_and_2 to None, run_after=None
[2024-03-16T10:12:37.075+0000] {logging_mixin.py:188} INFO - [2024-03-16T10:12:37.075+0000] {dag.py:3834} INFO - Setting next_dagrun for dataset_consumes_1_never_scheduled to None, run_after=None
[2024-03-16T10:12:37.076+0000] {logging_mixin.py:188} INFO - [2024-03-16T10:12:37.076+0000] {dag.py:3834} INFO - Setting next_dagrun for dataset_consumes_unknown_never_scheduled to None, run_after=None
[2024-03-16T10:12:37.078+0000] {logging_mixin.py:188} INFO - [2024-03-16T10:12:37.078+0000] {dag.py:3834} INFO - Setting next_dagrun for dataset_produces_1 to 2024-03-15 00:00:00+00:00, run_after=2024-03-16 00:00:00+00:00
[2024-03-16T10:12:37.079+0000] {logging_mixin.py:188} INFO - [2024-03-16T10:12:37.079+0000] {dag.py:3834} INFO - Setting next_dagrun for dataset_produces_2 to None, run_after=None
[2024-03-16T10:12:37.110+0000] {processor.py:183} INFO - Processing /usr/local/lib/python3.8/dist-packages/airflow/example_dags/example_datasets.py took 0.104 seconds
[2024-03-16T10:14:13.846+0000] {processor.py:161} INFO - Started process (PID=2690) to work on /usr/local/lib/python3.8/dist-packages/airflow/example_dags/example_datasets.py
[2024-03-16T10:14:13.848+0000] {processor.py:830} INFO - Processing file /usr/local/lib/python3.8/dist-packages/airflow/example_dags/example_datasets.py for tasks to queue
[2024-03-16T10:14:13.849+0000] {logging_mixin.py:188} INFO - [2024-03-16T10:14:13.849+0000] {dagbag.py:540} INFO - Filling up the DagBag from /usr/local/lib/python3.8/dist-packages/airflow/example_dags/example_datasets.py
[2024-03-16T10:14:13.861+0000] {processor.py:840} INFO - DAG(s) 'dataset_consumes_1_never_scheduled', 'dataset_consumes_1_and_2', 'dataset_consumes_unknown_never_scheduled', 'dataset_consumes_1', 'dataset_produces_1', 'dataset_produces_2' retrieved from /usr/local/lib/python3.8/dist-packages/airflow/example_dags/example_datasets.py
[2024-03-16T10:14:13.891+0000] {logging_mixin.py:188} INFO - [2024-03-16T10:14:13.891+0000] {dag.py:3047} INFO - Sync 6 DAGs
[2024-03-16T10:14:13.914+0000] {logging_mixin.py:188} INFO - [2024-03-16T10:14:13.914+0000] {dag.py:3834} INFO - Setting next_dagrun for dataset_consumes_1 to None, run_after=None
[2024-03-16T10:14:13.918+0000] {logging_mixin.py:188} INFO - [2024-03-16T10:14:13.918+0000] {dag.py:3834} INFO - Setting next_dagrun for dataset_consumes_1_and_2 to None, run_after=None
[2024-03-16T10:14:13.919+0000] {logging_mixin.py:188} INFO - [2024-03-16T10:14:13.919+0000] {dag.py:3834} INFO - Setting next_dagrun for dataset_consumes_1_never_scheduled to None, run_after=None
[2024-03-16T10:14:13.920+0000] {logging_mixin.py:188} INFO - [2024-03-16T10:14:13.920+0000] {dag.py:3834} INFO - Setting next_dagrun for dataset_consumes_unknown_never_scheduled to None, run_after=None
[2024-03-16T10:14:13.923+0000] {logging_mixin.py:188} INFO - [2024-03-16T10:14:13.923+0000] {dag.py:3834} INFO - Setting next_dagrun for dataset_produces_1 to 2024-03-15 00:00:00+00:00, run_after=2024-03-16 00:00:00+00:00
[2024-03-16T10:14:13.924+0000] {logging_mixin.py:188} INFO - [2024-03-16T10:14:13.924+0000] {dag.py:3834} INFO - Setting next_dagrun for dataset_produces_2 to None, run_after=None
[2024-03-16T10:14:14.003+0000] {processor.py:183} INFO - Processing /usr/local/lib/python3.8/dist-packages/airflow/example_dags/example_datasets.py took 0.159 seconds
[2024-03-16T10:15:21.179+0000] {processor.py:161} INFO - Started process (PID=3004) to work on /usr/local/lib/python3.8/dist-packages/airflow/example_dags/example_datasets.py
[2024-03-16T10:15:21.181+0000] {processor.py:830} INFO - Processing file /usr/local/lib/python3.8/dist-packages/airflow/example_dags/example_datasets.py for tasks to queue
[2024-03-16T10:15:21.182+0000] {logging_mixin.py:188} INFO - [2024-03-16T10:15:21.181+0000] {dagbag.py:540} INFO - Filling up the DagBag from /usr/local/lib/python3.8/dist-packages/airflow/example_dags/example_datasets.py
[2024-03-16T10:15:21.193+0000] {processor.py:840} INFO - DAG(s) 'dataset_produces_2', 'dataset_consumes_1', 'dataset_consumes_1_never_scheduled', 'dataset_produces_1', 'dataset_consumes_1_and_2', 'dataset_consumes_unknown_never_scheduled' retrieved from /usr/local/lib/python3.8/dist-packages/airflow/example_dags/example_datasets.py
[2024-03-16T10:15:21.224+0000] {logging_mixin.py:188} INFO - [2024-03-16T10:15:21.223+0000] {dag.py:3047} INFO - Sync 6 DAGs
[2024-03-16T10:15:21.247+0000] {logging_mixin.py:188} INFO - [2024-03-16T10:15:21.246+0000] {dag.py:3834} INFO - Setting next_dagrun for dataset_consumes_1 to None, run_after=None
[2024-03-16T10:15:21.250+0000] {logging_mixin.py:188} INFO - [2024-03-16T10:15:21.250+0000] {dag.py:3834} INFO - Setting next_dagrun for dataset_consumes_1_and_2 to None, run_after=None
[2024-03-16T10:15:21.252+0000] {logging_mixin.py:188} INFO - [2024-03-16T10:15:21.251+0000] {dag.py:3834} INFO - Setting next_dagrun for dataset_consumes_1_never_scheduled to None, run_after=None
[2024-03-16T10:15:21.253+0000] {logging_mixin.py:188} INFO - [2024-03-16T10:15:21.253+0000] {dag.py:3834} INFO - Setting next_dagrun for dataset_consumes_unknown_never_scheduled to None, run_after=None
[2024-03-16T10:15:21.256+0000] {logging_mixin.py:188} INFO - [2024-03-16T10:15:21.255+0000] {dag.py:3834} INFO - Setting next_dagrun for dataset_produces_1 to 2024-03-15 00:00:00+00:00, run_after=2024-03-16 00:00:00+00:00
[2024-03-16T10:15:21.257+0000] {logging_mixin.py:188} INFO - [2024-03-16T10:15:21.256+0000] {dag.py:3834} INFO - Setting next_dagrun for dataset_produces_2 to None, run_after=None
[2024-03-16T10:15:21.296+0000] {processor.py:183} INFO - Processing /usr/local/lib/python3.8/dist-packages/airflow/example_dags/example_datasets.py took 0.120 seconds
[2024-03-16T10:16:29.002+0000] {processor.py:161} INFO - Started process (PID=3118) to work on /usr/local/lib/python3.8/dist-packages/airflow/example_dags/example_datasets.py
[2024-03-16T10:16:29.004+0000] {processor.py:830} INFO - Processing file /usr/local/lib/python3.8/dist-packages/airflow/example_dags/example_datasets.py for tasks to queue
[2024-03-16T10:16:29.005+0000] {logging_mixin.py:188} INFO - [2024-03-16T10:16:29.004+0000] {dagbag.py:540} INFO - Filling up the DagBag from /usr/local/lib/python3.8/dist-packages/airflow/example_dags/example_datasets.py
[2024-03-16T10:16:29.016+0000] {processor.py:840} INFO - DAG(s) 'dataset_produces_1', 'dataset_consumes_1_and_2', 'dataset_consumes_1', 'dataset_produces_2', 'dataset_consumes_unknown_never_scheduled', 'dataset_consumes_1_never_scheduled' retrieved from /usr/local/lib/python3.8/dist-packages/airflow/example_dags/example_datasets.py
[2024-03-16T10:16:29.046+0000] {logging_mixin.py:188} INFO - [2024-03-16T10:16:29.046+0000] {dag.py:3047} INFO - Sync 6 DAGs
[2024-03-16T10:16:29.065+0000] {logging_mixin.py:188} INFO - [2024-03-16T10:16:29.065+0000] {dag.py:3834} INFO - Setting next_dagrun for dataset_consumes_1 to None, run_after=None
[2024-03-16T10:16:29.068+0000] {logging_mixin.py:188} INFO - [2024-03-16T10:16:29.068+0000] {dag.py:3834} INFO - Setting next_dagrun for dataset_consumes_1_and_2 to None, run_after=None
[2024-03-16T10:16:29.069+0000] {logging_mixin.py:188} INFO - [2024-03-16T10:16:29.069+0000] {dag.py:3834} INFO - Setting next_dagrun for dataset_consumes_1_never_scheduled to None, run_after=None
[2024-03-16T10:16:29.070+0000] {logging_mixin.py:188} INFO - [2024-03-16T10:16:29.069+0000] {dag.py:3834} INFO - Setting next_dagrun for dataset_consumes_unknown_never_scheduled to None, run_after=None
[2024-03-16T10:16:29.072+0000] {logging_mixin.py:188} INFO - [2024-03-16T10:16:29.071+0000] {dag.py:3834} INFO - Setting next_dagrun for dataset_produces_1 to 2024-03-15 00:00:00+00:00, run_after=2024-03-16 00:00:00+00:00
[2024-03-16T10:16:29.072+0000] {logging_mixin.py:188} INFO - [2024-03-16T10:16:29.072+0000] {dag.py:3834} INFO - Setting next_dagrun for dataset_produces_2 to None, run_after=None
[2024-03-16T10:16:29.104+0000] {processor.py:183} INFO - Processing /usr/local/lib/python3.8/dist-packages/airflow/example_dags/example_datasets.py took 0.106 seconds
