[2024-03-16T09:54:32.950+0000] {processor.py:161} INFO - Started process (PID=740) to work on /usr/local/lib/python3.8/dist-packages/airflow/example_dags/example_sensors.py
[2024-03-16T09:54:32.951+0000] {processor.py:830} INFO - Processing file /usr/local/lib/python3.8/dist-packages/airflow/example_dags/example_sensors.py for tasks to queue
[2024-03-16T09:54:32.952+0000] {logging_mixin.py:188} INFO - [2024-03-16T09:54:32.952+0000] {dagbag.py:540} INFO - Filling up the DagBag from /usr/local/lib/python3.8/dist-packages/airflow/example_dags/example_sensors.py
[2024-03-16T09:54:32.963+0000] {processor.py:840} INFO - DAG(s) 'example_sensors' retrieved from /usr/local/lib/python3.8/dist-packages/airflow/example_dags/example_sensors.py
[2024-03-16T09:54:33.081+0000] {logging_mixin.py:188} INFO - [2024-03-16T09:54:33.080+0000] {dag.py:3047} INFO - Sync 1 DAGs
[2024-03-16T09:54:33.089+0000] {logging_mixin.py:188} INFO - [2024-03-16T09:54:33.089+0000] {dag.py:3834} INFO - Setting next_dagrun for example_sensors to None, run_after=None
[2024-03-16T09:54:33.113+0000] {processor.py:183} INFO - Processing /usr/local/lib/python3.8/dist-packages/airflow/example_dags/example_sensors.py took 0.166 seconds
[2024-03-16T09:55:31.278+0000] {processor.py:161} INFO - Started process (PID=830) to work on /usr/local/lib/python3.8/dist-packages/airflow/example_dags/example_sensors.py
[2024-03-16T09:55:31.281+0000] {processor.py:830} INFO - Processing file /usr/local/lib/python3.8/dist-packages/airflow/example_dags/example_sensors.py for tasks to queue
[2024-03-16T09:55:31.282+0000] {logging_mixin.py:188} INFO - [2024-03-16T09:55:31.281+0000] {dagbag.py:540} INFO - Filling up the DagBag from /usr/local/lib/python3.8/dist-packages/airflow/example_dags/example_sensors.py
[2024-03-16T09:55:31.292+0000] {processor.py:840} INFO - DAG(s) 'example_sensors' retrieved from /usr/local/lib/python3.8/dist-packages/airflow/example_dags/example_sensors.py
[2024-03-16T09:55:31.313+0000] {logging_mixin.py:188} INFO - [2024-03-16T09:55:31.313+0000] {dag.py:3047} INFO - Sync 1 DAGs
[2024-03-16T09:55:31.326+0000] {logging_mixin.py:188} INFO - [2024-03-16T09:55:31.326+0000] {dag.py:3834} INFO - Setting next_dagrun for example_sensors to None, run_after=None
[2024-03-16T09:55:31.356+0000] {processor.py:183} INFO - Processing /usr/local/lib/python3.8/dist-packages/airflow/example_dags/example_sensors.py took 0.081 seconds
[2024-03-16T09:56:52.067+0000] {processor.py:161} INFO - Started process (PID=969) to work on /usr/local/lib/python3.8/dist-packages/airflow/example_dags/example_sensors.py
[2024-03-16T09:56:52.070+0000] {processor.py:830} INFO - Processing file /usr/local/lib/python3.8/dist-packages/airflow/example_dags/example_sensors.py for tasks to queue
[2024-03-16T09:56:52.071+0000] {logging_mixin.py:188} INFO - [2024-03-16T09:56:52.071+0000] {dagbag.py:540} INFO - Filling up the DagBag from /usr/local/lib/python3.8/dist-packages/airflow/example_dags/example_sensors.py
[2024-03-16T09:56:52.082+0000] {processor.py:840} INFO - DAG(s) 'example_sensors' retrieved from /usr/local/lib/python3.8/dist-packages/airflow/example_dags/example_sensors.py
[2024-03-16T09:56:52.104+0000] {logging_mixin.py:188} INFO - [2024-03-16T09:56:52.104+0000] {dag.py:3047} INFO - Sync 1 DAGs
[2024-03-16T09:56:52.117+0000] {logging_mixin.py:188} INFO - [2024-03-16T09:56:52.117+0000] {dag.py:3834} INFO - Setting next_dagrun for example_sensors to None, run_after=None
[2024-03-16T09:56:52.466+0000] {processor.py:183} INFO - Processing /usr/local/lib/python3.8/dist-packages/airflow/example_dags/example_sensors.py took 0.401 seconds
[2024-03-16T09:57:55.648+0000] {processor.py:161} INFO - Started process (PID=1052) to work on /usr/local/lib/python3.8/dist-packages/airflow/example_dags/example_sensors.py
[2024-03-16T09:57:55.650+0000] {processor.py:830} INFO - Processing file /usr/local/lib/python3.8/dist-packages/airflow/example_dags/example_sensors.py for tasks to queue
[2024-03-16T09:57:55.651+0000] {logging_mixin.py:188} INFO - [2024-03-16T09:57:55.651+0000] {dagbag.py:540} INFO - Filling up the DagBag from /usr/local/lib/python3.8/dist-packages/airflow/example_dags/example_sensors.py
[2024-03-16T09:57:55.662+0000] {processor.py:840} INFO - DAG(s) 'example_sensors' retrieved from /usr/local/lib/python3.8/dist-packages/airflow/example_dags/example_sensors.py
[2024-03-16T09:57:55.684+0000] {logging_mixin.py:188} INFO - [2024-03-16T09:57:55.683+0000] {dag.py:3047} INFO - Sync 1 DAGs
[2024-03-16T09:57:55.697+0000] {logging_mixin.py:188} INFO - [2024-03-16T09:57:55.696+0000] {dag.py:3834} INFO - Setting next_dagrun for example_sensors to None, run_after=None
[2024-03-16T09:57:55.722+0000] {processor.py:183} INFO - Processing /usr/local/lib/python3.8/dist-packages/airflow/example_dags/example_sensors.py took 0.078 seconds
[2024-03-16T10:03:25.814+0000] {processor.py:161} INFO - Started process (PID=1566) to work on /usr/local/lib/python3.8/dist-packages/airflow/example_dags/example_sensors.py
[2024-03-16T10:03:25.816+0000] {processor.py:830} INFO - Processing file /usr/local/lib/python3.8/dist-packages/airflow/example_dags/example_sensors.py for tasks to queue
[2024-03-16T10:03:25.817+0000] {logging_mixin.py:188} INFO - [2024-03-16T10:03:25.817+0000] {dagbag.py:540} INFO - Filling up the DagBag from /usr/local/lib/python3.8/dist-packages/airflow/example_dags/example_sensors.py
[2024-03-16T10:03:25.827+0000] {processor.py:840} INFO - DAG(s) 'example_sensors' retrieved from /usr/local/lib/python3.8/dist-packages/airflow/example_dags/example_sensors.py
[2024-03-16T10:03:25.948+0000] {logging_mixin.py:188} INFO - [2024-03-16T10:03:25.947+0000] {dag.py:3047} INFO - Sync 1 DAGs
[2024-03-16T10:03:25.956+0000] {logging_mixin.py:188} INFO - [2024-03-16T10:03:25.955+0000] {dag.py:3834} INFO - Setting next_dagrun for example_sensors to None, run_after=None
[2024-03-16T10:03:25.979+0000] {processor.py:183} INFO - Processing /usr/local/lib/python3.8/dist-packages/airflow/example_dags/example_sensors.py took 0.168 seconds
[2024-03-16T10:05:29.324+0000] {processor.py:161} INFO - Started process (PID=1801) to work on /usr/local/lib/python3.8/dist-packages/airflow/example_dags/example_sensors.py
[2024-03-16T10:05:29.326+0000] {processor.py:830} INFO - Processing file /usr/local/lib/python3.8/dist-packages/airflow/example_dags/example_sensors.py for tasks to queue
[2024-03-16T10:05:29.327+0000] {logging_mixin.py:188} INFO - [2024-03-16T10:05:29.326+0000] {dagbag.py:540} INFO - Filling up the DagBag from /usr/local/lib/python3.8/dist-packages/airflow/example_dags/example_sensors.py
[2024-03-16T10:05:29.338+0000] {processor.py:840} INFO - DAG(s) 'example_sensors' retrieved from /usr/local/lib/python3.8/dist-packages/airflow/example_dags/example_sensors.py
[2024-03-16T10:05:29.360+0000] {logging_mixin.py:188} INFO - [2024-03-16T10:05:29.360+0000] {dag.py:3047} INFO - Sync 1 DAGs
[2024-03-16T10:05:29.373+0000] {logging_mixin.py:188} INFO - [2024-03-16T10:05:29.373+0000] {dag.py:3834} INFO - Setting next_dagrun for example_sensors to None, run_after=None
[2024-03-16T10:05:29.417+0000] {processor.py:183} INFO - Processing /usr/local/lib/python3.8/dist-packages/airflow/example_dags/example_sensors.py took 0.096 seconds
[2024-03-16T10:06:33.262+0000] {processor.py:161} INFO - Started process (PID=1906) to work on /usr/local/lib/python3.8/dist-packages/airflow/example_dags/example_sensors.py
[2024-03-16T10:06:33.263+0000] {processor.py:830} INFO - Processing file /usr/local/lib/python3.8/dist-packages/airflow/example_dags/example_sensors.py for tasks to queue
[2024-03-16T10:06:33.264+0000] {logging_mixin.py:188} INFO - [2024-03-16T10:06:33.264+0000] {dagbag.py:540} INFO - Filling up the DagBag from /usr/local/lib/python3.8/dist-packages/airflow/example_dags/example_sensors.py
[2024-03-16T10:06:33.275+0000] {processor.py:840} INFO - DAG(s) 'example_sensors' retrieved from /usr/local/lib/python3.8/dist-packages/airflow/example_dags/example_sensors.py
[2024-03-16T10:06:33.297+0000] {logging_mixin.py:188} INFO - [2024-03-16T10:06:33.296+0000] {dag.py:3047} INFO - Sync 1 DAGs
[2024-03-16T10:06:33.310+0000] {logging_mixin.py:188} INFO - [2024-03-16T10:06:33.309+0000] {dag.py:3834} INFO - Setting next_dagrun for example_sensors to None, run_after=None
[2024-03-16T10:06:33.340+0000] {processor.py:183} INFO - Processing /usr/local/lib/python3.8/dist-packages/airflow/example_dags/example_sensors.py took 0.081 seconds
[2024-03-16T10:07:32.523+0000] {processor.py:161} INFO - Started process (PID=2009) to work on /usr/local/lib/python3.8/dist-packages/airflow/example_dags/example_sensors.py
[2024-03-16T10:07:32.524+0000] {processor.py:830} INFO - Processing file /usr/local/lib/python3.8/dist-packages/airflow/example_dags/example_sensors.py for tasks to queue
[2024-03-16T10:07:32.525+0000] {logging_mixin.py:188} INFO - [2024-03-16T10:07:32.525+0000] {dagbag.py:540} INFO - Filling up the DagBag from /usr/local/lib/python3.8/dist-packages/airflow/example_dags/example_sensors.py
[2024-03-16T10:07:32.536+0000] {processor.py:840} INFO - DAG(s) 'example_sensors' retrieved from /usr/local/lib/python3.8/dist-packages/airflow/example_dags/example_sensors.py
[2024-03-16T10:07:32.558+0000] {logging_mixin.py:188} INFO - [2024-03-16T10:07:32.557+0000] {dag.py:3047} INFO - Sync 1 DAGs
[2024-03-16T10:07:32.570+0000] {logging_mixin.py:188} INFO - [2024-03-16T10:07:32.570+0000] {dag.py:3834} INFO - Setting next_dagrun for example_sensors to None, run_after=None
[2024-03-16T10:07:32.604+0000] {processor.py:183} INFO - Processing /usr/local/lib/python3.8/dist-packages/airflow/example_dags/example_sensors.py took 0.084 seconds
[2024-03-16T10:08:36.241+0000] {processor.py:161} INFO - Started process (PID=2115) to work on /usr/local/lib/python3.8/dist-packages/airflow/example_dags/example_sensors.py
[2024-03-16T10:08:36.242+0000] {processor.py:830} INFO - Processing file /usr/local/lib/python3.8/dist-packages/airflow/example_dags/example_sensors.py for tasks to queue
[2024-03-16T10:08:36.243+0000] {logging_mixin.py:188} INFO - [2024-03-16T10:08:36.243+0000] {dagbag.py:540} INFO - Filling up the DagBag from /usr/local/lib/python3.8/dist-packages/airflow/example_dags/example_sensors.py
[2024-03-16T10:08:36.254+0000] {processor.py:840} INFO - DAG(s) 'example_sensors' retrieved from /usr/local/lib/python3.8/dist-packages/airflow/example_dags/example_sensors.py
[2024-03-16T10:08:36.275+0000] {logging_mixin.py:188} INFO - [2024-03-16T10:08:36.275+0000] {dag.py:3047} INFO - Sync 1 DAGs
[2024-03-16T10:08:36.288+0000] {logging_mixin.py:188} INFO - [2024-03-16T10:08:36.288+0000] {dag.py:3834} INFO - Setting next_dagrun for example_sensors to None, run_after=None
[2024-03-16T10:08:36.321+0000] {processor.py:183} INFO - Processing /usr/local/lib/python3.8/dist-packages/airflow/example_dags/example_sensors.py took 0.084 seconds
[2024-03-16T10:09:39.639+0000] {processor.py:161} INFO - Started process (PID=2220) to work on /usr/local/lib/python3.8/dist-packages/airflow/example_dags/example_sensors.py
[2024-03-16T10:09:39.641+0000] {processor.py:830} INFO - Processing file /usr/local/lib/python3.8/dist-packages/airflow/example_dags/example_sensors.py for tasks to queue
[2024-03-16T10:09:39.642+0000] {logging_mixin.py:188} INFO - [2024-03-16T10:09:39.642+0000] {dagbag.py:540} INFO - Filling up the DagBag from /usr/local/lib/python3.8/dist-packages/airflow/example_dags/example_sensors.py
[2024-03-16T10:09:39.652+0000] {processor.py:840} INFO - DAG(s) 'example_sensors' retrieved from /usr/local/lib/python3.8/dist-packages/airflow/example_dags/example_sensors.py
[2024-03-16T10:09:39.674+0000] {logging_mixin.py:188} INFO - [2024-03-16T10:09:39.674+0000] {dag.py:3047} INFO - Sync 1 DAGs
[2024-03-16T10:09:39.687+0000] {logging_mixin.py:188} INFO - [2024-03-16T10:09:39.687+0000] {dag.py:3834} INFO - Setting next_dagrun for example_sensors to None, run_after=None
[2024-03-16T10:09:39.717+0000] {processor.py:183} INFO - Processing /usr/local/lib/python3.8/dist-packages/airflow/example_dags/example_sensors.py took 0.081 seconds
[2024-03-16T10:10:45.282+0000] {processor.py:161} INFO - Started process (PID=2325) to work on /usr/local/lib/python3.8/dist-packages/airflow/example_dags/example_sensors.py
[2024-03-16T10:10:45.284+0000] {processor.py:830} INFO - Processing file /usr/local/lib/python3.8/dist-packages/airflow/example_dags/example_sensors.py for tasks to queue
[2024-03-16T10:10:45.284+0000] {logging_mixin.py:188} INFO - [2024-03-16T10:10:45.284+0000] {dagbag.py:540} INFO - Filling up the DagBag from /usr/local/lib/python3.8/dist-packages/airflow/example_dags/example_sensors.py
[2024-03-16T10:10:45.295+0000] {processor.py:840} INFO - DAG(s) 'example_sensors' retrieved from /usr/local/lib/python3.8/dist-packages/airflow/example_dags/example_sensors.py
[2024-03-16T10:10:45.317+0000] {logging_mixin.py:188} INFO - [2024-03-16T10:10:45.317+0000] {dag.py:3047} INFO - Sync 1 DAGs
[2024-03-16T10:10:45.329+0000] {logging_mixin.py:188} INFO - [2024-03-16T10:10:45.329+0000] {dag.py:3834} INFO - Setting next_dagrun for example_sensors to None, run_after=None
[2024-03-16T10:10:45.359+0000] {processor.py:183} INFO - Processing /usr/local/lib/python3.8/dist-packages/airflow/example_dags/example_sensors.py took 0.081 seconds
[2024-03-16T10:12:28.934+0000] {processor.py:161} INFO - Started process (PID=2510) to work on /usr/local/lib/python3.8/dist-packages/airflow/example_dags/example_sensors.py
[2024-03-16T10:12:28.936+0000] {processor.py:830} INFO - Processing file /usr/local/lib/python3.8/dist-packages/airflow/example_dags/example_sensors.py for tasks to queue
[2024-03-16T10:12:28.936+0000] {logging_mixin.py:188} INFO - [2024-03-16T10:12:28.936+0000] {dagbag.py:540} INFO - Filling up the DagBag from /usr/local/lib/python3.8/dist-packages/airflow/example_dags/example_sensors.py
[2024-03-16T10:12:28.947+0000] {processor.py:840} INFO - DAG(s) 'example_sensors' retrieved from /usr/local/lib/python3.8/dist-packages/airflow/example_dags/example_sensors.py
[2024-03-16T10:12:28.968+0000] {logging_mixin.py:188} INFO - [2024-03-16T10:12:28.968+0000] {dag.py:3047} INFO - Sync 1 DAGs
[2024-03-16T10:12:28.981+0000] {logging_mixin.py:188} INFO - [2024-03-16T10:12:28.981+0000] {dag.py:3834} INFO - Setting next_dagrun for example_sensors to None, run_after=None
[2024-03-16T10:12:29.012+0000] {processor.py:183} INFO - Processing /usr/local/lib/python3.8/dist-packages/airflow/example_dags/example_sensors.py took 0.081 seconds
[2024-03-16T10:14:03.452+0000] {processor.py:161} INFO - Started process (PID=2679) to work on /usr/local/lib/python3.8/dist-packages/airflow/example_dags/example_sensors.py
[2024-03-16T10:14:03.453+0000] {processor.py:830} INFO - Processing file /usr/local/lib/python3.8/dist-packages/airflow/example_dags/example_sensors.py for tasks to queue
[2024-03-16T10:14:03.454+0000] {logging_mixin.py:188} INFO - [2024-03-16T10:14:03.454+0000] {dagbag.py:540} INFO - Filling up the DagBag from /usr/local/lib/python3.8/dist-packages/airflow/example_dags/example_sensors.py
[2024-03-16T10:14:03.465+0000] {processor.py:840} INFO - DAG(s) 'example_sensors' retrieved from /usr/local/lib/python3.8/dist-packages/airflow/example_dags/example_sensors.py
[2024-03-16T10:14:03.487+0000] {logging_mixin.py:188} INFO - [2024-03-16T10:14:03.486+0000] {dag.py:3047} INFO - Sync 1 DAGs
[2024-03-16T10:14:03.499+0000] {logging_mixin.py:188} INFO - [2024-03-16T10:14:03.499+0000] {dag.py:3834} INFO - Setting next_dagrun for example_sensors to None, run_after=None
[2024-03-16T10:14:03.567+0000] {processor.py:183} INFO - Processing /usr/local/lib/python3.8/dist-packages/airflow/example_dags/example_sensors.py took 0.119 seconds
[2024-03-16T10:15:10.834+0000] {processor.py:161} INFO - Started process (PID=2995) to work on /usr/local/lib/python3.8/dist-packages/airflow/example_dags/example_sensors.py
[2024-03-16T10:15:10.836+0000] {processor.py:830} INFO - Processing file /usr/local/lib/python3.8/dist-packages/airflow/example_dags/example_sensors.py for tasks to queue
[2024-03-16T10:15:10.837+0000] {logging_mixin.py:188} INFO - [2024-03-16T10:15:10.837+0000] {dagbag.py:540} INFO - Filling up the DagBag from /usr/local/lib/python3.8/dist-packages/airflow/example_dags/example_sensors.py
[2024-03-16T10:15:10.847+0000] {processor.py:840} INFO - DAG(s) 'example_sensors' retrieved from /usr/local/lib/python3.8/dist-packages/airflow/example_dags/example_sensors.py
[2024-03-16T10:15:10.869+0000] {logging_mixin.py:188} INFO - [2024-03-16T10:15:10.869+0000] {dag.py:3047} INFO - Sync 1 DAGs
[2024-03-16T10:15:10.882+0000] {logging_mixin.py:188} INFO - [2024-03-16T10:15:10.881+0000] {dag.py:3834} INFO - Setting next_dagrun for example_sensors to None, run_after=None
[2024-03-16T10:15:10.912+0000] {processor.py:183} INFO - Processing /usr/local/lib/python3.8/dist-packages/airflow/example_dags/example_sensors.py took 0.081 seconds
[2024-03-16T10:16:19.015+0000] {processor.py:161} INFO - Started process (PID=3109) to work on /usr/local/lib/python3.8/dist-packages/airflow/example_dags/example_sensors.py
[2024-03-16T10:16:19.016+0000] {processor.py:830} INFO - Processing file /usr/local/lib/python3.8/dist-packages/airflow/example_dags/example_sensors.py for tasks to queue
[2024-03-16T10:16:19.017+0000] {logging_mixin.py:188} INFO - [2024-03-16T10:16:19.017+0000] {dagbag.py:540} INFO - Filling up the DagBag from /usr/local/lib/python3.8/dist-packages/airflow/example_dags/example_sensors.py
[2024-03-16T10:16:19.028+0000] {processor.py:840} INFO - DAG(s) 'example_sensors' retrieved from /usr/local/lib/python3.8/dist-packages/airflow/example_dags/example_sensors.py
[2024-03-16T10:16:19.049+0000] {logging_mixin.py:188} INFO - [2024-03-16T10:16:19.049+0000] {dag.py:3047} INFO - Sync 1 DAGs
[2024-03-16T10:16:19.062+0000] {logging_mixin.py:188} INFO - [2024-03-16T10:16:19.062+0000] {dag.py:3834} INFO - Setting next_dagrun for example_sensors to None, run_after=None
[2024-03-16T10:16:19.091+0000] {processor.py:183} INFO - Processing /usr/local/lib/python3.8/dist-packages/airflow/example_dags/example_sensors.py took 0.080 seconds
[2024-03-16T10:17:22.768+0000] {processor.py:161} INFO - Started process (PID=3214) to work on /usr/local/lib/python3.8/dist-packages/airflow/example_dags/example_sensors.py
[2024-03-16T10:17:22.769+0000] {processor.py:830} INFO - Processing file /usr/local/lib/python3.8/dist-packages/airflow/example_dags/example_sensors.py for tasks to queue
[2024-03-16T10:17:22.771+0000] {logging_mixin.py:188} INFO - [2024-03-16T10:17:22.770+0000] {dagbag.py:540} INFO - Filling up the DagBag from /usr/local/lib/python3.8/dist-packages/airflow/example_dags/example_sensors.py
[2024-03-16T10:17:22.782+0000] {processor.py:840} INFO - DAG(s) 'example_sensors' retrieved from /usr/local/lib/python3.8/dist-packages/airflow/example_dags/example_sensors.py
[2024-03-16T10:17:22.806+0000] {logging_mixin.py:188} INFO - [2024-03-16T10:17:22.806+0000] {dag.py:3047} INFO - Sync 1 DAGs
[2024-03-16T10:17:22.820+0000] {logging_mixin.py:188} INFO - [2024-03-16T10:17:22.820+0000] {dag.py:3834} INFO - Setting next_dagrun for example_sensors to None, run_after=None
[2024-03-16T10:17:22.856+0000] {processor.py:183} INFO - Processing /usr/local/lib/python3.8/dist-packages/airflow/example_dags/example_sensors.py took 0.092 seconds
