[2024-03-16T09:54:54.310+0000] {processor.py:161} INFO - Started process (PID=761) to work on /usr/local/lib/python3.8/dist-packages/airflow/example_dags/example_branch_labels.py
[2024-03-16T09:54:54.311+0000] {processor.py:830} INFO - Processing file /usr/local/lib/python3.8/dist-packages/airflow/example_dags/example_branch_labels.py for tasks to queue
[2024-03-16T09:54:54.312+0000] {logging_mixin.py:188} INFO - [2024-03-16T09:54:54.312+0000] {dagbag.py:540} INFO - Filling up the DagBag from /usr/local/lib/python3.8/dist-packages/airflow/example_dags/example_branch_labels.py
[2024-03-16T09:54:54.321+0000] {processor.py:840} INFO - DAG(s) 'example_branch_labels' retrieved from /usr/local/lib/python3.8/dist-packages/airflow/example_dags/example_branch_labels.py
[2024-03-16T09:54:54.341+0000] {logging_mixin.py:188} INFO - [2024-03-16T09:54:54.340+0000] {dag.py:3047} INFO - Sync 1 DAGs
[2024-03-16T09:54:54.364+0000] {logging_mixin.py:188} INFO - [2024-03-16T09:54:54.364+0000] {dag.py:3834} INFO - Setting next_dagrun for example_branch_labels to 2024-03-15 00:00:00+00:00, run_after=2024-03-16 00:00:00+00:00
[2024-03-16T09:54:54.395+0000] {processor.py:183} INFO - Processing /usr/local/lib/python3.8/dist-packages/airflow/example_dags/example_branch_labels.py took 0.088 seconds
[2024-03-16T09:55:53.266+0000] {processor.py:161} INFO - Started process (PID=886) to work on /usr/local/lib/python3.8/dist-packages/airflow/example_dags/example_branch_labels.py
[2024-03-16T09:55:53.267+0000] {processor.py:830} INFO - Processing file /usr/local/lib/python3.8/dist-packages/airflow/example_dags/example_branch_labels.py for tasks to queue
[2024-03-16T09:55:53.268+0000] {logging_mixin.py:188} INFO - [2024-03-16T09:55:53.268+0000] {dagbag.py:540} INFO - Filling up the DagBag from /usr/local/lib/python3.8/dist-packages/airflow/example_dags/example_branch_labels.py
[2024-03-16T09:55:53.277+0000] {processor.py:840} INFO - DAG(s) 'example_branch_labels' retrieved from /usr/local/lib/python3.8/dist-packages/airflow/example_dags/example_branch_labels.py
[2024-03-16T09:55:53.295+0000] {logging_mixin.py:188} INFO - [2024-03-16T09:55:53.295+0000] {dag.py:3047} INFO - Sync 1 DAGs
[2024-03-16T09:55:53.319+0000] {logging_mixin.py:188} INFO - [2024-03-16T09:55:53.318+0000] {dag.py:3834} INFO - Setting next_dagrun for example_branch_labels to 2024-03-15 00:00:00+00:00, run_after=2024-03-16 00:00:00+00:00
[2024-03-16T09:55:53.347+0000] {processor.py:183} INFO - Processing /usr/local/lib/python3.8/dist-packages/airflow/example_dags/example_branch_labels.py took 0.085 seconds
[2024-03-16T09:57:17.862+0000] {processor.py:161} INFO - Started process (PID=990) to work on /usr/local/lib/python3.8/dist-packages/airflow/example_dags/example_branch_labels.py
[2024-03-16T09:57:17.864+0000] {processor.py:830} INFO - Processing file /usr/local/lib/python3.8/dist-packages/airflow/example_dags/example_branch_labels.py for tasks to queue
[2024-03-16T09:57:17.865+0000] {logging_mixin.py:188} INFO - [2024-03-16T09:57:17.865+0000] {dagbag.py:540} INFO - Filling up the DagBag from /usr/local/lib/python3.8/dist-packages/airflow/example_dags/example_branch_labels.py
[2024-03-16T09:57:17.874+0000] {processor.py:840} INFO - DAG(s) 'example_branch_labels' retrieved from /usr/local/lib/python3.8/dist-packages/airflow/example_dags/example_branch_labels.py
[2024-03-16T09:57:17.893+0000] {logging_mixin.py:188} INFO - [2024-03-16T09:57:17.893+0000] {dag.py:3047} INFO - Sync 1 DAGs
[2024-03-16T09:57:17.916+0000] {logging_mixin.py:188} INFO - [2024-03-16T09:57:17.916+0000] {dag.py:3834} INFO - Setting next_dagrun for example_branch_labels to 2024-03-15 00:00:00+00:00, run_after=2024-03-16 00:00:00+00:00
[2024-03-16T09:57:17.957+0000] {processor.py:183} INFO - Processing /usr/local/lib/python3.8/dist-packages/airflow/example_dags/example_branch_labels.py took 0.098 seconds
[2024-03-16T09:58:52.402+0000] {processor.py:161} INFO - Started process (PID=1166) to work on /usr/local/lib/python3.8/dist-packages/airflow/example_dags/example_branch_labels.py
[2024-03-16T09:58:52.404+0000] {processor.py:830} INFO - Processing file /usr/local/lib/python3.8/dist-packages/airflow/example_dags/example_branch_labels.py for tasks to queue
[2024-03-16T09:58:52.405+0000] {logging_mixin.py:188} INFO - [2024-03-16T09:58:52.405+0000] {dagbag.py:540} INFO - Filling up the DagBag from /usr/local/lib/python3.8/dist-packages/airflow/example_dags/example_branch_labels.py
[2024-03-16T09:58:52.414+0000] {processor.py:840} INFO - DAG(s) 'example_branch_labels' retrieved from /usr/local/lib/python3.8/dist-packages/airflow/example_dags/example_branch_labels.py
[2024-03-16T09:58:52.432+0000] {logging_mixin.py:188} INFO - [2024-03-16T09:58:52.432+0000] {dag.py:3047} INFO - Sync 1 DAGs
[2024-03-16T09:58:52.455+0000] {logging_mixin.py:188} INFO - [2024-03-16T09:58:52.455+0000] {dag.py:3834} INFO - Setting next_dagrun for example_branch_labels to 2024-03-15 00:00:00+00:00, run_after=2024-03-16 00:00:00+00:00
[2024-03-16T09:58:52.483+0000] {processor.py:183} INFO - Processing /usr/local/lib/python3.8/dist-packages/airflow/example_dags/example_branch_labels.py took 0.084 seconds
[2024-03-16T10:04:49.370+0000] {processor.py:161} INFO - Started process (PID=1719) to work on /usr/local/lib/python3.8/dist-packages/airflow/example_dags/example_branch_labels.py
[2024-03-16T10:04:49.372+0000] {processor.py:830} INFO - Processing file /usr/local/lib/python3.8/dist-packages/airflow/example_dags/example_branch_labels.py for tasks to queue
[2024-03-16T10:04:49.373+0000] {logging_mixin.py:188} INFO - [2024-03-16T10:04:49.372+0000] {dagbag.py:540} INFO - Filling up the DagBag from /usr/local/lib/python3.8/dist-packages/airflow/example_dags/example_branch_labels.py
[2024-03-16T10:04:49.382+0000] {processor.py:840} INFO - DAG(s) 'example_branch_labels' retrieved from /usr/local/lib/python3.8/dist-packages/airflow/example_dags/example_branch_labels.py
[2024-03-16T10:04:49.400+0000] {logging_mixin.py:188} INFO - [2024-03-16T10:04:49.400+0000] {dag.py:3047} INFO - Sync 1 DAGs
[2024-03-16T10:04:49.423+0000] {logging_mixin.py:188} INFO - [2024-03-16T10:04:49.423+0000] {dag.py:3834} INFO - Setting next_dagrun for example_branch_labels to 2024-03-15 00:00:00+00:00, run_after=2024-03-16 00:00:00+00:00
[2024-03-16T10:04:49.452+0000] {processor.py:183} INFO - Processing /usr/local/lib/python3.8/dist-packages/airflow/example_dags/example_branch_labels.py took 0.085 seconds
[2024-03-16T10:06:08.086+0000] {processor.py:161} INFO - Started process (PID=1844) to work on /usr/local/lib/python3.8/dist-packages/airflow/example_dags/example_branch_labels.py
[2024-03-16T10:06:08.088+0000] {processor.py:830} INFO - Processing file /usr/local/lib/python3.8/dist-packages/airflow/example_dags/example_branch_labels.py for tasks to queue
[2024-03-16T10:06:08.089+0000] {logging_mixin.py:188} INFO - [2024-03-16T10:06:08.088+0000] {dagbag.py:540} INFO - Filling up the DagBag from /usr/local/lib/python3.8/dist-packages/airflow/example_dags/example_branch_labels.py
[2024-03-16T10:06:08.097+0000] {processor.py:840} INFO - DAG(s) 'example_branch_labels' retrieved from /usr/local/lib/python3.8/dist-packages/airflow/example_dags/example_branch_labels.py
[2024-03-16T10:06:08.116+0000] {logging_mixin.py:188} INFO - [2024-03-16T10:06:08.115+0000] {dag.py:3047} INFO - Sync 1 DAGs
[2024-03-16T10:06:08.135+0000] {logging_mixin.py:188} INFO - [2024-03-16T10:06:08.135+0000] {dag.py:3834} INFO - Setting next_dagrun for example_branch_labels to 2024-03-15 00:00:00+00:00, run_after=2024-03-16 00:00:00+00:00
[2024-03-16T10:06:08.161+0000] {processor.py:183} INFO - Processing /usr/local/lib/python3.8/dist-packages/airflow/example_dags/example_branch_labels.py took 0.078 seconds
[2024-03-16T10:07:09.655+0000] {processor.py:161} INFO - Started process (PID=1949) to work on /usr/local/lib/python3.8/dist-packages/airflow/example_dags/example_branch_labels.py
[2024-03-16T10:07:09.657+0000] {processor.py:830} INFO - Processing file /usr/local/lib/python3.8/dist-packages/airflow/example_dags/example_branch_labels.py for tasks to queue
[2024-03-16T10:07:09.658+0000] {logging_mixin.py:188} INFO - [2024-03-16T10:07:09.657+0000] {dagbag.py:540} INFO - Filling up the DagBag from /usr/local/lib/python3.8/dist-packages/airflow/example_dags/example_branch_labels.py
[2024-03-16T10:07:09.666+0000] {processor.py:840} INFO - DAG(s) 'example_branch_labels' retrieved from /usr/local/lib/python3.8/dist-packages/airflow/example_dags/example_branch_labels.py
[2024-03-16T10:07:09.685+0000] {logging_mixin.py:188} INFO - [2024-03-16T10:07:09.684+0000] {dag.py:3047} INFO - Sync 1 DAGs
[2024-03-16T10:07:09.707+0000] {logging_mixin.py:188} INFO - [2024-03-16T10:07:09.707+0000] {dag.py:3834} INFO - Setting next_dagrun for example_branch_labels to 2024-03-15 00:00:00+00:00, run_after=2024-03-16 00:00:00+00:00
[2024-03-16T10:07:09.738+0000] {processor.py:183} INFO - Processing /usr/local/lib/python3.8/dist-packages/airflow/example_dags/example_branch_labels.py took 0.087 seconds
[2024-03-16T10:08:12.418+0000] {processor.py:161} INFO - Started process (PID=2053) to work on /usr/local/lib/python3.8/dist-packages/airflow/example_dags/example_branch_labels.py
[2024-03-16T10:08:12.420+0000] {processor.py:830} INFO - Processing file /usr/local/lib/python3.8/dist-packages/airflow/example_dags/example_branch_labels.py for tasks to queue
[2024-03-16T10:08:12.421+0000] {logging_mixin.py:188} INFO - [2024-03-16T10:08:12.421+0000] {dagbag.py:540} INFO - Filling up the DagBag from /usr/local/lib/python3.8/dist-packages/airflow/example_dags/example_branch_labels.py
[2024-03-16T10:08:12.430+0000] {processor.py:840} INFO - DAG(s) 'example_branch_labels' retrieved from /usr/local/lib/python3.8/dist-packages/airflow/example_dags/example_branch_labels.py
[2024-03-16T10:08:12.448+0000] {logging_mixin.py:188} INFO - [2024-03-16T10:08:12.448+0000] {dag.py:3047} INFO - Sync 1 DAGs
[2024-03-16T10:08:12.471+0000] {logging_mixin.py:188} INFO - [2024-03-16T10:08:12.471+0000] {dag.py:3834} INFO - Setting next_dagrun for example_branch_labels to 2024-03-15 00:00:00+00:00, run_after=2024-03-16 00:00:00+00:00
[2024-03-16T10:08:12.502+0000] {processor.py:183} INFO - Processing /usr/local/lib/python3.8/dist-packages/airflow/example_dags/example_branch_labels.py took 0.088 seconds
[2024-03-16T10:09:15.827+0000] {processor.py:161} INFO - Started process (PID=2159) to work on /usr/local/lib/python3.8/dist-packages/airflow/example_dags/example_branch_labels.py
[2024-03-16T10:09:15.829+0000] {processor.py:830} INFO - Processing file /usr/local/lib/python3.8/dist-packages/airflow/example_dags/example_branch_labels.py for tasks to queue
[2024-03-16T10:09:15.830+0000] {logging_mixin.py:188} INFO - [2024-03-16T10:09:15.829+0000] {dagbag.py:540} INFO - Filling up the DagBag from /usr/local/lib/python3.8/dist-packages/airflow/example_dags/example_branch_labels.py
[2024-03-16T10:09:15.838+0000] {processor.py:840} INFO - DAG(s) 'example_branch_labels' retrieved from /usr/local/lib/python3.8/dist-packages/airflow/example_dags/example_branch_labels.py
[2024-03-16T10:09:15.857+0000] {logging_mixin.py:188} INFO - [2024-03-16T10:09:15.856+0000] {dag.py:3047} INFO - Sync 1 DAGs
[2024-03-16T10:09:15.880+0000] {logging_mixin.py:188} INFO - [2024-03-16T10:09:15.879+0000] {dag.py:3834} INFO - Setting next_dagrun for example_branch_labels to 2024-03-15 00:00:00+00:00, run_after=2024-03-16 00:00:00+00:00
[2024-03-16T10:09:15.918+0000] {processor.py:183} INFO - Processing /usr/local/lib/python3.8/dist-packages/airflow/example_dags/example_branch_labels.py took 0.095 seconds
[2024-03-16T10:10:17.786+0000] {processor.py:161} INFO - Started process (PID=2263) to work on /usr/local/lib/python3.8/dist-packages/airflow/example_dags/example_branch_labels.py
[2024-03-16T10:10:17.788+0000] {processor.py:830} INFO - Processing file /usr/local/lib/python3.8/dist-packages/airflow/example_dags/example_branch_labels.py for tasks to queue
[2024-03-16T10:10:17.789+0000] {logging_mixin.py:188} INFO - [2024-03-16T10:10:17.788+0000] {dagbag.py:540} INFO - Filling up the DagBag from /usr/local/lib/python3.8/dist-packages/airflow/example_dags/example_branch_labels.py
[2024-03-16T10:10:17.797+0000] {processor.py:840} INFO - DAG(s) 'example_branch_labels' retrieved from /usr/local/lib/python3.8/dist-packages/airflow/example_dags/example_branch_labels.py
[2024-03-16T10:10:17.816+0000] {logging_mixin.py:188} INFO - [2024-03-16T10:10:17.816+0000] {dag.py:3047} INFO - Sync 1 DAGs
[2024-03-16T10:10:17.839+0000] {logging_mixin.py:188} INFO - [2024-03-16T10:10:17.838+0000] {dag.py:3834} INFO - Setting next_dagrun for example_branch_labels to 2024-03-15 00:00:00+00:00, run_after=2024-03-16 00:00:00+00:00
[2024-03-16T10:10:17.929+0000] {processor.py:183} INFO - Processing /usr/local/lib/python3.8/dist-packages/airflow/example_dags/example_branch_labels.py took 0.147 seconds
[2024-03-16T10:12:03.298+0000] {processor.py:161} INFO - Started process (PID=2440) to work on /usr/local/lib/python3.8/dist-packages/airflow/example_dags/example_branch_labels.py
[2024-03-16T10:12:03.300+0000] {processor.py:830} INFO - Processing file /usr/local/lib/python3.8/dist-packages/airflow/example_dags/example_branch_labels.py for tasks to queue
[2024-03-16T10:12:03.301+0000] {logging_mixin.py:188} INFO - [2024-03-16T10:12:03.300+0000] {dagbag.py:540} INFO - Filling up the DagBag from /usr/local/lib/python3.8/dist-packages/airflow/example_dags/example_branch_labels.py
[2024-03-16T10:12:03.310+0000] {processor.py:840} INFO - DAG(s) 'example_branch_labels' retrieved from /usr/local/lib/python3.8/dist-packages/airflow/example_dags/example_branch_labels.py
[2024-03-16T10:12:03.328+0000] {logging_mixin.py:188} INFO - [2024-03-16T10:12:03.328+0000] {dag.py:3047} INFO - Sync 1 DAGs
[2024-03-16T10:12:03.351+0000] {logging_mixin.py:188} INFO - [2024-03-16T10:12:03.350+0000] {dag.py:3834} INFO - Setting next_dagrun for example_branch_labels to 2024-03-15 00:00:00+00:00, run_after=2024-03-16 00:00:00+00:00
[2024-03-16T10:12:03.380+0000] {processor.py:183} INFO - Processing /usr/local/lib/python3.8/dist-packages/airflow/example_dags/example_branch_labels.py took 0.086 seconds
[2024-03-16T10:13:04.110+0000] {processor.py:161} INFO - Started process (PID=2546) to work on /usr/local/lib/python3.8/dist-packages/airflow/example_dags/example_branch_labels.py
[2024-03-16T10:13:04.112+0000] {processor.py:830} INFO - Processing file /usr/local/lib/python3.8/dist-packages/airflow/example_dags/example_branch_labels.py for tasks to queue
[2024-03-16T10:13:04.113+0000] {logging_mixin.py:188} INFO - [2024-03-16T10:13:04.113+0000] {dagbag.py:540} INFO - Filling up the DagBag from /usr/local/lib/python3.8/dist-packages/airflow/example_dags/example_branch_labels.py
[2024-03-16T10:13:04.122+0000] {processor.py:840} INFO - DAG(s) 'example_branch_labels' retrieved from /usr/local/lib/python3.8/dist-packages/airflow/example_dags/example_branch_labels.py
[2024-03-16T10:13:04.140+0000] {logging_mixin.py:188} INFO - [2024-03-16T10:13:04.140+0000] {dag.py:3047} INFO - Sync 1 DAGs
[2024-03-16T10:13:04.163+0000] {logging_mixin.py:188} INFO - [2024-03-16T10:13:04.163+0000] {dag.py:3834} INFO - Setting next_dagrun for example_branch_labels to 2024-03-15 00:00:00+00:00, run_after=2024-03-16 00:00:00+00:00
[2024-03-16T10:13:04.193+0000] {processor.py:183} INFO - Processing /usr/local/lib/python3.8/dist-packages/airflow/example_dags/example_branch_labels.py took 0.086 seconds
[2024-03-16T10:14:48.085+0000] {processor.py:161} INFO - Started process (PID=2730) to work on /usr/local/lib/python3.8/dist-packages/airflow/example_dags/example_branch_labels.py
[2024-03-16T10:14:48.087+0000] {processor.py:830} INFO - Processing file /usr/local/lib/python3.8/dist-packages/airflow/example_dags/example_branch_labels.py for tasks to queue
[2024-03-16T10:14:48.089+0000] {logging_mixin.py:188} INFO - [2024-03-16T10:14:48.088+0000] {dagbag.py:540} INFO - Filling up the DagBag from /usr/local/lib/python3.8/dist-packages/airflow/example_dags/example_branch_labels.py
[2024-03-16T10:14:48.097+0000] {processor.py:840} INFO - DAG(s) 'example_branch_labels' retrieved from /usr/local/lib/python3.8/dist-packages/airflow/example_dags/example_branch_labels.py
[2024-03-16T10:14:48.116+0000] {logging_mixin.py:188} INFO - [2024-03-16T10:14:48.115+0000] {dag.py:3047} INFO - Sync 1 DAGs
[2024-03-16T10:14:48.139+0000] {logging_mixin.py:188} INFO - [2024-03-16T10:14:48.138+0000] {dag.py:3834} INFO - Setting next_dagrun for example_branch_labels to 2024-03-15 00:00:00+00:00, run_after=2024-03-16 00:00:00+00:00
[2024-03-16T10:14:48.165+0000] {processor.py:183} INFO - Processing /usr/local/lib/python3.8/dist-packages/airflow/example_dags/example_branch_labels.py took 0.083 seconds
[2024-03-16T10:15:53.134+0000] {processor.py:161} INFO - Started process (PID=3040) to work on /usr/local/lib/python3.8/dist-packages/airflow/example_dags/example_branch_labels.py
[2024-03-16T10:15:53.136+0000] {processor.py:830} INFO - Processing file /usr/local/lib/python3.8/dist-packages/airflow/example_dags/example_branch_labels.py for tasks to queue
[2024-03-16T10:15:53.137+0000] {logging_mixin.py:188} INFO - [2024-03-16T10:15:53.137+0000] {dagbag.py:540} INFO - Filling up the DagBag from /usr/local/lib/python3.8/dist-packages/airflow/example_dags/example_branch_labels.py
[2024-03-16T10:15:53.146+0000] {processor.py:840} INFO - DAG(s) 'example_branch_labels' retrieved from /usr/local/lib/python3.8/dist-packages/airflow/example_dags/example_branch_labels.py
[2024-03-16T10:15:53.164+0000] {logging_mixin.py:188} INFO - [2024-03-16T10:15:53.164+0000] {dag.py:3047} INFO - Sync 1 DAGs
[2024-03-16T10:15:53.187+0000] {logging_mixin.py:188} INFO - [2024-03-16T10:15:53.187+0000] {dag.py:3834} INFO - Setting next_dagrun for example_branch_labels to 2024-03-15 00:00:00+00:00, run_after=2024-03-16 00:00:00+00:00
[2024-03-16T10:15:53.217+0000] {processor.py:183} INFO - Processing /usr/local/lib/python3.8/dist-packages/airflow/example_dags/example_branch_labels.py took 0.086 seconds
[2024-03-16T10:16:57.867+0000] {processor.py:161} INFO - Started process (PID=3146) to work on /usr/local/lib/python3.8/dist-packages/airflow/example_dags/example_branch_labels.py
[2024-03-16T10:16:57.869+0000] {processor.py:830} INFO - Processing file /usr/local/lib/python3.8/dist-packages/airflow/example_dags/example_branch_labels.py for tasks to queue
[2024-03-16T10:16:57.870+0000] {logging_mixin.py:188} INFO - [2024-03-16T10:16:57.869+0000] {dagbag.py:540} INFO - Filling up the DagBag from /usr/local/lib/python3.8/dist-packages/airflow/example_dags/example_branch_labels.py
[2024-03-16T10:16:57.878+0000] {processor.py:840} INFO - DAG(s) 'example_branch_labels' retrieved from /usr/local/lib/python3.8/dist-packages/airflow/example_dags/example_branch_labels.py
[2024-03-16T10:16:57.896+0000] {logging_mixin.py:188} INFO - [2024-03-16T10:16:57.896+0000] {dag.py:3047} INFO - Sync 1 DAGs
[2024-03-16T10:16:57.919+0000] {logging_mixin.py:188} INFO - [2024-03-16T10:16:57.919+0000] {dag.py:3834} INFO - Setting next_dagrun for example_branch_labels to 2024-03-15 00:00:00+00:00, run_after=2024-03-16 00:00:00+00:00
[2024-03-16T10:16:57.948+0000] {processor.py:183} INFO - Processing /usr/local/lib/python3.8/dist-packages/airflow/example_dags/example_branch_labels.py took 0.084 seconds
