[2024-03-16T09:54:23.780+0000] {processor.py:161} INFO - Started process (PID=721) to work on /usr/local/lib/python3.8/dist-packages/airflow/example_dags/example_setup_teardown_taskflow.py
[2024-03-16T09:54:23.781+0000] {processor.py:830} INFO - Processing file /usr/local/lib/python3.8/dist-packages/airflow/example_dags/example_setup_teardown_taskflow.py for tasks to queue
[2024-03-16T09:54:23.782+0000] {logging_mixin.py:188} INFO - [2024-03-16T09:54:23.781+0000] {dagbag.py:540} INFO - Filling up the DagBag from /usr/local/lib/python3.8/dist-packages/airflow/example_dags/example_setup_teardown_taskflow.py
[2024-03-16T09:54:23.793+0000] {processor.py:840} INFO - DAG(s) 'example_setup_teardown_taskflow' retrieved from /usr/local/lib/python3.8/dist-packages/airflow/example_dags/example_setup_teardown_taskflow.py
[2024-03-16T09:54:23.820+0000] {logging_mixin.py:188} INFO - [2024-03-16T09:54:23.819+0000] {dag.py:3047} INFO - Sync 1 DAGs
[2024-03-16T09:54:23.940+0000] {logging_mixin.py:188} INFO - [2024-03-16T09:54:23.940+0000] {dag.py:3834} INFO - Setting next_dagrun for example_setup_teardown_taskflow to 2024-03-15 00:00:00+00:00, run_after=2024-03-16 00:00:00+00:00
[2024-03-16T09:54:23.968+0000] {processor.py:183} INFO - Processing /usr/local/lib/python3.8/dist-packages/airflow/example_dags/example_setup_teardown_taskflow.py took 0.192 seconds
[2024-03-16T09:55:26.073+0000] {processor.py:161} INFO - Started process (PID=825) to work on /usr/local/lib/python3.8/dist-packages/airflow/example_dags/example_setup_teardown_taskflow.py
[2024-03-16T09:55:26.075+0000] {processor.py:830} INFO - Processing file /usr/local/lib/python3.8/dist-packages/airflow/example_dags/example_setup_teardown_taskflow.py for tasks to queue
[2024-03-16T09:55:26.076+0000] {logging_mixin.py:188} INFO - [2024-03-16T09:55:26.076+0000] {dagbag.py:540} INFO - Filling up the DagBag from /usr/local/lib/python3.8/dist-packages/airflow/example_dags/example_setup_teardown_taskflow.py
[2024-03-16T09:55:26.088+0000] {processor.py:840} INFO - DAG(s) 'example_setup_teardown_taskflow' retrieved from /usr/local/lib/python3.8/dist-packages/airflow/example_dags/example_setup_teardown_taskflow.py
[2024-03-16T09:55:26.106+0000] {logging_mixin.py:188} INFO - [2024-03-16T09:55:26.105+0000] {dag.py:3047} INFO - Sync 1 DAGs
[2024-03-16T09:55:26.128+0000] {logging_mixin.py:188} INFO - [2024-03-16T09:55:26.128+0000] {dag.py:3834} INFO - Setting next_dagrun for example_setup_teardown_taskflow to 2024-03-15 00:00:00+00:00, run_after=2024-03-16 00:00:00+00:00
[2024-03-16T09:55:26.156+0000] {processor.py:183} INFO - Processing /usr/local/lib/python3.8/dist-packages/airflow/example_dags/example_setup_teardown_taskflow.py took 0.086 seconds
[2024-03-16T09:56:25.403+0000] {processor.py:161} INFO - Started process (PID=929) to work on /usr/local/lib/python3.8/dist-packages/airflow/example_dags/example_setup_teardown_taskflow.py
[2024-03-16T09:56:25.405+0000] {processor.py:830} INFO - Processing file /usr/local/lib/python3.8/dist-packages/airflow/example_dags/example_setup_teardown_taskflow.py for tasks to queue
[2024-03-16T09:56:25.406+0000] {logging_mixin.py:188} INFO - [2024-03-16T09:56:25.406+0000] {dagbag.py:540} INFO - Filling up the DagBag from /usr/local/lib/python3.8/dist-packages/airflow/example_dags/example_setup_teardown_taskflow.py
[2024-03-16T09:56:25.417+0000] {processor.py:840} INFO - DAG(s) 'example_setup_teardown_taskflow' retrieved from /usr/local/lib/python3.8/dist-packages/airflow/example_dags/example_setup_teardown_taskflow.py
[2024-03-16T09:56:25.436+0000] {logging_mixin.py:188} INFO - [2024-03-16T09:56:25.436+0000] {dag.py:3047} INFO - Sync 1 DAGs
[2024-03-16T09:56:25.461+0000] {logging_mixin.py:188} INFO - [2024-03-16T09:56:25.461+0000] {dag.py:3834} INFO - Setting next_dagrun for example_setup_teardown_taskflow to 2024-03-15 00:00:00+00:00, run_after=2024-03-16 00:00:00+00:00
[2024-03-16T09:56:25.739+0000] {processor.py:183} INFO - Processing /usr/local/lib/python3.8/dist-packages/airflow/example_dags/example_setup_teardown_taskflow.py took 0.339 seconds
[2024-03-16T09:57:50.455+0000] {processor.py:161} INFO - Started process (PID=1047) to work on /usr/local/lib/python3.8/dist-packages/airflow/example_dags/example_setup_teardown_taskflow.py
[2024-03-16T09:57:50.458+0000] {processor.py:830} INFO - Processing file /usr/local/lib/python3.8/dist-packages/airflow/example_dags/example_setup_teardown_taskflow.py for tasks to queue
[2024-03-16T09:57:50.459+0000] {logging_mixin.py:188} INFO - [2024-03-16T09:57:50.458+0000] {dagbag.py:540} INFO - Filling up the DagBag from /usr/local/lib/python3.8/dist-packages/airflow/example_dags/example_setup_teardown_taskflow.py
[2024-03-16T09:57:50.470+0000] {processor.py:840} INFO - DAG(s) 'example_setup_teardown_taskflow' retrieved from /usr/local/lib/python3.8/dist-packages/airflow/example_dags/example_setup_teardown_taskflow.py
[2024-03-16T09:57:50.488+0000] {logging_mixin.py:188} INFO - [2024-03-16T09:57:50.488+0000] {dag.py:3047} INFO - Sync 1 DAGs
[2024-03-16T09:57:50.510+0000] {logging_mixin.py:188} INFO - [2024-03-16T09:57:50.510+0000] {dag.py:3834} INFO - Setting next_dagrun for example_setup_teardown_taskflow to 2024-03-15 00:00:00+00:00, run_after=2024-03-16 00:00:00+00:00
[2024-03-16T09:57:50.539+0000] {processor.py:183} INFO - Processing /usr/local/lib/python3.8/dist-packages/airflow/example_dags/example_setup_teardown_taskflow.py took 0.088 seconds
[2024-03-16T10:03:20.510+0000] {processor.py:161} INFO - Started process (PID=1561) to work on /usr/local/lib/python3.8/dist-packages/airflow/example_dags/example_setup_teardown_taskflow.py
[2024-03-16T10:03:20.512+0000] {processor.py:830} INFO - Processing file /usr/local/lib/python3.8/dist-packages/airflow/example_dags/example_setup_teardown_taskflow.py for tasks to queue
[2024-03-16T10:03:20.513+0000] {logging_mixin.py:188} INFO - [2024-03-16T10:03:20.513+0000] {dagbag.py:540} INFO - Filling up the DagBag from /usr/local/lib/python3.8/dist-packages/airflow/example_dags/example_setup_teardown_taskflow.py
[2024-03-16T10:03:20.524+0000] {processor.py:840} INFO - DAG(s) 'example_setup_teardown_taskflow' retrieved from /usr/local/lib/python3.8/dist-packages/airflow/example_dags/example_setup_teardown_taskflow.py
[2024-03-16T10:03:20.550+0000] {logging_mixin.py:188} INFO - [2024-03-16T10:03:20.550+0000] {dag.py:3047} INFO - Sync 1 DAGs
[2024-03-16T10:03:20.657+0000] {logging_mixin.py:188} INFO - [2024-03-16T10:03:20.657+0000] {dag.py:3834} INFO - Setting next_dagrun for example_setup_teardown_taskflow to 2024-03-15 00:00:00+00:00, run_after=2024-03-16 00:00:00+00:00
[2024-03-16T10:03:20.681+0000] {processor.py:183} INFO - Processing /usr/local/lib/python3.8/dist-packages/airflow/example_dags/example_setup_teardown_taskflow.py took 0.174 seconds
[2024-03-16T10:05:24.050+0000] {processor.py:161} INFO - Started process (PID=1796) to work on /usr/local/lib/python3.8/dist-packages/airflow/example_dags/example_setup_teardown_taskflow.py
[2024-03-16T10:05:24.052+0000] {processor.py:830} INFO - Processing file /usr/local/lib/python3.8/dist-packages/airflow/example_dags/example_setup_teardown_taskflow.py for tasks to queue
[2024-03-16T10:05:24.053+0000] {logging_mixin.py:188} INFO - [2024-03-16T10:05:24.052+0000] {dagbag.py:540} INFO - Filling up the DagBag from /usr/local/lib/python3.8/dist-packages/airflow/example_dags/example_setup_teardown_taskflow.py
[2024-03-16T10:05:24.063+0000] {processor.py:840} INFO - DAG(s) 'example_setup_teardown_taskflow' retrieved from /usr/local/lib/python3.8/dist-packages/airflow/example_dags/example_setup_teardown_taskflow.py
[2024-03-16T10:05:24.078+0000] {logging_mixin.py:188} INFO - [2024-03-16T10:05:24.078+0000] {dag.py:3047} INFO - Sync 1 DAGs
[2024-03-16T10:05:24.095+0000] {logging_mixin.py:188} INFO - [2024-03-16T10:05:24.095+0000] {dag.py:3834} INFO - Setting next_dagrun for example_setup_teardown_taskflow to 2024-03-15 00:00:00+00:00, run_after=2024-03-16 00:00:00+00:00
[2024-03-16T10:05:24.119+0000] {processor.py:183} INFO - Processing /usr/local/lib/python3.8/dist-packages/airflow/example_dags/example_setup_teardown_taskflow.py took 0.072 seconds
[2024-03-16T10:06:28.312+0000] {processor.py:161} INFO - Started process (PID=1901) to work on /usr/local/lib/python3.8/dist-packages/airflow/example_dags/example_setup_teardown_taskflow.py
[2024-03-16T10:06:28.314+0000] {processor.py:830} INFO - Processing file /usr/local/lib/python3.8/dist-packages/airflow/example_dags/example_setup_teardown_taskflow.py for tasks to queue
[2024-03-16T10:06:28.315+0000] {logging_mixin.py:188} INFO - [2024-03-16T10:06:28.314+0000] {dagbag.py:540} INFO - Filling up the DagBag from /usr/local/lib/python3.8/dist-packages/airflow/example_dags/example_setup_teardown_taskflow.py
[2024-03-16T10:06:28.326+0000] {processor.py:840} INFO - DAG(s) 'example_setup_teardown_taskflow' retrieved from /usr/local/lib/python3.8/dist-packages/airflow/example_dags/example_setup_teardown_taskflow.py
[2024-03-16T10:06:28.344+0000] {logging_mixin.py:188} INFO - [2024-03-16T10:06:28.344+0000] {dag.py:3047} INFO - Sync 1 DAGs
[2024-03-16T10:06:28.366+0000] {logging_mixin.py:188} INFO - [2024-03-16T10:06:28.366+0000] {dag.py:3834} INFO - Setting next_dagrun for example_setup_teardown_taskflow to 2024-03-15 00:00:00+00:00, run_after=2024-03-16 00:00:00+00:00
[2024-03-16T10:06:28.396+0000] {processor.py:183} INFO - Processing /usr/local/lib/python3.8/dist-packages/airflow/example_dags/example_setup_teardown_taskflow.py took 0.088 seconds
[2024-03-16T10:07:26.680+0000] {processor.py:161} INFO - Started process (PID=2004) to work on /usr/local/lib/python3.8/dist-packages/airflow/example_dags/example_setup_teardown_taskflow.py
[2024-03-16T10:07:26.683+0000] {processor.py:830} INFO - Processing file /usr/local/lib/python3.8/dist-packages/airflow/example_dags/example_setup_teardown_taskflow.py for tasks to queue
[2024-03-16T10:07:26.683+0000] {logging_mixin.py:188} INFO - [2024-03-16T10:07:26.683+0000] {dagbag.py:540} INFO - Filling up the DagBag from /usr/local/lib/python3.8/dist-packages/airflow/example_dags/example_setup_teardown_taskflow.py
[2024-03-16T10:07:26.695+0000] {processor.py:840} INFO - DAG(s) 'example_setup_teardown_taskflow' retrieved from /usr/local/lib/python3.8/dist-packages/airflow/example_dags/example_setup_teardown_taskflow.py
[2024-03-16T10:07:26.712+0000] {logging_mixin.py:188} INFO - [2024-03-16T10:07:26.712+0000] {dag.py:3047} INFO - Sync 1 DAGs
[2024-03-16T10:07:26.735+0000] {logging_mixin.py:188} INFO - [2024-03-16T10:07:26.734+0000] {dag.py:3834} INFO - Setting next_dagrun for example_setup_teardown_taskflow to 2024-03-15 00:00:00+00:00, run_after=2024-03-16 00:00:00+00:00
[2024-03-16T10:07:26.763+0000] {processor.py:183} INFO - Processing /usr/local/lib/python3.8/dist-packages/airflow/example_dags/example_setup_teardown_taskflow.py took 0.086 seconds
[2024-03-16T10:08:32.928+0000] {processor.py:161} INFO - Started process (PID=2110) to work on /usr/local/lib/python3.8/dist-packages/airflow/example_dags/example_setup_teardown_taskflow.py
[2024-03-16T10:08:32.930+0000] {processor.py:830} INFO - Processing file /usr/local/lib/python3.8/dist-packages/airflow/example_dags/example_setup_teardown_taskflow.py for tasks to queue
[2024-03-16T10:08:32.931+0000] {logging_mixin.py:188} INFO - [2024-03-16T10:08:32.930+0000] {dagbag.py:540} INFO - Filling up the DagBag from /usr/local/lib/python3.8/dist-packages/airflow/example_dags/example_setup_teardown_taskflow.py
[2024-03-16T10:08:32.942+0000] {processor.py:840} INFO - DAG(s) 'example_setup_teardown_taskflow' retrieved from /usr/local/lib/python3.8/dist-packages/airflow/example_dags/example_setup_teardown_taskflow.py
[2024-03-16T10:08:32.960+0000] {logging_mixin.py:188} INFO - [2024-03-16T10:08:32.959+0000] {dag.py:3047} INFO - Sync 1 DAGs
[2024-03-16T10:08:32.977+0000] {logging_mixin.py:188} INFO - [2024-03-16T10:08:32.977+0000] {dag.py:3834} INFO - Setting next_dagrun for example_setup_teardown_taskflow to 2024-03-15 00:00:00+00:00, run_after=2024-03-16 00:00:00+00:00
[2024-03-16T10:08:33.002+0000] {processor.py:183} INFO - Processing /usr/local/lib/python3.8/dist-packages/airflow/example_dags/example_setup_teardown_taskflow.py took 0.077 seconds
[2024-03-16T10:09:34.446+0000] {processor.py:161} INFO - Started process (PID=2215) to work on /usr/local/lib/python3.8/dist-packages/airflow/example_dags/example_setup_teardown_taskflow.py
[2024-03-16T10:09:34.448+0000] {processor.py:830} INFO - Processing file /usr/local/lib/python3.8/dist-packages/airflow/example_dags/example_setup_teardown_taskflow.py for tasks to queue
[2024-03-16T10:09:34.449+0000] {logging_mixin.py:188} INFO - [2024-03-16T10:09:34.449+0000] {dagbag.py:540} INFO - Filling up the DagBag from /usr/local/lib/python3.8/dist-packages/airflow/example_dags/example_setup_teardown_taskflow.py
[2024-03-16T10:09:34.460+0000] {processor.py:840} INFO - DAG(s) 'example_setup_teardown_taskflow' retrieved from /usr/local/lib/python3.8/dist-packages/airflow/example_dags/example_setup_teardown_taskflow.py
[2024-03-16T10:09:34.478+0000] {logging_mixin.py:188} INFO - [2024-03-16T10:09:34.478+0000] {dag.py:3047} INFO - Sync 1 DAGs
[2024-03-16T10:09:34.501+0000] {logging_mixin.py:188} INFO - [2024-03-16T10:09:34.500+0000] {dag.py:3834} INFO - Setting next_dagrun for example_setup_teardown_taskflow to 2024-03-15 00:00:00+00:00, run_after=2024-03-16 00:00:00+00:00
[2024-03-16T10:09:34.532+0000] {processor.py:183} INFO - Processing /usr/local/lib/python3.8/dist-packages/airflow/example_dags/example_setup_teardown_taskflow.py took 0.089 seconds
[2024-03-16T10:10:39.775+0000] {processor.py:161} INFO - Started process (PID=2320) to work on /usr/local/lib/python3.8/dist-packages/airflow/example_dags/example_setup_teardown_taskflow.py
[2024-03-16T10:10:39.777+0000] {processor.py:830} INFO - Processing file /usr/local/lib/python3.8/dist-packages/airflow/example_dags/example_setup_teardown_taskflow.py for tasks to queue
[2024-03-16T10:10:39.778+0000] {logging_mixin.py:188} INFO - [2024-03-16T10:10:39.778+0000] {dagbag.py:540} INFO - Filling up the DagBag from /usr/local/lib/python3.8/dist-packages/airflow/example_dags/example_setup_teardown_taskflow.py
[2024-03-16T10:10:39.789+0000] {processor.py:840} INFO - DAG(s) 'example_setup_teardown_taskflow' retrieved from /usr/local/lib/python3.8/dist-packages/airflow/example_dags/example_setup_teardown_taskflow.py
[2024-03-16T10:10:39.810+0000] {logging_mixin.py:188} INFO - [2024-03-16T10:10:39.809+0000] {dag.py:3047} INFO - Sync 1 DAGs
[2024-03-16T10:10:39.832+0000] {logging_mixin.py:188} INFO - [2024-03-16T10:10:39.832+0000] {dag.py:3834} INFO - Setting next_dagrun for example_setup_teardown_taskflow to 2024-03-15 00:00:00+00:00, run_after=2024-03-16 00:00:00+00:00
[2024-03-16T10:10:40.388+0000] {processor.py:183} INFO - Processing /usr/local/lib/python3.8/dist-packages/airflow/example_dags/example_setup_teardown_taskflow.py took 0.616 seconds
[2024-03-16T10:12:23.170+0000] {processor.py:161} INFO - Started process (PID=2505) to work on /usr/local/lib/python3.8/dist-packages/airflow/example_dags/example_setup_teardown_taskflow.py
[2024-03-16T10:12:23.172+0000] {processor.py:830} INFO - Processing file /usr/local/lib/python3.8/dist-packages/airflow/example_dags/example_setup_teardown_taskflow.py for tasks to queue
[2024-03-16T10:12:23.173+0000] {logging_mixin.py:188} INFO - [2024-03-16T10:12:23.172+0000] {dagbag.py:540} INFO - Filling up the DagBag from /usr/local/lib/python3.8/dist-packages/airflow/example_dags/example_setup_teardown_taskflow.py
[2024-03-16T10:12:23.184+0000] {processor.py:840} INFO - DAG(s) 'example_setup_teardown_taskflow' retrieved from /usr/local/lib/python3.8/dist-packages/airflow/example_dags/example_setup_teardown_taskflow.py
[2024-03-16T10:12:23.202+0000] {logging_mixin.py:188} INFO - [2024-03-16T10:12:23.201+0000] {dag.py:3047} INFO - Sync 1 DAGs
[2024-03-16T10:12:23.224+0000] {logging_mixin.py:188} INFO - [2024-03-16T10:12:23.224+0000] {dag.py:3834} INFO - Setting next_dagrun for example_setup_teardown_taskflow to 2024-03-15 00:00:00+00:00, run_after=2024-03-16 00:00:00+00:00
[2024-03-16T10:12:23.254+0000] {processor.py:183} INFO - Processing /usr/local/lib/python3.8/dist-packages/airflow/example_dags/example_setup_teardown_taskflow.py took 0.087 seconds
[2024-03-16T10:13:57.087+0000] {processor.py:161} INFO - Started process (PID=2674) to work on /usr/local/lib/python3.8/dist-packages/airflow/example_dags/example_setup_teardown_taskflow.py
[2024-03-16T10:13:57.088+0000] {processor.py:830} INFO - Processing file /usr/local/lib/python3.8/dist-packages/airflow/example_dags/example_setup_teardown_taskflow.py for tasks to queue
[2024-03-16T10:13:57.089+0000] {logging_mixin.py:188} INFO - [2024-03-16T10:13:57.089+0000] {dagbag.py:540} INFO - Filling up the DagBag from /usr/local/lib/python3.8/dist-packages/airflow/example_dags/example_setup_teardown_taskflow.py
[2024-03-16T10:13:57.101+0000] {processor.py:840} INFO - DAG(s) 'example_setup_teardown_taskflow' retrieved from /usr/local/lib/python3.8/dist-packages/airflow/example_dags/example_setup_teardown_taskflow.py
[2024-03-16T10:13:57.119+0000] {logging_mixin.py:188} INFO - [2024-03-16T10:13:57.118+0000] {dag.py:3047} INFO - Sync 1 DAGs
[2024-03-16T10:13:57.140+0000] {logging_mixin.py:188} INFO - [2024-03-16T10:13:57.140+0000] {dag.py:3834} INFO - Setting next_dagrun for example_setup_teardown_taskflow to 2024-03-15 00:00:00+00:00, run_after=2024-03-16 00:00:00+00:00
[2024-03-16T10:13:57.206+0000] {processor.py:183} INFO - Processing /usr/local/lib/python3.8/dist-packages/airflow/example_dags/example_setup_teardown_taskflow.py took 0.123 seconds
[2024-03-16T10:15:05.670+0000] {processor.py:161} INFO - Started process (PID=2990) to work on /usr/local/lib/python3.8/dist-packages/airflow/example_dags/example_setup_teardown_taskflow.py
[2024-03-16T10:15:05.672+0000] {processor.py:830} INFO - Processing file /usr/local/lib/python3.8/dist-packages/airflow/example_dags/example_setup_teardown_taskflow.py for tasks to queue
[2024-03-16T10:15:05.673+0000] {logging_mixin.py:188} INFO - [2024-03-16T10:15:05.672+0000] {dagbag.py:540} INFO - Filling up the DagBag from /usr/local/lib/python3.8/dist-packages/airflow/example_dags/example_setup_teardown_taskflow.py
[2024-03-16T10:15:05.684+0000] {processor.py:840} INFO - DAG(s) 'example_setup_teardown_taskflow' retrieved from /usr/local/lib/python3.8/dist-packages/airflow/example_dags/example_setup_teardown_taskflow.py
[2024-03-16T10:15:05.702+0000] {logging_mixin.py:188} INFO - [2024-03-16T10:15:05.702+0000] {dag.py:3047} INFO - Sync 1 DAGs
[2024-03-16T10:15:05.723+0000] {logging_mixin.py:188} INFO - [2024-03-16T10:15:05.723+0000] {dag.py:3834} INFO - Setting next_dagrun for example_setup_teardown_taskflow to 2024-03-15 00:00:00+00:00, run_after=2024-03-16 00:00:00+00:00
[2024-03-16T10:15:05.755+0000] {processor.py:183} INFO - Processing /usr/local/lib/python3.8/dist-packages/airflow/example_dags/example_setup_teardown_taskflow.py took 0.088 seconds
[2024-03-16T10:16:14.030+0000] {processor.py:161} INFO - Started process (PID=3104) to work on /usr/local/lib/python3.8/dist-packages/airflow/example_dags/example_setup_teardown_taskflow.py
[2024-03-16T10:16:14.031+0000] {processor.py:830} INFO - Processing file /usr/local/lib/python3.8/dist-packages/airflow/example_dags/example_setup_teardown_taskflow.py for tasks to queue
[2024-03-16T10:16:14.032+0000] {logging_mixin.py:188} INFO - [2024-03-16T10:16:14.032+0000] {dagbag.py:540} INFO - Filling up the DagBag from /usr/local/lib/python3.8/dist-packages/airflow/example_dags/example_setup_teardown_taskflow.py
[2024-03-16T10:16:14.043+0000] {processor.py:840} INFO - DAG(s) 'example_setup_teardown_taskflow' retrieved from /usr/local/lib/python3.8/dist-packages/airflow/example_dags/example_setup_teardown_taskflow.py
[2024-03-16T10:16:14.061+0000] {logging_mixin.py:188} INFO - [2024-03-16T10:16:14.061+0000] {dag.py:3047} INFO - Sync 1 DAGs
[2024-03-16T10:16:14.083+0000] {logging_mixin.py:188} INFO - [2024-03-16T10:16:14.083+0000] {dag.py:3834} INFO - Setting next_dagrun for example_setup_teardown_taskflow to 2024-03-15 00:00:00+00:00, run_after=2024-03-16 00:00:00+00:00
[2024-03-16T10:16:14.113+0000] {processor.py:183} INFO - Processing /usr/local/lib/python3.8/dist-packages/airflow/example_dags/example_setup_teardown_taskflow.py took 0.087 seconds
[2024-03-16T10:17:17.562+0000] {processor.py:161} INFO - Started process (PID=3209) to work on /usr/local/lib/python3.8/dist-packages/airflow/example_dags/example_setup_teardown_taskflow.py
[2024-03-16T10:17:17.564+0000] {processor.py:830} INFO - Processing file /usr/local/lib/python3.8/dist-packages/airflow/example_dags/example_setup_teardown_taskflow.py for tasks to queue
[2024-03-16T10:17:17.565+0000] {logging_mixin.py:188} INFO - [2024-03-16T10:17:17.565+0000] {dagbag.py:540} INFO - Filling up the DagBag from /usr/local/lib/python3.8/dist-packages/airflow/example_dags/example_setup_teardown_taskflow.py
[2024-03-16T10:17:17.577+0000] {processor.py:840} INFO - DAG(s) 'example_setup_teardown_taskflow' retrieved from /usr/local/lib/python3.8/dist-packages/airflow/example_dags/example_setup_teardown_taskflow.py
[2024-03-16T10:17:17.595+0000] {logging_mixin.py:188} INFO - [2024-03-16T10:17:17.595+0000] {dag.py:3047} INFO - Sync 1 DAGs
[2024-03-16T10:17:17.617+0000] {logging_mixin.py:188} INFO - [2024-03-16T10:17:17.616+0000] {dag.py:3834} INFO - Setting next_dagrun for example_setup_teardown_taskflow to 2024-03-15 00:00:00+00:00, run_after=2024-03-16 00:00:00+00:00
[2024-03-16T10:17:17.647+0000] {processor.py:183} INFO - Processing /usr/local/lib/python3.8/dist-packages/airflow/example_dags/example_setup_teardown_taskflow.py took 0.088 seconds
