[2024-03-16T09:53:03.039+0000] {processor.py:161} INFO - Started process (PID=538) to work on /usr/local/lib/python3.8/dist-packages/airflow/example_dags/tutorial_taskflow_api.py
[2024-03-16T09:53:03.040+0000] {processor.py:830} INFO - Processing file /usr/local/lib/python3.8/dist-packages/airflow/example_dags/tutorial_taskflow_api.py for tasks to queue
[2024-03-16T09:53:03.041+0000] {logging_mixin.py:188} INFO - [2024-03-16T09:53:03.040+0000] {dagbag.py:540} INFO - Filling up the DagBag from /usr/local/lib/python3.8/dist-packages/airflow/example_dags/tutorial_taskflow_api.py
[2024-03-16T09:53:03.051+0000] {processor.py:840} INFO - DAG(s) 'tutorial_taskflow_api' retrieved from /usr/local/lib/python3.8/dist-packages/airflow/example_dags/tutorial_taskflow_api.py
[2024-03-16T09:53:03.074+0000] {logging_mixin.py:188} INFO - [2024-03-16T09:53:03.074+0000] {dag.py:3047} INFO - Sync 1 DAGs
[2024-03-16T09:53:03.087+0000] {logging_mixin.py:188} INFO - [2024-03-16T09:53:03.087+0000] {dag.py:3834} INFO - Setting next_dagrun for tutorial_taskflow_api to None, run_after=None
[2024-03-16T09:53:03.149+0000] {processor.py:183} INFO - Processing /usr/local/lib/python3.8/dist-packages/airflow/example_dags/tutorial_taskflow_api.py took 0.114 seconds
[2024-03-16T09:55:07.526+0000] {processor.py:161} INFO - Started process (PID=801) to work on /usr/local/lib/python3.8/dist-packages/airflow/example_dags/tutorial_taskflow_api.py
[2024-03-16T09:55:07.529+0000] {processor.py:830} INFO - Processing file /usr/local/lib/python3.8/dist-packages/airflow/example_dags/tutorial_taskflow_api.py for tasks to queue
[2024-03-16T09:55:07.530+0000] {logging_mixin.py:188} INFO - [2024-03-16T09:55:07.530+0000] {dagbag.py:540} INFO - Filling up the DagBag from /usr/local/lib/python3.8/dist-packages/airflow/example_dags/tutorial_taskflow_api.py
[2024-03-16T09:55:07.538+0000] {processor.py:840} INFO - DAG(s) 'tutorial_taskflow_api' retrieved from /usr/local/lib/python3.8/dist-packages/airflow/example_dags/tutorial_taskflow_api.py
[2024-03-16T09:55:07.554+0000] {logging_mixin.py:188} INFO - [2024-03-16T09:55:07.554+0000] {dag.py:3047} INFO - Sync 1 DAGs
[2024-03-16T09:55:07.567+0000] {logging_mixin.py:188} INFO - [2024-03-16T09:55:07.567+0000] {dag.py:3834} INFO - Setting next_dagrun for tutorial_taskflow_api to None, run_after=None
[2024-03-16T09:55:07.597+0000] {processor.py:183} INFO - Processing /usr/local/lib/python3.8/dist-packages/airflow/example_dags/tutorial_taskflow_api.py took 0.073 seconds
[2024-03-16T09:56:03.583+0000] {processor.py:161} INFO - Started process (PID=905) to work on /usr/local/lib/python3.8/dist-packages/airflow/example_dags/tutorial_taskflow_api.py
[2024-03-16T09:56:03.632+0000] {processor.py:830} INFO - Processing file /usr/local/lib/python3.8/dist-packages/airflow/example_dags/tutorial_taskflow_api.py for tasks to queue
[2024-03-16T09:56:03.633+0000] {logging_mixin.py:188} INFO - [2024-03-16T09:56:03.632+0000] {dagbag.py:540} INFO - Filling up the DagBag from /usr/local/lib/python3.8/dist-packages/airflow/example_dags/tutorial_taskflow_api.py
[2024-03-16T09:56:03.640+0000] {processor.py:840} INFO - DAG(s) 'tutorial_taskflow_api' retrieved from /usr/local/lib/python3.8/dist-packages/airflow/example_dags/tutorial_taskflow_api.py
[2024-03-16T09:56:03.657+0000] {logging_mixin.py:188} INFO - [2024-03-16T09:56:03.657+0000] {dag.py:3047} INFO - Sync 1 DAGs
[2024-03-16T09:56:03.671+0000] {logging_mixin.py:188} INFO - [2024-03-16T09:56:03.671+0000] {dag.py:3834} INFO - Setting next_dagrun for tutorial_taskflow_api to None, run_after=None
[2024-03-16T09:56:04.014+0000] {processor.py:183} INFO - Processing /usr/local/lib/python3.8/dist-packages/airflow/example_dags/tutorial_taskflow_api.py took 0.435 seconds
[2024-03-16T09:56:44.659+0000] {processor.py:161} INFO - Started process (PID=957) to work on /usr/local/lib/python3.8/dist-packages/airflow/example_dags/tutorial_taskflow_api.py
[2024-03-16T09:56:44.661+0000] {processor.py:830} INFO - Processing file /usr/local/lib/python3.8/dist-packages/airflow/example_dags/tutorial_taskflow_api.py for tasks to queue
[2024-03-16T09:56:44.662+0000] {logging_mixin.py:188} INFO - [2024-03-16T09:56:44.662+0000] {dagbag.py:540} INFO - Filling up the DagBag from /usr/local/lib/python3.8/dist-packages/airflow/example_dags/tutorial_taskflow_api.py
[2024-03-16T09:56:44.670+0000] {processor.py:840} INFO - DAG(s) 'tutorial_taskflow_api' retrieved from /usr/local/lib/python3.8/dist-packages/airflow/example_dags/tutorial_taskflow_api.py
[2024-03-16T09:56:44.687+0000] {logging_mixin.py:188} INFO - [2024-03-16T09:56:44.686+0000] {dag.py:3047} INFO - Sync 1 DAGs
[2024-03-16T09:56:44.700+0000] {logging_mixin.py:188} INFO - [2024-03-16T09:56:44.699+0000] {dag.py:3834} INFO - Setting next_dagrun for tutorial_taskflow_api to None, run_after=None
[2024-03-16T09:56:44.863+0000] {processor.py:183} INFO - Processing /usr/local/lib/python3.8/dist-packages/airflow/example_dags/tutorial_taskflow_api.py took 0.207 seconds
[2024-03-16T09:57:30.330+0000] {processor.py:161} INFO - Started process (PID=1022) to work on /usr/local/lib/python3.8/dist-packages/airflow/example_dags/tutorial_taskflow_api.py
[2024-03-16T09:57:30.332+0000] {processor.py:830} INFO - Processing file /usr/local/lib/python3.8/dist-packages/airflow/example_dags/tutorial_taskflow_api.py for tasks to queue
[2024-03-16T09:57:30.333+0000] {logging_mixin.py:188} INFO - [2024-03-16T09:57:30.333+0000] {dagbag.py:540} INFO - Filling up the DagBag from /usr/local/lib/python3.8/dist-packages/airflow/example_dags/tutorial_taskflow_api.py
[2024-03-16T09:57:30.341+0000] {processor.py:840} INFO - DAG(s) 'tutorial_taskflow_api' retrieved from /usr/local/lib/python3.8/dist-packages/airflow/example_dags/tutorial_taskflow_api.py
[2024-03-16T09:57:30.357+0000] {logging_mixin.py:188} INFO - [2024-03-16T09:57:30.357+0000] {dag.py:3047} INFO - Sync 1 DAGs
[2024-03-16T09:57:30.370+0000] {logging_mixin.py:188} INFO - [2024-03-16T09:57:30.370+0000] {dag.py:3834} INFO - Setting next_dagrun for tutorial_taskflow_api to None, run_after=None
[2024-03-16T09:57:30.400+0000] {processor.py:183} INFO - Processing /usr/local/lib/python3.8/dist-packages/airflow/example_dags/tutorial_taskflow_api.py took 0.073 seconds
[2024-03-16T09:58:08.795+0000] {processor.py:161} INFO - Started process (PID=1079) to work on /usr/local/lib/python3.8/dist-packages/airflow/example_dags/tutorial_taskflow_api.py
[2024-03-16T09:58:08.797+0000] {processor.py:830} INFO - Processing file /usr/local/lib/python3.8/dist-packages/airflow/example_dags/tutorial_taskflow_api.py for tasks to queue
[2024-03-16T09:58:08.798+0000] {logging_mixin.py:188} INFO - [2024-03-16T09:58:08.797+0000] {dagbag.py:540} INFO - Filling up the DagBag from /usr/local/lib/python3.8/dist-packages/airflow/example_dags/tutorial_taskflow_api.py
[2024-03-16T09:58:08.805+0000] {processor.py:840} INFO - DAG(s) 'tutorial_taskflow_api' retrieved from /usr/local/lib/python3.8/dist-packages/airflow/example_dags/tutorial_taskflow_api.py
[2024-03-16T09:58:08.822+0000] {logging_mixin.py:188} INFO - [2024-03-16T09:58:08.821+0000] {dag.py:3047} INFO - Sync 1 DAGs
[2024-03-16T09:58:08.835+0000] {logging_mixin.py:188} INFO - [2024-03-16T09:58:08.834+0000] {dag.py:3834} INFO - Setting next_dagrun for tutorial_taskflow_api to None, run_after=None
[2024-03-16T09:58:08.863+0000] {processor.py:183} INFO - Processing /usr/local/lib/python3.8/dist-packages/airflow/example_dags/tutorial_taskflow_api.py took 0.072 seconds
[2024-03-16T09:59:04.890+0000] {processor.py:161} INFO - Started process (PID=1199) to work on /usr/local/lib/python3.8/dist-packages/airflow/example_dags/tutorial_taskflow_api.py
[2024-03-16T09:59:04.892+0000] {processor.py:830} INFO - Processing file /usr/local/lib/python3.8/dist-packages/airflow/example_dags/tutorial_taskflow_api.py for tasks to queue
[2024-03-16T09:59:04.893+0000] {logging_mixin.py:188} INFO - [2024-03-16T09:59:04.893+0000] {dagbag.py:540} INFO - Filling up the DagBag from /usr/local/lib/python3.8/dist-packages/airflow/example_dags/tutorial_taskflow_api.py
[2024-03-16T09:59:04.901+0000] {processor.py:840} INFO - DAG(s) 'tutorial_taskflow_api' retrieved from /usr/local/lib/python3.8/dist-packages/airflow/example_dags/tutorial_taskflow_api.py
[2024-03-16T09:59:04.917+0000] {logging_mixin.py:188} INFO - [2024-03-16T09:59:04.917+0000] {dag.py:3047} INFO - Sync 1 DAGs
[2024-03-16T09:59:04.930+0000] {logging_mixin.py:188} INFO - [2024-03-16T09:59:04.929+0000] {dag.py:3834} INFO - Setting next_dagrun for tutorial_taskflow_api to None, run_after=None
[2024-03-16T09:59:04.961+0000] {processor.py:183} INFO - Processing /usr/local/lib/python3.8/dist-packages/airflow/example_dags/tutorial_taskflow_api.py took 0.073 seconds
[2024-03-16T10:02:57.938+0000] {processor.py:161} INFO - Started process (PID=1537) to work on /usr/local/lib/python3.8/dist-packages/airflow/example_dags/tutorial_taskflow_api.py
[2024-03-16T10:02:57.940+0000] {processor.py:830} INFO - Processing file /usr/local/lib/python3.8/dist-packages/airflow/example_dags/tutorial_taskflow_api.py for tasks to queue
[2024-03-16T10:02:57.941+0000] {logging_mixin.py:188} INFO - [2024-03-16T10:02:57.941+0000] {dagbag.py:540} INFO - Filling up the DagBag from /usr/local/lib/python3.8/dist-packages/airflow/example_dags/tutorial_taskflow_api.py
[2024-03-16T10:02:57.951+0000] {processor.py:840} INFO - DAG(s) 'tutorial_taskflow_api' retrieved from /usr/local/lib/python3.8/dist-packages/airflow/example_dags/tutorial_taskflow_api.py
[2024-03-16T10:02:57.974+0000] {logging_mixin.py:188} INFO - [2024-03-16T10:02:57.974+0000] {dag.py:3047} INFO - Sync 1 DAGs
[2024-03-16T10:02:57.987+0000] {logging_mixin.py:188} INFO - [2024-03-16T10:02:57.986+0000] {dag.py:3834} INFO - Setting next_dagrun for tutorial_taskflow_api to None, run_after=None
[2024-03-16T10:02:58.017+0000] {processor.py:183} INFO - Processing /usr/local/lib/python3.8/dist-packages/airflow/example_dags/tutorial_taskflow_api.py took 0.082 seconds
[2024-03-16T10:05:06.111+0000] {processor.py:161} INFO - Started process (PID=1772) to work on /usr/local/lib/python3.8/dist-packages/airflow/example_dags/tutorial_taskflow_api.py
[2024-03-16T10:05:06.113+0000] {processor.py:830} INFO - Processing file /usr/local/lib/python3.8/dist-packages/airflow/example_dags/tutorial_taskflow_api.py for tasks to queue
[2024-03-16T10:05:06.114+0000] {logging_mixin.py:188} INFO - [2024-03-16T10:05:06.114+0000] {dagbag.py:540} INFO - Filling up the DagBag from /usr/local/lib/python3.8/dist-packages/airflow/example_dags/tutorial_taskflow_api.py
[2024-03-16T10:05:06.122+0000] {processor.py:840} INFO - DAG(s) 'tutorial_taskflow_api' retrieved from /usr/local/lib/python3.8/dist-packages/airflow/example_dags/tutorial_taskflow_api.py
[2024-03-16T10:05:06.138+0000] {logging_mixin.py:188} INFO - [2024-03-16T10:05:06.138+0000] {dag.py:3047} INFO - Sync 1 DAGs
[2024-03-16T10:05:06.151+0000] {logging_mixin.py:188} INFO - [2024-03-16T10:05:06.150+0000] {dag.py:3834} INFO - Setting next_dagrun for tutorial_taskflow_api to None, run_after=None
[2024-03-16T10:05:06.183+0000] {processor.py:183} INFO - Processing /usr/local/lib/python3.8/dist-packages/airflow/example_dags/tutorial_taskflow_api.py took 0.075 seconds
[2024-03-16T10:05:52.664+0000] {processor.py:161} INFO - Started process (PID=1824) to work on /usr/local/lib/python3.8/dist-packages/airflow/example_dags/tutorial_taskflow_api.py
[2024-03-16T10:05:52.666+0000] {processor.py:830} INFO - Processing file /usr/local/lib/python3.8/dist-packages/airflow/example_dags/tutorial_taskflow_api.py for tasks to queue
[2024-03-16T10:05:52.667+0000] {logging_mixin.py:188} INFO - [2024-03-16T10:05:52.667+0000] {dagbag.py:540} INFO - Filling up the DagBag from /usr/local/lib/python3.8/dist-packages/airflow/example_dags/tutorial_taskflow_api.py
[2024-03-16T10:05:52.675+0000] {processor.py:840} INFO - DAG(s) 'tutorial_taskflow_api' retrieved from /usr/local/lib/python3.8/dist-packages/airflow/example_dags/tutorial_taskflow_api.py
[2024-03-16T10:05:52.691+0000] {logging_mixin.py:188} INFO - [2024-03-16T10:05:52.691+0000] {dag.py:3047} INFO - Sync 1 DAGs
[2024-03-16T10:05:52.704+0000] {logging_mixin.py:188} INFO - [2024-03-16T10:05:52.703+0000] {dag.py:3834} INFO - Setting next_dagrun for tutorial_taskflow_api to None, run_after=None
[2024-03-16T10:05:52.734+0000] {processor.py:183} INFO - Processing /usr/local/lib/python3.8/dist-packages/airflow/example_dags/tutorial_taskflow_api.py took 0.073 seconds
[2024-03-16T10:06:55.774+0000] {processor.py:161} INFO - Started process (PID=1929) to work on /usr/local/lib/python3.8/dist-packages/airflow/example_dags/tutorial_taskflow_api.py
[2024-03-16T10:06:55.776+0000] {processor.py:830} INFO - Processing file /usr/local/lib/python3.8/dist-packages/airflow/example_dags/tutorial_taskflow_api.py for tasks to queue
[2024-03-16T10:06:55.777+0000] {logging_mixin.py:188} INFO - [2024-03-16T10:06:55.777+0000] {dagbag.py:540} INFO - Filling up the DagBag from /usr/local/lib/python3.8/dist-packages/airflow/example_dags/tutorial_taskflow_api.py
[2024-03-16T10:06:55.785+0000] {processor.py:840} INFO - DAG(s) 'tutorial_taskflow_api' retrieved from /usr/local/lib/python3.8/dist-packages/airflow/example_dags/tutorial_taskflow_api.py
[2024-03-16T10:06:55.801+0000] {logging_mixin.py:188} INFO - [2024-03-16T10:06:55.801+0000] {dag.py:3047} INFO - Sync 1 DAGs
[2024-03-16T10:06:55.813+0000] {logging_mixin.py:188} INFO - [2024-03-16T10:06:55.813+0000] {dag.py:3834} INFO - Setting next_dagrun for tutorial_taskflow_api to None, run_after=None
[2024-03-16T10:06:55.844+0000] {processor.py:183} INFO - Processing /usr/local/lib/python3.8/dist-packages/airflow/example_dags/tutorial_taskflow_api.py took 0.073 seconds
[2024-03-16T10:07:55.711+0000] {processor.py:161} INFO - Started process (PID=2032) to work on /usr/local/lib/python3.8/dist-packages/airflow/example_dags/tutorial_taskflow_api.py
[2024-03-16T10:07:55.713+0000] {processor.py:830} INFO - Processing file /usr/local/lib/python3.8/dist-packages/airflow/example_dags/tutorial_taskflow_api.py for tasks to queue
[2024-03-16T10:07:55.714+0000] {logging_mixin.py:188} INFO - [2024-03-16T10:07:55.713+0000] {dagbag.py:540} INFO - Filling up the DagBag from /usr/local/lib/python3.8/dist-packages/airflow/example_dags/tutorial_taskflow_api.py
[2024-03-16T10:07:55.721+0000] {processor.py:840} INFO - DAG(s) 'tutorial_taskflow_api' retrieved from /usr/local/lib/python3.8/dist-packages/airflow/example_dags/tutorial_taskflow_api.py
[2024-03-16T10:07:55.738+0000] {logging_mixin.py:188} INFO - [2024-03-16T10:07:55.737+0000] {dag.py:3047} INFO - Sync 1 DAGs
[2024-03-16T10:07:55.750+0000] {logging_mixin.py:188} INFO - [2024-03-16T10:07:55.750+0000] {dag.py:3834} INFO - Setting next_dagrun for tutorial_taskflow_api to None, run_after=None
[2024-03-16T10:07:55.780+0000] {processor.py:183} INFO - Processing /usr/local/lib/python3.8/dist-packages/airflow/example_dags/tutorial_taskflow_api.py took 0.072 seconds
[2024-03-16T10:08:59.194+0000] {processor.py:161} INFO - Started process (PID=2138) to work on /usr/local/lib/python3.8/dist-packages/airflow/example_dags/tutorial_taskflow_api.py
[2024-03-16T10:08:59.195+0000] {processor.py:830} INFO - Processing file /usr/local/lib/python3.8/dist-packages/airflow/example_dags/tutorial_taskflow_api.py for tasks to queue
[2024-03-16T10:08:59.196+0000] {logging_mixin.py:188} INFO - [2024-03-16T10:08:59.196+0000] {dagbag.py:540} INFO - Filling up the DagBag from /usr/local/lib/python3.8/dist-packages/airflow/example_dags/tutorial_taskflow_api.py
[2024-03-16T10:08:59.203+0000] {processor.py:840} INFO - DAG(s) 'tutorial_taskflow_api' retrieved from /usr/local/lib/python3.8/dist-packages/airflow/example_dags/tutorial_taskflow_api.py
[2024-03-16T10:08:59.216+0000] {logging_mixin.py:188} INFO - [2024-03-16T10:08:59.216+0000] {dag.py:3047} INFO - Sync 1 DAGs
[2024-03-16T10:08:59.225+0000] {logging_mixin.py:188} INFO - [2024-03-16T10:08:59.225+0000] {dag.py:3834} INFO - Setting next_dagrun for tutorial_taskflow_api to None, run_after=None
[2024-03-16T10:08:59.266+0000] {processor.py:183} INFO - Processing /usr/local/lib/python3.8/dist-packages/airflow/example_dags/tutorial_taskflow_api.py took 0.075 seconds
[2024-03-16T10:10:01.083+0000] {processor.py:161} INFO - Started process (PID=2242) to work on /usr/local/lib/python3.8/dist-packages/airflow/example_dags/tutorial_taskflow_api.py
[2024-03-16T10:10:01.085+0000] {processor.py:830} INFO - Processing file /usr/local/lib/python3.8/dist-packages/airflow/example_dags/tutorial_taskflow_api.py for tasks to queue
[2024-03-16T10:10:01.086+0000] {logging_mixin.py:188} INFO - [2024-03-16T10:10:01.086+0000] {dagbag.py:540} INFO - Filling up the DagBag from /usr/local/lib/python3.8/dist-packages/airflow/example_dags/tutorial_taskflow_api.py
[2024-03-16T10:10:01.094+0000] {processor.py:840} INFO - DAG(s) 'tutorial_taskflow_api' retrieved from /usr/local/lib/python3.8/dist-packages/airflow/example_dags/tutorial_taskflow_api.py
[2024-03-16T10:10:01.110+0000] {logging_mixin.py:188} INFO - [2024-03-16T10:10:01.110+0000] {dag.py:3047} INFO - Sync 1 DAGs
[2024-03-16T10:10:01.122+0000] {logging_mixin.py:188} INFO - [2024-03-16T10:10:01.122+0000] {dag.py:3834} INFO - Setting next_dagrun for tutorial_taskflow_api to None, run_after=None
[2024-03-16T10:10:01.152+0000] {processor.py:183} INFO - Processing /usr/local/lib/python3.8/dist-packages/airflow/example_dags/tutorial_taskflow_api.py took 0.072 seconds
[2024-03-16T10:11:14.162+0000] {processor.py:161} INFO - Started process (PID=2348) to work on /usr/local/lib/python3.8/dist-packages/airflow/example_dags/tutorial_taskflow_api.py
[2024-03-16T10:11:14.164+0000] {processor.py:830} INFO - Processing file /usr/local/lib/python3.8/dist-packages/airflow/example_dags/tutorial_taskflow_api.py for tasks to queue
[2024-03-16T10:11:14.165+0000] {logging_mixin.py:188} INFO - [2024-03-16T10:11:14.165+0000] {dagbag.py:540} INFO - Filling up the DagBag from /usr/local/lib/python3.8/dist-packages/airflow/example_dags/tutorial_taskflow_api.py
[2024-03-16T10:11:14.173+0000] {processor.py:840} INFO - DAG(s) 'tutorial_taskflow_api' retrieved from /usr/local/lib/python3.8/dist-packages/airflow/example_dags/tutorial_taskflow_api.py
[2024-03-16T10:11:14.190+0000] {logging_mixin.py:188} INFO - [2024-03-16T10:11:14.190+0000] {dag.py:3047} INFO - Sync 1 DAGs
[2024-03-16T10:11:14.202+0000] {logging_mixin.py:188} INFO - [2024-03-16T10:11:14.202+0000] {dag.py:3834} INFO - Setting next_dagrun for tutorial_taskflow_api to None, run_after=None
[2024-03-16T10:11:14.232+0000] {processor.py:183} INFO - Processing /usr/local/lib/python3.8/dist-packages/airflow/example_dags/tutorial_taskflow_api.py took 0.073 seconds
[2024-03-16T10:12:18.475+0000] {processor.py:161} INFO - Started process (PID=2493) to work on /usr/local/lib/python3.8/dist-packages/airflow/example_dags/tutorial_taskflow_api.py
[2024-03-16T10:12:18.477+0000] {processor.py:830} INFO - Processing file /usr/local/lib/python3.8/dist-packages/airflow/example_dags/tutorial_taskflow_api.py for tasks to queue
[2024-03-16T10:12:18.478+0000] {logging_mixin.py:188} INFO - [2024-03-16T10:12:18.477+0000] {dagbag.py:540} INFO - Filling up the DagBag from /usr/local/lib/python3.8/dist-packages/airflow/example_dags/tutorial_taskflow_api.py
[2024-03-16T10:12:18.485+0000] {processor.py:840} INFO - DAG(s) 'tutorial_taskflow_api' retrieved from /usr/local/lib/python3.8/dist-packages/airflow/example_dags/tutorial_taskflow_api.py
[2024-03-16T10:12:18.501+0000] {logging_mixin.py:188} INFO - [2024-03-16T10:12:18.501+0000] {dag.py:3047} INFO - Sync 1 DAGs
[2024-03-16T10:12:18.514+0000] {logging_mixin.py:188} INFO - [2024-03-16T10:12:18.514+0000] {dag.py:3834} INFO - Setting next_dagrun for tutorial_taskflow_api to None, run_after=None
[2024-03-16T10:12:18.543+0000] {processor.py:183} INFO - Processing /usr/local/lib/python3.8/dist-packages/airflow/example_dags/tutorial_taskflow_api.py took 0.072 seconds
[2024-03-16T10:13:17.862+0000] {processor.py:161} INFO - Started process (PID=2596) to work on /usr/local/lib/python3.8/dist-packages/airflow/example_dags/tutorial_taskflow_api.py
[2024-03-16T10:13:17.864+0000] {processor.py:830} INFO - Processing file /usr/local/lib/python3.8/dist-packages/airflow/example_dags/tutorial_taskflow_api.py for tasks to queue
[2024-03-16T10:13:17.865+0000] {logging_mixin.py:188} INFO - [2024-03-16T10:13:17.865+0000] {dagbag.py:540} INFO - Filling up the DagBag from /usr/local/lib/python3.8/dist-packages/airflow/example_dags/tutorial_taskflow_api.py
[2024-03-16T10:13:17.873+0000] {processor.py:840} INFO - DAG(s) 'tutorial_taskflow_api' retrieved from /usr/local/lib/python3.8/dist-packages/airflow/example_dags/tutorial_taskflow_api.py
[2024-03-16T10:13:17.890+0000] {logging_mixin.py:188} INFO - [2024-03-16T10:13:17.889+0000] {dag.py:3047} INFO - Sync 1 DAGs
[2024-03-16T10:13:17.902+0000] {logging_mixin.py:188} INFO - [2024-03-16T10:13:17.902+0000] {dag.py:3834} INFO - Setting next_dagrun for tutorial_taskflow_api to None, run_after=None
[2024-03-16T10:13:18.013+0000] {processor.py:183} INFO - Processing /usr/local/lib/python3.8/dist-packages/airflow/example_dags/tutorial_taskflow_api.py took 0.154 seconds
[2024-03-16T10:14:27.775+0000] {processor.py:161} INFO - Started process (PID=2703) to work on /usr/local/lib/python3.8/dist-packages/airflow/example_dags/tutorial_taskflow_api.py
[2024-03-16T10:14:27.777+0000] {processor.py:830} INFO - Processing file /usr/local/lib/python3.8/dist-packages/airflow/example_dags/tutorial_taskflow_api.py for tasks to queue
[2024-03-16T10:14:27.778+0000] {logging_mixin.py:188} INFO - [2024-03-16T10:14:27.777+0000] {dagbag.py:540} INFO - Filling up the DagBag from /usr/local/lib/python3.8/dist-packages/airflow/example_dags/tutorial_taskflow_api.py
[2024-03-16T10:14:27.785+0000] {processor.py:840} INFO - DAG(s) 'tutorial_taskflow_api' retrieved from /usr/local/lib/python3.8/dist-packages/airflow/example_dags/tutorial_taskflow_api.py
[2024-03-16T10:14:27.802+0000] {logging_mixin.py:188} INFO - [2024-03-16T10:14:27.801+0000] {dag.py:3047} INFO - Sync 1 DAGs
[2024-03-16T10:14:27.815+0000] {logging_mixin.py:188} INFO - [2024-03-16T10:14:27.814+0000] {dag.py:3834} INFO - Setting next_dagrun for tutorial_taskflow_api to None, run_after=None
[2024-03-16T10:14:27.845+0000] {processor.py:183} INFO - Processing /usr/local/lib/python3.8/dist-packages/airflow/example_dags/tutorial_taskflow_api.py took 0.074 seconds
[2024-03-16T10:15:03.977+0000] {processor.py:161} INFO - Started process (PID=2988) to work on /usr/local/lib/python3.8/dist-packages/airflow/example_dags/tutorial_taskflow_api.py
[2024-03-16T10:15:03.979+0000] {processor.py:830} INFO - Processing file /usr/local/lib/python3.8/dist-packages/airflow/example_dags/tutorial_taskflow_api.py for tasks to queue
[2024-03-16T10:15:03.980+0000] {logging_mixin.py:188} INFO - [2024-03-16T10:15:03.980+0000] {dagbag.py:540} INFO - Filling up the DagBag from /usr/local/lib/python3.8/dist-packages/airflow/example_dags/tutorial_taskflow_api.py
[2024-03-16T10:15:03.988+0000] {processor.py:840} INFO - DAG(s) 'tutorial_taskflow_api' retrieved from /usr/local/lib/python3.8/dist-packages/airflow/example_dags/tutorial_taskflow_api.py
[2024-03-16T10:15:04.004+0000] {logging_mixin.py:188} INFO - [2024-03-16T10:15:04.004+0000] {dag.py:3047} INFO - Sync 1 DAGs
[2024-03-16T10:15:04.016+0000] {logging_mixin.py:188} INFO - [2024-03-16T10:15:04.016+0000] {dag.py:3834} INFO - Setting next_dagrun for tutorial_taskflow_api to None, run_after=None
[2024-03-16T10:15:04.047+0000] {processor.py:183} INFO - Processing /usr/local/lib/python3.8/dist-packages/airflow/example_dags/tutorial_taskflow_api.py took 0.072 seconds
[2024-03-16T10:16:10.215+0000] {processor.py:161} INFO - Started process (PID=3094) to work on /usr/local/lib/python3.8/dist-packages/airflow/example_dags/tutorial_taskflow_api.py
[2024-03-16T10:16:10.217+0000] {processor.py:830} INFO - Processing file /usr/local/lib/python3.8/dist-packages/airflow/example_dags/tutorial_taskflow_api.py for tasks to queue
[2024-03-16T10:16:10.218+0000] {logging_mixin.py:188} INFO - [2024-03-16T10:16:10.218+0000] {dagbag.py:540} INFO - Filling up the DagBag from /usr/local/lib/python3.8/dist-packages/airflow/example_dags/tutorial_taskflow_api.py
[2024-03-16T10:16:10.226+0000] {processor.py:840} INFO - DAG(s) 'tutorial_taskflow_api' retrieved from /usr/local/lib/python3.8/dist-packages/airflow/example_dags/tutorial_taskflow_api.py
[2024-03-16T10:16:10.242+0000] {logging_mixin.py:188} INFO - [2024-03-16T10:16:10.242+0000] {dag.py:3047} INFO - Sync 1 DAGs
[2024-03-16T10:16:10.255+0000] {logging_mixin.py:188} INFO - [2024-03-16T10:16:10.254+0000] {dag.py:3834} INFO - Setting next_dagrun for tutorial_taskflow_api to None, run_after=None
[2024-03-16T10:16:10.286+0000] {processor.py:183} INFO - Processing /usr/local/lib/python3.8/dist-packages/airflow/example_dags/tutorial_taskflow_api.py took 0.073 seconds
[2024-03-16T10:17:13.562+0000] {processor.py:161} INFO - Started process (PID=3199) to work on /usr/local/lib/python3.8/dist-packages/airflow/example_dags/tutorial_taskflow_api.py
[2024-03-16T10:17:13.564+0000] {processor.py:830} INFO - Processing file /usr/local/lib/python3.8/dist-packages/airflow/example_dags/tutorial_taskflow_api.py for tasks to queue
[2024-03-16T10:17:13.565+0000] {logging_mixin.py:188} INFO - [2024-03-16T10:17:13.565+0000] {dagbag.py:540} INFO - Filling up the DagBag from /usr/local/lib/python3.8/dist-packages/airflow/example_dags/tutorial_taskflow_api.py
[2024-03-16T10:17:13.573+0000] {processor.py:840} INFO - DAG(s) 'tutorial_taskflow_api' retrieved from /usr/local/lib/python3.8/dist-packages/airflow/example_dags/tutorial_taskflow_api.py
[2024-03-16T10:17:13.589+0000] {logging_mixin.py:188} INFO - [2024-03-16T10:17:13.588+0000] {dag.py:3047} INFO - Sync 1 DAGs
[2024-03-16T10:17:13.601+0000] {logging_mixin.py:188} INFO - [2024-03-16T10:17:13.601+0000] {dag.py:3834} INFO - Setting next_dagrun for tutorial_taskflow_api to None, run_after=None
[2024-03-16T10:17:13.634+0000] {processor.py:183} INFO - Processing /usr/local/lib/python3.8/dist-packages/airflow/example_dags/tutorial_taskflow_api.py took 0.075 seconds
