[2024-03-16T09:52:39.610+0000] {processor.py:161} INFO - Started process (PID=466) to work on /usr/local/lib/python3.8/dist-packages/airflow/example_dags/tutorial_objectstorage.py
[2024-03-16T09:52:39.611+0000] {processor.py:830} INFO - Processing file /usr/local/lib/python3.8/dist-packages/airflow/example_dags/tutorial_objectstorage.py for tasks to queue
[2024-03-16T09:52:39.612+0000] {logging_mixin.py:188} INFO - [2024-03-16T09:52:39.611+0000] {dagbag.py:540} INFO - Filling up the DagBag from /usr/local/lib/python3.8/dist-packages/airflow/example_dags/tutorial_objectstorage.py
[2024-03-16T09:52:39.622+0000] {processor.py:840} INFO - DAG(s) 'tutorial_objectstorage' retrieved from /usr/local/lib/python3.8/dist-packages/airflow/example_dags/tutorial_objectstorage.py
[2024-03-16T09:52:39.685+0000] {logging_mixin.py:188} INFO - [2024-03-16T09:52:39.685+0000] {dag.py:3047} INFO - Sync 1 DAGs
[2024-03-16T09:52:39.826+0000] {logging_mixin.py:188} INFO - [2024-03-16T09:52:39.826+0000] {dag.py:3834} INFO - Setting next_dagrun for tutorial_objectstorage to None, run_after=None
[2024-03-16T09:52:39.871+0000] {processor.py:183} INFO - Processing /usr/local/lib/python3.8/dist-packages/airflow/example_dags/tutorial_objectstorage.py took 0.265 seconds
[2024-03-16T09:55:05.201+0000] {processor.py:161} INFO - Started process (PID=799) to work on /usr/local/lib/python3.8/dist-packages/airflow/example_dags/tutorial_objectstorage.py
[2024-03-16T09:55:05.203+0000] {processor.py:830} INFO - Processing file /usr/local/lib/python3.8/dist-packages/airflow/example_dags/tutorial_objectstorage.py for tasks to queue
[2024-03-16T09:55:05.204+0000] {logging_mixin.py:188} INFO - [2024-03-16T09:55:05.203+0000] {dagbag.py:540} INFO - Filling up the DagBag from /usr/local/lib/python3.8/dist-packages/airflow/example_dags/tutorial_objectstorage.py
[2024-03-16T09:55:05.211+0000] {processor.py:840} INFO - DAG(s) 'tutorial_objectstorage' retrieved from /usr/local/lib/python3.8/dist-packages/airflow/example_dags/tutorial_objectstorage.py
[2024-03-16T09:55:05.223+0000] {logging_mixin.py:188} INFO - [2024-03-16T09:55:05.223+0000] {dag.py:3047} INFO - Sync 1 DAGs
[2024-03-16T09:55:05.233+0000] {logging_mixin.py:188} INFO - [2024-03-16T09:55:05.233+0000] {dag.py:3834} INFO - Setting next_dagrun for tutorial_objectstorage to None, run_after=None
[2024-03-16T09:55:05.258+0000] {processor.py:183} INFO - Processing /usr/local/lib/python3.8/dist-packages/airflow/example_dags/tutorial_objectstorage.py took 0.060 seconds
[2024-03-16T09:56:00.832+0000] {processor.py:161} INFO - Started process (PID=903) to work on /usr/local/lib/python3.8/dist-packages/airflow/example_dags/tutorial_objectstorage.py
[2024-03-16T09:56:00.840+0000] {processor.py:830} INFO - Processing file /usr/local/lib/python3.8/dist-packages/airflow/example_dags/tutorial_objectstorage.py for tasks to queue
[2024-03-16T09:56:00.841+0000] {logging_mixin.py:188} INFO - [2024-03-16T09:56:00.841+0000] {dagbag.py:540} INFO - Filling up the DagBag from /usr/local/lib/python3.8/dist-packages/airflow/example_dags/tutorial_objectstorage.py
[2024-03-16T09:56:00.850+0000] {processor.py:840} INFO - DAG(s) 'tutorial_objectstorage' retrieved from /usr/local/lib/python3.8/dist-packages/airflow/example_dags/tutorial_objectstorage.py
[2024-03-16T09:56:00.865+0000] {logging_mixin.py:188} INFO - [2024-03-16T09:56:00.865+0000] {dag.py:3047} INFO - Sync 1 DAGs
[2024-03-16T09:56:00.877+0000] {logging_mixin.py:188} INFO - [2024-03-16T09:56:00.877+0000] {dag.py:3834} INFO - Setting next_dagrun for tutorial_objectstorage to None, run_after=None
[2024-03-16T09:56:01.148+0000] {processor.py:183} INFO - Processing /usr/local/lib/python3.8/dist-packages/airflow/example_dags/tutorial_objectstorage.py took 0.319 seconds
[2024-03-16T09:56:41.874+0000] {processor.py:161} INFO - Started process (PID=955) to work on /usr/local/lib/python3.8/dist-packages/airflow/example_dags/tutorial_objectstorage.py
[2024-03-16T09:56:41.877+0000] {processor.py:830} INFO - Processing file /usr/local/lib/python3.8/dist-packages/airflow/example_dags/tutorial_objectstorage.py for tasks to queue
[2024-03-16T09:56:41.878+0000] {logging_mixin.py:188} INFO - [2024-03-16T09:56:41.877+0000] {dagbag.py:540} INFO - Filling up the DagBag from /usr/local/lib/python3.8/dist-packages/airflow/example_dags/tutorial_objectstorage.py
[2024-03-16T09:56:41.886+0000] {processor.py:840} INFO - DAG(s) 'tutorial_objectstorage' retrieved from /usr/local/lib/python3.8/dist-packages/airflow/example_dags/tutorial_objectstorage.py
[2024-03-16T09:56:41.901+0000] {logging_mixin.py:188} INFO - [2024-03-16T09:56:41.901+0000] {dag.py:3047} INFO - Sync 1 DAGs
[2024-03-16T09:56:41.914+0000] {logging_mixin.py:188} INFO - [2024-03-16T09:56:41.914+0000] {dag.py:3834} INFO - Setting next_dagrun for tutorial_objectstorage to None, run_after=None
[2024-03-16T09:56:42.555+0000] {processor.py:183} INFO - Processing /usr/local/lib/python3.8/dist-packages/airflow/example_dags/tutorial_objectstorage.py took 0.684 seconds
[2024-03-16T09:57:27.239+0000] {processor.py:161} INFO - Started process (PID=1020) to work on /usr/local/lib/python3.8/dist-packages/airflow/example_dags/tutorial_objectstorage.py
[2024-03-16T09:57:27.241+0000] {processor.py:830} INFO - Processing file /usr/local/lib/python3.8/dist-packages/airflow/example_dags/tutorial_objectstorage.py for tasks to queue
[2024-03-16T09:57:27.242+0000] {logging_mixin.py:188} INFO - [2024-03-16T09:57:27.241+0000] {dagbag.py:540} INFO - Filling up the DagBag from /usr/local/lib/python3.8/dist-packages/airflow/example_dags/tutorial_objectstorage.py
[2024-03-16T09:57:27.250+0000] {processor.py:840} INFO - DAG(s) 'tutorial_objectstorage' retrieved from /usr/local/lib/python3.8/dist-packages/airflow/example_dags/tutorial_objectstorage.py
[2024-03-16T09:57:27.265+0000] {logging_mixin.py:188} INFO - [2024-03-16T09:57:27.265+0000] {dag.py:3047} INFO - Sync 1 DAGs
[2024-03-16T09:57:27.277+0000] {logging_mixin.py:188} INFO - [2024-03-16T09:57:27.277+0000] {dag.py:3834} INFO - Setting next_dagrun for tutorial_objectstorage to None, run_after=None
[2024-03-16T09:57:27.571+0000] {processor.py:183} INFO - Processing /usr/local/lib/python3.8/dist-packages/airflow/example_dags/tutorial_objectstorage.py took 0.335 seconds
[2024-03-16T09:58:06.446+0000] {processor.py:161} INFO - Started process (PID=1077) to work on /usr/local/lib/python3.8/dist-packages/airflow/example_dags/tutorial_objectstorage.py
[2024-03-16T09:58:06.448+0000] {processor.py:830} INFO - Processing file /usr/local/lib/python3.8/dist-packages/airflow/example_dags/tutorial_objectstorage.py for tasks to queue
[2024-03-16T09:58:06.449+0000] {logging_mixin.py:188} INFO - [2024-03-16T09:58:06.449+0000] {dagbag.py:540} INFO - Filling up the DagBag from /usr/local/lib/python3.8/dist-packages/airflow/example_dags/tutorial_objectstorage.py
[2024-03-16T09:58:06.458+0000] {processor.py:840} INFO - DAG(s) 'tutorial_objectstorage' retrieved from /usr/local/lib/python3.8/dist-packages/airflow/example_dags/tutorial_objectstorage.py
[2024-03-16T09:58:06.473+0000] {logging_mixin.py:188} INFO - [2024-03-16T09:58:06.473+0000] {dag.py:3047} INFO - Sync 1 DAGs
[2024-03-16T09:58:06.486+0000] {logging_mixin.py:188} INFO - [2024-03-16T09:58:06.486+0000] {dag.py:3834} INFO - Setting next_dagrun for tutorial_objectstorage to None, run_after=None
[2024-03-16T09:58:06.516+0000] {processor.py:183} INFO - Processing /usr/local/lib/python3.8/dist-packages/airflow/example_dags/tutorial_objectstorage.py took 0.073 seconds
[2024-03-16T09:59:02.579+0000] {processor.py:161} INFO - Started process (PID=1197) to work on /usr/local/lib/python3.8/dist-packages/airflow/example_dags/tutorial_objectstorage.py
[2024-03-16T09:59:02.581+0000] {processor.py:830} INFO - Processing file /usr/local/lib/python3.8/dist-packages/airflow/example_dags/tutorial_objectstorage.py for tasks to queue
[2024-03-16T09:59:02.582+0000] {logging_mixin.py:188} INFO - [2024-03-16T09:59:02.582+0000] {dagbag.py:540} INFO - Filling up the DagBag from /usr/local/lib/python3.8/dist-packages/airflow/example_dags/tutorial_objectstorage.py
[2024-03-16T09:59:02.591+0000] {processor.py:840} INFO - DAG(s) 'tutorial_objectstorage' retrieved from /usr/local/lib/python3.8/dist-packages/airflow/example_dags/tutorial_objectstorage.py
[2024-03-16T09:59:02.606+0000] {logging_mixin.py:188} INFO - [2024-03-16T09:59:02.606+0000] {dag.py:3047} INFO - Sync 1 DAGs
[2024-03-16T09:59:02.619+0000] {logging_mixin.py:188} INFO - [2024-03-16T09:59:02.619+0000] {dag.py:3834} INFO - Setting next_dagrun for tutorial_objectstorage to None, run_after=None
[2024-03-16T09:59:02.649+0000] {processor.py:183} INFO - Processing /usr/local/lib/python3.8/dist-packages/airflow/example_dags/tutorial_objectstorage.py took 0.073 seconds
[2024-03-16T10:02:41.774+0000] {processor.py:161} INFO - Started process (PID=1505) to work on /usr/local/lib/python3.8/dist-packages/airflow/example_dags/tutorial_objectstorage.py
[2024-03-16T10:02:41.776+0000] {processor.py:830} INFO - Processing file /usr/local/lib/python3.8/dist-packages/airflow/example_dags/tutorial_objectstorage.py for tasks to queue
[2024-03-16T10:02:41.777+0000] {logging_mixin.py:188} INFO - [2024-03-16T10:02:41.777+0000] {dagbag.py:540} INFO - Filling up the DagBag from /usr/local/lib/python3.8/dist-packages/airflow/example_dags/tutorial_objectstorage.py
[2024-03-16T10:02:41.787+0000] {processor.py:840} INFO - DAG(s) 'tutorial_objectstorage' retrieved from /usr/local/lib/python3.8/dist-packages/airflow/example_dags/tutorial_objectstorage.py
[2024-03-16T10:02:41.810+0000] {logging_mixin.py:188} INFO - [2024-03-16T10:02:41.809+0000] {dag.py:3047} INFO - Sync 1 DAGs
[2024-03-16T10:02:41.824+0000] {logging_mixin.py:188} INFO - [2024-03-16T10:02:41.824+0000] {dag.py:3834} INFO - Setting next_dagrun for tutorial_objectstorage to None, run_after=None
[2024-03-16T10:02:41.887+0000] {processor.py:183} INFO - Processing /usr/local/lib/python3.8/dist-packages/airflow/example_dags/tutorial_objectstorage.py took 0.116 seconds
[2024-03-16T10:05:04.383+0000] {processor.py:161} INFO - Started process (PID=1770) to work on /usr/local/lib/python3.8/dist-packages/airflow/example_dags/tutorial_objectstorage.py
[2024-03-16T10:05:04.385+0000] {processor.py:830} INFO - Processing file /usr/local/lib/python3.8/dist-packages/airflow/example_dags/tutorial_objectstorage.py for tasks to queue
[2024-03-16T10:05:04.386+0000] {logging_mixin.py:188} INFO - [2024-03-16T10:05:04.385+0000] {dagbag.py:540} INFO - Filling up the DagBag from /usr/local/lib/python3.8/dist-packages/airflow/example_dags/tutorial_objectstorage.py
[2024-03-16T10:05:04.394+0000] {processor.py:840} INFO - DAG(s) 'tutorial_objectstorage' retrieved from /usr/local/lib/python3.8/dist-packages/airflow/example_dags/tutorial_objectstorage.py
[2024-03-16T10:05:04.410+0000] {logging_mixin.py:188} INFO - [2024-03-16T10:05:04.410+0000] {dag.py:3047} INFO - Sync 1 DAGs
[2024-03-16T10:05:04.423+0000] {logging_mixin.py:188} INFO - [2024-03-16T10:05:04.423+0000] {dag.py:3834} INFO - Setting next_dagrun for tutorial_objectstorage to None, run_after=None
[2024-03-16T10:05:04.453+0000] {processor.py:183} INFO - Processing /usr/local/lib/python3.8/dist-packages/airflow/example_dags/tutorial_objectstorage.py took 0.073 seconds
[2024-03-16T10:05:50.410+0000] {processor.py:161} INFO - Started process (PID=1822) to work on /usr/local/lib/python3.8/dist-packages/airflow/example_dags/tutorial_objectstorage.py
[2024-03-16T10:05:50.412+0000] {processor.py:830} INFO - Processing file /usr/local/lib/python3.8/dist-packages/airflow/example_dags/tutorial_objectstorage.py for tasks to queue
[2024-03-16T10:05:50.413+0000] {logging_mixin.py:188} INFO - [2024-03-16T10:05:50.413+0000] {dagbag.py:540} INFO - Filling up the DagBag from /usr/local/lib/python3.8/dist-packages/airflow/example_dags/tutorial_objectstorage.py
[2024-03-16T10:05:50.422+0000] {processor.py:840} INFO - DAG(s) 'tutorial_objectstorage' retrieved from /usr/local/lib/python3.8/dist-packages/airflow/example_dags/tutorial_objectstorage.py
[2024-03-16T10:05:50.437+0000] {logging_mixin.py:188} INFO - [2024-03-16T10:05:50.436+0000] {dag.py:3047} INFO - Sync 1 DAGs
[2024-03-16T10:05:50.449+0000] {logging_mixin.py:188} INFO - [2024-03-16T10:05:50.449+0000] {dag.py:3834} INFO - Setting next_dagrun for tutorial_objectstorage to None, run_after=None
[2024-03-16T10:05:50.481+0000] {processor.py:183} INFO - Processing /usr/local/lib/python3.8/dist-packages/airflow/example_dags/tutorial_objectstorage.py took 0.073 seconds
[2024-03-16T10:06:53.811+0000] {processor.py:161} INFO - Started process (PID=1927) to work on /usr/local/lib/python3.8/dist-packages/airflow/example_dags/tutorial_objectstorage.py
[2024-03-16T10:06:53.813+0000] {processor.py:830} INFO - Processing file /usr/local/lib/python3.8/dist-packages/airflow/example_dags/tutorial_objectstorage.py for tasks to queue
[2024-03-16T10:06:53.814+0000] {logging_mixin.py:188} INFO - [2024-03-16T10:06:53.814+0000] {dagbag.py:540} INFO - Filling up the DagBag from /usr/local/lib/python3.8/dist-packages/airflow/example_dags/tutorial_objectstorage.py
[2024-03-16T10:06:53.822+0000] {processor.py:840} INFO - DAG(s) 'tutorial_objectstorage' retrieved from /usr/local/lib/python3.8/dist-packages/airflow/example_dags/tutorial_objectstorage.py
[2024-03-16T10:06:53.838+0000] {logging_mixin.py:188} INFO - [2024-03-16T10:06:53.837+0000] {dag.py:3047} INFO - Sync 1 DAGs
[2024-03-16T10:06:53.850+0000] {logging_mixin.py:188} INFO - [2024-03-16T10:06:53.850+0000] {dag.py:3834} INFO - Setting next_dagrun for tutorial_objectstorage to None, run_after=None
[2024-03-16T10:06:53.879+0000] {processor.py:183} INFO - Processing /usr/local/lib/python3.8/dist-packages/airflow/example_dags/tutorial_objectstorage.py took 0.071 seconds
[2024-03-16T10:07:53.870+0000] {processor.py:161} INFO - Started process (PID=2030) to work on /usr/local/lib/python3.8/dist-packages/airflow/example_dags/tutorial_objectstorage.py
[2024-03-16T10:07:53.872+0000] {processor.py:830} INFO - Processing file /usr/local/lib/python3.8/dist-packages/airflow/example_dags/tutorial_objectstorage.py for tasks to queue
[2024-03-16T10:07:53.873+0000] {logging_mixin.py:188} INFO - [2024-03-16T10:07:53.873+0000] {dagbag.py:540} INFO - Filling up the DagBag from /usr/local/lib/python3.8/dist-packages/airflow/example_dags/tutorial_objectstorage.py
[2024-03-16T10:07:53.881+0000] {processor.py:840} INFO - DAG(s) 'tutorial_objectstorage' retrieved from /usr/local/lib/python3.8/dist-packages/airflow/example_dags/tutorial_objectstorage.py
[2024-03-16T10:07:53.897+0000] {logging_mixin.py:188} INFO - [2024-03-16T10:07:53.897+0000] {dag.py:3047} INFO - Sync 1 DAGs
[2024-03-16T10:07:53.910+0000] {logging_mixin.py:188} INFO - [2024-03-16T10:07:53.910+0000] {dag.py:3834} INFO - Setting next_dagrun for tutorial_objectstorage to None, run_after=None
[2024-03-16T10:07:53.959+0000] {processor.py:183} INFO - Processing /usr/local/lib/python3.8/dist-packages/airflow/example_dags/tutorial_objectstorage.py took 0.092 seconds
[2024-03-16T10:08:26.047+0000] {processor.py:161} INFO - Started process (PID=2104) to work on /usr/local/lib/python3.8/dist-packages/airflow/example_dags/tutorial_objectstorage.py
[2024-03-16T10:08:26.049+0000] {processor.py:830} INFO - Processing file /usr/local/lib/python3.8/dist-packages/airflow/example_dags/tutorial_objectstorage.py for tasks to queue
[2024-03-16T10:08:26.050+0000] {logging_mixin.py:188} INFO - [2024-03-16T10:08:26.049+0000] {dagbag.py:540} INFO - Filling up the DagBag from /usr/local/lib/python3.8/dist-packages/airflow/example_dags/tutorial_objectstorage.py
[2024-03-16T10:08:26.058+0000] {processor.py:840} INFO - DAG(s) 'tutorial_objectstorage' retrieved from /usr/local/lib/python3.8/dist-packages/airflow/example_dags/tutorial_objectstorage.py
[2024-03-16T10:08:26.074+0000] {logging_mixin.py:188} INFO - [2024-03-16T10:08:26.074+0000] {dag.py:3047} INFO - Sync 1 DAGs
[2024-03-16T10:08:26.087+0000] {logging_mixin.py:188} INFO - [2024-03-16T10:08:26.086+0000] {dag.py:3834} INFO - Setting next_dagrun for tutorial_objectstorage to None, run_after=None
[2024-03-16T10:08:26.118+0000] {processor.py:183} INFO - Processing /usr/local/lib/python3.8/dist-packages/airflow/example_dags/tutorial_objectstorage.py took 0.075 seconds
[2024-03-16T10:08:57.795+0000] {processor.py:161} INFO - Started process (PID=2136) to work on /usr/local/lib/python3.8/dist-packages/airflow/example_dags/tutorial_objectstorage.py
[2024-03-16T10:08:57.797+0000] {processor.py:830} INFO - Processing file /usr/local/lib/python3.8/dist-packages/airflow/example_dags/tutorial_objectstorage.py for tasks to queue
[2024-03-16T10:08:57.798+0000] {logging_mixin.py:188} INFO - [2024-03-16T10:08:57.798+0000] {dagbag.py:540} INFO - Filling up the DagBag from /usr/local/lib/python3.8/dist-packages/airflow/example_dags/tutorial_objectstorage.py
[2024-03-16T10:08:57.806+0000] {processor.py:840} INFO - DAG(s) 'tutorial_objectstorage' retrieved from /usr/local/lib/python3.8/dist-packages/airflow/example_dags/tutorial_objectstorage.py
[2024-03-16T10:08:57.821+0000] {logging_mixin.py:188} INFO - [2024-03-16T10:08:57.821+0000] {dag.py:3047} INFO - Sync 1 DAGs
[2024-03-16T10:08:57.833+0000] {logging_mixin.py:188} INFO - [2024-03-16T10:08:57.833+0000] {dag.py:3834} INFO - Setting next_dagrun for tutorial_objectstorage to None, run_after=None
[2024-03-16T10:08:57.864+0000] {processor.py:183} INFO - Processing /usr/local/lib/python3.8/dist-packages/airflow/example_dags/tutorial_objectstorage.py took 0.072 seconds
[2024-03-16T10:09:58.737+0000] {processor.py:161} INFO - Started process (PID=2240) to work on /usr/local/lib/python3.8/dist-packages/airflow/example_dags/tutorial_objectstorage.py
[2024-03-16T10:09:58.739+0000] {processor.py:830} INFO - Processing file /usr/local/lib/python3.8/dist-packages/airflow/example_dags/tutorial_objectstorage.py for tasks to queue
[2024-03-16T10:09:58.740+0000] {logging_mixin.py:188} INFO - [2024-03-16T10:09:58.740+0000] {dagbag.py:540} INFO - Filling up the DagBag from /usr/local/lib/python3.8/dist-packages/airflow/example_dags/tutorial_objectstorage.py
[2024-03-16T10:09:58.748+0000] {processor.py:840} INFO - DAG(s) 'tutorial_objectstorage' retrieved from /usr/local/lib/python3.8/dist-packages/airflow/example_dags/tutorial_objectstorage.py
[2024-03-16T10:09:58.764+0000] {logging_mixin.py:188} INFO - [2024-03-16T10:09:58.764+0000] {dag.py:3047} INFO - Sync 1 DAGs
[2024-03-16T10:09:58.776+0000] {logging_mixin.py:188} INFO - [2024-03-16T10:09:58.776+0000] {dag.py:3834} INFO - Setting next_dagrun for tutorial_objectstorage to None, run_after=None
[2024-03-16T10:09:58.806+0000] {processor.py:183} INFO - Processing /usr/local/lib/python3.8/dist-packages/airflow/example_dags/tutorial_objectstorage.py took 0.072 seconds
[2024-03-16T10:10:32.306+0000] {processor.py:161} INFO - Started process (PID=2314) to work on /usr/local/lib/python3.8/dist-packages/airflow/example_dags/tutorial_objectstorage.py
[2024-03-16T10:10:32.307+0000] {processor.py:830} INFO - Processing file /usr/local/lib/python3.8/dist-packages/airflow/example_dags/tutorial_objectstorage.py for tasks to queue
[2024-03-16T10:10:32.308+0000] {logging_mixin.py:188} INFO - [2024-03-16T10:10:32.308+0000] {dagbag.py:540} INFO - Filling up the DagBag from /usr/local/lib/python3.8/dist-packages/airflow/example_dags/tutorial_objectstorage.py
[2024-03-16T10:10:32.317+0000] {processor.py:840} INFO - DAG(s) 'tutorial_objectstorage' retrieved from /usr/local/lib/python3.8/dist-packages/airflow/example_dags/tutorial_objectstorage.py
[2024-03-16T10:10:32.332+0000] {logging_mixin.py:188} INFO - [2024-03-16T10:10:32.332+0000] {dag.py:3047} INFO - Sync 1 DAGs
[2024-03-16T10:10:32.345+0000] {logging_mixin.py:188} INFO - [2024-03-16T10:10:32.345+0000] {dag.py:3834} INFO - Setting next_dagrun for tutorial_objectstorage to None, run_after=None
[2024-03-16T10:10:32.374+0000] {processor.py:183} INFO - Processing /usr/local/lib/python3.8/dist-packages/airflow/example_dags/tutorial_objectstorage.py took 0.072 seconds
[2024-03-16T10:11:12.536+0000] {processor.py:161} INFO - Started process (PID=2346) to work on /usr/local/lib/python3.8/dist-packages/airflow/example_dags/tutorial_objectstorage.py
[2024-03-16T10:11:12.538+0000] {processor.py:830} INFO - Processing file /usr/local/lib/python3.8/dist-packages/airflow/example_dags/tutorial_objectstorage.py for tasks to queue
[2024-03-16T10:11:12.539+0000] {logging_mixin.py:188} INFO - [2024-03-16T10:11:12.538+0000] {dagbag.py:540} INFO - Filling up the DagBag from /usr/local/lib/python3.8/dist-packages/airflow/example_dags/tutorial_objectstorage.py
[2024-03-16T10:11:12.547+0000] {processor.py:840} INFO - DAG(s) 'tutorial_objectstorage' retrieved from /usr/local/lib/python3.8/dist-packages/airflow/example_dags/tutorial_objectstorage.py
[2024-03-16T10:11:12.563+0000] {logging_mixin.py:188} INFO - [2024-03-16T10:11:12.563+0000] {dag.py:3047} INFO - Sync 1 DAGs
[2024-03-16T10:11:12.576+0000] {logging_mixin.py:188} INFO - [2024-03-16T10:11:12.575+0000] {dag.py:3834} INFO - Setting next_dagrun for tutorial_objectstorage to None, run_after=None
[2024-03-16T10:11:12.606+0000] {processor.py:183} INFO - Processing /usr/local/lib/python3.8/dist-packages/airflow/example_dags/tutorial_objectstorage.py took 0.073 seconds
[2024-03-16T10:12:16.377+0000] {processor.py:161} INFO - Started process (PID=2491) to work on /usr/local/lib/python3.8/dist-packages/airflow/example_dags/tutorial_objectstorage.py
[2024-03-16T10:12:16.380+0000] {processor.py:830} INFO - Processing file /usr/local/lib/python3.8/dist-packages/airflow/example_dags/tutorial_objectstorage.py for tasks to queue
[2024-03-16T10:12:16.381+0000] {logging_mixin.py:188} INFO - [2024-03-16T10:12:16.380+0000] {dagbag.py:540} INFO - Filling up the DagBag from /usr/local/lib/python3.8/dist-packages/airflow/example_dags/tutorial_objectstorage.py
[2024-03-16T10:12:16.389+0000] {processor.py:840} INFO - DAG(s) 'tutorial_objectstorage' retrieved from /usr/local/lib/python3.8/dist-packages/airflow/example_dags/tutorial_objectstorage.py
[2024-03-16T10:12:16.405+0000] {logging_mixin.py:188} INFO - [2024-03-16T10:12:16.404+0000] {dag.py:3047} INFO - Sync 1 DAGs
[2024-03-16T10:12:16.417+0000] {logging_mixin.py:188} INFO - [2024-03-16T10:12:16.417+0000] {dag.py:3834} INFO - Setting next_dagrun for tutorial_objectstorage to None, run_after=None
[2024-03-16T10:12:16.446+0000] {processor.py:183} INFO - Processing /usr/local/lib/python3.8/dist-packages/airflow/example_dags/tutorial_objectstorage.py took 0.072 seconds
[2024-03-16T10:12:48.969+0000] {processor.py:161} INFO - Started process (PID=2531) to work on /usr/local/lib/python3.8/dist-packages/airflow/example_dags/tutorial_objectstorage.py
[2024-03-16T10:12:48.971+0000] {processor.py:830} INFO - Processing file /usr/local/lib/python3.8/dist-packages/airflow/example_dags/tutorial_objectstorage.py for tasks to queue
[2024-03-16T10:12:48.972+0000] {logging_mixin.py:188} INFO - [2024-03-16T10:12:48.972+0000] {dagbag.py:540} INFO - Filling up the DagBag from /usr/local/lib/python3.8/dist-packages/airflow/example_dags/tutorial_objectstorage.py
[2024-03-16T10:12:48.980+0000] {processor.py:840} INFO - DAG(s) 'tutorial_objectstorage' retrieved from /usr/local/lib/python3.8/dist-packages/airflow/example_dags/tutorial_objectstorage.py
[2024-03-16T10:12:48.995+0000] {logging_mixin.py:188} INFO - [2024-03-16T10:12:48.995+0000] {dag.py:3047} INFO - Sync 1 DAGs
[2024-03-16T10:12:49.006+0000] {logging_mixin.py:188} INFO - [2024-03-16T10:12:49.006+0000] {dag.py:3834} INFO - Setting next_dagrun for tutorial_objectstorage to None, run_after=None
[2024-03-16T10:12:49.031+0000] {processor.py:183} INFO - Processing /usr/local/lib/python3.8/dist-packages/airflow/example_dags/tutorial_objectstorage.py took 0.065 seconds
[2024-03-16T10:14:26.550+0000] {processor.py:161} INFO - Started process (PID=2701) to work on /usr/local/lib/python3.8/dist-packages/airflow/example_dags/tutorial_objectstorage.py
[2024-03-16T10:14:26.552+0000] {processor.py:830} INFO - Processing file /usr/local/lib/python3.8/dist-packages/airflow/example_dags/tutorial_objectstorage.py for tasks to queue
[2024-03-16T10:14:26.553+0000] {logging_mixin.py:188} INFO - [2024-03-16T10:14:26.552+0000] {dagbag.py:540} INFO - Filling up the DagBag from /usr/local/lib/python3.8/dist-packages/airflow/example_dags/tutorial_objectstorage.py
[2024-03-16T10:14:26.561+0000] {processor.py:840} INFO - DAG(s) 'tutorial_objectstorage' retrieved from /usr/local/lib/python3.8/dist-packages/airflow/example_dags/tutorial_objectstorage.py
[2024-03-16T10:14:26.576+0000] {logging_mixin.py:188} INFO - [2024-03-16T10:14:26.576+0000] {dag.py:3047} INFO - Sync 1 DAGs
[2024-03-16T10:14:26.589+0000] {logging_mixin.py:188} INFO - [2024-03-16T10:14:26.588+0000] {dag.py:3834} INFO - Setting next_dagrun for tutorial_objectstorage to None, run_after=None
[2024-03-16T10:14:26.620+0000] {processor.py:183} INFO - Processing /usr/local/lib/python3.8/dist-packages/airflow/example_dags/tutorial_objectstorage.py took 0.073 seconds
[2024-03-16T10:15:01.636+0000] {processor.py:161} INFO - Started process (PID=2986) to work on /usr/local/lib/python3.8/dist-packages/airflow/example_dags/tutorial_objectstorage.py
[2024-03-16T10:15:01.638+0000] {processor.py:830} INFO - Processing file /usr/local/lib/python3.8/dist-packages/airflow/example_dags/tutorial_objectstorage.py for tasks to queue
[2024-03-16T10:15:01.639+0000] {logging_mixin.py:188} INFO - [2024-03-16T10:15:01.638+0000] {dagbag.py:540} INFO - Filling up the DagBag from /usr/local/lib/python3.8/dist-packages/airflow/example_dags/tutorial_objectstorage.py
[2024-03-16T10:15:01.647+0000] {processor.py:840} INFO - DAG(s) 'tutorial_objectstorage' retrieved from /usr/local/lib/python3.8/dist-packages/airflow/example_dags/tutorial_objectstorage.py
[2024-03-16T10:15:01.663+0000] {logging_mixin.py:188} INFO - [2024-03-16T10:15:01.663+0000] {dag.py:3047} INFO - Sync 1 DAGs
[2024-03-16T10:15:01.676+0000] {logging_mixin.py:188} INFO - [2024-03-16T10:15:01.676+0000] {dag.py:3834} INFO - Setting next_dagrun for tutorial_objectstorage to None, run_after=None
[2024-03-16T10:15:01.706+0000] {processor.py:183} INFO - Processing /usr/local/lib/python3.8/dist-packages/airflow/example_dags/tutorial_objectstorage.py took 0.073 seconds
[2024-03-16T10:16:08.610+0000] {processor.py:161} INFO - Started process (PID=3092) to work on /usr/local/lib/python3.8/dist-packages/airflow/example_dags/tutorial_objectstorage.py
[2024-03-16T10:16:08.612+0000] {processor.py:830} INFO - Processing file /usr/local/lib/python3.8/dist-packages/airflow/example_dags/tutorial_objectstorage.py for tasks to queue
[2024-03-16T10:16:08.613+0000] {logging_mixin.py:188} INFO - [2024-03-16T10:16:08.612+0000] {dagbag.py:540} INFO - Filling up the DagBag from /usr/local/lib/python3.8/dist-packages/airflow/example_dags/tutorial_objectstorage.py
[2024-03-16T10:16:08.621+0000] {processor.py:840} INFO - DAG(s) 'tutorial_objectstorage' retrieved from /usr/local/lib/python3.8/dist-packages/airflow/example_dags/tutorial_objectstorage.py
[2024-03-16T10:16:08.637+0000] {logging_mixin.py:188} INFO - [2024-03-16T10:16:08.637+0000] {dag.py:3047} INFO - Sync 1 DAGs
[2024-03-16T10:16:08.650+0000] {logging_mixin.py:188} INFO - [2024-03-16T10:16:08.650+0000] {dag.py:3834} INFO - Setting next_dagrun for tutorial_objectstorage to None, run_after=None
[2024-03-16T10:16:08.681+0000] {processor.py:183} INFO - Processing /usr/local/lib/python3.8/dist-packages/airflow/example_dags/tutorial_objectstorage.py took 0.074 seconds
[2024-03-16T10:17:11.947+0000] {processor.py:161} INFO - Started process (PID=3197) to work on /usr/local/lib/python3.8/dist-packages/airflow/example_dags/tutorial_objectstorage.py
[2024-03-16T10:17:11.948+0000] {processor.py:830} INFO - Processing file /usr/local/lib/python3.8/dist-packages/airflow/example_dags/tutorial_objectstorage.py for tasks to queue
[2024-03-16T10:17:11.949+0000] {logging_mixin.py:188} INFO - [2024-03-16T10:17:11.949+0000] {dagbag.py:540} INFO - Filling up the DagBag from /usr/local/lib/python3.8/dist-packages/airflow/example_dags/tutorial_objectstorage.py
[2024-03-16T10:17:11.958+0000] {processor.py:840} INFO - DAG(s) 'tutorial_objectstorage' retrieved from /usr/local/lib/python3.8/dist-packages/airflow/example_dags/tutorial_objectstorage.py
[2024-03-16T10:17:11.973+0000] {logging_mixin.py:188} INFO - [2024-03-16T10:17:11.973+0000] {dag.py:3047} INFO - Sync 1 DAGs
[2024-03-16T10:17:11.986+0000] {logging_mixin.py:188} INFO - [2024-03-16T10:17:11.986+0000] {dag.py:3834} INFO - Setting next_dagrun for tutorial_objectstorage to None, run_after=None
[2024-03-16T10:17:12.019+0000] {processor.py:183} INFO - Processing /usr/local/lib/python3.8/dist-packages/airflow/example_dags/tutorial_objectstorage.py took 0.075 seconds
