[2024-03-11T16:09:21.519+0000] {processor.py:161} INFO - Started process (PID=471) to work on /home/airflow/dags/Lead_scoring_data_pipeline/.ipynb_checkpoints/constants-checkpoint.py
[2024-03-11T16:09:21.520+0000] {processor.py:830} INFO - Processing file /home/airflow/dags/Lead_scoring_data_pipeline/.ipynb_checkpoints/constants-checkpoint.py for tasks to queue
[2024-03-11T16:09:21.521+0000] {logging_mixin.py:188} INFO - [2024-03-11T16:09:21.520+0000] {dagbag.py:540} INFO - Filling up the DagBag from /home/airflow/dags/Lead_scoring_data_pipeline/.ipynb_checkpoints/constants-checkpoint.py
[2024-03-11T16:09:21.523+0000] {processor.py:842} WARNING - No viable dags retrieved from /home/airflow/dags/Lead_scoring_data_pipeline/.ipynb_checkpoints/constants-checkpoint.py
[2024-03-11T16:09:21.535+0000] {processor.py:183} INFO - Processing /home/airflow/dags/Lead_scoring_data_pipeline/.ipynb_checkpoints/constants-checkpoint.py took 0.020 seconds
[2024-03-11T16:10:32.244+0000] {processor.py:161} INFO - Started process (PID=542) to work on /home/airflow/dags/Lead_scoring_data_pipeline/.ipynb_checkpoints/constants-checkpoint.py
[2024-03-11T16:10:32.246+0000] {processor.py:830} INFO - Processing file /home/airflow/dags/Lead_scoring_data_pipeline/.ipynb_checkpoints/constants-checkpoint.py for tasks to queue
[2024-03-11T16:10:32.247+0000] {logging_mixin.py:188} INFO - [2024-03-11T16:10:32.246+0000] {dagbag.py:540} INFO - Filling up the DagBag from /home/airflow/dags/Lead_scoring_data_pipeline/.ipynb_checkpoints/constants-checkpoint.py
[2024-03-11T16:10:32.249+0000] {processor.py:842} WARNING - No viable dags retrieved from /home/airflow/dags/Lead_scoring_data_pipeline/.ipynb_checkpoints/constants-checkpoint.py
[2024-03-11T16:10:32.260+0000] {processor.py:183} INFO - Processing /home/airflow/dags/Lead_scoring_data_pipeline/.ipynb_checkpoints/constants-checkpoint.py took 0.019 seconds
[2024-03-11T16:11:57.566+0000] {processor.py:161} INFO - Started process (PID=631) to work on /home/airflow/dags/Lead_scoring_data_pipeline/.ipynb_checkpoints/constants-checkpoint.py
[2024-03-11T16:11:57.568+0000] {processor.py:830} INFO - Processing file /home/airflow/dags/Lead_scoring_data_pipeline/.ipynb_checkpoints/constants-checkpoint.py for tasks to queue
[2024-03-11T16:11:57.569+0000] {logging_mixin.py:188} INFO - [2024-03-11T16:11:57.568+0000] {dagbag.py:540} INFO - Filling up the DagBag from /home/airflow/dags/Lead_scoring_data_pipeline/.ipynb_checkpoints/constants-checkpoint.py
[2024-03-11T16:11:57.572+0000] {processor.py:842} WARNING - No viable dags retrieved from /home/airflow/dags/Lead_scoring_data_pipeline/.ipynb_checkpoints/constants-checkpoint.py
[2024-03-11T16:11:57.583+0000] {processor.py:183} INFO - Processing /home/airflow/dags/Lead_scoring_data_pipeline/.ipynb_checkpoints/constants-checkpoint.py took 0.020 seconds
[2024-03-11T16:13:27.337+0000] {processor.py:161} INFO - Started process (PID=732) to work on /home/airflow/dags/Lead_scoring_data_pipeline/.ipynb_checkpoints/constants-checkpoint.py
[2024-03-11T16:13:27.339+0000] {processor.py:830} INFO - Processing file /home/airflow/dags/Lead_scoring_data_pipeline/.ipynb_checkpoints/constants-checkpoint.py for tasks to queue
[2024-03-11T16:13:27.340+0000] {logging_mixin.py:188} INFO - [2024-03-11T16:13:27.339+0000] {dagbag.py:540} INFO - Filling up the DagBag from /home/airflow/dags/Lead_scoring_data_pipeline/.ipynb_checkpoints/constants-checkpoint.py
[2024-03-11T16:13:27.341+0000] {processor.py:842} WARNING - No viable dags retrieved from /home/airflow/dags/Lead_scoring_data_pipeline/.ipynb_checkpoints/constants-checkpoint.py
[2024-03-11T16:13:27.349+0000] {processor.py:183} INFO - Processing /home/airflow/dags/Lead_scoring_data_pipeline/.ipynb_checkpoints/constants-checkpoint.py took 0.015 seconds
[2024-03-11T16:14:24.143+0000] {processor.py:161} INFO - Started process (PID=794) to work on /home/airflow/dags/Lead_scoring_data_pipeline/.ipynb_checkpoints/constants-checkpoint.py
[2024-03-11T16:14:24.145+0000] {processor.py:830} INFO - Processing file /home/airflow/dags/Lead_scoring_data_pipeline/.ipynb_checkpoints/constants-checkpoint.py for tasks to queue
[2024-03-11T16:14:24.146+0000] {logging_mixin.py:188} INFO - [2024-03-11T16:14:24.146+0000] {dagbag.py:540} INFO - Filling up the DagBag from /home/airflow/dags/Lead_scoring_data_pipeline/.ipynb_checkpoints/constants-checkpoint.py
[2024-03-11T16:14:24.148+0000] {processor.py:842} WARNING - No viable dags retrieved from /home/airflow/dags/Lead_scoring_data_pipeline/.ipynb_checkpoints/constants-checkpoint.py
[2024-03-11T16:14:24.157+0000] {processor.py:183} INFO - Processing /home/airflow/dags/Lead_scoring_data_pipeline/.ipynb_checkpoints/constants-checkpoint.py took 0.018 seconds
[2024-03-11T16:15:34.748+0000] {processor.py:161} INFO - Started process (PID=863) to work on /home/airflow/dags/Lead_scoring_data_pipeline/.ipynb_checkpoints/constants-checkpoint.py
[2024-03-11T16:15:34.750+0000] {processor.py:830} INFO - Processing file /home/airflow/dags/Lead_scoring_data_pipeline/.ipynb_checkpoints/constants-checkpoint.py for tasks to queue
[2024-03-11T16:15:34.751+0000] {logging_mixin.py:188} INFO - [2024-03-11T16:15:34.751+0000] {dagbag.py:540} INFO - Filling up the DagBag from /home/airflow/dags/Lead_scoring_data_pipeline/.ipynb_checkpoints/constants-checkpoint.py
[2024-03-11T16:15:34.754+0000] {processor.py:842} WARNING - No viable dags retrieved from /home/airflow/dags/Lead_scoring_data_pipeline/.ipynb_checkpoints/constants-checkpoint.py
[2024-03-11T16:15:34.765+0000] {processor.py:183} INFO - Processing /home/airflow/dags/Lead_scoring_data_pipeline/.ipynb_checkpoints/constants-checkpoint.py took 0.020 seconds
[2024-03-11T16:16:45.787+0000] {processor.py:161} INFO - Started process (PID=934) to work on /home/airflow/dags/Lead_scoring_data_pipeline/.ipynb_checkpoints/constants-checkpoint.py
[2024-03-11T16:16:45.789+0000] {processor.py:830} INFO - Processing file /home/airflow/dags/Lead_scoring_data_pipeline/.ipynb_checkpoints/constants-checkpoint.py for tasks to queue
[2024-03-11T16:16:45.790+0000] {logging_mixin.py:188} INFO - [2024-03-11T16:16:45.789+0000] {dagbag.py:540} INFO - Filling up the DagBag from /home/airflow/dags/Lead_scoring_data_pipeline/.ipynb_checkpoints/constants-checkpoint.py
[2024-03-11T16:16:45.793+0000] {processor.py:842} WARNING - No viable dags retrieved from /home/airflow/dags/Lead_scoring_data_pipeline/.ipynb_checkpoints/constants-checkpoint.py
[2024-03-11T16:16:45.804+0000] {processor.py:183} INFO - Processing /home/airflow/dags/Lead_scoring_data_pipeline/.ipynb_checkpoints/constants-checkpoint.py took 0.020 seconds
[2024-03-11T16:17:56.793+0000] {processor.py:161} INFO - Started process (PID=1003) to work on /home/airflow/dags/Lead_scoring_data_pipeline/.ipynb_checkpoints/constants-checkpoint.py
[2024-03-11T16:17:56.795+0000] {processor.py:830} INFO - Processing file /home/airflow/dags/Lead_scoring_data_pipeline/.ipynb_checkpoints/constants-checkpoint.py for tasks to queue
[2024-03-11T16:17:56.796+0000] {logging_mixin.py:188} INFO - [2024-03-11T16:17:56.795+0000] {dagbag.py:540} INFO - Filling up the DagBag from /home/airflow/dags/Lead_scoring_data_pipeline/.ipynb_checkpoints/constants-checkpoint.py
[2024-03-11T16:17:56.798+0000] {processor.py:842} WARNING - No viable dags retrieved from /home/airflow/dags/Lead_scoring_data_pipeline/.ipynb_checkpoints/constants-checkpoint.py
[2024-03-11T16:17:56.809+0000] {processor.py:183} INFO - Processing /home/airflow/dags/Lead_scoring_data_pipeline/.ipynb_checkpoints/constants-checkpoint.py took 0.019 seconds
[2024-03-11T16:19:18.828+0000] {processor.py:161} INFO - Started process (PID=1089) to work on /home/airflow/dags/Lead_scoring_data_pipeline/.ipynb_checkpoints/constants-checkpoint.py
[2024-03-11T16:19:18.830+0000] {processor.py:830} INFO - Processing file /home/airflow/dags/Lead_scoring_data_pipeline/.ipynb_checkpoints/constants-checkpoint.py for tasks to queue
[2024-03-11T16:19:18.831+0000] {logging_mixin.py:188} INFO - [2024-03-11T16:19:18.830+0000] {dagbag.py:540} INFO - Filling up the DagBag from /home/airflow/dags/Lead_scoring_data_pipeline/.ipynb_checkpoints/constants-checkpoint.py
[2024-03-11T16:19:18.833+0000] {processor.py:842} WARNING - No viable dags retrieved from /home/airflow/dags/Lead_scoring_data_pipeline/.ipynb_checkpoints/constants-checkpoint.py
[2024-03-11T16:19:18.841+0000] {processor.py:183} INFO - Processing /home/airflow/dags/Lead_scoring_data_pipeline/.ipynb_checkpoints/constants-checkpoint.py took 0.015 seconds
[2024-03-11T16:20:18.414+0000] {processor.py:161} INFO - Started process (PID=1172) to work on /home/airflow/dags/Lead_scoring_data_pipeline/.ipynb_checkpoints/constants-checkpoint.py
[2024-03-11T16:20:18.416+0000] {processor.py:830} INFO - Processing file /home/airflow/dags/Lead_scoring_data_pipeline/.ipynb_checkpoints/constants-checkpoint.py for tasks to queue
[2024-03-11T16:20:18.417+0000] {logging_mixin.py:188} INFO - [2024-03-11T16:20:18.416+0000] {dagbag.py:540} INFO - Filling up the DagBag from /home/airflow/dags/Lead_scoring_data_pipeline/.ipynb_checkpoints/constants-checkpoint.py
[2024-03-11T16:20:18.419+0000] {processor.py:842} WARNING - No viable dags retrieved from /home/airflow/dags/Lead_scoring_data_pipeline/.ipynb_checkpoints/constants-checkpoint.py
[2024-03-11T16:20:18.430+0000] {processor.py:183} INFO - Processing /home/airflow/dags/Lead_scoring_data_pipeline/.ipynb_checkpoints/constants-checkpoint.py took 0.019 seconds
[2024-03-11T16:21:28.864+0000] {processor.py:161} INFO - Started process (PID=1268) to work on /home/airflow/dags/Lead_scoring_data_pipeline/.ipynb_checkpoints/constants-checkpoint.py
[2024-03-11T16:21:28.874+0000] {processor.py:830} INFO - Processing file /home/airflow/dags/Lead_scoring_data_pipeline/.ipynb_checkpoints/constants-checkpoint.py for tasks to queue
[2024-03-11T16:21:28.875+0000] {logging_mixin.py:188} INFO - [2024-03-11T16:21:28.875+0000] {dagbag.py:540} INFO - Filling up the DagBag from /home/airflow/dags/Lead_scoring_data_pipeline/.ipynb_checkpoints/constants-checkpoint.py
[2024-03-11T16:21:28.877+0000] {processor.py:842} WARNING - No viable dags retrieved from /home/airflow/dags/Lead_scoring_data_pipeline/.ipynb_checkpoints/constants-checkpoint.py
[2024-03-11T16:21:28.902+0000] {processor.py:183} INFO - Processing /home/airflow/dags/Lead_scoring_data_pipeline/.ipynb_checkpoints/constants-checkpoint.py took 0.041 seconds
[2024-03-11T16:23:02.420+0000] {processor.py:161} INFO - Started process (PID=1388) to work on /home/airflow/dags/Lead_scoring_data_pipeline/.ipynb_checkpoints/constants-checkpoint.py
[2024-03-11T16:23:02.424+0000] {processor.py:830} INFO - Processing file /home/airflow/dags/Lead_scoring_data_pipeline/.ipynb_checkpoints/constants-checkpoint.py for tasks to queue
[2024-03-11T16:23:02.425+0000] {logging_mixin.py:188} INFO - [2024-03-11T16:23:02.425+0000] {dagbag.py:540} INFO - Filling up the DagBag from /home/airflow/dags/Lead_scoring_data_pipeline/.ipynb_checkpoints/constants-checkpoint.py
[2024-03-11T16:23:02.427+0000] {logging_mixin.py:188} INFO - [2024-03-11T16:23:02.427+0000] {dagbag.py:329} INFO - File /home/airflow/dags/Lead_scoring_data_pipeline/.ipynb_checkpoints/constants-checkpoint.py assumed to contain no DAGs. Skipping.
[2024-03-11T16:23:02.427+0000] {processor.py:842} WARNING - No viable dags retrieved from /home/airflow/dags/Lead_scoring_data_pipeline/.ipynb_checkpoints/constants-checkpoint.py
[2024-03-11T16:23:02.447+0000] {processor.py:183} INFO - Processing /home/airflow/dags/Lead_scoring_data_pipeline/.ipynb_checkpoints/constants-checkpoint.py took 0.031 seconds
[2024-03-11T16:28:09.057+0000] {processor.py:161} INFO - Started process (PID=1643) to work on /home/airflow/dags/Lead_scoring_data_pipeline/.ipynb_checkpoints/constants-checkpoint.py
[2024-03-11T16:28:09.058+0000] {processor.py:830} INFO - Processing file /home/airflow/dags/Lead_scoring_data_pipeline/.ipynb_checkpoints/constants-checkpoint.py for tasks to queue
[2024-03-11T16:28:09.059+0000] {logging_mixin.py:188} INFO - [2024-03-11T16:28:09.059+0000] {dagbag.py:540} INFO - Filling up the DagBag from /home/airflow/dags/Lead_scoring_data_pipeline/.ipynb_checkpoints/constants-checkpoint.py
[2024-03-11T16:28:09.062+0000] {processor.py:842} WARNING - No viable dags retrieved from /home/airflow/dags/Lead_scoring_data_pipeline/.ipynb_checkpoints/constants-checkpoint.py
[2024-03-11T16:28:09.074+0000] {processor.py:183} INFO - Processing /home/airflow/dags/Lead_scoring_data_pipeline/.ipynb_checkpoints/constants-checkpoint.py took 0.021 seconds
[2024-03-11T16:28:48.485+0000] {processor.py:161} INFO - Started process (PID=1687) to work on /home/airflow/dags/Lead_scoring_data_pipeline/.ipynb_checkpoints/constants-checkpoint.py
[2024-03-11T16:28:48.488+0000] {processor.py:830} INFO - Processing file /home/airflow/dags/Lead_scoring_data_pipeline/.ipynb_checkpoints/constants-checkpoint.py for tasks to queue
[2024-03-11T16:28:48.489+0000] {logging_mixin.py:188} INFO - [2024-03-11T16:28:48.489+0000] {dagbag.py:540} INFO - Filling up the DagBag from /home/airflow/dags/Lead_scoring_data_pipeline/.ipynb_checkpoints/constants-checkpoint.py
[2024-03-11T16:28:48.492+0000] {processor.py:842} WARNING - No viable dags retrieved from /home/airflow/dags/Lead_scoring_data_pipeline/.ipynb_checkpoints/constants-checkpoint.py
[2024-03-11T16:28:48.503+0000] {processor.py:183} INFO - Processing /home/airflow/dags/Lead_scoring_data_pipeline/.ipynb_checkpoints/constants-checkpoint.py took 0.022 seconds
[2024-03-11T16:29:33.003+0000] {processor.py:161} INFO - Started process (PID=1733) to work on /home/airflow/dags/Lead_scoring_data_pipeline/.ipynb_checkpoints/constants-checkpoint.py
[2024-03-11T16:29:33.005+0000] {processor.py:830} INFO - Processing file /home/airflow/dags/Lead_scoring_data_pipeline/.ipynb_checkpoints/constants-checkpoint.py for tasks to queue
[2024-03-11T16:29:33.006+0000] {logging_mixin.py:188} INFO - [2024-03-11T16:29:33.006+0000] {dagbag.py:540} INFO - Filling up the DagBag from /home/airflow/dags/Lead_scoring_data_pipeline/.ipynb_checkpoints/constants-checkpoint.py
[2024-03-11T16:29:33.009+0000] {processor.py:842} WARNING - No viable dags retrieved from /home/airflow/dags/Lead_scoring_data_pipeline/.ipynb_checkpoints/constants-checkpoint.py
[2024-03-11T16:29:33.020+0000] {processor.py:183} INFO - Processing /home/airflow/dags/Lead_scoring_data_pipeline/.ipynb_checkpoints/constants-checkpoint.py took 0.021 seconds
[2024-03-11T16:30:10.805+0000] {processor.py:161} INFO - Started process (PID=1775) to work on /home/airflow/dags/Lead_scoring_data_pipeline/.ipynb_checkpoints/constants-checkpoint.py
[2024-03-11T16:30:10.807+0000] {processor.py:830} INFO - Processing file /home/airflow/dags/Lead_scoring_data_pipeline/.ipynb_checkpoints/constants-checkpoint.py for tasks to queue
[2024-03-11T16:30:10.808+0000] {logging_mixin.py:188} INFO - [2024-03-11T16:30:10.808+0000] {dagbag.py:540} INFO - Filling up the DagBag from /home/airflow/dags/Lead_scoring_data_pipeline/.ipynb_checkpoints/constants-checkpoint.py
[2024-03-11T16:30:10.811+0000] {processor.py:842} WARNING - No viable dags retrieved from /home/airflow/dags/Lead_scoring_data_pipeline/.ipynb_checkpoints/constants-checkpoint.py
[2024-03-11T16:30:10.825+0000] {processor.py:183} INFO - Processing /home/airflow/dags/Lead_scoring_data_pipeline/.ipynb_checkpoints/constants-checkpoint.py took 0.024 seconds
[2024-03-11T16:30:44.216+0000] {processor.py:161} INFO - Started process (PID=1813) to work on /home/airflow/dags/Lead_scoring_data_pipeline/.ipynb_checkpoints/constants-checkpoint.py
[2024-03-11T16:30:44.218+0000] {processor.py:830} INFO - Processing file /home/airflow/dags/Lead_scoring_data_pipeline/.ipynb_checkpoints/constants-checkpoint.py for tasks to queue
[2024-03-11T16:30:44.219+0000] {logging_mixin.py:188} INFO - [2024-03-11T16:30:44.218+0000] {dagbag.py:540} INFO - Filling up the DagBag from /home/airflow/dags/Lead_scoring_data_pipeline/.ipynb_checkpoints/constants-checkpoint.py
[2024-03-11T16:30:44.222+0000] {processor.py:842} WARNING - No viable dags retrieved from /home/airflow/dags/Lead_scoring_data_pipeline/.ipynb_checkpoints/constants-checkpoint.py
[2024-03-11T16:30:44.233+0000] {processor.py:183} INFO - Processing /home/airflow/dags/Lead_scoring_data_pipeline/.ipynb_checkpoints/constants-checkpoint.py took 0.021 seconds
[2024-03-11T16:31:03.450+0000] {processor.py:161} INFO - Started process (PID=1833) to work on /home/airflow/dags/Lead_scoring_data_pipeline/.ipynb_checkpoints/constants-checkpoint.py
[2024-03-11T16:31:03.451+0000] {processor.py:830} INFO - Processing file /home/airflow/dags/Lead_scoring_data_pipeline/.ipynb_checkpoints/constants-checkpoint.py for tasks to queue
[2024-03-11T16:31:03.455+0000] {logging_mixin.py:188} INFO - [2024-03-11T16:31:03.451+0000] {dagbag.py:540} INFO - Filling up the DagBag from /home/airflow/dags/Lead_scoring_data_pipeline/.ipynb_checkpoints/constants-checkpoint.py
[2024-03-11T16:31:03.459+0000] {processor.py:842} WARNING - No viable dags retrieved from /home/airflow/dags/Lead_scoring_data_pipeline/.ipynb_checkpoints/constants-checkpoint.py
[2024-03-11T16:31:03.475+0000] {processor.py:183} INFO - Processing /home/airflow/dags/Lead_scoring_data_pipeline/.ipynb_checkpoints/constants-checkpoint.py took 0.029 seconds
[2024-03-11T16:32:27.477+0000] {processor.py:161} INFO - Started process (PID=1875) to work on /home/airflow/dags/Lead_scoring_data_pipeline/.ipynb_checkpoints/constants-checkpoint.py
[2024-03-11T16:32:27.481+0000] {processor.py:830} INFO - Processing file /home/airflow/dags/Lead_scoring_data_pipeline/.ipynb_checkpoints/constants-checkpoint.py for tasks to queue
[2024-03-11T16:32:27.482+0000] {logging_mixin.py:188} INFO - [2024-03-11T16:32:27.482+0000] {dagbag.py:540} INFO - Filling up the DagBag from /home/airflow/dags/Lead_scoring_data_pipeline/.ipynb_checkpoints/constants-checkpoint.py
[2024-03-11T16:32:27.487+0000] {processor.py:842} WARNING - No viable dags retrieved from /home/airflow/dags/Lead_scoring_data_pipeline/.ipynb_checkpoints/constants-checkpoint.py
[2024-03-11T16:32:27.535+0000] {processor.py:183} INFO - Processing /home/airflow/dags/Lead_scoring_data_pipeline/.ipynb_checkpoints/constants-checkpoint.py took 0.062 seconds
[2024-03-11T16:33:45.943+0000] {processor.py:161} INFO - Started process (PID=1929) to work on /home/airflow/dags/Lead_scoring_data_pipeline/.ipynb_checkpoints/constants-checkpoint.py
[2024-03-11T16:33:45.948+0000] {processor.py:830} INFO - Processing file /home/airflow/dags/Lead_scoring_data_pipeline/.ipynb_checkpoints/constants-checkpoint.py for tasks to queue
[2024-03-11T16:33:45.949+0000] {logging_mixin.py:188} INFO - [2024-03-11T16:33:45.949+0000] {dagbag.py:540} INFO - Filling up the DagBag from /home/airflow/dags/Lead_scoring_data_pipeline/.ipynb_checkpoints/constants-checkpoint.py
[2024-03-11T16:33:45.952+0000] {processor.py:842} WARNING - No viable dags retrieved from /home/airflow/dags/Lead_scoring_data_pipeline/.ipynb_checkpoints/constants-checkpoint.py
[2024-03-11T16:33:45.963+0000] {processor.py:183} INFO - Processing /home/airflow/dags/Lead_scoring_data_pipeline/.ipynb_checkpoints/constants-checkpoint.py took 0.024 seconds
[2024-03-11T16:35:11.671+0000] {processor.py:161} INFO - Started process (PID=1969) to work on /home/airflow/dags/Lead_scoring_data_pipeline/.ipynb_checkpoints/constants-checkpoint.py
[2024-03-11T16:35:11.676+0000] {processor.py:830} INFO - Processing file /home/airflow/dags/Lead_scoring_data_pipeline/.ipynb_checkpoints/constants-checkpoint.py for tasks to queue
[2024-03-11T16:35:11.678+0000] {logging_mixin.py:188} INFO - [2024-03-11T16:35:11.677+0000] {dagbag.py:540} INFO - Filling up the DagBag from /home/airflow/dags/Lead_scoring_data_pipeline/.ipynb_checkpoints/constants-checkpoint.py
[2024-03-11T16:35:11.682+0000] {processor.py:842} WARNING - No viable dags retrieved from /home/airflow/dags/Lead_scoring_data_pipeline/.ipynb_checkpoints/constants-checkpoint.py
[2024-03-11T16:35:11.700+0000] {processor.py:183} INFO - Processing /home/airflow/dags/Lead_scoring_data_pipeline/.ipynb_checkpoints/constants-checkpoint.py took 0.032 seconds
[2024-03-11T16:36:33.997+0000] {processor.py:161} INFO - Started process (PID=2022) to work on /home/airflow/dags/Lead_scoring_data_pipeline/.ipynb_checkpoints/constants-checkpoint.py
[2024-03-11T16:36:33.999+0000] {processor.py:830} INFO - Processing file /home/airflow/dags/Lead_scoring_data_pipeline/.ipynb_checkpoints/constants-checkpoint.py for tasks to queue
[2024-03-11T16:36:34.000+0000] {logging_mixin.py:188} INFO - [2024-03-11T16:36:33.999+0000] {dagbag.py:540} INFO - Filling up the DagBag from /home/airflow/dags/Lead_scoring_data_pipeline/.ipynb_checkpoints/constants-checkpoint.py
[2024-03-11T16:36:34.005+0000] {processor.py:842} WARNING - No viable dags retrieved from /home/airflow/dags/Lead_scoring_data_pipeline/.ipynb_checkpoints/constants-checkpoint.py
[2024-03-11T16:36:34.016+0000] {processor.py:183} INFO - Processing /home/airflow/dags/Lead_scoring_data_pipeline/.ipynb_checkpoints/constants-checkpoint.py took 0.023 seconds
[2024-03-11T16:41:40.645+0000] {processor.py:161} INFO - Started process (PID=468) to work on /home/airflow/dags/Lead_scoring_data_pipeline/.ipynb_checkpoints/constants-checkpoint.py
[2024-03-11T16:41:40.647+0000] {processor.py:830} INFO - Processing file /home/airflow/dags/Lead_scoring_data_pipeline/.ipynb_checkpoints/constants-checkpoint.py for tasks to queue
[2024-03-11T16:41:40.648+0000] {logging_mixin.py:188} INFO - [2024-03-11T16:41:40.648+0000] {dagbag.py:540} INFO - Filling up the DagBag from /home/airflow/dags/Lead_scoring_data_pipeline/.ipynb_checkpoints/constants-checkpoint.py
[2024-03-11T16:41:40.650+0000] {processor.py:842} WARNING - No viable dags retrieved from /home/airflow/dags/Lead_scoring_data_pipeline/.ipynb_checkpoints/constants-checkpoint.py
[2024-03-11T16:41:40.661+0000] {processor.py:183} INFO - Processing /home/airflow/dags/Lead_scoring_data_pipeline/.ipynb_checkpoints/constants-checkpoint.py took 0.019 seconds
[2024-03-11T16:48:23.970+0000] {processor.py:161} INFO - Started process (PID=841) to work on /home/airflow/dags/Lead_scoring_data_pipeline/.ipynb_checkpoints/constants-checkpoint.py
[2024-03-11T16:48:23.972+0000] {processor.py:830} INFO - Processing file /home/airflow/dags/Lead_scoring_data_pipeline/.ipynb_checkpoints/constants-checkpoint.py for tasks to queue
[2024-03-11T16:48:23.973+0000] {logging_mixin.py:188} INFO - [2024-03-11T16:48:23.973+0000] {dagbag.py:540} INFO - Filling up the DagBag from /home/airflow/dags/Lead_scoring_data_pipeline/.ipynb_checkpoints/constants-checkpoint.py
[2024-03-11T16:48:23.975+0000] {processor.py:842} WARNING - No viable dags retrieved from /home/airflow/dags/Lead_scoring_data_pipeline/.ipynb_checkpoints/constants-checkpoint.py
[2024-03-11T16:48:23.986+0000] {processor.py:183} INFO - Processing /home/airflow/dags/Lead_scoring_data_pipeline/.ipynb_checkpoints/constants-checkpoint.py took 0.019 seconds
[2024-03-11T16:49:16.774+0000] {processor.py:161} INFO - Started process (PID=952) to work on /home/airflow/dags/Lead_scoring_data_pipeline/.ipynb_checkpoints/constants-checkpoint.py
[2024-03-11T16:49:16.776+0000] {processor.py:830} INFO - Processing file /home/airflow/dags/Lead_scoring_data_pipeline/.ipynb_checkpoints/constants-checkpoint.py for tasks to queue
[2024-03-11T16:49:16.777+0000] {logging_mixin.py:188} INFO - [2024-03-11T16:49:16.776+0000] {dagbag.py:540} INFO - Filling up the DagBag from /home/airflow/dags/Lead_scoring_data_pipeline/.ipynb_checkpoints/constants-checkpoint.py
[2024-03-11T16:49:16.779+0000] {processor.py:842} WARNING - No viable dags retrieved from /home/airflow/dags/Lead_scoring_data_pipeline/.ipynb_checkpoints/constants-checkpoint.py
[2024-03-11T16:49:16.789+0000] {processor.py:183} INFO - Processing /home/airflow/dags/Lead_scoring_data_pipeline/.ipynb_checkpoints/constants-checkpoint.py took 0.018 seconds
[2024-03-11T16:50:31.875+0000] {processor.py:161} INFO - Started process (PID=1066) to work on /home/airflow/dags/Lead_scoring_data_pipeline/.ipynb_checkpoints/constants-checkpoint.py
[2024-03-11T16:50:31.877+0000] {processor.py:830} INFO - Processing file /home/airflow/dags/Lead_scoring_data_pipeline/.ipynb_checkpoints/constants-checkpoint.py for tasks to queue
[2024-03-11T16:50:31.878+0000] {logging_mixin.py:188} INFO - [2024-03-11T16:50:31.877+0000] {dagbag.py:540} INFO - Filling up the DagBag from /home/airflow/dags/Lead_scoring_data_pipeline/.ipynb_checkpoints/constants-checkpoint.py
[2024-03-11T16:50:31.880+0000] {processor.py:842} WARNING - No viable dags retrieved from /home/airflow/dags/Lead_scoring_data_pipeline/.ipynb_checkpoints/constants-checkpoint.py
[2024-03-11T16:50:31.891+0000] {processor.py:183} INFO - Processing /home/airflow/dags/Lead_scoring_data_pipeline/.ipynb_checkpoints/constants-checkpoint.py took 0.019 seconds
[2024-03-11T16:51:29.327+0000] {processor.py:161} INFO - Started process (PID=1144) to work on /home/airflow/dags/Lead_scoring_data_pipeline/.ipynb_checkpoints/constants-checkpoint.py
[2024-03-11T16:51:29.329+0000] {processor.py:830} INFO - Processing file /home/airflow/dags/Lead_scoring_data_pipeline/.ipynb_checkpoints/constants-checkpoint.py for tasks to queue
[2024-03-11T16:51:29.330+0000] {logging_mixin.py:188} INFO - [2024-03-11T16:51:29.329+0000] {dagbag.py:540} INFO - Filling up the DagBag from /home/airflow/dags/Lead_scoring_data_pipeline/.ipynb_checkpoints/constants-checkpoint.py
[2024-03-11T16:51:29.332+0000] {processor.py:842} WARNING - No viable dags retrieved from /home/airflow/dags/Lead_scoring_data_pipeline/.ipynb_checkpoints/constants-checkpoint.py
[2024-03-11T16:51:29.342+0000] {processor.py:183} INFO - Processing /home/airflow/dags/Lead_scoring_data_pipeline/.ipynb_checkpoints/constants-checkpoint.py took 0.019 seconds
[2024-03-11T16:52:24.794+0000] {processor.py:161} INFO - Started process (PID=1214) to work on /home/airflow/dags/Lead_scoring_data_pipeline/.ipynb_checkpoints/constants-checkpoint.py
[2024-03-11T16:52:24.796+0000] {processor.py:830} INFO - Processing file /home/airflow/dags/Lead_scoring_data_pipeline/.ipynb_checkpoints/constants-checkpoint.py for tasks to queue
[2024-03-11T16:52:24.797+0000] {logging_mixin.py:188} INFO - [2024-03-11T16:52:24.797+0000] {dagbag.py:540} INFO - Filling up the DagBag from /home/airflow/dags/Lead_scoring_data_pipeline/.ipynb_checkpoints/constants-checkpoint.py
[2024-03-11T16:52:24.799+0000] {processor.py:842} WARNING - No viable dags retrieved from /home/airflow/dags/Lead_scoring_data_pipeline/.ipynb_checkpoints/constants-checkpoint.py
[2024-03-11T16:52:24.810+0000] {processor.py:183} INFO - Processing /home/airflow/dags/Lead_scoring_data_pipeline/.ipynb_checkpoints/constants-checkpoint.py took 0.019 seconds
[2024-03-11T16:53:43.886+0000] {processor.py:161} INFO - Started process (PID=1315) to work on /home/airflow/dags/Lead_scoring_data_pipeline/.ipynb_checkpoints/constants-checkpoint.py
[2024-03-11T16:53:43.888+0000] {processor.py:830} INFO - Processing file /home/airflow/dags/Lead_scoring_data_pipeline/.ipynb_checkpoints/constants-checkpoint.py for tasks to queue
[2024-03-11T16:53:43.889+0000] {logging_mixin.py:188} INFO - [2024-03-11T16:53:43.889+0000] {dagbag.py:540} INFO - Filling up the DagBag from /home/airflow/dags/Lead_scoring_data_pipeline/.ipynb_checkpoints/constants-checkpoint.py
[2024-03-11T16:53:43.892+0000] {processor.py:842} WARNING - No viable dags retrieved from /home/airflow/dags/Lead_scoring_data_pipeline/.ipynb_checkpoints/constants-checkpoint.py
[2024-03-11T16:53:43.902+0000] {processor.py:183} INFO - Processing /home/airflow/dags/Lead_scoring_data_pipeline/.ipynb_checkpoints/constants-checkpoint.py took 0.019 seconds
[2024-03-11T16:54:38.307+0000] {processor.py:161} INFO - Started process (PID=1380) to work on /home/airflow/dags/Lead_scoring_data_pipeline/.ipynb_checkpoints/constants-checkpoint.py
[2024-03-11T16:54:38.308+0000] {processor.py:830} INFO - Processing file /home/airflow/dags/Lead_scoring_data_pipeline/.ipynb_checkpoints/constants-checkpoint.py for tasks to queue
[2024-03-11T16:54:38.309+0000] {logging_mixin.py:188} INFO - [2024-03-11T16:54:38.309+0000] {dagbag.py:540} INFO - Filling up the DagBag from /home/airflow/dags/Lead_scoring_data_pipeline/.ipynb_checkpoints/constants-checkpoint.py
[2024-03-11T16:54:38.311+0000] {processor.py:842} WARNING - No viable dags retrieved from /home/airflow/dags/Lead_scoring_data_pipeline/.ipynb_checkpoints/constants-checkpoint.py
[2024-03-11T16:54:38.321+0000] {processor.py:183} INFO - Processing /home/airflow/dags/Lead_scoring_data_pipeline/.ipynb_checkpoints/constants-checkpoint.py took 0.018 seconds
[2024-03-11T16:55:34.507+0000] {processor.py:161} INFO - Started process (PID=1458) to work on /home/airflow/dags/Lead_scoring_data_pipeline/.ipynb_checkpoints/constants-checkpoint.py
[2024-03-11T16:55:34.509+0000] {processor.py:830} INFO - Processing file /home/airflow/dags/Lead_scoring_data_pipeline/.ipynb_checkpoints/constants-checkpoint.py for tasks to queue
[2024-03-11T16:55:34.510+0000] {logging_mixin.py:188} INFO - [2024-03-11T16:55:34.510+0000] {dagbag.py:540} INFO - Filling up the DagBag from /home/airflow/dags/Lead_scoring_data_pipeline/.ipynb_checkpoints/constants-checkpoint.py
[2024-03-11T16:55:34.512+0000] {processor.py:842} WARNING - No viable dags retrieved from /home/airflow/dags/Lead_scoring_data_pipeline/.ipynb_checkpoints/constants-checkpoint.py
[2024-03-11T16:55:34.522+0000] {processor.py:183} INFO - Processing /home/airflow/dags/Lead_scoring_data_pipeline/.ipynb_checkpoints/constants-checkpoint.py took 0.018 seconds
[2024-03-11T16:56:53.666+0000] {processor.py:161} INFO - Started process (PID=1585) to work on /home/airflow/dags/Lead_scoring_data_pipeline/.ipynb_checkpoints/constants-checkpoint.py
[2024-03-11T16:56:53.669+0000] {processor.py:830} INFO - Processing file /home/airflow/dags/Lead_scoring_data_pipeline/.ipynb_checkpoints/constants-checkpoint.py for tasks to queue
[2024-03-11T16:56:53.670+0000] {logging_mixin.py:188} INFO - [2024-03-11T16:56:53.670+0000] {dagbag.py:540} INFO - Filling up the DagBag from /home/airflow/dags/Lead_scoring_data_pipeline/.ipynb_checkpoints/constants-checkpoint.py
[2024-03-11T16:56:53.672+0000] {processor.py:842} WARNING - No viable dags retrieved from /home/airflow/dags/Lead_scoring_data_pipeline/.ipynb_checkpoints/constants-checkpoint.py
[2024-03-11T16:56:53.682+0000] {processor.py:183} INFO - Processing /home/airflow/dags/Lead_scoring_data_pipeline/.ipynb_checkpoints/constants-checkpoint.py took 0.019 seconds
[2024-03-11T16:58:15.786+0000] {processor.py:161} INFO - Started process (PID=1784) to work on /home/airflow/dags/Lead_scoring_data_pipeline/.ipynb_checkpoints/constants-checkpoint.py
[2024-03-11T16:58:15.788+0000] {processor.py:830} INFO - Processing file /home/airflow/dags/Lead_scoring_data_pipeline/.ipynb_checkpoints/constants-checkpoint.py for tasks to queue
[2024-03-11T16:58:15.789+0000] {logging_mixin.py:188} INFO - [2024-03-11T16:58:15.789+0000] {dagbag.py:540} INFO - Filling up the DagBag from /home/airflow/dags/Lead_scoring_data_pipeline/.ipynb_checkpoints/constants-checkpoint.py
[2024-03-11T16:58:15.791+0000] {processor.py:842} WARNING - No viable dags retrieved from /home/airflow/dags/Lead_scoring_data_pipeline/.ipynb_checkpoints/constants-checkpoint.py
[2024-03-11T16:58:15.801+0000] {processor.py:183} INFO - Processing /home/airflow/dags/Lead_scoring_data_pipeline/.ipynb_checkpoints/constants-checkpoint.py took 0.018 seconds
[2024-03-11T17:09:05.602+0000] {processor.py:161} INFO - Started process (PID=2334) to work on /home/airflow/dags/Lead_scoring_data_pipeline/.ipynb_checkpoints/constants-checkpoint.py
[2024-03-11T17:09:05.604+0000] {processor.py:830} INFO - Processing file /home/airflow/dags/Lead_scoring_data_pipeline/.ipynb_checkpoints/constants-checkpoint.py for tasks to queue
[2024-03-11T17:09:05.605+0000] {logging_mixin.py:188} INFO - [2024-03-11T17:09:05.605+0000] {dagbag.py:540} INFO - Filling up the DagBag from /home/airflow/dags/Lead_scoring_data_pipeline/.ipynb_checkpoints/constants-checkpoint.py
[2024-03-11T17:09:05.607+0000] {processor.py:842} WARNING - No viable dags retrieved from /home/airflow/dags/Lead_scoring_data_pipeline/.ipynb_checkpoints/constants-checkpoint.py
[2024-03-11T17:09:05.618+0000] {processor.py:183} INFO - Processing /home/airflow/dags/Lead_scoring_data_pipeline/.ipynb_checkpoints/constants-checkpoint.py took 0.019 seconds
[2024-03-11T17:10:02.123+0000] {processor.py:161} INFO - Started process (PID=2412) to work on /home/airflow/dags/Lead_scoring_data_pipeline/.ipynb_checkpoints/constants-checkpoint.py
[2024-03-11T17:10:02.125+0000] {processor.py:830} INFO - Processing file /home/airflow/dags/Lead_scoring_data_pipeline/.ipynb_checkpoints/constants-checkpoint.py for tasks to queue
[2024-03-11T17:10:02.126+0000] {logging_mixin.py:188} INFO - [2024-03-11T17:10:02.126+0000] {dagbag.py:540} INFO - Filling up the DagBag from /home/airflow/dags/Lead_scoring_data_pipeline/.ipynb_checkpoints/constants-checkpoint.py
[2024-03-11T17:10:02.128+0000] {processor.py:842} WARNING - No viable dags retrieved from /home/airflow/dags/Lead_scoring_data_pipeline/.ipynb_checkpoints/constants-checkpoint.py
[2024-03-11T17:10:02.139+0000] {processor.py:183} INFO - Processing /home/airflow/dags/Lead_scoring_data_pipeline/.ipynb_checkpoints/constants-checkpoint.py took 0.019 seconds
[2024-03-11T17:10:59.506+0000] {processor.py:161} INFO - Started process (PID=2490) to work on /home/airflow/dags/Lead_scoring_data_pipeline/.ipynb_checkpoints/constants-checkpoint.py
[2024-03-11T17:10:59.508+0000] {processor.py:830} INFO - Processing file /home/airflow/dags/Lead_scoring_data_pipeline/.ipynb_checkpoints/constants-checkpoint.py for tasks to queue
[2024-03-11T17:10:59.509+0000] {logging_mixin.py:188} INFO - [2024-03-11T17:10:59.508+0000] {dagbag.py:540} INFO - Filling up the DagBag from /home/airflow/dags/Lead_scoring_data_pipeline/.ipynb_checkpoints/constants-checkpoint.py
[2024-03-11T17:10:59.511+0000] {processor.py:842} WARNING - No viable dags retrieved from /home/airflow/dags/Lead_scoring_data_pipeline/.ipynb_checkpoints/constants-checkpoint.py
[2024-03-11T17:10:59.522+0000] {processor.py:183} INFO - Processing /home/airflow/dags/Lead_scoring_data_pipeline/.ipynb_checkpoints/constants-checkpoint.py took 0.018 seconds
[2024-03-11T17:12:24.127+0000] {processor.py:161} INFO - Started process (PID=2598) to work on /home/airflow/dags/Lead_scoring_data_pipeline/.ipynb_checkpoints/constants-checkpoint.py
[2024-03-11T17:12:24.129+0000] {processor.py:830} INFO - Processing file /home/airflow/dags/Lead_scoring_data_pipeline/.ipynb_checkpoints/constants-checkpoint.py for tasks to queue
[2024-03-11T17:12:24.130+0000] {logging_mixin.py:188} INFO - [2024-03-11T17:12:24.129+0000] {dagbag.py:540} INFO - Filling up the DagBag from /home/airflow/dags/Lead_scoring_data_pipeline/.ipynb_checkpoints/constants-checkpoint.py
[2024-03-11T17:12:24.132+0000] {processor.py:842} WARNING - No viable dags retrieved from /home/airflow/dags/Lead_scoring_data_pipeline/.ipynb_checkpoints/constants-checkpoint.py
[2024-03-11T17:12:24.143+0000] {processor.py:183} INFO - Processing /home/airflow/dags/Lead_scoring_data_pipeline/.ipynb_checkpoints/constants-checkpoint.py took 0.019 seconds
[2024-03-11T17:13:20.033+0000] {processor.py:161} INFO - Started process (PID=2719) to work on /home/airflow/dags/Lead_scoring_data_pipeline/.ipynb_checkpoints/constants-checkpoint.py
[2024-03-11T17:13:20.035+0000] {processor.py:830} INFO - Processing file /home/airflow/dags/Lead_scoring_data_pipeline/.ipynb_checkpoints/constants-checkpoint.py for tasks to queue
[2024-03-11T17:13:20.036+0000] {logging_mixin.py:188} INFO - [2024-03-11T17:13:20.036+0000] {dagbag.py:540} INFO - Filling up the DagBag from /home/airflow/dags/Lead_scoring_data_pipeline/.ipynb_checkpoints/constants-checkpoint.py
[2024-03-11T17:13:20.039+0000] {processor.py:842} WARNING - No viable dags retrieved from /home/airflow/dags/Lead_scoring_data_pipeline/.ipynb_checkpoints/constants-checkpoint.py
[2024-03-11T17:13:20.049+0000] {processor.py:183} INFO - Processing /home/airflow/dags/Lead_scoring_data_pipeline/.ipynb_checkpoints/constants-checkpoint.py took 0.019 seconds
[2024-03-11T17:14:57.166+0000] {processor.py:161} INFO - Started process (PID=2896) to work on /home/airflow/dags/Lead_scoring_data_pipeline/.ipynb_checkpoints/constants-checkpoint.py
[2024-03-11T17:14:57.168+0000] {processor.py:830} INFO - Processing file /home/airflow/dags/Lead_scoring_data_pipeline/.ipynb_checkpoints/constants-checkpoint.py for tasks to queue
[2024-03-11T17:14:57.169+0000] {logging_mixin.py:188} INFO - [2024-03-11T17:14:57.169+0000] {dagbag.py:540} INFO - Filling up the DagBag from /home/airflow/dags/Lead_scoring_data_pipeline/.ipynb_checkpoints/constants-checkpoint.py
[2024-03-11T17:14:57.171+0000] {processor.py:842} WARNING - No viable dags retrieved from /home/airflow/dags/Lead_scoring_data_pipeline/.ipynb_checkpoints/constants-checkpoint.py
[2024-03-11T17:14:57.182+0000] {processor.py:183} INFO - Processing /home/airflow/dags/Lead_scoring_data_pipeline/.ipynb_checkpoints/constants-checkpoint.py took 0.018 seconds
[2024-03-11T17:15:54.987+0000] {processor.py:161} INFO - Started process (PID=2977) to work on /home/airflow/dags/Lead_scoring_data_pipeline/.ipynb_checkpoints/constants-checkpoint.py
[2024-03-11T17:15:54.989+0000] {processor.py:830} INFO - Processing file /home/airflow/dags/Lead_scoring_data_pipeline/.ipynb_checkpoints/constants-checkpoint.py for tasks to queue
[2024-03-11T17:15:54.990+0000] {logging_mixin.py:188} INFO - [2024-03-11T17:15:54.989+0000] {dagbag.py:540} INFO - Filling up the DagBag from /home/airflow/dags/Lead_scoring_data_pipeline/.ipynb_checkpoints/constants-checkpoint.py
[2024-03-11T17:15:54.992+0000] {processor.py:842} WARNING - No viable dags retrieved from /home/airflow/dags/Lead_scoring_data_pipeline/.ipynb_checkpoints/constants-checkpoint.py
[2024-03-11T17:15:55.003+0000] {processor.py:183} INFO - Processing /home/airflow/dags/Lead_scoring_data_pipeline/.ipynb_checkpoints/constants-checkpoint.py took 0.019 seconds
[2024-03-11T17:17:16.338+0000] {processor.py:161} INFO - Started process (PID=3084) to work on /home/airflow/dags/Lead_scoring_data_pipeline/.ipynb_checkpoints/constants-checkpoint.py
[2024-03-11T17:17:16.340+0000] {processor.py:830} INFO - Processing file /home/airflow/dags/Lead_scoring_data_pipeline/.ipynb_checkpoints/constants-checkpoint.py for tasks to queue
[2024-03-11T17:17:16.341+0000] {logging_mixin.py:188} INFO - [2024-03-11T17:17:16.341+0000] {dagbag.py:540} INFO - Filling up the DagBag from /home/airflow/dags/Lead_scoring_data_pipeline/.ipynb_checkpoints/constants-checkpoint.py
[2024-03-11T17:17:16.343+0000] {processor.py:842} WARNING - No viable dags retrieved from /home/airflow/dags/Lead_scoring_data_pipeline/.ipynb_checkpoints/constants-checkpoint.py
[2024-03-11T17:17:16.354+0000] {processor.py:183} INFO - Processing /home/airflow/dags/Lead_scoring_data_pipeline/.ipynb_checkpoints/constants-checkpoint.py took 0.019 seconds
[2024-03-11T17:18:12.275+0000] {processor.py:161} INFO - Started process (PID=3155) to work on /home/airflow/dags/Lead_scoring_data_pipeline/.ipynb_checkpoints/constants-checkpoint.py
[2024-03-11T17:18:12.277+0000] {processor.py:830} INFO - Processing file /home/airflow/dags/Lead_scoring_data_pipeline/.ipynb_checkpoints/constants-checkpoint.py for tasks to queue
[2024-03-11T17:18:12.278+0000] {logging_mixin.py:188} INFO - [2024-03-11T17:18:12.278+0000] {dagbag.py:540} INFO - Filling up the DagBag from /home/airflow/dags/Lead_scoring_data_pipeline/.ipynb_checkpoints/constants-checkpoint.py
[2024-03-11T17:18:12.280+0000] {processor.py:842} WARNING - No viable dags retrieved from /home/airflow/dags/Lead_scoring_data_pipeline/.ipynb_checkpoints/constants-checkpoint.py
[2024-03-11T17:18:12.291+0000] {processor.py:183} INFO - Processing /home/airflow/dags/Lead_scoring_data_pipeline/.ipynb_checkpoints/constants-checkpoint.py took 0.019 seconds
[2024-03-11T17:19:09.773+0000] {processor.py:161} INFO - Started process (PID=3233) to work on /home/airflow/dags/Lead_scoring_data_pipeline/.ipynb_checkpoints/constants-checkpoint.py
[2024-03-11T17:19:09.775+0000] {processor.py:830} INFO - Processing file /home/airflow/dags/Lead_scoring_data_pipeline/.ipynb_checkpoints/constants-checkpoint.py for tasks to queue
[2024-03-11T17:19:09.776+0000] {logging_mixin.py:188} INFO - [2024-03-11T17:19:09.776+0000] {dagbag.py:540} INFO - Filling up the DagBag from /home/airflow/dags/Lead_scoring_data_pipeline/.ipynb_checkpoints/constants-checkpoint.py
[2024-03-11T17:19:09.778+0000] {processor.py:842} WARNING - No viable dags retrieved from /home/airflow/dags/Lead_scoring_data_pipeline/.ipynb_checkpoints/constants-checkpoint.py
[2024-03-11T17:19:09.788+0000] {processor.py:183} INFO - Processing /home/airflow/dags/Lead_scoring_data_pipeline/.ipynb_checkpoints/constants-checkpoint.py took 0.018 seconds
[2024-03-11T17:20:29.250+0000] {processor.py:161} INFO - Started process (PID=3335) to work on /home/airflow/dags/Lead_scoring_data_pipeline/.ipynb_checkpoints/constants-checkpoint.py
[2024-03-11T17:20:29.252+0000] {processor.py:830} INFO - Processing file /home/airflow/dags/Lead_scoring_data_pipeline/.ipynb_checkpoints/constants-checkpoint.py for tasks to queue
[2024-03-11T17:20:29.253+0000] {logging_mixin.py:188} INFO - [2024-03-11T17:20:29.253+0000] {dagbag.py:540} INFO - Filling up the DagBag from /home/airflow/dags/Lead_scoring_data_pipeline/.ipynb_checkpoints/constants-checkpoint.py
[2024-03-11T17:20:29.255+0000] {processor.py:842} WARNING - No viable dags retrieved from /home/airflow/dags/Lead_scoring_data_pipeline/.ipynb_checkpoints/constants-checkpoint.py
[2024-03-11T17:20:29.266+0000] {processor.py:183} INFO - Processing /home/airflow/dags/Lead_scoring_data_pipeline/.ipynb_checkpoints/constants-checkpoint.py took 0.019 seconds
[2024-03-11T17:21:49.890+0000] {processor.py:161} INFO - Started process (PID=3444) to work on /home/airflow/dags/Lead_scoring_data_pipeline/.ipynb_checkpoints/constants-checkpoint.py
[2024-03-11T17:21:49.892+0000] {processor.py:830} INFO - Processing file /home/airflow/dags/Lead_scoring_data_pipeline/.ipynb_checkpoints/constants-checkpoint.py for tasks to queue
[2024-03-11T17:21:49.893+0000] {logging_mixin.py:188} INFO - [2024-03-11T17:21:49.893+0000] {dagbag.py:540} INFO - Filling up the DagBag from /home/airflow/dags/Lead_scoring_data_pipeline/.ipynb_checkpoints/constants-checkpoint.py
[2024-03-11T17:21:49.896+0000] {processor.py:842} WARNING - No viable dags retrieved from /home/airflow/dags/Lead_scoring_data_pipeline/.ipynb_checkpoints/constants-checkpoint.py
[2024-03-11T17:21:49.906+0000] {processor.py:183} INFO - Processing /home/airflow/dags/Lead_scoring_data_pipeline/.ipynb_checkpoints/constants-checkpoint.py took 0.019 seconds
