[2024-03-14T16:23:35.582+0000] {processor.py:161} INFO - Started process (PID=640) to work on /home/airflow/dags/Lead_scoring_data_pipeline/lead_scoring_data_pipeline.py
[2024-03-14T16:23:35.583+0000] {processor.py:830} INFO - Processing file /home/airflow/dags/Lead_scoring_data_pipeline/lead_scoring_data_pipeline.py for tasks to queue
[2024-03-14T16:23:35.584+0000] {logging_mixin.py:188} INFO - [2024-03-14T16:23:35.584+0000] {dagbag.py:540} INFO - Filling up the DagBag from /home/airflow/dags/Lead_scoring_data_pipeline/lead_scoring_data_pipeline.py
[2024-03-14T16:23:35.801+0000] {processor.py:840} INFO - DAG(s) 'Lead_Scoring_Data_Engineering_Pipeline' retrieved from /home/airflow/dags/Lead_scoring_data_pipeline/lead_scoring_data_pipeline.py
[2024-03-14T16:23:35.813+0000] {logging_mixin.py:188} INFO - [2024-03-14T16:23:35.813+0000] {dag.py:3047} INFO - Sync 1 DAGs
[2024-03-14T16:23:35.831+0000] {logging_mixin.py:188} INFO - [2024-03-14T16:23:35.831+0000] {dag.py:3834} INFO - Setting next_dagrun for Lead_Scoring_Data_Engineering_Pipeline to 2024-03-14 00:00:00+00:00, run_after=2024-03-15 00:00:00+00:00
[2024-03-14T16:23:35.870+0000] {processor.py:183} INFO - Processing /home/airflow/dags/Lead_scoring_data_pipeline/lead_scoring_data_pipeline.py took 0.291 seconds
[2024-03-14T16:24:49.539+0000] {processor.py:161} INFO - Started process (PID=743) to work on /home/airflow/dags/Lead_scoring_data_pipeline/lead_scoring_data_pipeline.py
[2024-03-14T16:24:49.557+0000] {processor.py:830} INFO - Processing file /home/airflow/dags/Lead_scoring_data_pipeline/lead_scoring_data_pipeline.py for tasks to queue
[2024-03-14T16:24:49.558+0000] {logging_mixin.py:188} INFO - [2024-03-14T16:24:49.558+0000] {dagbag.py:540} INFO - Filling up the DagBag from /home/airflow/dags/Lead_scoring_data_pipeline/lead_scoring_data_pipeline.py
[2024-03-14T16:24:49.775+0000] {processor.py:840} INFO - DAG(s) 'Lead_Scoring_Data_Engineering_Pipeline' retrieved from /home/airflow/dags/Lead_scoring_data_pipeline/lead_scoring_data_pipeline.py
[2024-03-14T16:24:49.788+0000] {logging_mixin.py:188} INFO - [2024-03-14T16:24:49.787+0000] {dag.py:3047} INFO - Sync 1 DAGs
[2024-03-14T16:24:49.804+0000] {logging_mixin.py:188} INFO - [2024-03-14T16:24:49.804+0000] {dag.py:3834} INFO - Setting next_dagrun for Lead_Scoring_Data_Engineering_Pipeline to 2024-03-14 00:00:00+00:00, run_after=2024-03-15 00:00:00+00:00
[2024-03-14T16:24:49.827+0000] {processor.py:183} INFO - Processing /home/airflow/dags/Lead_scoring_data_pipeline/lead_scoring_data_pipeline.py took 0.291 seconds
[2024-03-14T16:25:52.211+0000] {processor.py:161} INFO - Started process (PID=848) to work on /home/airflow/dags/Lead_scoring_data_pipeline/lead_scoring_data_pipeline.py
[2024-03-14T16:25:52.213+0000] {processor.py:830} INFO - Processing file /home/airflow/dags/Lead_scoring_data_pipeline/lead_scoring_data_pipeline.py for tasks to queue
[2024-03-14T16:25:52.213+0000] {logging_mixin.py:188} INFO - [2024-03-14T16:25:52.213+0000] {dagbag.py:540} INFO - Filling up the DagBag from /home/airflow/dags/Lead_scoring_data_pipeline/lead_scoring_data_pipeline.py
[2024-03-14T16:25:52.439+0000] {processor.py:840} INFO - DAG(s) 'Lead_Scoring_Data_Engineering_Pipeline' retrieved from /home/airflow/dags/Lead_scoring_data_pipeline/lead_scoring_data_pipeline.py
[2024-03-14T16:25:52.453+0000] {logging_mixin.py:188} INFO - [2024-03-14T16:25:52.452+0000] {dag.py:3047} INFO - Sync 1 DAGs
[2024-03-14T16:25:52.470+0000] {logging_mixin.py:188} INFO - [2024-03-14T16:25:52.470+0000] {dag.py:3834} INFO - Setting next_dagrun for Lead_Scoring_Data_Engineering_Pipeline to 2024-03-14 00:00:00+00:00, run_after=2024-03-15 00:00:00+00:00
[2024-03-14T16:25:52.531+0000] {processor.py:183} INFO - Processing /home/airflow/dags/Lead_scoring_data_pipeline/lead_scoring_data_pipeline.py took 0.323 seconds
[2024-03-14T16:26:58.135+0000] {processor.py:161} INFO - Started process (PID=963) to work on /home/airflow/dags/Lead_scoring_data_pipeline/lead_scoring_data_pipeline.py
[2024-03-14T16:26:58.137+0000] {processor.py:830} INFO - Processing file /home/airflow/dags/Lead_scoring_data_pipeline/lead_scoring_data_pipeline.py for tasks to queue
[2024-03-14T16:26:58.138+0000] {logging_mixin.py:188} INFO - [2024-03-14T16:26:58.138+0000] {dagbag.py:540} INFO - Filling up the DagBag from /home/airflow/dags/Lead_scoring_data_pipeline/lead_scoring_data_pipeline.py
[2024-03-14T16:26:58.372+0000] {processor.py:840} INFO - DAG(s) 'Lead_Scoring_Data_Engineering_Pipeline' retrieved from /home/airflow/dags/Lead_scoring_data_pipeline/lead_scoring_data_pipeline.py
[2024-03-14T16:26:58.386+0000] {logging_mixin.py:188} INFO - [2024-03-14T16:26:58.385+0000] {dag.py:3047} INFO - Sync 1 DAGs
[2024-03-14T16:26:58.403+0000] {logging_mixin.py:188} INFO - [2024-03-14T16:26:58.403+0000] {dag.py:3834} INFO - Setting next_dagrun for Lead_Scoring_Data_Engineering_Pipeline to 2024-03-14 00:00:00+00:00, run_after=2024-03-15 00:00:00+00:00
[2024-03-14T16:26:58.426+0000] {processor.py:183} INFO - Processing /home/airflow/dags/Lead_scoring_data_pipeline/lead_scoring_data_pipeline.py took 0.295 seconds
[2024-03-14T16:28:06.275+0000] {processor.py:161} INFO - Started process (PID=1078) to work on /home/airflow/dags/Lead_scoring_data_pipeline/lead_scoring_data_pipeline.py
[2024-03-14T16:28:06.292+0000] {processor.py:830} INFO - Processing file /home/airflow/dags/Lead_scoring_data_pipeline/lead_scoring_data_pipeline.py for tasks to queue
[2024-03-14T16:28:06.293+0000] {logging_mixin.py:188} INFO - [2024-03-14T16:28:06.293+0000] {dagbag.py:540} INFO - Filling up the DagBag from /home/airflow/dags/Lead_scoring_data_pipeline/lead_scoring_data_pipeline.py
[2024-03-14T16:28:06.580+0000] {processor.py:840} INFO - DAG(s) 'Lead_Scoring_Data_Engineering_Pipeline' retrieved from /home/airflow/dags/Lead_scoring_data_pipeline/lead_scoring_data_pipeline.py
[2024-03-14T16:28:06.592+0000] {logging_mixin.py:188} INFO - [2024-03-14T16:28:06.592+0000] {dag.py:3047} INFO - Sync 1 DAGs
[2024-03-14T16:28:06.610+0000] {logging_mixin.py:188} INFO - [2024-03-14T16:28:06.610+0000] {dag.py:3834} INFO - Setting next_dagrun for Lead_Scoring_Data_Engineering_Pipeline to 2024-03-14 00:00:00+00:00, run_after=2024-03-15 00:00:00+00:00
[2024-03-14T16:28:06.732+0000] {processor.py:183} INFO - Processing /home/airflow/dags/Lead_scoring_data_pipeline/lead_scoring_data_pipeline.py took 0.461 seconds
[2024-03-14T16:29:18.552+0000] {processor.py:161} INFO - Started process (PID=1194) to work on /home/airflow/dags/Lead_scoring_data_pipeline/lead_scoring_data_pipeline.py
[2024-03-14T16:29:18.554+0000] {processor.py:830} INFO - Processing file /home/airflow/dags/Lead_scoring_data_pipeline/lead_scoring_data_pipeline.py for tasks to queue
[2024-03-14T16:29:18.555+0000] {logging_mixin.py:188} INFO - [2024-03-14T16:29:18.554+0000] {dagbag.py:540} INFO - Filling up the DagBag from /home/airflow/dags/Lead_scoring_data_pipeline/lead_scoring_data_pipeline.py
[2024-03-14T16:29:18.842+0000] {processor.py:840} INFO - DAG(s) 'Lead_Scoring_Data_Engineering_Pipeline' retrieved from /home/airflow/dags/Lead_scoring_data_pipeline/lead_scoring_data_pipeline.py
[2024-03-14T16:29:18.854+0000] {logging_mixin.py:188} INFO - [2024-03-14T16:29:18.854+0000] {dag.py:3047} INFO - Sync 1 DAGs
[2024-03-14T16:29:18.871+0000] {logging_mixin.py:188} INFO - [2024-03-14T16:29:18.871+0000] {dag.py:3834} INFO - Setting next_dagrun for Lead_Scoring_Data_Engineering_Pipeline to 2024-03-14 00:00:00+00:00, run_after=2024-03-15 00:00:00+00:00
[2024-03-14T16:29:18.923+0000] {processor.py:183} INFO - Processing /home/airflow/dags/Lead_scoring_data_pipeline/lead_scoring_data_pipeline.py took 0.375 seconds
[2024-03-14T16:31:11.310+0000] {processor.py:161} INFO - Started process (PID=1389) to work on /home/airflow/dags/Lead_scoring_data_pipeline/lead_scoring_data_pipeline.py
[2024-03-14T16:31:11.317+0000] {processor.py:830} INFO - Processing file /home/airflow/dags/Lead_scoring_data_pipeline/lead_scoring_data_pipeline.py for tasks to queue
[2024-03-14T16:31:11.318+0000] {logging_mixin.py:188} INFO - [2024-03-14T16:31:11.317+0000] {dagbag.py:540} INFO - Filling up the DagBag from /home/airflow/dags/Lead_scoring_data_pipeline/lead_scoring_data_pipeline.py
[2024-03-14T16:31:11.587+0000] {processor.py:840} INFO - DAG(s) 'Lead_Scoring_Data_Engineering_Pipeline' retrieved from /home/airflow/dags/Lead_scoring_data_pipeline/lead_scoring_data_pipeline.py
[2024-03-14T16:31:11.599+0000] {logging_mixin.py:188} INFO - [2024-03-14T16:31:11.598+0000] {dag.py:3047} INFO - Sync 1 DAGs
[2024-03-14T16:31:11.616+0000] {logging_mixin.py:188} INFO - [2024-03-14T16:31:11.615+0000] {dag.py:3834} INFO - Setting next_dagrun for Lead_Scoring_Data_Engineering_Pipeline to 2024-03-14 00:00:00+00:00, run_after=2024-03-15 00:00:00+00:00
[2024-03-14T16:31:11.729+0000] {processor.py:183} INFO - Processing /home/airflow/dags/Lead_scoring_data_pipeline/lead_scoring_data_pipeline.py took 0.423 seconds
[2024-03-14T16:32:17.423+0000] {processor.py:161} INFO - Started process (PID=1503) to work on /home/airflow/dags/Lead_scoring_data_pipeline/lead_scoring_data_pipeline.py
[2024-03-14T16:32:17.431+0000] {processor.py:830} INFO - Processing file /home/airflow/dags/Lead_scoring_data_pipeline/lead_scoring_data_pipeline.py for tasks to queue
[2024-03-14T16:32:17.431+0000] {logging_mixin.py:188} INFO - [2024-03-14T16:32:17.431+0000] {dagbag.py:540} INFO - Filling up the DagBag from /home/airflow/dags/Lead_scoring_data_pipeline/lead_scoring_data_pipeline.py
[2024-03-14T16:32:17.705+0000] {processor.py:840} INFO - DAG(s) 'Lead_Scoring_Data_Engineering_Pipeline' retrieved from /home/airflow/dags/Lead_scoring_data_pipeline/lead_scoring_data_pipeline.py
[2024-03-14T16:32:17.717+0000] {logging_mixin.py:188} INFO - [2024-03-14T16:32:17.717+0000] {dag.py:3047} INFO - Sync 1 DAGs
[2024-03-14T16:32:17.735+0000] {logging_mixin.py:188} INFO - [2024-03-14T16:32:17.735+0000] {dag.py:3834} INFO - Setting next_dagrun for Lead_Scoring_Data_Engineering_Pipeline to 2024-03-14 00:00:00+00:00, run_after=2024-03-15 00:00:00+00:00
[2024-03-14T16:32:17.908+0000] {processor.py:183} INFO - Processing /home/airflow/dags/Lead_scoring_data_pipeline/lead_scoring_data_pipeline.py took 0.489 seconds
[2024-03-14T16:33:33.661+0000] {processor.py:161} INFO - Started process (PID=1716) to work on /home/airflow/dags/Lead_scoring_data_pipeline/lead_scoring_data_pipeline.py
[2024-03-14T16:33:33.663+0000] {processor.py:830} INFO - Processing file /home/airflow/dags/Lead_scoring_data_pipeline/lead_scoring_data_pipeline.py for tasks to queue
[2024-03-14T16:33:33.664+0000] {logging_mixin.py:188} INFO - [2024-03-14T16:33:33.664+0000] {dagbag.py:540} INFO - Filling up the DagBag from /home/airflow/dags/Lead_scoring_data_pipeline/lead_scoring_data_pipeline.py
[2024-03-14T16:33:33.991+0000] {processor.py:840} INFO - DAG(s) 'Lead_Scoring_Data_Engineering_Pipeline' retrieved from /home/airflow/dags/Lead_scoring_data_pipeline/lead_scoring_data_pipeline.py
[2024-03-14T16:33:34.003+0000] {logging_mixin.py:188} INFO - [2024-03-14T16:33:34.003+0000] {dag.py:3047} INFO - Sync 1 DAGs
[2024-03-14T16:33:34.113+0000] {logging_mixin.py:188} INFO - [2024-03-14T16:33:34.113+0000] {dag.py:3834} INFO - Setting next_dagrun for Lead_Scoring_Data_Engineering_Pipeline to 2024-03-14 00:00:00+00:00, run_after=2024-03-15 00:00:00+00:00
[2024-03-14T16:33:34.139+0000] {processor.py:183} INFO - Processing /home/airflow/dags/Lead_scoring_data_pipeline/lead_scoring_data_pipeline.py took 0.481 seconds
[2024-03-14T16:35:12.679+0000] {processor.py:161} INFO - Started process (PID=1882) to work on /home/airflow/dags/Lead_scoring_data_pipeline/lead_scoring_data_pipeline.py
[2024-03-14T16:35:12.681+0000] {processor.py:830} INFO - Processing file /home/airflow/dags/Lead_scoring_data_pipeline/lead_scoring_data_pipeline.py for tasks to queue
[2024-03-14T16:35:12.682+0000] {logging_mixin.py:188} INFO - [2024-03-14T16:35:12.682+0000] {dagbag.py:540} INFO - Filling up the DagBag from /home/airflow/dags/Lead_scoring_data_pipeline/lead_scoring_data_pipeline.py
[2024-03-14T16:35:12.962+0000] {processor.py:840} INFO - DAG(s) 'Lead_Scoring_Data_Engineering_Pipeline' retrieved from /home/airflow/dags/Lead_scoring_data_pipeline/lead_scoring_data_pipeline.py
[2024-03-14T16:35:12.974+0000] {logging_mixin.py:188} INFO - [2024-03-14T16:35:12.973+0000] {dag.py:3047} INFO - Sync 1 DAGs
[2024-03-14T16:35:13.084+0000] {logging_mixin.py:188} INFO - [2024-03-14T16:35:13.084+0000] {dag.py:3834} INFO - Setting next_dagrun for Lead_Scoring_Data_Engineering_Pipeline to 2024-03-14 00:00:00+00:00, run_after=2024-03-15 00:00:00+00:00
[2024-03-14T16:35:13.142+0000] {processor.py:183} INFO - Processing /home/airflow/dags/Lead_scoring_data_pipeline/lead_scoring_data_pipeline.py took 0.467 seconds
[2024-03-14T16:36:47.566+0000] {processor.py:161} INFO - Started process (PID=2057) to work on /home/airflow/dags/Lead_scoring_data_pipeline/lead_scoring_data_pipeline.py
[2024-03-14T16:36:47.568+0000] {processor.py:830} INFO - Processing file /home/airflow/dags/Lead_scoring_data_pipeline/lead_scoring_data_pipeline.py for tasks to queue
[2024-03-14T16:36:47.569+0000] {logging_mixin.py:188} INFO - [2024-03-14T16:36:47.569+0000] {dagbag.py:540} INFO - Filling up the DagBag from /home/airflow/dags/Lead_scoring_data_pipeline/lead_scoring_data_pipeline.py
[2024-03-14T16:36:47.858+0000] {processor.py:840} INFO - DAG(s) 'Lead_Scoring_Data_Engineering_Pipeline' retrieved from /home/airflow/dags/Lead_scoring_data_pipeline/lead_scoring_data_pipeline.py
[2024-03-14T16:36:47.870+0000] {logging_mixin.py:188} INFO - [2024-03-14T16:36:47.870+0000] {dag.py:3047} INFO - Sync 1 DAGs
[2024-03-14T16:36:47.982+0000] {logging_mixin.py:188} INFO - [2024-03-14T16:36:47.982+0000] {dag.py:3834} INFO - Setting next_dagrun for Lead_Scoring_Data_Engineering_Pipeline to 2024-03-14 00:00:00+00:00, run_after=2024-03-15 00:00:00+00:00
[2024-03-14T16:36:48.005+0000] {processor.py:183} INFO - Processing /home/airflow/dags/Lead_scoring_data_pipeline/lead_scoring_data_pipeline.py took 0.442 seconds
[2024-03-14T16:38:17.383+0000] {processor.py:161} INFO - Started process (PID=2234) to work on /home/airflow/dags/Lead_scoring_data_pipeline/lead_scoring_data_pipeline.py
[2024-03-14T16:38:17.386+0000] {processor.py:830} INFO - Processing file /home/airflow/dags/Lead_scoring_data_pipeline/lead_scoring_data_pipeline.py for tasks to queue
[2024-03-14T16:38:17.387+0000] {logging_mixin.py:188} INFO - [2024-03-14T16:38:17.386+0000] {dagbag.py:540} INFO - Filling up the DagBag from /home/airflow/dags/Lead_scoring_data_pipeline/lead_scoring_data_pipeline.py
[2024-03-14T16:38:17.681+0000] {processor.py:840} INFO - DAG(s) 'Lead_Scoring_Data_Engineering_Pipeline' retrieved from /home/airflow/dags/Lead_scoring_data_pipeline/lead_scoring_data_pipeline.py
[2024-03-14T16:38:17.693+0000] {logging_mixin.py:188} INFO - [2024-03-14T16:38:17.693+0000] {dag.py:3047} INFO - Sync 1 DAGs
[2024-03-14T16:38:17.799+0000] {logging_mixin.py:188} INFO - [2024-03-14T16:38:17.799+0000] {dag.py:3834} INFO - Setting next_dagrun for Lead_Scoring_Data_Engineering_Pipeline to 2024-03-14 00:00:00+00:00, run_after=2024-03-15 00:00:00+00:00
[2024-03-14T16:38:17.862+0000] {processor.py:183} INFO - Processing /home/airflow/dags/Lead_scoring_data_pipeline/lead_scoring_data_pipeline.py took 0.482 seconds
[2024-03-14T16:39:33.818+0000] {processor.py:161} INFO - Started process (PID=2354) to work on /home/airflow/dags/Lead_scoring_data_pipeline/lead_scoring_data_pipeline.py
[2024-03-14T16:39:33.822+0000] {processor.py:830} INFO - Processing file /home/airflow/dags/Lead_scoring_data_pipeline/lead_scoring_data_pipeline.py for tasks to queue
[2024-03-14T16:39:33.823+0000] {logging_mixin.py:188} INFO - [2024-03-14T16:39:33.822+0000] {dagbag.py:540} INFO - Filling up the DagBag from /home/airflow/dags/Lead_scoring_data_pipeline/lead_scoring_data_pipeline.py
[2024-03-14T16:39:34.111+0000] {processor.py:840} INFO - DAG(s) 'Lead_Scoring_Data_Engineering_Pipeline' retrieved from /home/airflow/dags/Lead_scoring_data_pipeline/lead_scoring_data_pipeline.py
[2024-03-14T16:39:34.213+0000] {logging_mixin.py:188} INFO - [2024-03-14T16:39:34.212+0000] {dag.py:3047} INFO - Sync 1 DAGs
[2024-03-14T16:39:34.228+0000] {logging_mixin.py:188} INFO - [2024-03-14T16:39:34.228+0000] {dag.py:3834} INFO - Setting next_dagrun for Lead_Scoring_Data_Engineering_Pipeline to 2024-03-14 00:00:00+00:00, run_after=2024-03-15 00:00:00+00:00
[2024-03-14T16:39:34.260+0000] {processor.py:183} INFO - Processing /home/airflow/dags/Lead_scoring_data_pipeline/lead_scoring_data_pipeline.py took 0.445 seconds
[2024-03-14T16:40:41.975+0000] {processor.py:161} INFO - Started process (PID=2468) to work on /home/airflow/dags/Lead_scoring_data_pipeline/lead_scoring_data_pipeline.py
[2024-03-14T16:40:42.014+0000] {processor.py:830} INFO - Processing file /home/airflow/dags/Lead_scoring_data_pipeline/lead_scoring_data_pipeline.py for tasks to queue
[2024-03-14T16:40:42.015+0000] {logging_mixin.py:188} INFO - [2024-03-14T16:40:42.015+0000] {dagbag.py:540} INFO - Filling up the DagBag from /home/airflow/dags/Lead_scoring_data_pipeline/lead_scoring_data_pipeline.py
[2024-03-14T16:40:42.385+0000] {processor.py:840} INFO - DAG(s) 'Lead_Scoring_Data_Engineering_Pipeline' retrieved from /home/airflow/dags/Lead_scoring_data_pipeline/lead_scoring_data_pipeline.py
[2024-03-14T16:40:42.395+0000] {logging_mixin.py:188} INFO - [2024-03-14T16:40:42.395+0000] {dag.py:3047} INFO - Sync 1 DAGs
[2024-03-14T16:40:42.411+0000] {logging_mixin.py:188} INFO - [2024-03-14T16:40:42.411+0000] {dag.py:3834} INFO - Setting next_dagrun for Lead_Scoring_Data_Engineering_Pipeline to 2024-03-14 00:00:00+00:00, run_after=2024-03-15 00:00:00+00:00
[2024-03-14T16:40:42.582+0000] {processor.py:183} INFO - Processing /home/airflow/dags/Lead_scoring_data_pipeline/lead_scoring_data_pipeline.py took 0.610 seconds
[2024-03-14T16:41:53.808+0000] {processor.py:161} INFO - Started process (PID=2578) to work on /home/airflow/dags/Lead_scoring_data_pipeline/lead_scoring_data_pipeline.py
[2024-03-14T16:41:53.811+0000] {processor.py:830} INFO - Processing file /home/airflow/dags/Lead_scoring_data_pipeline/lead_scoring_data_pipeline.py for tasks to queue
[2024-03-14T16:41:53.812+0000] {logging_mixin.py:188} INFO - [2024-03-14T16:41:53.811+0000] {dagbag.py:540} INFO - Filling up the DagBag from /home/airflow/dags/Lead_scoring_data_pipeline/lead_scoring_data_pipeline.py
[2024-03-14T16:41:54.192+0000] {processor.py:840} INFO - DAG(s) 'Lead_Scoring_Data_Engineering_Pipeline' retrieved from /home/airflow/dags/Lead_scoring_data_pipeline/lead_scoring_data_pipeline.py
[2024-03-14T16:41:54.202+0000] {logging_mixin.py:188} INFO - [2024-03-14T16:41:54.202+0000] {dag.py:3047} INFO - Sync 1 DAGs
[2024-03-14T16:41:54.271+0000] {logging_mixin.py:188} INFO - [2024-03-14T16:41:54.271+0000] {dag.py:3834} INFO - Setting next_dagrun for Lead_Scoring_Data_Engineering_Pipeline to 2024-03-14 00:00:00+00:00, run_after=2024-03-15 00:00:00+00:00
[2024-03-14T16:41:54.309+0000] {processor.py:183} INFO - Processing /home/airflow/dags/Lead_scoring_data_pipeline/lead_scoring_data_pipeline.py took 0.504 seconds
[2024-03-14T16:43:16.260+0000] {processor.py:161} INFO - Started process (PID=2695) to work on /home/airflow/dags/Lead_scoring_data_pipeline/lead_scoring_data_pipeline.py
[2024-03-14T16:43:16.277+0000] {processor.py:830} INFO - Processing file /home/airflow/dags/Lead_scoring_data_pipeline/lead_scoring_data_pipeline.py for tasks to queue
[2024-03-14T16:43:16.278+0000] {logging_mixin.py:188} INFO - [2024-03-14T16:43:16.277+0000] {dagbag.py:540} INFO - Filling up the DagBag from /home/airflow/dags/Lead_scoring_data_pipeline/lead_scoring_data_pipeline.py
[2024-03-14T16:43:16.639+0000] {processor.py:840} INFO - DAG(s) 'Lead_Scoring_Data_Engineering_Pipeline' retrieved from /home/airflow/dags/Lead_scoring_data_pipeline/lead_scoring_data_pipeline.py
[2024-03-14T16:43:16.649+0000] {logging_mixin.py:188} INFO - [2024-03-14T16:43:16.649+0000] {dag.py:3047} INFO - Sync 1 DAGs
[2024-03-14T16:43:16.664+0000] {logging_mixin.py:188} INFO - [2024-03-14T16:43:16.664+0000] {dag.py:3834} INFO - Setting next_dagrun for Lead_Scoring_Data_Engineering_Pipeline to 2024-03-14 00:00:00+00:00, run_after=2024-03-15 00:00:00+00:00
[2024-03-14T16:43:16.799+0000] {processor.py:183} INFO - Processing /home/airflow/dags/Lead_scoring_data_pipeline/lead_scoring_data_pipeline.py took 0.543 seconds
[2024-03-14T16:44:58.255+0000] {processor.py:161} INFO - Started process (PID=2875) to work on /home/airflow/dags/Lead_scoring_data_pipeline/lead_scoring_data_pipeline.py
[2024-03-14T16:44:58.257+0000] {processor.py:830} INFO - Processing file /home/airflow/dags/Lead_scoring_data_pipeline/lead_scoring_data_pipeline.py for tasks to queue
[2024-03-14T16:44:58.258+0000] {logging_mixin.py:188} INFO - [2024-03-14T16:44:58.258+0000] {dagbag.py:540} INFO - Filling up the DagBag from /home/airflow/dags/Lead_scoring_data_pipeline/lead_scoring_data_pipeline.py
[2024-03-14T16:44:58.626+0000] {processor.py:840} INFO - DAG(s) 'Lead_Scoring_Data_Engineering_Pipeline' retrieved from /home/airflow/dags/Lead_scoring_data_pipeline/lead_scoring_data_pipeline.py
[2024-03-14T16:44:58.635+0000] {logging_mixin.py:188} INFO - [2024-03-14T16:44:58.635+0000] {dag.py:3047} INFO - Sync 1 DAGs
[2024-03-14T16:44:58.651+0000] {logging_mixin.py:188} INFO - [2024-03-14T16:44:58.651+0000] {dag.py:3834} INFO - Setting next_dagrun for Lead_Scoring_Data_Engineering_Pipeline to 2024-03-14 00:00:00+00:00, run_after=2024-03-15 00:00:00+00:00
[2024-03-14T16:44:58.771+0000] {processor.py:183} INFO - Processing /home/airflow/dags/Lead_scoring_data_pipeline/lead_scoring_data_pipeline.py took 0.519 seconds
[2024-03-14T16:56:39.904+0000] {processor.py:161} INFO - Started process (PID=3309) to work on /home/airflow/dags/Lead_scoring_data_pipeline/lead_scoring_data_pipeline.py
[2024-03-14T16:56:39.907+0000] {processor.py:830} INFO - Processing file /home/airflow/dags/Lead_scoring_data_pipeline/lead_scoring_data_pipeline.py for tasks to queue
[2024-03-14T16:56:39.908+0000] {logging_mixin.py:188} INFO - [2024-03-14T16:56:39.908+0000] {dagbag.py:540} INFO - Filling up the DagBag from /home/airflow/dags/Lead_scoring_data_pipeline/lead_scoring_data_pipeline.py
[2024-03-14T16:56:40.199+0000] {processor.py:840} INFO - DAG(s) 'Lead_Scoring_Data_Engineering_Pipeline' retrieved from /home/airflow/dags/Lead_scoring_data_pipeline/lead_scoring_data_pipeline.py
[2024-03-14T16:56:40.211+0000] {logging_mixin.py:188} INFO - [2024-03-14T16:56:40.211+0000] {dag.py:3047} INFO - Sync 1 DAGs
[2024-03-14T16:56:40.228+0000] {logging_mixin.py:188} INFO - [2024-03-14T16:56:40.228+0000] {dag.py:3834} INFO - Setting next_dagrun for Lead_Scoring_Data_Engineering_Pipeline to 2024-03-14 00:00:00+00:00, run_after=2024-03-15 00:00:00+00:00
[2024-03-14T16:56:40.342+0000] {processor.py:183} INFO - Processing /home/airflow/dags/Lead_scoring_data_pipeline/lead_scoring_data_pipeline.py took 0.441 seconds
[2024-03-14T16:58:36.971+0000] {processor.py:161} INFO - Started process (PID=3504) to work on /home/airflow/dags/Lead_scoring_data_pipeline/lead_scoring_data_pipeline.py
[2024-03-14T16:58:36.974+0000] {processor.py:830} INFO - Processing file /home/airflow/dags/Lead_scoring_data_pipeline/lead_scoring_data_pipeline.py for tasks to queue
[2024-03-14T16:58:36.975+0000] {logging_mixin.py:188} INFO - [2024-03-14T16:58:36.974+0000] {dagbag.py:540} INFO - Filling up the DagBag from /home/airflow/dags/Lead_scoring_data_pipeline/lead_scoring_data_pipeline.py
[2024-03-14T16:58:37.254+0000] {processor.py:840} INFO - DAG(s) 'Lead_Scoring_Data_Engineering_Pipeline' retrieved from /home/airflow/dags/Lead_scoring_data_pipeline/lead_scoring_data_pipeline.py
[2024-03-14T16:58:37.266+0000] {logging_mixin.py:188} INFO - [2024-03-14T16:58:37.266+0000] {dag.py:3047} INFO - Sync 1 DAGs
[2024-03-14T16:58:37.284+0000] {logging_mixin.py:188} INFO - [2024-03-14T16:58:37.283+0000] {dag.py:3834} INFO - Setting next_dagrun for Lead_Scoring_Data_Engineering_Pipeline to 2024-03-14 00:00:00+00:00, run_after=2024-03-15 00:00:00+00:00
[2024-03-14T16:58:37.307+0000] {processor.py:183} INFO - Processing /home/airflow/dags/Lead_scoring_data_pipeline/lead_scoring_data_pipeline.py took 0.340 seconds
