[2024-03-11T17:14:28.808+0000] {taskinstance.py:1979} INFO - Dependencies all met for dep_context=non-requeueable deps ti=<TaskInstance: Lead_scoring_training_pipeline.training_model manual__2024-03-11T17:14:20+00:00 [queued]>
[2024-03-11T17:14:28.813+0000] {taskinstance.py:1979} INFO - Dependencies all met for dep_context=requeueable deps ti=<TaskInstance: Lead_scoring_training_pipeline.training_model manual__2024-03-11T17:14:20+00:00 [queued]>
[2024-03-11T17:14:28.813+0000] {taskinstance.py:2193} INFO - Starting attempt 1 of 2
[2024-03-11T17:14:28.833+0000] {taskinstance.py:2217} INFO - Executing <Task(PythonOperator): training_model> on 2024-03-11 17:14:20+00:00
[2024-03-11T17:14:28.841+0000] {standard_task_runner.py:60} INFO - Started process 2847 to run task
[2024-03-11T17:14:28.843+0000] {standard_task_runner.py:87} INFO - Running: ['airflow', 'tasks', 'run', 'Lead_scoring_training_pipeline', 'training_model', 'manual__2024-03-11T17:14:20+00:00', '--job-id', '103', '--raw', '--subdir', 'DAGS_FOLDER/Lead_scoring_training_pipeline/lead_scoring_training_pipeline.py', '--cfg-path', '/tmp/tmpy5xu9d2y']
[2024-03-11T17:14:28.844+0000] {standard_task_runner.py:88} INFO - Job 103: Subtask training_model
[2024-03-11T17:14:28.877+0000] {task_command.py:423} INFO - Running <TaskInstance: Lead_scoring_training_pipeline.training_model manual__2024-03-11T17:14:20+00:00 [running]> on host 026c09de2b63
[2024-03-11T17:14:28.940+0000] {taskinstance.py:2513} INFO - Exporting env vars: AIRFLOW_CTX_DAG_OWNER='airflow' AIRFLOW_CTX_DAG_ID='Lead_scoring_training_pipeline' AIRFLOW_CTX_TASK_ID='training_model' AIRFLOW_CTX_EXECUTION_DATE='2024-03-11T17:14:20+00:00' AIRFLOW_CTX_TRY_NUMBER='1' AIRFLOW_CTX_DAG_RUN_ID='manual__2024-03-11T17:14:20+00:00'
[2024-03-11T17:14:28.941+0000] {logging_mixin.py:188} INFO - /home/airflow
[2024-03-11T17:14:28.941+0000] {logging_mixin.py:188} INFO - ['logs', 'airflow.cfg', 'airflow.db', 'webserver_config.py', '.ipynb_checkpoints', 'dags', 'airflow-webserver.pid']
[2024-03-11T17:14:28.941+0000] {logging_mixin.py:188} INFO - /home/mlfow/
[2024-03-11T17:14:28.942+0000] {logging_mixin.py:188} INFO - Lead_scoring_mlflow_production.db
[2024-03-11T17:14:28.942+0000] {logging_mixin.py:188} INFO - unable to open database file
[2024-03-11T17:14:28.945+0000] {logging_mixin.py:188} INFO - Loading 'features' table
[2024-03-11T17:14:32.998+0000] {logging_mixin.py:188} INFO - Loading 'target' table
[2024-03-11T17:14:33.257+0000] {utils.py:201} INFO - Creating mlflow experiment
[2024-03-11T17:14:33.824+0000] {logging_mixin.py:188} INFO - Herte
[2024-03-11T17:14:33.842+0000] {logging_mixin.py:188} INFO - file:///home/mlflow/1/cfbf4baafdc14efcac240e0a99bd1bee/artifacts
[2024-03-11T17:14:33.858+0000] {logging_mixin.py:188} WARNING - /usr/local/lib/python3.8/dist-packages/sklearn/preprocessing/_label.py:99 DataConversionWarning: A column-vector y was passed when a 1d array was expected. Please change the shape of y to (n_samples, ), for example using ravel().
[2024-03-11T17:14:33.864+0000] {logging_mixin.py:188} WARNING - /usr/local/lib/python3.8/dist-packages/sklearn/preprocessing/_label.py:134 DataConversionWarning: A column-vector y was passed when a 1d array was expected. Please change the shape of y to (n_samples, ), for example using ravel().
[2024-03-11T17:14:33.929+0000] {logging_mixin.py:188} INFO - [LightGBM] [Warning] Unknown parameter: silent
[2024-03-11T17:14:33.930+0000] {logging_mixin.py:188} INFO - [LightGBM] [Warning] bagging_freq is set=7, subsample_freq=0 will be ignored. Current value: bagging_freq=7
[2024-03-11T17:14:33.930+0000] {logging_mixin.py:188} INFO - [LightGBM] [Warning] feature_fraction is set=0.7938437977336682, colsample_bytree=1.0 will be ignored. Current value: feature_fraction=0.7938437977336682
[2024-03-11T17:14:33.930+0000] {logging_mixin.py:188} INFO - [LightGBM] [Warning] bagging_fraction is set=0.9776942233774311, subsample=1.0 will be ignored. Current value: bagging_fraction=0.9776942233774311
[2024-03-11T17:14:34.048+0000] {logging_mixin.py:188} INFO - [LightGBM] [Warning] Unknown parameter: silent
[2024-03-11T17:14:34.048+0000] {logging_mixin.py:188} INFO - [LightGBM] [Warning] bagging_freq is set=7, subsample_freq=0 will be ignored. Current value: bagging_freq=7
[2024-03-11T17:14:34.049+0000] {logging_mixin.py:188} INFO - [LightGBM] [Warning] feature_fraction is set=0.7938437977336682, colsample_bytree=1.0 will be ignored. Current value: feature_fraction=0.7938437977336682
[2024-03-11T17:14:34.049+0000] {logging_mixin.py:188} INFO - [LightGBM] [Warning] bagging_fraction is set=0.9776942233774311, subsample=1.0 will be ignored. Current value: bagging_fraction=0.9776942233774311
[2024-03-11T17:14:34.050+0000] {logging_mixin.py:188} INFO - [LightGBM] [Info] Number of positive: 95816, number of negative: 95355
[2024-03-11T17:14:34.055+0000] {logging_mixin.py:188} INFO - [LightGBM] [Info] Auto-choosing row-wise multi-threading, the overhead of testing was 0.001972 seconds.
You can set `force_row_wise=true` to remove the overhead.
And if memory is not enough, you can set `force_col_wise=true`.
[2024-03-11T17:14:34.056+0000] {logging_mixin.py:188} INFO - [LightGBM] [Info] Total Bins 120
[2024-03-11T17:14:34.056+0000] {logging_mixin.py:188} INFO - [LightGBM] [Info] Number of data points in the train set: 191171, number of used features: 38
[2024-03-11T17:14:34.058+0000] {logging_mixin.py:188} INFO - [LightGBM] [Info] [binary:BoostFromScore]: pavg=0.501206 -> initscore=0.004823
[2024-03-11T17:14:34.058+0000] {logging_mixin.py:188} INFO - [LightGBM] [Info] Start training from score 0.004823
[2024-03-11T17:14:34.122+0000] {logging_mixin.py:188} INFO - [LightGBM] [Warning] No further splits with positive gain, best gain: -inf
[2024-03-11T17:14:34.209+0000] {logging_mixin.py:188} INFO - [LightGBM] [Warning] No further splits with positive gain, best gain: -inf
[2024-03-11T17:14:34.234+0000] {logging_mixin.py:188} INFO - [LightGBM] [Warning] No further splits with positive gain, best gain: -inf
[2024-03-11T17:14:34.265+0000] {logging_mixin.py:188} INFO - [LightGBM] [Warning] No further splits with positive gain, best gain: -inf
[2024-03-11T17:14:34.336+0000] {logging_mixin.py:188} INFO - [LightGBM] [Warning] No further splits with positive gain, best gain: -inf
[2024-03-11T17:14:34.379+0000] {logging_mixin.py:188} INFO - [LightGBM] [Warning] No further splits with positive gain, best gain: -inf
[2024-03-11T17:14:34.389+0000] {logging_mixin.py:188} INFO - [LightGBM] [Warning] No further splits with positive gain, best gain: -inf
[2024-03-11T17:14:34.401+0000] {logging_mixin.py:188} INFO - [LightGBM] [Warning] No further splits with positive gain, best gain: -inf
[2024-03-11T17:14:34.431+0000] {logging_mixin.py:188} INFO - [LightGBM] [Warning] No further splits with positive gain, best gain: -inf
[2024-03-11T17:14:34.441+0000] {logging_mixin.py:188} INFO - [LightGBM] [Warning] No further splits with positive gain, best gain: -inf
[2024-03-11T17:14:34.461+0000] {logging_mixin.py:188} INFO - [LightGBM] [Warning] No further splits with positive gain, best gain: -inf
[2024-03-11T17:14:34.470+0000] {logging_mixin.py:188} INFO - [LightGBM] [Warning] No further splits with positive gain, best gain: -inf
[2024-03-11T17:14:34.486+0000] {logging_mixin.py:188} INFO - [LightGBM] [Warning] No further splits with positive gain, best gain: -inf
[2024-03-11T17:14:34.493+0000] {logging_mixin.py:188} INFO - [LightGBM] [Warning] No further splits with positive gain, best gain: -inf
[2024-03-11T17:14:34.565+0000] {logging_mixin.py:188} INFO - [LightGBM] [Warning] No further splits with positive gain, best gain: -inf
[2024-03-11T17:14:34.581+0000] {logging_mixin.py:188} INFO - [LightGBM] [Warning] No further splits with positive gain, best gain: -inf
[2024-03-11T17:14:34.589+0000] {logging_mixin.py:188} INFO - [LightGBM] [Warning] No further splits with positive gain, best gain: -inf
[2024-03-11T17:14:34.641+0000] {logging_mixin.py:188} INFO - [LightGBM] [Warning] No further splits with positive gain, best gain: -inf
[2024-03-11T17:14:34.658+0000] {logging_mixin.py:188} INFO - [LightGBM] [Warning] No further splits with positive gain, best gain: -inf
[2024-03-11T17:14:34.695+0000] {logging_mixin.py:188} INFO - [LightGBM] [Warning] No further splits with positive gain, best gain: -inf
[2024-03-11T17:14:34.703+0000] {logging_mixin.py:188} INFO - [LightGBM] [Warning] No further splits with positive gain, best gain: -inf
[2024-03-11T17:14:34.717+0000] {logging_mixin.py:188} INFO - [LightGBM] [Warning] No further splits with positive gain, best gain: -inf
[2024-03-11T17:14:34.724+0000] {logging_mixin.py:188} INFO - [LightGBM] [Warning] No further splits with positive gain, best gain: -inf
[2024-03-11T17:14:34.730+0000] {logging_mixin.py:188} INFO - [LightGBM] [Warning] No further splits with positive gain, best gain: -inf
[2024-03-11T17:14:34.738+0000] {logging_mixin.py:188} INFO - [LightGBM] [Warning] No further splits with positive gain, best gain: -inf
[2024-03-11T17:14:34.744+0000] {logging_mixin.py:188} INFO - [LightGBM] [Warning] No further splits with positive gain, best gain: -inf
[2024-03-11T17:14:34.751+0000] {logging_mixin.py:188} INFO - [LightGBM] [Warning] No further splits with positive gain, best gain: -inf
[2024-03-11T17:14:34.757+0000] {logging_mixin.py:188} INFO - [LightGBM] [Warning] No further splits with positive gain, best gain: -inf
[2024-03-11T17:14:34.762+0000] {logging_mixin.py:188} INFO - [LightGBM] [Warning] No further splits with positive gain, best gain: -inf
[2024-03-11T17:14:34.769+0000] {logging_mixin.py:188} INFO - [LightGBM] [Warning] No further splits with positive gain, best gain: -inf
[2024-03-11T17:14:34.776+0000] {logging_mixin.py:188} INFO - [LightGBM] [Warning] No further splits with positive gain, best gain: -inf
[2024-03-11T17:14:34.784+0000] {logging_mixin.py:188} INFO - [LightGBM] [Warning] No further splits with positive gain, best gain: -inf
[2024-03-11T17:14:34.790+0000] {logging_mixin.py:188} INFO - [LightGBM] [Warning] No further splits with positive gain, best gain: -inf
[2024-03-11T17:14:34.798+0000] {logging_mixin.py:188} INFO - [LightGBM] [Warning] No further splits with positive gain, best gain: -inf
[2024-03-11T17:14:34.803+0000] {logging_mixin.py:188} INFO - [LightGBM] [Warning] No further splits with positive gain, best gain: -inf
[2024-03-11T17:14:34.809+0000] {logging_mixin.py:188} INFO - [LightGBM] [Warning] No further splits with positive gain, best gain: -inf
[2024-03-11T17:14:34.815+0000] {logging_mixin.py:188} INFO - [LightGBM] [Warning] No further splits with positive gain, best gain: -inf
[2024-03-11T17:14:34.821+0000] {logging_mixin.py:188} INFO - [LightGBM] [Warning] No further splits with positive gain, best gain: -inf
[2024-03-11T17:14:34.828+0000] {logging_mixin.py:188} INFO - [LightGBM] [Warning] No further splits with positive gain, best gain: -inf
[2024-03-11T17:14:34.834+0000] {logging_mixin.py:188} INFO - [LightGBM] [Warning] No further splits with positive gain, best gain: -inf
[2024-03-11T17:14:34.840+0000] {logging_mixin.py:188} INFO - [LightGBM] [Warning] No further splits with positive gain, best gain: -inf
[2024-03-11T17:14:34.847+0000] {logging_mixin.py:188} INFO - [LightGBM] [Warning] No further splits with positive gain, best gain: -inf
[2024-03-11T17:14:34.853+0000] {logging_mixin.py:188} INFO - [LightGBM] [Warning] No further splits with positive gain, best gain: -inf
[2024-03-11T17:14:34.859+0000] {logging_mixin.py:188} INFO - [LightGBM] [Warning] No further splits with positive gain, best gain: -inf
[2024-03-11T17:14:34.864+0000] {logging_mixin.py:188} INFO - [LightGBM] [Warning] No further splits with positive gain, best gain: -inf
[2024-03-11T17:14:34.869+0000] {logging_mixin.py:188} INFO - [LightGBM] [Warning] No further splits with positive gain, best gain: -inf
[2024-03-11T17:14:34.875+0000] {logging_mixin.py:188} INFO - [LightGBM] [Warning] No further splits with positive gain, best gain: -inf
[2024-03-11T17:14:34.882+0000] {logging_mixin.py:188} INFO - [LightGBM] [Warning] No further splits with positive gain, best gain: -inf
[2024-03-11T17:14:34.888+0000] {logging_mixin.py:188} INFO - [LightGBM] [Warning] No further splits with positive gain, best gain: -inf
[2024-03-11T17:14:34.893+0000] {logging_mixin.py:188} INFO - [LightGBM] [Warning] No further splits with positive gain, best gain: -inf
[2024-03-11T17:14:34.899+0000] {logging_mixin.py:188} INFO - [LightGBM] [Warning] No further splits with positive gain, best gain: -inf
[2024-03-11T17:14:34.904+0000] {logging_mixin.py:188} INFO - [LightGBM] [Warning] No further splits with positive gain, best gain: -inf
[2024-03-11T17:14:34.910+0000] {logging_mixin.py:188} INFO - [LightGBM] [Warning] No further splits with positive gain, best gain: -inf
[2024-03-11T17:14:34.915+0000] {logging_mixin.py:188} INFO - [LightGBM] [Warning] No further splits with positive gain, best gain: -inf
[2024-03-11T17:14:34.921+0000] {logging_mixin.py:188} INFO - [LightGBM] [Warning] No further splits with positive gain, best gain: -inf
[2024-03-11T17:14:34.926+0000] {logging_mixin.py:188} INFO - [LightGBM] [Warning] No further splits with positive gain, best gain: -inf
[2024-03-11T17:14:34.931+0000] {logging_mixin.py:188} INFO - [LightGBM] [Warning] No further splits with positive gain, best gain: -inf
[2024-03-11T17:14:34.936+0000] {logging_mixin.py:188} INFO - [LightGBM] [Warning] No further splits with positive gain, best gain: -inf
[2024-03-11T17:14:34.941+0000] {logging_mixin.py:188} INFO - [LightGBM] [Warning] No further splits with positive gain, best gain: -inf
[2024-03-11T17:14:34.947+0000] {logging_mixin.py:188} INFO - [LightGBM] [Warning] No further splits with positive gain, best gain: -inf
[2024-03-11T17:14:34.951+0000] {logging_mixin.py:188} INFO - [LightGBM] [Warning] No further splits with positive gain, best gain: -inf
[2024-03-11T17:14:34.956+0000] {logging_mixin.py:188} INFO - [LightGBM] [Warning] No further splits with positive gain, best gain: -inf
[2024-03-11T17:14:34.960+0000] {logging_mixin.py:188} INFO - [LightGBM] [Warning] No further splits with positive gain, best gain: -inf
[2024-03-11T17:14:34.963+0000] {logging_mixin.py:188} INFO - [LightGBM] [Warning] No further splits with positive gain, best gain: -inf
[2024-03-11T17:14:34.967+0000] {logging_mixin.py:188} INFO - [LightGBM] [Warning] No further splits with positive gain, best gain: -inf
[2024-03-11T17:14:34.971+0000] {logging_mixin.py:188} INFO - [LightGBM] [Warning] No further splits with positive gain, best gain: -inf
[2024-03-11T17:14:34.980+0000] {logging_mixin.py:188} INFO - [LightGBM] [Warning] No further splits with positive gain, best gain: -inf
[2024-03-11T17:14:34.985+0000] {logging_mixin.py:188} INFO - [LightGBM] [Warning] No further splits with positive gain, best gain: -inf
[2024-03-11T17:14:34.990+0000] {logging_mixin.py:188} INFO - [LightGBM] [Warning] No further splits with positive gain, best gain: -inf
[2024-03-11T17:14:34.994+0000] {logging_mixin.py:188} INFO - [LightGBM] [Warning] No further splits with positive gain, best gain: -inf
[2024-03-11T17:14:34.997+0000] {logging_mixin.py:188} INFO - [LightGBM] [Warning] No further splits with positive gain, best gain: -inf
[2024-03-11T17:14:35.001+0000] {logging_mixin.py:188} INFO - [LightGBM] [Warning] No further splits with positive gain, best gain: -inf
[2024-03-11T17:14:35.004+0000] {logging_mixin.py:188} INFO - [LightGBM] [Warning] No further splits with positive gain, best gain: -inf
[2024-03-11T17:14:35.009+0000] {logging_mixin.py:188} INFO - [LightGBM] [Warning] No further splits with positive gain, best gain: -inf
[2024-03-11T17:14:35.015+0000] {logging_mixin.py:188} INFO - [LightGBM] [Warning] No further splits with positive gain, best gain: -inf
[2024-03-11T17:14:35.019+0000] {logging_mixin.py:188} INFO - [LightGBM] [Warning] No further splits with positive gain, best gain: -inf
[2024-03-11T17:14:35.022+0000] {logging_mixin.py:188} INFO - [LightGBM] [Warning] No further splits with positive gain, best gain: -inf
[2024-03-11T17:14:35.026+0000] {logging_mixin.py:188} INFO - [LightGBM] [Warning] No further splits with positive gain, best gain: -inf
[2024-03-11T17:14:35.030+0000] {logging_mixin.py:188} INFO - [LightGBM] [Warning] No further splits with positive gain, best gain: -inf
[2024-03-11T17:14:35.033+0000] {logging_mixin.py:188} INFO - [LightGBM] [Warning] No further splits with positive gain, best gain: -inf
[2024-03-11T17:14:35.036+0000] {logging_mixin.py:188} INFO - [LightGBM] [Warning] No further splits with positive gain, best gain: -inf
[2024-03-11T17:14:35.042+0000] {logging_mixin.py:188} INFO - [LightGBM] [Warning] No further splits with positive gain, best gain: -inf
[2024-03-11T17:14:35.045+0000] {logging_mixin.py:188} INFO - [LightGBM] [Warning] No further splits with positive gain, best gain: -inf
[2024-03-11T17:14:35.048+0000] {logging_mixin.py:188} INFO - [LightGBM] [Warning] No further splits with positive gain, best gain: -inf
[2024-03-11T17:14:35.052+0000] {logging_mixin.py:188} INFO - [LightGBM] [Warning] No further splits with positive gain, best gain: -inf
[2024-03-11T17:14:35.054+0000] {logging_mixin.py:188} INFO - [LightGBM] [Warning] No further splits with positive gain, best gain: -inf
[2024-03-11T17:14:35.057+0000] {logging_mixin.py:188} INFO - [LightGBM] [Warning] No further splits with positive gain, best gain: -inf
[2024-03-11T17:14:35.061+0000] {logging_mixin.py:188} INFO - [LightGBM] [Warning] No further splits with positive gain, best gain: -inf
[2024-03-11T17:14:35.063+0000] {logging_mixin.py:188} INFO - [LightGBM] [Warning] No further splits with positive gain, best gain: -inf
[2024-03-11T17:14:35.082+0000] {logging_mixin.py:188} INFO - /home/airflow
[2024-03-11T17:14:37.889+0000] {logging_mixin.py:188} WARNING - /usr/local/lib/python3.8/dist-packages/_distutils_hack/__init__.py:26 UserWarning: Setuptools is replacing distutils.
[2024-03-11T17:14:38.041+0000] {logging_mixin.py:188} WARNING - Successfully registered model 'LightGBM'.
[2024-03-11T17:14:38.135+0000] {logging_mixin.py:188} WARNING - 2024/03/11 17:14:38 INFO mlflow.store.model_registry.abstract_store: Waiting up to 300 seconds for model version to finish creation. Model name: LightGBM, version 1
[2024-03-11T17:14:38.135+0000] {logging_mixin.py:188} WARNING - Created version '1' of model 'LightGBM'.
[2024-03-11T17:14:38.192+0000] {logging_mixin.py:188} INFO - [LightGBM] [Warning] Unknown parameter: silent
[2024-03-11T17:14:38.193+0000] {logging_mixin.py:188} INFO - [LightGBM] [Warning] bagging_freq is set=7, subsample_freq=0 will be ignored. Current value: bagging_freq=7
[2024-03-11T17:14:38.193+0000] {logging_mixin.py:188} INFO - [LightGBM] [Warning] feature_fraction is set=0.7938437977336682, colsample_bytree=1.0 will be ignored. Current value: feature_fraction=0.7938437977336682
[2024-03-11T17:14:38.193+0000] {logging_mixin.py:188} INFO - [LightGBM] [Warning] bagging_fraction is set=0.9776942233774311, subsample=1.0 will be ignored. Current value: bagging_fraction=0.9776942233774311
[2024-03-11T17:14:38.426+0000] {logging_mixin.py:188} INFO - Precision= 0.7409920994171489
[2024-03-11T17:14:38.426+0000] {logging_mixin.py:188} INFO - Recall= 0.7494172865506418
[2024-03-11T17:14:38.427+0000] {logging_mixin.py:188} INFO - AUC= 0.7494172865506418
[2024-03-11T17:14:38.675+0000] {logging_mixin.py:188} INFO - Inside MLflow Run with id cfbf4baafdc14efcac240e0a99bd1bee
[2024-03-11T17:14:38.719+0000] {python.py:202} INFO - Done. Returned value was: None
[2024-03-11T17:14:38.737+0000] {taskinstance.py:1149} INFO - Marking task as SUCCESS. dag_id=Lead_scoring_training_pipeline, task_id=training_model, execution_date=20240311T171420, start_date=20240311T171428, end_date=20240311T171438
[2024-03-11T17:14:38.822+0000] {local_task_job_runner.py:234} INFO - Task exited with return code 0
[2024-03-11T17:14:38.830+0000] {taskinstance.py:3312} INFO - 0 downstream tasks scheduled from follow-on schedule check
