[2024-03-11T15:49:50.179+0000] {processor.py:161} INFO - Started process (PID=1071) to work on /home/airflow/dags/Lead_scoring_training_pipeline/constants.py
[2024-03-11T15:49:50.180+0000] {processor.py:830} INFO - Processing file /home/airflow/dags/Lead_scoring_training_pipeline/constants.py for tasks to queue
[2024-03-11T15:49:50.181+0000] {logging_mixin.py:188} INFO - [2024-03-11T15:49:50.181+0000] {dagbag.py:540} INFO - Filling up the DagBag from /home/airflow/dags/Lead_scoring_training_pipeline/constants.py
[2024-03-11T15:49:50.185+0000] {processor.py:842} WARNING - No viable dags retrieved from /home/airflow/dags/Lead_scoring_training_pipeline/constants.py
[2024-03-11T15:49:50.197+0000] {processor.py:183} INFO - Processing /home/airflow/dags/Lead_scoring_training_pipeline/constants.py took 0.020 seconds
[2024-03-11T15:50:24.975+0000] {processor.py:161} INFO - Started process (PID=1106) to work on /home/airflow/dags/Lead_scoring_training_pipeline/constants.py
[2024-03-11T15:50:24.977+0000] {processor.py:830} INFO - Processing file /home/airflow/dags/Lead_scoring_training_pipeline/constants.py for tasks to queue
[2024-03-11T15:50:24.978+0000] {logging_mixin.py:188} INFO - [2024-03-11T15:50:24.978+0000] {dagbag.py:540} INFO - Filling up the DagBag from /home/airflow/dags/Lead_scoring_training_pipeline/constants.py
[2024-03-11T15:50:24.981+0000] {processor.py:842} WARNING - No viable dags retrieved from /home/airflow/dags/Lead_scoring_training_pipeline/constants.py
[2024-03-11T15:50:24.992+0000] {processor.py:183} INFO - Processing /home/airflow/dags/Lead_scoring_training_pipeline/constants.py took 0.020 seconds
[2024-03-11T15:51:12.492+0000] {processor.py:161} INFO - Started process (PID=1152) to work on /home/airflow/dags/Lead_scoring_training_pipeline/constants.py
[2024-03-11T15:51:12.494+0000] {processor.py:830} INFO - Processing file /home/airflow/dags/Lead_scoring_training_pipeline/constants.py for tasks to queue
[2024-03-11T15:51:12.495+0000] {logging_mixin.py:188} INFO - [2024-03-11T15:51:12.495+0000] {dagbag.py:540} INFO - Filling up the DagBag from /home/airflow/dags/Lead_scoring_training_pipeline/constants.py
[2024-03-11T15:51:12.498+0000] {processor.py:842} WARNING - No viable dags retrieved from /home/airflow/dags/Lead_scoring_training_pipeline/constants.py
[2024-03-11T15:51:12.509+0000] {processor.py:183} INFO - Processing /home/airflow/dags/Lead_scoring_training_pipeline/constants.py took 0.020 seconds
[2024-03-11T15:51:58.249+0000] {processor.py:161} INFO - Started process (PID=1215) to work on /home/airflow/dags/Lead_scoring_training_pipeline/constants.py
[2024-03-11T15:51:58.251+0000] {processor.py:830} INFO - Processing file /home/airflow/dags/Lead_scoring_training_pipeline/constants.py for tasks to queue
[2024-03-11T15:51:58.252+0000] {logging_mixin.py:188} INFO - [2024-03-11T15:51:58.252+0000] {dagbag.py:540} INFO - Filling up the DagBag from /home/airflow/dags/Lead_scoring_training_pipeline/constants.py
[2024-03-11T15:51:58.255+0000] {processor.py:842} WARNING - No viable dags retrieved from /home/airflow/dags/Lead_scoring_training_pipeline/constants.py
[2024-03-11T15:51:58.266+0000] {processor.py:183} INFO - Processing /home/airflow/dags/Lead_scoring_training_pipeline/constants.py took 0.021 seconds
[2024-03-11T15:52:38.774+0000] {processor.py:161} INFO - Started process (PID=1256) to work on /home/airflow/dags/Lead_scoring_training_pipeline/constants.py
[2024-03-11T15:52:38.776+0000] {processor.py:830} INFO - Processing file /home/airflow/dags/Lead_scoring_training_pipeline/constants.py for tasks to queue
[2024-03-11T15:52:38.777+0000] {logging_mixin.py:188} INFO - [2024-03-11T15:52:38.777+0000] {dagbag.py:540} INFO - Filling up the DagBag from /home/airflow/dags/Lead_scoring_training_pipeline/constants.py
[2024-03-11T15:52:38.780+0000] {processor.py:842} WARNING - No viable dags retrieved from /home/airflow/dags/Lead_scoring_training_pipeline/constants.py
[2024-03-11T15:52:38.790+0000] {processor.py:183} INFO - Processing /home/airflow/dags/Lead_scoring_training_pipeline/constants.py took 0.020 seconds
[2024-03-11T15:53:26.267+0000] {processor.py:161} INFO - Started process (PID=1303) to work on /home/airflow/dags/Lead_scoring_training_pipeline/constants.py
[2024-03-11T15:53:26.269+0000] {processor.py:830} INFO - Processing file /home/airflow/dags/Lead_scoring_training_pipeline/constants.py for tasks to queue
[2024-03-11T15:53:26.270+0000] {logging_mixin.py:188} INFO - [2024-03-11T15:53:26.269+0000] {dagbag.py:540} INFO - Filling up the DagBag from /home/airflow/dags/Lead_scoring_training_pipeline/constants.py
[2024-03-11T15:53:26.272+0000] {processor.py:842} WARNING - No viable dags retrieved from /home/airflow/dags/Lead_scoring_training_pipeline/constants.py
[2024-03-11T15:53:26.284+0000] {processor.py:183} INFO - Processing /home/airflow/dags/Lead_scoring_training_pipeline/constants.py took 0.021 seconds
[2024-03-11T15:54:15.640+0000] {processor.py:161} INFO - Started process (PID=1371) to work on /home/airflow/dags/Lead_scoring_training_pipeline/constants.py
[2024-03-11T15:54:15.642+0000] {processor.py:830} INFO - Processing file /home/airflow/dags/Lead_scoring_training_pipeline/constants.py for tasks to queue
[2024-03-11T15:54:15.643+0000] {logging_mixin.py:188} INFO - [2024-03-11T15:54:15.643+0000] {dagbag.py:540} INFO - Filling up the DagBag from /home/airflow/dags/Lead_scoring_training_pipeline/constants.py
[2024-03-11T15:54:15.647+0000] {processor.py:842} WARNING - No viable dags retrieved from /home/airflow/dags/Lead_scoring_training_pipeline/constants.py
[2024-03-11T15:54:15.659+0000] {processor.py:183} INFO - Processing /home/airflow/dags/Lead_scoring_training_pipeline/constants.py took 0.022 seconds
[2024-03-11T15:55:24.340+0000] {processor.py:161} INFO - Started process (PID=1441) to work on /home/airflow/dags/Lead_scoring_training_pipeline/constants.py
[2024-03-11T15:55:24.342+0000] {processor.py:830} INFO - Processing file /home/airflow/dags/Lead_scoring_training_pipeline/constants.py for tasks to queue
[2024-03-11T15:55:24.342+0000] {logging_mixin.py:188} INFO - [2024-03-11T15:55:24.342+0000] {dagbag.py:540} INFO - Filling up the DagBag from /home/airflow/dags/Lead_scoring_training_pipeline/constants.py
[2024-03-11T15:55:24.344+0000] {processor.py:842} WARNING - No viable dags retrieved from /home/airflow/dags/Lead_scoring_training_pipeline/constants.py
[2024-03-11T15:55:24.352+0000] {processor.py:183} INFO - Processing /home/airflow/dags/Lead_scoring_training_pipeline/constants.py took 0.015 seconds
[2024-03-11T15:56:22.908+0000] {processor.py:161} INFO - Started process (PID=1493) to work on /home/airflow/dags/Lead_scoring_training_pipeline/constants.py
[2024-03-11T15:56:22.910+0000] {processor.py:830} INFO - Processing file /home/airflow/dags/Lead_scoring_training_pipeline/constants.py for tasks to queue
[2024-03-11T15:56:22.911+0000] {logging_mixin.py:188} INFO - [2024-03-11T15:56:22.911+0000] {dagbag.py:540} INFO - Filling up the DagBag from /home/airflow/dags/Lead_scoring_training_pipeline/constants.py
[2024-03-11T15:56:22.914+0000] {processor.py:842} WARNING - No viable dags retrieved from /home/airflow/dags/Lead_scoring_training_pipeline/constants.py
[2024-03-11T15:56:22.925+0000] {processor.py:183} INFO - Processing /home/airflow/dags/Lead_scoring_training_pipeline/constants.py took 0.020 seconds
[2024-03-11T15:57:18.838+0000] {processor.py:161} INFO - Started process (PID=1545) to work on /home/airflow/dags/Lead_scoring_training_pipeline/constants.py
[2024-03-11T15:57:18.839+0000] {processor.py:830} INFO - Processing file /home/airflow/dags/Lead_scoring_training_pipeline/constants.py for tasks to queue
[2024-03-11T15:57:18.840+0000] {logging_mixin.py:188} INFO - [2024-03-11T15:57:18.840+0000] {dagbag.py:540} INFO - Filling up the DagBag from /home/airflow/dags/Lead_scoring_training_pipeline/constants.py
[2024-03-11T15:57:18.843+0000] {processor.py:842} WARNING - No viable dags retrieved from /home/airflow/dags/Lead_scoring_training_pipeline/constants.py
[2024-03-11T15:57:18.854+0000] {processor.py:183} INFO - Processing /home/airflow/dags/Lead_scoring_training_pipeline/constants.py took 0.020 seconds
[2024-03-11T15:58:08.296+0000] {processor.py:161} INFO - Started process (PID=1592) to work on /home/airflow/dags/Lead_scoring_training_pipeline/constants.py
[2024-03-11T15:58:08.298+0000] {processor.py:830} INFO - Processing file /home/airflow/dags/Lead_scoring_training_pipeline/constants.py for tasks to queue
[2024-03-11T15:58:08.299+0000] {logging_mixin.py:188} INFO - [2024-03-11T15:58:08.299+0000] {dagbag.py:540} INFO - Filling up the DagBag from /home/airflow/dags/Lead_scoring_training_pipeline/constants.py
[2024-03-11T15:58:08.302+0000] {processor.py:842} WARNING - No viable dags retrieved from /home/airflow/dags/Lead_scoring_training_pipeline/constants.py
[2024-03-11T15:58:08.313+0000] {processor.py:183} INFO - Processing /home/airflow/dags/Lead_scoring_training_pipeline/constants.py took 0.020 seconds
[2024-03-11T16:09:18.448+0000] {processor.py:161} INFO - Started process (PID=468) to work on /home/airflow/dags/Lead_scoring_training_pipeline/constants.py
[2024-03-11T16:09:18.450+0000] {processor.py:830} INFO - Processing file /home/airflow/dags/Lead_scoring_training_pipeline/constants.py for tasks to queue
[2024-03-11T16:09:18.451+0000] {logging_mixin.py:188} INFO - [2024-03-11T16:09:18.450+0000] {dagbag.py:540} INFO - Filling up the DagBag from /home/airflow/dags/Lead_scoring_training_pipeline/constants.py
[2024-03-11T16:09:18.453+0000] {processor.py:842} WARNING - No viable dags retrieved from /home/airflow/dags/Lead_scoring_training_pipeline/constants.py
[2024-03-11T16:09:18.463+0000] {processor.py:183} INFO - Processing /home/airflow/dags/Lead_scoring_training_pipeline/constants.py took 0.019 seconds
[2024-03-11T16:10:28.964+0000] {processor.py:161} INFO - Started process (PID=539) to work on /home/airflow/dags/Lead_scoring_training_pipeline/constants.py
[2024-03-11T16:10:28.966+0000] {processor.py:830} INFO - Processing file /home/airflow/dags/Lead_scoring_training_pipeline/constants.py for tasks to queue
[2024-03-11T16:10:28.967+0000] {logging_mixin.py:188} INFO - [2024-03-11T16:10:28.966+0000] {dagbag.py:540} INFO - Filling up the DagBag from /home/airflow/dags/Lead_scoring_training_pipeline/constants.py
[2024-03-11T16:10:28.969+0000] {processor.py:842} WARNING - No viable dags retrieved from /home/airflow/dags/Lead_scoring_training_pipeline/constants.py
[2024-03-11T16:10:28.980+0000] {processor.py:183} INFO - Processing /home/airflow/dags/Lead_scoring_training_pipeline/constants.py took 0.020 seconds
[2024-03-11T16:11:54.087+0000] {processor.py:161} INFO - Started process (PID=628) to work on /home/airflow/dags/Lead_scoring_training_pipeline/constants.py
[2024-03-11T16:11:54.089+0000] {processor.py:830} INFO - Processing file /home/airflow/dags/Lead_scoring_training_pipeline/constants.py for tasks to queue
[2024-03-11T16:11:54.090+0000] {logging_mixin.py:188} INFO - [2024-03-11T16:11:54.089+0000] {dagbag.py:540} INFO - Filling up the DagBag from /home/airflow/dags/Lead_scoring_training_pipeline/constants.py
[2024-03-11T16:11:54.092+0000] {processor.py:842} WARNING - No viable dags retrieved from /home/airflow/dags/Lead_scoring_training_pipeline/constants.py
[2024-03-11T16:11:54.103+0000] {processor.py:183} INFO - Processing /home/airflow/dags/Lead_scoring_training_pipeline/constants.py took 0.019 seconds
[2024-03-11T16:12:46.668+0000] {processor.py:161} INFO - Started process (PID=681) to work on /home/airflow/dags/Lead_scoring_training_pipeline/constants.py
[2024-03-11T16:12:46.670+0000] {processor.py:830} INFO - Processing file /home/airflow/dags/Lead_scoring_training_pipeline/constants.py for tasks to queue
[2024-03-11T16:12:46.671+0000] {logging_mixin.py:188} INFO - [2024-03-11T16:12:46.670+0000] {dagbag.py:540} INFO - Filling up the DagBag from /home/airflow/dags/Lead_scoring_training_pipeline/constants.py
[2024-03-11T16:12:46.673+0000] {processor.py:842} WARNING - No viable dags retrieved from /home/airflow/dags/Lead_scoring_training_pipeline/constants.py
[2024-03-11T16:12:46.684+0000] {processor.py:183} INFO - Processing /home/airflow/dags/Lead_scoring_training_pipeline/constants.py took 0.019 seconds
[2024-03-11T16:14:00.603+0000] {processor.py:161} INFO - Started process (PID=768) to work on /home/airflow/dags/Lead_scoring_training_pipeline/constants.py
[2024-03-11T16:14:00.604+0000] {processor.py:830} INFO - Processing file /home/airflow/dags/Lead_scoring_training_pipeline/constants.py for tasks to queue
[2024-03-11T16:14:00.605+0000] {logging_mixin.py:188} INFO - [2024-03-11T16:14:00.605+0000] {dagbag.py:540} INFO - Filling up the DagBag from /home/airflow/dags/Lead_scoring_training_pipeline/constants.py
[2024-03-11T16:14:00.608+0000] {processor.py:842} WARNING - No viable dags retrieved from /home/airflow/dags/Lead_scoring_training_pipeline/constants.py
[2024-03-11T16:14:00.619+0000] {processor.py:183} INFO - Processing /home/airflow/dags/Lead_scoring_training_pipeline/constants.py took 0.019 seconds
[2024-03-11T16:15:09.664+0000] {processor.py:161} INFO - Started process (PID=839) to work on /home/airflow/dags/Lead_scoring_training_pipeline/constants.py
[2024-03-11T16:15:09.666+0000] {processor.py:830} INFO - Processing file /home/airflow/dags/Lead_scoring_training_pipeline/constants.py for tasks to queue
[2024-03-11T16:15:09.667+0000] {logging_mixin.py:188} INFO - [2024-03-11T16:15:09.667+0000] {dagbag.py:540} INFO - Filling up the DagBag from /home/airflow/dags/Lead_scoring_training_pipeline/constants.py
[2024-03-11T16:15:09.670+0000] {processor.py:842} WARNING - No viable dags retrieved from /home/airflow/dags/Lead_scoring_training_pipeline/constants.py
[2024-03-11T16:15:09.680+0000] {processor.py:183} INFO - Processing /home/airflow/dags/Lead_scoring_training_pipeline/constants.py took 0.019 seconds
[2024-03-11T16:16:20.252+0000] {processor.py:161} INFO - Started process (PID=909) to work on /home/airflow/dags/Lead_scoring_training_pipeline/constants.py
[2024-03-11T16:16:20.254+0000] {processor.py:830} INFO - Processing file /home/airflow/dags/Lead_scoring_training_pipeline/constants.py for tasks to queue
[2024-03-11T16:16:20.255+0000] {logging_mixin.py:188} INFO - [2024-03-11T16:16:20.255+0000] {dagbag.py:540} INFO - Filling up the DagBag from /home/airflow/dags/Lead_scoring_training_pipeline/constants.py
[2024-03-11T16:16:20.258+0000] {processor.py:842} WARNING - No viable dags retrieved from /home/airflow/dags/Lead_scoring_training_pipeline/constants.py
[2024-03-11T16:16:20.269+0000] {processor.py:183} INFO - Processing /home/airflow/dags/Lead_scoring_training_pipeline/constants.py took 0.021 seconds
[2024-03-11T16:17:31.386+0000] {processor.py:161} INFO - Started process (PID=980) to work on /home/airflow/dags/Lead_scoring_training_pipeline/constants.py
[2024-03-11T16:17:31.388+0000] {processor.py:830} INFO - Processing file /home/airflow/dags/Lead_scoring_training_pipeline/constants.py for tasks to queue
[2024-03-11T16:17:31.389+0000] {logging_mixin.py:188} INFO - [2024-03-11T16:17:31.389+0000] {dagbag.py:540} INFO - Filling up the DagBag from /home/airflow/dags/Lead_scoring_training_pipeline/constants.py
[2024-03-11T16:17:31.392+0000] {processor.py:842} WARNING - No viable dags retrieved from /home/airflow/dags/Lead_scoring_training_pipeline/constants.py
[2024-03-11T16:17:31.402+0000] {processor.py:183} INFO - Processing /home/airflow/dags/Lead_scoring_training_pipeline/constants.py took 0.019 seconds
[2024-03-11T16:18:44.959+0000] {processor.py:161} INFO - Started process (PID=1051) to work on /home/airflow/dags/Lead_scoring_training_pipeline/constants.py
[2024-03-11T16:18:44.961+0000] {processor.py:830} INFO - Processing file /home/airflow/dags/Lead_scoring_training_pipeline/constants.py for tasks to queue
[2024-03-11T16:18:44.962+0000] {logging_mixin.py:188} INFO - [2024-03-11T16:18:44.961+0000] {dagbag.py:540} INFO - Filling up the DagBag from /home/airflow/dags/Lead_scoring_training_pipeline/constants.py
[2024-03-11T16:18:44.964+0000] {processor.py:842} WARNING - No viable dags retrieved from /home/airflow/dags/Lead_scoring_training_pipeline/constants.py
[2024-03-11T16:18:44.975+0000] {processor.py:183} INFO - Processing /home/airflow/dags/Lead_scoring_training_pipeline/constants.py took 0.019 seconds
[2024-03-11T16:19:51.587+0000] {processor.py:161} INFO - Started process (PID=1121) to work on /home/airflow/dags/Lead_scoring_training_pipeline/constants.py
[2024-03-11T16:19:51.590+0000] {processor.py:830} INFO - Processing file /home/airflow/dags/Lead_scoring_training_pipeline/constants.py for tasks to queue
[2024-03-11T16:19:51.591+0000] {logging_mixin.py:188} INFO - [2024-03-11T16:19:51.590+0000] {dagbag.py:540} INFO - Filling up the DagBag from /home/airflow/dags/Lead_scoring_training_pipeline/constants.py
[2024-03-11T16:19:51.593+0000] {processor.py:842} WARNING - No viable dags retrieved from /home/airflow/dags/Lead_scoring_training_pipeline/constants.py
[2024-03-11T16:19:51.604+0000] {processor.py:183} INFO - Processing /home/airflow/dags/Lead_scoring_training_pipeline/constants.py took 0.020 seconds
[2024-03-11T16:21:03.954+0000] {processor.py:161} INFO - Started process (PID=1234) to work on /home/airflow/dags/Lead_scoring_training_pipeline/constants.py
[2024-03-11T16:21:03.955+0000] {processor.py:830} INFO - Processing file /home/airflow/dags/Lead_scoring_training_pipeline/constants.py for tasks to queue
[2024-03-11T16:21:03.957+0000] {logging_mixin.py:188} INFO - [2024-03-11T16:21:03.957+0000] {dagbag.py:540} INFO - Filling up the DagBag from /home/airflow/dags/Lead_scoring_training_pipeline/constants.py
[2024-03-11T16:21:03.960+0000] {processor.py:842} WARNING - No viable dags retrieved from /home/airflow/dags/Lead_scoring_training_pipeline/constants.py
[2024-03-11T16:21:03.971+0000] {processor.py:183} INFO - Processing /home/airflow/dags/Lead_scoring_training_pipeline/constants.py took 0.021 seconds
[2024-03-11T16:22:17.849+0000] {processor.py:161} INFO - Started process (PID=1331) to work on /home/airflow/dags/Lead_scoring_training_pipeline/constants.py
[2024-03-11T16:22:17.851+0000] {processor.py:830} INFO - Processing file /home/airflow/dags/Lead_scoring_training_pipeline/constants.py for tasks to queue
[2024-03-11T16:22:17.851+0000] {logging_mixin.py:188} INFO - [2024-03-11T16:22:17.851+0000] {dagbag.py:540} INFO - Filling up the DagBag from /home/airflow/dags/Lead_scoring_training_pipeline/constants.py
[2024-03-11T16:22:17.853+0000] {processor.py:842} WARNING - No viable dags retrieved from /home/airflow/dags/Lead_scoring_training_pipeline/constants.py
[2024-03-11T16:22:17.861+0000] {processor.py:183} INFO - Processing /home/airflow/dags/Lead_scoring_training_pipeline/constants.py took 0.015 seconds
[2024-03-11T16:23:42.694+0000] {processor.py:161} INFO - Started process (PID=1438) to work on /home/airflow/dags/Lead_scoring_training_pipeline/constants.py
[2024-03-11T16:23:42.697+0000] {processor.py:830} INFO - Processing file /home/airflow/dags/Lead_scoring_training_pipeline/constants.py for tasks to queue
[2024-03-11T16:23:42.698+0000] {logging_mixin.py:188} INFO - [2024-03-11T16:23:42.697+0000] {dagbag.py:540} INFO - Filling up the DagBag from /home/airflow/dags/Lead_scoring_training_pipeline/constants.py
[2024-03-11T16:23:42.700+0000] {processor.py:842} WARNING - No viable dags retrieved from /home/airflow/dags/Lead_scoring_training_pipeline/constants.py
[2024-03-11T16:23:42.711+0000] {processor.py:183} INFO - Processing /home/airflow/dags/Lead_scoring_training_pipeline/constants.py took 0.020 seconds
[2024-03-11T16:24:36.135+0000] {processor.py:161} INFO - Started process (PID=1490) to work on /home/airflow/dags/Lead_scoring_training_pipeline/constants.py
[2024-03-11T16:24:36.137+0000] {processor.py:830} INFO - Processing file /home/airflow/dags/Lead_scoring_training_pipeline/constants.py for tasks to queue
[2024-03-11T16:24:36.138+0000] {logging_mixin.py:188} INFO - [2024-03-11T16:24:36.137+0000] {dagbag.py:540} INFO - Filling up the DagBag from /home/airflow/dags/Lead_scoring_training_pipeline/constants.py
[2024-03-11T16:24:36.140+0000] {processor.py:842} WARNING - No viable dags retrieved from /home/airflow/dags/Lead_scoring_training_pipeline/constants.py
[2024-03-11T16:24:36.150+0000] {processor.py:183} INFO - Processing /home/airflow/dags/Lead_scoring_training_pipeline/constants.py took 0.019 seconds
[2024-03-11T16:25:38.596+0000] {processor.py:161} INFO - Started process (PID=1555) to work on /home/airflow/dags/Lead_scoring_training_pipeline/constants.py
[2024-03-11T16:25:38.598+0000] {processor.py:830} INFO - Processing file /home/airflow/dags/Lead_scoring_training_pipeline/constants.py for tasks to queue
[2024-03-11T16:25:38.599+0000] {logging_mixin.py:188} INFO - [2024-03-11T16:25:38.599+0000] {dagbag.py:540} INFO - Filling up the DagBag from /home/airflow/dags/Lead_scoring_training_pipeline/constants.py
[2024-03-11T16:25:38.602+0000] {processor.py:842} WARNING - No viable dags retrieved from /home/airflow/dags/Lead_scoring_training_pipeline/constants.py
[2024-03-11T16:25:38.614+0000] {processor.py:183} INFO - Processing /home/airflow/dags/Lead_scoring_training_pipeline/constants.py took 0.020 seconds
[2024-03-11T16:28:10.852+0000] {processor.py:161} INFO - Started process (PID=1647) to work on /home/airflow/dags/Lead_scoring_training_pipeline/constants.py
[2024-03-11T16:28:10.858+0000] {processor.py:830} INFO - Processing file /home/airflow/dags/Lead_scoring_training_pipeline/constants.py for tasks to queue
[2024-03-11T16:28:10.859+0000] {logging_mixin.py:188} INFO - [2024-03-11T16:28:10.859+0000] {dagbag.py:540} INFO - Filling up the DagBag from /home/airflow/dags/Lead_scoring_training_pipeline/constants.py
[2024-03-11T16:28:10.862+0000] {processor.py:842} WARNING - No viable dags retrieved from /home/airflow/dags/Lead_scoring_training_pipeline/constants.py
[2024-03-11T16:28:10.877+0000] {processor.py:183} INFO - Processing /home/airflow/dags/Lead_scoring_training_pipeline/constants.py took 0.029 seconds
[2024-03-11T16:29:07.718+0000] {processor.py:161} INFO - Started process (PID=1706) to work on /home/airflow/dags/Lead_scoring_training_pipeline/constants.py
[2024-03-11T16:29:07.720+0000] {processor.py:830} INFO - Processing file /home/airflow/dags/Lead_scoring_training_pipeline/constants.py for tasks to queue
[2024-03-11T16:29:07.721+0000] {logging_mixin.py:188} INFO - [2024-03-11T16:29:07.721+0000] {dagbag.py:540} INFO - Filling up the DagBag from /home/airflow/dags/Lead_scoring_training_pipeline/constants.py
[2024-03-11T16:29:07.724+0000] {processor.py:842} WARNING - No viable dags retrieved from /home/airflow/dags/Lead_scoring_training_pipeline/constants.py
[2024-03-11T16:29:07.735+0000] {processor.py:183} INFO - Processing /home/airflow/dags/Lead_scoring_training_pipeline/constants.py took 0.021 seconds
[2024-03-11T16:30:07.623+0000] {processor.py:161} INFO - Started process (PID=1772) to work on /home/airflow/dags/Lead_scoring_training_pipeline/constants.py
[2024-03-11T16:30:07.628+0000] {processor.py:830} INFO - Processing file /home/airflow/dags/Lead_scoring_training_pipeline/constants.py for tasks to queue
[2024-03-11T16:30:07.630+0000] {logging_mixin.py:188} INFO - [2024-03-11T16:30:07.629+0000] {dagbag.py:540} INFO - Filling up the DagBag from /home/airflow/dags/Lead_scoring_training_pipeline/constants.py
[2024-03-11T16:30:07.633+0000] {processor.py:842} WARNING - No viable dags retrieved from /home/airflow/dags/Lead_scoring_training_pipeline/constants.py
[2024-03-11T16:30:07.649+0000] {processor.py:183} INFO - Processing /home/airflow/dags/Lead_scoring_training_pipeline/constants.py took 0.031 seconds
[2024-03-11T16:31:00.504+0000] {processor.py:161} INFO - Started process (PID=1830) to work on /home/airflow/dags/Lead_scoring_training_pipeline/constants.py
[2024-03-11T16:31:00.506+0000] {processor.py:830} INFO - Processing file /home/airflow/dags/Lead_scoring_training_pipeline/constants.py for tasks to queue
[2024-03-11T16:31:00.508+0000] {logging_mixin.py:188} INFO - [2024-03-11T16:31:00.507+0000] {dagbag.py:540} INFO - Filling up the DagBag from /home/airflow/dags/Lead_scoring_training_pipeline/constants.py
[2024-03-11T16:31:00.511+0000] {processor.py:842} WARNING - No viable dags retrieved from /home/airflow/dags/Lead_scoring_training_pipeline/constants.py
[2024-03-11T16:31:00.522+0000] {processor.py:183} INFO - Processing /home/airflow/dags/Lead_scoring_training_pipeline/constants.py took 0.022 seconds
[2024-03-11T16:33:43.487+0000] {processor.py:161} INFO - Started process (PID=1926) to work on /home/airflow/dags/Lead_scoring_training_pipeline/constants.py
[2024-03-11T16:33:43.490+0000] {processor.py:830} INFO - Processing file /home/airflow/dags/Lead_scoring_training_pipeline/constants.py for tasks to queue
[2024-03-11T16:33:43.491+0000] {logging_mixin.py:188} INFO - [2024-03-11T16:33:43.491+0000] {dagbag.py:540} INFO - Filling up the DagBag from /home/airflow/dags/Lead_scoring_training_pipeline/constants.py
[2024-03-11T16:33:43.494+0000] {processor.py:842} WARNING - No viable dags retrieved from /home/airflow/dags/Lead_scoring_training_pipeline/constants.py
[2024-03-11T16:33:43.505+0000] {processor.py:183} INFO - Processing /home/airflow/dags/Lead_scoring_training_pipeline/constants.py took 0.022 seconds
[2024-03-11T16:36:31.418+0000] {processor.py:161} INFO - Started process (PID=2019) to work on /home/airflow/dags/Lead_scoring_training_pipeline/constants.py
[2024-03-11T16:36:31.420+0000] {processor.py:830} INFO - Processing file /home/airflow/dags/Lead_scoring_training_pipeline/constants.py for tasks to queue
[2024-03-11T16:36:31.425+0000] {logging_mixin.py:188} INFO - [2024-03-11T16:36:31.424+0000] {dagbag.py:540} INFO - Filling up the DagBag from /home/airflow/dags/Lead_scoring_training_pipeline/constants.py
[2024-03-11T16:36:31.428+0000] {processor.py:842} WARNING - No viable dags retrieved from /home/airflow/dags/Lead_scoring_training_pipeline/constants.py
[2024-03-11T16:36:31.443+0000] {processor.py:183} INFO - Processing /home/airflow/dags/Lead_scoring_training_pipeline/constants.py took 0.028 seconds
[2024-03-11T16:41:41.822+0000] {processor.py:161} INFO - Started process (PID=469) to work on /home/airflow/dags/Lead_scoring_training_pipeline/constants.py
[2024-03-11T16:41:41.824+0000] {processor.py:830} INFO - Processing file /home/airflow/dags/Lead_scoring_training_pipeline/constants.py for tasks to queue
[2024-03-11T16:41:41.825+0000] {logging_mixin.py:188} INFO - [2024-03-11T16:41:41.824+0000] {dagbag.py:540} INFO - Filling up the DagBag from /home/airflow/dags/Lead_scoring_training_pipeline/constants.py
[2024-03-11T16:41:41.827+0000] {processor.py:842} WARNING - No viable dags retrieved from /home/airflow/dags/Lead_scoring_training_pipeline/constants.py
[2024-03-11T16:41:41.838+0000] {processor.py:183} INFO - Processing /home/airflow/dags/Lead_scoring_training_pipeline/constants.py took 0.019 seconds
[2024-03-11T16:48:24.390+0000] {processor.py:161} INFO - Started process (PID=842) to work on /home/airflow/dags/Lead_scoring_training_pipeline/constants.py
[2024-03-11T16:48:24.391+0000] {processor.py:830} INFO - Processing file /home/airflow/dags/Lead_scoring_training_pipeline/constants.py for tasks to queue
[2024-03-11T16:48:24.392+0000] {logging_mixin.py:188} INFO - [2024-03-11T16:48:24.392+0000] {dagbag.py:540} INFO - Filling up the DagBag from /home/airflow/dags/Lead_scoring_training_pipeline/constants.py
[2024-03-11T16:48:24.395+0000] {processor.py:842} WARNING - No viable dags retrieved from /home/airflow/dags/Lead_scoring_training_pipeline/constants.py
[2024-03-11T16:48:24.406+0000] {processor.py:183} INFO - Processing /home/airflow/dags/Lead_scoring_training_pipeline/constants.py took 0.019 seconds
[2024-03-11T16:49:17.967+0000] {processor.py:161} INFO - Started process (PID=953) to work on /home/airflow/dags/Lead_scoring_training_pipeline/constants.py
[2024-03-11T16:49:17.968+0000] {processor.py:830} INFO - Processing file /home/airflow/dags/Lead_scoring_training_pipeline/constants.py for tasks to queue
[2024-03-11T16:49:17.969+0000] {logging_mixin.py:188} INFO - [2024-03-11T16:49:17.969+0000] {dagbag.py:540} INFO - Filling up the DagBag from /home/airflow/dags/Lead_scoring_training_pipeline/constants.py
[2024-03-11T16:49:17.972+0000] {processor.py:842} WARNING - No viable dags retrieved from /home/airflow/dags/Lead_scoring_training_pipeline/constants.py
[2024-03-11T16:49:17.982+0000] {processor.py:183} INFO - Processing /home/airflow/dags/Lead_scoring_training_pipeline/constants.py took 0.019 seconds
[2024-03-11T16:50:32.503+0000] {processor.py:161} INFO - Started process (PID=1067) to work on /home/airflow/dags/Lead_scoring_training_pipeline/constants.py
[2024-03-11T16:50:32.505+0000] {processor.py:830} INFO - Processing file /home/airflow/dags/Lead_scoring_training_pipeline/constants.py for tasks to queue
[2024-03-11T16:50:32.506+0000] {logging_mixin.py:188} INFO - [2024-03-11T16:50:32.505+0000] {dagbag.py:540} INFO - Filling up the DagBag from /home/airflow/dags/Lead_scoring_training_pipeline/constants.py
[2024-03-11T16:50:32.508+0000] {processor.py:842} WARNING - No viable dags retrieved from /home/airflow/dags/Lead_scoring_training_pipeline/constants.py
[2024-03-11T16:50:32.519+0000] {processor.py:183} INFO - Processing /home/airflow/dags/Lead_scoring_training_pipeline/constants.py took 0.019 seconds
[2024-03-11T16:51:30.506+0000] {processor.py:161} INFO - Started process (PID=1145) to work on /home/airflow/dags/Lead_scoring_training_pipeline/constants.py
[2024-03-11T16:51:30.508+0000] {processor.py:830} INFO - Processing file /home/airflow/dags/Lead_scoring_training_pipeline/constants.py for tasks to queue
[2024-03-11T16:51:30.509+0000] {logging_mixin.py:188} INFO - [2024-03-11T16:51:30.508+0000] {dagbag.py:540} INFO - Filling up the DagBag from /home/airflow/dags/Lead_scoring_training_pipeline/constants.py
[2024-03-11T16:51:30.511+0000] {processor.py:842} WARNING - No viable dags retrieved from /home/airflow/dags/Lead_scoring_training_pipeline/constants.py
[2024-03-11T16:51:30.521+0000] {processor.py:183} INFO - Processing /home/airflow/dags/Lead_scoring_training_pipeline/constants.py took 0.019 seconds
[2024-03-11T16:52:27.651+0000] {processor.py:161} INFO - Started process (PID=1223) to work on /home/airflow/dags/Lead_scoring_training_pipeline/constants.py
[2024-03-11T16:52:27.652+0000] {processor.py:830} INFO - Processing file /home/airflow/dags/Lead_scoring_training_pipeline/constants.py for tasks to queue
[2024-03-11T16:52:27.653+0000] {logging_mixin.py:188} INFO - [2024-03-11T16:52:27.653+0000] {dagbag.py:540} INFO - Filling up the DagBag from /home/airflow/dags/Lead_scoring_training_pipeline/constants.py
[2024-03-11T16:52:27.656+0000] {processor.py:842} WARNING - No viable dags retrieved from /home/airflow/dags/Lead_scoring_training_pipeline/constants.py
[2024-03-11T16:52:27.666+0000] {processor.py:183} INFO - Processing /home/airflow/dags/Lead_scoring_training_pipeline/constants.py took 0.019 seconds
[2024-03-11T16:53:20.434+0000] {processor.py:161} INFO - Started process (PID=1291) to work on /home/airflow/dags/Lead_scoring_training_pipeline/constants.py
[2024-03-11T16:53:20.436+0000] {processor.py:830} INFO - Processing file /home/airflow/dags/Lead_scoring_training_pipeline/constants.py for tasks to queue
[2024-03-11T16:53:20.437+0000] {logging_mixin.py:188} INFO - [2024-03-11T16:53:20.436+0000] {dagbag.py:540} INFO - Filling up the DagBag from /home/airflow/dags/Lead_scoring_training_pipeline/constants.py
[2024-03-11T16:53:20.439+0000] {processor.py:842} WARNING - No viable dags retrieved from /home/airflow/dags/Lead_scoring_training_pipeline/constants.py
[2024-03-11T16:53:20.450+0000] {processor.py:183} INFO - Processing /home/airflow/dags/Lead_scoring_training_pipeline/constants.py took 0.019 seconds
[2024-03-11T16:54:15.108+0000] {processor.py:161} INFO - Started process (PID=1356) to work on /home/airflow/dags/Lead_scoring_training_pipeline/constants.py
[2024-03-11T16:54:15.109+0000] {processor.py:830} INFO - Processing file /home/airflow/dags/Lead_scoring_training_pipeline/constants.py for tasks to queue
[2024-03-11T16:54:15.110+0000] {logging_mixin.py:188} INFO - [2024-03-11T16:54:15.110+0000] {dagbag.py:540} INFO - Filling up the DagBag from /home/airflow/dags/Lead_scoring_training_pipeline/constants.py
[2024-03-11T16:54:15.114+0000] {processor.py:842} WARNING - No viable dags retrieved from /home/airflow/dags/Lead_scoring_training_pipeline/constants.py
[2024-03-11T16:54:15.124+0000] {processor.py:183} INFO - Processing /home/airflow/dags/Lead_scoring_training_pipeline/constants.py took 0.019 seconds
[2024-03-11T16:55:09.581+0000] {processor.py:161} INFO - Started process (PID=1432) to work on /home/airflow/dags/Lead_scoring_training_pipeline/constants.py
[2024-03-11T16:55:09.583+0000] {processor.py:830} INFO - Processing file /home/airflow/dags/Lead_scoring_training_pipeline/constants.py for tasks to queue
[2024-03-11T16:55:09.584+0000] {logging_mixin.py:188} INFO - [2024-03-11T16:55:09.584+0000] {dagbag.py:540} INFO - Filling up the DagBag from /home/airflow/dags/Lead_scoring_training_pipeline/constants.py
[2024-03-11T16:55:09.587+0000] {processor.py:842} WARNING - No viable dags retrieved from /home/airflow/dags/Lead_scoring_training_pipeline/constants.py
[2024-03-11T16:55:09.596+0000] {processor.py:183} INFO - Processing /home/airflow/dags/Lead_scoring_training_pipeline/constants.py took 0.018 seconds
[2024-03-11T16:56:01.635+0000] {processor.py:161} INFO - Started process (PID=1501) to work on /home/airflow/dags/Lead_scoring_training_pipeline/constants.py
[2024-03-11T16:56:01.637+0000] {processor.py:830} INFO - Processing file /home/airflow/dags/Lead_scoring_training_pipeline/constants.py for tasks to queue
[2024-03-11T16:56:01.638+0000] {logging_mixin.py:188} INFO - [2024-03-11T16:56:01.637+0000] {dagbag.py:540} INFO - Filling up the DagBag from /home/airflow/dags/Lead_scoring_training_pipeline/constants.py
[2024-03-11T16:56:01.640+0000] {processor.py:842} WARNING - No viable dags retrieved from /home/airflow/dags/Lead_scoring_training_pipeline/constants.py
[2024-03-11T16:56:01.650+0000] {processor.py:183} INFO - Processing /home/airflow/dags/Lead_scoring_training_pipeline/constants.py took 0.019 seconds
[2024-03-11T16:56:54.438+0000] {processor.py:161} INFO - Started process (PID=1586) to work on /home/airflow/dags/Lead_scoring_training_pipeline/constants.py
[2024-03-11T16:56:54.440+0000] {processor.py:830} INFO - Processing file /home/airflow/dags/Lead_scoring_training_pipeline/constants.py for tasks to queue
[2024-03-11T16:56:54.441+0000] {logging_mixin.py:188} INFO - [2024-03-11T16:56:54.440+0000] {dagbag.py:540} INFO - Filling up the DagBag from /home/airflow/dags/Lead_scoring_training_pipeline/constants.py
[2024-03-11T16:56:54.443+0000] {processor.py:842} WARNING - No viable dags retrieved from /home/airflow/dags/Lead_scoring_training_pipeline/constants.py
[2024-03-11T16:56:54.453+0000] {processor.py:183} INFO - Processing /home/airflow/dags/Lead_scoring_training_pipeline/constants.py took 0.019 seconds
[2024-03-11T16:57:47.647+0000] {processor.py:161} INFO - Started process (PID=1758) to work on /home/airflow/dags/Lead_scoring_training_pipeline/constants.py
[2024-03-11T16:57:47.648+0000] {processor.py:830} INFO - Processing file /home/airflow/dags/Lead_scoring_training_pipeline/constants.py for tasks to queue
[2024-03-11T16:57:47.649+0000] {logging_mixin.py:188} INFO - [2024-03-11T16:57:47.649+0000] {dagbag.py:540} INFO - Filling up the DagBag from /home/airflow/dags/Lead_scoring_training_pipeline/constants.py
[2024-03-11T16:57:47.652+0000] {processor.py:842} WARNING - No viable dags retrieved from /home/airflow/dags/Lead_scoring_training_pipeline/constants.py
[2024-03-11T16:57:47.662+0000] {processor.py:183} INFO - Processing /home/airflow/dags/Lead_scoring_training_pipeline/constants.py took 0.019 seconds
[2024-03-11T16:59:41.073+0000] {processor.py:161} INFO - Started process (PID=1824) to work on /home/airflow/dags/Lead_scoring_training_pipeline/constants.py
[2024-03-11T16:59:41.075+0000] {processor.py:830} INFO - Processing file /home/airflow/dags/Lead_scoring_training_pipeline/constants.py for tasks to queue
[2024-03-11T16:59:41.076+0000] {logging_mixin.py:188} INFO - [2024-03-11T16:59:41.076+0000] {dagbag.py:540} INFO - Filling up the DagBag from /home/airflow/dags/Lead_scoring_training_pipeline/constants.py
[2024-03-11T16:59:41.080+0000] {processor.py:842} WARNING - No viable dags retrieved from /home/airflow/dags/Lead_scoring_training_pipeline/constants.py
[2024-03-11T16:59:41.090+0000] {processor.py:183} INFO - Processing /home/airflow/dags/Lead_scoring_training_pipeline/constants.py took 0.019 seconds
[2024-03-11T17:01:54.791+0000] {processor.py:161} INFO - Started process (PID=1857) to work on /home/airflow/dags/Lead_scoring_training_pipeline/constants.py
[2024-03-11T17:01:54.794+0000] {processor.py:830} INFO - Processing file /home/airflow/dags/Lead_scoring_training_pipeline/constants.py for tasks to queue
[2024-03-11T17:01:54.795+0000] {logging_mixin.py:188} INFO - [2024-03-11T17:01:54.794+0000] {dagbag.py:540} INFO - Filling up the DagBag from /home/airflow/dags/Lead_scoring_training_pipeline/constants.py
[2024-03-11T17:01:54.797+0000] {processor.py:842} WARNING - No viable dags retrieved from /home/airflow/dags/Lead_scoring_training_pipeline/constants.py
[2024-03-11T17:01:54.807+0000] {processor.py:183} INFO - Processing /home/airflow/dags/Lead_scoring_training_pipeline/constants.py took 0.019 seconds
[2024-03-11T17:04:23.758+0000] {processor.py:161} INFO - Started process (PID=1932) to work on /home/airflow/dags/Lead_scoring_training_pipeline/constants.py
[2024-03-11T17:04:23.760+0000] {processor.py:830} INFO - Processing file /home/airflow/dags/Lead_scoring_training_pipeline/constants.py for tasks to queue
[2024-03-11T17:04:23.761+0000] {logging_mixin.py:188} INFO - [2024-03-11T17:04:23.760+0000] {dagbag.py:540} INFO - Filling up the DagBag from /home/airflow/dags/Lead_scoring_training_pipeline/constants.py
[2024-03-11T17:04:23.763+0000] {processor.py:842} WARNING - No viable dags retrieved from /home/airflow/dags/Lead_scoring_training_pipeline/constants.py
[2024-03-11T17:04:23.773+0000] {processor.py:183} INFO - Processing /home/airflow/dags/Lead_scoring_training_pipeline/constants.py took 0.018 seconds
[2024-03-11T17:05:47.551+0000] {processor.py:161} INFO - Started process (PID=1958) to work on /home/airflow/dags/Lead_scoring_training_pipeline/constants.py
[2024-03-11T17:05:47.553+0000] {processor.py:830} INFO - Processing file /home/airflow/dags/Lead_scoring_training_pipeline/constants.py for tasks to queue
[2024-03-11T17:05:47.554+0000] {logging_mixin.py:188} INFO - [2024-03-11T17:05:47.554+0000] {dagbag.py:540} INFO - Filling up the DagBag from /home/airflow/dags/Lead_scoring_training_pipeline/constants.py
[2024-03-11T17:05:47.557+0000] {processor.py:842} WARNING - No viable dags retrieved from /home/airflow/dags/Lead_scoring_training_pipeline/constants.py
[2024-03-11T17:05:47.566+0000] {processor.py:183} INFO - Processing /home/airflow/dags/Lead_scoring_training_pipeline/constants.py took 0.018 seconds
[2024-03-11T17:06:43.485+0000] {processor.py:161} INFO - Started process (PID=2027) to work on /home/airflow/dags/Lead_scoring_training_pipeline/constants.py
[2024-03-11T17:06:43.487+0000] {processor.py:830} INFO - Processing file /home/airflow/dags/Lead_scoring_training_pipeline/constants.py for tasks to queue
[2024-03-11T17:06:43.488+0000] {logging_mixin.py:188} INFO - [2024-03-11T17:06:43.488+0000] {dagbag.py:540} INFO - Filling up the DagBag from /home/airflow/dags/Lead_scoring_training_pipeline/constants.py
[2024-03-11T17:06:43.491+0000] {processor.py:842} WARNING - No viable dags retrieved from /home/airflow/dags/Lead_scoring_training_pipeline/constants.py
[2024-03-11T17:06:43.501+0000] {processor.py:183} INFO - Processing /home/airflow/dags/Lead_scoring_training_pipeline/constants.py took 0.019 seconds
[2024-03-11T17:08:12.286+0000] {processor.py:161} INFO - Started process (PID=2180) to work on /home/airflow/dags/Lead_scoring_training_pipeline/constants.py
[2024-03-11T17:08:12.288+0000] {processor.py:830} INFO - Processing file /home/airflow/dags/Lead_scoring_training_pipeline/constants.py for tasks to queue
[2024-03-11T17:08:12.289+0000] {logging_mixin.py:188} INFO - [2024-03-11T17:08:12.289+0000] {dagbag.py:540} INFO - Filling up the DagBag from /home/airflow/dags/Lead_scoring_training_pipeline/constants.py
[2024-03-11T17:08:12.291+0000] {processor.py:842} WARNING - No viable dags retrieved from /home/airflow/dags/Lead_scoring_training_pipeline/constants.py
[2024-03-11T17:08:12.301+0000] {processor.py:183} INFO - Processing /home/airflow/dags/Lead_scoring_training_pipeline/constants.py took 0.018 seconds
[2024-03-11T17:09:11.214+0000] {processor.py:161} INFO - Started process (PID=2355) to work on /home/airflow/dags/Lead_scoring_training_pipeline/constants.py
[2024-03-11T17:09:11.215+0000] {processor.py:830} INFO - Processing file /home/airflow/dags/Lead_scoring_training_pipeline/constants.py for tasks to queue
[2024-03-11T17:09:11.216+0000] {logging_mixin.py:188} INFO - [2024-03-11T17:09:11.216+0000] {dagbag.py:540} INFO - Filling up the DagBag from /home/airflow/dags/Lead_scoring_training_pipeline/constants.py
[2024-03-11T17:09:11.218+0000] {processor.py:842} WARNING - No viable dags retrieved from /home/airflow/dags/Lead_scoring_training_pipeline/constants.py
[2024-03-11T17:09:11.229+0000] {processor.py:183} INFO - Processing /home/airflow/dags/Lead_scoring_training_pipeline/constants.py took 0.018 seconds
[2024-03-11T17:10:06.292+0000] {processor.py:161} INFO - Started process (PID=2426) to work on /home/airflow/dags/Lead_scoring_training_pipeline/constants.py
[2024-03-11T17:10:06.294+0000] {processor.py:830} INFO - Processing file /home/airflow/dags/Lead_scoring_training_pipeline/constants.py for tasks to queue
[2024-03-11T17:10:06.294+0000] {logging_mixin.py:188} INFO - [2024-03-11T17:10:06.294+0000] {dagbag.py:540} INFO - Filling up the DagBag from /home/airflow/dags/Lead_scoring_training_pipeline/constants.py
[2024-03-11T17:10:06.297+0000] {processor.py:842} WARNING - No viable dags retrieved from /home/airflow/dags/Lead_scoring_training_pipeline/constants.py
[2024-03-11T17:10:06.307+0000] {processor.py:183} INFO - Processing /home/airflow/dags/Lead_scoring_training_pipeline/constants.py took 0.018 seconds
[2024-03-11T17:11:00.678+0000] {processor.py:161} INFO - Started process (PID=2491) to work on /home/airflow/dags/Lead_scoring_training_pipeline/constants.py
[2024-03-11T17:11:00.680+0000] {processor.py:830} INFO - Processing file /home/airflow/dags/Lead_scoring_training_pipeline/constants.py for tasks to queue
[2024-03-11T17:11:00.681+0000] {logging_mixin.py:188} INFO - [2024-03-11T17:11:00.681+0000] {dagbag.py:540} INFO - Filling up the DagBag from /home/airflow/dags/Lead_scoring_training_pipeline/constants.py
[2024-03-11T17:11:00.684+0000] {processor.py:842} WARNING - No viable dags retrieved from /home/airflow/dags/Lead_scoring_training_pipeline/constants.py
[2024-03-11T17:11:00.694+0000] {processor.py:183} INFO - Processing /home/airflow/dags/Lead_scoring_training_pipeline/constants.py took 0.019 seconds
[2024-03-11T17:11:28.819+0000] {processor.py:161} INFO - Started process (PID=2541) to work on /home/airflow/dags/Lead_scoring_training_pipeline/constants.py
[2024-03-11T17:11:28.821+0000] {processor.py:830} INFO - Processing file /home/airflow/dags/Lead_scoring_training_pipeline/constants.py for tasks to queue
[2024-03-11T17:11:28.822+0000] {logging_mixin.py:188} INFO - [2024-03-11T17:11:28.821+0000] {dagbag.py:540} INFO - Filling up the DagBag from /home/airflow/dags/Lead_scoring_training_pipeline/constants.py
[2024-03-11T17:11:28.824+0000] {processor.py:842} WARNING - No viable dags retrieved from /home/airflow/dags/Lead_scoring_training_pipeline/constants.py
[2024-03-11T17:11:28.834+0000] {processor.py:183} INFO - Processing /home/airflow/dags/Lead_scoring_training_pipeline/constants.py took 0.018 seconds
[2024-03-11T17:12:28.761+0000] {processor.py:161} INFO - Started process (PID=2619) to work on /home/airflow/dags/Lead_scoring_training_pipeline/constants.py
[2024-03-11T17:12:28.764+0000] {processor.py:830} INFO - Processing file /home/airflow/dags/Lead_scoring_training_pipeline/constants.py for tasks to queue
[2024-03-11T17:12:28.765+0000] {logging_mixin.py:188} INFO - [2024-03-11T17:12:28.764+0000] {dagbag.py:540} INFO - Filling up the DagBag from /home/airflow/dags/Lead_scoring_training_pipeline/constants.py
[2024-03-11T17:12:28.767+0000] {processor.py:842} WARNING - No viable dags retrieved from /home/airflow/dags/Lead_scoring_training_pipeline/constants.py
[2024-03-11T17:12:28.777+0000] {processor.py:183} INFO - Processing /home/airflow/dags/Lead_scoring_training_pipeline/constants.py took 0.019 seconds
[2024-03-11T17:13:24.026+0000] {processor.py:161} INFO - Started process (PID=2733) to work on /home/airflow/dags/Lead_scoring_training_pipeline/constants.py
[2024-03-11T17:13:24.028+0000] {processor.py:830} INFO - Processing file /home/airflow/dags/Lead_scoring_training_pipeline/constants.py for tasks to queue
[2024-03-11T17:13:24.029+0000] {logging_mixin.py:188} INFO - [2024-03-11T17:13:24.029+0000] {dagbag.py:540} INFO - Filling up the DagBag from /home/airflow/dags/Lead_scoring_training_pipeline/constants.py
[2024-03-11T17:13:24.032+0000] {processor.py:842} WARNING - No viable dags retrieved from /home/airflow/dags/Lead_scoring_training_pipeline/constants.py
[2024-03-11T17:13:24.042+0000] {processor.py:183} INFO - Processing /home/airflow/dags/Lead_scoring_training_pipeline/constants.py took 0.020 seconds
[2024-03-11T17:14:15.966+0000] {processor.py:161} INFO - Started process (PID=2797) to work on /home/airflow/dags/Lead_scoring_training_pipeline/constants.py
[2024-03-11T17:14:15.968+0000] {processor.py:830} INFO - Processing file /home/airflow/dags/Lead_scoring_training_pipeline/constants.py for tasks to queue
[2024-03-11T17:14:15.969+0000] {logging_mixin.py:188} INFO - [2024-03-11T17:14:15.968+0000] {dagbag.py:540} INFO - Filling up the DagBag from /home/airflow/dags/Lead_scoring_training_pipeline/constants.py
[2024-03-11T17:14:15.971+0000] {processor.py:842} WARNING - No viable dags retrieved from /home/airflow/dags/Lead_scoring_training_pipeline/constants.py
[2024-03-11T17:14:15.982+0000] {processor.py:183} INFO - Processing /home/airflow/dags/Lead_scoring_training_pipeline/constants.py took 0.019 seconds
[2024-03-11T17:15:01.214+0000] {processor.py:161} INFO - Started process (PID=2910) to work on /home/airflow/dags/Lead_scoring_training_pipeline/constants.py
[2024-03-11T17:15:01.216+0000] {processor.py:830} INFO - Processing file /home/airflow/dags/Lead_scoring_training_pipeline/constants.py for tasks to queue
[2024-03-11T17:15:01.217+0000] {logging_mixin.py:188} INFO - [2024-03-11T17:15:01.216+0000] {dagbag.py:540} INFO - Filling up the DagBag from /home/airflow/dags/Lead_scoring_training_pipeline/constants.py
[2024-03-11T17:15:01.219+0000] {processor.py:842} WARNING - No viable dags retrieved from /home/airflow/dags/Lead_scoring_training_pipeline/constants.py
[2024-03-11T17:15:01.229+0000] {processor.py:183} INFO - Processing /home/airflow/dags/Lead_scoring_training_pipeline/constants.py took 0.019 seconds
[2024-03-11T17:15:34.931+0000] {processor.py:161} INFO - Started process (PID=2956) to work on /home/airflow/dags/Lead_scoring_training_pipeline/constants.py
[2024-03-11T17:15:34.932+0000] {processor.py:830} INFO - Processing file /home/airflow/dags/Lead_scoring_training_pipeline/constants.py for tasks to queue
[2024-03-11T17:15:34.933+0000] {logging_mixin.py:188} INFO - [2024-03-11T17:15:34.933+0000] {dagbag.py:540} INFO - Filling up the DagBag from /home/airflow/dags/Lead_scoring_training_pipeline/constants.py
[2024-03-11T17:15:34.936+0000] {processor.py:842} WARNING - No viable dags retrieved from /home/airflow/dags/Lead_scoring_training_pipeline/constants.py
[2024-03-11T17:15:34.945+0000] {processor.py:183} INFO - Processing /home/airflow/dags/Lead_scoring_training_pipeline/constants.py took 0.018 seconds
[2024-03-11T17:16:25.034+0000] {processor.py:161} INFO - Started process (PID=3022) to work on /home/airflow/dags/Lead_scoring_training_pipeline/constants.py
[2024-03-11T17:16:25.036+0000] {processor.py:830} INFO - Processing file /home/airflow/dags/Lead_scoring_training_pipeline/constants.py for tasks to queue
[2024-03-11T17:16:25.037+0000] {logging_mixin.py:188} INFO - [2024-03-11T17:16:25.037+0000] {dagbag.py:540} INFO - Filling up the DagBag from /home/airflow/dags/Lead_scoring_training_pipeline/constants.py
[2024-03-11T17:16:25.040+0000] {processor.py:842} WARNING - No viable dags retrieved from /home/airflow/dags/Lead_scoring_training_pipeline/constants.py
[2024-03-11T17:16:25.050+0000] {processor.py:183} INFO - Processing /home/airflow/dags/Lead_scoring_training_pipeline/constants.py took 0.019 seconds
[2024-03-11T17:17:20.346+0000] {processor.py:161} INFO - Started process (PID=3098) to work on /home/airflow/dags/Lead_scoring_training_pipeline/constants.py
[2024-03-11T17:17:20.348+0000] {processor.py:830} INFO - Processing file /home/airflow/dags/Lead_scoring_training_pipeline/constants.py for tasks to queue
[2024-03-11T17:17:20.349+0000] {logging_mixin.py:188} INFO - [2024-03-11T17:17:20.348+0000] {dagbag.py:540} INFO - Filling up the DagBag from /home/airflow/dags/Lead_scoring_training_pipeline/constants.py
[2024-03-11T17:17:20.351+0000] {processor.py:842} WARNING - No viable dags retrieved from /home/airflow/dags/Lead_scoring_training_pipeline/constants.py
[2024-03-11T17:17:20.361+0000] {processor.py:183} INFO - Processing /home/airflow/dags/Lead_scoring_training_pipeline/constants.py took 0.018 seconds
[2024-03-11T17:18:15.162+0000] {processor.py:161} INFO - Started process (PID=3163) to work on /home/airflow/dags/Lead_scoring_training_pipeline/constants.py
[2024-03-11T17:18:15.164+0000] {processor.py:830} INFO - Processing file /home/airflow/dags/Lead_scoring_training_pipeline/constants.py for tasks to queue
[2024-03-11T17:18:15.165+0000] {logging_mixin.py:188} INFO - [2024-03-11T17:18:15.164+0000] {dagbag.py:540} INFO - Filling up the DagBag from /home/airflow/dags/Lead_scoring_training_pipeline/constants.py
[2024-03-11T17:18:15.167+0000] {processor.py:842} WARNING - No viable dags retrieved from /home/airflow/dags/Lead_scoring_training_pipeline/constants.py
[2024-03-11T17:18:15.178+0000] {processor.py:183} INFO - Processing /home/airflow/dags/Lead_scoring_training_pipeline/constants.py took 0.020 seconds
[2024-03-11T17:19:10.958+0000] {processor.py:161} INFO - Started process (PID=3234) to work on /home/airflow/dags/Lead_scoring_training_pipeline/constants.py
[2024-03-11T17:19:10.960+0000] {processor.py:830} INFO - Processing file /home/airflow/dags/Lead_scoring_training_pipeline/constants.py for tasks to queue
[2024-03-11T17:19:10.961+0000] {logging_mixin.py:188} INFO - [2024-03-11T17:19:10.961+0000] {dagbag.py:540} INFO - Filling up the DagBag from /home/airflow/dags/Lead_scoring_training_pipeline/constants.py
[2024-03-11T17:19:10.964+0000] {processor.py:842} WARNING - No viable dags retrieved from /home/airflow/dags/Lead_scoring_training_pipeline/constants.py
[2024-03-11T17:19:10.973+0000] {processor.py:183} INFO - Processing /home/airflow/dags/Lead_scoring_training_pipeline/constants.py took 0.018 seconds
[2024-03-11T17:20:04.551+0000] {processor.py:161} INFO - Started process (PID=3310) to work on /home/airflow/dags/Lead_scoring_training_pipeline/constants.py
[2024-03-11T17:20:04.553+0000] {processor.py:830} INFO - Processing file /home/airflow/dags/Lead_scoring_training_pipeline/constants.py for tasks to queue
[2024-03-11T17:20:04.554+0000] {logging_mixin.py:188} INFO - [2024-03-11T17:20:04.554+0000] {dagbag.py:540} INFO - Filling up the DagBag from /home/airflow/dags/Lead_scoring_training_pipeline/constants.py
[2024-03-11T17:20:04.557+0000] {processor.py:842} WARNING - No viable dags retrieved from /home/airflow/dags/Lead_scoring_training_pipeline/constants.py
[2024-03-11T17:20:04.567+0000] {processor.py:183} INFO - Processing /home/airflow/dags/Lead_scoring_training_pipeline/constants.py took 0.019 seconds
[2024-03-11T17:20:57.743+0000] {processor.py:161} INFO - Started process (PID=3374) to work on /home/airflow/dags/Lead_scoring_training_pipeline/constants.py
[2024-03-11T17:20:57.745+0000] {processor.py:830} INFO - Processing file /home/airflow/dags/Lead_scoring_training_pipeline/constants.py for tasks to queue
[2024-03-11T17:20:57.746+0000] {logging_mixin.py:188} INFO - [2024-03-11T17:20:57.745+0000] {dagbag.py:540} INFO - Filling up the DagBag from /home/airflow/dags/Lead_scoring_training_pipeline/constants.py
[2024-03-11T17:20:57.748+0000] {processor.py:842} WARNING - No viable dags retrieved from /home/airflow/dags/Lead_scoring_training_pipeline/constants.py
[2024-03-11T17:20:57.758+0000] {processor.py:183} INFO - Processing /home/airflow/dags/Lead_scoring_training_pipeline/constants.py took 0.018 seconds
[2024-03-11T17:21:51.059+0000] {processor.py:161} INFO - Started process (PID=3445) to work on /home/airflow/dags/Lead_scoring_training_pipeline/constants.py
[2024-03-11T17:21:51.060+0000] {processor.py:830} INFO - Processing file /home/airflow/dags/Lead_scoring_training_pipeline/constants.py for tasks to queue
[2024-03-11T17:21:51.061+0000] {logging_mixin.py:188} INFO - [2024-03-11T17:21:51.061+0000] {dagbag.py:540} INFO - Filling up the DagBag from /home/airflow/dags/Lead_scoring_training_pipeline/constants.py
[2024-03-11T17:21:51.064+0000] {processor.py:842} WARNING - No viable dags retrieved from /home/airflow/dags/Lead_scoring_training_pipeline/constants.py
[2024-03-11T17:21:51.074+0000] {processor.py:183} INFO - Processing /home/airflow/dags/Lead_scoring_training_pipeline/constants.py took 0.019 seconds
