[2024-03-14T16:23:33.763+0000] {processor.py:161} INFO - Started process (PID=632) to work on /home/airflow/dags/Lead_scoring_data_pipeline/.ipynb_checkpoints/constants-checkpoint.py
[2024-03-14T16:23:33.764+0000] {processor.py:830} INFO - Processing file /home/airflow/dags/Lead_scoring_data_pipeline/.ipynb_checkpoints/constants-checkpoint.py for tasks to queue
[2024-03-14T16:23:33.765+0000] {logging_mixin.py:188} INFO - [2024-03-14T16:23:33.765+0000] {dagbag.py:540} INFO - Filling up the DagBag from /home/airflow/dags/Lead_scoring_data_pipeline/.ipynb_checkpoints/constants-checkpoint.py
[2024-03-14T16:23:33.767+0000] {processor.py:842} WARNING - No viable dags retrieved from /home/airflow/dags/Lead_scoring_data_pipeline/.ipynb_checkpoints/constants-checkpoint.py
[2024-03-14T16:23:33.779+0000] {processor.py:183} INFO - Processing /home/airflow/dags/Lead_scoring_data_pipeline/.ipynb_checkpoints/constants-checkpoint.py took 0.019 seconds
[2024-03-14T16:24:47.255+0000] {processor.py:161} INFO - Started process (PID=735) to work on /home/airflow/dags/Lead_scoring_data_pipeline/.ipynb_checkpoints/constants-checkpoint.py
[2024-03-14T16:24:47.257+0000] {processor.py:830} INFO - Processing file /home/airflow/dags/Lead_scoring_data_pipeline/.ipynb_checkpoints/constants-checkpoint.py for tasks to queue
[2024-03-14T16:24:47.258+0000] {logging_mixin.py:188} INFO - [2024-03-14T16:24:47.258+0000] {dagbag.py:540} INFO - Filling up the DagBag from /home/airflow/dags/Lead_scoring_data_pipeline/.ipynb_checkpoints/constants-checkpoint.py
[2024-03-14T16:24:47.261+0000] {processor.py:842} WARNING - No viable dags retrieved from /home/airflow/dags/Lead_scoring_data_pipeline/.ipynb_checkpoints/constants-checkpoint.py
[2024-03-14T16:24:47.272+0000] {processor.py:183} INFO - Processing /home/airflow/dags/Lead_scoring_data_pipeline/.ipynb_checkpoints/constants-checkpoint.py took 0.020 seconds
[2024-03-14T16:25:49.240+0000] {processor.py:161} INFO - Started process (PID=834) to work on /home/airflow/dags/Lead_scoring_data_pipeline/.ipynb_checkpoints/constants-checkpoint.py
[2024-03-14T16:25:49.242+0000] {processor.py:830} INFO - Processing file /home/airflow/dags/Lead_scoring_data_pipeline/.ipynb_checkpoints/constants-checkpoint.py for tasks to queue
[2024-03-14T16:25:49.243+0000] {logging_mixin.py:188} INFO - [2024-03-14T16:25:49.243+0000] {dagbag.py:540} INFO - Filling up the DagBag from /home/airflow/dags/Lead_scoring_data_pipeline/.ipynb_checkpoints/constants-checkpoint.py
[2024-03-14T16:25:49.245+0000] {processor.py:842} WARNING - No viable dags retrieved from /home/airflow/dags/Lead_scoring_data_pipeline/.ipynb_checkpoints/constants-checkpoint.py
[2024-03-14T16:25:49.257+0000] {processor.py:183} INFO - Processing /home/airflow/dags/Lead_scoring_data_pipeline/.ipynb_checkpoints/constants-checkpoint.py took 0.020 seconds
[2024-03-14T16:26:55.191+0000] {processor.py:161} INFO - Started process (PID=949) to work on /home/airflow/dags/Lead_scoring_data_pipeline/.ipynb_checkpoints/constants-checkpoint.py
[2024-03-14T16:26:55.194+0000] {processor.py:830} INFO - Processing file /home/airflow/dags/Lead_scoring_data_pipeline/.ipynb_checkpoints/constants-checkpoint.py for tasks to queue
[2024-03-14T16:26:55.195+0000] {logging_mixin.py:188} INFO - [2024-03-14T16:26:55.194+0000] {dagbag.py:540} INFO - Filling up the DagBag from /home/airflow/dags/Lead_scoring_data_pipeline/.ipynb_checkpoints/constants-checkpoint.py
[2024-03-14T16:26:55.197+0000] {processor.py:842} WARNING - No viable dags retrieved from /home/airflow/dags/Lead_scoring_data_pipeline/.ipynb_checkpoints/constants-checkpoint.py
[2024-03-14T16:26:55.208+0000] {processor.py:183} INFO - Processing /home/airflow/dags/Lead_scoring_data_pipeline/.ipynb_checkpoints/constants-checkpoint.py took 0.020 seconds
[2024-03-14T16:28:02.395+0000] {processor.py:161} INFO - Started process (PID=1064) to work on /home/airflow/dags/Lead_scoring_data_pipeline/.ipynb_checkpoints/constants-checkpoint.py
[2024-03-14T16:28:02.397+0000] {processor.py:830} INFO - Processing file /home/airflow/dags/Lead_scoring_data_pipeline/.ipynb_checkpoints/constants-checkpoint.py for tasks to queue
[2024-03-14T16:28:02.398+0000] {logging_mixin.py:188} INFO - [2024-03-14T16:28:02.397+0000] {dagbag.py:540} INFO - Filling up the DagBag from /home/airflow/dags/Lead_scoring_data_pipeline/.ipynb_checkpoints/constants-checkpoint.py
[2024-03-14T16:28:02.400+0000] {processor.py:842} WARNING - No viable dags retrieved from /home/airflow/dags/Lead_scoring_data_pipeline/.ipynb_checkpoints/constants-checkpoint.py
[2024-03-14T16:28:02.411+0000] {processor.py:183} INFO - Processing /home/airflow/dags/Lead_scoring_data_pipeline/.ipynb_checkpoints/constants-checkpoint.py took 0.020 seconds
[2024-03-14T16:29:14.810+0000] {processor.py:161} INFO - Started process (PID=1180) to work on /home/airflow/dags/Lead_scoring_data_pipeline/.ipynb_checkpoints/constants-checkpoint.py
[2024-03-14T16:29:14.811+0000] {processor.py:830} INFO - Processing file /home/airflow/dags/Lead_scoring_data_pipeline/.ipynb_checkpoints/constants-checkpoint.py for tasks to queue
[2024-03-14T16:29:14.812+0000] {logging_mixin.py:188} INFO - [2024-03-14T16:29:14.812+0000] {dagbag.py:540} INFO - Filling up the DagBag from /home/airflow/dags/Lead_scoring_data_pipeline/.ipynb_checkpoints/constants-checkpoint.py
[2024-03-14T16:29:14.814+0000] {processor.py:842} WARNING - No viable dags retrieved from /home/airflow/dags/Lead_scoring_data_pipeline/.ipynb_checkpoints/constants-checkpoint.py
[2024-03-14T16:29:14.826+0000] {processor.py:183} INFO - Processing /home/airflow/dags/Lead_scoring_data_pipeline/.ipynb_checkpoints/constants-checkpoint.py took 0.019 seconds
[2024-03-14T16:31:07.127+0000] {processor.py:161} INFO - Started process (PID=1375) to work on /home/airflow/dags/Lead_scoring_data_pipeline/.ipynb_checkpoints/constants-checkpoint.py
[2024-03-14T16:31:07.129+0000] {processor.py:830} INFO - Processing file /home/airflow/dags/Lead_scoring_data_pipeline/.ipynb_checkpoints/constants-checkpoint.py for tasks to queue
[2024-03-14T16:31:07.130+0000] {logging_mixin.py:188} INFO - [2024-03-14T16:31:07.130+0000] {dagbag.py:540} INFO - Filling up the DagBag from /home/airflow/dags/Lead_scoring_data_pipeline/.ipynb_checkpoints/constants-checkpoint.py
[2024-03-14T16:31:07.132+0000] {processor.py:842} WARNING - No viable dags retrieved from /home/airflow/dags/Lead_scoring_data_pipeline/.ipynb_checkpoints/constants-checkpoint.py
[2024-03-14T16:31:07.144+0000] {processor.py:183} INFO - Processing /home/airflow/dags/Lead_scoring_data_pipeline/.ipynb_checkpoints/constants-checkpoint.py took 0.020 seconds
[2024-03-14T16:32:13.811+0000] {processor.py:161} INFO - Started process (PID=1489) to work on /home/airflow/dags/Lead_scoring_data_pipeline/.ipynb_checkpoints/constants-checkpoint.py
[2024-03-14T16:32:13.813+0000] {processor.py:830} INFO - Processing file /home/airflow/dags/Lead_scoring_data_pipeline/.ipynb_checkpoints/constants-checkpoint.py for tasks to queue
[2024-03-14T16:32:13.814+0000] {logging_mixin.py:188} INFO - [2024-03-14T16:32:13.814+0000] {dagbag.py:540} INFO - Filling up the DagBag from /home/airflow/dags/Lead_scoring_data_pipeline/.ipynb_checkpoints/constants-checkpoint.py
[2024-03-14T16:32:13.817+0000] {processor.py:842} WARNING - No viable dags retrieved from /home/airflow/dags/Lead_scoring_data_pipeline/.ipynb_checkpoints/constants-checkpoint.py
[2024-03-14T16:32:13.828+0000] {processor.py:183} INFO - Processing /home/airflow/dags/Lead_scoring_data_pipeline/.ipynb_checkpoints/constants-checkpoint.py took 0.020 seconds
[2024-03-14T16:33:27.666+0000] {processor.py:161} INFO - Started process (PID=1702) to work on /home/airflow/dags/Lead_scoring_data_pipeline/.ipynb_checkpoints/constants-checkpoint.py
[2024-03-14T16:33:27.668+0000] {processor.py:830} INFO - Processing file /home/airflow/dags/Lead_scoring_data_pipeline/.ipynb_checkpoints/constants-checkpoint.py for tasks to queue
[2024-03-14T16:33:27.669+0000] {logging_mixin.py:188} INFO - [2024-03-14T16:33:27.668+0000] {dagbag.py:540} INFO - Filling up the DagBag from /home/airflow/dags/Lead_scoring_data_pipeline/.ipynb_checkpoints/constants-checkpoint.py
[2024-03-14T16:33:27.671+0000] {processor.py:842} WARNING - No viable dags retrieved from /home/airflow/dags/Lead_scoring_data_pipeline/.ipynb_checkpoints/constants-checkpoint.py
[2024-03-14T16:33:27.682+0000] {processor.py:183} INFO - Processing /home/airflow/dags/Lead_scoring_data_pipeline/.ipynb_checkpoints/constants-checkpoint.py took 0.020 seconds
[2024-03-14T16:35:08.678+0000] {processor.py:161} INFO - Started process (PID=1868) to work on /home/airflow/dags/Lead_scoring_data_pipeline/.ipynb_checkpoints/constants-checkpoint.py
[2024-03-14T16:35:08.680+0000] {processor.py:830} INFO - Processing file /home/airflow/dags/Lead_scoring_data_pipeline/.ipynb_checkpoints/constants-checkpoint.py for tasks to queue
[2024-03-14T16:35:08.681+0000] {logging_mixin.py:188} INFO - [2024-03-14T16:35:08.680+0000] {dagbag.py:540} INFO - Filling up the DagBag from /home/airflow/dags/Lead_scoring_data_pipeline/.ipynb_checkpoints/constants-checkpoint.py
[2024-03-14T16:35:08.683+0000] {processor.py:842} WARNING - No viable dags retrieved from /home/airflow/dags/Lead_scoring_data_pipeline/.ipynb_checkpoints/constants-checkpoint.py
[2024-03-14T16:35:08.694+0000] {processor.py:183} INFO - Processing /home/airflow/dags/Lead_scoring_data_pipeline/.ipynb_checkpoints/constants-checkpoint.py took 0.020 seconds
[2024-03-14T16:36:43.207+0000] {processor.py:161} INFO - Started process (PID=2043) to work on /home/airflow/dags/Lead_scoring_data_pipeline/.ipynb_checkpoints/constants-checkpoint.py
[2024-03-14T16:36:43.209+0000] {processor.py:830} INFO - Processing file /home/airflow/dags/Lead_scoring_data_pipeline/.ipynb_checkpoints/constants-checkpoint.py for tasks to queue
[2024-03-14T16:36:43.210+0000] {logging_mixin.py:188} INFO - [2024-03-14T16:36:43.209+0000] {dagbag.py:540} INFO - Filling up the DagBag from /home/airflow/dags/Lead_scoring_data_pipeline/.ipynb_checkpoints/constants-checkpoint.py
[2024-03-14T16:36:43.212+0000] {processor.py:842} WARNING - No viable dags retrieved from /home/airflow/dags/Lead_scoring_data_pipeline/.ipynb_checkpoints/constants-checkpoint.py
[2024-03-14T16:36:43.222+0000] {processor.py:183} INFO - Processing /home/airflow/dags/Lead_scoring_data_pipeline/.ipynb_checkpoints/constants-checkpoint.py took 0.019 seconds
[2024-03-14T16:38:13.734+0000] {processor.py:161} INFO - Started process (PID=2220) to work on /home/airflow/dags/Lead_scoring_data_pipeline/.ipynb_checkpoints/constants-checkpoint.py
[2024-03-14T16:38:13.738+0000] {processor.py:830} INFO - Processing file /home/airflow/dags/Lead_scoring_data_pipeline/.ipynb_checkpoints/constants-checkpoint.py for tasks to queue
[2024-03-14T16:38:13.739+0000] {logging_mixin.py:188} INFO - [2024-03-14T16:38:13.738+0000] {dagbag.py:540} INFO - Filling up the DagBag from /home/airflow/dags/Lead_scoring_data_pipeline/.ipynb_checkpoints/constants-checkpoint.py
[2024-03-14T16:38:13.741+0000] {processor.py:842} WARNING - No viable dags retrieved from /home/airflow/dags/Lead_scoring_data_pipeline/.ipynb_checkpoints/constants-checkpoint.py
[2024-03-14T16:38:13.752+0000] {processor.py:183} INFO - Processing /home/airflow/dags/Lead_scoring_data_pipeline/.ipynb_checkpoints/constants-checkpoint.py took 0.020 seconds
[2024-03-14T16:39:29.662+0000] {processor.py:161} INFO - Started process (PID=2340) to work on /home/airflow/dags/Lead_scoring_data_pipeline/.ipynb_checkpoints/constants-checkpoint.py
[2024-03-14T16:39:29.664+0000] {processor.py:830} INFO - Processing file /home/airflow/dags/Lead_scoring_data_pipeline/.ipynb_checkpoints/constants-checkpoint.py for tasks to queue
[2024-03-14T16:39:29.665+0000] {logging_mixin.py:188} INFO - [2024-03-14T16:39:29.665+0000] {dagbag.py:540} INFO - Filling up the DagBag from /home/airflow/dags/Lead_scoring_data_pipeline/.ipynb_checkpoints/constants-checkpoint.py
[2024-03-14T16:39:29.668+0000] {processor.py:842} WARNING - No viable dags retrieved from /home/airflow/dags/Lead_scoring_data_pipeline/.ipynb_checkpoints/constants-checkpoint.py
[2024-03-14T16:39:29.678+0000] {processor.py:183} INFO - Processing /home/airflow/dags/Lead_scoring_data_pipeline/.ipynb_checkpoints/constants-checkpoint.py took 0.019 seconds
[2024-03-14T16:40:37.879+0000] {processor.py:161} INFO - Started process (PID=2454) to work on /home/airflow/dags/Lead_scoring_data_pipeline/.ipynb_checkpoints/constants-checkpoint.py
[2024-03-14T16:40:37.882+0000] {processor.py:830} INFO - Processing file /home/airflow/dags/Lead_scoring_data_pipeline/.ipynb_checkpoints/constants-checkpoint.py for tasks to queue
[2024-03-14T16:40:37.883+0000] {logging_mixin.py:188} INFO - [2024-03-14T16:40:37.882+0000] {dagbag.py:540} INFO - Filling up the DagBag from /home/airflow/dags/Lead_scoring_data_pipeline/.ipynb_checkpoints/constants-checkpoint.py
[2024-03-14T16:40:37.885+0000] {processor.py:842} WARNING - No viable dags retrieved from /home/airflow/dags/Lead_scoring_data_pipeline/.ipynb_checkpoints/constants-checkpoint.py
[2024-03-14T16:40:37.895+0000] {processor.py:183} INFO - Processing /home/airflow/dags/Lead_scoring_data_pipeline/.ipynb_checkpoints/constants-checkpoint.py took 0.019 seconds
[2024-03-14T16:41:49.946+0000] {processor.py:161} INFO - Started process (PID=2564) to work on /home/airflow/dags/Lead_scoring_data_pipeline/.ipynb_checkpoints/constants-checkpoint.py
[2024-03-14T16:41:49.949+0000] {processor.py:830} INFO - Processing file /home/airflow/dags/Lead_scoring_data_pipeline/.ipynb_checkpoints/constants-checkpoint.py for tasks to queue
[2024-03-14T16:41:49.950+0000] {logging_mixin.py:188} INFO - [2024-03-14T16:41:49.950+0000] {dagbag.py:540} INFO - Filling up the DagBag from /home/airflow/dags/Lead_scoring_data_pipeline/.ipynb_checkpoints/constants-checkpoint.py
[2024-03-14T16:41:49.952+0000] {processor.py:842} WARNING - No viable dags retrieved from /home/airflow/dags/Lead_scoring_data_pipeline/.ipynb_checkpoints/constants-checkpoint.py
[2024-03-14T16:41:49.963+0000] {processor.py:183} INFO - Processing /home/airflow/dags/Lead_scoring_data_pipeline/.ipynb_checkpoints/constants-checkpoint.py took 0.020 seconds
[2024-03-14T16:43:12.459+0000] {processor.py:161} INFO - Started process (PID=2681) to work on /home/airflow/dags/Lead_scoring_data_pipeline/.ipynb_checkpoints/constants-checkpoint.py
[2024-03-14T16:43:12.461+0000] {processor.py:830} INFO - Processing file /home/airflow/dags/Lead_scoring_data_pipeline/.ipynb_checkpoints/constants-checkpoint.py for tasks to queue
[2024-03-14T16:43:12.462+0000] {logging_mixin.py:188} INFO - [2024-03-14T16:43:12.461+0000] {dagbag.py:540} INFO - Filling up the DagBag from /home/airflow/dags/Lead_scoring_data_pipeline/.ipynb_checkpoints/constants-checkpoint.py
[2024-03-14T16:43:12.464+0000] {processor.py:842} WARNING - No viable dags retrieved from /home/airflow/dags/Lead_scoring_data_pipeline/.ipynb_checkpoints/constants-checkpoint.py
[2024-03-14T16:43:12.475+0000] {processor.py:183} INFO - Processing /home/airflow/dags/Lead_scoring_data_pipeline/.ipynb_checkpoints/constants-checkpoint.py took 0.020 seconds
[2024-03-14T16:44:53.991+0000] {processor.py:161} INFO - Started process (PID=2861) to work on /home/airflow/dags/Lead_scoring_data_pipeline/.ipynb_checkpoints/constants-checkpoint.py
[2024-03-14T16:44:53.994+0000] {processor.py:830} INFO - Processing file /home/airflow/dags/Lead_scoring_data_pipeline/.ipynb_checkpoints/constants-checkpoint.py for tasks to queue
[2024-03-14T16:44:53.995+0000] {logging_mixin.py:188} INFO - [2024-03-14T16:44:53.994+0000] {dagbag.py:540} INFO - Filling up the DagBag from /home/airflow/dags/Lead_scoring_data_pipeline/.ipynb_checkpoints/constants-checkpoint.py
[2024-03-14T16:44:53.997+0000] {processor.py:842} WARNING - No viable dags retrieved from /home/airflow/dags/Lead_scoring_data_pipeline/.ipynb_checkpoints/constants-checkpoint.py
[2024-03-14T16:44:54.008+0000] {processor.py:183} INFO - Processing /home/airflow/dags/Lead_scoring_data_pipeline/.ipynb_checkpoints/constants-checkpoint.py took 0.020 seconds
[2024-03-14T16:56:35.405+0000] {processor.py:161} INFO - Started process (PID=3295) to work on /home/airflow/dags/Lead_scoring_data_pipeline/.ipynb_checkpoints/constants-checkpoint.py
[2024-03-14T16:56:35.407+0000] {processor.py:830} INFO - Processing file /home/airflow/dags/Lead_scoring_data_pipeline/.ipynb_checkpoints/constants-checkpoint.py for tasks to queue
[2024-03-14T16:56:35.408+0000] {logging_mixin.py:188} INFO - [2024-03-14T16:56:35.408+0000] {dagbag.py:540} INFO - Filling up the DagBag from /home/airflow/dags/Lead_scoring_data_pipeline/.ipynb_checkpoints/constants-checkpoint.py
[2024-03-14T16:56:35.411+0000] {processor.py:842} WARNING - No viable dags retrieved from /home/airflow/dags/Lead_scoring_data_pipeline/.ipynb_checkpoints/constants-checkpoint.py
[2024-03-14T16:56:35.424+0000] {processor.py:183} INFO - Processing /home/airflow/dags/Lead_scoring_data_pipeline/.ipynb_checkpoints/constants-checkpoint.py took 0.023 seconds
[2024-03-14T16:58:32.821+0000] {processor.py:161} INFO - Started process (PID=3490) to work on /home/airflow/dags/Lead_scoring_data_pipeline/.ipynb_checkpoints/constants-checkpoint.py
[2024-03-14T16:58:32.823+0000] {processor.py:830} INFO - Processing file /home/airflow/dags/Lead_scoring_data_pipeline/.ipynb_checkpoints/constants-checkpoint.py for tasks to queue
[2024-03-14T16:58:32.824+0000] {logging_mixin.py:188} INFO - [2024-03-14T16:58:32.824+0000] {dagbag.py:540} INFO - Filling up the DagBag from /home/airflow/dags/Lead_scoring_data_pipeline/.ipynb_checkpoints/constants-checkpoint.py
[2024-03-14T16:58:32.827+0000] {processor.py:842} WARNING - No viable dags retrieved from /home/airflow/dags/Lead_scoring_data_pipeline/.ipynb_checkpoints/constants-checkpoint.py
[2024-03-14T16:58:32.839+0000] {processor.py:183} INFO - Processing /home/airflow/dags/Lead_scoring_data_pipeline/.ipynb_checkpoints/constants-checkpoint.py took 0.022 seconds
