[2024-03-11T15:49:51.307+0000] {processor.py:161} INFO - Started process (PID=1074) to work on /home/airflow/dags/Lead_scoring_data_pipeline/constants.py
[2024-03-11T15:49:51.308+0000] {processor.py:830} INFO - Processing file /home/airflow/dags/Lead_scoring_data_pipeline/constants.py for tasks to queue
[2024-03-11T15:49:51.309+0000] {logging_mixin.py:188} INFO - [2024-03-11T15:49:51.309+0000] {dagbag.py:540} INFO - Filling up the DagBag from /home/airflow/dags/Lead_scoring_data_pipeline/constants.py
[2024-03-11T15:49:51.312+0000] {processor.py:842} WARNING - No viable dags retrieved from /home/airflow/dags/Lead_scoring_data_pipeline/constants.py
[2024-03-11T15:49:51.325+0000] {processor.py:183} INFO - Processing /home/airflow/dags/Lead_scoring_data_pipeline/constants.py took 0.020 seconds
[2024-03-11T15:50:28.210+0000] {processor.py:161} INFO - Started process (PID=1109) to work on /home/airflow/dags/Lead_scoring_data_pipeline/constants.py
[2024-03-11T15:50:28.212+0000] {processor.py:830} INFO - Processing file /home/airflow/dags/Lead_scoring_data_pipeline/constants.py for tasks to queue
[2024-03-11T15:50:28.213+0000] {logging_mixin.py:188} INFO - [2024-03-11T15:50:28.212+0000] {dagbag.py:540} INFO - Filling up the DagBag from /home/airflow/dags/Lead_scoring_data_pipeline/constants.py
[2024-03-11T15:50:28.217+0000] {processor.py:842} WARNING - No viable dags retrieved from /home/airflow/dags/Lead_scoring_data_pipeline/constants.py
[2024-03-11T15:50:28.230+0000] {processor.py:183} INFO - Processing /home/airflow/dags/Lead_scoring_data_pipeline/constants.py took 0.023 seconds
[2024-03-11T15:51:15.091+0000] {processor.py:161} INFO - Started process (PID=1155) to work on /home/airflow/dags/Lead_scoring_data_pipeline/constants.py
[2024-03-11T15:51:15.093+0000] {processor.py:830} INFO - Processing file /home/airflow/dags/Lead_scoring_data_pipeline/constants.py for tasks to queue
[2024-03-11T15:51:15.094+0000] {logging_mixin.py:188} INFO - [2024-03-11T15:51:15.094+0000] {dagbag.py:540} INFO - Filling up the DagBag from /home/airflow/dags/Lead_scoring_data_pipeline/constants.py
[2024-03-11T15:51:15.096+0000] {processor.py:842} WARNING - No viable dags retrieved from /home/airflow/dags/Lead_scoring_data_pipeline/constants.py
[2024-03-11T15:51:15.108+0000] {processor.py:183} INFO - Processing /home/airflow/dags/Lead_scoring_data_pipeline/constants.py took 0.020 seconds
[2024-03-11T15:52:00.595+0000] {processor.py:161} INFO - Started process (PID=1218) to work on /home/airflow/dags/Lead_scoring_data_pipeline/constants.py
[2024-03-11T15:52:00.597+0000] {processor.py:830} INFO - Processing file /home/airflow/dags/Lead_scoring_data_pipeline/constants.py for tasks to queue
[2024-03-11T15:52:00.598+0000] {logging_mixin.py:188} INFO - [2024-03-11T15:52:00.597+0000] {dagbag.py:540} INFO - Filling up the DagBag from /home/airflow/dags/Lead_scoring_data_pipeline/constants.py
[2024-03-11T15:52:00.600+0000] {processor.py:842} WARNING - No viable dags retrieved from /home/airflow/dags/Lead_scoring_data_pipeline/constants.py
[2024-03-11T15:52:00.611+0000] {processor.py:183} INFO - Processing /home/airflow/dags/Lead_scoring_data_pipeline/constants.py took 0.020 seconds
[2024-03-11T15:52:41.617+0000] {processor.py:161} INFO - Started process (PID=1259) to work on /home/airflow/dags/Lead_scoring_data_pipeline/constants.py
[2024-03-11T15:52:41.619+0000] {processor.py:830} INFO - Processing file /home/airflow/dags/Lead_scoring_data_pipeline/constants.py for tasks to queue
[2024-03-11T15:52:41.620+0000] {logging_mixin.py:188} INFO - [2024-03-11T15:52:41.619+0000] {dagbag.py:540} INFO - Filling up the DagBag from /home/airflow/dags/Lead_scoring_data_pipeline/constants.py
[2024-03-11T15:52:41.622+0000] {processor.py:842} WARNING - No viable dags retrieved from /home/airflow/dags/Lead_scoring_data_pipeline/constants.py
[2024-03-11T15:52:41.633+0000] {processor.py:183} INFO - Processing /home/airflow/dags/Lead_scoring_data_pipeline/constants.py took 0.020 seconds
[2024-03-11T15:53:29.771+0000] {processor.py:161} INFO - Started process (PID=1306) to work on /home/airflow/dags/Lead_scoring_data_pipeline/constants.py
[2024-03-11T15:53:29.773+0000] {processor.py:830} INFO - Processing file /home/airflow/dags/Lead_scoring_data_pipeline/constants.py for tasks to queue
[2024-03-11T15:53:29.774+0000] {logging_mixin.py:188} INFO - [2024-03-11T15:53:29.773+0000] {dagbag.py:540} INFO - Filling up the DagBag from /home/airflow/dags/Lead_scoring_data_pipeline/constants.py
[2024-03-11T15:53:29.776+0000] {processor.py:842} WARNING - No viable dags retrieved from /home/airflow/dags/Lead_scoring_data_pipeline/constants.py
[2024-03-11T15:53:29.787+0000] {processor.py:183} INFO - Processing /home/airflow/dags/Lead_scoring_data_pipeline/constants.py took 0.020 seconds
[2024-03-11T15:54:17.305+0000] {processor.py:161} INFO - Started process (PID=1374) to work on /home/airflow/dags/Lead_scoring_data_pipeline/constants.py
[2024-03-11T15:54:17.307+0000] {processor.py:830} INFO - Processing file /home/airflow/dags/Lead_scoring_data_pipeline/constants.py for tasks to queue
[2024-03-11T15:54:17.308+0000] {logging_mixin.py:188} INFO - [2024-03-11T15:54:17.307+0000] {dagbag.py:540} INFO - Filling up the DagBag from /home/airflow/dags/Lead_scoring_data_pipeline/constants.py
[2024-03-11T15:54:17.310+0000] {processor.py:842} WARNING - No viable dags retrieved from /home/airflow/dags/Lead_scoring_data_pipeline/constants.py
[2024-03-11T15:54:17.321+0000] {processor.py:183} INFO - Processing /home/airflow/dags/Lead_scoring_data_pipeline/constants.py took 0.021 seconds
[2024-03-11T15:55:29.301+0000] {processor.py:161} INFO - Started process (PID=1444) to work on /home/airflow/dags/Lead_scoring_data_pipeline/constants.py
[2024-03-11T15:55:29.303+0000] {processor.py:830} INFO - Processing file /home/airflow/dags/Lead_scoring_data_pipeline/constants.py for tasks to queue
[2024-03-11T15:55:29.304+0000] {logging_mixin.py:188} INFO - [2024-03-11T15:55:29.304+0000] {dagbag.py:540} INFO - Filling up the DagBag from /home/airflow/dags/Lead_scoring_data_pipeline/constants.py
[2024-03-11T15:55:29.306+0000] {processor.py:842} WARNING - No viable dags retrieved from /home/airflow/dags/Lead_scoring_data_pipeline/constants.py
[2024-03-11T15:55:29.316+0000] {processor.py:183} INFO - Processing /home/airflow/dags/Lead_scoring_data_pipeline/constants.py took 0.017 seconds
[2024-03-11T15:56:28.229+0000] {processor.py:161} INFO - Started process (PID=1496) to work on /home/airflow/dags/Lead_scoring_data_pipeline/constants.py
[2024-03-11T15:56:28.231+0000] {processor.py:830} INFO - Processing file /home/airflow/dags/Lead_scoring_data_pipeline/constants.py for tasks to queue
[2024-03-11T15:56:28.232+0000] {logging_mixin.py:188} INFO - [2024-03-11T15:56:28.232+0000] {dagbag.py:540} INFO - Filling up the DagBag from /home/airflow/dags/Lead_scoring_data_pipeline/constants.py
[2024-03-11T15:56:28.234+0000] {processor.py:842} WARNING - No viable dags retrieved from /home/airflow/dags/Lead_scoring_data_pipeline/constants.py
[2024-03-11T15:56:28.245+0000] {processor.py:183} INFO - Processing /home/airflow/dags/Lead_scoring_data_pipeline/constants.py took 0.020 seconds
[2024-03-11T15:57:24.018+0000] {processor.py:161} INFO - Started process (PID=1548) to work on /home/airflow/dags/Lead_scoring_data_pipeline/constants.py
[2024-03-11T15:57:24.167+0000] {processor.py:830} INFO - Processing file /home/airflow/dags/Lead_scoring_data_pipeline/constants.py for tasks to queue
[2024-03-11T15:57:24.168+0000] {logging_mixin.py:188} INFO - [2024-03-11T15:57:24.167+0000] {dagbag.py:540} INFO - Filling up the DagBag from /home/airflow/dags/Lead_scoring_data_pipeline/constants.py
[2024-03-11T15:57:24.170+0000] {processor.py:842} WARNING - No viable dags retrieved from /home/airflow/dags/Lead_scoring_data_pipeline/constants.py
[2024-03-11T15:57:24.182+0000] {processor.py:183} INFO - Processing /home/airflow/dags/Lead_scoring_data_pipeline/constants.py took 0.167 seconds
[2024-03-11T15:58:12.141+0000] {processor.py:161} INFO - Started process (PID=1595) to work on /home/airflow/dags/Lead_scoring_data_pipeline/constants.py
[2024-03-11T15:58:12.143+0000] {processor.py:830} INFO - Processing file /home/airflow/dags/Lead_scoring_data_pipeline/constants.py for tasks to queue
[2024-03-11T15:58:12.144+0000] {logging_mixin.py:188} INFO - [2024-03-11T15:58:12.144+0000] {dagbag.py:540} INFO - Filling up the DagBag from /home/airflow/dags/Lead_scoring_data_pipeline/constants.py
[2024-03-11T15:58:12.146+0000] {processor.py:842} WARNING - No viable dags retrieved from /home/airflow/dags/Lead_scoring_data_pipeline/constants.py
[2024-03-11T15:58:12.156+0000] {processor.py:183} INFO - Processing /home/airflow/dags/Lead_scoring_data_pipeline/constants.py took 0.018 seconds
[2024-03-11T16:08:08.671+0000] {processor.py:161} INFO - Started process (PID=389) to work on /home/airflow/dags/Lead_scoring_data_pipeline/constants.py
[2024-03-11T16:08:08.673+0000] {processor.py:830} INFO - Processing file /home/airflow/dags/Lead_scoring_data_pipeline/constants.py for tasks to queue
[2024-03-11T16:08:08.674+0000] {logging_mixin.py:188} INFO - [2024-03-11T16:08:08.674+0000] {dagbag.py:540} INFO - Filling up the DagBag from /home/airflow/dags/Lead_scoring_data_pipeline/constants.py
[2024-03-11T16:08:08.676+0000] {processor.py:842} WARNING - No viable dags retrieved from /home/airflow/dags/Lead_scoring_data_pipeline/constants.py
[2024-03-11T16:08:08.684+0000] {processor.py:183} INFO - Processing /home/airflow/dags/Lead_scoring_data_pipeline/constants.py took 0.015 seconds
[2024-03-11T16:09:22.683+0000] {processor.py:161} INFO - Started process (PID=472) to work on /home/airflow/dags/Lead_scoring_data_pipeline/constants.py
[2024-03-11T16:09:22.686+0000] {processor.py:830} INFO - Processing file /home/airflow/dags/Lead_scoring_data_pipeline/constants.py for tasks to queue
[2024-03-11T16:09:22.687+0000] {logging_mixin.py:188} INFO - [2024-03-11T16:09:22.686+0000] {dagbag.py:540} INFO - Filling up the DagBag from /home/airflow/dags/Lead_scoring_data_pipeline/constants.py
[2024-03-11T16:09:22.689+0000] {processor.py:842} WARNING - No viable dags retrieved from /home/airflow/dags/Lead_scoring_data_pipeline/constants.py
[2024-03-11T16:09:22.700+0000] {processor.py:183} INFO - Processing /home/airflow/dags/Lead_scoring_data_pipeline/constants.py took 0.020 seconds
[2024-03-11T16:10:09.976+0000] {processor.py:161} INFO - Started process (PID=520) to work on /home/airflow/dags/Lead_scoring_data_pipeline/constants.py
[2024-03-11T16:10:09.978+0000] {processor.py:830} INFO - Processing file /home/airflow/dags/Lead_scoring_data_pipeline/constants.py for tasks to queue
[2024-03-11T16:10:09.979+0000] {logging_mixin.py:188} INFO - [2024-03-11T16:10:09.978+0000] {dagbag.py:540} INFO - Filling up the DagBag from /home/airflow/dags/Lead_scoring_data_pipeline/constants.py
[2024-03-11T16:10:09.981+0000] {processor.py:842} WARNING - No viable dags retrieved from /home/airflow/dags/Lead_scoring_data_pipeline/constants.py
[2024-03-11T16:10:09.992+0000] {processor.py:183} INFO - Processing /home/airflow/dags/Lead_scoring_data_pipeline/constants.py took 0.019 seconds
[2024-03-11T16:10:55.855+0000] {processor.py:161} INFO - Started process (PID=565) to work on /home/airflow/dags/Lead_scoring_data_pipeline/constants.py
[2024-03-11T16:10:55.857+0000] {processor.py:830} INFO - Processing file /home/airflow/dags/Lead_scoring_data_pipeline/constants.py for tasks to queue
[2024-03-11T16:10:55.858+0000] {logging_mixin.py:188} INFO - [2024-03-11T16:10:55.858+0000] {dagbag.py:540} INFO - Filling up the DagBag from /home/airflow/dags/Lead_scoring_data_pipeline/constants.py
[2024-03-11T16:10:55.861+0000] {processor.py:842} WARNING - No viable dags retrieved from /home/airflow/dags/Lead_scoring_data_pipeline/constants.py
[2024-03-11T16:10:55.871+0000] {processor.py:183} INFO - Processing /home/airflow/dags/Lead_scoring_data_pipeline/constants.py took 0.020 seconds
[2024-03-11T16:11:58.731+0000] {processor.py:161} INFO - Started process (PID=632) to work on /home/airflow/dags/Lead_scoring_data_pipeline/constants.py
[2024-03-11T16:11:58.733+0000] {processor.py:830} INFO - Processing file /home/airflow/dags/Lead_scoring_data_pipeline/constants.py for tasks to queue
[2024-03-11T16:11:58.734+0000] {logging_mixin.py:188} INFO - [2024-03-11T16:11:58.733+0000] {dagbag.py:540} INFO - Filling up the DagBag from /home/airflow/dags/Lead_scoring_data_pipeline/constants.py
[2024-03-11T16:11:58.736+0000] {processor.py:842} WARNING - No viable dags retrieved from /home/airflow/dags/Lead_scoring_data_pipeline/constants.py
[2024-03-11T16:11:58.747+0000] {processor.py:183} INFO - Processing /home/airflow/dags/Lead_scoring_data_pipeline/constants.py took 0.020 seconds
[2024-03-11T16:12:51.012+0000] {processor.py:161} INFO - Started process (PID=686) to work on /home/airflow/dags/Lead_scoring_data_pipeline/constants.py
[2024-03-11T16:12:51.014+0000] {processor.py:830} INFO - Processing file /home/airflow/dags/Lead_scoring_data_pipeline/constants.py for tasks to queue
[2024-03-11T16:12:51.015+0000] {logging_mixin.py:188} INFO - [2024-03-11T16:12:51.015+0000] {dagbag.py:540} INFO - Filling up the DagBag from /home/airflow/dags/Lead_scoring_data_pipeline/constants.py
[2024-03-11T16:12:51.017+0000] {processor.py:842} WARNING - No viable dags retrieved from /home/airflow/dags/Lead_scoring_data_pipeline/constants.py
[2024-03-11T16:12:51.025+0000] {processor.py:183} INFO - Processing /home/airflow/dags/Lead_scoring_data_pipeline/constants.py took 0.015 seconds
[2024-03-11T16:13:29.862+0000] {processor.py:161} INFO - Started process (PID=736) to work on /home/airflow/dags/Lead_scoring_data_pipeline/constants.py
[2024-03-11T16:13:29.864+0000] {processor.py:830} INFO - Processing file /home/airflow/dags/Lead_scoring_data_pipeline/constants.py for tasks to queue
[2024-03-11T16:13:29.865+0000] {logging_mixin.py:188} INFO - [2024-03-11T16:13:29.865+0000] {dagbag.py:540} INFO - Filling up the DagBag from /home/airflow/dags/Lead_scoring_data_pipeline/constants.py
[2024-03-11T16:13:29.867+0000] {processor.py:842} WARNING - No viable dags retrieved from /home/airflow/dags/Lead_scoring_data_pipeline/constants.py
[2024-03-11T16:13:29.876+0000] {processor.py:183} INFO - Processing /home/airflow/dags/Lead_scoring_data_pipeline/constants.py took 0.019 seconds
[2024-03-11T16:14:02.387+0000] {processor.py:161} INFO - Started process (PID=770) to work on /home/airflow/dags/Lead_scoring_data_pipeline/constants.py
[2024-03-11T16:14:02.390+0000] {processor.py:830} INFO - Processing file /home/airflow/dags/Lead_scoring_data_pipeline/constants.py for tasks to queue
[2024-03-11T16:14:02.391+0000] {logging_mixin.py:188} INFO - [2024-03-11T16:14:02.390+0000] {dagbag.py:540} INFO - Filling up the DagBag from /home/airflow/dags/Lead_scoring_data_pipeline/constants.py
[2024-03-11T16:14:02.394+0000] {processor.py:842} WARNING - No viable dags retrieved from /home/airflow/dags/Lead_scoring_data_pipeline/constants.py
[2024-03-11T16:14:02.407+0000] {processor.py:183} INFO - Processing /home/airflow/dags/Lead_scoring_data_pipeline/constants.py took 0.023 seconds
[2024-03-11T16:14:47.856+0000] {processor.py:161} INFO - Started process (PID=816) to work on /home/airflow/dags/Lead_scoring_data_pipeline/constants.py
[2024-03-11T16:14:47.858+0000] {processor.py:830} INFO - Processing file /home/airflow/dags/Lead_scoring_data_pipeline/constants.py for tasks to queue
[2024-03-11T16:14:47.859+0000] {logging_mixin.py:188} INFO - [2024-03-11T16:14:47.858+0000] {dagbag.py:540} INFO - Filling up the DagBag from /home/airflow/dags/Lead_scoring_data_pipeline/constants.py
[2024-03-11T16:14:47.861+0000] {processor.py:842} WARNING - No viable dags retrieved from /home/airflow/dags/Lead_scoring_data_pipeline/constants.py
[2024-03-11T16:14:47.872+0000] {processor.py:183} INFO - Processing /home/airflow/dags/Lead_scoring_data_pipeline/constants.py took 0.020 seconds
[2024-03-11T16:15:35.922+0000] {processor.py:161} INFO - Started process (PID=864) to work on /home/airflow/dags/Lead_scoring_data_pipeline/constants.py
[2024-03-11T16:15:35.924+0000] {processor.py:830} INFO - Processing file /home/airflow/dags/Lead_scoring_data_pipeline/constants.py for tasks to queue
[2024-03-11T16:15:35.925+0000] {logging_mixin.py:188} INFO - [2024-03-11T16:15:35.925+0000] {dagbag.py:540} INFO - Filling up the DagBag from /home/airflow/dags/Lead_scoring_data_pipeline/constants.py
[2024-03-11T16:15:35.928+0000] {processor.py:842} WARNING - No viable dags retrieved from /home/airflow/dags/Lead_scoring_data_pipeline/constants.py
[2024-03-11T16:15:35.939+0000] {processor.py:183} INFO - Processing /home/airflow/dags/Lead_scoring_data_pipeline/constants.py took 0.021 seconds
[2024-03-11T16:16:22.893+0000] {processor.py:161} INFO - Started process (PID=911) to work on /home/airflow/dags/Lead_scoring_data_pipeline/constants.py
[2024-03-11T16:16:22.896+0000] {processor.py:830} INFO - Processing file /home/airflow/dags/Lead_scoring_data_pipeline/constants.py for tasks to queue
[2024-03-11T16:16:22.897+0000] {logging_mixin.py:188} INFO - [2024-03-11T16:16:22.897+0000] {dagbag.py:540} INFO - Filling up the DagBag from /home/airflow/dags/Lead_scoring_data_pipeline/constants.py
[2024-03-11T16:16:22.900+0000] {processor.py:842} WARNING - No viable dags retrieved from /home/airflow/dags/Lead_scoring_data_pipeline/constants.py
[2024-03-11T16:16:22.911+0000] {processor.py:183} INFO - Processing /home/airflow/dags/Lead_scoring_data_pipeline/constants.py took 0.021 seconds
[2024-03-11T16:17:10.101+0000] {processor.py:161} INFO - Started process (PID=959) to work on /home/airflow/dags/Lead_scoring_data_pipeline/constants.py
[2024-03-11T16:17:10.104+0000] {processor.py:830} INFO - Processing file /home/airflow/dags/Lead_scoring_data_pipeline/constants.py for tasks to queue
[2024-03-11T16:17:10.105+0000] {logging_mixin.py:188} INFO - [2024-03-11T16:17:10.104+0000] {dagbag.py:540} INFO - Filling up the DagBag from /home/airflow/dags/Lead_scoring_data_pipeline/constants.py
[2024-03-11T16:17:10.107+0000] {processor.py:842} WARNING - No viable dags retrieved from /home/airflow/dags/Lead_scoring_data_pipeline/constants.py
[2024-03-11T16:17:10.118+0000] {processor.py:183} INFO - Processing /home/airflow/dags/Lead_scoring_data_pipeline/constants.py took 0.019 seconds
[2024-03-11T16:17:57.969+0000] {processor.py:161} INFO - Started process (PID=1004) to work on /home/airflow/dags/Lead_scoring_data_pipeline/constants.py
[2024-03-11T16:17:57.971+0000] {processor.py:830} INFO - Processing file /home/airflow/dags/Lead_scoring_data_pipeline/constants.py for tasks to queue
[2024-03-11T16:17:57.972+0000] {logging_mixin.py:188} INFO - [2024-03-11T16:17:57.972+0000] {dagbag.py:540} INFO - Filling up the DagBag from /home/airflow/dags/Lead_scoring_data_pipeline/constants.py
[2024-03-11T16:17:57.975+0000] {processor.py:842} WARNING - No viable dags retrieved from /home/airflow/dags/Lead_scoring_data_pipeline/constants.py
[2024-03-11T16:17:57.986+0000] {processor.py:183} INFO - Processing /home/airflow/dags/Lead_scoring_data_pipeline/constants.py took 0.020 seconds
[2024-03-11T16:18:47.623+0000] {processor.py:161} INFO - Started process (PID=1053) to work on /home/airflow/dags/Lead_scoring_data_pipeline/constants.py
[2024-03-11T16:18:47.625+0000] {processor.py:830} INFO - Processing file /home/airflow/dags/Lead_scoring_data_pipeline/constants.py for tasks to queue
[2024-03-11T16:18:47.626+0000] {logging_mixin.py:188} INFO - [2024-03-11T16:18:47.625+0000] {dagbag.py:540} INFO - Filling up the DagBag from /home/airflow/dags/Lead_scoring_data_pipeline/constants.py
[2024-03-11T16:18:47.629+0000] {processor.py:842} WARNING - No viable dags retrieved from /home/airflow/dags/Lead_scoring_data_pipeline/constants.py
[2024-03-11T16:18:47.640+0000] {processor.py:183} INFO - Processing /home/airflow/dags/Lead_scoring_data_pipeline/constants.py took 0.021 seconds
[2024-03-11T16:19:20.016+0000] {processor.py:161} INFO - Started process (PID=1090) to work on /home/airflow/dags/Lead_scoring_data_pipeline/constants.py
[2024-03-11T16:19:20.018+0000] {processor.py:830} INFO - Processing file /home/airflow/dags/Lead_scoring_data_pipeline/constants.py for tasks to queue
[2024-03-11T16:19:20.019+0000] {logging_mixin.py:188} INFO - [2024-03-11T16:19:20.019+0000] {dagbag.py:540} INFO - Filling up the DagBag from /home/airflow/dags/Lead_scoring_data_pipeline/constants.py
[2024-03-11T16:19:20.021+0000] {processor.py:842} WARNING - No viable dags retrieved from /home/airflow/dags/Lead_scoring_data_pipeline/constants.py
[2024-03-11T16:19:20.032+0000] {processor.py:183} INFO - Processing /home/airflow/dags/Lead_scoring_data_pipeline/constants.py took 0.019 seconds
[2024-03-11T16:19:53.906+0000] {processor.py:161} INFO - Started process (PID=1123) to work on /home/airflow/dags/Lead_scoring_data_pipeline/constants.py
[2024-03-11T16:19:53.908+0000] {processor.py:830} INFO - Processing file /home/airflow/dags/Lead_scoring_data_pipeline/constants.py for tasks to queue
[2024-03-11T16:19:53.909+0000] {logging_mixin.py:188} INFO - [2024-03-11T16:19:53.909+0000] {dagbag.py:540} INFO - Filling up the DagBag from /home/airflow/dags/Lead_scoring_data_pipeline/constants.py
[2024-03-11T16:19:53.912+0000] {processor.py:842} WARNING - No viable dags retrieved from /home/airflow/dags/Lead_scoring_data_pipeline/constants.py
[2024-03-11T16:19:53.923+0000] {processor.py:183} INFO - Processing /home/airflow/dags/Lead_scoring_data_pipeline/constants.py took 0.020 seconds
[2024-03-11T16:20:42.486+0000] {processor.py:161} INFO - Started process (PID=1204) to work on /home/airflow/dags/Lead_scoring_data_pipeline/constants.py
[2024-03-11T16:20:42.489+0000] {processor.py:830} INFO - Processing file /home/airflow/dags/Lead_scoring_data_pipeline/constants.py for tasks to queue
[2024-03-11T16:20:42.490+0000] {logging_mixin.py:188} INFO - [2024-03-11T16:20:42.489+0000] {dagbag.py:540} INFO - Filling up the DagBag from /home/airflow/dags/Lead_scoring_data_pipeline/constants.py
[2024-03-11T16:20:42.492+0000] {processor.py:842} WARNING - No viable dags retrieved from /home/airflow/dags/Lead_scoring_data_pipeline/constants.py
[2024-03-11T16:20:42.504+0000] {processor.py:183} INFO - Processing /home/airflow/dags/Lead_scoring_data_pipeline/constants.py took 0.021 seconds
[2024-03-11T16:21:30.020+0000] {processor.py:161} INFO - Started process (PID=1276) to work on /home/airflow/dags/Lead_scoring_data_pipeline/constants.py
[2024-03-11T16:21:30.022+0000] {processor.py:830} INFO - Processing file /home/airflow/dags/Lead_scoring_data_pipeline/constants.py for tasks to queue
[2024-03-11T16:21:30.023+0000] {logging_mixin.py:188} INFO - [2024-03-11T16:21:30.023+0000] {dagbag.py:540} INFO - Filling up the DagBag from /home/airflow/dags/Lead_scoring_data_pipeline/constants.py
[2024-03-11T16:21:30.025+0000] {processor.py:842} WARNING - No viable dags retrieved from /home/airflow/dags/Lead_scoring_data_pipeline/constants.py
[2024-03-11T16:21:30.036+0000] {processor.py:183} INFO - Processing /home/airflow/dags/Lead_scoring_data_pipeline/constants.py took 0.020 seconds
[2024-03-11T16:22:20.565+0000] {processor.py:161} INFO - Started process (PID=1333) to work on /home/airflow/dags/Lead_scoring_data_pipeline/constants.py
[2024-03-11T16:22:20.567+0000] {processor.py:830} INFO - Processing file /home/airflow/dags/Lead_scoring_data_pipeline/constants.py for tasks to queue
[2024-03-11T16:22:20.568+0000] {logging_mixin.py:188} INFO - [2024-03-11T16:22:20.567+0000] {dagbag.py:540} INFO - Filling up the DagBag from /home/airflow/dags/Lead_scoring_data_pipeline/constants.py
[2024-03-11T16:22:20.570+0000] {processor.py:842} WARNING - No viable dags retrieved from /home/airflow/dags/Lead_scoring_data_pipeline/constants.py
[2024-03-11T16:22:20.581+0000] {processor.py:183} INFO - Processing /home/airflow/dags/Lead_scoring_data_pipeline/constants.py took 0.020 seconds
[2024-03-11T16:23:03.550+0000] {processor.py:161} INFO - Started process (PID=1389) to work on /home/airflow/dags/Lead_scoring_data_pipeline/constants.py
[2024-03-11T16:23:03.553+0000] {processor.py:830} INFO - Processing file /home/airflow/dags/Lead_scoring_data_pipeline/constants.py for tasks to queue
[2024-03-11T16:23:03.554+0000] {logging_mixin.py:188} INFO - [2024-03-11T16:23:03.553+0000] {dagbag.py:540} INFO - Filling up the DagBag from /home/airflow/dags/Lead_scoring_data_pipeline/constants.py
[2024-03-11T16:23:03.555+0000] {logging_mixin.py:188} INFO - [2024-03-11T16:23:03.555+0000] {dagbag.py:329} INFO - File /home/airflow/dags/Lead_scoring_data_pipeline/constants.py assumed to contain no DAGs. Skipping.
[2024-03-11T16:23:03.555+0000] {processor.py:842} WARNING - No viable dags retrieved from /home/airflow/dags/Lead_scoring_data_pipeline/constants.py
[2024-03-11T16:23:03.566+0000] {processor.py:183} INFO - Processing /home/airflow/dags/Lead_scoring_data_pipeline/constants.py took 0.019 seconds
[2024-03-11T16:28:09.184+0000] {processor.py:161} INFO - Started process (PID=1644) to work on /home/airflow/dags/Lead_scoring_data_pipeline/constants.py
[2024-03-11T16:28:09.186+0000] {processor.py:830} INFO - Processing file /home/airflow/dags/Lead_scoring_data_pipeline/constants.py for tasks to queue
[2024-03-11T16:28:09.189+0000] {logging_mixin.py:188} INFO - [2024-03-11T16:28:09.187+0000] {dagbag.py:540} INFO - Filling up the DagBag from /home/airflow/dags/Lead_scoring_data_pipeline/constants.py
[2024-03-11T16:28:09.196+0000] {processor.py:842} WARNING - No viable dags retrieved from /home/airflow/dags/Lead_scoring_data_pipeline/constants.py
[2024-03-11T16:28:09.207+0000] {processor.py:183} INFO - Processing /home/airflow/dags/Lead_scoring_data_pipeline/constants.py took 0.026 seconds
[2024-03-11T16:28:47.424+0000] {processor.py:161} INFO - Started process (PID=1686) to work on /home/airflow/dags/Lead_scoring_data_pipeline/constants.py
[2024-03-11T16:28:47.427+0000] {processor.py:830} INFO - Processing file /home/airflow/dags/Lead_scoring_data_pipeline/constants.py for tasks to queue
[2024-03-11T16:28:47.428+0000] {logging_mixin.py:188} INFO - [2024-03-11T16:28:47.427+0000] {dagbag.py:540} INFO - Filling up the DagBag from /home/airflow/dags/Lead_scoring_data_pipeline/constants.py
[2024-03-11T16:28:47.430+0000] {processor.py:842} WARNING - No viable dags retrieved from /home/airflow/dags/Lead_scoring_data_pipeline/constants.py
[2024-03-11T16:28:47.441+0000] {processor.py:183} INFO - Processing /home/airflow/dags/Lead_scoring_data_pipeline/constants.py took 0.021 seconds
[2024-03-11T16:29:31.926+0000] {processor.py:161} INFO - Started process (PID=1732) to work on /home/airflow/dags/Lead_scoring_data_pipeline/constants.py
[2024-03-11T16:29:31.928+0000] {processor.py:830} INFO - Processing file /home/airflow/dags/Lead_scoring_data_pipeline/constants.py for tasks to queue
[2024-03-11T16:29:31.928+0000] {logging_mixin.py:188} INFO - [2024-03-11T16:29:31.928+0000] {dagbag.py:540} INFO - Filling up the DagBag from /home/airflow/dags/Lead_scoring_data_pipeline/constants.py
[2024-03-11T16:29:31.933+0000] {processor.py:842} WARNING - No viable dags retrieved from /home/airflow/dags/Lead_scoring_data_pipeline/constants.py
[2024-03-11T16:29:31.951+0000] {processor.py:183} INFO - Processing /home/airflow/dags/Lead_scoring_data_pipeline/constants.py took 0.029 seconds
[2024-03-11T16:30:09.759+0000] {processor.py:161} INFO - Started process (PID=1774) to work on /home/airflow/dags/Lead_scoring_data_pipeline/constants.py
[2024-03-11T16:30:09.766+0000] {processor.py:830} INFO - Processing file /home/airflow/dags/Lead_scoring_data_pipeline/constants.py for tasks to queue
[2024-03-11T16:30:09.767+0000] {logging_mixin.py:188} INFO - [2024-03-11T16:30:09.767+0000] {dagbag.py:540} INFO - Filling up the DagBag from /home/airflow/dags/Lead_scoring_data_pipeline/constants.py
[2024-03-11T16:30:09.770+0000] {processor.py:842} WARNING - No viable dags retrieved from /home/airflow/dags/Lead_scoring_data_pipeline/constants.py
[2024-03-11T16:30:09.782+0000] {processor.py:183} INFO - Processing /home/airflow/dags/Lead_scoring_data_pipeline/constants.py took 0.026 seconds
[2024-03-11T16:30:43.139+0000] {processor.py:161} INFO - Started process (PID=1812) to work on /home/airflow/dags/Lead_scoring_data_pipeline/constants.py
[2024-03-11T16:30:43.145+0000] {processor.py:830} INFO - Processing file /home/airflow/dags/Lead_scoring_data_pipeline/constants.py for tasks to queue
[2024-03-11T16:30:43.146+0000] {logging_mixin.py:188} INFO - [2024-03-11T16:30:43.146+0000] {dagbag.py:540} INFO - Filling up the DagBag from /home/airflow/dags/Lead_scoring_data_pipeline/constants.py
[2024-03-11T16:30:43.149+0000] {processor.py:842} WARNING - No viable dags retrieved from /home/airflow/dags/Lead_scoring_data_pipeline/constants.py
[2024-03-11T16:30:43.169+0000] {processor.py:183} INFO - Processing /home/airflow/dags/Lead_scoring_data_pipeline/constants.py took 0.033 seconds
[2024-03-11T16:31:02.615+0000] {processor.py:161} INFO - Started process (PID=1832) to work on /home/airflow/dags/Lead_scoring_data_pipeline/constants.py
[2024-03-11T16:31:02.616+0000] {processor.py:830} INFO - Processing file /home/airflow/dags/Lead_scoring_data_pipeline/constants.py for tasks to queue
[2024-03-11T16:31:02.617+0000] {logging_mixin.py:188} INFO - [2024-03-11T16:31:02.617+0000] {dagbag.py:540} INFO - Filling up the DagBag from /home/airflow/dags/Lead_scoring_data_pipeline/constants.py
[2024-03-11T16:31:02.620+0000] {processor.py:842} WARNING - No viable dags retrieved from /home/airflow/dags/Lead_scoring_data_pipeline/constants.py
[2024-03-11T16:31:02.632+0000] {processor.py:183} INFO - Processing /home/airflow/dags/Lead_scoring_data_pipeline/constants.py took 0.020 seconds
[2024-03-11T16:32:26.390+0000] {processor.py:161} INFO - Started process (PID=1874) to work on /home/airflow/dags/Lead_scoring_data_pipeline/constants.py
[2024-03-11T16:32:26.393+0000] {processor.py:830} INFO - Processing file /home/airflow/dags/Lead_scoring_data_pipeline/constants.py for tasks to queue
[2024-03-11T16:32:26.394+0000] {logging_mixin.py:188} INFO - [2024-03-11T16:32:26.393+0000] {dagbag.py:540} INFO - Filling up the DagBag from /home/airflow/dags/Lead_scoring_data_pipeline/constants.py
[2024-03-11T16:32:26.396+0000] {processor.py:842} WARNING - No viable dags retrieved from /home/airflow/dags/Lead_scoring_data_pipeline/constants.py
[2024-03-11T16:32:26.417+0000] {processor.py:183} INFO - Processing /home/airflow/dags/Lead_scoring_data_pipeline/constants.py took 0.030 seconds
[2024-03-11T16:33:45.613+0000] {processor.py:161} INFO - Started process (PID=1928) to work on /home/airflow/dags/Lead_scoring_data_pipeline/constants.py
[2024-03-11T16:33:45.615+0000] {processor.py:830} INFO - Processing file /home/airflow/dags/Lead_scoring_data_pipeline/constants.py for tasks to queue
[2024-03-11T16:33:45.617+0000] {logging_mixin.py:188} INFO - [2024-03-11T16:33:45.616+0000] {dagbag.py:540} INFO - Filling up the DagBag from /home/airflow/dags/Lead_scoring_data_pipeline/constants.py
[2024-03-11T16:33:45.619+0000] {processor.py:842} WARNING - No viable dags retrieved from /home/airflow/dags/Lead_scoring_data_pipeline/constants.py
[2024-03-11T16:33:45.631+0000] {processor.py:183} INFO - Processing /home/airflow/dags/Lead_scoring_data_pipeline/constants.py took 0.022 seconds
[2024-03-11T16:35:11.451+0000] {processor.py:161} INFO - Started process (PID=1968) to work on /home/airflow/dags/Lead_scoring_data_pipeline/constants.py
[2024-03-11T16:35:11.453+0000] {processor.py:830} INFO - Processing file /home/airflow/dags/Lead_scoring_data_pipeline/constants.py for tasks to queue
[2024-03-11T16:35:11.455+0000] {logging_mixin.py:188} INFO - [2024-03-11T16:35:11.454+0000] {dagbag.py:540} INFO - Filling up the DagBag from /home/airflow/dags/Lead_scoring_data_pipeline/constants.py
[2024-03-11T16:35:11.457+0000] {processor.py:842} WARNING - No viable dags retrieved from /home/airflow/dags/Lead_scoring_data_pipeline/constants.py
[2024-03-11T16:35:11.477+0000] {processor.py:183} INFO - Processing /home/airflow/dags/Lead_scoring_data_pipeline/constants.py took 0.029 seconds
[2024-03-11T16:36:32.939+0000] {processor.py:161} INFO - Started process (PID=2021) to work on /home/airflow/dags/Lead_scoring_data_pipeline/constants.py
[2024-03-11T16:36:32.941+0000] {processor.py:830} INFO - Processing file /home/airflow/dags/Lead_scoring_data_pipeline/constants.py for tasks to queue
[2024-03-11T16:36:32.946+0000] {logging_mixin.py:188} INFO - [2024-03-11T16:36:32.945+0000] {dagbag.py:540} INFO - Filling up the DagBag from /home/airflow/dags/Lead_scoring_data_pipeline/constants.py
[2024-03-11T16:36:32.948+0000] {processor.py:842} WARNING - No viable dags retrieved from /home/airflow/dags/Lead_scoring_data_pipeline/constants.py
[2024-03-11T16:36:32.960+0000] {processor.py:183} INFO - Processing /home/airflow/dags/Lead_scoring_data_pipeline/constants.py took 0.025 seconds
[2024-03-11T16:41:39.451+0000] {processor.py:161} INFO - Started process (PID=467) to work on /home/airflow/dags/Lead_scoring_data_pipeline/constants.py
[2024-03-11T16:41:39.454+0000] {processor.py:830} INFO - Processing file /home/airflow/dags/Lead_scoring_data_pipeline/constants.py for tasks to queue
[2024-03-11T16:41:39.455+0000] {logging_mixin.py:188} INFO - [2024-03-11T16:41:39.454+0000] {dagbag.py:540} INFO - Filling up the DagBag from /home/airflow/dags/Lead_scoring_data_pipeline/constants.py
[2024-03-11T16:41:39.457+0000] {processor.py:842} WARNING - No viable dags retrieved from /home/airflow/dags/Lead_scoring_data_pipeline/constants.py
[2024-03-11T16:41:39.467+0000] {processor.py:183} INFO - Processing /home/airflow/dags/Lead_scoring_data_pipeline/constants.py took 0.019 seconds
[2024-03-11T16:48:22.786+0000] {processor.py:161} INFO - Started process (PID=840) to work on /home/airflow/dags/Lead_scoring_data_pipeline/constants.py
[2024-03-11T16:48:22.788+0000] {processor.py:830} INFO - Processing file /home/airflow/dags/Lead_scoring_data_pipeline/constants.py for tasks to queue
[2024-03-11T16:48:22.789+0000] {logging_mixin.py:188} INFO - [2024-03-11T16:48:22.789+0000] {dagbag.py:540} INFO - Filling up the DagBag from /home/airflow/dags/Lead_scoring_data_pipeline/constants.py
[2024-03-11T16:48:22.792+0000] {processor.py:842} WARNING - No viable dags retrieved from /home/airflow/dags/Lead_scoring_data_pipeline/constants.py
[2024-03-11T16:48:22.802+0000] {processor.py:183} INFO - Processing /home/airflow/dags/Lead_scoring_data_pipeline/constants.py took 0.019 seconds
[2024-03-11T16:49:15.967+0000] {processor.py:161} INFO - Started process (PID=951) to work on /home/airflow/dags/Lead_scoring_data_pipeline/constants.py
[2024-03-11T16:49:15.969+0000] {processor.py:830} INFO - Processing file /home/airflow/dags/Lead_scoring_data_pipeline/constants.py for tasks to queue
[2024-03-11T16:49:15.970+0000] {logging_mixin.py:188} INFO - [2024-03-11T16:49:15.969+0000] {dagbag.py:540} INFO - Filling up the DagBag from /home/airflow/dags/Lead_scoring_data_pipeline/constants.py
[2024-03-11T16:49:15.972+0000] {processor.py:842} WARNING - No viable dags retrieved from /home/airflow/dags/Lead_scoring_data_pipeline/constants.py
[2024-03-11T16:49:15.983+0000] {processor.py:183} INFO - Processing /home/airflow/dags/Lead_scoring_data_pipeline/constants.py took 0.019 seconds
[2024-03-11T16:50:30.722+0000] {processor.py:161} INFO - Started process (PID=1065) to work on /home/airflow/dags/Lead_scoring_data_pipeline/constants.py
[2024-03-11T16:50:30.724+0000] {processor.py:830} INFO - Processing file /home/airflow/dags/Lead_scoring_data_pipeline/constants.py for tasks to queue
[2024-03-11T16:50:30.725+0000] {logging_mixin.py:188} INFO - [2024-03-11T16:50:30.724+0000] {dagbag.py:540} INFO - Filling up the DagBag from /home/airflow/dags/Lead_scoring_data_pipeline/constants.py
[2024-03-11T16:50:30.727+0000] {processor.py:842} WARNING - No viable dags retrieved from /home/airflow/dags/Lead_scoring_data_pipeline/constants.py
[2024-03-11T16:50:30.737+0000] {processor.py:183} INFO - Processing /home/airflow/dags/Lead_scoring_data_pipeline/constants.py took 0.019 seconds
[2024-03-11T16:51:28.127+0000] {processor.py:161} INFO - Started process (PID=1143) to work on /home/airflow/dags/Lead_scoring_data_pipeline/constants.py
[2024-03-11T16:51:28.129+0000] {processor.py:830} INFO - Processing file /home/airflow/dags/Lead_scoring_data_pipeline/constants.py for tasks to queue
[2024-03-11T16:51:28.130+0000] {logging_mixin.py:188} INFO - [2024-03-11T16:51:28.130+0000] {dagbag.py:540} INFO - Filling up the DagBag from /home/airflow/dags/Lead_scoring_data_pipeline/constants.py
[2024-03-11T16:51:28.132+0000] {processor.py:842} WARNING - No viable dags retrieved from /home/airflow/dags/Lead_scoring_data_pipeline/constants.py
[2024-03-11T16:51:28.142+0000] {processor.py:183} INFO - Processing /home/airflow/dags/Lead_scoring_data_pipeline/constants.py took 0.018 seconds
[2024-03-11T16:52:23.620+0000] {processor.py:161} INFO - Started process (PID=1213) to work on /home/airflow/dags/Lead_scoring_data_pipeline/constants.py
[2024-03-11T16:52:23.621+0000] {processor.py:830} INFO - Processing file /home/airflow/dags/Lead_scoring_data_pipeline/constants.py for tasks to queue
[2024-03-11T16:52:23.622+0000] {logging_mixin.py:188} INFO - [2024-03-11T16:52:23.622+0000] {dagbag.py:540} INFO - Filling up the DagBag from /home/airflow/dags/Lead_scoring_data_pipeline/constants.py
[2024-03-11T16:52:23.625+0000] {processor.py:842} WARNING - No viable dags retrieved from /home/airflow/dags/Lead_scoring_data_pipeline/constants.py
[2024-03-11T16:52:23.635+0000] {processor.py:183} INFO - Processing /home/airflow/dags/Lead_scoring_data_pipeline/constants.py took 0.018 seconds
[2024-03-11T16:53:42.658+0000] {processor.py:161} INFO - Started process (PID=1314) to work on /home/airflow/dags/Lead_scoring_data_pipeline/constants.py
[2024-03-11T16:53:42.659+0000] {processor.py:830} INFO - Processing file /home/airflow/dags/Lead_scoring_data_pipeline/constants.py for tasks to queue
[2024-03-11T16:53:42.660+0000] {logging_mixin.py:188} INFO - [2024-03-11T16:53:42.660+0000] {dagbag.py:540} INFO - Filling up the DagBag from /home/airflow/dags/Lead_scoring_data_pipeline/constants.py
[2024-03-11T16:53:42.663+0000] {processor.py:842} WARNING - No viable dags retrieved from /home/airflow/dags/Lead_scoring_data_pipeline/constants.py
[2024-03-11T16:53:42.673+0000] {processor.py:183} INFO - Processing /home/airflow/dags/Lead_scoring_data_pipeline/constants.py took 0.019 seconds
[2024-03-11T16:54:37.128+0000] {processor.py:161} INFO - Started process (PID=1379) to work on /home/airflow/dags/Lead_scoring_data_pipeline/constants.py
[2024-03-11T16:54:37.130+0000] {processor.py:830} INFO - Processing file /home/airflow/dags/Lead_scoring_data_pipeline/constants.py for tasks to queue
[2024-03-11T16:54:37.131+0000] {logging_mixin.py:188} INFO - [2024-03-11T16:54:37.131+0000] {dagbag.py:540} INFO - Filling up the DagBag from /home/airflow/dags/Lead_scoring_data_pipeline/constants.py
[2024-03-11T16:54:37.133+0000] {processor.py:842} WARNING - No viable dags retrieved from /home/airflow/dags/Lead_scoring_data_pipeline/constants.py
[2024-03-11T16:54:37.143+0000] {processor.py:183} INFO - Processing /home/airflow/dags/Lead_scoring_data_pipeline/constants.py took 0.018 seconds
[2024-03-11T16:55:33.321+0000] {processor.py:161} INFO - Started process (PID=1457) to work on /home/airflow/dags/Lead_scoring_data_pipeline/constants.py
[2024-03-11T16:55:33.323+0000] {processor.py:830} INFO - Processing file /home/airflow/dags/Lead_scoring_data_pipeline/constants.py for tasks to queue
[2024-03-11T16:55:33.324+0000] {logging_mixin.py:188} INFO - [2024-03-11T16:55:33.324+0000] {dagbag.py:540} INFO - Filling up the DagBag from /home/airflow/dags/Lead_scoring_data_pipeline/constants.py
[2024-03-11T16:55:33.327+0000] {processor.py:842} WARNING - No viable dags retrieved from /home/airflow/dags/Lead_scoring_data_pipeline/constants.py
[2024-03-11T16:55:33.337+0000] {processor.py:183} INFO - Processing /home/airflow/dags/Lead_scoring_data_pipeline/constants.py took 0.019 seconds
[2024-03-11T16:56:52.470+0000] {processor.py:161} INFO - Started process (PID=1584) to work on /home/airflow/dags/Lead_scoring_data_pipeline/constants.py
[2024-03-11T16:56:52.472+0000] {processor.py:830} INFO - Processing file /home/airflow/dags/Lead_scoring_data_pipeline/constants.py for tasks to queue
[2024-03-11T16:56:52.473+0000] {logging_mixin.py:188} INFO - [2024-03-11T16:56:52.472+0000] {dagbag.py:540} INFO - Filling up the DagBag from /home/airflow/dags/Lead_scoring_data_pipeline/constants.py
[2024-03-11T16:56:52.477+0000] {processor.py:842} WARNING - No viable dags retrieved from /home/airflow/dags/Lead_scoring_data_pipeline/constants.py
[2024-03-11T16:56:52.487+0000] {processor.py:183} INFO - Processing /home/airflow/dags/Lead_scoring_data_pipeline/constants.py took 0.021 seconds
[2024-03-11T16:58:14.610+0000] {processor.py:161} INFO - Started process (PID=1783) to work on /home/airflow/dags/Lead_scoring_data_pipeline/constants.py
[2024-03-11T16:58:14.612+0000] {processor.py:830} INFO - Processing file /home/airflow/dags/Lead_scoring_data_pipeline/constants.py for tasks to queue
[2024-03-11T16:58:14.613+0000] {logging_mixin.py:188} INFO - [2024-03-11T16:58:14.613+0000] {dagbag.py:540} INFO - Filling up the DagBag from /home/airflow/dags/Lead_scoring_data_pipeline/constants.py
[2024-03-11T16:58:14.615+0000] {processor.py:842} WARNING - No viable dags retrieved from /home/airflow/dags/Lead_scoring_data_pipeline/constants.py
[2024-03-11T16:58:14.625+0000] {processor.py:183} INFO - Processing /home/airflow/dags/Lead_scoring_data_pipeline/constants.py took 0.019 seconds
[2024-03-11T17:09:04.407+0000] {processor.py:161} INFO - Started process (PID=2333) to work on /home/airflow/dags/Lead_scoring_data_pipeline/constants.py
[2024-03-11T17:09:04.411+0000] {processor.py:830} INFO - Processing file /home/airflow/dags/Lead_scoring_data_pipeline/constants.py for tasks to queue
[2024-03-11T17:09:04.412+0000] {logging_mixin.py:188} INFO - [2024-03-11T17:09:04.411+0000] {dagbag.py:540} INFO - Filling up the DagBag from /home/airflow/dags/Lead_scoring_data_pipeline/constants.py
[2024-03-11T17:09:04.414+0000] {processor.py:842} WARNING - No viable dags retrieved from /home/airflow/dags/Lead_scoring_data_pipeline/constants.py
[2024-03-11T17:09:04.425+0000] {processor.py:183} INFO - Processing /home/airflow/dags/Lead_scoring_data_pipeline/constants.py took 0.021 seconds
[2024-03-11T17:10:01.610+0000] {processor.py:161} INFO - Started process (PID=2411) to work on /home/airflow/dags/Lead_scoring_data_pipeline/constants.py
[2024-03-11T17:10:01.612+0000] {processor.py:830} INFO - Processing file /home/airflow/dags/Lead_scoring_data_pipeline/constants.py for tasks to queue
[2024-03-11T17:10:01.613+0000] {logging_mixin.py:188} INFO - [2024-03-11T17:10:01.612+0000] {dagbag.py:540} INFO - Filling up the DagBag from /home/airflow/dags/Lead_scoring_data_pipeline/constants.py
[2024-03-11T17:10:01.615+0000] {processor.py:842} WARNING - No viable dags retrieved from /home/airflow/dags/Lead_scoring_data_pipeline/constants.py
[2024-03-11T17:10:01.625+0000] {processor.py:183} INFO - Processing /home/airflow/dags/Lead_scoring_data_pipeline/constants.py took 0.018 seconds
[2024-03-11T17:10:59.027+0000] {processor.py:161} INFO - Started process (PID=2489) to work on /home/airflow/dags/Lead_scoring_data_pipeline/constants.py
[2024-03-11T17:10:59.029+0000] {processor.py:830} INFO - Processing file /home/airflow/dags/Lead_scoring_data_pipeline/constants.py for tasks to queue
[2024-03-11T17:10:59.030+0000] {logging_mixin.py:188} INFO - [2024-03-11T17:10:59.030+0000] {dagbag.py:540} INFO - Filling up the DagBag from /home/airflow/dags/Lead_scoring_data_pipeline/constants.py
[2024-03-11T17:10:59.033+0000] {processor.py:842} WARNING - No viable dags retrieved from /home/airflow/dags/Lead_scoring_data_pipeline/constants.py
[2024-03-11T17:10:59.043+0000] {processor.py:183} INFO - Processing /home/airflow/dags/Lead_scoring_data_pipeline/constants.py took 0.019 seconds
[2024-03-11T17:12:22.951+0000] {processor.py:161} INFO - Started process (PID=2597) to work on /home/airflow/dags/Lead_scoring_data_pipeline/constants.py
[2024-03-11T17:12:22.953+0000] {processor.py:830} INFO - Processing file /home/airflow/dags/Lead_scoring_data_pipeline/constants.py for tasks to queue
[2024-03-11T17:12:22.954+0000] {logging_mixin.py:188} INFO - [2024-03-11T17:12:22.954+0000] {dagbag.py:540} INFO - Filling up the DagBag from /home/airflow/dags/Lead_scoring_data_pipeline/constants.py
[2024-03-11T17:12:22.956+0000] {processor.py:842} WARNING - No viable dags retrieved from /home/airflow/dags/Lead_scoring_data_pipeline/constants.py
[2024-03-11T17:12:22.967+0000] {processor.py:183} INFO - Processing /home/airflow/dags/Lead_scoring_data_pipeline/constants.py took 0.019 seconds
[2024-03-11T17:13:18.827+0000] {processor.py:161} INFO - Started process (PID=2718) to work on /home/airflow/dags/Lead_scoring_data_pipeline/constants.py
[2024-03-11T17:13:18.829+0000] {processor.py:830} INFO - Processing file /home/airflow/dags/Lead_scoring_data_pipeline/constants.py for tasks to queue
[2024-03-11T17:13:18.830+0000] {logging_mixin.py:188} INFO - [2024-03-11T17:13:18.829+0000] {dagbag.py:540} INFO - Filling up the DagBag from /home/airflow/dags/Lead_scoring_data_pipeline/constants.py
[2024-03-11T17:13:18.832+0000] {processor.py:842} WARNING - No viable dags retrieved from /home/airflow/dags/Lead_scoring_data_pipeline/constants.py
[2024-03-11T17:13:18.843+0000] {processor.py:183} INFO - Processing /home/airflow/dags/Lead_scoring_data_pipeline/constants.py took 0.019 seconds
[2024-03-11T17:14:15.518+0000] {processor.py:161} INFO - Started process (PID=2796) to work on /home/airflow/dags/Lead_scoring_data_pipeline/constants.py
[2024-03-11T17:14:15.520+0000] {processor.py:830} INFO - Processing file /home/airflow/dags/Lead_scoring_data_pipeline/constants.py for tasks to queue
[2024-03-11T17:14:15.521+0000] {logging_mixin.py:188} INFO - [2024-03-11T17:14:15.520+0000] {dagbag.py:540} INFO - Filling up the DagBag from /home/airflow/dags/Lead_scoring_data_pipeline/constants.py
[2024-03-11T17:14:15.523+0000] {processor.py:842} WARNING - No viable dags retrieved from /home/airflow/dags/Lead_scoring_data_pipeline/constants.py
[2024-03-11T17:14:15.534+0000] {processor.py:183} INFO - Processing /home/airflow/dags/Lead_scoring_data_pipeline/constants.py took 0.019 seconds
[2024-03-11T17:15:32.298+0000] {processor.py:161} INFO - Started process (PID=2948) to work on /home/airflow/dags/Lead_scoring_data_pipeline/constants.py
[2024-03-11T17:15:32.301+0000] {processor.py:830} INFO - Processing file /home/airflow/dags/Lead_scoring_data_pipeline/constants.py for tasks to queue
[2024-03-11T17:15:32.302+0000] {logging_mixin.py:188} INFO - [2024-03-11T17:15:32.301+0000] {dagbag.py:540} INFO - Filling up the DagBag from /home/airflow/dags/Lead_scoring_data_pipeline/constants.py
[2024-03-11T17:15:32.304+0000] {processor.py:842} WARNING - No viable dags retrieved from /home/airflow/dags/Lead_scoring_data_pipeline/constants.py
[2024-03-11T17:15:32.315+0000] {processor.py:183} INFO - Processing /home/airflow/dags/Lead_scoring_data_pipeline/constants.py took 0.019 seconds
[2024-03-11T17:16:49.547+0000] {processor.py:161} INFO - Started process (PID=3047) to work on /home/airflow/dags/Lead_scoring_data_pipeline/constants.py
[2024-03-11T17:16:49.549+0000] {processor.py:830} INFO - Processing file /home/airflow/dags/Lead_scoring_data_pipeline/constants.py for tasks to queue
[2024-03-11T17:16:49.550+0000] {logging_mixin.py:188} INFO - [2024-03-11T17:16:49.549+0000] {dagbag.py:540} INFO - Filling up the DagBag from /home/airflow/dags/Lead_scoring_data_pipeline/constants.py
[2024-03-11T17:16:49.552+0000] {processor.py:842} WARNING - No viable dags retrieved from /home/airflow/dags/Lead_scoring_data_pipeline/constants.py
[2024-03-11T17:16:49.563+0000] {processor.py:183} INFO - Processing /home/airflow/dags/Lead_scoring_data_pipeline/constants.py took 0.019 seconds
[2024-03-11T17:17:46.290+0000] {processor.py:161} INFO - Started process (PID=3125) to work on /home/airflow/dags/Lead_scoring_data_pipeline/constants.py
[2024-03-11T17:17:46.292+0000] {processor.py:830} INFO - Processing file /home/airflow/dags/Lead_scoring_data_pipeline/constants.py for tasks to queue
[2024-03-11T17:17:46.293+0000] {logging_mixin.py:188} INFO - [2024-03-11T17:17:46.293+0000] {dagbag.py:540} INFO - Filling up the DagBag from /home/airflow/dags/Lead_scoring_data_pipeline/constants.py
[2024-03-11T17:17:46.295+0000] {processor.py:842} WARNING - No viable dags retrieved from /home/airflow/dags/Lead_scoring_data_pipeline/constants.py
[2024-03-11T17:17:46.305+0000] {processor.py:183} INFO - Processing /home/airflow/dags/Lead_scoring_data_pipeline/constants.py took 0.018 seconds
[2024-03-11T17:19:09.276+0000] {processor.py:161} INFO - Started process (PID=3232) to work on /home/airflow/dags/Lead_scoring_data_pipeline/constants.py
[2024-03-11T17:19:09.278+0000] {processor.py:830} INFO - Processing file /home/airflow/dags/Lead_scoring_data_pipeline/constants.py for tasks to queue
[2024-03-11T17:19:09.278+0000] {logging_mixin.py:188} INFO - [2024-03-11T17:19:09.278+0000] {dagbag.py:540} INFO - Filling up the DagBag from /home/airflow/dags/Lead_scoring_data_pipeline/constants.py
[2024-03-11T17:19:09.281+0000] {processor.py:842} WARNING - No viable dags retrieved from /home/airflow/dags/Lead_scoring_data_pipeline/constants.py
[2024-03-11T17:19:09.291+0000] {processor.py:183} INFO - Processing /home/airflow/dags/Lead_scoring_data_pipeline/constants.py took 0.019 seconds
[2024-03-11T17:20:28.275+0000] {processor.py:161} INFO - Started process (PID=3334) to work on /home/airflow/dags/Lead_scoring_data_pipeline/constants.py
[2024-03-11T17:20:28.277+0000] {processor.py:830} INFO - Processing file /home/airflow/dags/Lead_scoring_data_pipeline/constants.py for tasks to queue
[2024-03-11T17:20:28.278+0000] {logging_mixin.py:188} INFO - [2024-03-11T17:20:28.277+0000] {dagbag.py:540} INFO - Filling up the DagBag from /home/airflow/dags/Lead_scoring_data_pipeline/constants.py
[2024-03-11T17:20:28.280+0000] {processor.py:842} WARNING - No viable dags retrieved from /home/airflow/dags/Lead_scoring_data_pipeline/constants.py
[2024-03-11T17:20:28.290+0000] {processor.py:183} INFO - Processing /home/airflow/dags/Lead_scoring_data_pipeline/constants.py took 0.019 seconds
[2024-03-11T17:21:48.714+0000] {processor.py:161} INFO - Started process (PID=3443) to work on /home/airflow/dags/Lead_scoring_data_pipeline/constants.py
[2024-03-11T17:21:48.716+0000] {processor.py:830} INFO - Processing file /home/airflow/dags/Lead_scoring_data_pipeline/constants.py for tasks to queue
[2024-03-11T17:21:48.717+0000] {logging_mixin.py:188} INFO - [2024-03-11T17:21:48.716+0000] {dagbag.py:540} INFO - Filling up the DagBag from /home/airflow/dags/Lead_scoring_data_pipeline/constants.py
[2024-03-11T17:21:48.719+0000] {processor.py:842} WARNING - No viable dags retrieved from /home/airflow/dags/Lead_scoring_data_pipeline/constants.py
[2024-03-11T17:21:48.729+0000] {processor.py:183} INFO - Processing /home/airflow/dags/Lead_scoring_data_pipeline/constants.py took 0.019 seconds
