[2024-03-11T15:49:50.920+0000] {processor.py:161} INFO - Started process (PID=1073) to work on /home/airflow/dags/Lead_scoring_data_pipeline/lead_scoring_data_pipeline.py
[2024-03-11T15:49:50.921+0000] {processor.py:830} INFO - Processing file /home/airflow/dags/Lead_scoring_data_pipeline/lead_scoring_data_pipeline.py for tasks to queue
[2024-03-11T15:49:50.922+0000] {logging_mixin.py:188} INFO - [2024-03-11T15:49:50.922+0000] {dagbag.py:540} INFO - Filling up the DagBag from /home/airflow/dags/Lead_scoring_data_pipeline/lead_scoring_data_pipeline.py
[2024-03-11T15:49:50.927+0000] {logging_mixin.py:188} INFO - [2024-03-11T15:49:50.926+0000] {dagbag.py:350} ERROR - Failed to import: /home/airflow/dags/Lead_scoring_data_pipeline/lead_scoring_data_pipeline.py
Traceback (most recent call last):
  File "/usr/local/lib/python3.8/dist-packages/airflow/models/dagbag.py", line 346, in parse
    loader.exec_module(new_module)
  File "<frozen importlib._bootstrap_external>", line 848, in exec_module
  File "<frozen importlib._bootstrap>", line 219, in _call_with_frames_removed
  File "/home/airflow/dags/Lead_scoring_data_pipeline/lead_scoring_data_pipeline.py", line 9, in <module>
    from Lead_scoring_data_pipeline.utils import *
ModuleNotFoundError: No module named 'Lead_scoring_data_pipeline'
[2024-03-11T15:49:50.927+0000] {processor.py:842} WARNING - No viable dags retrieved from /home/airflow/dags/Lead_scoring_data_pipeline/lead_scoring_data_pipeline.py
[2024-03-11T15:49:50.952+0000] {processor.py:183} INFO - Processing /home/airflow/dags/Lead_scoring_data_pipeline/lead_scoring_data_pipeline.py took 0.035 seconds
[2024-03-11T15:50:27.036+0000] {processor.py:161} INFO - Started process (PID=1108) to work on /home/airflow/dags/Lead_scoring_data_pipeline/lead_scoring_data_pipeline.py
[2024-03-11T15:50:27.038+0000] {processor.py:830} INFO - Processing file /home/airflow/dags/Lead_scoring_data_pipeline/lead_scoring_data_pipeline.py for tasks to queue
[2024-03-11T15:50:27.039+0000] {logging_mixin.py:188} INFO - [2024-03-11T15:50:27.038+0000] {dagbag.py:540} INFO - Filling up the DagBag from /home/airflow/dags/Lead_scoring_data_pipeline/lead_scoring_data_pipeline.py
[2024-03-11T15:50:27.043+0000] {logging_mixin.py:188} INFO - [2024-03-11T15:50:27.042+0000] {dagbag.py:350} ERROR - Failed to import: /home/airflow/dags/Lead_scoring_data_pipeline/lead_scoring_data_pipeline.py
Traceback (most recent call last):
  File "/usr/local/lib/python3.8/dist-packages/airflow/models/dagbag.py", line 346, in parse
    loader.exec_module(new_module)
  File "<frozen importlib._bootstrap_external>", line 848, in exec_module
  File "<frozen importlib._bootstrap>", line 219, in _call_with_frames_removed
  File "/home/airflow/dags/Lead_scoring_data_pipeline/lead_scoring_data_pipeline.py", line 9, in <module>
    from Lead_scoring_data_pipeline.utils import *
ModuleNotFoundError: No module named 'Lead_scoring_data_pipeline'
[2024-03-11T15:50:27.043+0000] {processor.py:842} WARNING - No viable dags retrieved from /home/airflow/dags/Lead_scoring_data_pipeline/lead_scoring_data_pipeline.py
[2024-03-11T15:50:27.069+0000] {processor.py:183} INFO - Processing /home/airflow/dags/Lead_scoring_data_pipeline/lead_scoring_data_pipeline.py took 0.037 seconds
[2024-03-11T15:51:14.077+0000] {processor.py:161} INFO - Started process (PID=1154) to work on /home/airflow/dags/Lead_scoring_data_pipeline/lead_scoring_data_pipeline.py
[2024-03-11T15:51:14.079+0000] {processor.py:830} INFO - Processing file /home/airflow/dags/Lead_scoring_data_pipeline/lead_scoring_data_pipeline.py for tasks to queue
[2024-03-11T15:51:14.080+0000] {logging_mixin.py:188} INFO - [2024-03-11T15:51:14.080+0000] {dagbag.py:540} INFO - Filling up the DagBag from /home/airflow/dags/Lead_scoring_data_pipeline/lead_scoring_data_pipeline.py
[2024-03-11T15:51:14.084+0000] {logging_mixin.py:188} INFO - [2024-03-11T15:51:14.083+0000] {dagbag.py:350} ERROR - Failed to import: /home/airflow/dags/Lead_scoring_data_pipeline/lead_scoring_data_pipeline.py
Traceback (most recent call last):
  File "/usr/local/lib/python3.8/dist-packages/airflow/models/dagbag.py", line 346, in parse
    loader.exec_module(new_module)
  File "<frozen importlib._bootstrap_external>", line 848, in exec_module
  File "<frozen importlib._bootstrap>", line 219, in _call_with_frames_removed
  File "/home/airflow/dags/Lead_scoring_data_pipeline/lead_scoring_data_pipeline.py", line 9, in <module>
    from Lead_scoring_data_pipeline.utils import *
ModuleNotFoundError: No module named 'Lead_scoring_data_pipeline'
[2024-03-11T15:51:14.084+0000] {processor.py:842} WARNING - No viable dags retrieved from /home/airflow/dags/Lead_scoring_data_pipeline/lead_scoring_data_pipeline.py
[2024-03-11T15:51:14.112+0000] {processor.py:183} INFO - Processing /home/airflow/dags/Lead_scoring_data_pipeline/lead_scoring_data_pipeline.py took 0.038 seconds
[2024-03-11T15:51:59.941+0000] {processor.py:161} INFO - Started process (PID=1217) to work on /home/airflow/dags/Lead_scoring_data_pipeline/lead_scoring_data_pipeline.py
[2024-03-11T15:51:59.943+0000] {processor.py:830} INFO - Processing file /home/airflow/dags/Lead_scoring_data_pipeline/lead_scoring_data_pipeline.py for tasks to queue
[2024-03-11T15:51:59.944+0000] {logging_mixin.py:188} INFO - [2024-03-11T15:51:59.944+0000] {dagbag.py:540} INFO - Filling up the DagBag from /home/airflow/dags/Lead_scoring_data_pipeline/lead_scoring_data_pipeline.py
[2024-03-11T15:51:59.948+0000] {logging_mixin.py:188} INFO - [2024-03-11T15:51:59.947+0000] {dagbag.py:350} ERROR - Failed to import: /home/airflow/dags/Lead_scoring_data_pipeline/lead_scoring_data_pipeline.py
Traceback (most recent call last):
  File "/usr/local/lib/python3.8/dist-packages/airflow/models/dagbag.py", line 346, in parse
    loader.exec_module(new_module)
  File "<frozen importlib._bootstrap_external>", line 848, in exec_module
  File "<frozen importlib._bootstrap>", line 219, in _call_with_frames_removed
  File "/home/airflow/dags/Lead_scoring_data_pipeline/lead_scoring_data_pipeline.py", line 9, in <module>
    from Lead_scoring_data_pipeline.utils import *
ModuleNotFoundError: No module named 'Lead_scoring_data_pipeline'
[2024-03-11T15:51:59.949+0000] {processor.py:842} WARNING - No viable dags retrieved from /home/airflow/dags/Lead_scoring_data_pipeline/lead_scoring_data_pipeline.py
[2024-03-11T15:51:59.980+0000] {processor.py:183} INFO - Processing /home/airflow/dags/Lead_scoring_data_pipeline/lead_scoring_data_pipeline.py took 0.042 seconds
[2024-03-11T15:52:41.127+0000] {processor.py:161} INFO - Started process (PID=1258) to work on /home/airflow/dags/Lead_scoring_data_pipeline/lead_scoring_data_pipeline.py
[2024-03-11T15:52:41.129+0000] {processor.py:830} INFO - Processing file /home/airflow/dags/Lead_scoring_data_pipeline/lead_scoring_data_pipeline.py for tasks to queue
[2024-03-11T15:52:41.130+0000] {logging_mixin.py:188} INFO - [2024-03-11T15:52:41.129+0000] {dagbag.py:540} INFO - Filling up the DagBag from /home/airflow/dags/Lead_scoring_data_pipeline/lead_scoring_data_pipeline.py
[2024-03-11T15:52:41.133+0000] {logging_mixin.py:188} INFO - [2024-03-11T15:52:41.132+0000] {dagbag.py:350} ERROR - Failed to import: /home/airflow/dags/Lead_scoring_data_pipeline/lead_scoring_data_pipeline.py
Traceback (most recent call last):
  File "/usr/local/lib/python3.8/dist-packages/airflow/models/dagbag.py", line 346, in parse
    loader.exec_module(new_module)
  File "<frozen importlib._bootstrap_external>", line 848, in exec_module
  File "<frozen importlib._bootstrap>", line 219, in _call_with_frames_removed
  File "/home/airflow/dags/Lead_scoring_data_pipeline/lead_scoring_data_pipeline.py", line 9, in <module>
    from Lead_scoring_data_pipeline.utils import *
ModuleNotFoundError: No module named 'Lead_scoring_data_pipeline'
[2024-03-11T15:52:41.134+0000] {processor.py:842} WARNING - No viable dags retrieved from /home/airflow/dags/Lead_scoring_data_pipeline/lead_scoring_data_pipeline.py
[2024-03-11T15:52:41.160+0000] {processor.py:183} INFO - Processing /home/airflow/dags/Lead_scoring_data_pipeline/lead_scoring_data_pipeline.py took 0.036 seconds
[2024-03-11T15:53:28.574+0000] {processor.py:161} INFO - Started process (PID=1305) to work on /home/airflow/dags/Lead_scoring_data_pipeline/lead_scoring_data_pipeline.py
[2024-03-11T15:53:28.576+0000] {processor.py:830} INFO - Processing file /home/airflow/dags/Lead_scoring_data_pipeline/lead_scoring_data_pipeline.py for tasks to queue
[2024-03-11T15:53:28.577+0000] {logging_mixin.py:188} INFO - [2024-03-11T15:53:28.577+0000] {dagbag.py:540} INFO - Filling up the DagBag from /home/airflow/dags/Lead_scoring_data_pipeline/lead_scoring_data_pipeline.py
[2024-03-11T15:53:28.581+0000] {logging_mixin.py:188} INFO - [2024-03-11T15:53:28.580+0000] {dagbag.py:350} ERROR - Failed to import: /home/airflow/dags/Lead_scoring_data_pipeline/lead_scoring_data_pipeline.py
Traceback (most recent call last):
  File "/usr/local/lib/python3.8/dist-packages/airflow/models/dagbag.py", line 346, in parse
    loader.exec_module(new_module)
  File "<frozen importlib._bootstrap_external>", line 848, in exec_module
  File "<frozen importlib._bootstrap>", line 219, in _call_with_frames_removed
  File "/home/airflow/dags/Lead_scoring_data_pipeline/lead_scoring_data_pipeline.py", line 9, in <module>
    from Lead_scoring_data_pipeline.utils import *
ModuleNotFoundError: No module named 'Lead_scoring_data_pipeline'
[2024-03-11T15:53:28.581+0000] {processor.py:842} WARNING - No viable dags retrieved from /home/airflow/dags/Lead_scoring_data_pipeline/lead_scoring_data_pipeline.py
[2024-03-11T15:53:28.608+0000] {processor.py:183} INFO - Processing /home/airflow/dags/Lead_scoring_data_pipeline/lead_scoring_data_pipeline.py took 0.037 seconds
[2024-03-11T15:54:17.136+0000] {processor.py:161} INFO - Started process (PID=1373) to work on /home/airflow/dags/Lead_scoring_data_pipeline/lead_scoring_data_pipeline.py
[2024-03-11T15:54:17.139+0000] {processor.py:830} INFO - Processing file /home/airflow/dags/Lead_scoring_data_pipeline/lead_scoring_data_pipeline.py for tasks to queue
[2024-03-11T15:54:17.140+0000] {logging_mixin.py:188} INFO - [2024-03-11T15:54:17.139+0000] {dagbag.py:540} INFO - Filling up the DagBag from /home/airflow/dags/Lead_scoring_data_pipeline/lead_scoring_data_pipeline.py
[2024-03-11T15:54:17.143+0000] {logging_mixin.py:188} INFO - [2024-03-11T15:54:17.142+0000] {dagbag.py:350} ERROR - Failed to import: /home/airflow/dags/Lead_scoring_data_pipeline/lead_scoring_data_pipeline.py
Traceback (most recent call last):
  File "/usr/local/lib/python3.8/dist-packages/airflow/models/dagbag.py", line 346, in parse
    loader.exec_module(new_module)
  File "<frozen importlib._bootstrap_external>", line 848, in exec_module
  File "<frozen importlib._bootstrap>", line 219, in _call_with_frames_removed
  File "/home/airflow/dags/Lead_scoring_data_pipeline/lead_scoring_data_pipeline.py", line 9, in <module>
    from Lead_scoring_data_pipeline.utils import *
ModuleNotFoundError: No module named 'Lead_scoring_data_pipeline'
[2024-03-11T15:54:17.144+0000] {processor.py:842} WARNING - No viable dags retrieved from /home/airflow/dags/Lead_scoring_data_pipeline/lead_scoring_data_pipeline.py
[2024-03-11T15:54:17.172+0000] {processor.py:183} INFO - Processing /home/airflow/dags/Lead_scoring_data_pipeline/lead_scoring_data_pipeline.py took 0.039 seconds
[2024-03-11T15:55:28.266+0000] {processor.py:161} INFO - Started process (PID=1443) to work on /home/airflow/dags/Lead_scoring_data_pipeline/lead_scoring_data_pipeline.py
[2024-03-11T15:55:28.268+0000] {processor.py:830} INFO - Processing file /home/airflow/dags/Lead_scoring_data_pipeline/lead_scoring_data_pipeline.py for tasks to queue
[2024-03-11T15:55:28.269+0000] {logging_mixin.py:188} INFO - [2024-03-11T15:55:28.268+0000] {dagbag.py:540} INFO - Filling up the DagBag from /home/airflow/dags/Lead_scoring_data_pipeline/lead_scoring_data_pipeline.py
[2024-03-11T15:55:28.655+0000] {processor.py:840} INFO - DAG(s) 'Lead_Scoring_Data_Engineering_Pipeline' retrieved from /home/airflow/dags/Lead_scoring_data_pipeline/lead_scoring_data_pipeline.py
[2024-03-11T15:55:28.729+0000] {logging_mixin.py:188} INFO - [2024-03-11T15:55:28.729+0000] {dag.py:3047} INFO - Sync 1 DAGs
[2024-03-11T15:55:28.743+0000] {logging_mixin.py:188} INFO - [2024-03-11T15:55:28.743+0000] {dag.py:3834} INFO - Setting next_dagrun for Lead_Scoring_Data_Engineering_Pipeline to 2024-03-10 00:00:00+00:00, run_after=2024-03-11 00:00:00+00:00
[2024-03-11T15:55:28.775+0000] {processor.py:183} INFO - Processing /home/airflow/dags/Lead_scoring_data_pipeline/lead_scoring_data_pipeline.py took 0.513 seconds
[2024-03-11T15:56:26.743+0000] {processor.py:161} INFO - Started process (PID=1495) to work on /home/airflow/dags/Lead_scoring_data_pipeline/lead_scoring_data_pipeline.py
[2024-03-11T15:56:26.745+0000] {processor.py:830} INFO - Processing file /home/airflow/dags/Lead_scoring_data_pipeline/lead_scoring_data_pipeline.py for tasks to queue
[2024-03-11T15:56:26.746+0000] {logging_mixin.py:188} INFO - [2024-03-11T15:56:26.745+0000] {dagbag.py:540} INFO - Filling up the DagBag from /home/airflow/dags/Lead_scoring_data_pipeline/lead_scoring_data_pipeline.py
[2024-03-11T15:56:26.995+0000] {processor.py:840} INFO - DAG(s) 'Lead_Scoring_Data_Engineering_Pipeline' retrieved from /home/airflow/dags/Lead_scoring_data_pipeline/lead_scoring_data_pipeline.py
[2024-03-11T15:56:27.007+0000] {logging_mixin.py:188} INFO - [2024-03-11T15:56:27.006+0000] {dag.py:3047} INFO - Sync 1 DAGs
[2024-03-11T15:56:27.023+0000] {logging_mixin.py:188} INFO - [2024-03-11T15:56:27.023+0000] {dag.py:3834} INFO - Setting next_dagrun for Lead_Scoring_Data_Engineering_Pipeline to 2024-03-10 00:00:00+00:00, run_after=2024-03-11 00:00:00+00:00
[2024-03-11T15:56:27.047+0000] {processor.py:183} INFO - Processing /home/airflow/dags/Lead_scoring_data_pipeline/lead_scoring_data_pipeline.py took 0.307 seconds
[2024-03-11T15:57:22.667+0000] {processor.py:161} INFO - Started process (PID=1547) to work on /home/airflow/dags/Lead_scoring_data_pipeline/lead_scoring_data_pipeline.py
[2024-03-11T15:57:22.669+0000] {processor.py:830} INFO - Processing file /home/airflow/dags/Lead_scoring_data_pipeline/lead_scoring_data_pipeline.py for tasks to queue
[2024-03-11T15:57:22.670+0000] {logging_mixin.py:188} INFO - [2024-03-11T15:57:22.669+0000] {dagbag.py:540} INFO - Filling up the DagBag from /home/airflow/dags/Lead_scoring_data_pipeline/lead_scoring_data_pipeline.py
[2024-03-11T15:57:22.923+0000] {processor.py:840} INFO - DAG(s) 'Lead_Scoring_Data_Engineering_Pipeline' retrieved from /home/airflow/dags/Lead_scoring_data_pipeline/lead_scoring_data_pipeline.py
[2024-03-11T15:57:22.935+0000] {logging_mixin.py:188} INFO - [2024-03-11T15:57:22.934+0000] {dag.py:3047} INFO - Sync 1 DAGs
[2024-03-11T15:57:22.950+0000] {logging_mixin.py:188} INFO - [2024-03-11T15:57:22.950+0000] {dag.py:3834} INFO - Setting next_dagrun for Lead_Scoring_Data_Engineering_Pipeline to 2024-03-10 00:00:00+00:00, run_after=2024-03-11 00:00:00+00:00
[2024-03-11T15:57:22.974+0000] {processor.py:183} INFO - Processing /home/airflow/dags/Lead_scoring_data_pipeline/lead_scoring_data_pipeline.py took 0.310 seconds
[2024-03-11T15:58:11.177+0000] {processor.py:161} INFO - Started process (PID=1594) to work on /home/airflow/dags/Lead_scoring_data_pipeline/lead_scoring_data_pipeline.py
[2024-03-11T15:58:11.179+0000] {processor.py:830} INFO - Processing file /home/airflow/dags/Lead_scoring_data_pipeline/lead_scoring_data_pipeline.py for tasks to queue
[2024-03-11T15:58:11.180+0000] {logging_mixin.py:188} INFO - [2024-03-11T15:58:11.180+0000] {dagbag.py:540} INFO - Filling up the DagBag from /home/airflow/dags/Lead_scoring_data_pipeline/lead_scoring_data_pipeline.py
[2024-03-11T15:58:11.430+0000] {processor.py:840} INFO - DAG(s) 'Lead_Scoring_Data_Engineering_Pipeline' retrieved from /home/airflow/dags/Lead_scoring_data_pipeline/lead_scoring_data_pipeline.py
[2024-03-11T15:58:11.442+0000] {logging_mixin.py:188} INFO - [2024-03-11T15:58:11.442+0000] {dag.py:3047} INFO - Sync 1 DAGs
[2024-03-11T15:58:11.459+0000] {logging_mixin.py:188} INFO - [2024-03-11T15:58:11.459+0000] {dag.py:3834} INFO - Setting next_dagrun for Lead_Scoring_Data_Engineering_Pipeline to 2024-03-10 00:00:00+00:00, run_after=2024-03-11 00:00:00+00:00
[2024-03-11T15:58:11.482+0000] {processor.py:183} INFO - Processing /home/airflow/dags/Lead_scoring_data_pipeline/lead_scoring_data_pipeline.py took 0.307 seconds
[2024-03-11T16:09:20.162+0000] {processor.py:161} INFO - Started process (PID=470) to work on /home/airflow/dags/Lead_scoring_data_pipeline/lead_scoring_data_pipeline.py
[2024-03-11T16:09:20.164+0000] {processor.py:830} INFO - Processing file /home/airflow/dags/Lead_scoring_data_pipeline/lead_scoring_data_pipeline.py for tasks to queue
[2024-03-11T16:09:20.165+0000] {logging_mixin.py:188} INFO - [2024-03-11T16:09:20.165+0000] {dagbag.py:540} INFO - Filling up the DagBag from /home/airflow/dags/Lead_scoring_data_pipeline/lead_scoring_data_pipeline.py
[2024-03-11T16:09:20.374+0000] {processor.py:840} INFO - DAG(s) 'Lead_Scoring_Data_Engineering_Pipeline' retrieved from /home/airflow/dags/Lead_scoring_data_pipeline/lead_scoring_data_pipeline.py
[2024-03-11T16:09:20.386+0000] {logging_mixin.py:188} INFO - [2024-03-11T16:09:20.386+0000] {dag.py:3047} INFO - Sync 1 DAGs
[2024-03-11T16:09:20.404+0000] {logging_mixin.py:188} INFO - [2024-03-11T16:09:20.404+0000] {dag.py:3834} INFO - Setting next_dagrun for Lead_Scoring_Data_Engineering_Pipeline to 2024-03-11 00:00:00+00:00, run_after=2024-03-12 00:00:00+00:00
[2024-03-11T16:09:20.428+0000] {processor.py:183} INFO - Processing /home/airflow/dags/Lead_scoring_data_pipeline/lead_scoring_data_pipeline.py took 0.269 seconds
[2024-03-11T16:10:30.800+0000] {processor.py:161} INFO - Started process (PID=541) to work on /home/airflow/dags/Lead_scoring_data_pipeline/lead_scoring_data_pipeline.py
[2024-03-11T16:10:30.802+0000] {processor.py:830} INFO - Processing file /home/airflow/dags/Lead_scoring_data_pipeline/lead_scoring_data_pipeline.py for tasks to queue
[2024-03-11T16:10:30.803+0000] {logging_mixin.py:188} INFO - [2024-03-11T16:10:30.803+0000] {dagbag.py:540} INFO - Filling up the DagBag from /home/airflow/dags/Lead_scoring_data_pipeline/lead_scoring_data_pipeline.py
[2024-03-11T16:10:31.086+0000] {processor.py:840} INFO - DAG(s) 'Lead_Scoring_Data_Engineering_Pipeline' retrieved from /home/airflow/dags/Lead_scoring_data_pipeline/lead_scoring_data_pipeline.py
[2024-03-11T16:10:31.103+0000] {logging_mixin.py:188} INFO - [2024-03-11T16:10:31.103+0000] {dag.py:3047} INFO - Sync 1 DAGs
[2024-03-11T16:10:31.126+0000] {logging_mixin.py:188} INFO - [2024-03-11T16:10:31.126+0000] {dag.py:3834} INFO - Setting next_dagrun for Lead_Scoring_Data_Engineering_Pipeline to 2024-03-11 00:00:00+00:00, run_after=2024-03-12 00:00:00+00:00
[2024-03-11T16:10:31.156+0000] {processor.py:183} INFO - Processing /home/airflow/dags/Lead_scoring_data_pipeline/lead_scoring_data_pipeline.py took 0.359 seconds
[2024-03-11T16:11:56.124+0000] {processor.py:161} INFO - Started process (PID=630) to work on /home/airflow/dags/Lead_scoring_data_pipeline/lead_scoring_data_pipeline.py
[2024-03-11T16:11:56.126+0000] {processor.py:830} INFO - Processing file /home/airflow/dags/Lead_scoring_data_pipeline/lead_scoring_data_pipeline.py for tasks to queue
[2024-03-11T16:11:56.127+0000] {logging_mixin.py:188} INFO - [2024-03-11T16:11:56.127+0000] {dagbag.py:540} INFO - Filling up the DagBag from /home/airflow/dags/Lead_scoring_data_pipeline/lead_scoring_data_pipeline.py
[2024-03-11T16:11:56.415+0000] {processor.py:840} INFO - DAG(s) 'Lead_Scoring_Data_Engineering_Pipeline' retrieved from /home/airflow/dags/Lead_scoring_data_pipeline/lead_scoring_data_pipeline.py
[2024-03-11T16:11:56.431+0000] {logging_mixin.py:188} INFO - [2024-03-11T16:11:56.430+0000] {dag.py:3047} INFO - Sync 1 DAGs
[2024-03-11T16:11:56.452+0000] {logging_mixin.py:188} INFO - [2024-03-11T16:11:56.451+0000] {dag.py:3834} INFO - Setting next_dagrun for Lead_Scoring_Data_Engineering_Pipeline to 2024-03-11 00:00:00+00:00, run_after=2024-03-12 00:00:00+00:00
[2024-03-11T16:11:56.476+0000] {processor.py:183} INFO - Processing /home/airflow/dags/Lead_scoring_data_pipeline/lead_scoring_data_pipeline.py took 0.355 seconds
[2024-03-11T16:13:24.616+0000] {processor.py:161} INFO - Started process (PID=728) to work on /home/airflow/dags/Lead_scoring_data_pipeline/lead_scoring_data_pipeline.py
[2024-03-11T16:13:24.635+0000] {processor.py:830} INFO - Processing file /home/airflow/dags/Lead_scoring_data_pipeline/lead_scoring_data_pipeline.py for tasks to queue
[2024-03-11T16:13:24.635+0000] {logging_mixin.py:188} INFO - [2024-03-11T16:13:24.635+0000] {dagbag.py:540} INFO - Filling up the DagBag from /home/airflow/dags/Lead_scoring_data_pipeline/lead_scoring_data_pipeline.py
[2024-03-11T16:13:24.845+0000] {processor.py:840} INFO - DAG(s) 'Lead_Scoring_Data_Engineering_Pipeline' retrieved from /home/airflow/dags/Lead_scoring_data_pipeline/lead_scoring_data_pipeline.py
[2024-03-11T16:13:24.857+0000] {logging_mixin.py:188} INFO - [2024-03-11T16:13:24.857+0000] {dag.py:3047} INFO - Sync 1 DAGs
[2024-03-11T16:13:24.874+0000] {logging_mixin.py:188} INFO - [2024-03-11T16:13:24.874+0000] {dag.py:3834} INFO - Setting next_dagrun for Lead_Scoring_Data_Engineering_Pipeline to 2024-03-11 00:00:00+00:00, run_after=2024-03-12 00:00:00+00:00
[2024-03-11T16:13:24.898+0000] {processor.py:183} INFO - Processing /home/airflow/dags/Lead_scoring_data_pipeline/lead_scoring_data_pipeline.py took 0.285 seconds
[2024-03-11T16:14:23.234+0000] {processor.py:161} INFO - Started process (PID=793) to work on /home/airflow/dags/Lead_scoring_data_pipeline/lead_scoring_data_pipeline.py
[2024-03-11T16:14:23.236+0000] {processor.py:830} INFO - Processing file /home/airflow/dags/Lead_scoring_data_pipeline/lead_scoring_data_pipeline.py for tasks to queue
[2024-03-11T16:14:23.237+0000] {logging_mixin.py:188} INFO - [2024-03-11T16:14:23.237+0000] {dagbag.py:540} INFO - Filling up the DagBag from /home/airflow/dags/Lead_scoring_data_pipeline/lead_scoring_data_pipeline.py
[2024-03-11T16:14:23.515+0000] {processor.py:840} INFO - DAG(s) 'Lead_Scoring_Data_Engineering_Pipeline' retrieved from /home/airflow/dags/Lead_scoring_data_pipeline/lead_scoring_data_pipeline.py
[2024-03-11T16:14:23.527+0000] {logging_mixin.py:188} INFO - [2024-03-11T16:14:23.526+0000] {dag.py:3047} INFO - Sync 1 DAGs
[2024-03-11T16:14:23.544+0000] {logging_mixin.py:188} INFO - [2024-03-11T16:14:23.544+0000] {dag.py:3834} INFO - Setting next_dagrun for Lead_Scoring_Data_Engineering_Pipeline to 2024-03-11 00:00:00+00:00, run_after=2024-03-12 00:00:00+00:00
[2024-03-11T16:14:23.568+0000] {processor.py:183} INFO - Processing /home/airflow/dags/Lead_scoring_data_pipeline/lead_scoring_data_pipeline.py took 0.337 seconds
[2024-03-11T16:15:33.322+0000] {processor.py:161} INFO - Started process (PID=862) to work on /home/airflow/dags/Lead_scoring_data_pipeline/lead_scoring_data_pipeline.py
[2024-03-11T16:15:33.324+0000] {processor.py:830} INFO - Processing file /home/airflow/dags/Lead_scoring_data_pipeline/lead_scoring_data_pipeline.py for tasks to queue
[2024-03-11T16:15:33.325+0000] {logging_mixin.py:188} INFO - [2024-03-11T16:15:33.325+0000] {dagbag.py:540} INFO - Filling up the DagBag from /home/airflow/dags/Lead_scoring_data_pipeline/lead_scoring_data_pipeline.py
[2024-03-11T16:15:33.566+0000] {processor.py:840} INFO - DAG(s) 'Lead_Scoring_Data_Engineering_Pipeline' retrieved from /home/airflow/dags/Lead_scoring_data_pipeline/lead_scoring_data_pipeline.py
[2024-03-11T16:15:33.577+0000] {logging_mixin.py:188} INFO - [2024-03-11T16:15:33.577+0000] {dag.py:3047} INFO - Sync 1 DAGs
[2024-03-11T16:15:33.595+0000] {logging_mixin.py:188} INFO - [2024-03-11T16:15:33.595+0000] {dag.py:3834} INFO - Setting next_dagrun for Lead_Scoring_Data_Engineering_Pipeline to 2024-03-11 00:00:00+00:00, run_after=2024-03-12 00:00:00+00:00
[2024-03-11T16:15:33.619+0000] {processor.py:183} INFO - Processing /home/airflow/dags/Lead_scoring_data_pipeline/lead_scoring_data_pipeline.py took 0.300 seconds
[2024-03-11T16:16:44.596+0000] {processor.py:161} INFO - Started process (PID=933) to work on /home/airflow/dags/Lead_scoring_data_pipeline/lead_scoring_data_pipeline.py
[2024-03-11T16:16:44.598+0000] {processor.py:830} INFO - Processing file /home/airflow/dags/Lead_scoring_data_pipeline/lead_scoring_data_pipeline.py for tasks to queue
[2024-03-11T16:16:44.599+0000] {logging_mixin.py:188} INFO - [2024-03-11T16:16:44.598+0000] {dagbag.py:540} INFO - Filling up the DagBag from /home/airflow/dags/Lead_scoring_data_pipeline/lead_scoring_data_pipeline.py
[2024-03-11T16:16:44.875+0000] {processor.py:840} INFO - DAG(s) 'Lead_Scoring_Data_Engineering_Pipeline' retrieved from /home/airflow/dags/Lead_scoring_data_pipeline/lead_scoring_data_pipeline.py
[2024-03-11T16:16:44.887+0000] {logging_mixin.py:188} INFO - [2024-03-11T16:16:44.886+0000] {dag.py:3047} INFO - Sync 1 DAGs
[2024-03-11T16:16:44.904+0000] {logging_mixin.py:188} INFO - [2024-03-11T16:16:44.903+0000] {dag.py:3834} INFO - Setting next_dagrun for Lead_Scoring_Data_Engineering_Pipeline to 2024-03-11 00:00:00+00:00, run_after=2024-03-12 00:00:00+00:00
[2024-03-11T16:16:44.927+0000] {processor.py:183} INFO - Processing /home/airflow/dags/Lead_scoring_data_pipeline/lead_scoring_data_pipeline.py took 0.334 seconds
[2024-03-11T16:17:55.409+0000] {processor.py:161} INFO - Started process (PID=1002) to work on /home/airflow/dags/Lead_scoring_data_pipeline/lead_scoring_data_pipeline.py
[2024-03-11T16:17:55.411+0000] {processor.py:830} INFO - Processing file /home/airflow/dags/Lead_scoring_data_pipeline/lead_scoring_data_pipeline.py for tasks to queue
[2024-03-11T16:17:55.412+0000] {logging_mixin.py:188} INFO - [2024-03-11T16:17:55.412+0000] {dagbag.py:540} INFO - Filling up the DagBag from /home/airflow/dags/Lead_scoring_data_pipeline/lead_scoring_data_pipeline.py
[2024-03-11T16:17:55.694+0000] {processor.py:840} INFO - DAG(s) 'Lead_Scoring_Data_Engineering_Pipeline' retrieved from /home/airflow/dags/Lead_scoring_data_pipeline/lead_scoring_data_pipeline.py
[2024-03-11T16:17:55.706+0000] {logging_mixin.py:188} INFO - [2024-03-11T16:17:55.706+0000] {dag.py:3047} INFO - Sync 1 DAGs
[2024-03-11T16:17:55.723+0000] {logging_mixin.py:188} INFO - [2024-03-11T16:17:55.723+0000] {dag.py:3834} INFO - Setting next_dagrun for Lead_Scoring_Data_Engineering_Pipeline to 2024-03-11 00:00:00+00:00, run_after=2024-03-12 00:00:00+00:00
[2024-03-11T16:17:55.746+0000] {processor.py:183} INFO - Processing /home/airflow/dags/Lead_scoring_data_pipeline/lead_scoring_data_pipeline.py took 0.340 seconds
[2024-03-11T16:19:16.145+0000] {processor.py:161} INFO - Started process (PID=1085) to work on /home/airflow/dags/Lead_scoring_data_pipeline/lead_scoring_data_pipeline.py
[2024-03-11T16:19:16.147+0000] {processor.py:830} INFO - Processing file /home/airflow/dags/Lead_scoring_data_pipeline/lead_scoring_data_pipeline.py for tasks to queue
[2024-03-11T16:19:16.148+0000] {logging_mixin.py:188} INFO - [2024-03-11T16:19:16.148+0000] {dagbag.py:540} INFO - Filling up the DagBag from /home/airflow/dags/Lead_scoring_data_pipeline/lead_scoring_data_pipeline.py
[2024-03-11T16:19:16.377+0000] {processor.py:840} INFO - DAG(s) 'Lead_Scoring_Data_Engineering_Pipeline' retrieved from /home/airflow/dags/Lead_scoring_data_pipeline/lead_scoring_data_pipeline.py
[2024-03-11T16:19:16.389+0000] {logging_mixin.py:188} INFO - [2024-03-11T16:19:16.389+0000] {dag.py:3047} INFO - Sync 1 DAGs
[2024-03-11T16:19:16.407+0000] {logging_mixin.py:188} INFO - [2024-03-11T16:19:16.406+0000] {dag.py:3834} INFO - Setting next_dagrun for Lead_Scoring_Data_Engineering_Pipeline to 2024-03-11 00:00:00+00:00, run_after=2024-03-12 00:00:00+00:00
[2024-03-11T16:19:16.432+0000] {processor.py:183} INFO - Processing /home/airflow/dags/Lead_scoring_data_pipeline/lead_scoring_data_pipeline.py took 0.289 seconds
[2024-03-11T16:20:17.070+0000] {processor.py:161} INFO - Started process (PID=1171) to work on /home/airflow/dags/Lead_scoring_data_pipeline/lead_scoring_data_pipeline.py
[2024-03-11T16:20:17.072+0000] {processor.py:830} INFO - Processing file /home/airflow/dags/Lead_scoring_data_pipeline/lead_scoring_data_pipeline.py for tasks to queue
[2024-03-11T16:20:17.073+0000] {logging_mixin.py:188} INFO - [2024-03-11T16:20:17.073+0000] {dagbag.py:540} INFO - Filling up the DagBag from /home/airflow/dags/Lead_scoring_data_pipeline/lead_scoring_data_pipeline.py
[2024-03-11T16:20:17.274+0000] {processor.py:840} INFO - DAG(s) 'Lead_Scoring_Data_Engineering_Pipeline' retrieved from /home/airflow/dags/Lead_scoring_data_pipeline/lead_scoring_data_pipeline.py
[2024-03-11T16:20:17.287+0000] {logging_mixin.py:188} INFO - [2024-03-11T16:20:17.286+0000] {dag.py:3047} INFO - Sync 1 DAGs
[2024-03-11T16:20:17.304+0000] {logging_mixin.py:188} INFO - [2024-03-11T16:20:17.303+0000] {dag.py:3834} INFO - Setting next_dagrun for Lead_Scoring_Data_Engineering_Pipeline to 2024-03-11 00:00:00+00:00, run_after=2024-03-12 00:00:00+00:00
[2024-03-11T16:20:17.327+0000] {processor.py:183} INFO - Processing /home/airflow/dags/Lead_scoring_data_pipeline/lead_scoring_data_pipeline.py took 0.260 seconds
[2024-03-11T16:21:27.409+0000] {processor.py:161} INFO - Started process (PID=1266) to work on /home/airflow/dags/Lead_scoring_data_pipeline/lead_scoring_data_pipeline.py
[2024-03-11T16:21:27.411+0000] {processor.py:830} INFO - Processing file /home/airflow/dags/Lead_scoring_data_pipeline/lead_scoring_data_pipeline.py for tasks to queue
[2024-03-11T16:21:27.412+0000] {logging_mixin.py:188} INFO - [2024-03-11T16:21:27.412+0000] {dagbag.py:540} INFO - Filling up the DagBag from /home/airflow/dags/Lead_scoring_data_pipeline/lead_scoring_data_pipeline.py
[2024-03-11T16:21:27.694+0000] {processor.py:840} INFO - DAG(s) 'Lead_Scoring_Data_Engineering_Pipeline' retrieved from /home/airflow/dags/Lead_scoring_data_pipeline/lead_scoring_data_pipeline.py
[2024-03-11T16:21:27.708+0000] {logging_mixin.py:188} INFO - [2024-03-11T16:21:27.708+0000] {dag.py:3047} INFO - Sync 1 DAGs
[2024-03-11T16:21:27.725+0000] {logging_mixin.py:188} INFO - [2024-03-11T16:21:27.725+0000] {dag.py:3834} INFO - Setting next_dagrun for Lead_Scoring_Data_Engineering_Pipeline to 2024-03-11 00:00:00+00:00, run_after=2024-03-12 00:00:00+00:00
[2024-03-11T16:21:27.749+0000] {processor.py:183} INFO - Processing /home/airflow/dags/Lead_scoring_data_pipeline/lead_scoring_data_pipeline.py took 0.343 seconds
[2024-03-11T16:23:00.894+0000] {processor.py:161} INFO - Started process (PID=1387) to work on /home/airflow/dags/Lead_scoring_data_pipeline/lead_scoring_data_pipeline.py
[2024-03-11T16:23:00.896+0000] {processor.py:830} INFO - Processing file /home/airflow/dags/Lead_scoring_data_pipeline/lead_scoring_data_pipeline.py for tasks to queue
[2024-03-11T16:23:00.897+0000] {logging_mixin.py:188} INFO - [2024-03-11T16:23:00.897+0000] {dagbag.py:540} INFO - Filling up the DagBag from /home/airflow/dags/Lead_scoring_data_pipeline/lead_scoring_data_pipeline.py
[2024-03-11T16:23:01.182+0000] {processor.py:840} INFO - DAG(s) 'Lead_Scoring_Data_Engineering_Pipeline' retrieved from /home/airflow/dags/Lead_scoring_data_pipeline/lead_scoring_data_pipeline.py
[2024-03-11T16:23:01.194+0000] {logging_mixin.py:188} INFO - [2024-03-11T16:23:01.193+0000] {dag.py:3047} INFO - Sync 1 DAGs
[2024-03-11T16:23:01.211+0000] {logging_mixin.py:188} INFO - [2024-03-11T16:23:01.211+0000] {dag.py:3834} INFO - Setting next_dagrun for Lead_Scoring_Data_Engineering_Pipeline to 2024-03-11 00:00:00+00:00, run_after=2024-03-12 00:00:00+00:00
[2024-03-11T16:23:01.234+0000] {processor.py:183} INFO - Processing /home/airflow/dags/Lead_scoring_data_pipeline/lead_scoring_data_pipeline.py took 0.343 seconds
[2024-03-11T16:24:14.114+0000] {processor.py:161} INFO - Started process (PID=1469) to work on /home/airflow/dags/Lead_scoring_data_pipeline/lead_scoring_data_pipeline.py
[2024-03-11T16:24:14.116+0000] {processor.py:830} INFO - Processing file /home/airflow/dags/Lead_scoring_data_pipeline/lead_scoring_data_pipeline.py for tasks to queue
[2024-03-11T16:24:14.117+0000] {logging_mixin.py:188} INFO - [2024-03-11T16:24:14.117+0000] {dagbag.py:540} INFO - Filling up the DagBag from /home/airflow/dags/Lead_scoring_data_pipeline/lead_scoring_data_pipeline.py
[2024-03-11T16:24:14.401+0000] {processor.py:840} INFO - DAG(s) 'Lead_Scoring_Data_Engineering_Pipeline' retrieved from /home/airflow/dags/Lead_scoring_data_pipeline/lead_scoring_data_pipeline.py
[2024-03-11T16:24:14.413+0000] {logging_mixin.py:188} INFO - [2024-03-11T16:24:14.413+0000] {dag.py:3047} INFO - Sync 1 DAGs
[2024-03-11T16:24:14.430+0000] {logging_mixin.py:188} INFO - [2024-03-11T16:24:14.430+0000] {dag.py:3834} INFO - Setting next_dagrun for Lead_Scoring_Data_Engineering_Pipeline to 2024-03-11 00:00:00+00:00, run_after=2024-03-12 00:00:00+00:00
[2024-03-11T16:24:14.454+0000] {processor.py:183} INFO - Processing /home/airflow/dags/Lead_scoring_data_pipeline/lead_scoring_data_pipeline.py took 0.343 seconds
[2024-03-11T16:25:41.271+0000] {processor.py:161} INFO - Started process (PID=1557) to work on /home/airflow/dags/Lead_scoring_data_pipeline/lead_scoring_data_pipeline.py
[2024-03-11T16:25:41.273+0000] {processor.py:830} INFO - Processing file /home/airflow/dags/Lead_scoring_data_pipeline/lead_scoring_data_pipeline.py for tasks to queue
[2024-03-11T16:25:41.274+0000] {logging_mixin.py:188} INFO - [2024-03-11T16:25:41.273+0000] {dagbag.py:540} INFO - Filling up the DagBag from /home/airflow/dags/Lead_scoring_data_pipeline/lead_scoring_data_pipeline.py
[2024-03-11T16:25:41.562+0000] {processor.py:840} INFO - DAG(s) 'Lead_Scoring_Data_Engineering_Pipeline' retrieved from /home/airflow/dags/Lead_scoring_data_pipeline/lead_scoring_data_pipeline.py
[2024-03-11T16:25:41.579+0000] {logging_mixin.py:188} INFO - [2024-03-11T16:25:41.579+0000] {dag.py:3047} INFO - Sync 1 DAGs
[2024-03-11T16:25:41.596+0000] {logging_mixin.py:188} INFO - [2024-03-11T16:25:41.596+0000] {dag.py:3834} INFO - Setting next_dagrun for Lead_Scoring_Data_Engineering_Pipeline to 2024-03-11 00:00:00+00:00, run_after=2024-03-12 00:00:00+00:00
[2024-03-11T16:25:41.619+0000] {processor.py:183} INFO - Processing /home/airflow/dags/Lead_scoring_data_pipeline/lead_scoring_data_pipeline.py took 0.352 seconds
[2024-03-11T16:26:51.014+0000] {processor.py:161} INFO - Started process (PID=1586) to work on /home/airflow/dags/Lead_scoring_data_pipeline/lead_scoring_data_pipeline.py
[2024-03-11T16:26:51.024+0000] {processor.py:830} INFO - Processing file /home/airflow/dags/Lead_scoring_data_pipeline/lead_scoring_data_pipeline.py for tasks to queue
[2024-03-11T16:26:51.034+0000] {logging_mixin.py:188} INFO - [2024-03-11T16:26:51.029+0000] {dagbag.py:540} INFO - Filling up the DagBag from /home/airflow/dags/Lead_scoring_data_pipeline/lead_scoring_data_pipeline.py
[2024-03-11T16:26:51.696+0000] {processor.py:840} INFO - DAG(s) 'Lead_Scoring_Data_Engineering_Pipeline' retrieved from /home/airflow/dags/Lead_scoring_data_pipeline/lead_scoring_data_pipeline.py
[2024-03-11T16:26:51.781+0000] {logging_mixin.py:188} INFO - [2024-03-11T16:26:51.781+0000] {taskinstance.py:2733} ERROR - {'DAG Id': 'Lead_Scoring_Data_Engineering_Pipeline', 'Task Id': 'mapping_interactions', 'Run Id': 'manual__2024-03-11T16:25:46.548535+00:00', 'Hostname': '19276f21f48e'}
[2024-03-11T16:26:51.819+0000] {logging_mixin.py:188} INFO - [2024-03-11T16:26:51.819+0000] {taskinstance.py:1149} INFO - Marking task as UP_FOR_RETRY. dag_id=Lead_Scoring_Data_Engineering_Pipeline, task_id=mapping_interactions, execution_date=20240311T162546, start_date=20240311T162626, end_date=20240311T162651
[2024-03-11T16:26:51.848+0000] {processor.py:791} INFO - Executed failure callback for <TaskInstance: Lead_Scoring_Data_Engineering_Pipeline.mapping_interactions manual__2024-03-11T16:25:46.548535+00:00 [up_for_retry]> in state up_for_retry
[2024-03-11T16:26:51.897+0000] {logging_mixin.py:188} INFO - [2024-03-11T16:26:51.897+0000] {dag.py:3047} INFO - Sync 1 DAGs
[2024-03-11T16:26:51.934+0000] {logging_mixin.py:188} INFO - [2024-03-11T16:26:51.933+0000] {dag.py:3834} INFO - Setting next_dagrun for Lead_Scoring_Data_Engineering_Pipeline to 2024-03-11 00:00:00+00:00, run_after=2024-03-12 00:00:00+00:00
[2024-03-11T16:26:52.413+0000] {processor.py:183} INFO - Processing /home/airflow/dags/Lead_scoring_data_pipeline/lead_scoring_data_pipeline.py took 1.434 seconds
[2024-03-11T16:27:25.328+0000] {processor.py:161} INFO - Started process (PID=1596) to work on /home/airflow/dags/Lead_scoring_data_pipeline/lead_scoring_data_pipeline.py
[2024-03-11T16:27:25.333+0000] {processor.py:830} INFO - Processing file /home/airflow/dags/Lead_scoring_data_pipeline/lead_scoring_data_pipeline.py for tasks to queue
[2024-03-11T16:27:25.342+0000] {logging_mixin.py:188} INFO - [2024-03-11T16:27:25.337+0000] {dagbag.py:540} INFO - Filling up the DagBag from /home/airflow/dags/Lead_scoring_data_pipeline/lead_scoring_data_pipeline.py
[2024-03-11T16:27:25.927+0000] {processor.py:840} INFO - DAG(s) 'Lead_Scoring_Data_Engineering_Pipeline' retrieved from /home/airflow/dags/Lead_scoring_data_pipeline/lead_scoring_data_pipeline.py
[2024-03-11T16:27:26.004+0000] {logging_mixin.py:188} INFO - [2024-03-11T16:27:26.004+0000] {taskinstance.py:2733} ERROR - {'DAG Id': 'Lead_Scoring_Data_Engineering_Pipeline', 'Task Id': 'mapping_interactions', 'Run Id': 'manual__2024-03-11T16:25:46.548535+00:00', 'Hostname': '19276f21f48e'}
[2024-03-11T16:27:26.038+0000] {logging_mixin.py:188} INFO - [2024-03-11T16:27:26.038+0000] {taskinstance.py:1149} INFO - Marking task as FAILED. dag_id=Lead_Scoring_Data_Engineering_Pipeline, task_id=mapping_interactions, execution_date=20240311T162546, start_date=20240311T162659, end_date=20240311T162726
[2024-03-11T16:27:26.063+0000] {processor.py:791} INFO - Executed failure callback for <TaskInstance: Lead_Scoring_Data_Engineering_Pipeline.mapping_interactions manual__2024-03-11T16:25:46.548535+00:00 [failed]> in state failed
[2024-03-11T16:27:26.108+0000] {logging_mixin.py:188} INFO - [2024-03-11T16:27:26.108+0000] {dag.py:3047} INFO - Sync 1 DAGs
[2024-03-11T16:27:26.137+0000] {logging_mixin.py:188} INFO - [2024-03-11T16:27:26.137+0000] {dag.py:3834} INFO - Setting next_dagrun for Lead_Scoring_Data_Engineering_Pipeline to 2024-03-11 00:00:00+00:00, run_after=2024-03-12 00:00:00+00:00
[2024-03-11T16:27:26.543+0000] {processor.py:183} INFO - Processing /home/airflow/dags/Lead_scoring_data_pipeline/lead_scoring_data_pipeline.py took 1.244 seconds
[2024-03-11T16:28:28.190+0000] {processor.py:161} INFO - Started process (PID=1666) to work on /home/airflow/dags/Lead_scoring_data_pipeline/lead_scoring_data_pipeline.py
[2024-03-11T16:28:28.192+0000] {processor.py:830} INFO - Processing file /home/airflow/dags/Lead_scoring_data_pipeline/lead_scoring_data_pipeline.py for tasks to queue
[2024-03-11T16:28:28.193+0000] {logging_mixin.py:188} INFO - [2024-03-11T16:28:28.193+0000] {dagbag.py:540} INFO - Filling up the DagBag from /home/airflow/dags/Lead_scoring_data_pipeline/lead_scoring_data_pipeline.py
[2024-03-11T16:28:28.488+0000] {processor.py:840} INFO - DAG(s) 'Lead_Scoring_Data_Engineering_Pipeline' retrieved from /home/airflow/dags/Lead_scoring_data_pipeline/lead_scoring_data_pipeline.py
[2024-03-11T16:28:28.508+0000] {logging_mixin.py:188} INFO - [2024-03-11T16:28:28.507+0000] {dag.py:3047} INFO - Sync 1 DAGs
[2024-03-11T16:28:28.525+0000] {logging_mixin.py:188} INFO - [2024-03-11T16:28:28.525+0000] {dag.py:3834} INFO - Setting next_dagrun for Lead_Scoring_Data_Engineering_Pipeline to 2024-03-11 00:00:00+00:00, run_after=2024-03-12 00:00:00+00:00
[2024-03-11T16:28:28.550+0000] {processor.py:183} INFO - Processing /home/airflow/dags/Lead_scoring_data_pipeline/lead_scoring_data_pipeline.py took 0.364 seconds
[2024-03-11T16:29:31.101+0000] {processor.py:161} INFO - Started process (PID=1731) to work on /home/airflow/dags/Lead_scoring_data_pipeline/lead_scoring_data_pipeline.py
[2024-03-11T16:29:31.103+0000] {processor.py:830} INFO - Processing file /home/airflow/dags/Lead_scoring_data_pipeline/lead_scoring_data_pipeline.py for tasks to queue
[2024-03-11T16:29:31.105+0000] {logging_mixin.py:188} INFO - [2024-03-11T16:29:31.104+0000] {dagbag.py:540} INFO - Filling up the DagBag from /home/airflow/dags/Lead_scoring_data_pipeline/lead_scoring_data_pipeline.py
[2024-03-11T16:29:31.403+0000] {processor.py:840} INFO - DAG(s) 'Lead_Scoring_Data_Engineering_Pipeline' retrieved from /home/airflow/dags/Lead_scoring_data_pipeline/lead_scoring_data_pipeline.py
[2024-03-11T16:29:31.420+0000] {logging_mixin.py:188} INFO - [2024-03-11T16:29:31.419+0000] {dag.py:3047} INFO - Sync 1 DAGs
[2024-03-11T16:29:31.447+0000] {logging_mixin.py:188} INFO - [2024-03-11T16:29:31.446+0000] {dag.py:3834} INFO - Setting next_dagrun for Lead_Scoring_Data_Engineering_Pipeline to 2024-03-11 00:00:00+00:00, run_after=2024-03-12 00:00:00+00:00
[2024-03-11T16:29:31.470+0000] {processor.py:183} INFO - Processing /home/airflow/dags/Lead_scoring_data_pipeline/lead_scoring_data_pipeline.py took 0.373 seconds
[2024-03-11T16:30:25.324+0000] {processor.py:161} INFO - Started process (PID=1792) to work on /home/airflow/dags/Lead_scoring_data_pipeline/lead_scoring_data_pipeline.py
[2024-03-11T16:30:25.326+0000] {processor.py:830} INFO - Processing file /home/airflow/dags/Lead_scoring_data_pipeline/lead_scoring_data_pipeline.py for tasks to queue
[2024-03-11T16:30:25.332+0000] {logging_mixin.py:188} INFO - [2024-03-11T16:30:25.332+0000] {dagbag.py:540} INFO - Filling up the DagBag from /home/airflow/dags/Lead_scoring_data_pipeline/lead_scoring_data_pipeline.py
[2024-03-11T16:30:25.631+0000] {processor.py:840} INFO - DAG(s) 'Lead_Scoring_Data_Engineering_Pipeline' retrieved from /home/airflow/dags/Lead_scoring_data_pipeline/lead_scoring_data_pipeline.py
[2024-03-11T16:30:25.648+0000] {logging_mixin.py:188} INFO - [2024-03-11T16:30:25.647+0000] {dag.py:3047} INFO - Sync 1 DAGs
[2024-03-11T16:30:25.788+0000] {logging_mixin.py:188} INFO - [2024-03-11T16:30:25.788+0000] {dag.py:3834} INFO - Setting next_dagrun for Lead_Scoring_Data_Engineering_Pipeline to 2024-03-11 00:00:00+00:00, run_after=2024-03-12 00:00:00+00:00
[2024-03-11T16:30:25.812+0000] {processor.py:183} INFO - Processing /home/airflow/dags/Lead_scoring_data_pipeline/lead_scoring_data_pipeline.py took 0.491 seconds
[2024-03-11T16:32:22.852+0000] {processor.py:161} INFO - Started process (PID=1871) to work on /home/airflow/dags/Lead_scoring_data_pipeline/lead_scoring_data_pipeline.py
[2024-03-11T16:32:22.858+0000] {processor.py:830} INFO - Processing file /home/airflow/dags/Lead_scoring_data_pipeline/lead_scoring_data_pipeline.py for tasks to queue
[2024-03-11T16:32:22.866+0000] {logging_mixin.py:188} INFO - [2024-03-11T16:32:22.861+0000] {dagbag.py:540} INFO - Filling up the DagBag from /home/airflow/dags/Lead_scoring_data_pipeline/lead_scoring_data_pipeline.py
[2024-03-11T16:32:23.485+0000] {processor.py:840} INFO - DAG(s) 'Lead_Scoring_Data_Engineering_Pipeline' retrieved from /home/airflow/dags/Lead_scoring_data_pipeline/lead_scoring_data_pipeline.py
[2024-03-11T16:32:23.571+0000] {logging_mixin.py:188} INFO - [2024-03-11T16:32:23.571+0000] {taskinstance.py:2733} ERROR - {'DAG Id': 'Lead_Scoring_Data_Engineering_Pipeline', 'Task Id': 'mapping_interactions', 'Run Id': 'manual__2024-03-11T16:31:15.159190+00:00', 'Hostname': '19276f21f48e'}
[2024-03-11T16:32:23.609+0000] {logging_mixin.py:188} INFO - [2024-03-11T16:32:23.609+0000] {taskinstance.py:1149} INFO - Marking task as UP_FOR_RETRY. dag_id=Lead_Scoring_Data_Engineering_Pipeline, task_id=mapping_interactions, execution_date=20240311T163115, start_date=20240311T163155, end_date=20240311T163223
[2024-03-11T16:32:24.077+0000] {processor.py:791} INFO - Executed failure callback for <TaskInstance: Lead_Scoring_Data_Engineering_Pipeline.mapping_interactions manual__2024-03-11T16:31:15.159190+00:00 [up_for_retry]> in state up_for_retry
[2024-03-11T16:32:24.100+0000] {logging_mixin.py:188} INFO - [2024-03-11T16:32:24.100+0000] {dag.py:3047} INFO - Sync 1 DAGs
[2024-03-11T16:32:24.119+0000] {logging_mixin.py:188} INFO - [2024-03-11T16:32:24.118+0000] {dag.py:3834} INFO - Setting next_dagrun for Lead_Scoring_Data_Engineering_Pipeline to 2024-03-11 00:00:00+00:00, run_after=2024-03-12 00:00:00+00:00
[2024-03-11T16:32:24.147+0000] {processor.py:183} INFO - Processing /home/airflow/dags/Lead_scoring_data_pipeline/lead_scoring_data_pipeline.py took 1.329 seconds
[2024-03-11T16:33:01.001+0000] {processor.py:161} INFO - Started process (PID=1881) to work on /home/airflow/dags/Lead_scoring_data_pipeline/lead_scoring_data_pipeline.py
[2024-03-11T16:33:01.007+0000] {processor.py:830} INFO - Processing file /home/airflow/dags/Lead_scoring_data_pipeline/lead_scoring_data_pipeline.py for tasks to queue
[2024-03-11T16:33:01.016+0000] {logging_mixin.py:188} INFO - [2024-03-11T16:33:01.011+0000] {dagbag.py:540} INFO - Filling up the DagBag from /home/airflow/dags/Lead_scoring_data_pipeline/lead_scoring_data_pipeline.py
[2024-03-11T16:33:01.625+0000] {processor.py:840} INFO - DAG(s) 'Lead_Scoring_Data_Engineering_Pipeline' retrieved from /home/airflow/dags/Lead_scoring_data_pipeline/lead_scoring_data_pipeline.py
[2024-03-11T16:33:01.706+0000] {logging_mixin.py:188} INFO - [2024-03-11T16:33:01.705+0000] {taskinstance.py:2733} ERROR - {'DAG Id': 'Lead_Scoring_Data_Engineering_Pipeline', 'Task Id': 'mapping_interactions', 'Run Id': 'manual__2024-03-11T16:31:15.159190+00:00', 'Hostname': '19276f21f48e'}
[2024-03-11T16:33:02.162+0000] {logging_mixin.py:188} INFO - [2024-03-11T16:33:02.162+0000] {taskinstance.py:1149} INFO - Marking task as FAILED. dag_id=Lead_Scoring_Data_Engineering_Pipeline, task_id=mapping_interactions, execution_date=20240311T163115, start_date=20240311T163230, end_date=20240311T163301
[2024-03-11T16:33:02.177+0000] {processor.py:791} INFO - Executed failure callback for <TaskInstance: Lead_Scoring_Data_Engineering_Pipeline.mapping_interactions manual__2024-03-11T16:31:15.159190+00:00 [failed]> in state failed
[2024-03-11T16:33:02.200+0000] {logging_mixin.py:188} INFO - [2024-03-11T16:33:02.200+0000] {dag.py:3047} INFO - Sync 1 DAGs
[2024-03-11T16:33:02.216+0000] {logging_mixin.py:188} INFO - [2024-03-11T16:33:02.216+0000] {dag.py:3834} INFO - Setting next_dagrun for Lead_Scoring_Data_Engineering_Pipeline to 2024-03-11 00:00:00+00:00, run_after=2024-03-12 00:00:00+00:00
[2024-03-11T16:33:02.240+0000] {processor.py:183} INFO - Processing /home/airflow/dags/Lead_scoring_data_pipeline/lead_scoring_data_pipeline.py took 1.272 seconds
[2024-03-11T16:35:06.883+0000] {processor.py:161} INFO - Started process (PID=1964) to work on /home/airflow/dags/Lead_scoring_data_pipeline/lead_scoring_data_pipeline.py
[2024-03-11T16:35:06.887+0000] {processor.py:830} INFO - Processing file /home/airflow/dags/Lead_scoring_data_pipeline/lead_scoring_data_pipeline.py for tasks to queue
[2024-03-11T16:35:06.896+0000] {logging_mixin.py:188} INFO - [2024-03-11T16:35:06.891+0000] {dagbag.py:540} INFO - Filling up the DagBag from /home/airflow/dags/Lead_scoring_data_pipeline/lead_scoring_data_pipeline.py
[2024-03-11T16:35:07.476+0000] {processor.py:840} INFO - DAG(s) 'Lead_Scoring_Data_Engineering_Pipeline' retrieved from /home/airflow/dags/Lead_scoring_data_pipeline/lead_scoring_data_pipeline.py
[2024-03-11T16:35:07.546+0000] {logging_mixin.py:188} INFO - [2024-03-11T16:35:07.546+0000] {taskinstance.py:2733} ERROR - {'DAG Id': 'Lead_Scoring_Data_Engineering_Pipeline', 'Task Id': 'mapping_interactions', 'Run Id': 'manual__2024-03-11T16:33:54.173375+00:00', 'Hostname': '19276f21f48e'}
[2024-03-11T16:35:07.976+0000] {logging_mixin.py:188} INFO - [2024-03-11T16:35:07.976+0000] {taskinstance.py:1149} INFO - Marking task as UP_FOR_RETRY. dag_id=Lead_Scoring_Data_Engineering_Pipeline, task_id=mapping_interactions, execution_date=20240311T163354, start_date=20240311T163434, end_date=20240311T163507
[2024-03-11T16:35:07.991+0000] {processor.py:791} INFO - Executed failure callback for <TaskInstance: Lead_Scoring_Data_Engineering_Pipeline.mapping_interactions manual__2024-03-11T16:33:54.173375+00:00 [up_for_retry]> in state up_for_retry
[2024-03-11T16:35:08.014+0000] {logging_mixin.py:188} INFO - [2024-03-11T16:35:08.014+0000] {dag.py:3047} INFO - Sync 1 DAGs
[2024-03-11T16:35:08.031+0000] {logging_mixin.py:188} INFO - [2024-03-11T16:35:08.031+0000] {dag.py:3834} INFO - Setting next_dagrun for Lead_Scoring_Data_Engineering_Pipeline to 2024-03-11 00:00:00+00:00, run_after=2024-03-12 00:00:00+00:00
[2024-03-11T16:35:08.060+0000] {processor.py:183} INFO - Processing /home/airflow/dags/Lead_scoring_data_pipeline/lead_scoring_data_pipeline.py took 1.207 seconds
[2024-03-11T16:35:50.946+0000] {processor.py:161} INFO - Started process (PID=1974) to work on /home/airflow/dags/Lead_scoring_data_pipeline/lead_scoring_data_pipeline.py
[2024-03-11T16:35:50.952+0000] {processor.py:830} INFO - Processing file /home/airflow/dags/Lead_scoring_data_pipeline/lead_scoring_data_pipeline.py for tasks to queue
[2024-03-11T16:35:50.960+0000] {logging_mixin.py:188} INFO - [2024-03-11T16:35:50.955+0000] {dagbag.py:540} INFO - Filling up the DagBag from /home/airflow/dags/Lead_scoring_data_pipeline/lead_scoring_data_pipeline.py
[2024-03-11T16:35:51.533+0000] {processor.py:840} INFO - DAG(s) 'Lead_Scoring_Data_Engineering_Pipeline' retrieved from /home/airflow/dags/Lead_scoring_data_pipeline/lead_scoring_data_pipeline.py
[2024-03-11T16:35:51.606+0000] {logging_mixin.py:188} INFO - [2024-03-11T16:35:51.606+0000] {taskinstance.py:2733} ERROR - {'DAG Id': 'Lead_Scoring_Data_Engineering_Pipeline', 'Task Id': 'mapping_interactions', 'Run Id': 'manual__2024-03-11T16:33:54.173375+00:00', 'Hostname': '19276f21f48e'}
[2024-03-11T16:35:52.092+0000] {logging_mixin.py:188} INFO - [2024-03-11T16:35:52.092+0000] {taskinstance.py:1149} INFO - Marking task as FAILED. dag_id=Lead_Scoring_Data_Engineering_Pipeline, task_id=mapping_interactions, execution_date=20240311T163354, start_date=20240311T163514, end_date=20240311T163551
[2024-03-11T16:35:52.109+0000] {processor.py:791} INFO - Executed failure callback for <TaskInstance: Lead_Scoring_Data_Engineering_Pipeline.mapping_interactions manual__2024-03-11T16:33:54.173375+00:00 [failed]> in state failed
[2024-03-11T16:35:52.129+0000] {logging_mixin.py:188} INFO - [2024-03-11T16:35:52.129+0000] {dag.py:3047} INFO - Sync 1 DAGs
[2024-03-11T16:35:52.146+0000] {logging_mixin.py:188} INFO - [2024-03-11T16:35:52.146+0000] {dag.py:3834} INFO - Setting next_dagrun for Lead_Scoring_Data_Engineering_Pipeline to 2024-03-11 00:00:00+00:00, run_after=2024-03-12 00:00:00+00:00
[2024-03-11T16:35:52.170+0000] {processor.py:183} INFO - Processing /home/airflow/dags/Lead_scoring_data_pipeline/lead_scoring_data_pipeline.py took 1.255 seconds
[2024-03-11T16:41:44.433+0000] {processor.py:161} INFO - Started process (PID=477) to work on /home/airflow/dags/Lead_scoring_data_pipeline/lead_scoring_data_pipeline.py
[2024-03-11T16:41:44.435+0000] {processor.py:830} INFO - Processing file /home/airflow/dags/Lead_scoring_data_pipeline/lead_scoring_data_pipeline.py for tasks to queue
[2024-03-11T16:41:44.436+0000] {logging_mixin.py:188} INFO - [2024-03-11T16:41:44.435+0000] {dagbag.py:540} INFO - Filling up the DagBag from /home/airflow/dags/Lead_scoring_data_pipeline/lead_scoring_data_pipeline.py
[2024-03-11T16:41:44.763+0000] {processor.py:840} INFO - DAG(s) 'Lead_Scoring_Data_Engineering_Pipeline' retrieved from /home/airflow/dags/Lead_scoring_data_pipeline/lead_scoring_data_pipeline.py
[2024-03-11T16:41:44.775+0000] {logging_mixin.py:188} INFO - [2024-03-11T16:41:44.775+0000] {dag.py:3047} INFO - Sync 1 DAGs
[2024-03-11T16:41:44.795+0000] {logging_mixin.py:188} INFO - [2024-03-11T16:41:44.794+0000] {dag.py:3834} INFO - Setting next_dagrun for Lead_Scoring_Data_Engineering_Pipeline to 2024-03-11 00:00:00+00:00, run_after=2024-03-12 00:00:00+00:00
[2024-03-11T16:41:44.818+0000] {processor.py:183} INFO - Processing /home/airflow/dags/Lead_scoring_data_pipeline/lead_scoring_data_pipeline.py took 0.388 seconds
[2024-03-11T16:48:27.658+0000] {processor.py:161} INFO - Started process (PID=856) to work on /home/airflow/dags/Lead_scoring_data_pipeline/lead_scoring_data_pipeline.py
[2024-03-11T16:48:27.660+0000] {processor.py:830} INFO - Processing file /home/airflow/dags/Lead_scoring_data_pipeline/lead_scoring_data_pipeline.py for tasks to queue
[2024-03-11T16:48:27.661+0000] {logging_mixin.py:188} INFO - [2024-03-11T16:48:27.660+0000] {dagbag.py:540} INFO - Filling up the DagBag from /home/airflow/dags/Lead_scoring_data_pipeline/lead_scoring_data_pipeline.py
[2024-03-11T16:48:27.883+0000] {processor.py:840} INFO - DAG(s) 'Lead_Scoring_Data_Engineering_Pipeline' retrieved from /home/airflow/dags/Lead_scoring_data_pipeline/lead_scoring_data_pipeline.py
[2024-03-11T16:48:27.896+0000] {logging_mixin.py:188} INFO - [2024-03-11T16:48:27.895+0000] {dag.py:3047} INFO - Sync 1 DAGs
[2024-03-11T16:48:27.914+0000] {logging_mixin.py:188} INFO - [2024-03-11T16:48:27.913+0000] {dag.py:3834} INFO - Setting next_dagrun for Lead_Scoring_Data_Engineering_Pipeline to 2024-03-11 00:00:00+00:00, run_after=2024-03-12 00:00:00+00:00
[2024-03-11T16:48:27.938+0000] {processor.py:183} INFO - Processing /home/airflow/dags/Lead_scoring_data_pipeline/lead_scoring_data_pipeline.py took 0.283 seconds
[2024-03-11T16:49:42.709+0000] {processor.py:161} INFO - Started process (PID=1007) to work on /home/airflow/dags/Lead_scoring_data_pipeline/lead_scoring_data_pipeline.py
[2024-03-11T16:49:42.711+0000] {processor.py:830} INFO - Processing file /home/airflow/dags/Lead_scoring_data_pipeline/lead_scoring_data_pipeline.py for tasks to queue
[2024-03-11T16:49:42.712+0000] {logging_mixin.py:188} INFO - [2024-03-11T16:49:42.712+0000] {dagbag.py:540} INFO - Filling up the DagBag from /home/airflow/dags/Lead_scoring_data_pipeline/lead_scoring_data_pipeline.py
[2024-03-11T16:49:42.968+0000] {processor.py:840} INFO - DAG(s) 'Lead_Scoring_Data_Engineering_Pipeline' retrieved from /home/airflow/dags/Lead_scoring_data_pipeline/lead_scoring_data_pipeline.py
[2024-03-11T16:49:42.980+0000] {logging_mixin.py:188} INFO - [2024-03-11T16:49:42.980+0000] {dag.py:3047} INFO - Sync 1 DAGs
[2024-03-11T16:49:42.999+0000] {logging_mixin.py:188} INFO - [2024-03-11T16:49:42.999+0000] {dag.py:3834} INFO - Setting next_dagrun for Lead_Scoring_Data_Engineering_Pipeline to 2024-03-11 00:00:00+00:00, run_after=2024-03-12 00:00:00+00:00
[2024-03-11T16:49:43.023+0000] {processor.py:183} INFO - Processing /home/airflow/dags/Lead_scoring_data_pipeline/lead_scoring_data_pipeline.py took 0.316 seconds
[2024-03-11T16:51:03.275+0000] {processor.py:161} INFO - Started process (PID=1107) to work on /home/airflow/dags/Lead_scoring_data_pipeline/lead_scoring_data_pipeline.py
[2024-03-11T16:51:03.277+0000] {processor.py:830} INFO - Processing file /home/airflow/dags/Lead_scoring_data_pipeline/lead_scoring_data_pipeline.py for tasks to queue
[2024-03-11T16:51:03.278+0000] {logging_mixin.py:188} INFO - [2024-03-11T16:51:03.278+0000] {dagbag.py:540} INFO - Filling up the DagBag from /home/airflow/dags/Lead_scoring_data_pipeline/lead_scoring_data_pipeline.py
[2024-03-11T16:51:03.557+0000] {processor.py:840} INFO - DAG(s) 'Lead_Scoring_Data_Engineering_Pipeline' retrieved from /home/airflow/dags/Lead_scoring_data_pipeline/lead_scoring_data_pipeline.py
[2024-03-11T16:51:03.569+0000] {logging_mixin.py:188} INFO - [2024-03-11T16:51:03.569+0000] {dag.py:3047} INFO - Sync 1 DAGs
[2024-03-11T16:51:03.586+0000] {logging_mixin.py:188} INFO - [2024-03-11T16:51:03.586+0000] {dag.py:3834} INFO - Setting next_dagrun for Lead_Scoring_Data_Engineering_Pipeline to 2024-03-11 00:00:00+00:00, run_after=2024-03-12 00:00:00+00:00
[2024-03-11T16:51:03.611+0000] {processor.py:183} INFO - Processing /home/airflow/dags/Lead_scoring_data_pipeline/lead_scoring_data_pipeline.py took 0.339 seconds
[2024-03-11T16:52:26.211+0000] {processor.py:161} INFO - Started process (PID=1216) to work on /home/airflow/dags/Lead_scoring_data_pipeline/lead_scoring_data_pipeline.py
[2024-03-11T16:52:26.213+0000] {processor.py:830} INFO - Processing file /home/airflow/dags/Lead_scoring_data_pipeline/lead_scoring_data_pipeline.py for tasks to queue
[2024-03-11T16:52:26.214+0000] {logging_mixin.py:188} INFO - [2024-03-11T16:52:26.214+0000] {dagbag.py:540} INFO - Filling up the DagBag from /home/airflow/dags/Lead_scoring_data_pipeline/lead_scoring_data_pipeline.py
[2024-03-11T16:52:26.505+0000] {processor.py:840} INFO - DAG(s) 'Lead_Scoring_Data_Engineering_Pipeline' retrieved from /home/airflow/dags/Lead_scoring_data_pipeline/lead_scoring_data_pipeline.py
[2024-03-11T16:52:26.516+0000] {logging_mixin.py:188} INFO - [2024-03-11T16:52:26.516+0000] {dag.py:3047} INFO - Sync 1 DAGs
[2024-03-11T16:52:26.533+0000] {logging_mixin.py:188} INFO - [2024-03-11T16:52:26.533+0000] {dag.py:3834} INFO - Setting next_dagrun for Lead_Scoring_Data_Engineering_Pipeline to 2024-03-11 00:00:00+00:00, run_after=2024-03-12 00:00:00+00:00
[2024-03-11T16:52:26.557+0000] {processor.py:183} INFO - Processing /home/airflow/dags/Lead_scoring_data_pipeline/lead_scoring_data_pipeline.py took 0.349 seconds
[2024-03-11T16:53:46.226+0000] {processor.py:161} INFO - Started process (PID=1317) to work on /home/airflow/dags/Lead_scoring_data_pipeline/lead_scoring_data_pipeline.py
[2024-03-11T16:53:46.228+0000] {processor.py:830} INFO - Processing file /home/airflow/dags/Lead_scoring_data_pipeline/lead_scoring_data_pipeline.py for tasks to queue
[2024-03-11T16:53:46.229+0000] {logging_mixin.py:188} INFO - [2024-03-11T16:53:46.228+0000] {dagbag.py:540} INFO - Filling up the DagBag from /home/airflow/dags/Lead_scoring_data_pipeline/lead_scoring_data_pipeline.py
[2024-03-11T16:53:46.563+0000] {processor.py:840} INFO - DAG(s) 'Lead_Scoring_Data_Engineering_Pipeline' retrieved from /home/airflow/dags/Lead_scoring_data_pipeline/lead_scoring_data_pipeline.py
[2024-03-11T16:53:46.578+0000] {logging_mixin.py:188} INFO - [2024-03-11T16:53:46.577+0000] {dag.py:3047} INFO - Sync 1 DAGs
[2024-03-11T16:53:46.598+0000] {logging_mixin.py:188} INFO - [2024-03-11T16:53:46.598+0000] {dag.py:3834} INFO - Setting next_dagrun for Lead_Scoring_Data_Engineering_Pipeline to 2024-03-11 00:00:00+00:00, run_after=2024-03-12 00:00:00+00:00
[2024-03-11T16:53:46.649+0000] {processor.py:183} INFO - Processing /home/airflow/dags/Lead_scoring_data_pipeline/lead_scoring_data_pipeline.py took 0.426 seconds
[2024-03-11T16:55:08.031+0000] {processor.py:161} INFO - Started process (PID=1425) to work on /home/airflow/dags/Lead_scoring_data_pipeline/lead_scoring_data_pipeline.py
[2024-03-11T16:55:08.033+0000] {processor.py:830} INFO - Processing file /home/airflow/dags/Lead_scoring_data_pipeline/lead_scoring_data_pipeline.py for tasks to queue
[2024-03-11T16:55:08.034+0000] {logging_mixin.py:188} INFO - [2024-03-11T16:55:08.033+0000] {dagbag.py:540} INFO - Filling up the DagBag from /home/airflow/dags/Lead_scoring_data_pipeline/lead_scoring_data_pipeline.py
[2024-03-11T16:55:08.362+0000] {processor.py:840} INFO - DAG(s) 'Lead_Scoring_Data_Engineering_Pipeline' retrieved from /home/airflow/dags/Lead_scoring_data_pipeline/lead_scoring_data_pipeline.py
[2024-03-11T16:55:08.373+0000] {logging_mixin.py:188} INFO - [2024-03-11T16:55:08.373+0000] {dag.py:3047} INFO - Sync 1 DAGs
[2024-03-11T16:55:08.391+0000] {logging_mixin.py:188} INFO - [2024-03-11T16:55:08.391+0000] {dag.py:3834} INFO - Setting next_dagrun for Lead_Scoring_Data_Engineering_Pipeline to 2024-03-11 00:00:00+00:00, run_after=2024-03-12 00:00:00+00:00
[2024-03-11T16:55:08.509+0000] {processor.py:183} INFO - Processing /home/airflow/dags/Lead_scoring_data_pipeline/lead_scoring_data_pipeline.py took 0.481 seconds
[2024-03-11T16:56:26.150+0000] {processor.py:161} INFO - Started process (PID=1546) to work on /home/airflow/dags/Lead_scoring_data_pipeline/lead_scoring_data_pipeline.py
[2024-03-11T16:56:26.152+0000] {processor.py:830} INFO - Processing file /home/airflow/dags/Lead_scoring_data_pipeline/lead_scoring_data_pipeline.py for tasks to queue
[2024-03-11T16:56:26.153+0000] {logging_mixin.py:188} INFO - [2024-03-11T16:56:26.153+0000] {dagbag.py:540} INFO - Filling up the DagBag from /home/airflow/dags/Lead_scoring_data_pipeline/lead_scoring_data_pipeline.py
[2024-03-11T16:56:26.493+0000] {processor.py:840} INFO - DAG(s) 'Lead_Scoring_Data_Engineering_Pipeline' retrieved from /home/airflow/dags/Lead_scoring_data_pipeline/lead_scoring_data_pipeline.py
[2024-03-11T16:56:26.504+0000] {logging_mixin.py:188} INFO - [2024-03-11T16:56:26.504+0000] {dag.py:3047} INFO - Sync 1 DAGs
[2024-03-11T16:56:26.610+0000] {logging_mixin.py:188} INFO - [2024-03-11T16:56:26.610+0000] {dag.py:3834} INFO - Setting next_dagrun for Lead_Scoring_Data_Engineering_Pipeline to 2024-03-11 00:00:00+00:00, run_after=2024-03-12 00:00:00+00:00
[2024-03-11T16:56:26.635+0000] {processor.py:183} INFO - Processing /home/airflow/dags/Lead_scoring_data_pipeline/lead_scoring_data_pipeline.py took 0.487 seconds
[2024-03-11T16:57:46.042+0000] {processor.py:161} INFO - Started process (PID=1751) to work on /home/airflow/dags/Lead_scoring_data_pipeline/lead_scoring_data_pipeline.py
[2024-03-11T16:57:46.044+0000] {processor.py:830} INFO - Processing file /home/airflow/dags/Lead_scoring_data_pipeline/lead_scoring_data_pipeline.py for tasks to queue
[2024-03-11T16:57:46.045+0000] {logging_mixin.py:188} INFO - [2024-03-11T16:57:46.045+0000] {dagbag.py:540} INFO - Filling up the DagBag from /home/airflow/dags/Lead_scoring_data_pipeline/lead_scoring_data_pipeline.py
[2024-03-11T16:57:46.317+0000] {processor.py:840} INFO - DAG(s) 'Lead_Scoring_Data_Engineering_Pipeline' retrieved from /home/airflow/dags/Lead_scoring_data_pipeline/lead_scoring_data_pipeline.py
[2024-03-11T16:57:46.329+0000] {logging_mixin.py:188} INFO - [2024-03-11T16:57:46.328+0000] {dag.py:3047} INFO - Sync 1 DAGs
[2024-03-11T16:57:46.441+0000] {logging_mixin.py:188} INFO - [2024-03-11T16:57:46.441+0000] {dag.py:3834} INFO - Setting next_dagrun for Lead_Scoring_Data_Engineering_Pipeline to 2024-03-11 00:00:00+00:00, run_after=2024-03-12 00:00:00+00:00
[2024-03-11T16:57:46.466+0000] {processor.py:183} INFO - Processing /home/airflow/dags/Lead_scoring_data_pipeline/lead_scoring_data_pipeline.py took 0.426 seconds
[2024-03-11T17:09:09.609+0000] {processor.py:161} INFO - Started process (PID=2348) to work on /home/airflow/dags/Lead_scoring_data_pipeline/lead_scoring_data_pipeline.py
[2024-03-11T17:09:09.611+0000] {processor.py:830} INFO - Processing file /home/airflow/dags/Lead_scoring_data_pipeline/lead_scoring_data_pipeline.py for tasks to queue
[2024-03-11T17:09:09.612+0000] {logging_mixin.py:188} INFO - [2024-03-11T17:09:09.612+0000] {dagbag.py:540} INFO - Filling up the DagBag from /home/airflow/dags/Lead_scoring_data_pipeline/lead_scoring_data_pipeline.py
[2024-03-11T17:09:09.965+0000] {processor.py:840} INFO - DAG(s) 'Lead_Scoring_Data_Engineering_Pipeline' retrieved from /home/airflow/dags/Lead_scoring_data_pipeline/lead_scoring_data_pipeline.py
[2024-03-11T17:09:09.977+0000] {logging_mixin.py:188} INFO - [2024-03-11T17:09:09.977+0000] {dag.py:3047} INFO - Sync 1 DAGs
[2024-03-11T17:09:09.996+0000] {logging_mixin.py:188} INFO - [2024-03-11T17:09:09.995+0000] {dag.py:3834} INFO - Setting next_dagrun for Lead_Scoring_Data_Engineering_Pipeline to 2024-03-11 00:00:00+00:00, run_after=2024-03-12 00:00:00+00:00
[2024-03-11T17:09:10.020+0000] {processor.py:183} INFO - Processing /home/airflow/dags/Lead_scoring_data_pipeline/lead_scoring_data_pipeline.py took 0.413 seconds
[2024-03-11T17:10:33.043+0000] {processor.py:161} INFO - Started process (PID=2458) to work on /home/airflow/dags/Lead_scoring_data_pipeline/lead_scoring_data_pipeline.py
[2024-03-11T17:10:33.078+0000] {processor.py:830} INFO - Processing file /home/airflow/dags/Lead_scoring_data_pipeline/lead_scoring_data_pipeline.py for tasks to queue
[2024-03-11T17:10:33.079+0000] {logging_mixin.py:188} INFO - [2024-03-11T17:10:33.079+0000] {dagbag.py:540} INFO - Filling up the DagBag from /home/airflow/dags/Lead_scoring_data_pipeline/lead_scoring_data_pipeline.py
[2024-03-11T17:10:33.382+0000] {processor.py:840} INFO - DAG(s) 'Lead_Scoring_Data_Engineering_Pipeline' retrieved from /home/airflow/dags/Lead_scoring_data_pipeline/lead_scoring_data_pipeline.py
[2024-03-11T17:10:33.394+0000] {logging_mixin.py:188} INFO - [2024-03-11T17:10:33.394+0000] {dag.py:3047} INFO - Sync 1 DAGs
[2024-03-11T17:10:33.412+0000] {logging_mixin.py:188} INFO - [2024-03-11T17:10:33.412+0000] {dag.py:3834} INFO - Setting next_dagrun for Lead_Scoring_Data_Engineering_Pipeline to 2024-03-11 00:00:00+00:00, run_after=2024-03-12 00:00:00+00:00
[2024-03-11T17:10:33.481+0000] {processor.py:183} INFO - Processing /home/airflow/dags/Lead_scoring_data_pipeline/lead_scoring_data_pipeline.py took 0.440 seconds
[2024-03-11T17:12:28.186+0000] {processor.py:161} INFO - Started process (PID=2612) to work on /home/airflow/dags/Lead_scoring_data_pipeline/lead_scoring_data_pipeline.py
[2024-03-11T17:12:28.188+0000] {processor.py:830} INFO - Processing file /home/airflow/dags/Lead_scoring_data_pipeline/lead_scoring_data_pipeline.py for tasks to queue
[2024-03-11T17:12:28.189+0000] {logging_mixin.py:188} INFO - [2024-03-11T17:12:28.189+0000] {dagbag.py:540} INFO - Filling up the DagBag from /home/airflow/dags/Lead_scoring_data_pipeline/lead_scoring_data_pipeline.py
[2024-03-11T17:12:28.575+0000] {processor.py:840} INFO - DAG(s) 'Lead_Scoring_Data_Engineering_Pipeline' retrieved from /home/airflow/dags/Lead_scoring_data_pipeline/lead_scoring_data_pipeline.py
[2024-03-11T17:12:28.591+0000] {logging_mixin.py:188} INFO - [2024-03-11T17:12:28.591+0000] {dag.py:3047} INFO - Sync 1 DAGs
[2024-03-11T17:12:28.616+0000] {logging_mixin.py:188} INFO - [2024-03-11T17:12:28.616+0000] {dag.py:3834} INFO - Setting next_dagrun for Lead_Scoring_Data_Engineering_Pipeline to 2024-03-11 00:00:00+00:00, run_after=2024-03-12 00:00:00+00:00
[2024-03-11T17:12:28.645+0000] {processor.py:183} INFO - Processing /home/airflow/dags/Lead_scoring_data_pipeline/lead_scoring_data_pipeline.py took 0.462 seconds
[2024-03-11T17:13:47.543+0000] {processor.py:161} INFO - Started process (PID=2764) to work on /home/airflow/dags/Lead_scoring_data_pipeline/lead_scoring_data_pipeline.py
[2024-03-11T17:13:47.545+0000] {processor.py:830} INFO - Processing file /home/airflow/dags/Lead_scoring_data_pipeline/lead_scoring_data_pipeline.py for tasks to queue
[2024-03-11T17:13:47.547+0000] {logging_mixin.py:188} INFO - [2024-03-11T17:13:47.546+0000] {dagbag.py:540} INFO - Filling up the DagBag from /home/airflow/dags/Lead_scoring_data_pipeline/lead_scoring_data_pipeline.py
[2024-03-11T17:13:47.921+0000] {processor.py:840} INFO - DAG(s) 'Lead_Scoring_Data_Engineering_Pipeline' retrieved from /home/airflow/dags/Lead_scoring_data_pipeline/lead_scoring_data_pipeline.py
[2024-03-11T17:13:47.937+0000] {logging_mixin.py:188} INFO - [2024-03-11T17:13:47.936+0000] {dag.py:3047} INFO - Sync 1 DAGs
[2024-03-11T17:13:47.955+0000] {logging_mixin.py:188} INFO - [2024-03-11T17:13:47.955+0000] {dag.py:3834} INFO - Setting next_dagrun for Lead_Scoring_Data_Engineering_Pipeline to 2024-03-11 00:00:00+00:00, run_after=2024-03-12 00:00:00+00:00
[2024-03-11T17:13:47.980+0000] {processor.py:183} INFO - Processing /home/airflow/dags/Lead_scoring_data_pipeline/lead_scoring_data_pipeline.py took 0.440 seconds
[2024-03-11T17:15:33.476+0000] {processor.py:161} INFO - Started process (PID=2949) to work on /home/airflow/dags/Lead_scoring_data_pipeline/lead_scoring_data_pipeline.py
[2024-03-11T17:15:33.478+0000] {processor.py:830} INFO - Processing file /home/airflow/dags/Lead_scoring_data_pipeline/lead_scoring_data_pipeline.py for tasks to queue
[2024-03-11T17:15:33.479+0000] {logging_mixin.py:188} INFO - [2024-03-11T17:15:33.478+0000] {dagbag.py:540} INFO - Filling up the DagBag from /home/airflow/dags/Lead_scoring_data_pipeline/lead_scoring_data_pipeline.py
[2024-03-11T17:15:33.778+0000] {processor.py:840} INFO - DAG(s) 'Lead_Scoring_Data_Engineering_Pipeline' retrieved from /home/airflow/dags/Lead_scoring_data_pipeline/lead_scoring_data_pipeline.py
[2024-03-11T17:15:33.790+0000] {logging_mixin.py:188} INFO - [2024-03-11T17:15:33.789+0000] {dag.py:3047} INFO - Sync 1 DAGs
[2024-03-11T17:15:33.806+0000] {logging_mixin.py:188} INFO - [2024-03-11T17:15:33.806+0000] {dag.py:3834} INFO - Setting next_dagrun for Lead_Scoring_Data_Engineering_Pipeline to 2024-03-11 00:00:00+00:00, run_after=2024-03-12 00:00:00+00:00
[2024-03-11T17:15:33.831+0000] {processor.py:183} INFO - Processing /home/airflow/dags/Lead_scoring_data_pipeline/lead_scoring_data_pipeline.py took 0.359 seconds
[2024-03-11T17:16:50.747+0000] {processor.py:161} INFO - Started process (PID=3048) to work on /home/airflow/dags/Lead_scoring_data_pipeline/lead_scoring_data_pipeline.py
[2024-03-11T17:16:50.749+0000] {processor.py:830} INFO - Processing file /home/airflow/dags/Lead_scoring_data_pipeline/lead_scoring_data_pipeline.py for tasks to queue
[2024-03-11T17:16:50.750+0000] {logging_mixin.py:188} INFO - [2024-03-11T17:16:50.749+0000] {dagbag.py:540} INFO - Filling up the DagBag from /home/airflow/dags/Lead_scoring_data_pipeline/lead_scoring_data_pipeline.py
[2024-03-11T17:16:51.096+0000] {processor.py:840} INFO - DAG(s) 'Lead_Scoring_Data_Engineering_Pipeline' retrieved from /home/airflow/dags/Lead_scoring_data_pipeline/lead_scoring_data_pipeline.py
[2024-03-11T17:16:51.108+0000] {logging_mixin.py:188} INFO - [2024-03-11T17:16:51.107+0000] {dag.py:3047} INFO - Sync 1 DAGs
[2024-03-11T17:16:51.125+0000] {logging_mixin.py:188} INFO - [2024-03-11T17:16:51.125+0000] {dag.py:3834} INFO - Setting next_dagrun for Lead_Scoring_Data_Engineering_Pipeline to 2024-03-11 00:00:00+00:00, run_after=2024-03-12 00:00:00+00:00
[2024-03-11T17:16:51.148+0000] {processor.py:183} INFO - Processing /home/airflow/dags/Lead_scoring_data_pipeline/lead_scoring_data_pipeline.py took 0.405 seconds
[2024-03-11T17:18:13.474+0000] {processor.py:161} INFO - Started process (PID=3156) to work on /home/airflow/dags/Lead_scoring_data_pipeline/lead_scoring_data_pipeline.py
[2024-03-11T17:18:13.476+0000] {processor.py:830} INFO - Processing file /home/airflow/dags/Lead_scoring_data_pipeline/lead_scoring_data_pipeline.py for tasks to queue
[2024-03-11T17:18:13.477+0000] {logging_mixin.py:188} INFO - [2024-03-11T17:18:13.477+0000] {dagbag.py:540} INFO - Filling up the DagBag from /home/airflow/dags/Lead_scoring_data_pipeline/lead_scoring_data_pipeline.py
[2024-03-11T17:18:13.852+0000] {processor.py:840} INFO - DAG(s) 'Lead_Scoring_Data_Engineering_Pipeline' retrieved from /home/airflow/dags/Lead_scoring_data_pipeline/lead_scoring_data_pipeline.py
[2024-03-11T17:18:13.864+0000] {logging_mixin.py:188} INFO - [2024-03-11T17:18:13.864+0000] {dag.py:3047} INFO - Sync 1 DAGs
[2024-03-11T17:18:13.882+0000] {logging_mixin.py:188} INFO - [2024-03-11T17:18:13.882+0000] {dag.py:3834} INFO - Setting next_dagrun for Lead_Scoring_Data_Engineering_Pipeline to 2024-03-11 00:00:00+00:00, run_after=2024-03-12 00:00:00+00:00
[2024-03-11T17:18:14.002+0000] {processor.py:183} INFO - Processing /home/airflow/dags/Lead_scoring_data_pipeline/lead_scoring_data_pipeline.py took 0.530 seconds
[2024-03-11T17:19:36.838+0000] {processor.py:161} INFO - Started process (PID=3260) to work on /home/airflow/dags/Lead_scoring_data_pipeline/lead_scoring_data_pipeline.py
[2024-03-11T17:19:36.840+0000] {processor.py:830} INFO - Processing file /home/airflow/dags/Lead_scoring_data_pipeline/lead_scoring_data_pipeline.py for tasks to queue
[2024-03-11T17:19:36.841+0000] {logging_mixin.py:188} INFO - [2024-03-11T17:19:36.840+0000] {dagbag.py:540} INFO - Filling up the DagBag from /home/airflow/dags/Lead_scoring_data_pipeline/lead_scoring_data_pipeline.py
[2024-03-11T17:19:37.128+0000] {processor.py:840} INFO - DAG(s) 'Lead_Scoring_Data_Engineering_Pipeline' retrieved from /home/airflow/dags/Lead_scoring_data_pipeline/lead_scoring_data_pipeline.py
[2024-03-11T17:19:37.141+0000] {logging_mixin.py:188} INFO - [2024-03-11T17:19:37.141+0000] {dag.py:3047} INFO - Sync 1 DAGs
[2024-03-11T17:19:37.158+0000] {logging_mixin.py:188} INFO - [2024-03-11T17:19:37.158+0000] {dag.py:3834} INFO - Setting next_dagrun for Lead_Scoring_Data_Engineering_Pipeline to 2024-03-11 00:00:00+00:00, run_after=2024-03-12 00:00:00+00:00
[2024-03-11T17:19:37.182+0000] {processor.py:183} INFO - Processing /home/airflow/dags/Lead_scoring_data_pipeline/lead_scoring_data_pipeline.py took 0.348 seconds
[2024-03-11T17:20:56.158+0000] {processor.py:161} INFO - Started process (PID=3367) to work on /home/airflow/dags/Lead_scoring_data_pipeline/lead_scoring_data_pipeline.py
[2024-03-11T17:20:56.160+0000] {processor.py:830} INFO - Processing file /home/airflow/dags/Lead_scoring_data_pipeline/lead_scoring_data_pipeline.py for tasks to queue
[2024-03-11T17:20:56.161+0000] {logging_mixin.py:188} INFO - [2024-03-11T17:20:56.160+0000] {dagbag.py:540} INFO - Filling up the DagBag from /home/airflow/dags/Lead_scoring_data_pipeline/lead_scoring_data_pipeline.py
[2024-03-11T17:20:56.533+0000] {processor.py:840} INFO - DAG(s) 'Lead_Scoring_Data_Engineering_Pipeline' retrieved from /home/airflow/dags/Lead_scoring_data_pipeline/lead_scoring_data_pipeline.py
[2024-03-11T17:20:56.548+0000] {logging_mixin.py:188} INFO - [2024-03-11T17:20:56.547+0000] {dag.py:3047} INFO - Sync 1 DAGs
[2024-03-11T17:20:56.570+0000] {logging_mixin.py:188} INFO - [2024-03-11T17:20:56.570+0000] {dag.py:3834} INFO - Setting next_dagrun for Lead_Scoring_Data_Engineering_Pipeline to 2024-03-11 00:00:00+00:00, run_after=2024-03-12 00:00:00+00:00
[2024-03-11T17:20:56.597+0000] {processor.py:183} INFO - Processing /home/airflow/dags/Lead_scoring_data_pipeline/lead_scoring_data_pipeline.py took 0.442 seconds
