[2024-03-14T16:23:12.738+0000] {processor.py:161} INFO - Started process (PID=608) to work on /usr/local/lib/python3.8/dist-packages/airflow/example_dags/example_dynamic_task_mapping.py
[2024-03-14T16:23:12.739+0000] {processor.py:830} INFO - Processing file /usr/local/lib/python3.8/dist-packages/airflow/example_dags/example_dynamic_task_mapping.py for tasks to queue
[2024-03-14T16:23:12.740+0000] {logging_mixin.py:188} INFO - [2024-03-14T16:23:12.740+0000] {dagbag.py:540} INFO - Filling up the DagBag from /usr/local/lib/python3.8/dist-packages/airflow/example_dags/example_dynamic_task_mapping.py
[2024-03-14T16:23:12.747+0000] {processor.py:840} INFO - DAG(s) 'example_dynamic_task_mapping' retrieved from /usr/local/lib/python3.8/dist-packages/airflow/example_dags/example_dynamic_task_mapping.py
[2024-03-14T16:23:12.846+0000] {logging_mixin.py:188} INFO - [2024-03-14T16:23:12.845+0000] {dag.py:3047} INFO - Sync 1 DAGs
[2024-03-14T16:23:12.860+0000] {logging_mixin.py:188} INFO - [2024-03-14T16:23:12.860+0000] {dag.py:3834} INFO - Setting next_dagrun for example_dynamic_task_mapping to 2022-03-04 00:00:00+00:00, run_after=2022-03-05 00:00:00+00:00
[2024-03-14T16:23:12.971+0000] {processor.py:183} INFO - Processing /usr/local/lib/python3.8/dist-packages/airflow/example_dags/example_dynamic_task_mapping.py took 0.235 seconds
[2024-03-14T16:24:31.923+0000] {processor.py:161} INFO - Started process (PID=717) to work on /usr/local/lib/python3.8/dist-packages/airflow/example_dags/example_dynamic_task_mapping.py
[2024-03-14T16:24:31.924+0000] {processor.py:830} INFO - Processing file /usr/local/lib/python3.8/dist-packages/airflow/example_dags/example_dynamic_task_mapping.py for tasks to queue
[2024-03-14T16:24:31.925+0000] {logging_mixin.py:188} INFO - [2024-03-14T16:24:31.925+0000] {dagbag.py:540} INFO - Filling up the DagBag from /usr/local/lib/python3.8/dist-packages/airflow/example_dags/example_dynamic_task_mapping.py
[2024-03-14T16:24:31.933+0000] {processor.py:840} INFO - DAG(s) 'example_dynamic_task_mapping' retrieved from /usr/local/lib/python3.8/dist-packages/airflow/example_dags/example_dynamic_task_mapping.py
[2024-03-14T16:24:31.947+0000] {logging_mixin.py:188} INFO - [2024-03-14T16:24:31.947+0000] {dag.py:3047} INFO - Sync 1 DAGs
[2024-03-14T16:24:31.964+0000] {logging_mixin.py:188} INFO - [2024-03-14T16:24:31.964+0000] {dag.py:3834} INFO - Setting next_dagrun for example_dynamic_task_mapping to 2022-03-04 00:00:00+00:00, run_after=2022-03-05 00:00:00+00:00
[2024-03-14T16:24:31.987+0000] {processor.py:183} INFO - Processing /usr/local/lib/python3.8/dist-packages/airflow/example_dags/example_dynamic_task_mapping.py took 0.067 seconds
[2024-03-14T16:25:33.030+0000] {processor.py:161} INFO - Started process (PID=807) to work on /usr/local/lib/python3.8/dist-packages/airflow/example_dags/example_dynamic_task_mapping.py
[2024-03-14T16:25:33.032+0000] {processor.py:830} INFO - Processing file /usr/local/lib/python3.8/dist-packages/airflow/example_dags/example_dynamic_task_mapping.py for tasks to queue
[2024-03-14T16:25:33.033+0000] {logging_mixin.py:188} INFO - [2024-03-14T16:25:33.033+0000] {dagbag.py:540} INFO - Filling up the DagBag from /usr/local/lib/python3.8/dist-packages/airflow/example_dags/example_dynamic_task_mapping.py
[2024-03-14T16:25:33.041+0000] {processor.py:840} INFO - DAG(s) 'example_dynamic_task_mapping' retrieved from /usr/local/lib/python3.8/dist-packages/airflow/example_dags/example_dynamic_task_mapping.py
[2024-03-14T16:25:33.057+0000] {logging_mixin.py:188} INFO - [2024-03-14T16:25:33.057+0000] {dag.py:3047} INFO - Sync 1 DAGs
[2024-03-14T16:25:33.079+0000] {logging_mixin.py:188} INFO - [2024-03-14T16:25:33.078+0000] {dag.py:3834} INFO - Setting next_dagrun for example_dynamic_task_mapping to 2022-03-04 00:00:00+00:00, run_after=2022-03-05 00:00:00+00:00
[2024-03-14T16:25:33.181+0000] {processor.py:183} INFO - Processing /usr/local/lib/python3.8/dist-packages/airflow/example_dags/example_dynamic_task_mapping.py took 0.154 seconds
[2024-03-14T16:26:36.180+0000] {processor.py:161} INFO - Started process (PID=907) to work on /usr/local/lib/python3.8/dist-packages/airflow/example_dags/example_dynamic_task_mapping.py
[2024-03-14T16:26:36.182+0000] {processor.py:830} INFO - Processing file /usr/local/lib/python3.8/dist-packages/airflow/example_dags/example_dynamic_task_mapping.py for tasks to queue
[2024-03-14T16:26:36.183+0000] {logging_mixin.py:188} INFO - [2024-03-14T16:26:36.183+0000] {dagbag.py:540} INFO - Filling up the DagBag from /usr/local/lib/python3.8/dist-packages/airflow/example_dags/example_dynamic_task_mapping.py
[2024-03-14T16:26:36.191+0000] {processor.py:840} INFO - DAG(s) 'example_dynamic_task_mapping' retrieved from /usr/local/lib/python3.8/dist-packages/airflow/example_dags/example_dynamic_task_mapping.py
[2024-03-14T16:26:36.206+0000] {logging_mixin.py:188} INFO - [2024-03-14T16:26:36.206+0000] {dag.py:3047} INFO - Sync 1 DAGs
[2024-03-14T16:26:36.228+0000] {logging_mixin.py:188} INFO - [2024-03-14T16:26:36.228+0000] {dag.py:3834} INFO - Setting next_dagrun for example_dynamic_task_mapping to 2022-03-04 00:00:00+00:00, run_after=2022-03-05 00:00:00+00:00
[2024-03-14T16:26:36.309+0000] {processor.py:183} INFO - Processing /usr/local/lib/python3.8/dist-packages/airflow/example_dags/example_dynamic_task_mapping.py took 0.133 seconds
[2024-03-14T16:27:45.232+0000] {processor.py:161} INFO - Started process (PID=1036) to work on /usr/local/lib/python3.8/dist-packages/airflow/example_dags/example_dynamic_task_mapping.py
[2024-03-14T16:27:45.233+0000] {processor.py:830} INFO - Processing file /usr/local/lib/python3.8/dist-packages/airflow/example_dags/example_dynamic_task_mapping.py for tasks to queue
[2024-03-14T16:27:45.234+0000] {logging_mixin.py:188} INFO - [2024-03-14T16:27:45.233+0000] {dagbag.py:540} INFO - Filling up the DagBag from /usr/local/lib/python3.8/dist-packages/airflow/example_dags/example_dynamic_task_mapping.py
[2024-03-14T16:27:45.241+0000] {processor.py:840} INFO - DAG(s) 'example_dynamic_task_mapping' retrieved from /usr/local/lib/python3.8/dist-packages/airflow/example_dags/example_dynamic_task_mapping.py
[2024-03-14T16:27:45.257+0000] {logging_mixin.py:188} INFO - [2024-03-14T16:27:45.257+0000] {dag.py:3047} INFO - Sync 1 DAGs
[2024-03-14T16:27:45.279+0000] {logging_mixin.py:188} INFO - [2024-03-14T16:27:45.278+0000] {dag.py:3834} INFO - Setting next_dagrun for example_dynamic_task_mapping to 2022-03-04 00:00:00+00:00, run_after=2022-03-05 00:00:00+00:00
[2024-03-14T16:27:45.311+0000] {processor.py:183} INFO - Processing /usr/local/lib/python3.8/dist-packages/airflow/example_dags/example_dynamic_task_mapping.py took 0.082 seconds
[2024-03-14T16:28:56.166+0000] {processor.py:161} INFO - Started process (PID=1141) to work on /usr/local/lib/python3.8/dist-packages/airflow/example_dags/example_dynamic_task_mapping.py
[2024-03-14T16:28:56.167+0000] {processor.py:830} INFO - Processing file /usr/local/lib/python3.8/dist-packages/airflow/example_dags/example_dynamic_task_mapping.py for tasks to queue
[2024-03-14T16:28:56.168+0000] {logging_mixin.py:188} INFO - [2024-03-14T16:28:56.167+0000] {dagbag.py:540} INFO - Filling up the DagBag from /usr/local/lib/python3.8/dist-packages/airflow/example_dags/example_dynamic_task_mapping.py
[2024-03-14T16:28:56.176+0000] {processor.py:840} INFO - DAG(s) 'example_dynamic_task_mapping' retrieved from /usr/local/lib/python3.8/dist-packages/airflow/example_dags/example_dynamic_task_mapping.py
[2024-03-14T16:28:56.191+0000] {logging_mixin.py:188} INFO - [2024-03-14T16:28:56.191+0000] {dag.py:3047} INFO - Sync 1 DAGs
[2024-03-14T16:28:56.213+0000] {logging_mixin.py:188} INFO - [2024-03-14T16:28:56.213+0000] {dag.py:3834} INFO - Setting next_dagrun for example_dynamic_task_mapping to 2022-03-04 00:00:00+00:00, run_after=2022-03-05 00:00:00+00:00
[2024-03-14T16:28:56.242+0000] {processor.py:183} INFO - Processing /usr/local/lib/python3.8/dist-packages/airflow/example_dags/example_dynamic_task_mapping.py took 0.079 seconds
[2024-03-14T16:30:48.918+0000] {processor.py:161} INFO - Started process (PID=1336) to work on /usr/local/lib/python3.8/dist-packages/airflow/example_dags/example_dynamic_task_mapping.py
[2024-03-14T16:30:48.919+0000] {processor.py:830} INFO - Processing file /usr/local/lib/python3.8/dist-packages/airflow/example_dags/example_dynamic_task_mapping.py for tasks to queue
[2024-03-14T16:30:48.920+0000] {logging_mixin.py:188} INFO - [2024-03-14T16:30:48.919+0000] {dagbag.py:540} INFO - Filling up the DagBag from /usr/local/lib/python3.8/dist-packages/airflow/example_dags/example_dynamic_task_mapping.py
[2024-03-14T16:30:48.928+0000] {processor.py:840} INFO - DAG(s) 'example_dynamic_task_mapping' retrieved from /usr/local/lib/python3.8/dist-packages/airflow/example_dags/example_dynamic_task_mapping.py
[2024-03-14T16:30:48.943+0000] {logging_mixin.py:188} INFO - [2024-03-14T16:30:48.943+0000] {dag.py:3047} INFO - Sync 1 DAGs
[2024-03-14T16:30:48.963+0000] {logging_mixin.py:188} INFO - [2024-03-14T16:30:48.963+0000] {dag.py:3834} INFO - Setting next_dagrun for example_dynamic_task_mapping to 2022-03-04 00:00:00+00:00, run_after=2022-03-05 00:00:00+00:00
[2024-03-14T16:30:48.987+0000] {processor.py:183} INFO - Processing /usr/local/lib/python3.8/dist-packages/airflow/example_dags/example_dynamic_task_mapping.py took 0.072 seconds
[2024-03-14T16:31:57.067+0000] {processor.py:161} INFO - Started process (PID=1450) to work on /usr/local/lib/python3.8/dist-packages/airflow/example_dags/example_dynamic_task_mapping.py
[2024-03-14T16:31:57.069+0000] {processor.py:830} INFO - Processing file /usr/local/lib/python3.8/dist-packages/airflow/example_dags/example_dynamic_task_mapping.py for tasks to queue
[2024-03-14T16:31:57.070+0000] {logging_mixin.py:188} INFO - [2024-03-14T16:31:57.070+0000] {dagbag.py:540} INFO - Filling up the DagBag from /usr/local/lib/python3.8/dist-packages/airflow/example_dags/example_dynamic_task_mapping.py
[2024-03-14T16:31:57.078+0000] {processor.py:840} INFO - DAG(s) 'example_dynamic_task_mapping' retrieved from /usr/local/lib/python3.8/dist-packages/airflow/example_dags/example_dynamic_task_mapping.py
[2024-03-14T16:31:57.093+0000] {logging_mixin.py:188} INFO - [2024-03-14T16:31:57.093+0000] {dag.py:3047} INFO - Sync 1 DAGs
[2024-03-14T16:31:57.115+0000] {logging_mixin.py:188} INFO - [2024-03-14T16:31:57.115+0000] {dag.py:3834} INFO - Setting next_dagrun for example_dynamic_task_mapping to 2022-03-04 00:00:00+00:00, run_after=2022-03-05 00:00:00+00:00
[2024-03-14T16:31:57.161+0000] {processor.py:183} INFO - Processing /usr/local/lib/python3.8/dist-packages/airflow/example_dags/example_dynamic_task_mapping.py took 0.097 seconds
[2024-03-14T16:33:10.283+0000] {processor.py:161} INFO - Started process (PID=1603) to work on /usr/local/lib/python3.8/dist-packages/airflow/example_dags/example_dynamic_task_mapping.py
[2024-03-14T16:33:10.285+0000] {processor.py:830} INFO - Processing file /usr/local/lib/python3.8/dist-packages/airflow/example_dags/example_dynamic_task_mapping.py for tasks to queue
[2024-03-14T16:33:10.286+0000] {logging_mixin.py:188} INFO - [2024-03-14T16:33:10.285+0000] {dagbag.py:540} INFO - Filling up the DagBag from /usr/local/lib/python3.8/dist-packages/airflow/example_dags/example_dynamic_task_mapping.py
[2024-03-14T16:33:10.293+0000] {processor.py:840} INFO - DAG(s) 'example_dynamic_task_mapping' retrieved from /usr/local/lib/python3.8/dist-packages/airflow/example_dags/example_dynamic_task_mapping.py
[2024-03-14T16:33:10.309+0000] {logging_mixin.py:188} INFO - [2024-03-14T16:33:10.309+0000] {dag.py:3047} INFO - Sync 1 DAGs
[2024-03-14T16:33:10.330+0000] {logging_mixin.py:188} INFO - [2024-03-14T16:33:10.329+0000] {dag.py:3834} INFO - Setting next_dagrun for example_dynamic_task_mapping to 2022-03-04 00:00:00+00:00, run_after=2022-03-05 00:00:00+00:00
[2024-03-14T16:33:10.428+0000] {processor.py:183} INFO - Processing /usr/local/lib/python3.8/dist-packages/airflow/example_dags/example_dynamic_task_mapping.py took 0.148 seconds
[2024-03-14T16:34:49.903+0000] {processor.py:161} INFO - Started process (PID=1829) to work on /usr/local/lib/python3.8/dist-packages/airflow/example_dags/example_dynamic_task_mapping.py
[2024-03-14T16:34:49.905+0000] {processor.py:830} INFO - Processing file /usr/local/lib/python3.8/dist-packages/airflow/example_dags/example_dynamic_task_mapping.py for tasks to queue
[2024-03-14T16:34:49.906+0000] {logging_mixin.py:188} INFO - [2024-03-14T16:34:49.905+0000] {dagbag.py:540} INFO - Filling up the DagBag from /usr/local/lib/python3.8/dist-packages/airflow/example_dags/example_dynamic_task_mapping.py
[2024-03-14T16:34:49.913+0000] {processor.py:840} INFO - DAG(s) 'example_dynamic_task_mapping' retrieved from /usr/local/lib/python3.8/dist-packages/airflow/example_dags/example_dynamic_task_mapping.py
[2024-03-14T16:34:49.929+0000] {logging_mixin.py:188} INFO - [2024-03-14T16:34:49.929+0000] {dag.py:3047} INFO - Sync 1 DAGs
[2024-03-14T16:34:49.951+0000] {logging_mixin.py:188} INFO - [2024-03-14T16:34:49.951+0000] {dag.py:3834} INFO - Setting next_dagrun for example_dynamic_task_mapping to 2022-03-04 00:00:00+00:00, run_after=2022-03-05 00:00:00+00:00
[2024-03-14T16:34:49.985+0000] {processor.py:183} INFO - Processing /usr/local/lib/python3.8/dist-packages/airflow/example_dags/example_dynamic_task_mapping.py took 0.086 seconds
[2024-03-14T16:36:26.746+0000] {processor.py:161} INFO - Started process (PID=2006) to work on /usr/local/lib/python3.8/dist-packages/airflow/example_dags/example_dynamic_task_mapping.py
[2024-03-14T16:36:26.748+0000] {processor.py:830} INFO - Processing file /usr/local/lib/python3.8/dist-packages/airflow/example_dags/example_dynamic_task_mapping.py for tasks to queue
[2024-03-14T16:36:26.749+0000] {logging_mixin.py:188} INFO - [2024-03-14T16:36:26.748+0000] {dagbag.py:540} INFO - Filling up the DagBag from /usr/local/lib/python3.8/dist-packages/airflow/example_dags/example_dynamic_task_mapping.py
[2024-03-14T16:36:26.756+0000] {processor.py:840} INFO - DAG(s) 'example_dynamic_task_mapping' retrieved from /usr/local/lib/python3.8/dist-packages/airflow/example_dags/example_dynamic_task_mapping.py
[2024-03-14T16:36:26.772+0000] {logging_mixin.py:188} INFO - [2024-03-14T16:36:26.772+0000] {dag.py:3047} INFO - Sync 1 DAGs
[2024-03-14T16:36:26.794+0000] {logging_mixin.py:188} INFO - [2024-03-14T16:36:26.793+0000] {dag.py:3834} INFO - Setting next_dagrun for example_dynamic_task_mapping to 2022-03-04 00:00:00+00:00, run_after=2022-03-05 00:00:00+00:00
[2024-03-14T16:36:26.879+0000] {processor.py:183} INFO - Processing /usr/local/lib/python3.8/dist-packages/airflow/example_dags/example_dynamic_task_mapping.py took 0.136 seconds
[2024-03-14T16:37:57.331+0000] {processor.py:161} INFO - Started process (PID=2183) to work on /usr/local/lib/python3.8/dist-packages/airflow/example_dags/example_dynamic_task_mapping.py
[2024-03-14T16:37:57.333+0000] {processor.py:830} INFO - Processing file /usr/local/lib/python3.8/dist-packages/airflow/example_dags/example_dynamic_task_mapping.py for tasks to queue
[2024-03-14T16:37:57.334+0000] {logging_mixin.py:188} INFO - [2024-03-14T16:37:57.333+0000] {dagbag.py:540} INFO - Filling up the DagBag from /usr/local/lib/python3.8/dist-packages/airflow/example_dags/example_dynamic_task_mapping.py
[2024-03-14T16:37:57.342+0000] {processor.py:840} INFO - DAG(s) 'example_dynamic_task_mapping' retrieved from /usr/local/lib/python3.8/dist-packages/airflow/example_dags/example_dynamic_task_mapping.py
[2024-03-14T16:37:57.357+0000] {logging_mixin.py:188} INFO - [2024-03-14T16:37:57.357+0000] {dag.py:3047} INFO - Sync 1 DAGs
[2024-03-14T16:37:57.379+0000] {logging_mixin.py:188} INFO - [2024-03-14T16:37:57.379+0000] {dag.py:3834} INFO - Setting next_dagrun for example_dynamic_task_mapping to 2022-03-04 00:00:00+00:00, run_after=2022-03-05 00:00:00+00:00
[2024-03-14T16:37:57.407+0000] {processor.py:183} INFO - Processing /usr/local/lib/python3.8/dist-packages/airflow/example_dags/example_dynamic_task_mapping.py took 0.080 seconds
[2024-03-14T16:39:13.872+0000] {processor.py:161} INFO - Started process (PID=2303) to work on /usr/local/lib/python3.8/dist-packages/airflow/example_dags/example_dynamic_task_mapping.py
[2024-03-14T16:39:13.874+0000] {processor.py:830} INFO - Processing file /usr/local/lib/python3.8/dist-packages/airflow/example_dags/example_dynamic_task_mapping.py for tasks to queue
[2024-03-14T16:39:13.875+0000] {logging_mixin.py:188} INFO - [2024-03-14T16:39:13.874+0000] {dagbag.py:540} INFO - Filling up the DagBag from /usr/local/lib/python3.8/dist-packages/airflow/example_dags/example_dynamic_task_mapping.py
[2024-03-14T16:39:13.883+0000] {processor.py:840} INFO - DAG(s) 'example_dynamic_task_mapping' retrieved from /usr/local/lib/python3.8/dist-packages/airflow/example_dags/example_dynamic_task_mapping.py
[2024-03-14T16:39:13.898+0000] {logging_mixin.py:188} INFO - [2024-03-14T16:39:13.898+0000] {dag.py:3047} INFO - Sync 1 DAGs
[2024-03-14T16:39:13.920+0000] {logging_mixin.py:188} INFO - [2024-03-14T16:39:13.920+0000] {dag.py:3834} INFO - Setting next_dagrun for example_dynamic_task_mapping to 2022-03-04 00:00:00+00:00, run_after=2022-03-05 00:00:00+00:00
[2024-03-14T16:39:13.961+0000] {processor.py:183} INFO - Processing /usr/local/lib/python3.8/dist-packages/airflow/example_dags/example_dynamic_task_mapping.py took 0.093 seconds
[2024-03-14T16:40:23.434+0000] {processor.py:161} INFO - Started process (PID=2417) to work on /usr/local/lib/python3.8/dist-packages/airflow/example_dags/example_dynamic_task_mapping.py
[2024-03-14T16:40:23.437+0000] {processor.py:830} INFO - Processing file /usr/local/lib/python3.8/dist-packages/airflow/example_dags/example_dynamic_task_mapping.py for tasks to queue
[2024-03-14T16:40:23.438+0000] {logging_mixin.py:188} INFO - [2024-03-14T16:40:23.437+0000] {dagbag.py:540} INFO - Filling up the DagBag from /usr/local/lib/python3.8/dist-packages/airflow/example_dags/example_dynamic_task_mapping.py
[2024-03-14T16:40:23.445+0000] {processor.py:840} INFO - DAG(s) 'example_dynamic_task_mapping' retrieved from /usr/local/lib/python3.8/dist-packages/airflow/example_dags/example_dynamic_task_mapping.py
[2024-03-14T16:40:23.461+0000] {logging_mixin.py:188} INFO - [2024-03-14T16:40:23.461+0000] {dag.py:3047} INFO - Sync 1 DAGs
[2024-03-14T16:40:23.483+0000] {logging_mixin.py:188} INFO - [2024-03-14T16:40:23.482+0000] {dag.py:3834} INFO - Setting next_dagrun for example_dynamic_task_mapping to 2022-03-04 00:00:00+00:00, run_after=2022-03-05 00:00:00+00:00
[2024-03-14T16:40:23.512+0000] {processor.py:183} INFO - Processing /usr/local/lib/python3.8/dist-packages/airflow/example_dags/example_dynamic_task_mapping.py took 0.081 seconds
[2024-03-14T16:41:35.347+0000] {processor.py:161} INFO - Started process (PID=2527) to work on /usr/local/lib/python3.8/dist-packages/airflow/example_dags/example_dynamic_task_mapping.py
[2024-03-14T16:41:35.350+0000] {processor.py:830} INFO - Processing file /usr/local/lib/python3.8/dist-packages/airflow/example_dags/example_dynamic_task_mapping.py for tasks to queue
[2024-03-14T16:41:35.351+0000] {logging_mixin.py:188} INFO - [2024-03-14T16:41:35.350+0000] {dagbag.py:540} INFO - Filling up the DagBag from /usr/local/lib/python3.8/dist-packages/airflow/example_dags/example_dynamic_task_mapping.py
[2024-03-14T16:41:35.359+0000] {processor.py:840} INFO - DAG(s) 'example_dynamic_task_mapping' retrieved from /usr/local/lib/python3.8/dist-packages/airflow/example_dags/example_dynamic_task_mapping.py
[2024-03-14T16:41:35.374+0000] {logging_mixin.py:188} INFO - [2024-03-14T16:41:35.374+0000] {dag.py:3047} INFO - Sync 1 DAGs
[2024-03-14T16:41:35.394+0000] {logging_mixin.py:188} INFO - [2024-03-14T16:41:35.394+0000] {dag.py:3834} INFO - Setting next_dagrun for example_dynamic_task_mapping to 2022-03-04 00:00:00+00:00, run_after=2022-03-05 00:00:00+00:00
[2024-03-14T16:41:35.420+0000] {processor.py:183} INFO - Processing /usr/local/lib/python3.8/dist-packages/airflow/example_dags/example_dynamic_task_mapping.py took 0.076 seconds
[2024-03-14T16:42:55.255+0000] {processor.py:161} INFO - Started process (PID=2644) to work on /usr/local/lib/python3.8/dist-packages/airflow/example_dags/example_dynamic_task_mapping.py
[2024-03-14T16:42:55.257+0000] {processor.py:830} INFO - Processing file /usr/local/lib/python3.8/dist-packages/airflow/example_dags/example_dynamic_task_mapping.py for tasks to queue
[2024-03-14T16:42:55.258+0000] {logging_mixin.py:188} INFO - [2024-03-14T16:42:55.257+0000] {dagbag.py:540} INFO - Filling up the DagBag from /usr/local/lib/python3.8/dist-packages/airflow/example_dags/example_dynamic_task_mapping.py
[2024-03-14T16:42:55.266+0000] {processor.py:840} INFO - DAG(s) 'example_dynamic_task_mapping' retrieved from /usr/local/lib/python3.8/dist-packages/airflow/example_dags/example_dynamic_task_mapping.py
[2024-03-14T16:42:55.282+0000] {logging_mixin.py:188} INFO - [2024-03-14T16:42:55.281+0000] {dag.py:3047} INFO - Sync 1 DAGs
[2024-03-14T16:42:55.304+0000] {logging_mixin.py:188} INFO - [2024-03-14T16:42:55.303+0000] {dag.py:3834} INFO - Setting next_dagrun for example_dynamic_task_mapping to 2022-03-04 00:00:00+00:00, run_after=2022-03-05 00:00:00+00:00
[2024-03-14T16:42:55.333+0000] {processor.py:183} INFO - Processing /usr/local/lib/python3.8/dist-packages/airflow/example_dags/example_dynamic_task_mapping.py took 0.081 seconds
[2024-03-14T16:44:38.042+0000] {processor.py:161} INFO - Started process (PID=2824) to work on /usr/local/lib/python3.8/dist-packages/airflow/example_dags/example_dynamic_task_mapping.py
[2024-03-14T16:44:38.045+0000] {processor.py:830} INFO - Processing file /usr/local/lib/python3.8/dist-packages/airflow/example_dags/example_dynamic_task_mapping.py for tasks to queue
[2024-03-14T16:44:38.046+0000] {logging_mixin.py:188} INFO - [2024-03-14T16:44:38.045+0000] {dagbag.py:540} INFO - Filling up the DagBag from /usr/local/lib/python3.8/dist-packages/airflow/example_dags/example_dynamic_task_mapping.py
[2024-03-14T16:44:38.054+0000] {processor.py:840} INFO - DAG(s) 'example_dynamic_task_mapping' retrieved from /usr/local/lib/python3.8/dist-packages/airflow/example_dags/example_dynamic_task_mapping.py
[2024-03-14T16:44:38.069+0000] {logging_mixin.py:188} INFO - [2024-03-14T16:44:38.069+0000] {dag.py:3047} INFO - Sync 1 DAGs
[2024-03-14T16:44:38.091+0000] {logging_mixin.py:188} INFO - [2024-03-14T16:44:38.091+0000] {dag.py:3834} INFO - Setting next_dagrun for example_dynamic_task_mapping to 2022-03-04 00:00:00+00:00, run_after=2022-03-05 00:00:00+00:00
[2024-03-14T16:44:38.212+0000] {processor.py:183} INFO - Processing /usr/local/lib/python3.8/dist-packages/airflow/example_dags/example_dynamic_task_mapping.py took 0.172 seconds
[2024-03-14T16:45:54.166+0000] {processor.py:161} INFO - Started process (PID=2942) to work on /usr/local/lib/python3.8/dist-packages/airflow/example_dags/example_dynamic_task_mapping.py
[2024-03-14T16:45:54.169+0000] {processor.py:830} INFO - Processing file /usr/local/lib/python3.8/dist-packages/airflow/example_dags/example_dynamic_task_mapping.py for tasks to queue
[2024-03-14T16:45:54.170+0000] {logging_mixin.py:188} INFO - [2024-03-14T16:45:54.169+0000] {dagbag.py:540} INFO - Filling up the DagBag from /usr/local/lib/python3.8/dist-packages/airflow/example_dags/example_dynamic_task_mapping.py
[2024-03-14T16:45:54.177+0000] {processor.py:840} INFO - DAG(s) 'example_dynamic_task_mapping' retrieved from /usr/local/lib/python3.8/dist-packages/airflow/example_dags/example_dynamic_task_mapping.py
[2024-03-14T16:45:54.193+0000] {logging_mixin.py:188} INFO - [2024-03-14T16:45:54.193+0000] {dag.py:3047} INFO - Sync 1 DAGs
[2024-03-14T16:45:54.215+0000] {logging_mixin.py:188} INFO - [2024-03-14T16:45:54.215+0000] {dag.py:3834} INFO - Setting next_dagrun for example_dynamic_task_mapping to 2022-03-04 00:00:00+00:00, run_after=2022-03-05 00:00:00+00:00
[2024-03-14T16:45:54.242+0000] {processor.py:183} INFO - Processing /usr/local/lib/python3.8/dist-packages/airflow/example_dags/example_dynamic_task_mapping.py took 0.079 seconds
[2024-03-14T16:56:18.089+0000] {processor.py:161} INFO - Started process (PID=3258) to work on /usr/local/lib/python3.8/dist-packages/airflow/example_dags/example_dynamic_task_mapping.py
[2024-03-14T16:56:18.091+0000] {processor.py:830} INFO - Processing file /usr/local/lib/python3.8/dist-packages/airflow/example_dags/example_dynamic_task_mapping.py for tasks to queue
[2024-03-14T16:56:18.092+0000] {logging_mixin.py:188} INFO - [2024-03-14T16:56:18.092+0000] {dagbag.py:540} INFO - Filling up the DagBag from /usr/local/lib/python3.8/dist-packages/airflow/example_dags/example_dynamic_task_mapping.py
[2024-03-14T16:56:18.102+0000] {processor.py:840} INFO - DAG(s) 'example_dynamic_task_mapping' retrieved from /usr/local/lib/python3.8/dist-packages/airflow/example_dags/example_dynamic_task_mapping.py
[2024-03-14T16:56:18.220+0000] {logging_mixin.py:188} INFO - [2024-03-14T16:56:18.220+0000] {dag.py:3047} INFO - Sync 1 DAGs
[2024-03-14T16:56:18.235+0000] {logging_mixin.py:188} INFO - [2024-03-14T16:56:18.235+0000] {dag.py:3834} INFO - Setting next_dagrun for example_dynamic_task_mapping to 2022-03-04 00:00:00+00:00, run_after=2022-03-05 00:00:00+00:00
[2024-03-14T16:56:18.472+0000] {processor.py:183} INFO - Processing /usr/local/lib/python3.8/dist-packages/airflow/example_dags/example_dynamic_task_mapping.py took 0.387 seconds
[2024-03-14T16:58:16.240+0000] {processor.py:161} INFO - Started process (PID=3453) to work on /usr/local/lib/python3.8/dist-packages/airflow/example_dags/example_dynamic_task_mapping.py
[2024-03-14T16:58:16.242+0000] {processor.py:830} INFO - Processing file /usr/local/lib/python3.8/dist-packages/airflow/example_dags/example_dynamic_task_mapping.py for tasks to queue
[2024-03-14T16:58:16.243+0000] {logging_mixin.py:188} INFO - [2024-03-14T16:58:16.243+0000] {dagbag.py:540} INFO - Filling up the DagBag from /usr/local/lib/python3.8/dist-packages/airflow/example_dags/example_dynamic_task_mapping.py
[2024-03-14T16:58:16.252+0000] {processor.py:840} INFO - DAG(s) 'example_dynamic_task_mapping' retrieved from /usr/local/lib/python3.8/dist-packages/airflow/example_dags/example_dynamic_task_mapping.py
[2024-03-14T16:58:16.270+0000] {logging_mixin.py:188} INFO - [2024-03-14T16:58:16.270+0000] {dag.py:3047} INFO - Sync 1 DAGs
[2024-03-14T16:58:16.294+0000] {logging_mixin.py:188} INFO - [2024-03-14T16:58:16.293+0000] {dag.py:3834} INFO - Setting next_dagrun for example_dynamic_task_mapping to 2022-03-04 00:00:00+00:00, run_after=2022-03-05 00:00:00+00:00
[2024-03-14T16:58:16.435+0000] {processor.py:183} INFO - Processing /usr/local/lib/python3.8/dist-packages/airflow/example_dags/example_dynamic_task_mapping.py took 0.199 seconds
