[2024-03-14T16:23:05.386+0000] {processor.py:161} INFO - Started process (PID=588) to work on /usr/local/lib/python3.8/dist-packages/airflow/example_dags/example_python_decorator.py
[2024-03-14T16:23:05.387+0000] {processor.py:830} INFO - Processing file /usr/local/lib/python3.8/dist-packages/airflow/example_dags/example_python_decorator.py for tasks to queue
[2024-03-14T16:23:05.388+0000] {logging_mixin.py:188} INFO - [2024-03-14T16:23:05.387+0000] {dagbag.py:540} INFO - Filling up the DagBag from /usr/local/lib/python3.8/dist-packages/airflow/example_dags/example_python_decorator.py
[2024-03-14T16:23:05.398+0000] {logging_mixin.py:188} INFO - [2024-03-14T16:23:05.397+0000] {example_python_decorator.py:79} WARNING - The virtalenv_python example task requires virtualenv, please install it.
[2024-03-14T16:23:05.398+0000] {processor.py:840} INFO - DAG(s) 'example_python_decorator' retrieved from /usr/local/lib/python3.8/dist-packages/airflow/example_dags/example_python_decorator.py
[2024-03-14T16:23:05.518+0000] {logging_mixin.py:188} INFO - [2024-03-14T16:23:05.518+0000] {dag.py:3047} INFO - Sync 1 DAGs
[2024-03-14T16:23:05.529+0000] {logging_mixin.py:188} INFO - [2024-03-14T16:23:05.529+0000] {dag.py:3834} INFO - Setting next_dagrun for example_python_decorator to None, run_after=None
[2024-03-14T16:23:05.566+0000] {processor.py:183} INFO - Processing /usr/local/lib/python3.8/dist-packages/airflow/example_dags/example_python_decorator.py took 0.183 seconds
[2024-03-14T16:24:17.711+0000] {processor.py:161} INFO - Started process (PID=689) to work on /usr/local/lib/python3.8/dist-packages/airflow/example_dags/example_python_decorator.py
[2024-03-14T16:24:17.713+0000] {processor.py:830} INFO - Processing file /usr/local/lib/python3.8/dist-packages/airflow/example_dags/example_python_decorator.py for tasks to queue
[2024-03-14T16:24:17.714+0000] {logging_mixin.py:188} INFO - [2024-03-14T16:24:17.714+0000] {dagbag.py:540} INFO - Filling up the DagBag from /usr/local/lib/python3.8/dist-packages/airflow/example_dags/example_python_decorator.py
[2024-03-14T16:24:17.724+0000] {logging_mixin.py:188} INFO - [2024-03-14T16:24:17.724+0000] {example_python_decorator.py:79} WARNING - The virtalenv_python example task requires virtualenv, please install it.
[2024-03-14T16:24:17.724+0000] {processor.py:840} INFO - DAG(s) 'example_python_decorator' retrieved from /usr/local/lib/python3.8/dist-packages/airflow/example_dags/example_python_decorator.py
[2024-03-14T16:24:17.740+0000] {logging_mixin.py:188} INFO - [2024-03-14T16:24:17.740+0000] {dag.py:3047} INFO - Sync 1 DAGs
[2024-03-14T16:24:17.750+0000] {logging_mixin.py:188} INFO - [2024-03-14T16:24:17.750+0000] {dag.py:3834} INFO - Setting next_dagrun for example_python_decorator to None, run_after=None
[2024-03-14T16:24:17.773+0000] {processor.py:183} INFO - Processing /usr/local/lib/python3.8/dist-packages/airflow/example_dags/example_python_decorator.py took 0.065 seconds
[2024-03-14T16:25:21.262+0000] {processor.py:161} INFO - Started process (PID=796) to work on /usr/local/lib/python3.8/dist-packages/airflow/example_dags/example_python_decorator.py
[2024-03-14T16:25:21.265+0000] {processor.py:830} INFO - Processing file /usr/local/lib/python3.8/dist-packages/airflow/example_dags/example_python_decorator.py for tasks to queue
[2024-03-14T16:25:21.266+0000] {logging_mixin.py:188} INFO - [2024-03-14T16:25:21.265+0000] {dagbag.py:540} INFO - Filling up the DagBag from /usr/local/lib/python3.8/dist-packages/airflow/example_dags/example_python_decorator.py
[2024-03-14T16:25:21.277+0000] {logging_mixin.py:188} INFO - [2024-03-14T16:25:21.277+0000] {example_python_decorator.py:79} WARNING - The virtalenv_python example task requires virtualenv, please install it.
[2024-03-14T16:25:21.278+0000] {processor.py:840} INFO - DAG(s) 'example_python_decorator' retrieved from /usr/local/lib/python3.8/dist-packages/airflow/example_dags/example_python_decorator.py
[2024-03-14T16:25:21.296+0000] {logging_mixin.py:188} INFO - [2024-03-14T16:25:21.296+0000] {dag.py:3047} INFO - Sync 1 DAGs
[2024-03-14T16:25:21.308+0000] {logging_mixin.py:188} INFO - [2024-03-14T16:25:21.308+0000] {dag.py:3834} INFO - Setting next_dagrun for example_python_decorator to None, run_after=None
[2024-03-14T16:25:21.349+0000] {processor.py:183} INFO - Processing /usr/local/lib/python3.8/dist-packages/airflow/example_dags/example_python_decorator.py took 0.090 seconds
[2024-03-14T16:26:23.517+0000] {processor.py:161} INFO - Started process (PID=890) to work on /usr/local/lib/python3.8/dist-packages/airflow/example_dags/example_python_decorator.py
[2024-03-14T16:26:23.520+0000] {processor.py:830} INFO - Processing file /usr/local/lib/python3.8/dist-packages/airflow/example_dags/example_python_decorator.py for tasks to queue
[2024-03-14T16:26:23.521+0000] {logging_mixin.py:188} INFO - [2024-03-14T16:26:23.520+0000] {dagbag.py:540} INFO - Filling up the DagBag from /usr/local/lib/python3.8/dist-packages/airflow/example_dags/example_python_decorator.py
[2024-03-14T16:26:23.531+0000] {logging_mixin.py:188} INFO - [2024-03-14T16:26:23.531+0000] {example_python_decorator.py:79} WARNING - The virtalenv_python example task requires virtualenv, please install it.
[2024-03-14T16:26:23.532+0000] {processor.py:840} INFO - DAG(s) 'example_python_decorator' retrieved from /usr/local/lib/python3.8/dist-packages/airflow/example_dags/example_python_decorator.py
[2024-03-14T16:26:23.547+0000] {logging_mixin.py:188} INFO - [2024-03-14T16:26:23.547+0000] {dag.py:3047} INFO - Sync 1 DAGs
[2024-03-14T16:26:23.557+0000] {logging_mixin.py:188} INFO - [2024-03-14T16:26:23.557+0000] {dag.py:3834} INFO - Setting next_dagrun for example_python_decorator to None, run_after=None
[2024-03-14T16:26:23.642+0000] {processor.py:183} INFO - Processing /usr/local/lib/python3.8/dist-packages/airflow/example_dags/example_python_decorator.py took 0.128 seconds
[2024-03-14T16:27:33.288+0000] {processor.py:161} INFO - Started process (PID=1019) to work on /usr/local/lib/python3.8/dist-packages/airflow/example_dags/example_python_decorator.py
[2024-03-14T16:27:33.291+0000] {processor.py:830} INFO - Processing file /usr/local/lib/python3.8/dist-packages/airflow/example_dags/example_python_decorator.py for tasks to queue
[2024-03-14T16:27:33.292+0000] {logging_mixin.py:188} INFO - [2024-03-14T16:27:33.291+0000] {dagbag.py:540} INFO - Filling up the DagBag from /usr/local/lib/python3.8/dist-packages/airflow/example_dags/example_python_decorator.py
[2024-03-14T16:27:33.303+0000] {logging_mixin.py:188} INFO - [2024-03-14T16:27:33.303+0000] {example_python_decorator.py:79} WARNING - The virtalenv_python example task requires virtualenv, please install it.
[2024-03-14T16:27:33.304+0000] {processor.py:840} INFO - DAG(s) 'example_python_decorator' retrieved from /usr/local/lib/python3.8/dist-packages/airflow/example_dags/example_python_decorator.py
[2024-03-14T16:27:33.321+0000] {logging_mixin.py:188} INFO - [2024-03-14T16:27:33.321+0000] {dag.py:3047} INFO - Sync 1 DAGs
[2024-03-14T16:27:33.334+0000] {logging_mixin.py:188} INFO - [2024-03-14T16:27:33.334+0000] {dag.py:3834} INFO - Setting next_dagrun for example_python_decorator to None, run_after=None
[2024-03-14T16:27:33.477+0000] {processor.py:183} INFO - Processing /usr/local/lib/python3.8/dist-packages/airflow/example_dags/example_python_decorator.py took 0.192 seconds
[2024-03-14T16:28:43.107+0000] {processor.py:161} INFO - Started process (PID=1123) to work on /usr/local/lib/python3.8/dist-packages/airflow/example_dags/example_python_decorator.py
[2024-03-14T16:28:43.110+0000] {processor.py:830} INFO - Processing file /usr/local/lib/python3.8/dist-packages/airflow/example_dags/example_python_decorator.py for tasks to queue
[2024-03-14T16:28:43.111+0000] {logging_mixin.py:188} INFO - [2024-03-14T16:28:43.110+0000] {dagbag.py:540} INFO - Filling up the DagBag from /usr/local/lib/python3.8/dist-packages/airflow/example_dags/example_python_decorator.py
[2024-03-14T16:28:43.122+0000] {logging_mixin.py:188} INFO - [2024-03-14T16:28:43.122+0000] {example_python_decorator.py:79} WARNING - The virtalenv_python example task requires virtualenv, please install it.
[2024-03-14T16:28:43.123+0000] {processor.py:840} INFO - DAG(s) 'example_python_decorator' retrieved from /usr/local/lib/python3.8/dist-packages/airflow/example_dags/example_python_decorator.py
[2024-03-14T16:28:43.141+0000] {logging_mixin.py:188} INFO - [2024-03-14T16:28:43.141+0000] {dag.py:3047} INFO - Sync 1 DAGs
[2024-03-14T16:28:43.153+0000] {logging_mixin.py:188} INFO - [2024-03-14T16:28:43.153+0000] {dag.py:3834} INFO - Setting next_dagrun for example_python_decorator to None, run_after=None
[2024-03-14T16:28:43.179+0000] {processor.py:183} INFO - Processing /usr/local/lib/python3.8/dist-packages/airflow/example_dags/example_python_decorator.py took 0.075 seconds
[2024-03-14T16:30:23.774+0000] {processor.py:161} INFO - Started process (PID=1285) to work on /usr/local/lib/python3.8/dist-packages/airflow/example_dags/example_python_decorator.py
[2024-03-14T16:30:23.776+0000] {processor.py:830} INFO - Processing file /usr/local/lib/python3.8/dist-packages/airflow/example_dags/example_python_decorator.py for tasks to queue
[2024-03-14T16:30:23.777+0000] {logging_mixin.py:188} INFO - [2024-03-14T16:30:23.777+0000] {dagbag.py:540} INFO - Filling up the DagBag from /usr/local/lib/python3.8/dist-packages/airflow/example_dags/example_python_decorator.py
[2024-03-14T16:30:23.788+0000] {logging_mixin.py:188} INFO - [2024-03-14T16:30:23.788+0000] {example_python_decorator.py:79} WARNING - The virtalenv_python example task requires virtualenv, please install it.
[2024-03-14T16:30:23.789+0000] {processor.py:840} INFO - DAG(s) 'example_python_decorator' retrieved from /usr/local/lib/python3.8/dist-packages/airflow/example_dags/example_python_decorator.py
[2024-03-14T16:30:23.804+0000] {logging_mixin.py:188} INFO - [2024-03-14T16:30:23.804+0000] {dag.py:3047} INFO - Sync 1 DAGs
[2024-03-14T16:30:23.813+0000] {logging_mixin.py:188} INFO - [2024-03-14T16:30:23.813+0000] {dag.py:3834} INFO - Setting next_dagrun for example_python_decorator to None, run_after=None
[2024-03-14T16:30:23.838+0000] {processor.py:183} INFO - Processing /usr/local/lib/python3.8/dist-packages/airflow/example_dags/example_python_decorator.py took 0.067 seconds
[2024-03-14T16:31:45.294+0000] {processor.py:161} INFO - Started process (PID=1433) to work on /usr/local/lib/python3.8/dist-packages/airflow/example_dags/example_python_decorator.py
[2024-03-14T16:31:45.296+0000] {processor.py:830} INFO - Processing file /usr/local/lib/python3.8/dist-packages/airflow/example_dags/example_python_decorator.py for tasks to queue
[2024-03-14T16:31:45.297+0000] {logging_mixin.py:188} INFO - [2024-03-14T16:31:45.297+0000] {dagbag.py:540} INFO - Filling up the DagBag from /usr/local/lib/python3.8/dist-packages/airflow/example_dags/example_python_decorator.py
[2024-03-14T16:31:45.309+0000] {logging_mixin.py:188} INFO - [2024-03-14T16:31:45.309+0000] {example_python_decorator.py:79} WARNING - The virtalenv_python example task requires virtualenv, please install it.
[2024-03-14T16:31:45.310+0000] {processor.py:840} INFO - DAG(s) 'example_python_decorator' retrieved from /usr/local/lib/python3.8/dist-packages/airflow/example_dags/example_python_decorator.py
[2024-03-14T16:31:45.328+0000] {logging_mixin.py:188} INFO - [2024-03-14T16:31:45.328+0000] {dag.py:3047} INFO - Sync 1 DAGs
[2024-03-14T16:31:45.340+0000] {logging_mixin.py:188} INFO - [2024-03-14T16:31:45.340+0000] {dag.py:3834} INFO - Setting next_dagrun for example_python_decorator to None, run_after=None
[2024-03-14T16:31:45.480+0000] {processor.py:183} INFO - Processing /usr/local/lib/python3.8/dist-packages/airflow/example_dags/example_python_decorator.py took 0.189 seconds
[2024-03-14T16:32:54.455+0000] {processor.py:161} INFO - Started process (PID=1546) to work on /usr/local/lib/python3.8/dist-packages/airflow/example_dags/example_python_decorator.py
[2024-03-14T16:32:54.457+0000] {processor.py:830} INFO - Processing file /usr/local/lib/python3.8/dist-packages/airflow/example_dags/example_python_decorator.py for tasks to queue
[2024-03-14T16:32:54.458+0000] {logging_mixin.py:188} INFO - [2024-03-14T16:32:54.457+0000] {dagbag.py:540} INFO - Filling up the DagBag from /usr/local/lib/python3.8/dist-packages/airflow/example_dags/example_python_decorator.py
[2024-03-14T16:32:54.470+0000] {logging_mixin.py:188} INFO - [2024-03-14T16:32:54.470+0000] {example_python_decorator.py:79} WARNING - The virtalenv_python example task requires virtualenv, please install it.
[2024-03-14T16:32:54.470+0000] {processor.py:840} INFO - DAG(s) 'example_python_decorator' retrieved from /usr/local/lib/python3.8/dist-packages/airflow/example_dags/example_python_decorator.py
[2024-03-14T16:32:54.488+0000] {logging_mixin.py:188} INFO - [2024-03-14T16:32:54.488+0000] {dag.py:3047} INFO - Sync 1 DAGs
[2024-03-14T16:32:54.501+0000] {logging_mixin.py:188} INFO - [2024-03-14T16:32:54.501+0000] {dag.py:3834} INFO - Setting next_dagrun for example_python_decorator to None, run_after=None
[2024-03-14T16:32:54.549+0000] {processor.py:183} INFO - Processing /usr/local/lib/python3.8/dist-packages/airflow/example_dags/example_python_decorator.py took 0.098 seconds
[2024-03-14T16:34:32.882+0000] {processor.py:161} INFO - Started process (PID=1807) to work on /usr/local/lib/python3.8/dist-packages/airflow/example_dags/example_python_decorator.py
[2024-03-14T16:34:32.884+0000] {processor.py:830} INFO - Processing file /usr/local/lib/python3.8/dist-packages/airflow/example_dags/example_python_decorator.py for tasks to queue
[2024-03-14T16:34:32.885+0000] {logging_mixin.py:188} INFO - [2024-03-14T16:34:32.884+0000] {dagbag.py:540} INFO - Filling up the DagBag from /usr/local/lib/python3.8/dist-packages/airflow/example_dags/example_python_decorator.py
[2024-03-14T16:34:32.897+0000] {logging_mixin.py:188} INFO - [2024-03-14T16:34:32.897+0000] {example_python_decorator.py:79} WARNING - The virtalenv_python example task requires virtualenv, please install it.
[2024-03-14T16:34:32.897+0000] {processor.py:840} INFO - DAG(s) 'example_python_decorator' retrieved from /usr/local/lib/python3.8/dist-packages/airflow/example_dags/example_python_decorator.py
[2024-03-14T16:34:32.915+0000] {logging_mixin.py:188} INFO - [2024-03-14T16:34:32.915+0000] {dag.py:3047} INFO - Sync 1 DAGs
[2024-03-14T16:34:32.928+0000] {logging_mixin.py:188} INFO - [2024-03-14T16:34:32.928+0000] {dag.py:3834} INFO - Setting next_dagrun for example_python_decorator to None, run_after=None
[2024-03-14T16:34:33.042+0000] {processor.py:183} INFO - Processing /usr/local/lib/python3.8/dist-packages/airflow/example_dags/example_python_decorator.py took 0.163 seconds
[2024-03-14T16:35:48.570+0000] {processor.py:161} INFO - Started process (PID=1927) to work on /usr/local/lib/python3.8/dist-packages/airflow/example_dags/example_python_decorator.py
[2024-03-14T16:35:48.572+0000] {processor.py:830} INFO - Processing file /usr/local/lib/python3.8/dist-packages/airflow/example_dags/example_python_decorator.py for tasks to queue
[2024-03-14T16:35:48.573+0000] {logging_mixin.py:188} INFO - [2024-03-14T16:35:48.573+0000] {dagbag.py:540} INFO - Filling up the DagBag from /usr/local/lib/python3.8/dist-packages/airflow/example_dags/example_python_decorator.py
[2024-03-14T16:35:48.586+0000] {logging_mixin.py:188} INFO - [2024-03-14T16:35:48.585+0000] {example_python_decorator.py:79} WARNING - The virtalenv_python example task requires virtualenv, please install it.
[2024-03-14T16:35:48.586+0000] {processor.py:840} INFO - DAG(s) 'example_python_decorator' retrieved from /usr/local/lib/python3.8/dist-packages/airflow/example_dags/example_python_decorator.py
[2024-03-14T16:35:48.604+0000] {logging_mixin.py:188} INFO - [2024-03-14T16:35:48.604+0000] {dag.py:3047} INFO - Sync 1 DAGs
[2024-03-14T16:35:48.617+0000] {logging_mixin.py:188} INFO - [2024-03-14T16:35:48.616+0000] {dag.py:3834} INFO - Setting next_dagrun for example_python_decorator to None, run_after=None
[2024-03-14T16:35:48.654+0000] {processor.py:183} INFO - Processing /usr/local/lib/python3.8/dist-packages/airflow/example_dags/example_python_decorator.py took 0.087 seconds
[2024-03-14T16:37:24.175+0000] {processor.py:161} INFO - Started process (PID=2103) to work on /usr/local/lib/python3.8/dist-packages/airflow/example_dags/example_python_decorator.py
[2024-03-14T16:37:24.178+0000] {processor.py:830} INFO - Processing file /usr/local/lib/python3.8/dist-packages/airflow/example_dags/example_python_decorator.py for tasks to queue
[2024-03-14T16:37:24.179+0000] {logging_mixin.py:188} INFO - [2024-03-14T16:37:24.178+0000] {dagbag.py:540} INFO - Filling up the DagBag from /usr/local/lib/python3.8/dist-packages/airflow/example_dags/example_python_decorator.py
[2024-03-14T16:37:24.190+0000] {logging_mixin.py:188} INFO - [2024-03-14T16:37:24.190+0000] {example_python_decorator.py:79} WARNING - The virtalenv_python example task requires virtualenv, please install it.
[2024-03-14T16:37:24.191+0000] {processor.py:840} INFO - DAG(s) 'example_python_decorator' retrieved from /usr/local/lib/python3.8/dist-packages/airflow/example_dags/example_python_decorator.py
[2024-03-14T16:37:24.208+0000] {logging_mixin.py:188} INFO - [2024-03-14T16:37:24.208+0000] {dag.py:3047} INFO - Sync 1 DAGs
[2024-03-14T16:37:24.221+0000] {logging_mixin.py:188} INFO - [2024-03-14T16:37:24.220+0000] {dag.py:3834} INFO - Setting next_dagrun for example_python_decorator to None, run_after=None
[2024-03-14T16:37:24.248+0000] {processor.py:183} INFO - Processing /usr/local/lib/python3.8/dist-packages/airflow/example_dags/example_python_decorator.py took 0.076 seconds
[2024-03-14T16:38:58.130+0000] {processor.py:161} INFO - Started process (PID=2283) to work on /usr/local/lib/python3.8/dist-packages/airflow/example_dags/example_python_decorator.py
[2024-03-14T16:38:58.133+0000] {processor.py:830} INFO - Processing file /usr/local/lib/python3.8/dist-packages/airflow/example_dags/example_python_decorator.py for tasks to queue
[2024-03-14T16:38:58.134+0000] {logging_mixin.py:188} INFO - [2024-03-14T16:38:58.133+0000] {dagbag.py:540} INFO - Filling up the DagBag from /usr/local/lib/python3.8/dist-packages/airflow/example_dags/example_python_decorator.py
[2024-03-14T16:38:58.146+0000] {logging_mixin.py:188} INFO - [2024-03-14T16:38:58.145+0000] {example_python_decorator.py:79} WARNING - The virtalenv_python example task requires virtualenv, please install it.
[2024-03-14T16:38:58.146+0000] {processor.py:840} INFO - DAG(s) 'example_python_decorator' retrieved from /usr/local/lib/python3.8/dist-packages/airflow/example_dags/example_python_decorator.py
[2024-03-14T16:38:58.164+0000] {logging_mixin.py:188} INFO - [2024-03-14T16:38:58.164+0000] {dag.py:3047} INFO - Sync 1 DAGs
[2024-03-14T16:38:58.177+0000] {logging_mixin.py:188} INFO - [2024-03-14T16:38:58.176+0000] {dag.py:3834} INFO - Setting next_dagrun for example_python_decorator to None, run_after=None
[2024-03-14T16:38:58.295+0000] {processor.py:183} INFO - Processing /usr/local/lib/python3.8/dist-packages/airflow/example_dags/example_python_decorator.py took 0.168 seconds
[2024-03-14T16:40:08.090+0000] {processor.py:161} INFO - Started process (PID=2398) to work on /usr/local/lib/python3.8/dist-packages/airflow/example_dags/example_python_decorator.py
[2024-03-14T16:40:08.092+0000] {processor.py:830} INFO - Processing file /usr/local/lib/python3.8/dist-packages/airflow/example_dags/example_python_decorator.py for tasks to queue
[2024-03-14T16:40:08.093+0000] {logging_mixin.py:188} INFO - [2024-03-14T16:40:08.093+0000] {dagbag.py:540} INFO - Filling up the DagBag from /usr/local/lib/python3.8/dist-packages/airflow/example_dags/example_python_decorator.py
[2024-03-14T16:40:08.105+0000] {logging_mixin.py:188} INFO - [2024-03-14T16:40:08.105+0000] {example_python_decorator.py:79} WARNING - The virtalenv_python example task requires virtualenv, please install it.
[2024-03-14T16:40:08.106+0000] {processor.py:840} INFO - DAG(s) 'example_python_decorator' retrieved from /usr/local/lib/python3.8/dist-packages/airflow/example_dags/example_python_decorator.py
[2024-03-14T16:40:08.124+0000] {logging_mixin.py:188} INFO - [2024-03-14T16:40:08.124+0000] {dag.py:3047} INFO - Sync 1 DAGs
[2024-03-14T16:40:08.136+0000] {logging_mixin.py:188} INFO - [2024-03-14T16:40:08.136+0000] {dag.py:3834} INFO - Setting next_dagrun for example_python_decorator to None, run_after=None
[2024-03-14T16:40:08.167+0000] {processor.py:183} INFO - Processing /usr/local/lib/python3.8/dist-packages/airflow/example_dags/example_python_decorator.py took 0.080 seconds
[2024-03-14T16:41:18.010+0000] {processor.py:161} INFO - Started process (PID=2505) to work on /usr/local/lib/python3.8/dist-packages/airflow/example_dags/example_python_decorator.py
[2024-03-14T16:41:18.012+0000] {processor.py:830} INFO - Processing file /usr/local/lib/python3.8/dist-packages/airflow/example_dags/example_python_decorator.py for tasks to queue
[2024-03-14T16:41:18.013+0000] {logging_mixin.py:188} INFO - [2024-03-14T16:41:18.013+0000] {dagbag.py:540} INFO - Filling up the DagBag from /usr/local/lib/python3.8/dist-packages/airflow/example_dags/example_python_decorator.py
[2024-03-14T16:41:18.025+0000] {logging_mixin.py:188} INFO - [2024-03-14T16:41:18.025+0000] {example_python_decorator.py:79} WARNING - The virtalenv_python example task requires virtualenv, please install it.
[2024-03-14T16:41:18.026+0000] {processor.py:840} INFO - DAG(s) 'example_python_decorator' retrieved from /usr/local/lib/python3.8/dist-packages/airflow/example_dags/example_python_decorator.py
[2024-03-14T16:41:18.044+0000] {logging_mixin.py:188} INFO - [2024-03-14T16:41:18.043+0000] {dag.py:3047} INFO - Sync 1 DAGs
[2024-03-14T16:41:18.056+0000] {logging_mixin.py:188} INFO - [2024-03-14T16:41:18.056+0000] {dag.py:3834} INFO - Setting next_dagrun for example_python_decorator to None, run_after=None
[2024-03-14T16:41:18.154+0000] {processor.py:183} INFO - Processing /usr/local/lib/python3.8/dist-packages/airflow/example_dags/example_python_decorator.py took 0.147 seconds
[2024-03-14T16:42:38.043+0000] {processor.py:161} INFO - Started process (PID=2621) to work on /usr/local/lib/python3.8/dist-packages/airflow/example_dags/example_python_decorator.py
[2024-03-14T16:42:38.045+0000] {processor.py:830} INFO - Processing file /usr/local/lib/python3.8/dist-packages/airflow/example_dags/example_python_decorator.py for tasks to queue
[2024-03-14T16:42:38.046+0000] {logging_mixin.py:188} INFO - [2024-03-14T16:42:38.046+0000] {dagbag.py:540} INFO - Filling up the DagBag from /usr/local/lib/python3.8/dist-packages/airflow/example_dags/example_python_decorator.py
[2024-03-14T16:42:38.058+0000] {logging_mixin.py:188} INFO - [2024-03-14T16:42:38.058+0000] {example_python_decorator.py:79} WARNING - The virtalenv_python example task requires virtualenv, please install it.
[2024-03-14T16:42:38.059+0000] {processor.py:840} INFO - DAG(s) 'example_python_decorator' retrieved from /usr/local/lib/python3.8/dist-packages/airflow/example_dags/example_python_decorator.py
[2024-03-14T16:42:38.077+0000] {logging_mixin.py:188} INFO - [2024-03-14T16:42:38.077+0000] {dag.py:3047} INFO - Sync 1 DAGs
[2024-03-14T16:42:38.087+0000] {logging_mixin.py:188} INFO - [2024-03-14T16:42:38.087+0000] {dag.py:3834} INFO - Setting next_dagrun for example_python_decorator to None, run_after=None
[2024-03-14T16:42:38.203+0000] {processor.py:183} INFO - Processing /usr/local/lib/python3.8/dist-packages/airflow/example_dags/example_python_decorator.py took 0.163 seconds
[2024-03-14T16:43:58.722+0000] {processor.py:161} INFO - Started process (PID=2741) to work on /usr/local/lib/python3.8/dist-packages/airflow/example_dags/example_python_decorator.py
[2024-03-14T16:43:58.725+0000] {processor.py:830} INFO - Processing file /usr/local/lib/python3.8/dist-packages/airflow/example_dags/example_python_decorator.py for tasks to queue
[2024-03-14T16:43:58.726+0000] {logging_mixin.py:188} INFO - [2024-03-14T16:43:58.725+0000] {dagbag.py:540} INFO - Filling up the DagBag from /usr/local/lib/python3.8/dist-packages/airflow/example_dags/example_python_decorator.py
[2024-03-14T16:43:58.737+0000] {logging_mixin.py:188} INFO - [2024-03-14T16:43:58.736+0000] {example_python_decorator.py:79} WARNING - The virtalenv_python example task requires virtualenv, please install it.
[2024-03-14T16:43:58.737+0000] {processor.py:840} INFO - DAG(s) 'example_python_decorator' retrieved from /usr/local/lib/python3.8/dist-packages/airflow/example_dags/example_python_decorator.py
[2024-03-14T16:43:58.752+0000] {logging_mixin.py:188} INFO - [2024-03-14T16:43:58.752+0000] {dag.py:3047} INFO - Sync 1 DAGs
[2024-03-14T16:43:58.762+0000] {logging_mixin.py:188} INFO - [2024-03-14T16:43:58.762+0000] {dag.py:3834} INFO - Setting next_dagrun for example_python_decorator to None, run_after=None
[2024-03-14T16:43:58.861+0000] {processor.py:183} INFO - Processing /usr/local/lib/python3.8/dist-packages/airflow/example_dags/example_python_decorator.py took 0.142 seconds
[2024-03-14T16:45:35.987+0000] {processor.py:161} INFO - Started process (PID=2920) to work on /usr/local/lib/python3.8/dist-packages/airflow/example_dags/example_python_decorator.py
[2024-03-14T16:45:35.990+0000] {processor.py:830} INFO - Processing file /usr/local/lib/python3.8/dist-packages/airflow/example_dags/example_python_decorator.py for tasks to queue
[2024-03-14T16:45:35.991+0000] {logging_mixin.py:188} INFO - [2024-03-14T16:45:35.990+0000] {dagbag.py:540} INFO - Filling up the DagBag from /usr/local/lib/python3.8/dist-packages/airflow/example_dags/example_python_decorator.py
[2024-03-14T16:45:36.002+0000] {logging_mixin.py:188} INFO - [2024-03-14T16:45:36.002+0000] {example_python_decorator.py:79} WARNING - The virtalenv_python example task requires virtualenv, please install it.
[2024-03-14T16:45:36.003+0000] {processor.py:840} INFO - DAG(s) 'example_python_decorator' retrieved from /usr/local/lib/python3.8/dist-packages/airflow/example_dags/example_python_decorator.py
[2024-03-14T16:45:36.021+0000] {logging_mixin.py:188} INFO - [2024-03-14T16:45:36.021+0000] {dag.py:3047} INFO - Sync 1 DAGs
[2024-03-14T16:45:36.034+0000] {logging_mixin.py:188} INFO - [2024-03-14T16:45:36.033+0000] {dag.py:3834} INFO - Setting next_dagrun for example_python_decorator to None, run_after=None
[2024-03-14T16:45:36.127+0000] {processor.py:183} INFO - Processing /usr/local/lib/python3.8/dist-packages/airflow/example_dags/example_python_decorator.py took 0.143 seconds
[2024-03-14T16:56:15.099+0000] {processor.py:161} INFO - Started process (PID=3256) to work on /usr/local/lib/python3.8/dist-packages/airflow/example_dags/example_python_decorator.py
[2024-03-14T16:56:15.104+0000] {processor.py:830} INFO - Processing file /usr/local/lib/python3.8/dist-packages/airflow/example_dags/example_python_decorator.py for tasks to queue
[2024-03-14T16:56:15.105+0000] {logging_mixin.py:188} INFO - [2024-03-14T16:56:15.105+0000] {dagbag.py:540} INFO - Filling up the DagBag from /usr/local/lib/python3.8/dist-packages/airflow/example_dags/example_python_decorator.py
[2024-03-14T16:56:15.118+0000] {logging_mixin.py:188} INFO - [2024-03-14T16:56:15.118+0000] {example_python_decorator.py:79} WARNING - The virtalenv_python example task requires virtualenv, please install it.
[2024-03-14T16:56:15.118+0000] {processor.py:840} INFO - DAG(s) 'example_python_decorator' retrieved from /usr/local/lib/python3.8/dist-packages/airflow/example_dags/example_python_decorator.py
[2024-03-14T16:56:15.229+0000] {logging_mixin.py:188} INFO - [2024-03-14T16:56:15.229+0000] {dag.py:3047} INFO - Sync 1 DAGs
[2024-03-14T16:56:15.237+0000] {logging_mixin.py:188} INFO - [2024-03-14T16:56:15.237+0000] {dag.py:3834} INFO - Setting next_dagrun for example_python_decorator to None, run_after=None
[2024-03-14T16:56:15.262+0000] {processor.py:183} INFO - Processing /usr/local/lib/python3.8/dist-packages/airflow/example_dags/example_python_decorator.py took 0.166 seconds
[2024-03-14T16:58:13.175+0000] {processor.py:161} INFO - Started process (PID=3451) to work on /usr/local/lib/python3.8/dist-packages/airflow/example_dags/example_python_decorator.py
[2024-03-14T16:58:13.178+0000] {processor.py:830} INFO - Processing file /usr/local/lib/python3.8/dist-packages/airflow/example_dags/example_python_decorator.py for tasks to queue
[2024-03-14T16:58:13.179+0000] {logging_mixin.py:188} INFO - [2024-03-14T16:58:13.179+0000] {dagbag.py:540} INFO - Filling up the DagBag from /usr/local/lib/python3.8/dist-packages/airflow/example_dags/example_python_decorator.py
[2024-03-14T16:58:13.191+0000] {logging_mixin.py:188} INFO - [2024-03-14T16:58:13.190+0000] {example_python_decorator.py:79} WARNING - The virtalenv_python example task requires virtualenv, please install it.
[2024-03-14T16:58:13.191+0000] {processor.py:840} INFO - DAG(s) 'example_python_decorator' retrieved from /usr/local/lib/python3.8/dist-packages/airflow/example_dags/example_python_decorator.py
[2024-03-14T16:58:13.211+0000] {logging_mixin.py:188} INFO - [2024-03-14T16:58:13.211+0000] {dag.py:3047} INFO - Sync 1 DAGs
[2024-03-14T16:58:13.225+0000] {logging_mixin.py:188} INFO - [2024-03-14T16:58:13.225+0000] {dag.py:3834} INFO - Setting next_dagrun for example_python_decorator to None, run_after=None
[2024-03-14T16:58:13.757+0000] {processor.py:183} INFO - Processing /usr/local/lib/python3.8/dist-packages/airflow/example_dags/example_python_decorator.py took 0.585 seconds
