[2024-03-14T16:22:49.619+0000] {processor.py:161} INFO - Started process (PID=547) to work on /usr/local/lib/python3.8/dist-packages/airflow/example_dags/example_datasets.py
[2024-03-14T16:22:49.620+0000] {processor.py:830} INFO - Processing file /usr/local/lib/python3.8/dist-packages/airflow/example_dags/example_datasets.py for tasks to queue
[2024-03-14T16:22:49.621+0000] {logging_mixin.py:188} INFO - [2024-03-14T16:22:49.620+0000] {dagbag.py:540} INFO - Filling up the DagBag from /usr/local/lib/python3.8/dist-packages/airflow/example_dags/example_datasets.py
[2024-03-14T16:22:49.632+0000] {processor.py:840} INFO - DAG(s) 'dataset_produces_2', 'dataset_consumes_unknown_never_scheduled', 'dataset_consumes_1', 'dataset_consumes_1_never_scheduled', 'dataset_produces_1', 'dataset_consumes_1_and_2' retrieved from /usr/local/lib/python3.8/dist-packages/airflow/example_dags/example_datasets.py
[2024-03-14T16:22:49.666+0000] {logging_mixin.py:188} INFO - [2024-03-14T16:22:49.666+0000] {dag.py:3047} INFO - Sync 6 DAGs
[2024-03-14T16:22:49.771+0000] {logging_mixin.py:188} INFO - [2024-03-14T16:22:49.770+0000] {dag.py:3834} INFO - Setting next_dagrun for dataset_consumes_1 to None, run_after=None
[2024-03-14T16:22:49.773+0000] {logging_mixin.py:188} INFO - [2024-03-14T16:22:49.773+0000] {dag.py:3834} INFO - Setting next_dagrun for dataset_consumes_1_and_2 to None, run_after=None
[2024-03-14T16:22:49.774+0000] {logging_mixin.py:188} INFO - [2024-03-14T16:22:49.774+0000] {dag.py:3834} INFO - Setting next_dagrun for dataset_consumes_1_never_scheduled to None, run_after=None
[2024-03-14T16:22:49.775+0000] {logging_mixin.py:188} INFO - [2024-03-14T16:22:49.775+0000] {dag.py:3834} INFO - Setting next_dagrun for dataset_consumes_unknown_never_scheduled to None, run_after=None
[2024-03-14T16:22:49.777+0000] {logging_mixin.py:188} INFO - [2024-03-14T16:22:49.777+0000] {dag.py:3834} INFO - Setting next_dagrun for dataset_produces_1 to 2024-03-13 00:00:00+00:00, run_after=2024-03-14 00:00:00+00:00
[2024-03-14T16:22:49.778+0000] {logging_mixin.py:188} INFO - [2024-03-14T16:22:49.777+0000] {dag.py:3834} INFO - Setting next_dagrun for dataset_produces_2 to None, run_after=None
[2024-03-14T16:22:49.906+0000] {processor.py:183} INFO - Processing /usr/local/lib/python3.8/dist-packages/airflow/example_dags/example_datasets.py took 0.290 seconds
[2024-03-14T16:24:12.736+0000] {processor.py:161} INFO - Started process (PID=684) to work on /usr/local/lib/python3.8/dist-packages/airflow/example_dags/example_datasets.py
[2024-03-14T16:24:12.738+0000] {processor.py:830} INFO - Processing file /usr/local/lib/python3.8/dist-packages/airflow/example_dags/example_datasets.py for tasks to queue
[2024-03-14T16:24:12.739+0000] {logging_mixin.py:188} INFO - [2024-03-14T16:24:12.738+0000] {dagbag.py:540} INFO - Filling up the DagBag from /usr/local/lib/python3.8/dist-packages/airflow/example_dags/example_datasets.py
[2024-03-14T16:24:12.750+0000] {processor.py:840} INFO - DAG(s) 'dataset_consumes_unknown_never_scheduled', 'dataset_produces_1', 'dataset_consumes_1_never_scheduled', 'dataset_consumes_1_and_2', 'dataset_produces_2', 'dataset_consumes_1' retrieved from /usr/local/lib/python3.8/dist-packages/airflow/example_dags/example_datasets.py
[2024-03-14T16:24:12.781+0000] {logging_mixin.py:188} INFO - [2024-03-14T16:24:12.781+0000] {dag.py:3047} INFO - Sync 6 DAGs
[2024-03-14T16:24:12.804+0000] {logging_mixin.py:188} INFO - [2024-03-14T16:24:12.804+0000] {dag.py:3834} INFO - Setting next_dagrun for dataset_consumes_1 to None, run_after=None
[2024-03-14T16:24:12.808+0000] {logging_mixin.py:188} INFO - [2024-03-14T16:24:12.807+0000] {dag.py:3834} INFO - Setting next_dagrun for dataset_consumes_1_and_2 to None, run_after=None
[2024-03-14T16:24:12.809+0000] {logging_mixin.py:188} INFO - [2024-03-14T16:24:12.808+0000] {dag.py:3834} INFO - Setting next_dagrun for dataset_consumes_1_never_scheduled to None, run_after=None
[2024-03-14T16:24:12.810+0000] {logging_mixin.py:188} INFO - [2024-03-14T16:24:12.810+0000] {dag.py:3834} INFO - Setting next_dagrun for dataset_consumes_unknown_never_scheduled to None, run_after=None
[2024-03-14T16:24:12.813+0000] {logging_mixin.py:188} INFO - [2024-03-14T16:24:12.812+0000] {dag.py:3834} INFO - Setting next_dagrun for dataset_produces_1 to 2024-03-13 00:00:00+00:00, run_after=2024-03-14 00:00:00+00:00
[2024-03-14T16:24:12.814+0000] {logging_mixin.py:188} INFO - [2024-03-14T16:24:12.814+0000] {dag.py:3834} INFO - Setting next_dagrun for dataset_produces_2 to None, run_after=None
[2024-03-14T16:24:12.895+0000] {processor.py:183} INFO - Processing /usr/local/lib/python3.8/dist-packages/airflow/example_dags/example_datasets.py took 0.162 seconds
[2024-03-14T16:25:15.023+0000] {processor.py:161} INFO - Started process (PID=791) to work on /usr/local/lib/python3.8/dist-packages/airflow/example_dags/example_datasets.py
[2024-03-14T16:25:15.025+0000] {processor.py:830} INFO - Processing file /usr/local/lib/python3.8/dist-packages/airflow/example_dags/example_datasets.py for tasks to queue
[2024-03-14T16:25:15.026+0000] {logging_mixin.py:188} INFO - [2024-03-14T16:25:15.026+0000] {dagbag.py:540} INFO - Filling up the DagBag from /usr/local/lib/python3.8/dist-packages/airflow/example_dags/example_datasets.py
[2024-03-14T16:25:15.038+0000] {processor.py:840} INFO - DAG(s) 'dataset_consumes_1_never_scheduled', 'dataset_consumes_unknown_never_scheduled', 'dataset_consumes_1', 'dataset_consumes_1_and_2', 'dataset_produces_2', 'dataset_produces_1' retrieved from /usr/local/lib/python3.8/dist-packages/airflow/example_dags/example_datasets.py
[2024-03-14T16:25:15.068+0000] {logging_mixin.py:188} INFO - [2024-03-14T16:25:15.068+0000] {dag.py:3047} INFO - Sync 6 DAGs
[2024-03-14T16:25:15.087+0000] {logging_mixin.py:188} INFO - [2024-03-14T16:25:15.087+0000] {dag.py:3834} INFO - Setting next_dagrun for dataset_consumes_1 to None, run_after=None
[2024-03-14T16:25:15.089+0000] {logging_mixin.py:188} INFO - [2024-03-14T16:25:15.089+0000] {dag.py:3834} INFO - Setting next_dagrun for dataset_consumes_1_and_2 to None, run_after=None
[2024-03-14T16:25:15.090+0000] {logging_mixin.py:188} INFO - [2024-03-14T16:25:15.090+0000] {dag.py:3834} INFO - Setting next_dagrun for dataset_consumes_1_never_scheduled to None, run_after=None
[2024-03-14T16:25:15.091+0000] {logging_mixin.py:188} INFO - [2024-03-14T16:25:15.091+0000] {dag.py:3834} INFO - Setting next_dagrun for dataset_consumes_unknown_never_scheduled to None, run_after=None
[2024-03-14T16:25:15.093+0000] {logging_mixin.py:188} INFO - [2024-03-14T16:25:15.093+0000] {dag.py:3834} INFO - Setting next_dagrun for dataset_produces_1 to 2024-03-13 00:00:00+00:00, run_after=2024-03-14 00:00:00+00:00
[2024-03-14T16:25:15.094+0000] {logging_mixin.py:188} INFO - [2024-03-14T16:25:15.094+0000] {dag.py:3834} INFO - Setting next_dagrun for dataset_produces_2 to None, run_after=None
[2024-03-14T16:25:15.137+0000] {processor.py:183} INFO - Processing /usr/local/lib/python3.8/dist-packages/airflow/example_dags/example_datasets.py took 0.118 seconds
[2024-03-14T16:26:18.715+0000] {processor.py:161} INFO - Started process (PID=885) to work on /usr/local/lib/python3.8/dist-packages/airflow/example_dags/example_datasets.py
[2024-03-14T16:26:18.717+0000] {processor.py:830} INFO - Processing file /usr/local/lib/python3.8/dist-packages/airflow/example_dags/example_datasets.py for tasks to queue
[2024-03-14T16:26:18.718+0000] {logging_mixin.py:188} INFO - [2024-03-14T16:26:18.718+0000] {dagbag.py:540} INFO - Filling up the DagBag from /usr/local/lib/python3.8/dist-packages/airflow/example_dags/example_datasets.py
[2024-03-14T16:26:18.730+0000] {processor.py:840} INFO - DAG(s) 'dataset_produces_2', 'dataset_consumes_1_and_2', 'dataset_produces_1', 'dataset_consumes_1', 'dataset_consumes_1_never_scheduled', 'dataset_consumes_unknown_never_scheduled' retrieved from /usr/local/lib/python3.8/dist-packages/airflow/example_dags/example_datasets.py
[2024-03-14T16:26:18.761+0000] {logging_mixin.py:188} INFO - [2024-03-14T16:26:18.761+0000] {dag.py:3047} INFO - Sync 6 DAGs
[2024-03-14T16:26:18.782+0000] {logging_mixin.py:188} INFO - [2024-03-14T16:26:18.782+0000] {dag.py:3834} INFO - Setting next_dagrun for dataset_consumes_1 to None, run_after=None
[2024-03-14T16:26:18.784+0000] {logging_mixin.py:188} INFO - [2024-03-14T16:26:18.784+0000] {dag.py:3834} INFO - Setting next_dagrun for dataset_consumes_1_and_2 to None, run_after=None
[2024-03-14T16:26:18.785+0000] {logging_mixin.py:188} INFO - [2024-03-14T16:26:18.785+0000] {dag.py:3834} INFO - Setting next_dagrun for dataset_consumes_1_never_scheduled to None, run_after=None
[2024-03-14T16:26:18.786+0000] {logging_mixin.py:188} INFO - [2024-03-14T16:26:18.786+0000] {dag.py:3834} INFO - Setting next_dagrun for dataset_consumes_unknown_never_scheduled to None, run_after=None
[2024-03-14T16:26:18.788+0000] {logging_mixin.py:188} INFO - [2024-03-14T16:26:18.788+0000] {dag.py:3834} INFO - Setting next_dagrun for dataset_produces_1 to 2024-03-13 00:00:00+00:00, run_after=2024-03-14 00:00:00+00:00
[2024-03-14T16:26:18.789+0000] {logging_mixin.py:188} INFO - [2024-03-14T16:26:18.789+0000] {dag.py:3834} INFO - Setting next_dagrun for dataset_produces_2 to None, run_after=None
[2024-03-14T16:26:18.819+0000] {processor.py:183} INFO - Processing /usr/local/lib/python3.8/dist-packages/airflow/example_dags/example_datasets.py took 0.107 seconds
[2024-03-14T16:27:27.330+0000] {processor.py:161} INFO - Started process (PID=1002) to work on /usr/local/lib/python3.8/dist-packages/airflow/example_dags/example_datasets.py
[2024-03-14T16:27:27.333+0000] {processor.py:830} INFO - Processing file /usr/local/lib/python3.8/dist-packages/airflow/example_dags/example_datasets.py for tasks to queue
[2024-03-14T16:27:27.334+0000] {logging_mixin.py:188} INFO - [2024-03-14T16:27:27.333+0000] {dagbag.py:540} INFO - Filling up the DagBag from /usr/local/lib/python3.8/dist-packages/airflow/example_dags/example_datasets.py
[2024-03-14T16:27:27.345+0000] {processor.py:840} INFO - DAG(s) 'dataset_produces_2', 'dataset_consumes_1', 'dataset_consumes_unknown_never_scheduled', 'dataset_produces_1', 'dataset_consumes_1_never_scheduled', 'dataset_consumes_1_and_2' retrieved from /usr/local/lib/python3.8/dist-packages/airflow/example_dags/example_datasets.py
[2024-03-14T16:27:27.376+0000] {logging_mixin.py:188} INFO - [2024-03-14T16:27:27.376+0000] {dag.py:3047} INFO - Sync 6 DAGs
[2024-03-14T16:27:27.398+0000] {logging_mixin.py:188} INFO - [2024-03-14T16:27:27.398+0000] {dag.py:3834} INFO - Setting next_dagrun for dataset_consumes_1 to None, run_after=None
[2024-03-14T16:27:27.402+0000] {logging_mixin.py:188} INFO - [2024-03-14T16:27:27.402+0000] {dag.py:3834} INFO - Setting next_dagrun for dataset_consumes_1_and_2 to None, run_after=None
[2024-03-14T16:27:27.403+0000] {logging_mixin.py:188} INFO - [2024-03-14T16:27:27.403+0000] {dag.py:3834} INFO - Setting next_dagrun for dataset_consumes_1_never_scheduled to None, run_after=None
[2024-03-14T16:27:27.404+0000] {logging_mixin.py:188} INFO - [2024-03-14T16:27:27.404+0000] {dag.py:3834} INFO - Setting next_dagrun for dataset_consumes_unknown_never_scheduled to None, run_after=None
[2024-03-14T16:27:27.407+0000] {logging_mixin.py:188} INFO - [2024-03-14T16:27:27.407+0000] {dag.py:3834} INFO - Setting next_dagrun for dataset_produces_1 to 2024-03-13 00:00:00+00:00, run_after=2024-03-14 00:00:00+00:00
[2024-03-14T16:27:27.408+0000] {logging_mixin.py:188} INFO - [2024-03-14T16:27:27.408+0000] {dag.py:3834} INFO - Setting next_dagrun for dataset_produces_2 to None, run_after=None
[2024-03-14T16:27:27.477+0000] {processor.py:183} INFO - Processing /usr/local/lib/python3.8/dist-packages/airflow/example_dags/example_datasets.py took 0.150 seconds
[2024-03-14T16:28:37.150+0000] {processor.py:161} INFO - Started process (PID=1118) to work on /usr/local/lib/python3.8/dist-packages/airflow/example_dags/example_datasets.py
[2024-03-14T16:28:37.153+0000] {processor.py:830} INFO - Processing file /usr/local/lib/python3.8/dist-packages/airflow/example_dags/example_datasets.py for tasks to queue
[2024-03-14T16:28:37.153+0000] {logging_mixin.py:188} INFO - [2024-03-14T16:28:37.153+0000] {dagbag.py:540} INFO - Filling up the DagBag from /usr/local/lib/python3.8/dist-packages/airflow/example_dags/example_datasets.py
[2024-03-14T16:28:37.164+0000] {processor.py:840} INFO - DAG(s) 'dataset_consumes_1_and_2', 'dataset_produces_2', 'dataset_consumes_1_never_scheduled', 'dataset_produces_1', 'dataset_consumes_unknown_never_scheduled', 'dataset_consumes_1' retrieved from /usr/local/lib/python3.8/dist-packages/airflow/example_dags/example_datasets.py
[2024-03-14T16:28:37.189+0000] {logging_mixin.py:188} INFO - [2024-03-14T16:28:37.189+0000] {dag.py:3047} INFO - Sync 6 DAGs
[2024-03-14T16:28:37.206+0000] {logging_mixin.py:188} INFO - [2024-03-14T16:28:37.206+0000] {dag.py:3834} INFO - Setting next_dagrun for dataset_consumes_1 to None, run_after=None
[2024-03-14T16:28:37.208+0000] {logging_mixin.py:188} INFO - [2024-03-14T16:28:37.208+0000] {dag.py:3834} INFO - Setting next_dagrun for dataset_consumes_1_and_2 to None, run_after=None
[2024-03-14T16:28:37.209+0000] {logging_mixin.py:188} INFO - [2024-03-14T16:28:37.209+0000] {dag.py:3834} INFO - Setting next_dagrun for dataset_consumes_1_never_scheduled to None, run_after=None
[2024-03-14T16:28:37.210+0000] {logging_mixin.py:188} INFO - [2024-03-14T16:28:37.210+0000] {dag.py:3834} INFO - Setting next_dagrun for dataset_consumes_unknown_never_scheduled to None, run_after=None
[2024-03-14T16:28:37.212+0000] {logging_mixin.py:188} INFO - [2024-03-14T16:28:37.212+0000] {dag.py:3834} INFO - Setting next_dagrun for dataset_produces_1 to 2024-03-13 00:00:00+00:00, run_after=2024-03-14 00:00:00+00:00
[2024-03-14T16:28:37.213+0000] {logging_mixin.py:188} INFO - [2024-03-14T16:28:37.213+0000] {dag.py:3834} INFO - Setting next_dagrun for dataset_produces_2 to None, run_after=None
[2024-03-14T16:28:37.244+0000] {processor.py:183} INFO - Processing /usr/local/lib/python3.8/dist-packages/airflow/example_dags/example_datasets.py took 0.097 seconds
[2024-03-14T16:30:17.563+0000] {processor.py:161} INFO - Started process (PID=1280) to work on /usr/local/lib/python3.8/dist-packages/airflow/example_dags/example_datasets.py
[2024-03-14T16:30:17.565+0000] {processor.py:830} INFO - Processing file /usr/local/lib/python3.8/dist-packages/airflow/example_dags/example_datasets.py for tasks to queue
[2024-03-14T16:30:17.567+0000] {logging_mixin.py:188} INFO - [2024-03-14T16:30:17.566+0000] {dagbag.py:540} INFO - Filling up the DagBag from /usr/local/lib/python3.8/dist-packages/airflow/example_dags/example_datasets.py
[2024-03-14T16:30:17.578+0000] {processor.py:840} INFO - DAG(s) 'dataset_produces_2', 'dataset_produces_1', 'dataset_consumes_1_and_2', 'dataset_consumes_unknown_never_scheduled', 'dataset_consumes_1', 'dataset_consumes_1_never_scheduled' retrieved from /usr/local/lib/python3.8/dist-packages/airflow/example_dags/example_datasets.py
[2024-03-14T16:30:17.608+0000] {logging_mixin.py:188} INFO - [2024-03-14T16:30:17.608+0000] {dag.py:3047} INFO - Sync 6 DAGs
[2024-03-14T16:30:17.629+0000] {logging_mixin.py:188} INFO - [2024-03-14T16:30:17.629+0000] {dag.py:3834} INFO - Setting next_dagrun for dataset_consumes_1 to None, run_after=None
[2024-03-14T16:30:17.632+0000] {logging_mixin.py:188} INFO - [2024-03-14T16:30:17.632+0000] {dag.py:3834} INFO - Setting next_dagrun for dataset_consumes_1_and_2 to None, run_after=None
[2024-03-14T16:30:17.633+0000] {logging_mixin.py:188} INFO - [2024-03-14T16:30:17.633+0000] {dag.py:3834} INFO - Setting next_dagrun for dataset_consumes_1_never_scheduled to None, run_after=None
[2024-03-14T16:30:17.634+0000] {logging_mixin.py:188} INFO - [2024-03-14T16:30:17.633+0000] {dag.py:3834} INFO - Setting next_dagrun for dataset_consumes_unknown_never_scheduled to None, run_after=None
[2024-03-14T16:30:17.636+0000] {logging_mixin.py:188} INFO - [2024-03-14T16:30:17.636+0000] {dag.py:3834} INFO - Setting next_dagrun for dataset_produces_1 to 2024-03-13 00:00:00+00:00, run_after=2024-03-14 00:00:00+00:00
[2024-03-14T16:30:17.637+0000] {logging_mixin.py:188} INFO - [2024-03-14T16:30:17.637+0000] {dag.py:3834} INFO - Setting next_dagrun for dataset_produces_2 to None, run_after=None
[2024-03-14T16:30:17.694+0000] {processor.py:183} INFO - Processing /usr/local/lib/python3.8/dist-packages/airflow/example_dags/example_datasets.py took 0.134 seconds
[2024-03-14T16:31:40.278+0000] {processor.py:161} INFO - Started process (PID=1428) to work on /usr/local/lib/python3.8/dist-packages/airflow/example_dags/example_datasets.py
[2024-03-14T16:31:40.281+0000] {processor.py:830} INFO - Processing file /usr/local/lib/python3.8/dist-packages/airflow/example_dags/example_datasets.py for tasks to queue
[2024-03-14T16:31:40.282+0000] {logging_mixin.py:188} INFO - [2024-03-14T16:31:40.282+0000] {dagbag.py:540} INFO - Filling up the DagBag from /usr/local/lib/python3.8/dist-packages/airflow/example_dags/example_datasets.py
[2024-03-14T16:31:40.294+0000] {processor.py:840} INFO - DAG(s) 'dataset_consumes_1_and_2', 'dataset_consumes_unknown_never_scheduled', 'dataset_produces_2', 'dataset_consumes_1_never_scheduled', 'dataset_produces_1', 'dataset_consumes_1' retrieved from /usr/local/lib/python3.8/dist-packages/airflow/example_dags/example_datasets.py
[2024-03-14T16:31:40.324+0000] {logging_mixin.py:188} INFO - [2024-03-14T16:31:40.324+0000] {dag.py:3047} INFO - Sync 6 DAGs
[2024-03-14T16:31:40.348+0000] {logging_mixin.py:188} INFO - [2024-03-14T16:31:40.348+0000] {dag.py:3834} INFO - Setting next_dagrun for dataset_consumes_1 to None, run_after=None
[2024-03-14T16:31:40.352+0000] {logging_mixin.py:188} INFO - [2024-03-14T16:31:40.351+0000] {dag.py:3834} INFO - Setting next_dagrun for dataset_consumes_1_and_2 to None, run_after=None
[2024-03-14T16:31:40.353+0000] {logging_mixin.py:188} INFO - [2024-03-14T16:31:40.353+0000] {dag.py:3834} INFO - Setting next_dagrun for dataset_consumes_1_never_scheduled to None, run_after=None
[2024-03-14T16:31:40.354+0000] {logging_mixin.py:188} INFO - [2024-03-14T16:31:40.354+0000] {dag.py:3834} INFO - Setting next_dagrun for dataset_consumes_unknown_never_scheduled to None, run_after=None
[2024-03-14T16:31:40.357+0000] {logging_mixin.py:188} INFO - [2024-03-14T16:31:40.356+0000] {dag.py:3834} INFO - Setting next_dagrun for dataset_produces_1 to 2024-03-13 00:00:00+00:00, run_after=2024-03-14 00:00:00+00:00
[2024-03-14T16:31:40.358+0000] {logging_mixin.py:188} INFO - [2024-03-14T16:31:40.358+0000] {dag.py:3834} INFO - Setting next_dagrun for dataset_produces_2 to None, run_after=None
[2024-03-14T16:31:40.467+0000] {processor.py:183} INFO - Processing /usr/local/lib/python3.8/dist-packages/airflow/example_dags/example_datasets.py took 0.193 seconds
[2024-03-14T16:32:47.827+0000] {processor.py:161} INFO - Started process (PID=1541) to work on /usr/local/lib/python3.8/dist-packages/airflow/example_dags/example_datasets.py
[2024-03-14T16:32:47.830+0000] {processor.py:830} INFO - Processing file /usr/local/lib/python3.8/dist-packages/airflow/example_dags/example_datasets.py for tasks to queue
[2024-03-14T16:32:47.831+0000] {logging_mixin.py:188} INFO - [2024-03-14T16:32:47.830+0000] {dagbag.py:540} INFO - Filling up the DagBag from /usr/local/lib/python3.8/dist-packages/airflow/example_dags/example_datasets.py
[2024-03-14T16:32:47.842+0000] {processor.py:840} INFO - DAG(s) 'dataset_consumes_1', 'dataset_consumes_1_and_2', 'dataset_consumes_1_never_scheduled', 'dataset_consumes_unknown_never_scheduled', 'dataset_produces_1', 'dataset_produces_2' retrieved from /usr/local/lib/python3.8/dist-packages/airflow/example_dags/example_datasets.py
[2024-03-14T16:32:47.872+0000] {logging_mixin.py:188} INFO - [2024-03-14T16:32:47.872+0000] {dag.py:3047} INFO - Sync 6 DAGs
[2024-03-14T16:32:47.895+0000] {logging_mixin.py:188} INFO - [2024-03-14T16:32:47.895+0000] {dag.py:3834} INFO - Setting next_dagrun for dataset_consumes_1 to None, run_after=None
[2024-03-14T16:32:47.899+0000] {logging_mixin.py:188} INFO - [2024-03-14T16:32:47.899+0000] {dag.py:3834} INFO - Setting next_dagrun for dataset_consumes_1_and_2 to None, run_after=None
[2024-03-14T16:32:47.900+0000] {logging_mixin.py:188} INFO - [2024-03-14T16:32:47.900+0000] {dag.py:3834} INFO - Setting next_dagrun for dataset_consumes_1_never_scheduled to None, run_after=None
[2024-03-14T16:32:47.901+0000] {logging_mixin.py:188} INFO - [2024-03-14T16:32:47.901+0000] {dag.py:3834} INFO - Setting next_dagrun for dataset_consumes_unknown_never_scheduled to None, run_after=None
[2024-03-14T16:32:47.904+0000] {logging_mixin.py:188} INFO - [2024-03-14T16:32:47.904+0000] {dag.py:3834} INFO - Setting next_dagrun for dataset_produces_1 to 2024-03-13 00:00:00+00:00, run_after=2024-03-14 00:00:00+00:00
[2024-03-14T16:32:47.905+0000] {logging_mixin.py:188} INFO - [2024-03-14T16:32:47.905+0000] {dag.py:3834} INFO - Setting next_dagrun for dataset_produces_2 to None, run_after=None
[2024-03-14T16:32:47.950+0000] {processor.py:183} INFO - Processing /usr/local/lib/python3.8/dist-packages/airflow/example_dags/example_datasets.py took 0.125 seconds
[2024-03-14T16:34:27.506+0000] {processor.py:161} INFO - Started process (PID=1802) to work on /usr/local/lib/python3.8/dist-packages/airflow/example_dags/example_datasets.py
[2024-03-14T16:34:27.508+0000] {processor.py:830} INFO - Processing file /usr/local/lib/python3.8/dist-packages/airflow/example_dags/example_datasets.py for tasks to queue
[2024-03-14T16:34:27.509+0000] {logging_mixin.py:188} INFO - [2024-03-14T16:34:27.509+0000] {dagbag.py:540} INFO - Filling up the DagBag from /usr/local/lib/python3.8/dist-packages/airflow/example_dags/example_datasets.py
[2024-03-14T16:34:27.520+0000] {processor.py:840} INFO - DAG(s) 'dataset_consumes_1', 'dataset_consumes_1_never_scheduled', 'dataset_consumes_unknown_never_scheduled', 'dataset_consumes_1_and_2', 'dataset_produces_2', 'dataset_produces_1' retrieved from /usr/local/lib/python3.8/dist-packages/airflow/example_dags/example_datasets.py
[2024-03-14T16:34:27.551+0000] {logging_mixin.py:188} INFO - [2024-03-14T16:34:27.551+0000] {dag.py:3047} INFO - Sync 6 DAGs
[2024-03-14T16:34:27.574+0000] {logging_mixin.py:188} INFO - [2024-03-14T16:34:27.574+0000] {dag.py:3834} INFO - Setting next_dagrun for dataset_consumes_1 to None, run_after=None
[2024-03-14T16:34:27.578+0000] {logging_mixin.py:188} INFO - [2024-03-14T16:34:27.578+0000] {dag.py:3834} INFO - Setting next_dagrun for dataset_consumes_1_and_2 to None, run_after=None
[2024-03-14T16:34:27.579+0000] {logging_mixin.py:188} INFO - [2024-03-14T16:34:27.579+0000] {dag.py:3834} INFO - Setting next_dagrun for dataset_consumes_1_never_scheduled to None, run_after=None
[2024-03-14T16:34:27.580+0000] {logging_mixin.py:188} INFO - [2024-03-14T16:34:27.580+0000] {dag.py:3834} INFO - Setting next_dagrun for dataset_consumes_unknown_never_scheduled to None, run_after=None
[2024-03-14T16:34:27.583+0000] {logging_mixin.py:188} INFO - [2024-03-14T16:34:27.583+0000] {dag.py:3834} INFO - Setting next_dagrun for dataset_produces_1 to 2024-03-13 00:00:00+00:00, run_after=2024-03-14 00:00:00+00:00
[2024-03-14T16:34:27.584+0000] {logging_mixin.py:188} INFO - [2024-03-14T16:34:27.584+0000] {dag.py:3834} INFO - Setting next_dagrun for dataset_produces_2 to None, run_after=None
[2024-03-14T16:34:27.646+0000] {processor.py:183} INFO - Processing /usr/local/lib/python3.8/dist-packages/airflow/example_dags/example_datasets.py took 0.143 seconds
[2024-03-14T16:35:42.034+0000] {processor.py:161} INFO - Started process (PID=1922) to work on /usr/local/lib/python3.8/dist-packages/airflow/example_dags/example_datasets.py
[2024-03-14T16:35:42.036+0000] {processor.py:830} INFO - Processing file /usr/local/lib/python3.8/dist-packages/airflow/example_dags/example_datasets.py for tasks to queue
[2024-03-14T16:35:42.037+0000] {logging_mixin.py:188} INFO - [2024-03-14T16:35:42.037+0000] {dagbag.py:540} INFO - Filling up the DagBag from /usr/local/lib/python3.8/dist-packages/airflow/example_dags/example_datasets.py
[2024-03-14T16:35:42.048+0000] {processor.py:840} INFO - DAG(s) 'dataset_consumes_1_and_2', 'dataset_produces_2', 'dataset_produces_1', 'dataset_consumes_unknown_never_scheduled', 'dataset_consumes_1_never_scheduled', 'dataset_consumes_1' retrieved from /usr/local/lib/python3.8/dist-packages/airflow/example_dags/example_datasets.py
[2024-03-14T16:35:42.078+0000] {logging_mixin.py:188} INFO - [2024-03-14T16:35:42.078+0000] {dag.py:3047} INFO - Sync 6 DAGs
[2024-03-14T16:35:42.101+0000] {logging_mixin.py:188} INFO - [2024-03-14T16:35:42.101+0000] {dag.py:3834} INFO - Setting next_dagrun for dataset_consumes_1 to None, run_after=None
[2024-03-14T16:35:42.105+0000] {logging_mixin.py:188} INFO - [2024-03-14T16:35:42.104+0000] {dag.py:3834} INFO - Setting next_dagrun for dataset_consumes_1_and_2 to None, run_after=None
[2024-03-14T16:35:42.106+0000] {logging_mixin.py:188} INFO - [2024-03-14T16:35:42.106+0000] {dag.py:3834} INFO - Setting next_dagrun for dataset_consumes_1_never_scheduled to None, run_after=None
[2024-03-14T16:35:42.107+0000] {logging_mixin.py:188} INFO - [2024-03-14T16:35:42.107+0000] {dag.py:3834} INFO - Setting next_dagrun for dataset_consumes_unknown_never_scheduled to None, run_after=None
[2024-03-14T16:35:42.110+0000] {logging_mixin.py:188} INFO - [2024-03-14T16:35:42.109+0000] {dag.py:3834} INFO - Setting next_dagrun for dataset_produces_1 to 2024-03-13 00:00:00+00:00, run_after=2024-03-14 00:00:00+00:00
[2024-03-14T16:35:42.111+0000] {logging_mixin.py:188} INFO - [2024-03-14T16:35:42.111+0000] {dag.py:3834} INFO - Setting next_dagrun for dataset_produces_2 to None, run_after=None
[2024-03-14T16:35:42.242+0000] {processor.py:183} INFO - Processing /usr/local/lib/python3.8/dist-packages/airflow/example_dags/example_datasets.py took 0.212 seconds
[2024-03-14T16:37:17.670+0000] {processor.py:161} INFO - Started process (PID=2098) to work on /usr/local/lib/python3.8/dist-packages/airflow/example_dags/example_datasets.py
[2024-03-14T16:37:17.671+0000] {processor.py:830} INFO - Processing file /usr/local/lib/python3.8/dist-packages/airflow/example_dags/example_datasets.py for tasks to queue
[2024-03-14T16:37:17.672+0000] {logging_mixin.py:188} INFO - [2024-03-14T16:37:17.672+0000] {dagbag.py:540} INFO - Filling up the DagBag from /usr/local/lib/python3.8/dist-packages/airflow/example_dags/example_datasets.py
[2024-03-14T16:37:17.683+0000] {processor.py:840} INFO - DAG(s) 'dataset_consumes_unknown_never_scheduled', 'dataset_consumes_1_and_2', 'dataset_consumes_1', 'dataset_produces_2', 'dataset_consumes_1_never_scheduled', 'dataset_produces_1' retrieved from /usr/local/lib/python3.8/dist-packages/airflow/example_dags/example_datasets.py
[2024-03-14T16:37:17.714+0000] {logging_mixin.py:188} INFO - [2024-03-14T16:37:17.714+0000] {dag.py:3047} INFO - Sync 6 DAGs
[2024-03-14T16:37:17.736+0000] {logging_mixin.py:188} INFO - [2024-03-14T16:37:17.736+0000] {dag.py:3834} INFO - Setting next_dagrun for dataset_consumes_1 to None, run_after=None
[2024-03-14T16:37:17.740+0000] {logging_mixin.py:188} INFO - [2024-03-14T16:37:17.740+0000] {dag.py:3834} INFO - Setting next_dagrun for dataset_consumes_1_and_2 to None, run_after=None
[2024-03-14T16:37:17.741+0000] {logging_mixin.py:188} INFO - [2024-03-14T16:37:17.741+0000] {dag.py:3834} INFO - Setting next_dagrun for dataset_consumes_1_never_scheduled to None, run_after=None
[2024-03-14T16:37:17.742+0000] {logging_mixin.py:188} INFO - [2024-03-14T16:37:17.742+0000] {dag.py:3834} INFO - Setting next_dagrun for dataset_consumes_unknown_never_scheduled to None, run_after=None
[2024-03-14T16:37:17.745+0000] {logging_mixin.py:188} INFO - [2024-03-14T16:37:17.745+0000] {dag.py:3834} INFO - Setting next_dagrun for dataset_produces_1 to 2024-03-13 00:00:00+00:00, run_after=2024-03-14 00:00:00+00:00
[2024-03-14T16:37:17.746+0000] {logging_mixin.py:188} INFO - [2024-03-14T16:37:17.746+0000] {dag.py:3834} INFO - Setting next_dagrun for dataset_produces_2 to None, run_after=None
[2024-03-14T16:37:17.778+0000] {processor.py:183} INFO - Processing /usr/local/lib/python3.8/dist-packages/airflow/example_dags/example_datasets.py took 0.112 seconds
[2024-03-14T16:38:52.614+0000] {processor.py:161} INFO - Started process (PID=2278) to work on /usr/local/lib/python3.8/dist-packages/airflow/example_dags/example_datasets.py
[2024-03-14T16:38:52.616+0000] {processor.py:830} INFO - Processing file /usr/local/lib/python3.8/dist-packages/airflow/example_dags/example_datasets.py for tasks to queue
[2024-03-14T16:38:52.617+0000] {logging_mixin.py:188} INFO - [2024-03-14T16:38:52.617+0000] {dagbag.py:540} INFO - Filling up the DagBag from /usr/local/lib/python3.8/dist-packages/airflow/example_dags/example_datasets.py
[2024-03-14T16:38:52.629+0000] {processor.py:840} INFO - DAG(s) 'dataset_consumes_1_never_scheduled', 'dataset_produces_2', 'dataset_consumes_1', 'dataset_produces_1', 'dataset_consumes_1_and_2', 'dataset_consumes_unknown_never_scheduled' retrieved from /usr/local/lib/python3.8/dist-packages/airflow/example_dags/example_datasets.py
[2024-03-14T16:38:52.659+0000] {logging_mixin.py:188} INFO - [2024-03-14T16:38:52.659+0000] {dag.py:3047} INFO - Sync 6 DAGs
[2024-03-14T16:38:52.682+0000] {logging_mixin.py:188} INFO - [2024-03-14T16:38:52.682+0000] {dag.py:3834} INFO - Setting next_dagrun for dataset_consumes_1 to None, run_after=None
[2024-03-14T16:38:52.685+0000] {logging_mixin.py:188} INFO - [2024-03-14T16:38:52.685+0000] {dag.py:3834} INFO - Setting next_dagrun for dataset_consumes_1_and_2 to None, run_after=None
[2024-03-14T16:38:52.687+0000] {logging_mixin.py:188} INFO - [2024-03-14T16:38:52.686+0000] {dag.py:3834} INFO - Setting next_dagrun for dataset_consumes_1_never_scheduled to None, run_after=None
[2024-03-14T16:38:52.688+0000] {logging_mixin.py:188} INFO - [2024-03-14T16:38:52.687+0000] {dag.py:3834} INFO - Setting next_dagrun for dataset_consumes_unknown_never_scheduled to None, run_after=None
[2024-03-14T16:38:52.690+0000] {logging_mixin.py:188} INFO - [2024-03-14T16:38:52.690+0000] {dag.py:3834} INFO - Setting next_dagrun for dataset_produces_1 to 2024-03-13 00:00:00+00:00, run_after=2024-03-14 00:00:00+00:00
[2024-03-14T16:38:52.692+0000] {logging_mixin.py:188} INFO - [2024-03-14T16:38:52.691+0000] {dag.py:3834} INFO - Setting next_dagrun for dataset_produces_2 to None, run_after=None
[2024-03-14T16:38:52.816+0000] {processor.py:183} INFO - Processing /usr/local/lib/python3.8/dist-packages/airflow/example_dags/example_datasets.py took 0.205 seconds
[2024-03-14T16:40:02.403+0000] {processor.py:161} INFO - Started process (PID=2393) to work on /usr/local/lib/python3.8/dist-packages/airflow/example_dags/example_datasets.py
[2024-03-14T16:40:02.406+0000] {processor.py:830} INFO - Processing file /usr/local/lib/python3.8/dist-packages/airflow/example_dags/example_datasets.py for tasks to queue
[2024-03-14T16:40:02.407+0000] {logging_mixin.py:188} INFO - [2024-03-14T16:40:02.406+0000] {dagbag.py:540} INFO - Filling up the DagBag from /usr/local/lib/python3.8/dist-packages/airflow/example_dags/example_datasets.py
[2024-03-14T16:40:02.417+0000] {processor.py:840} INFO - DAG(s) 'dataset_consumes_1_never_scheduled', 'dataset_consumes_1', 'dataset_consumes_unknown_never_scheduled', 'dataset_produces_2', 'dataset_consumes_1_and_2', 'dataset_produces_1' retrieved from /usr/local/lib/python3.8/dist-packages/airflow/example_dags/example_datasets.py
[2024-03-14T16:40:02.443+0000] {logging_mixin.py:188} INFO - [2024-03-14T16:40:02.442+0000] {dag.py:3047} INFO - Sync 6 DAGs
[2024-03-14T16:40:02.460+0000] {logging_mixin.py:188} INFO - [2024-03-14T16:40:02.460+0000] {dag.py:3834} INFO - Setting next_dagrun for dataset_consumes_1 to None, run_after=None
[2024-03-14T16:40:02.463+0000] {logging_mixin.py:188} INFO - [2024-03-14T16:40:02.462+0000] {dag.py:3834} INFO - Setting next_dagrun for dataset_consumes_1_and_2 to None, run_after=None
[2024-03-14T16:40:02.463+0000] {logging_mixin.py:188} INFO - [2024-03-14T16:40:02.463+0000] {dag.py:3834} INFO - Setting next_dagrun for dataset_consumes_1_never_scheduled to None, run_after=None
[2024-03-14T16:40:02.464+0000] {logging_mixin.py:188} INFO - [2024-03-14T16:40:02.464+0000] {dag.py:3834} INFO - Setting next_dagrun for dataset_consumes_unknown_never_scheduled to None, run_after=None
[2024-03-14T16:40:02.466+0000] {logging_mixin.py:188} INFO - [2024-03-14T16:40:02.466+0000] {dag.py:3834} INFO - Setting next_dagrun for dataset_produces_1 to 2024-03-13 00:00:00+00:00, run_after=2024-03-14 00:00:00+00:00
[2024-03-14T16:40:02.467+0000] {logging_mixin.py:188} INFO - [2024-03-14T16:40:02.467+0000] {dag.py:3834} INFO - Setting next_dagrun for dataset_produces_2 to None, run_after=None
[2024-03-14T16:40:02.498+0000] {processor.py:183} INFO - Processing /usr/local/lib/python3.8/dist-packages/airflow/example_dags/example_datasets.py took 0.098 seconds
[2024-03-14T16:41:11.726+0000] {processor.py:161} INFO - Started process (PID=2500) to work on /usr/local/lib/python3.8/dist-packages/airflow/example_dags/example_datasets.py
[2024-03-14T16:41:11.728+0000] {processor.py:830} INFO - Processing file /usr/local/lib/python3.8/dist-packages/airflow/example_dags/example_datasets.py for tasks to queue
[2024-03-14T16:41:11.729+0000] {logging_mixin.py:188} INFO - [2024-03-14T16:41:11.729+0000] {dagbag.py:540} INFO - Filling up the DagBag from /usr/local/lib/python3.8/dist-packages/airflow/example_dags/example_datasets.py
[2024-03-14T16:41:11.739+0000] {processor.py:840} INFO - DAG(s) 'dataset_consumes_1', 'dataset_produces_1', 'dataset_consumes_unknown_never_scheduled', 'dataset_consumes_1_and_2', 'dataset_produces_2', 'dataset_consumes_1_never_scheduled' retrieved from /usr/local/lib/python3.8/dist-packages/airflow/example_dags/example_datasets.py
[2024-03-14T16:41:11.765+0000] {logging_mixin.py:188} INFO - [2024-03-14T16:41:11.764+0000] {dag.py:3047} INFO - Sync 6 DAGs
[2024-03-14T16:41:11.782+0000] {logging_mixin.py:188} INFO - [2024-03-14T16:41:11.781+0000] {dag.py:3834} INFO - Setting next_dagrun for dataset_consumes_1 to None, run_after=None
[2024-03-14T16:41:11.784+0000] {logging_mixin.py:188} INFO - [2024-03-14T16:41:11.784+0000] {dag.py:3834} INFO - Setting next_dagrun for dataset_consumes_1_and_2 to None, run_after=None
[2024-03-14T16:41:11.785+0000] {logging_mixin.py:188} INFO - [2024-03-14T16:41:11.785+0000] {dag.py:3834} INFO - Setting next_dagrun for dataset_consumes_1_never_scheduled to None, run_after=None
[2024-03-14T16:41:11.786+0000] {logging_mixin.py:188} INFO - [2024-03-14T16:41:11.786+0000] {dag.py:3834} INFO - Setting next_dagrun for dataset_consumes_unknown_never_scheduled to None, run_after=None
[2024-03-14T16:41:11.788+0000] {logging_mixin.py:188} INFO - [2024-03-14T16:41:11.788+0000] {dag.py:3834} INFO - Setting next_dagrun for dataset_produces_1 to 2024-03-13 00:00:00+00:00, run_after=2024-03-14 00:00:00+00:00
[2024-03-14T16:41:11.789+0000] {logging_mixin.py:188} INFO - [2024-03-14T16:41:11.789+0000] {dag.py:3834} INFO - Setting next_dagrun for dataset_produces_2 to None, run_after=None
[2024-03-14T16:41:11.900+0000] {processor.py:183} INFO - Processing /usr/local/lib/python3.8/dist-packages/airflow/example_dags/example_datasets.py took 0.177 seconds
[2024-03-14T16:42:32.191+0000] {processor.py:161} INFO - Started process (PID=2616) to work on /usr/local/lib/python3.8/dist-packages/airflow/example_dags/example_datasets.py
[2024-03-14T16:42:32.196+0000] {processor.py:830} INFO - Processing file /usr/local/lib/python3.8/dist-packages/airflow/example_dags/example_datasets.py for tasks to queue
[2024-03-14T16:42:32.197+0000] {logging_mixin.py:188} INFO - [2024-03-14T16:42:32.196+0000] {dagbag.py:540} INFO - Filling up the DagBag from /usr/local/lib/python3.8/dist-packages/airflow/example_dags/example_datasets.py
[2024-03-14T16:42:32.208+0000] {processor.py:840} INFO - DAG(s) 'dataset_consumes_1', 'dataset_produces_1', 'dataset_consumes_unknown_never_scheduled', 'dataset_produces_2', 'dataset_consumes_1_never_scheduled', 'dataset_consumes_1_and_2' retrieved from /usr/local/lib/python3.8/dist-packages/airflow/example_dags/example_datasets.py
[2024-03-14T16:42:32.238+0000] {logging_mixin.py:188} INFO - [2024-03-14T16:42:32.238+0000] {dag.py:3047} INFO - Sync 6 DAGs
[2024-03-14T16:42:32.261+0000] {logging_mixin.py:188} INFO - [2024-03-14T16:42:32.261+0000] {dag.py:3834} INFO - Setting next_dagrun for dataset_consumes_1 to None, run_after=None
[2024-03-14T16:42:32.266+0000] {logging_mixin.py:188} INFO - [2024-03-14T16:42:32.265+0000] {dag.py:3834} INFO - Setting next_dagrun for dataset_consumes_1_and_2 to None, run_after=None
[2024-03-14T16:42:32.267+0000] {logging_mixin.py:188} INFO - [2024-03-14T16:42:32.267+0000] {dag.py:3834} INFO - Setting next_dagrun for dataset_consumes_1_never_scheduled to None, run_after=None
[2024-03-14T16:42:32.268+0000] {logging_mixin.py:188} INFO - [2024-03-14T16:42:32.268+0000] {dag.py:3834} INFO - Setting next_dagrun for dataset_consumes_unknown_never_scheduled to None, run_after=None
[2024-03-14T16:42:32.271+0000] {logging_mixin.py:188} INFO - [2024-03-14T16:42:32.270+0000] {dag.py:3834} INFO - Setting next_dagrun for dataset_produces_1 to 2024-03-13 00:00:00+00:00, run_after=2024-03-14 00:00:00+00:00
[2024-03-14T16:42:32.272+0000] {logging_mixin.py:188} INFO - [2024-03-14T16:42:32.272+0000] {dag.py:3834} INFO - Setting next_dagrun for dataset_produces_2 to None, run_after=None
[2024-03-14T16:42:32.353+0000] {processor.py:183} INFO - Processing /usr/local/lib/python3.8/dist-packages/airflow/example_dags/example_datasets.py took 0.166 seconds
[2024-03-14T16:43:52.703+0000] {processor.py:161} INFO - Started process (PID=2736) to work on /usr/local/lib/python3.8/dist-packages/airflow/example_dags/example_datasets.py
[2024-03-14T16:43:52.705+0000] {processor.py:830} INFO - Processing file /usr/local/lib/python3.8/dist-packages/airflow/example_dags/example_datasets.py for tasks to queue
[2024-03-14T16:43:52.706+0000] {logging_mixin.py:188} INFO - [2024-03-14T16:43:52.706+0000] {dagbag.py:540} INFO - Filling up the DagBag from /usr/local/lib/python3.8/dist-packages/airflow/example_dags/example_datasets.py
[2024-03-14T16:43:52.718+0000] {processor.py:840} INFO - DAG(s) 'dataset_consumes_1', 'dataset_consumes_unknown_never_scheduled', 'dataset_consumes_1_and_2', 'dataset_produces_2', 'dataset_consumes_1_never_scheduled', 'dataset_produces_1' retrieved from /usr/local/lib/python3.8/dist-packages/airflow/example_dags/example_datasets.py
[2024-03-14T16:43:52.749+0000] {logging_mixin.py:188} INFO - [2024-03-14T16:43:52.748+0000] {dag.py:3047} INFO - Sync 6 DAGs
[2024-03-14T16:43:52.772+0000] {logging_mixin.py:188} INFO - [2024-03-14T16:43:52.772+0000] {dag.py:3834} INFO - Setting next_dagrun for dataset_consumes_1 to None, run_after=None
[2024-03-14T16:43:52.775+0000] {logging_mixin.py:188} INFO - [2024-03-14T16:43:52.775+0000] {dag.py:3834} INFO - Setting next_dagrun for dataset_consumes_1_and_2 to None, run_after=None
[2024-03-14T16:43:52.777+0000] {logging_mixin.py:188} INFO - [2024-03-14T16:43:52.776+0000] {dag.py:3834} INFO - Setting next_dagrun for dataset_consumes_1_never_scheduled to None, run_after=None
[2024-03-14T16:43:52.778+0000] {logging_mixin.py:188} INFO - [2024-03-14T16:43:52.778+0000] {dag.py:3834} INFO - Setting next_dagrun for dataset_consumes_unknown_never_scheduled to None, run_after=None
[2024-03-14T16:43:52.781+0000] {logging_mixin.py:188} INFO - [2024-03-14T16:43:52.780+0000] {dag.py:3834} INFO - Setting next_dagrun for dataset_produces_1 to 2024-03-13 00:00:00+00:00, run_after=2024-03-14 00:00:00+00:00
[2024-03-14T16:43:52.782+0000] {logging_mixin.py:188} INFO - [2024-03-14T16:43:52.782+0000] {dag.py:3834} INFO - Setting next_dagrun for dataset_produces_2 to None, run_after=None
[2024-03-14T16:43:52.903+0000] {processor.py:183} INFO - Processing /usr/local/lib/python3.8/dist-packages/airflow/example_dags/example_datasets.py took 0.203 seconds
[2024-03-14T16:45:29.691+0000] {processor.py:161} INFO - Started process (PID=2915) to work on /usr/local/lib/python3.8/dist-packages/airflow/example_dags/example_datasets.py
[2024-03-14T16:45:29.693+0000] {processor.py:830} INFO - Processing file /usr/local/lib/python3.8/dist-packages/airflow/example_dags/example_datasets.py for tasks to queue
[2024-03-14T16:45:29.694+0000] {logging_mixin.py:188} INFO - [2024-03-14T16:45:29.694+0000] {dagbag.py:540} INFO - Filling up the DagBag from /usr/local/lib/python3.8/dist-packages/airflow/example_dags/example_datasets.py
[2024-03-14T16:45:29.705+0000] {processor.py:840} INFO - DAG(s) 'dataset_consumes_unknown_never_scheduled', 'dataset_consumes_1_never_scheduled', 'dataset_consumes_1', 'dataset_produces_1', 'dataset_consumes_1_and_2', 'dataset_produces_2' retrieved from /usr/local/lib/python3.8/dist-packages/airflow/example_dags/example_datasets.py
[2024-03-14T16:45:29.736+0000] {logging_mixin.py:188} INFO - [2024-03-14T16:45:29.736+0000] {dag.py:3047} INFO - Sync 6 DAGs
[2024-03-14T16:45:29.759+0000] {logging_mixin.py:188} INFO - [2024-03-14T16:45:29.759+0000] {dag.py:3834} INFO - Setting next_dagrun for dataset_consumes_1 to None, run_after=None
[2024-03-14T16:45:29.763+0000] {logging_mixin.py:188} INFO - [2024-03-14T16:45:29.763+0000] {dag.py:3834} INFO - Setting next_dagrun for dataset_consumes_1_and_2 to None, run_after=None
[2024-03-14T16:45:29.764+0000] {logging_mixin.py:188} INFO - [2024-03-14T16:45:29.764+0000] {dag.py:3834} INFO - Setting next_dagrun for dataset_consumes_1_never_scheduled to None, run_after=None
[2024-03-14T16:45:29.765+0000] {logging_mixin.py:188} INFO - [2024-03-14T16:45:29.765+0000] {dag.py:3834} INFO - Setting next_dagrun for dataset_consumes_unknown_never_scheduled to None, run_after=None
[2024-03-14T16:45:29.768+0000] {logging_mixin.py:188} INFO - [2024-03-14T16:45:29.768+0000] {dag.py:3834} INFO - Setting next_dagrun for dataset_produces_1 to 2024-03-13 00:00:00+00:00, run_after=2024-03-14 00:00:00+00:00
[2024-03-14T16:45:29.769+0000] {logging_mixin.py:188} INFO - [2024-03-14T16:45:29.769+0000] {dag.py:3834} INFO - Setting next_dagrun for dataset_produces_2 to None, run_after=None
[2024-03-14T16:45:29.875+0000] {processor.py:183} INFO - Processing /usr/local/lib/python3.8/dist-packages/airflow/example_dags/example_datasets.py took 0.187 seconds
[2024-03-14T16:56:08.221+0000] {processor.py:161} INFO - Started process (PID=3191) to work on /usr/local/lib/python3.8/dist-packages/airflow/example_dags/example_datasets.py
[2024-03-14T16:56:08.224+0000] {processor.py:830} INFO - Processing file /usr/local/lib/python3.8/dist-packages/airflow/example_dags/example_datasets.py for tasks to queue
[2024-03-14T16:56:08.224+0000] {logging_mixin.py:188} INFO - [2024-03-14T16:56:08.224+0000] {dagbag.py:540} INFO - Filling up the DagBag from /usr/local/lib/python3.8/dist-packages/airflow/example_dags/example_datasets.py
[2024-03-14T16:56:08.234+0000] {processor.py:840} INFO - DAG(s) 'dataset_produces_2', 'dataset_consumes_unknown_never_scheduled', 'dataset_produces_1', 'dataset_consumes_1', 'dataset_consumes_1_and_2', 'dataset_consumes_1_never_scheduled' retrieved from /usr/local/lib/python3.8/dist-packages/airflow/example_dags/example_datasets.py
[2024-03-14T16:56:08.351+0000] {logging_mixin.py:188} INFO - [2024-03-14T16:56:08.351+0000] {dag.py:3047} INFO - Sync 6 DAGs
[2024-03-14T16:56:08.367+0000] {logging_mixin.py:188} INFO - [2024-03-14T16:56:08.367+0000] {dag.py:3834} INFO - Setting next_dagrun for dataset_consumes_1 to None, run_after=None
[2024-03-14T16:56:08.369+0000] {logging_mixin.py:188} INFO - [2024-03-14T16:56:08.369+0000] {dag.py:3834} INFO - Setting next_dagrun for dataset_consumes_1_and_2 to None, run_after=None
[2024-03-14T16:56:08.370+0000] {logging_mixin.py:188} INFO - [2024-03-14T16:56:08.370+0000] {dag.py:3834} INFO - Setting next_dagrun for dataset_consumes_1_never_scheduled to None, run_after=None
[2024-03-14T16:56:08.371+0000] {logging_mixin.py:188} INFO - [2024-03-14T16:56:08.371+0000] {dag.py:3834} INFO - Setting next_dagrun for dataset_consumes_unknown_never_scheduled to None, run_after=None
[2024-03-14T16:56:08.373+0000] {logging_mixin.py:188} INFO - [2024-03-14T16:56:08.373+0000] {dag.py:3834} INFO - Setting next_dagrun for dataset_produces_1 to 2024-03-13 00:00:00+00:00, run_after=2024-03-14 00:00:00+00:00
[2024-03-14T16:56:08.374+0000] {logging_mixin.py:188} INFO - [2024-03-14T16:56:08.374+0000] {dag.py:3834} INFO - Setting next_dagrun for dataset_produces_2 to None, run_after=None
[2024-03-14T16:56:08.406+0000] {processor.py:183} INFO - Processing /usr/local/lib/python3.8/dist-packages/airflow/example_dags/example_datasets.py took 0.188 seconds
[2024-03-14T16:57:28.246+0000] {processor.py:161} INFO - Started process (PID=3385) to work on /usr/local/lib/python3.8/dist-packages/airflow/example_dags/example_datasets.py
[2024-03-14T16:57:28.249+0000] {processor.py:830} INFO - Processing file /usr/local/lib/python3.8/dist-packages/airflow/example_dags/example_datasets.py for tasks to queue
[2024-03-14T16:57:28.250+0000] {logging_mixin.py:188} INFO - [2024-03-14T16:57:28.249+0000] {dagbag.py:540} INFO - Filling up the DagBag from /usr/local/lib/python3.8/dist-packages/airflow/example_dags/example_datasets.py
[2024-03-14T16:57:28.261+0000] {processor.py:840} INFO - DAG(s) 'dataset_produces_1', 'dataset_consumes_unknown_never_scheduled', 'dataset_consumes_1_and_2', 'dataset_consumes_1', 'dataset_produces_2', 'dataset_consumes_1_never_scheduled' retrieved from /usr/local/lib/python3.8/dist-packages/airflow/example_dags/example_datasets.py
[2024-03-14T16:57:28.286+0000] {logging_mixin.py:188} INFO - [2024-03-14T16:57:28.286+0000] {dag.py:3047} INFO - Sync 6 DAGs
[2024-03-14T16:57:28.303+0000] {logging_mixin.py:188} INFO - [2024-03-14T16:57:28.303+0000] {dag.py:3834} INFO - Setting next_dagrun for dataset_consumes_1 to None, run_after=None
[2024-03-14T16:57:28.306+0000] {logging_mixin.py:188} INFO - [2024-03-14T16:57:28.306+0000] {dag.py:3834} INFO - Setting next_dagrun for dataset_consumes_1_and_2 to None, run_after=None
[2024-03-14T16:57:28.307+0000] {logging_mixin.py:188} INFO - [2024-03-14T16:57:28.307+0000] {dag.py:3834} INFO - Setting next_dagrun for dataset_consumes_1_never_scheduled to None, run_after=None
[2024-03-14T16:57:28.307+0000] {logging_mixin.py:188} INFO - [2024-03-14T16:57:28.307+0000] {dag.py:3834} INFO - Setting next_dagrun for dataset_consumes_unknown_never_scheduled to None, run_after=None
[2024-03-14T16:57:28.310+0000] {logging_mixin.py:188} INFO - [2024-03-14T16:57:28.310+0000] {dag.py:3834} INFO - Setting next_dagrun for dataset_produces_1 to 2024-03-13 00:00:00+00:00, run_after=2024-03-14 00:00:00+00:00
[2024-03-14T16:57:28.311+0000] {logging_mixin.py:188} INFO - [2024-03-14T16:57:28.310+0000] {dag.py:3834} INFO - Setting next_dagrun for dataset_produces_2 to None, run_after=None
[2024-03-14T16:57:28.341+0000] {processor.py:183} INFO - Processing /usr/local/lib/python3.8/dist-packages/airflow/example_dags/example_datasets.py took 0.099 seconds
