[2024-03-14T16:22:38.558+0000] {processor.py:161} INFO - Started process (PID=537) to work on /usr/local/lib/python3.8/dist-packages/airflow/example_dags/example_time_delta_sensor_async.py
[2024-03-14T16:22:38.559+0000] {processor.py:830} INFO - Processing file /usr/local/lib/python3.8/dist-packages/airflow/example_dags/example_time_delta_sensor_async.py for tasks to queue
[2024-03-14T16:22:38.560+0000] {logging_mixin.py:188} INFO - [2024-03-14T16:22:38.559+0000] {dagbag.py:540} INFO - Filling up the DagBag from /usr/local/lib/python3.8/dist-packages/airflow/example_dags/example_time_delta_sensor_async.py
[2024-03-14T16:22:38.565+0000] {processor.py:840} INFO - DAG(s) 'example_time_delta_sensor_async' retrieved from /usr/local/lib/python3.8/dist-packages/airflow/example_dags/example_time_delta_sensor_async.py
[2024-03-14T16:22:38.668+0000] {logging_mixin.py:188} INFO - [2024-03-14T16:22:38.667+0000] {dag.py:3047} INFO - Sync 1 DAGs
[2024-03-14T16:22:38.685+0000] {logging_mixin.py:188} INFO - [2024-03-14T16:22:38.684+0000] {dag.py:3834} INFO - Setting next_dagrun for example_time_delta_sensor_async to None, run_after=None
[2024-03-14T16:22:39.292+0000] {processor.py:183} INFO - Processing /usr/local/lib/python3.8/dist-packages/airflow/example_dags/example_time_delta_sensor_async.py took 0.737 seconds
[2024-03-14T16:24:01.350+0000] {processor.py:161} INFO - Started process (PID=674) to work on /usr/local/lib/python3.8/dist-packages/airflow/example_dags/example_time_delta_sensor_async.py
[2024-03-14T16:24:01.352+0000] {processor.py:830} INFO - Processing file /usr/local/lib/python3.8/dist-packages/airflow/example_dags/example_time_delta_sensor_async.py for tasks to queue
[2024-03-14T16:24:01.353+0000] {logging_mixin.py:188} INFO - [2024-03-14T16:24:01.353+0000] {dagbag.py:540} INFO - Filling up the DagBag from /usr/local/lib/python3.8/dist-packages/airflow/example_dags/example_time_delta_sensor_async.py
[2024-03-14T16:24:01.358+0000] {processor.py:840} INFO - DAG(s) 'example_time_delta_sensor_async' retrieved from /usr/local/lib/python3.8/dist-packages/airflow/example_dags/example_time_delta_sensor_async.py
[2024-03-14T16:24:01.375+0000] {logging_mixin.py:188} INFO - [2024-03-14T16:24:01.375+0000] {dag.py:3047} INFO - Sync 1 DAGs
[2024-03-14T16:24:01.388+0000] {logging_mixin.py:188} INFO - [2024-03-14T16:24:01.388+0000] {dag.py:3834} INFO - Setting next_dagrun for example_time_delta_sensor_async to None, run_after=None
[2024-03-14T16:24:01.413+0000] {processor.py:183} INFO - Processing /usr/local/lib/python3.8/dist-packages/airflow/example_dags/example_time_delta_sensor_async.py took 0.066 seconds
[2024-03-14T16:25:03.539+0000] {processor.py:161} INFO - Started process (PID=781) to work on /usr/local/lib/python3.8/dist-packages/airflow/example_dags/example_time_delta_sensor_async.py
[2024-03-14T16:25:03.541+0000] {processor.py:830} INFO - Processing file /usr/local/lib/python3.8/dist-packages/airflow/example_dags/example_time_delta_sensor_async.py for tasks to queue
[2024-03-14T16:25:03.542+0000] {logging_mixin.py:188} INFO - [2024-03-14T16:25:03.541+0000] {dagbag.py:540} INFO - Filling up the DagBag from /usr/local/lib/python3.8/dist-packages/airflow/example_dags/example_time_delta_sensor_async.py
[2024-03-14T16:25:03.547+0000] {processor.py:840} INFO - DAG(s) 'example_time_delta_sensor_async' retrieved from /usr/local/lib/python3.8/dist-packages/airflow/example_dags/example_time_delta_sensor_async.py
[2024-03-14T16:25:03.563+0000] {logging_mixin.py:188} INFO - [2024-03-14T16:25:03.563+0000] {dag.py:3047} INFO - Sync 1 DAGs
[2024-03-14T16:25:03.576+0000] {logging_mixin.py:188} INFO - [2024-03-14T16:25:03.576+0000] {dag.py:3834} INFO - Setting next_dagrun for example_time_delta_sensor_async to None, run_after=None
[2024-03-14T16:25:03.605+0000] {processor.py:183} INFO - Processing /usr/local/lib/python3.8/dist-packages/airflow/example_dags/example_time_delta_sensor_async.py took 0.070 seconds
[2024-03-14T16:26:06.787+0000] {processor.py:161} INFO - Started process (PID=875) to work on /usr/local/lib/python3.8/dist-packages/airflow/example_dags/example_time_delta_sensor_async.py
[2024-03-14T16:26:06.789+0000] {processor.py:830} INFO - Processing file /usr/local/lib/python3.8/dist-packages/airflow/example_dags/example_time_delta_sensor_async.py for tasks to queue
[2024-03-14T16:26:06.790+0000] {logging_mixin.py:188} INFO - [2024-03-14T16:26:06.789+0000] {dagbag.py:540} INFO - Filling up the DagBag from /usr/local/lib/python3.8/dist-packages/airflow/example_dags/example_time_delta_sensor_async.py
[2024-03-14T16:26:06.795+0000] {processor.py:840} INFO - DAG(s) 'example_time_delta_sensor_async' retrieved from /usr/local/lib/python3.8/dist-packages/airflow/example_dags/example_time_delta_sensor_async.py
[2024-03-14T16:26:06.811+0000] {logging_mixin.py:188} INFO - [2024-03-14T16:26:06.810+0000] {dag.py:3047} INFO - Sync 1 DAGs
[2024-03-14T16:26:06.821+0000] {logging_mixin.py:188} INFO - [2024-03-14T16:26:06.821+0000] {dag.py:3834} INFO - Setting next_dagrun for example_time_delta_sensor_async to None, run_after=None
[2024-03-14T16:26:06.914+0000] {processor.py:183} INFO - Processing /usr/local/lib/python3.8/dist-packages/airflow/example_dags/example_time_delta_sensor_async.py took 0.130 seconds
[2024-03-14T16:27:16.943+0000] {processor.py:161} INFO - Started process (PID=992) to work on /usr/local/lib/python3.8/dist-packages/airflow/example_dags/example_time_delta_sensor_async.py
[2024-03-14T16:27:16.946+0000] {processor.py:830} INFO - Processing file /usr/local/lib/python3.8/dist-packages/airflow/example_dags/example_time_delta_sensor_async.py for tasks to queue
[2024-03-14T16:27:16.947+0000] {logging_mixin.py:188} INFO - [2024-03-14T16:27:16.946+0000] {dagbag.py:540} INFO - Filling up the DagBag from /usr/local/lib/python3.8/dist-packages/airflow/example_dags/example_time_delta_sensor_async.py
[2024-03-14T16:27:16.952+0000] {processor.py:840} INFO - DAG(s) 'example_time_delta_sensor_async' retrieved from /usr/local/lib/python3.8/dist-packages/airflow/example_dags/example_time_delta_sensor_async.py
[2024-03-14T16:27:16.969+0000] {logging_mixin.py:188} INFO - [2024-03-14T16:27:16.969+0000] {dag.py:3047} INFO - Sync 1 DAGs
[2024-03-14T16:27:16.982+0000] {logging_mixin.py:188} INFO - [2024-03-14T16:27:16.981+0000] {dag.py:3834} INFO - Setting next_dagrun for example_time_delta_sensor_async to None, run_after=None
[2024-03-14T16:27:17.024+0000] {processor.py:183} INFO - Processing /usr/local/lib/python3.8/dist-packages/airflow/example_dags/example_time_delta_sensor_async.py took 0.084 seconds
[2024-03-14T16:28:26.914+0000] {processor.py:161} INFO - Started process (PID=1108) to work on /usr/local/lib/python3.8/dist-packages/airflow/example_dags/example_time_delta_sensor_async.py
[2024-03-14T16:28:26.916+0000] {processor.py:830} INFO - Processing file /usr/local/lib/python3.8/dist-packages/airflow/example_dags/example_time_delta_sensor_async.py for tasks to queue
[2024-03-14T16:28:26.917+0000] {logging_mixin.py:188} INFO - [2024-03-14T16:28:26.917+0000] {dagbag.py:540} INFO - Filling up the DagBag from /usr/local/lib/python3.8/dist-packages/airflow/example_dags/example_time_delta_sensor_async.py
[2024-03-14T16:28:26.922+0000] {processor.py:840} INFO - DAG(s) 'example_time_delta_sensor_async' retrieved from /usr/local/lib/python3.8/dist-packages/airflow/example_dags/example_time_delta_sensor_async.py
[2024-03-14T16:28:26.939+0000] {logging_mixin.py:188} INFO - [2024-03-14T16:28:26.939+0000] {dag.py:3047} INFO - Sync 1 DAGs
[2024-03-14T16:28:26.952+0000] {logging_mixin.py:188} INFO - [2024-03-14T16:28:26.951+0000] {dag.py:3834} INFO - Setting next_dagrun for example_time_delta_sensor_async to None, run_after=None
[2024-03-14T16:28:27.025+0000] {processor.py:183} INFO - Processing /usr/local/lib/python3.8/dist-packages/airflow/example_dags/example_time_delta_sensor_async.py took 0.114 seconds
[2024-03-14T16:29:47.755+0000] {processor.py:161} INFO - Started process (PID=1240) to work on /usr/local/lib/python3.8/dist-packages/airflow/example_dags/example_time_delta_sensor_async.py
[2024-03-14T16:29:47.756+0000] {processor.py:830} INFO - Processing file /usr/local/lib/python3.8/dist-packages/airflow/example_dags/example_time_delta_sensor_async.py for tasks to queue
[2024-03-14T16:29:47.757+0000] {logging_mixin.py:188} INFO - [2024-03-14T16:29:47.757+0000] {dagbag.py:540} INFO - Filling up the DagBag from /usr/local/lib/python3.8/dist-packages/airflow/example_dags/example_time_delta_sensor_async.py
[2024-03-14T16:29:47.762+0000] {processor.py:840} INFO - DAG(s) 'example_time_delta_sensor_async' retrieved from /usr/local/lib/python3.8/dist-packages/airflow/example_dags/example_time_delta_sensor_async.py
[2024-03-14T16:29:47.779+0000] {logging_mixin.py:188} INFO - [2024-03-14T16:29:47.779+0000] {dag.py:3047} INFO - Sync 1 DAGs
[2024-03-14T16:29:47.791+0000] {logging_mixin.py:188} INFO - [2024-03-14T16:29:47.791+0000] {dag.py:3834} INFO - Setting next_dagrun for example_time_delta_sensor_async to None, run_after=None
[2024-03-14T16:29:47.884+0000] {processor.py:183} INFO - Processing /usr/local/lib/python3.8/dist-packages/airflow/example_dags/example_time_delta_sensor_async.py took 0.132 seconds
[2024-03-14T16:30:46.624+0000] {processor.py:161} INFO - Started process (PID=1334) to work on /usr/local/lib/python3.8/dist-packages/airflow/example_dags/example_time_delta_sensor_async.py
[2024-03-14T16:30:46.626+0000] {processor.py:830} INFO - Processing file /usr/local/lib/python3.8/dist-packages/airflow/example_dags/example_time_delta_sensor_async.py for tasks to queue
[2024-03-14T16:30:46.627+0000] {logging_mixin.py:188} INFO - [2024-03-14T16:30:46.627+0000] {dagbag.py:540} INFO - Filling up the DagBag from /usr/local/lib/python3.8/dist-packages/airflow/example_dags/example_time_delta_sensor_async.py
[2024-03-14T16:30:46.632+0000] {processor.py:840} INFO - DAG(s) 'example_time_delta_sensor_async' retrieved from /usr/local/lib/python3.8/dist-packages/airflow/example_dags/example_time_delta_sensor_async.py
[2024-03-14T16:30:46.649+0000] {logging_mixin.py:188} INFO - [2024-03-14T16:30:46.649+0000] {dag.py:3047} INFO - Sync 1 DAGs
[2024-03-14T16:30:46.662+0000] {logging_mixin.py:188} INFO - [2024-03-14T16:30:46.662+0000] {dag.py:3834} INFO - Setting next_dagrun for example_time_delta_sensor_async to None, run_after=None
[2024-03-14T16:30:46.788+0000] {processor.py:183} INFO - Processing /usr/local/lib/python3.8/dist-packages/airflow/example_dags/example_time_delta_sensor_async.py took 0.168 seconds
[2024-03-14T16:31:54.531+0000] {processor.py:161} INFO - Started process (PID=1448) to work on /usr/local/lib/python3.8/dist-packages/airflow/example_dags/example_time_delta_sensor_async.py
[2024-03-14T16:31:54.533+0000] {processor.py:830} INFO - Processing file /usr/local/lib/python3.8/dist-packages/airflow/example_dags/example_time_delta_sensor_async.py for tasks to queue
[2024-03-14T16:31:54.534+0000] {logging_mixin.py:188} INFO - [2024-03-14T16:31:54.534+0000] {dagbag.py:540} INFO - Filling up the DagBag from /usr/local/lib/python3.8/dist-packages/airflow/example_dags/example_time_delta_sensor_async.py
[2024-03-14T16:31:54.539+0000] {processor.py:840} INFO - DAG(s) 'example_time_delta_sensor_async' retrieved from /usr/local/lib/python3.8/dist-packages/airflow/example_dags/example_time_delta_sensor_async.py
[2024-03-14T16:31:54.556+0000] {logging_mixin.py:188} INFO - [2024-03-14T16:31:54.556+0000] {dag.py:3047} INFO - Sync 1 DAGs
[2024-03-14T16:31:54.569+0000] {logging_mixin.py:188} INFO - [2024-03-14T16:31:54.568+0000] {dag.py:3834} INFO - Setting next_dagrun for example_time_delta_sensor_async to None, run_after=None
[2024-03-14T16:31:54.698+0000] {processor.py:183} INFO - Processing /usr/local/lib/python3.8/dist-packages/airflow/example_dags/example_time_delta_sensor_async.py took 0.171 seconds
[2024-03-14T16:33:08.379+0000] {processor.py:161} INFO - Started process (PID=1586) to work on /usr/local/lib/python3.8/dist-packages/airflow/example_dags/example_time_delta_sensor_async.py
[2024-03-14T16:33:08.381+0000] {processor.py:830} INFO - Processing file /usr/local/lib/python3.8/dist-packages/airflow/example_dags/example_time_delta_sensor_async.py for tasks to queue
[2024-03-14T16:33:08.382+0000] {logging_mixin.py:188} INFO - [2024-03-14T16:33:08.382+0000] {dagbag.py:540} INFO - Filling up the DagBag from /usr/local/lib/python3.8/dist-packages/airflow/example_dags/example_time_delta_sensor_async.py
[2024-03-14T16:33:08.387+0000] {processor.py:840} INFO - DAG(s) 'example_time_delta_sensor_async' retrieved from /usr/local/lib/python3.8/dist-packages/airflow/example_dags/example_time_delta_sensor_async.py
[2024-03-14T16:33:08.404+0000] {logging_mixin.py:188} INFO - [2024-03-14T16:33:08.404+0000] {dag.py:3047} INFO - Sync 1 DAGs
[2024-03-14T16:33:08.417+0000] {logging_mixin.py:188} INFO - [2024-03-14T16:33:08.417+0000] {dag.py:3834} INFO - Setting next_dagrun for example_time_delta_sensor_async to None, run_after=None
[2024-03-14T16:33:08.445+0000] {processor.py:183} INFO - Processing /usr/local/lib/python3.8/dist-packages/airflow/example_dags/example_time_delta_sensor_async.py took 0.069 seconds
[2024-03-14T16:34:47.359+0000] {processor.py:161} INFO - Started process (PID=1827) to work on /usr/local/lib/python3.8/dist-packages/airflow/example_dags/example_time_delta_sensor_async.py
[2024-03-14T16:34:47.361+0000] {processor.py:830} INFO - Processing file /usr/local/lib/python3.8/dist-packages/airflow/example_dags/example_time_delta_sensor_async.py for tasks to queue
[2024-03-14T16:34:47.362+0000] {logging_mixin.py:188} INFO - [2024-03-14T16:34:47.362+0000] {dagbag.py:540} INFO - Filling up the DagBag from /usr/local/lib/python3.8/dist-packages/airflow/example_dags/example_time_delta_sensor_async.py
[2024-03-14T16:34:47.367+0000] {processor.py:840} INFO - DAG(s) 'example_time_delta_sensor_async' retrieved from /usr/local/lib/python3.8/dist-packages/airflow/example_dags/example_time_delta_sensor_async.py
[2024-03-14T16:34:47.384+0000] {logging_mixin.py:188} INFO - [2024-03-14T16:34:47.384+0000] {dag.py:3047} INFO - Sync 1 DAGs
[2024-03-14T16:34:47.397+0000] {logging_mixin.py:188} INFO - [2024-03-14T16:34:47.397+0000] {dag.py:3834} INFO - Setting next_dagrun for example_time_delta_sensor_async to None, run_after=None
[2024-03-14T16:34:47.488+0000] {processor.py:183} INFO - Processing /usr/local/lib/python3.8/dist-packages/airflow/example_dags/example_time_delta_sensor_async.py took 0.132 seconds
[2024-03-14T16:36:24.123+0000] {processor.py:161} INFO - Started process (PID=2004) to work on /usr/local/lib/python3.8/dist-packages/airflow/example_dags/example_time_delta_sensor_async.py
[2024-03-14T16:36:24.125+0000] {processor.py:830} INFO - Processing file /usr/local/lib/python3.8/dist-packages/airflow/example_dags/example_time_delta_sensor_async.py for tasks to queue
[2024-03-14T16:36:24.126+0000] {logging_mixin.py:188} INFO - [2024-03-14T16:36:24.125+0000] {dagbag.py:540} INFO - Filling up the DagBag from /usr/local/lib/python3.8/dist-packages/airflow/example_dags/example_time_delta_sensor_async.py
[2024-03-14T16:36:24.131+0000] {processor.py:840} INFO - DAG(s) 'example_time_delta_sensor_async' retrieved from /usr/local/lib/python3.8/dist-packages/airflow/example_dags/example_time_delta_sensor_async.py
[2024-03-14T16:36:24.148+0000] {logging_mixin.py:188} INFO - [2024-03-14T16:36:24.148+0000] {dag.py:3047} INFO - Sync 1 DAGs
[2024-03-14T16:36:24.160+0000] {logging_mixin.py:188} INFO - [2024-03-14T16:36:24.160+0000] {dag.py:3834} INFO - Setting next_dagrun for example_time_delta_sensor_async to None, run_after=None
[2024-03-14T16:36:24.245+0000] {processor.py:183} INFO - Processing /usr/local/lib/python3.8/dist-packages/airflow/example_dags/example_time_delta_sensor_async.py took 0.126 seconds
[2024-03-14T16:37:54.872+0000] {processor.py:161} INFO - Started process (PID=2181) to work on /usr/local/lib/python3.8/dist-packages/airflow/example_dags/example_time_delta_sensor_async.py
[2024-03-14T16:37:54.874+0000] {processor.py:830} INFO - Processing file /usr/local/lib/python3.8/dist-packages/airflow/example_dags/example_time_delta_sensor_async.py for tasks to queue
[2024-03-14T16:37:54.875+0000] {logging_mixin.py:188} INFO - [2024-03-14T16:37:54.875+0000] {dagbag.py:540} INFO - Filling up the DagBag from /usr/local/lib/python3.8/dist-packages/airflow/example_dags/example_time_delta_sensor_async.py
[2024-03-14T16:37:54.880+0000] {processor.py:840} INFO - DAG(s) 'example_time_delta_sensor_async' retrieved from /usr/local/lib/python3.8/dist-packages/airflow/example_dags/example_time_delta_sensor_async.py
[2024-03-14T16:37:54.897+0000] {logging_mixin.py:188} INFO - [2024-03-14T16:37:54.897+0000] {dag.py:3047} INFO - Sync 1 DAGs
[2024-03-14T16:37:54.910+0000] {logging_mixin.py:188} INFO - [2024-03-14T16:37:54.910+0000] {dag.py:3834} INFO - Setting next_dagrun for example_time_delta_sensor_async to None, run_after=None
[2024-03-14T16:37:54.983+0000] {processor.py:183} INFO - Processing /usr/local/lib/python3.8/dist-packages/airflow/example_dags/example_time_delta_sensor_async.py took 0.114 seconds
[2024-03-14T16:39:12.338+0000] {processor.py:161} INFO - Started process (PID=2301) to work on /usr/local/lib/python3.8/dist-packages/airflow/example_dags/example_time_delta_sensor_async.py
[2024-03-14T16:39:12.340+0000] {processor.py:830} INFO - Processing file /usr/local/lib/python3.8/dist-packages/airflow/example_dags/example_time_delta_sensor_async.py for tasks to queue
[2024-03-14T16:39:12.341+0000] {logging_mixin.py:188} INFO - [2024-03-14T16:39:12.340+0000] {dagbag.py:540} INFO - Filling up the DagBag from /usr/local/lib/python3.8/dist-packages/airflow/example_dags/example_time_delta_sensor_async.py
[2024-03-14T16:39:12.346+0000] {processor.py:840} INFO - DAG(s) 'example_time_delta_sensor_async' retrieved from /usr/local/lib/python3.8/dist-packages/airflow/example_dags/example_time_delta_sensor_async.py
[2024-03-14T16:39:12.363+0000] {logging_mixin.py:188} INFO - [2024-03-14T16:39:12.363+0000] {dag.py:3047} INFO - Sync 1 DAGs
[2024-03-14T16:39:12.376+0000] {logging_mixin.py:188} INFO - [2024-03-14T16:39:12.375+0000] {dag.py:3834} INFO - Setting next_dagrun for example_time_delta_sensor_async to None, run_after=None
[2024-03-14T16:39:12.481+0000] {processor.py:183} INFO - Processing /usr/local/lib/python3.8/dist-packages/airflow/example_dags/example_time_delta_sensor_async.py took 0.146 seconds
[2024-03-14T16:40:21.994+0000] {processor.py:161} INFO - Started process (PID=2415) to work on /usr/local/lib/python3.8/dist-packages/airflow/example_dags/example_time_delta_sensor_async.py
[2024-03-14T16:40:21.997+0000] {processor.py:830} INFO - Processing file /usr/local/lib/python3.8/dist-packages/airflow/example_dags/example_time_delta_sensor_async.py for tasks to queue
[2024-03-14T16:40:21.998+0000] {logging_mixin.py:188} INFO - [2024-03-14T16:40:21.997+0000] {dagbag.py:540} INFO - Filling up the DagBag from /usr/local/lib/python3.8/dist-packages/airflow/example_dags/example_time_delta_sensor_async.py
[2024-03-14T16:40:22.003+0000] {processor.py:840} INFO - DAG(s) 'example_time_delta_sensor_async' retrieved from /usr/local/lib/python3.8/dist-packages/airflow/example_dags/example_time_delta_sensor_async.py
[2024-03-14T16:40:22.020+0000] {logging_mixin.py:188} INFO - [2024-03-14T16:40:22.019+0000] {dag.py:3047} INFO - Sync 1 DAGs
[2024-03-14T16:40:22.032+0000] {logging_mixin.py:188} INFO - [2024-03-14T16:40:22.032+0000] {dag.py:3834} INFO - Setting next_dagrun for example_time_delta_sensor_async to None, run_after=None
[2024-03-14T16:40:22.061+0000] {processor.py:183} INFO - Processing /usr/local/lib/python3.8/dist-packages/airflow/example_dags/example_time_delta_sensor_async.py took 0.070 seconds
[2024-03-14T16:41:33.806+0000] {processor.py:161} INFO - Started process (PID=2525) to work on /usr/local/lib/python3.8/dist-packages/airflow/example_dags/example_time_delta_sensor_async.py
[2024-03-14T16:41:33.808+0000] {processor.py:830} INFO - Processing file /usr/local/lib/python3.8/dist-packages/airflow/example_dags/example_time_delta_sensor_async.py for tasks to queue
[2024-03-14T16:41:33.809+0000] {logging_mixin.py:188} INFO - [2024-03-14T16:41:33.809+0000] {dagbag.py:540} INFO - Filling up the DagBag from /usr/local/lib/python3.8/dist-packages/airflow/example_dags/example_time_delta_sensor_async.py
[2024-03-14T16:41:33.815+0000] {processor.py:840} INFO - DAG(s) 'example_time_delta_sensor_async' retrieved from /usr/local/lib/python3.8/dist-packages/airflow/example_dags/example_time_delta_sensor_async.py
[2024-03-14T16:41:33.831+0000] {logging_mixin.py:188} INFO - [2024-03-14T16:41:33.831+0000] {dag.py:3047} INFO - Sync 1 DAGs
[2024-03-14T16:41:33.844+0000] {logging_mixin.py:188} INFO - [2024-03-14T16:41:33.844+0000] {dag.py:3834} INFO - Setting next_dagrun for example_time_delta_sensor_async to None, run_after=None
[2024-03-14T16:41:33.873+0000] {processor.py:183} INFO - Processing /usr/local/lib/python3.8/dist-packages/airflow/example_dags/example_time_delta_sensor_async.py took 0.070 seconds
[2024-03-14T16:42:52.907+0000] {processor.py:161} INFO - Started process (PID=2642) to work on /usr/local/lib/python3.8/dist-packages/airflow/example_dags/example_time_delta_sensor_async.py
[2024-03-14T16:42:52.909+0000] {processor.py:830} INFO - Processing file /usr/local/lib/python3.8/dist-packages/airflow/example_dags/example_time_delta_sensor_async.py for tasks to queue
[2024-03-14T16:42:52.910+0000] {logging_mixin.py:188} INFO - [2024-03-14T16:42:52.910+0000] {dagbag.py:540} INFO - Filling up the DagBag from /usr/local/lib/python3.8/dist-packages/airflow/example_dags/example_time_delta_sensor_async.py
[2024-03-14T16:42:52.916+0000] {processor.py:840} INFO - DAG(s) 'example_time_delta_sensor_async' retrieved from /usr/local/lib/python3.8/dist-packages/airflow/example_dags/example_time_delta_sensor_async.py
[2024-03-14T16:42:52.932+0000] {logging_mixin.py:188} INFO - [2024-03-14T16:42:52.932+0000] {dag.py:3047} INFO - Sync 1 DAGs
[2024-03-14T16:42:52.945+0000] {logging_mixin.py:188} INFO - [2024-03-14T16:42:52.944+0000] {dag.py:3834} INFO - Setting next_dagrun for example_time_delta_sensor_async to None, run_after=None
[2024-03-14T16:42:53.055+0000] {processor.py:183} INFO - Processing /usr/local/lib/python3.8/dist-packages/airflow/example_dags/example_time_delta_sensor_async.py took 0.152 seconds
[2024-03-14T16:44:35.579+0000] {processor.py:161} INFO - Started process (PID=2822) to work on /usr/local/lib/python3.8/dist-packages/airflow/example_dags/example_time_delta_sensor_async.py
[2024-03-14T16:44:35.582+0000] {processor.py:830} INFO - Processing file /usr/local/lib/python3.8/dist-packages/airflow/example_dags/example_time_delta_sensor_async.py for tasks to queue
[2024-03-14T16:44:35.583+0000] {logging_mixin.py:188} INFO - [2024-03-14T16:44:35.582+0000] {dagbag.py:540} INFO - Filling up the DagBag from /usr/local/lib/python3.8/dist-packages/airflow/example_dags/example_time_delta_sensor_async.py
[2024-03-14T16:44:35.589+0000] {processor.py:840} INFO - DAG(s) 'example_time_delta_sensor_async' retrieved from /usr/local/lib/python3.8/dist-packages/airflow/example_dags/example_time_delta_sensor_async.py
[2024-03-14T16:44:35.605+0000] {logging_mixin.py:188} INFO - [2024-03-14T16:44:35.605+0000] {dag.py:3047} INFO - Sync 1 DAGs
[2024-03-14T16:44:35.618+0000] {logging_mixin.py:188} INFO - [2024-03-14T16:44:35.618+0000] {dag.py:3834} INFO - Setting next_dagrun for example_time_delta_sensor_async to None, run_after=None
[2024-03-14T16:44:35.667+0000] {processor.py:183} INFO - Processing /usr/local/lib/python3.8/dist-packages/airflow/example_dags/example_time_delta_sensor_async.py took 0.090 seconds
[2024-03-14T16:45:52.450+0000] {processor.py:161} INFO - Started process (PID=2940) to work on /usr/local/lib/python3.8/dist-packages/airflow/example_dags/example_time_delta_sensor_async.py
[2024-03-14T16:45:52.452+0000] {processor.py:830} INFO - Processing file /usr/local/lib/python3.8/dist-packages/airflow/example_dags/example_time_delta_sensor_async.py for tasks to queue
[2024-03-14T16:45:52.453+0000] {logging_mixin.py:188} INFO - [2024-03-14T16:45:52.453+0000] {dagbag.py:540} INFO - Filling up the DagBag from /usr/local/lib/python3.8/dist-packages/airflow/example_dags/example_time_delta_sensor_async.py
[2024-03-14T16:45:52.459+0000] {processor.py:840} INFO - DAG(s) 'example_time_delta_sensor_async' retrieved from /usr/local/lib/python3.8/dist-packages/airflow/example_dags/example_time_delta_sensor_async.py
[2024-03-14T16:45:52.476+0000] {logging_mixin.py:188} INFO - [2024-03-14T16:45:52.476+0000] {dag.py:3047} INFO - Sync 1 DAGs
[2024-03-14T16:45:52.488+0000] {logging_mixin.py:188} INFO - [2024-03-14T16:45:52.488+0000] {dag.py:3834} INFO - Setting next_dagrun for example_time_delta_sensor_async to None, run_after=None
[2024-03-14T16:45:52.517+0000] {processor.py:183} INFO - Processing /usr/local/lib/python3.8/dist-packages/airflow/example_dags/example_time_delta_sensor_async.py took 0.071 seconds
[2024-03-14T16:55:55.833+0000] {processor.py:161} INFO - Started process (PID=3166) to work on /usr/local/lib/python3.8/dist-packages/airflow/example_dags/example_time_delta_sensor_async.py
[2024-03-14T16:55:55.835+0000] {processor.py:830} INFO - Processing file /usr/local/lib/python3.8/dist-packages/airflow/example_dags/example_time_delta_sensor_async.py for tasks to queue
[2024-03-14T16:55:55.836+0000] {logging_mixin.py:188} INFO - [2024-03-14T16:55:55.836+0000] {dagbag.py:540} INFO - Filling up the DagBag from /usr/local/lib/python3.8/dist-packages/airflow/example_dags/example_time_delta_sensor_async.py
[2024-03-14T16:55:55.842+0000] {processor.py:840} INFO - DAG(s) 'example_time_delta_sensor_async' retrieved from /usr/local/lib/python3.8/dist-packages/airflow/example_dags/example_time_delta_sensor_async.py
[2024-03-14T16:55:55.864+0000] {logging_mixin.py:188} INFO - [2024-03-14T16:55:55.864+0000] {dag.py:3047} INFO - Sync 1 DAGs
[2024-03-14T16:55:55.879+0000] {logging_mixin.py:188} INFO - [2024-03-14T16:55:55.879+0000] {dag.py:3834} INFO - Setting next_dagrun for example_time_delta_sensor_async to None, run_after=None
[2024-03-14T16:55:56.002+0000] {processor.py:183} INFO - Processing /usr/local/lib/python3.8/dist-packages/airflow/example_dags/example_time_delta_sensor_async.py took 0.173 seconds
[2024-03-14T16:57:07.767+0000] {processor.py:161} INFO - Started process (PID=3345) to work on /usr/local/lib/python3.8/dist-packages/airflow/example_dags/example_time_delta_sensor_async.py
[2024-03-14T16:57:07.794+0000] {processor.py:830} INFO - Processing file /usr/local/lib/python3.8/dist-packages/airflow/example_dags/example_time_delta_sensor_async.py for tasks to queue
[2024-03-14T16:57:07.796+0000] {logging_mixin.py:188} INFO - [2024-03-14T16:57:07.795+0000] {dagbag.py:540} INFO - Filling up the DagBag from /usr/local/lib/python3.8/dist-packages/airflow/example_dags/example_time_delta_sensor_async.py
[2024-03-14T16:57:07.802+0000] {processor.py:840} INFO - DAG(s) 'example_time_delta_sensor_async' retrieved from /usr/local/lib/python3.8/dist-packages/airflow/example_dags/example_time_delta_sensor_async.py
[2024-03-14T16:57:07.822+0000] {logging_mixin.py:188} INFO - [2024-03-14T16:57:07.821+0000] {dag.py:3047} INFO - Sync 1 DAGs
[2024-03-14T16:57:07.836+0000] {logging_mixin.py:188} INFO - [2024-03-14T16:57:07.836+0000] {dag.py:3834} INFO - Setting next_dagrun for example_time_delta_sensor_async to None, run_after=None
[2024-03-14T16:57:07.870+0000] {processor.py:183} INFO - Processing /usr/local/lib/python3.8/dist-packages/airflow/example_dags/example_time_delta_sensor_async.py took 0.107 seconds
[2024-03-14T16:58:07.972+0000] {processor.py:161} INFO - Started process (PID=3446) to work on /usr/local/lib/python3.8/dist-packages/airflow/example_dags/example_time_delta_sensor_async.py
[2024-03-14T16:58:07.974+0000] {processor.py:830} INFO - Processing file /usr/local/lib/python3.8/dist-packages/airflow/example_dags/example_time_delta_sensor_async.py for tasks to queue
[2024-03-14T16:58:07.975+0000] {logging_mixin.py:188} INFO - [2024-03-14T16:58:07.975+0000] {dagbag.py:540} INFO - Filling up the DagBag from /usr/local/lib/python3.8/dist-packages/airflow/example_dags/example_time_delta_sensor_async.py
[2024-03-14T16:58:07.981+0000] {processor.py:840} INFO - DAG(s) 'example_time_delta_sensor_async' retrieved from /usr/local/lib/python3.8/dist-packages/airflow/example_dags/example_time_delta_sensor_async.py
[2024-03-14T16:58:08.000+0000] {logging_mixin.py:188} INFO - [2024-03-14T16:58:08.000+0000] {dag.py:3047} INFO - Sync 1 DAGs
[2024-03-14T16:58:08.014+0000] {logging_mixin.py:188} INFO - [2024-03-14T16:58:08.014+0000] {dag.py:3834} INFO - Setting next_dagrun for example_time_delta_sensor_async to None, run_after=None
[2024-03-14T16:58:08.127+0000] {processor.py:183} INFO - Processing /usr/local/lib/python3.8/dist-packages/airflow/example_dags/example_time_delta_sensor_async.py took 0.159 seconds
