[2024-03-14T16:23:24.638+0000] {processor.py:161} INFO - Started process (PID=624) to work on /usr/local/lib/python3.8/dist-packages/airflow/example_dags/example_branch_labels.py
[2024-03-14T16:23:24.639+0000] {processor.py:830} INFO - Processing file /usr/local/lib/python3.8/dist-packages/airflow/example_dags/example_branch_labels.py for tasks to queue
[2024-03-14T16:23:24.640+0000] {logging_mixin.py:188} INFO - [2024-03-14T16:23:24.639+0000] {dagbag.py:540} INFO - Filling up the DagBag from /usr/local/lib/python3.8/dist-packages/airflow/example_dags/example_branch_labels.py
[2024-03-14T16:23:24.649+0000] {processor.py:840} INFO - DAG(s) 'example_branch_labels' retrieved from /usr/local/lib/python3.8/dist-packages/airflow/example_dags/example_branch_labels.py
[2024-03-14T16:23:24.668+0000] {logging_mixin.py:188} INFO - [2024-03-14T16:23:24.668+0000] {dag.py:3047} INFO - Sync 1 DAGs
[2024-03-14T16:23:24.691+0000] {logging_mixin.py:188} INFO - [2024-03-14T16:23:24.691+0000] {dag.py:3834} INFO - Setting next_dagrun for example_branch_labels to 2024-03-13 00:00:00+00:00, run_after=2024-03-14 00:00:00+00:00
[2024-03-14T16:23:24.737+0000] {processor.py:183} INFO - Processing /usr/local/lib/python3.8/dist-packages/airflow/example_dags/example_branch_labels.py took 0.102 seconds
[2024-03-14T16:24:39.155+0000] {processor.py:161} INFO - Started process (PID=727) to work on /usr/local/lib/python3.8/dist-packages/airflow/example_dags/example_branch_labels.py
[2024-03-14T16:24:39.157+0000] {processor.py:830} INFO - Processing file /usr/local/lib/python3.8/dist-packages/airflow/example_dags/example_branch_labels.py for tasks to queue
[2024-03-14T16:24:39.158+0000] {logging_mixin.py:188} INFO - [2024-03-14T16:24:39.158+0000] {dagbag.py:540} INFO - Filling up the DagBag from /usr/local/lib/python3.8/dist-packages/airflow/example_dags/example_branch_labels.py
[2024-03-14T16:24:39.166+0000] {processor.py:840} INFO - DAG(s) 'example_branch_labels' retrieved from /usr/local/lib/python3.8/dist-packages/airflow/example_dags/example_branch_labels.py
[2024-03-14T16:24:39.182+0000] {logging_mixin.py:188} INFO - [2024-03-14T16:24:39.182+0000] {dag.py:3047} INFO - Sync 1 DAGs
[2024-03-14T16:24:39.200+0000] {logging_mixin.py:188} INFO - [2024-03-14T16:24:39.199+0000] {dag.py:3834} INFO - Setting next_dagrun for example_branch_labels to 2024-03-13 00:00:00+00:00, run_after=2024-03-14 00:00:00+00:00
[2024-03-14T16:24:39.276+0000] {processor.py:183} INFO - Processing /usr/local/lib/python3.8/dist-packages/airflow/example_dags/example_branch_labels.py took 0.124 seconds
[2024-03-14T16:25:38.882+0000] {processor.py:161} INFO - Started process (PID=814) to work on /usr/local/lib/python3.8/dist-packages/airflow/example_dags/example_branch_labels.py
[2024-03-14T16:25:38.884+0000] {processor.py:830} INFO - Processing file /usr/local/lib/python3.8/dist-packages/airflow/example_dags/example_branch_labels.py for tasks to queue
[2024-03-14T16:25:38.885+0000] {logging_mixin.py:188} INFO - [2024-03-14T16:25:38.885+0000] {dagbag.py:540} INFO - Filling up the DagBag from /usr/local/lib/python3.8/dist-packages/airflow/example_dags/example_branch_labels.py
[2024-03-14T16:25:38.894+0000] {processor.py:840} INFO - DAG(s) 'example_branch_labels' retrieved from /usr/local/lib/python3.8/dist-packages/airflow/example_dags/example_branch_labels.py
[2024-03-14T16:25:38.912+0000] {logging_mixin.py:188} INFO - [2024-03-14T16:25:38.912+0000] {dag.py:3047} INFO - Sync 1 DAGs
[2024-03-14T16:25:38.932+0000] {logging_mixin.py:188} INFO - [2024-03-14T16:25:38.932+0000] {dag.py:3834} INFO - Setting next_dagrun for example_branch_labels to 2024-03-13 00:00:00+00:00, run_after=2024-03-14 00:00:00+00:00
[2024-03-14T16:25:39.021+0000] {processor.py:183} INFO - Processing /usr/local/lib/python3.8/dist-packages/airflow/example_dags/example_branch_labels.py took 0.143 seconds
[2024-03-14T16:26:43.808+0000] {processor.py:161} INFO - Started process (PID=929) to work on /usr/local/lib/python3.8/dist-packages/airflow/example_dags/example_branch_labels.py
[2024-03-14T16:26:43.810+0000] {processor.py:830} INFO - Processing file /usr/local/lib/python3.8/dist-packages/airflow/example_dags/example_branch_labels.py for tasks to queue
[2024-03-14T16:26:43.811+0000] {logging_mixin.py:188} INFO - [2024-03-14T16:26:43.811+0000] {dagbag.py:540} INFO - Filling up the DagBag from /usr/local/lib/python3.8/dist-packages/airflow/example_dags/example_branch_labels.py
[2024-03-14T16:26:43.820+0000] {processor.py:840} INFO - DAG(s) 'example_branch_labels' retrieved from /usr/local/lib/python3.8/dist-packages/airflow/example_dags/example_branch_labels.py
[2024-03-14T16:26:43.838+0000] {logging_mixin.py:188} INFO - [2024-03-14T16:26:43.838+0000] {dag.py:3047} INFO - Sync 1 DAGs
[2024-03-14T16:26:43.863+0000] {logging_mixin.py:188} INFO - [2024-03-14T16:26:43.863+0000] {dag.py:3834} INFO - Setting next_dagrun for example_branch_labels to 2024-03-13 00:00:00+00:00, run_after=2024-03-14 00:00:00+00:00
[2024-03-14T16:26:43.891+0000] {processor.py:183} INFO - Processing /usr/local/lib/python3.8/dist-packages/airflow/example_dags/example_branch_labels.py took 0.086 seconds
[2024-03-14T16:27:52.614+0000] {processor.py:161} INFO - Started process (PID=1044) to work on /usr/local/lib/python3.8/dist-packages/airflow/example_dags/example_branch_labels.py
[2024-03-14T16:27:52.616+0000] {processor.py:830} INFO - Processing file /usr/local/lib/python3.8/dist-packages/airflow/example_dags/example_branch_labels.py for tasks to queue
[2024-03-14T16:27:52.617+0000] {logging_mixin.py:188} INFO - [2024-03-14T16:27:52.617+0000] {dagbag.py:540} INFO - Filling up the DagBag from /usr/local/lib/python3.8/dist-packages/airflow/example_dags/example_branch_labels.py
[2024-03-14T16:27:52.626+0000] {processor.py:840} INFO - DAG(s) 'example_branch_labels' retrieved from /usr/local/lib/python3.8/dist-packages/airflow/example_dags/example_branch_labels.py
[2024-03-14T16:27:52.644+0000] {logging_mixin.py:188} INFO - [2024-03-14T16:27:52.644+0000] {dag.py:3047} INFO - Sync 1 DAGs
[2024-03-14T16:27:52.667+0000] {logging_mixin.py:188} INFO - [2024-03-14T16:27:52.667+0000] {dag.py:3834} INFO - Setting next_dagrun for example_branch_labels to 2024-03-13 00:00:00+00:00, run_after=2024-03-14 00:00:00+00:00
[2024-03-14T16:27:52.698+0000] {processor.py:183} INFO - Processing /usr/local/lib/python3.8/dist-packages/airflow/example_dags/example_branch_labels.py took 0.087 seconds
[2024-03-14T16:29:03.751+0000] {processor.py:161} INFO - Started process (PID=1148) to work on /usr/local/lib/python3.8/dist-packages/airflow/example_dags/example_branch_labels.py
[2024-03-14T16:29:03.753+0000] {processor.py:830} INFO - Processing file /usr/local/lib/python3.8/dist-packages/airflow/example_dags/example_branch_labels.py for tasks to queue
[2024-03-14T16:29:03.754+0000] {logging_mixin.py:188} INFO - [2024-03-14T16:29:03.753+0000] {dagbag.py:540} INFO - Filling up the DagBag from /usr/local/lib/python3.8/dist-packages/airflow/example_dags/example_branch_labels.py
[2024-03-14T16:29:03.762+0000] {processor.py:840} INFO - DAG(s) 'example_branch_labels' retrieved from /usr/local/lib/python3.8/dist-packages/airflow/example_dags/example_branch_labels.py
[2024-03-14T16:29:03.778+0000] {logging_mixin.py:188} INFO - [2024-03-14T16:29:03.778+0000] {dag.py:3047} INFO - Sync 1 DAGs
[2024-03-14T16:29:03.796+0000] {logging_mixin.py:188} INFO - [2024-03-14T16:29:03.796+0000] {dag.py:3834} INFO - Setting next_dagrun for example_branch_labels to 2024-03-13 00:00:00+00:00, run_after=2024-03-14 00:00:00+00:00
[2024-03-14T16:29:03.820+0000] {processor.py:183} INFO - Processing /usr/local/lib/python3.8/dist-packages/airflow/example_dags/example_branch_labels.py took 0.073 seconds
[2024-03-14T16:30:56.575+0000] {processor.py:161} INFO - Started process (PID=1343) to work on /usr/local/lib/python3.8/dist-packages/airflow/example_dags/example_branch_labels.py
[2024-03-14T16:30:56.577+0000] {processor.py:830} INFO - Processing file /usr/local/lib/python3.8/dist-packages/airflow/example_dags/example_branch_labels.py for tasks to queue
[2024-03-14T16:30:56.578+0000] {logging_mixin.py:188} INFO - [2024-03-14T16:30:56.578+0000] {dagbag.py:540} INFO - Filling up the DagBag from /usr/local/lib/python3.8/dist-packages/airflow/example_dags/example_branch_labels.py
[2024-03-14T16:30:56.587+0000] {processor.py:840} INFO - DAG(s) 'example_branch_labels' retrieved from /usr/local/lib/python3.8/dist-packages/airflow/example_dags/example_branch_labels.py
[2024-03-14T16:30:56.606+0000] {logging_mixin.py:188} INFO - [2024-03-14T16:30:56.605+0000] {dag.py:3047} INFO - Sync 1 DAGs
[2024-03-14T16:30:56.629+0000] {logging_mixin.py:188} INFO - [2024-03-14T16:30:56.628+0000] {dag.py:3834} INFO - Setting next_dagrun for example_branch_labels to 2024-03-13 00:00:00+00:00, run_after=2024-03-14 00:00:00+00:00
[2024-03-14T16:30:56.721+0000] {processor.py:183} INFO - Processing /usr/local/lib/python3.8/dist-packages/airflow/example_dags/example_branch_labels.py took 0.149 seconds
[2024-03-14T16:32:03.527+0000] {processor.py:161} INFO - Started process (PID=1457) to work on /usr/local/lib/python3.8/dist-packages/airflow/example_dags/example_branch_labels.py
[2024-03-14T16:32:03.530+0000] {processor.py:830} INFO - Processing file /usr/local/lib/python3.8/dist-packages/airflow/example_dags/example_branch_labels.py for tasks to queue
[2024-03-14T16:32:03.530+0000] {logging_mixin.py:188} INFO - [2024-03-14T16:32:03.530+0000] {dagbag.py:540} INFO - Filling up the DagBag from /usr/local/lib/python3.8/dist-packages/airflow/example_dags/example_branch_labels.py
[2024-03-14T16:32:03.539+0000] {processor.py:840} INFO - DAG(s) 'example_branch_labels' retrieved from /usr/local/lib/python3.8/dist-packages/airflow/example_dags/example_branch_labels.py
[2024-03-14T16:32:03.557+0000] {logging_mixin.py:188} INFO - [2024-03-14T16:32:03.557+0000] {dag.py:3047} INFO - Sync 1 DAGs
[2024-03-14T16:32:03.580+0000] {logging_mixin.py:188} INFO - [2024-03-14T16:32:03.579+0000] {dag.py:3834} INFO - Setting next_dagrun for example_branch_labels to 2024-03-13 00:00:00+00:00, run_after=2024-03-14 00:00:00+00:00
[2024-03-14T16:32:03.627+0000] {processor.py:183} INFO - Processing /usr/local/lib/python3.8/dist-packages/airflow/example_dags/example_branch_labels.py took 0.103 seconds
[2024-03-14T16:33:17.114+0000] {processor.py:161} INFO - Started process (PID=1670) to work on /usr/local/lib/python3.8/dist-packages/airflow/example_dags/example_branch_labels.py
[2024-03-14T16:33:17.116+0000] {processor.py:830} INFO - Processing file /usr/local/lib/python3.8/dist-packages/airflow/example_dags/example_branch_labels.py for tasks to queue
[2024-03-14T16:33:17.117+0000] {logging_mixin.py:188} INFO - [2024-03-14T16:33:17.117+0000] {dagbag.py:540} INFO - Filling up the DagBag from /usr/local/lib/python3.8/dist-packages/airflow/example_dags/example_branch_labels.py
[2024-03-14T16:33:17.126+0000] {processor.py:840} INFO - DAG(s) 'example_branch_labels' retrieved from /usr/local/lib/python3.8/dist-packages/airflow/example_dags/example_branch_labels.py
[2024-03-14T16:33:17.144+0000] {logging_mixin.py:188} INFO - [2024-03-14T16:33:17.144+0000] {dag.py:3047} INFO - Sync 1 DAGs
[2024-03-14T16:33:17.167+0000] {logging_mixin.py:188} INFO - [2024-03-14T16:33:17.166+0000] {dag.py:3834} INFO - Setting next_dagrun for example_branch_labels to 2024-03-13 00:00:00+00:00, run_after=2024-03-14 00:00:00+00:00
[2024-03-14T16:33:17.292+0000] {processor.py:183} INFO - Processing /usr/local/lib/python3.8/dist-packages/airflow/example_dags/example_branch_labels.py took 0.182 seconds
[2024-03-14T16:34:57.599+0000] {processor.py:161} INFO - Started process (PID=1836) to work on /usr/local/lib/python3.8/dist-packages/airflow/example_dags/example_branch_labels.py
[2024-03-14T16:34:57.601+0000] {processor.py:830} INFO - Processing file /usr/local/lib/python3.8/dist-packages/airflow/example_dags/example_branch_labels.py for tasks to queue
[2024-03-14T16:34:57.602+0000] {logging_mixin.py:188} INFO - [2024-03-14T16:34:57.601+0000] {dagbag.py:540} INFO - Filling up the DagBag from /usr/local/lib/python3.8/dist-packages/airflow/example_dags/example_branch_labels.py
[2024-03-14T16:34:57.610+0000] {processor.py:840} INFO - DAG(s) 'example_branch_labels' retrieved from /usr/local/lib/python3.8/dist-packages/airflow/example_dags/example_branch_labels.py
[2024-03-14T16:34:57.629+0000] {logging_mixin.py:188} INFO - [2024-03-14T16:34:57.629+0000] {dag.py:3047} INFO - Sync 1 DAGs
[2024-03-14T16:34:57.652+0000] {logging_mixin.py:188} INFO - [2024-03-14T16:34:57.652+0000] {dag.py:3834} INFO - Setting next_dagrun for example_branch_labels to 2024-03-13 00:00:00+00:00, run_after=2024-03-14 00:00:00+00:00
[2024-03-14T16:34:57.680+0000] {processor.py:183} INFO - Processing /usr/local/lib/python3.8/dist-packages/airflow/example_dags/example_branch_labels.py took 0.085 seconds
[2024-03-14T16:36:34.910+0000] {processor.py:161} INFO - Started process (PID=2013) to work on /usr/local/lib/python3.8/dist-packages/airflow/example_dags/example_branch_labels.py
[2024-03-14T16:36:34.913+0000] {processor.py:830} INFO - Processing file /usr/local/lib/python3.8/dist-packages/airflow/example_dags/example_branch_labels.py for tasks to queue
[2024-03-14T16:36:34.914+0000] {logging_mixin.py:188} INFO - [2024-03-14T16:36:34.913+0000] {dagbag.py:540} INFO - Filling up the DagBag from /usr/local/lib/python3.8/dist-packages/airflow/example_dags/example_branch_labels.py
[2024-03-14T16:36:34.922+0000] {processor.py:840} INFO - DAG(s) 'example_branch_labels' retrieved from /usr/local/lib/python3.8/dist-packages/airflow/example_dags/example_branch_labels.py
[2024-03-14T16:36:34.940+0000] {logging_mixin.py:188} INFO - [2024-03-14T16:36:34.940+0000] {dag.py:3047} INFO - Sync 1 DAGs
[2024-03-14T16:36:34.963+0000] {logging_mixin.py:188} INFO - [2024-03-14T16:36:34.963+0000] {dag.py:3834} INFO - Setting next_dagrun for example_branch_labels to 2024-03-13 00:00:00+00:00, run_after=2024-03-14 00:00:00+00:00
[2024-03-14T16:36:34.994+0000] {processor.py:183} INFO - Processing /usr/local/lib/python3.8/dist-packages/airflow/example_dags/example_branch_labels.py took 0.087 seconds
[2024-03-14T16:38:05.087+0000] {processor.py:161} INFO - Started process (PID=2190) to work on /usr/local/lib/python3.8/dist-packages/airflow/example_dags/example_branch_labels.py
[2024-03-14T16:38:05.089+0000] {processor.py:830} INFO - Processing file /usr/local/lib/python3.8/dist-packages/airflow/example_dags/example_branch_labels.py for tasks to queue
[2024-03-14T16:38:05.090+0000] {logging_mixin.py:188} INFO - [2024-03-14T16:38:05.090+0000] {dagbag.py:540} INFO - Filling up the DagBag from /usr/local/lib/python3.8/dist-packages/airflow/example_dags/example_branch_labels.py
[2024-03-14T16:38:05.099+0000] {processor.py:840} INFO - DAG(s) 'example_branch_labels' retrieved from /usr/local/lib/python3.8/dist-packages/airflow/example_dags/example_branch_labels.py
[2024-03-14T16:38:05.117+0000] {logging_mixin.py:188} INFO - [2024-03-14T16:38:05.117+0000] {dag.py:3047} INFO - Sync 1 DAGs
[2024-03-14T16:38:05.140+0000] {logging_mixin.py:188} INFO - [2024-03-14T16:38:05.140+0000] {dag.py:3834} INFO - Setting next_dagrun for example_branch_labels to 2024-03-13 00:00:00+00:00, run_after=2024-03-14 00:00:00+00:00
[2024-03-14T16:38:05.240+0000] {processor.py:183} INFO - Processing /usr/local/lib/python3.8/dist-packages/airflow/example_dags/example_branch_labels.py took 0.157 seconds
[2024-03-14T16:39:21.606+0000] {processor.py:161} INFO - Started process (PID=2310) to work on /usr/local/lib/python3.8/dist-packages/airflow/example_dags/example_branch_labels.py
[2024-03-14T16:39:21.608+0000] {processor.py:830} INFO - Processing file /usr/local/lib/python3.8/dist-packages/airflow/example_dags/example_branch_labels.py for tasks to queue
[2024-03-14T16:39:21.609+0000] {logging_mixin.py:188} INFO - [2024-03-14T16:39:21.609+0000] {dagbag.py:540} INFO - Filling up the DagBag from /usr/local/lib/python3.8/dist-packages/airflow/example_dags/example_branch_labels.py
[2024-03-14T16:39:21.618+0000] {processor.py:840} INFO - DAG(s) 'example_branch_labels' retrieved from /usr/local/lib/python3.8/dist-packages/airflow/example_dags/example_branch_labels.py
[2024-03-14T16:39:21.636+0000] {logging_mixin.py:188} INFO - [2024-03-14T16:39:21.636+0000] {dag.py:3047} INFO - Sync 1 DAGs
[2024-03-14T16:39:21.660+0000] {logging_mixin.py:188} INFO - [2024-03-14T16:39:21.660+0000] {dag.py:3834} INFO - Setting next_dagrun for example_branch_labels to 2024-03-13 00:00:00+00:00, run_after=2024-03-14 00:00:00+00:00
[2024-03-14T16:39:21.717+0000] {processor.py:183} INFO - Processing /usr/local/lib/python3.8/dist-packages/airflow/example_dags/example_branch_labels.py took 0.114 seconds
[2024-03-14T16:40:30.858+0000] {processor.py:161} INFO - Started process (PID=2424) to work on /usr/local/lib/python3.8/dist-packages/airflow/example_dags/example_branch_labels.py
[2024-03-14T16:40:30.860+0000] {processor.py:830} INFO - Processing file /usr/local/lib/python3.8/dist-packages/airflow/example_dags/example_branch_labels.py for tasks to queue
[2024-03-14T16:40:30.861+0000] {logging_mixin.py:188} INFO - [2024-03-14T16:40:30.861+0000] {dagbag.py:540} INFO - Filling up the DagBag from /usr/local/lib/python3.8/dist-packages/airflow/example_dags/example_branch_labels.py
[2024-03-14T16:40:30.870+0000] {processor.py:840} INFO - DAG(s) 'example_branch_labels' retrieved from /usr/local/lib/python3.8/dist-packages/airflow/example_dags/example_branch_labels.py
[2024-03-14T16:40:30.888+0000] {logging_mixin.py:188} INFO - [2024-03-14T16:40:30.888+0000] {dag.py:3047} INFO - Sync 1 DAGs
[2024-03-14T16:40:30.912+0000] {logging_mixin.py:188} INFO - [2024-03-14T16:40:30.912+0000] {dag.py:3834} INFO - Setting next_dagrun for example_branch_labels to 2024-03-13 00:00:00+00:00, run_after=2024-03-14 00:00:00+00:00
[2024-03-14T16:40:30.941+0000] {processor.py:183} INFO - Processing /usr/local/lib/python3.8/dist-packages/airflow/example_dags/example_branch_labels.py took 0.086 seconds
[2024-03-14T16:41:41.755+0000] {processor.py:161} INFO - Started process (PID=2534) to work on /usr/local/lib/python3.8/dist-packages/airflow/example_dags/example_branch_labels.py
[2024-03-14T16:41:41.757+0000] {processor.py:830} INFO - Processing file /usr/local/lib/python3.8/dist-packages/airflow/example_dags/example_branch_labels.py for tasks to queue
[2024-03-14T16:41:41.758+0000] {logging_mixin.py:188} INFO - [2024-03-14T16:41:41.757+0000] {dagbag.py:540} INFO - Filling up the DagBag from /usr/local/lib/python3.8/dist-packages/airflow/example_dags/example_branch_labels.py
[2024-03-14T16:41:41.766+0000] {processor.py:840} INFO - DAG(s) 'example_branch_labels' retrieved from /usr/local/lib/python3.8/dist-packages/airflow/example_dags/example_branch_labels.py
[2024-03-14T16:41:41.785+0000] {logging_mixin.py:188} INFO - [2024-03-14T16:41:41.785+0000] {dag.py:3047} INFO - Sync 1 DAGs
[2024-03-14T16:41:41.808+0000] {logging_mixin.py:188} INFO - [2024-03-14T16:41:41.808+0000] {dag.py:3834} INFO - Setting next_dagrun for example_branch_labels to 2024-03-13 00:00:00+00:00, run_after=2024-03-14 00:00:00+00:00
[2024-03-14T16:41:41.837+0000] {processor.py:183} INFO - Processing /usr/local/lib/python3.8/dist-packages/airflow/example_dags/example_branch_labels.py took 0.085 seconds
[2024-03-14T16:43:03.192+0000] {processor.py:161} INFO - Started process (PID=2651) to work on /usr/local/lib/python3.8/dist-packages/airflow/example_dags/example_branch_labels.py
[2024-03-14T16:43:03.194+0000] {processor.py:830} INFO - Processing file /usr/local/lib/python3.8/dist-packages/airflow/example_dags/example_branch_labels.py for tasks to queue
[2024-03-14T16:43:03.195+0000] {logging_mixin.py:188} INFO - [2024-03-14T16:43:03.195+0000] {dagbag.py:540} INFO - Filling up the DagBag from /usr/local/lib/python3.8/dist-packages/airflow/example_dags/example_branch_labels.py
[2024-03-14T16:43:03.204+0000] {processor.py:840} INFO - DAG(s) 'example_branch_labels' retrieved from /usr/local/lib/python3.8/dist-packages/airflow/example_dags/example_branch_labels.py
[2024-03-14T16:43:03.223+0000] {logging_mixin.py:188} INFO - [2024-03-14T16:43:03.223+0000] {dag.py:3047} INFO - Sync 1 DAGs
[2024-03-14T16:43:03.246+0000] {logging_mixin.py:188} INFO - [2024-03-14T16:43:03.246+0000] {dag.py:3834} INFO - Setting next_dagrun for example_branch_labels to 2024-03-13 00:00:00+00:00, run_after=2024-03-14 00:00:00+00:00
[2024-03-14T16:43:03.341+0000] {processor.py:183} INFO - Processing /usr/local/lib/python3.8/dist-packages/airflow/example_dags/example_branch_labels.py took 0.153 seconds
[2024-03-14T16:44:45.696+0000] {processor.py:161} INFO - Started process (PID=2831) to work on /usr/local/lib/python3.8/dist-packages/airflow/example_dags/example_branch_labels.py
[2024-03-14T16:44:45.698+0000] {processor.py:830} INFO - Processing file /usr/local/lib/python3.8/dist-packages/airflow/example_dags/example_branch_labels.py for tasks to queue
[2024-03-14T16:44:45.699+0000] {logging_mixin.py:188} INFO - [2024-03-14T16:44:45.699+0000] {dagbag.py:540} INFO - Filling up the DagBag from /usr/local/lib/python3.8/dist-packages/airflow/example_dags/example_branch_labels.py
[2024-03-14T16:44:45.708+0000] {processor.py:840} INFO - DAG(s) 'example_branch_labels' retrieved from /usr/local/lib/python3.8/dist-packages/airflow/example_dags/example_branch_labels.py
[2024-03-14T16:44:45.726+0000] {logging_mixin.py:188} INFO - [2024-03-14T16:44:45.726+0000] {dag.py:3047} INFO - Sync 1 DAGs
[2024-03-14T16:44:45.749+0000] {logging_mixin.py:188} INFO - [2024-03-14T16:44:45.749+0000] {dag.py:3834} INFO - Setting next_dagrun for example_branch_labels to 2024-03-13 00:00:00+00:00, run_after=2024-03-14 00:00:00+00:00
[2024-03-14T16:44:45.847+0000] {processor.py:183} INFO - Processing /usr/local/lib/python3.8/dist-packages/airflow/example_dags/example_branch_labels.py took 0.154 seconds
[2024-03-14T16:56:27.308+0000] {processor.py:161} INFO - Started process (PID=3265) to work on /usr/local/lib/python3.8/dist-packages/airflow/example_dags/example_branch_labels.py
[2024-03-14T16:56:27.310+0000] {processor.py:830} INFO - Processing file /usr/local/lib/python3.8/dist-packages/airflow/example_dags/example_branch_labels.py for tasks to queue
[2024-03-14T16:56:27.312+0000] {logging_mixin.py:188} INFO - [2024-03-14T16:56:27.311+0000] {dagbag.py:540} INFO - Filling up the DagBag from /usr/local/lib/python3.8/dist-packages/airflow/example_dags/example_branch_labels.py
[2024-03-14T16:56:27.321+0000] {processor.py:840} INFO - DAG(s) 'example_branch_labels' retrieved from /usr/local/lib/python3.8/dist-packages/airflow/example_dags/example_branch_labels.py
[2024-03-14T16:56:27.340+0000] {logging_mixin.py:188} INFO - [2024-03-14T16:56:27.340+0000] {dag.py:3047} INFO - Sync 1 DAGs
[2024-03-14T16:56:27.359+0000] {logging_mixin.py:188} INFO - [2024-03-14T16:56:27.359+0000] {dag.py:3834} INFO - Setting next_dagrun for example_branch_labels to 2024-03-13 00:00:00+00:00, run_after=2024-03-14 00:00:00+00:00
[2024-03-14T16:56:27.532+0000] {processor.py:183} INFO - Processing /usr/local/lib/python3.8/dist-packages/airflow/example_dags/example_branch_labels.py took 0.228 seconds
[2024-03-14T16:58:23.813+0000] {processor.py:161} INFO - Started process (PID=3460) to work on /usr/local/lib/python3.8/dist-packages/airflow/example_dags/example_branch_labels.py
[2024-03-14T16:58:23.815+0000] {processor.py:830} INFO - Processing file /usr/local/lib/python3.8/dist-packages/airflow/example_dags/example_branch_labels.py for tasks to queue
[2024-03-14T16:58:23.817+0000] {logging_mixin.py:188} INFO - [2024-03-14T16:58:23.816+0000] {dagbag.py:540} INFO - Filling up the DagBag from /usr/local/lib/python3.8/dist-packages/airflow/example_dags/example_branch_labels.py
[2024-03-14T16:58:23.826+0000] {processor.py:840} INFO - DAG(s) 'example_branch_labels' retrieved from /usr/local/lib/python3.8/dist-packages/airflow/example_dags/example_branch_labels.py
[2024-03-14T16:58:23.847+0000] {logging_mixin.py:188} INFO - [2024-03-14T16:58:23.847+0000] {dag.py:3047} INFO - Sync 1 DAGs
[2024-03-14T16:58:23.871+0000] {logging_mixin.py:188} INFO - [2024-03-14T16:58:23.871+0000] {dag.py:3834} INFO - Setting next_dagrun for example_branch_labels to 2024-03-13 00:00:00+00:00, run_after=2024-03-14 00:00:00+00:00
[2024-03-14T16:58:23.905+0000] {processor.py:183} INFO - Processing /usr/local/lib/python3.8/dist-packages/airflow/example_dags/example_branch_labels.py took 0.096 seconds
