[2024-03-14T16:22:12.982+0000] {processor.py:161} INFO - Started process (PID=495) to work on /usr/local/lib/python3.8/dist-packages/airflow/example_dags/example_subdag_operator.py
[2024-03-14T16:22:12.983+0000] {processor.py:830} INFO - Processing file /usr/local/lib/python3.8/dist-packages/airflow/example_dags/example_subdag_operator.py for tasks to queue
[2024-03-14T16:22:12.984+0000] {logging_mixin.py:188} INFO - [2024-03-14T16:22:12.984+0000] {dagbag.py:540} INFO - Filling up the DagBag from /usr/local/lib/python3.8/dist-packages/airflow/example_dags/example_subdag_operator.py
[2024-03-14T16:22:13.005+0000] {processor.py:840} INFO - DAG(s) 'example_subdag_operator.section-1', 'example_subdag_operator.section-2', 'example_subdag_operator' retrieved from /usr/local/lib/python3.8/dist-packages/airflow/example_dags/example_subdag_operator.py
[2024-03-14T16:22:13.031+0000] {logging_mixin.py:188} INFO - [2024-03-14T16:22:13.031+0000] {dag.py:3047} INFO - Sync 3 DAGs
[2024-03-14T16:22:13.052+0000] {logging_mixin.py:188} INFO - [2024-03-14T16:22:13.052+0000] {dag.py:3834} INFO - Setting next_dagrun for example_subdag_operator to 2022-01-01 00:00:00+00:00, run_after=2022-01-01 00:00:00+00:00
[2024-03-14T16:22:13.056+0000] {logging_mixin.py:188} INFO - [2024-03-14T16:22:13.055+0000] {dag.py:3834} INFO - Setting next_dagrun for example_subdag_operator.section-1 to None, run_after=None
[2024-03-14T16:22:13.057+0000] {logging_mixin.py:188} INFO - [2024-03-14T16:22:13.057+0000] {dag.py:3834} INFO - Setting next_dagrun for example_subdag_operator.section-2 to None, run_after=None
[2024-03-14T16:22:13.064+0000] {logging_mixin.py:188} INFO - [2024-03-14T16:22:13.064+0000] {dag.py:3047} INFO - Sync 2 DAGs
[2024-03-14T16:22:13.068+0000] {logging_mixin.py:188} INFO - [2024-03-14T16:22:13.068+0000] {dag.py:3834} INFO - Setting next_dagrun for example_subdag_operator.section-1 to None, run_after=None
[2024-03-14T16:22:13.069+0000] {logging_mixin.py:188} INFO - [2024-03-14T16:22:13.069+0000] {dag.py:3834} INFO - Setting next_dagrun for example_subdag_operator.section-2 to None, run_after=None
[2024-03-14T16:22:13.094+0000] {processor.py:183} INFO - Processing /usr/local/lib/python3.8/dist-packages/airflow/example_dags/example_subdag_operator.py took 0.115 seconds
[2024-03-14T16:23:43.508+0000] {processor.py:161} INFO - Started process (PID=659) to work on /usr/local/lib/python3.8/dist-packages/airflow/example_dags/example_subdag_operator.py
[2024-03-14T16:23:43.510+0000] {processor.py:830} INFO - Processing file /usr/local/lib/python3.8/dist-packages/airflow/example_dags/example_subdag_operator.py for tasks to queue
[2024-03-14T16:23:43.511+0000] {logging_mixin.py:188} INFO - [2024-03-14T16:23:43.511+0000] {dagbag.py:540} INFO - Filling up the DagBag from /usr/local/lib/python3.8/dist-packages/airflow/example_dags/example_subdag_operator.py
[2024-03-14T16:23:43.530+0000] {processor.py:840} INFO - DAG(s) 'example_subdag_operator.section-1', 'example_subdag_operator.section-2', 'example_subdag_operator' retrieved from /usr/local/lib/python3.8/dist-packages/airflow/example_dags/example_subdag_operator.py
[2024-03-14T16:23:43.544+0000] {logging_mixin.py:188} INFO - [2024-03-14T16:23:43.543+0000] {dag.py:3047} INFO - Sync 3 DAGs
[2024-03-14T16:23:43.560+0000] {logging_mixin.py:188} INFO - [2024-03-14T16:23:43.560+0000] {dag.py:3834} INFO - Setting next_dagrun for example_subdag_operator to 2022-01-01 00:00:00+00:00, run_after=2022-01-01 00:00:00+00:00
[2024-03-14T16:23:43.562+0000] {logging_mixin.py:188} INFO - [2024-03-14T16:23:43.562+0000] {dag.py:3834} INFO - Setting next_dagrun for example_subdag_operator.section-1 to None, run_after=None
[2024-03-14T16:23:43.563+0000] {logging_mixin.py:188} INFO - [2024-03-14T16:23:43.563+0000] {dag.py:3834} INFO - Setting next_dagrun for example_subdag_operator.section-2 to None, run_after=None
[2024-03-14T16:23:43.568+0000] {logging_mixin.py:188} INFO - [2024-03-14T16:23:43.568+0000] {dag.py:3047} INFO - Sync 2 DAGs
[2024-03-14T16:23:43.571+0000] {logging_mixin.py:188} INFO - [2024-03-14T16:23:43.571+0000] {dag.py:3834} INFO - Setting next_dagrun for example_subdag_operator.section-1 to None, run_after=None
[2024-03-14T16:23:43.572+0000] {logging_mixin.py:188} INFO - [2024-03-14T16:23:43.572+0000] {dag.py:3834} INFO - Setting next_dagrun for example_subdag_operator.section-2 to None, run_after=None
[2024-03-14T16:23:43.590+0000] {processor.py:183} INFO - Processing /usr/local/lib/python3.8/dist-packages/airflow/example_dags/example_subdag_operator.py took 0.085 seconds
[2024-03-14T16:24:25.283+0000] {processor.py:161} INFO - Started process (PID=702) to work on /usr/local/lib/python3.8/dist-packages/airflow/example_dags/example_subdag_operator.py
[2024-03-14T16:24:25.284+0000] {processor.py:830} INFO - Processing file /usr/local/lib/python3.8/dist-packages/airflow/example_dags/example_subdag_operator.py for tasks to queue
[2024-03-14T16:24:25.285+0000] {logging_mixin.py:188} INFO - [2024-03-14T16:24:25.284+0000] {dagbag.py:540} INFO - Filling up the DagBag from /usr/local/lib/python3.8/dist-packages/airflow/example_dags/example_subdag_operator.py
[2024-03-14T16:24:25.305+0000] {processor.py:840} INFO - DAG(s) 'example_subdag_operator.section-1', 'example_subdag_operator.section-2', 'example_subdag_operator' retrieved from /usr/local/lib/python3.8/dist-packages/airflow/example_dags/example_subdag_operator.py
[2024-03-14T16:24:25.318+0000] {logging_mixin.py:188} INFO - [2024-03-14T16:24:25.318+0000] {dag.py:3047} INFO - Sync 3 DAGs
[2024-03-14T16:24:25.334+0000] {logging_mixin.py:188} INFO - [2024-03-14T16:24:25.333+0000] {dag.py:3834} INFO - Setting next_dagrun for example_subdag_operator to 2022-01-01 00:00:00+00:00, run_after=2022-01-01 00:00:00+00:00
[2024-03-14T16:24:25.336+0000] {logging_mixin.py:188} INFO - [2024-03-14T16:24:25.336+0000] {dag.py:3834} INFO - Setting next_dagrun for example_subdag_operator.section-1 to None, run_after=None
[2024-03-14T16:24:25.337+0000] {logging_mixin.py:188} INFO - [2024-03-14T16:24:25.337+0000] {dag.py:3834} INFO - Setting next_dagrun for example_subdag_operator.section-2 to None, run_after=None
[2024-03-14T16:24:25.342+0000] {logging_mixin.py:188} INFO - [2024-03-14T16:24:25.342+0000] {dag.py:3047} INFO - Sync 2 DAGs
[2024-03-14T16:24:25.345+0000] {logging_mixin.py:188} INFO - [2024-03-14T16:24:25.345+0000] {dag.py:3834} INFO - Setting next_dagrun for example_subdag_operator.section-1 to None, run_after=None
[2024-03-14T16:24:25.345+0000] {logging_mixin.py:188} INFO - [2024-03-14T16:24:25.345+0000] {dag.py:3834} INFO - Setting next_dagrun for example_subdag_operator.section-2 to None, run_after=None
[2024-03-14T16:24:25.363+0000] {processor.py:183} INFO - Processing /usr/local/lib/python3.8/dist-packages/airflow/example_dags/example_subdag_operator.py took 0.083 seconds
[2024-03-14T16:25:25.655+0000] {processor.py:161} INFO - Started process (PID=801) to work on /usr/local/lib/python3.8/dist-packages/airflow/example_dags/example_subdag_operator.py
[2024-03-14T16:25:25.657+0000] {processor.py:830} INFO - Processing file /usr/local/lib/python3.8/dist-packages/airflow/example_dags/example_subdag_operator.py for tasks to queue
[2024-03-14T16:25:25.658+0000] {logging_mixin.py:188} INFO - [2024-03-14T16:25:25.657+0000] {dagbag.py:540} INFO - Filling up the DagBag from /usr/local/lib/python3.8/dist-packages/airflow/example_dags/example_subdag_operator.py
[2024-03-14T16:25:25.680+0000] {processor.py:840} INFO - DAG(s) 'example_subdag_operator.section-1', 'example_subdag_operator.section-2', 'example_subdag_operator' retrieved from /usr/local/lib/python3.8/dist-packages/airflow/example_dags/example_subdag_operator.py
[2024-03-14T16:25:25.695+0000] {logging_mixin.py:188} INFO - [2024-03-14T16:25:25.695+0000] {dag.py:3047} INFO - Sync 3 DAGs
[2024-03-14T16:25:25.711+0000] {logging_mixin.py:188} INFO - [2024-03-14T16:25:25.711+0000] {dag.py:3834} INFO - Setting next_dagrun for example_subdag_operator to 2022-01-01 00:00:00+00:00, run_after=2022-01-01 00:00:00+00:00
[2024-03-14T16:25:25.713+0000] {logging_mixin.py:188} INFO - [2024-03-14T16:25:25.713+0000] {dag.py:3834} INFO - Setting next_dagrun for example_subdag_operator.section-1 to None, run_after=None
[2024-03-14T16:25:25.714+0000] {logging_mixin.py:188} INFO - [2024-03-14T16:25:25.714+0000] {dag.py:3834} INFO - Setting next_dagrun for example_subdag_operator.section-2 to None, run_after=None
[2024-03-14T16:25:25.719+0000] {logging_mixin.py:188} INFO - [2024-03-14T16:25:25.718+0000] {dag.py:3047} INFO - Sync 2 DAGs
[2024-03-14T16:25:25.722+0000] {logging_mixin.py:188} INFO - [2024-03-14T16:25:25.722+0000] {dag.py:3834} INFO - Setting next_dagrun for example_subdag_operator.section-1 to None, run_after=None
[2024-03-14T16:25:25.722+0000] {logging_mixin.py:188} INFO - [2024-03-14T16:25:25.722+0000] {dag.py:3834} INFO - Setting next_dagrun for example_subdag_operator.section-2 to None, run_after=None
[2024-03-14T16:25:25.826+0000] {processor.py:183} INFO - Processing /usr/local/lib/python3.8/dist-packages/airflow/example_dags/example_subdag_operator.py took 0.174 seconds
[2024-03-14T16:26:29.439+0000] {processor.py:161} INFO - Started process (PID=901) to work on /usr/local/lib/python3.8/dist-packages/airflow/example_dags/example_subdag_operator.py
[2024-03-14T16:26:29.442+0000] {processor.py:830} INFO - Processing file /usr/local/lib/python3.8/dist-packages/airflow/example_dags/example_subdag_operator.py for tasks to queue
[2024-03-14T16:26:29.443+0000] {logging_mixin.py:188} INFO - [2024-03-14T16:26:29.442+0000] {dagbag.py:540} INFO - Filling up the DagBag from /usr/local/lib/python3.8/dist-packages/airflow/example_dags/example_subdag_operator.py
[2024-03-14T16:26:29.464+0000] {processor.py:840} INFO - DAG(s) 'example_subdag_operator.section-1', 'example_subdag_operator.section-2', 'example_subdag_operator' retrieved from /usr/local/lib/python3.8/dist-packages/airflow/example_dags/example_subdag_operator.py
[2024-03-14T16:26:29.481+0000] {logging_mixin.py:188} INFO - [2024-03-14T16:26:29.481+0000] {dag.py:3047} INFO - Sync 3 DAGs
[2024-03-14T16:26:29.502+0000] {logging_mixin.py:188} INFO - [2024-03-14T16:26:29.502+0000] {dag.py:3834} INFO - Setting next_dagrun for example_subdag_operator to 2022-01-01 00:00:00+00:00, run_after=2022-01-01 00:00:00+00:00
[2024-03-14T16:26:29.505+0000] {logging_mixin.py:188} INFO - [2024-03-14T16:26:29.505+0000] {dag.py:3834} INFO - Setting next_dagrun for example_subdag_operator.section-1 to None, run_after=None
[2024-03-14T16:26:29.507+0000] {logging_mixin.py:188} INFO - [2024-03-14T16:26:29.506+0000] {dag.py:3834} INFO - Setting next_dagrun for example_subdag_operator.section-2 to None, run_after=None
[2024-03-14T16:26:29.513+0000] {logging_mixin.py:188} INFO - [2024-03-14T16:26:29.513+0000] {dag.py:3047} INFO - Sync 2 DAGs
[2024-03-14T16:26:29.517+0000] {logging_mixin.py:188} INFO - [2024-03-14T16:26:29.517+0000] {dag.py:3834} INFO - Setting next_dagrun for example_subdag_operator.section-1 to None, run_after=None
[2024-03-14T16:26:29.518+0000] {logging_mixin.py:188} INFO - [2024-03-14T16:26:29.517+0000] {dag.py:3834} INFO - Setting next_dagrun for example_subdag_operator.section-2 to None, run_after=None
[2024-03-14T16:26:29.601+0000] {processor.py:183} INFO - Processing /usr/local/lib/python3.8/dist-packages/airflow/example_dags/example_subdag_operator.py took 0.165 seconds
[2024-03-14T16:27:37.428+0000] {processor.py:161} INFO - Started process (PID=1030) to work on /usr/local/lib/python3.8/dist-packages/airflow/example_dags/example_subdag_operator.py
[2024-03-14T16:27:37.430+0000] {processor.py:830} INFO - Processing file /usr/local/lib/python3.8/dist-packages/airflow/example_dags/example_subdag_operator.py for tasks to queue
[2024-03-14T16:27:37.431+0000] {logging_mixin.py:188} INFO - [2024-03-14T16:27:37.430+0000] {dagbag.py:540} INFO - Filling up the DagBag from /usr/local/lib/python3.8/dist-packages/airflow/example_dags/example_subdag_operator.py
[2024-03-14T16:27:37.453+0000] {processor.py:840} INFO - DAG(s) 'example_subdag_operator.section-1', 'example_subdag_operator.section-2', 'example_subdag_operator' retrieved from /usr/local/lib/python3.8/dist-packages/airflow/example_dags/example_subdag_operator.py
[2024-03-14T16:27:37.469+0000] {logging_mixin.py:188} INFO - [2024-03-14T16:27:37.469+0000] {dag.py:3047} INFO - Sync 3 DAGs
[2024-03-14T16:27:37.491+0000] {logging_mixin.py:188} INFO - [2024-03-14T16:27:37.490+0000] {dag.py:3834} INFO - Setting next_dagrun for example_subdag_operator to 2022-01-01 00:00:00+00:00, run_after=2022-01-01 00:00:00+00:00
[2024-03-14T16:27:37.494+0000] {logging_mixin.py:188} INFO - [2024-03-14T16:27:37.494+0000] {dag.py:3834} INFO - Setting next_dagrun for example_subdag_operator.section-1 to None, run_after=None
[2024-03-14T16:27:37.495+0000] {logging_mixin.py:188} INFO - [2024-03-14T16:27:37.495+0000] {dag.py:3834} INFO - Setting next_dagrun for example_subdag_operator.section-2 to None, run_after=None
[2024-03-14T16:27:37.502+0000] {logging_mixin.py:188} INFO - [2024-03-14T16:27:37.501+0000] {dag.py:3047} INFO - Sync 2 DAGs
[2024-03-14T16:27:37.506+0000] {logging_mixin.py:188} INFO - [2024-03-14T16:27:37.506+0000] {dag.py:3834} INFO - Setting next_dagrun for example_subdag_operator.section-1 to None, run_after=None
[2024-03-14T16:27:37.507+0000] {logging_mixin.py:188} INFO - [2024-03-14T16:27:37.507+0000] {dag.py:3834} INFO - Setting next_dagrun for example_subdag_operator.section-2 to None, run_after=None
[2024-03-14T16:27:37.547+0000] {processor.py:183} INFO - Processing /usr/local/lib/python3.8/dist-packages/airflow/example_dags/example_subdag_operator.py took 0.122 seconds
[2024-03-14T16:28:15.358+0000] {processor.py:161} INFO - Started process (PID=1097) to work on /usr/local/lib/python3.8/dist-packages/airflow/example_dags/example_subdag_operator.py
[2024-03-14T16:28:15.360+0000] {processor.py:830} INFO - Processing file /usr/local/lib/python3.8/dist-packages/airflow/example_dags/example_subdag_operator.py for tasks to queue
[2024-03-14T16:28:15.361+0000] {logging_mixin.py:188} INFO - [2024-03-14T16:28:15.361+0000] {dagbag.py:540} INFO - Filling up the DagBag from /usr/local/lib/python3.8/dist-packages/airflow/example_dags/example_subdag_operator.py
[2024-03-14T16:28:15.382+0000] {processor.py:840} INFO - DAG(s) 'example_subdag_operator.section-1', 'example_subdag_operator.section-2', 'example_subdag_operator' retrieved from /usr/local/lib/python3.8/dist-packages/airflow/example_dags/example_subdag_operator.py
[2024-03-14T16:28:15.399+0000] {logging_mixin.py:188} INFO - [2024-03-14T16:28:15.399+0000] {dag.py:3047} INFO - Sync 3 DAGs
[2024-03-14T16:28:15.420+0000] {logging_mixin.py:188} INFO - [2024-03-14T16:28:15.420+0000] {dag.py:3834} INFO - Setting next_dagrun for example_subdag_operator to 2022-01-01 00:00:00+00:00, run_after=2022-01-01 00:00:00+00:00
[2024-03-14T16:28:15.424+0000] {logging_mixin.py:188} INFO - [2024-03-14T16:28:15.424+0000] {dag.py:3834} INFO - Setting next_dagrun for example_subdag_operator.section-1 to None, run_after=None
[2024-03-14T16:28:15.425+0000] {logging_mixin.py:188} INFO - [2024-03-14T16:28:15.425+0000] {dag.py:3834} INFO - Setting next_dagrun for example_subdag_operator.section-2 to None, run_after=None
[2024-03-14T16:28:15.431+0000] {logging_mixin.py:188} INFO - [2024-03-14T16:28:15.431+0000] {dag.py:3047} INFO - Sync 2 DAGs
[2024-03-14T16:28:15.435+0000] {logging_mixin.py:188} INFO - [2024-03-14T16:28:15.435+0000] {dag.py:3834} INFO - Setting next_dagrun for example_subdag_operator.section-1 to None, run_after=None
[2024-03-14T16:28:15.436+0000] {logging_mixin.py:188} INFO - [2024-03-14T16:28:15.436+0000] {dag.py:3834} INFO - Setting next_dagrun for example_subdag_operator.section-2 to None, run_after=None
[2024-03-14T16:28:15.537+0000] {processor.py:183} INFO - Processing /usr/local/lib/python3.8/dist-packages/airflow/example_dags/example_subdag_operator.py took 0.182 seconds
[2024-03-14T16:29:26.535+0000] {processor.py:161} INFO - Started process (PID=1213) to work on /usr/local/lib/python3.8/dist-packages/airflow/example_dags/example_subdag_operator.py
[2024-03-14T16:29:26.537+0000] {processor.py:830} INFO - Processing file /usr/local/lib/python3.8/dist-packages/airflow/example_dags/example_subdag_operator.py for tasks to queue
[2024-03-14T16:29:26.538+0000] {logging_mixin.py:188} INFO - [2024-03-14T16:29:26.538+0000] {dagbag.py:540} INFO - Filling up the DagBag from /usr/local/lib/python3.8/dist-packages/airflow/example_dags/example_subdag_operator.py
[2024-03-14T16:29:26.560+0000] {processor.py:840} INFO - DAG(s) 'example_subdag_operator.section-1', 'example_subdag_operator.section-2', 'example_subdag_operator' retrieved from /usr/local/lib/python3.8/dist-packages/airflow/example_dags/example_subdag_operator.py
[2024-03-14T16:29:26.577+0000] {logging_mixin.py:188} INFO - [2024-03-14T16:29:26.577+0000] {dag.py:3047} INFO - Sync 3 DAGs
[2024-03-14T16:29:26.596+0000] {logging_mixin.py:188} INFO - [2024-03-14T16:29:26.596+0000] {dag.py:3834} INFO - Setting next_dagrun for example_subdag_operator to 2022-01-01 00:00:00+00:00, run_after=2022-01-01 00:00:00+00:00
[2024-03-14T16:29:26.599+0000] {logging_mixin.py:188} INFO - [2024-03-14T16:29:26.599+0000] {dag.py:3834} INFO - Setting next_dagrun for example_subdag_operator.section-1 to None, run_after=None
[2024-03-14T16:29:26.600+0000] {logging_mixin.py:188} INFO - [2024-03-14T16:29:26.600+0000] {dag.py:3834} INFO - Setting next_dagrun for example_subdag_operator.section-2 to None, run_after=None
[2024-03-14T16:29:26.605+0000] {logging_mixin.py:188} INFO - [2024-03-14T16:29:26.604+0000] {dag.py:3047} INFO - Sync 2 DAGs
[2024-03-14T16:29:26.608+0000] {logging_mixin.py:188} INFO - [2024-03-14T16:29:26.608+0000] {dag.py:3834} INFO - Setting next_dagrun for example_subdag_operator.section-1 to None, run_after=None
[2024-03-14T16:29:26.608+0000] {logging_mixin.py:188} INFO - [2024-03-14T16:29:26.608+0000] {dag.py:3834} INFO - Setting next_dagrun for example_subdag_operator.section-2 to None, run_after=None
[2024-03-14T16:29:26.730+0000] {processor.py:183} INFO - Processing /usr/local/lib/python3.8/dist-packages/airflow/example_dags/example_subdag_operator.py took 0.198 seconds
[2024-03-14T16:30:31.364+0000] {processor.py:161} INFO - Started process (PID=1319) to work on /usr/local/lib/python3.8/dist-packages/airflow/example_dags/example_subdag_operator.py
[2024-03-14T16:30:31.366+0000] {processor.py:830} INFO - Processing file /usr/local/lib/python3.8/dist-packages/airflow/example_dags/example_subdag_operator.py for tasks to queue
[2024-03-14T16:30:31.367+0000] {logging_mixin.py:188} INFO - [2024-03-14T16:30:31.366+0000] {dagbag.py:540} INFO - Filling up the DagBag from /usr/local/lib/python3.8/dist-packages/airflow/example_dags/example_subdag_operator.py
[2024-03-14T16:30:31.388+0000] {processor.py:840} INFO - DAG(s) 'example_subdag_operator.section-1', 'example_subdag_operator.section-2', 'example_subdag_operator' retrieved from /usr/local/lib/python3.8/dist-packages/airflow/example_dags/example_subdag_operator.py
[2024-03-14T16:30:31.405+0000] {logging_mixin.py:188} INFO - [2024-03-14T16:30:31.405+0000] {dag.py:3047} INFO - Sync 3 DAGs
[2024-03-14T16:30:31.425+0000] {logging_mixin.py:188} INFO - [2024-03-14T16:30:31.425+0000] {dag.py:3834} INFO - Setting next_dagrun for example_subdag_operator to 2022-01-01 00:00:00+00:00, run_after=2022-01-01 00:00:00+00:00
[2024-03-14T16:30:31.429+0000] {logging_mixin.py:188} INFO - [2024-03-14T16:30:31.428+0000] {dag.py:3834} INFO - Setting next_dagrun for example_subdag_operator.section-1 to None, run_after=None
[2024-03-14T16:30:31.429+0000] {logging_mixin.py:188} INFO - [2024-03-14T16:30:31.429+0000] {dag.py:3834} INFO - Setting next_dagrun for example_subdag_operator.section-2 to None, run_after=None
[2024-03-14T16:30:31.434+0000] {logging_mixin.py:188} INFO - [2024-03-14T16:30:31.434+0000] {dag.py:3047} INFO - Sync 2 DAGs
[2024-03-14T16:30:31.438+0000] {logging_mixin.py:188} INFO - [2024-03-14T16:30:31.437+0000] {dag.py:3834} INFO - Setting next_dagrun for example_subdag_operator.section-1 to None, run_after=None
[2024-03-14T16:30:31.438+0000] {logging_mixin.py:188} INFO - [2024-03-14T16:30:31.438+0000] {dag.py:3834} INFO - Setting next_dagrun for example_subdag_operator.section-2 to None, run_after=None
[2024-03-14T16:30:31.516+0000] {processor.py:183} INFO - Processing /usr/local/lib/python3.8/dist-packages/airflow/example_dags/example_subdag_operator.py took 0.156 seconds
[2024-03-14T16:31:19.074+0000] {processor.py:161} INFO - Started process (PID=1408) to work on /usr/local/lib/python3.8/dist-packages/airflow/example_dags/example_subdag_operator.py
[2024-03-14T16:31:19.075+0000] {processor.py:830} INFO - Processing file /usr/local/lib/python3.8/dist-packages/airflow/example_dags/example_subdag_operator.py for tasks to queue
[2024-03-14T16:31:19.076+0000] {logging_mixin.py:188} INFO - [2024-03-14T16:31:19.075+0000] {dagbag.py:540} INFO - Filling up the DagBag from /usr/local/lib/python3.8/dist-packages/airflow/example_dags/example_subdag_operator.py
[2024-03-14T16:31:19.097+0000] {processor.py:840} INFO - DAG(s) 'example_subdag_operator.section-1', 'example_subdag_operator.section-2', 'example_subdag_operator' retrieved from /usr/local/lib/python3.8/dist-packages/airflow/example_dags/example_subdag_operator.py
[2024-03-14T16:31:19.114+0000] {logging_mixin.py:188} INFO - [2024-03-14T16:31:19.114+0000] {dag.py:3047} INFO - Sync 3 DAGs
[2024-03-14T16:31:19.135+0000] {logging_mixin.py:188} INFO - [2024-03-14T16:31:19.135+0000] {dag.py:3834} INFO - Setting next_dagrun for example_subdag_operator to 2022-01-01 00:00:00+00:00, run_after=2022-01-01 00:00:00+00:00
[2024-03-14T16:31:19.139+0000] {logging_mixin.py:188} INFO - [2024-03-14T16:31:19.138+0000] {dag.py:3834} INFO - Setting next_dagrun for example_subdag_operator.section-1 to None, run_after=None
[2024-03-14T16:31:19.140+0000] {logging_mixin.py:188} INFO - [2024-03-14T16:31:19.139+0000] {dag.py:3834} INFO - Setting next_dagrun for example_subdag_operator.section-2 to None, run_after=None
[2024-03-14T16:31:19.146+0000] {logging_mixin.py:188} INFO - [2024-03-14T16:31:19.146+0000] {dag.py:3047} INFO - Sync 2 DAGs
[2024-03-14T16:31:19.150+0000] {logging_mixin.py:188} INFO - [2024-03-14T16:31:19.150+0000] {dag.py:3834} INFO - Setting next_dagrun for example_subdag_operator.section-1 to None, run_after=None
[2024-03-14T16:31:19.151+0000] {logging_mixin.py:188} INFO - [2024-03-14T16:31:19.151+0000] {dag.py:3834} INFO - Setting next_dagrun for example_subdag_operator.section-2 to None, run_after=None
[2024-03-14T16:31:19.241+0000] {processor.py:183} INFO - Processing /usr/local/lib/python3.8/dist-packages/airflow/example_dags/example_subdag_operator.py took 0.170 seconds
[2024-03-14T16:32:25.244+0000] {processor.py:161} INFO - Started process (PID=1521) to work on /usr/local/lib/python3.8/dist-packages/airflow/example_dags/example_subdag_operator.py
[2024-03-14T16:32:25.245+0000] {processor.py:830} INFO - Processing file /usr/local/lib/python3.8/dist-packages/airflow/example_dags/example_subdag_operator.py for tasks to queue
[2024-03-14T16:32:25.246+0000] {logging_mixin.py:188} INFO - [2024-03-14T16:32:25.245+0000] {dagbag.py:540} INFO - Filling up the DagBag from /usr/local/lib/python3.8/dist-packages/airflow/example_dags/example_subdag_operator.py
[2024-03-14T16:32:25.267+0000] {processor.py:840} INFO - DAG(s) 'example_subdag_operator.section-1', 'example_subdag_operator.section-2', 'example_subdag_operator' retrieved from /usr/local/lib/python3.8/dist-packages/airflow/example_dags/example_subdag_operator.py
[2024-03-14T16:32:25.284+0000] {logging_mixin.py:188} INFO - [2024-03-14T16:32:25.284+0000] {dag.py:3047} INFO - Sync 3 DAGs
[2024-03-14T16:32:25.305+0000] {logging_mixin.py:188} INFO - [2024-03-14T16:32:25.305+0000] {dag.py:3834} INFO - Setting next_dagrun for example_subdag_operator to 2022-01-01 00:00:00+00:00, run_after=2022-01-01 00:00:00+00:00
[2024-03-14T16:32:25.309+0000] {logging_mixin.py:188} INFO - [2024-03-14T16:32:25.308+0000] {dag.py:3834} INFO - Setting next_dagrun for example_subdag_operator.section-1 to None, run_after=None
[2024-03-14T16:32:25.310+0000] {logging_mixin.py:188} INFO - [2024-03-14T16:32:25.310+0000] {dag.py:3834} INFO - Setting next_dagrun for example_subdag_operator.section-2 to None, run_after=None
[2024-03-14T16:32:25.316+0000] {logging_mixin.py:188} INFO - [2024-03-14T16:32:25.316+0000] {dag.py:3047} INFO - Sync 2 DAGs
[2024-03-14T16:32:25.322+0000] {logging_mixin.py:188} INFO - [2024-03-14T16:32:25.321+0000] {dag.py:3834} INFO - Setting next_dagrun for example_subdag_operator.section-1 to None, run_after=None
[2024-03-14T16:32:25.322+0000] {logging_mixin.py:188} INFO - [2024-03-14T16:32:25.322+0000] {dag.py:3834} INFO - Setting next_dagrun for example_subdag_operator.section-2 to None, run_after=None
[2024-03-14T16:32:25.447+0000] {processor.py:183} INFO - Processing /usr/local/lib/python3.8/dist-packages/airflow/example_dags/example_subdag_operator.py took 0.206 seconds
[2024-03-14T16:33:03.114+0000] {processor.py:161} INFO - Started process (PID=1559) to work on /usr/local/lib/python3.8/dist-packages/airflow/example_dags/example_subdag_operator.py
[2024-03-14T16:33:03.116+0000] {processor.py:830} INFO - Processing file /usr/local/lib/python3.8/dist-packages/airflow/example_dags/example_subdag_operator.py for tasks to queue
[2024-03-14T16:33:03.117+0000] {logging_mixin.py:188} INFO - [2024-03-14T16:33:03.117+0000] {dagbag.py:540} INFO - Filling up the DagBag from /usr/local/lib/python3.8/dist-packages/airflow/example_dags/example_subdag_operator.py
[2024-03-14T16:33:03.138+0000] {processor.py:840} INFO - DAG(s) 'example_subdag_operator.section-1', 'example_subdag_operator.section-2', 'example_subdag_operator' retrieved from /usr/local/lib/python3.8/dist-packages/airflow/example_dags/example_subdag_operator.py
[2024-03-14T16:33:03.151+0000] {logging_mixin.py:188} INFO - [2024-03-14T16:33:03.151+0000] {dag.py:3047} INFO - Sync 3 DAGs
[2024-03-14T16:33:03.167+0000] {logging_mixin.py:188} INFO - [2024-03-14T16:33:03.167+0000] {dag.py:3834} INFO - Setting next_dagrun for example_subdag_operator to 2022-01-01 00:00:00+00:00, run_after=2022-01-01 00:00:00+00:00
[2024-03-14T16:33:03.170+0000] {logging_mixin.py:188} INFO - [2024-03-14T16:33:03.170+0000] {dag.py:3834} INFO - Setting next_dagrun for example_subdag_operator.section-1 to None, run_after=None
[2024-03-14T16:33:03.171+0000] {logging_mixin.py:188} INFO - [2024-03-14T16:33:03.171+0000] {dag.py:3834} INFO - Setting next_dagrun for example_subdag_operator.section-2 to None, run_after=None
[2024-03-14T16:33:03.175+0000] {logging_mixin.py:188} INFO - [2024-03-14T16:33:03.175+0000] {dag.py:3047} INFO - Sync 2 DAGs
[2024-03-14T16:33:03.179+0000] {logging_mixin.py:188} INFO - [2024-03-14T16:33:03.179+0000] {dag.py:3834} INFO - Setting next_dagrun for example_subdag_operator.section-1 to None, run_after=None
[2024-03-14T16:33:03.179+0000] {logging_mixin.py:188} INFO - [2024-03-14T16:33:03.179+0000] {dag.py:3834} INFO - Setting next_dagrun for example_subdag_operator.section-2 to None, run_after=None
[2024-03-14T16:33:03.275+0000] {processor.py:183} INFO - Processing /usr/local/lib/python3.8/dist-packages/airflow/example_dags/example_subdag_operator.py took 0.164 seconds
[2024-03-14T16:33:44.567+0000] {processor.py:161} INFO - Started process (PID=1750) to work on /usr/local/lib/python3.8/dist-packages/airflow/example_dags/example_subdag_operator.py
[2024-03-14T16:33:44.569+0000] {processor.py:830} INFO - Processing file /usr/local/lib/python3.8/dist-packages/airflow/example_dags/example_subdag_operator.py for tasks to queue
[2024-03-14T16:33:44.570+0000] {logging_mixin.py:188} INFO - [2024-03-14T16:33:44.570+0000] {dagbag.py:540} INFO - Filling up the DagBag from /usr/local/lib/python3.8/dist-packages/airflow/example_dags/example_subdag_operator.py
[2024-03-14T16:33:44.592+0000] {processor.py:840} INFO - DAG(s) 'example_subdag_operator.section-1', 'example_subdag_operator.section-2', 'example_subdag_operator' retrieved from /usr/local/lib/python3.8/dist-packages/airflow/example_dags/example_subdag_operator.py
[2024-03-14T16:33:44.609+0000] {logging_mixin.py:188} INFO - [2024-03-14T16:33:44.608+0000] {dag.py:3047} INFO - Sync 3 DAGs
[2024-03-14T16:33:44.630+0000] {logging_mixin.py:188} INFO - [2024-03-14T16:33:44.629+0000] {dag.py:3834} INFO - Setting next_dagrun for example_subdag_operator to 2022-01-01 00:00:00+00:00, run_after=2022-01-01 00:00:00+00:00
[2024-03-14T16:33:44.634+0000] {logging_mixin.py:188} INFO - [2024-03-14T16:33:44.634+0000] {dag.py:3834} INFO - Setting next_dagrun for example_subdag_operator.section-1 to None, run_after=None
[2024-03-14T16:33:44.635+0000] {logging_mixin.py:188} INFO - [2024-03-14T16:33:44.635+0000] {dag.py:3834} INFO - Setting next_dagrun for example_subdag_operator.section-2 to None, run_after=None
[2024-03-14T16:33:44.642+0000] {logging_mixin.py:188} INFO - [2024-03-14T16:33:44.641+0000] {dag.py:3047} INFO - Sync 2 DAGs
[2024-03-14T16:33:44.646+0000] {logging_mixin.py:188} INFO - [2024-03-14T16:33:44.646+0000] {dag.py:3834} INFO - Setting next_dagrun for example_subdag_operator.section-1 to None, run_after=None
[2024-03-14T16:33:44.646+0000] {logging_mixin.py:188} INFO - [2024-03-14T16:33:44.646+0000] {dag.py:3834} INFO - Setting next_dagrun for example_subdag_operator.section-2 to None, run_after=None
[2024-03-14T16:33:44.668+0000] {processor.py:183} INFO - Processing /usr/local/lib/python3.8/dist-packages/airflow/example_dags/example_subdag_operator.py took 0.104 seconds
[2024-03-14T16:34:40.222+0000] {processor.py:161} INFO - Started process (PID=1820) to work on /usr/local/lib/python3.8/dist-packages/airflow/example_dags/example_subdag_operator.py
[2024-03-14T16:34:40.224+0000] {processor.py:830} INFO - Processing file /usr/local/lib/python3.8/dist-packages/airflow/example_dags/example_subdag_operator.py for tasks to queue
[2024-03-14T16:34:40.225+0000] {logging_mixin.py:188} INFO - [2024-03-14T16:34:40.225+0000] {dagbag.py:540} INFO - Filling up the DagBag from /usr/local/lib/python3.8/dist-packages/airflow/example_dags/example_subdag_operator.py
[2024-03-14T16:34:40.245+0000] {processor.py:840} INFO - DAG(s) 'example_subdag_operator.section-1', 'example_subdag_operator.section-2', 'example_subdag_operator' retrieved from /usr/local/lib/python3.8/dist-packages/airflow/example_dags/example_subdag_operator.py
[2024-03-14T16:34:40.259+0000] {logging_mixin.py:188} INFO - [2024-03-14T16:34:40.258+0000] {dag.py:3047} INFO - Sync 3 DAGs
[2024-03-14T16:34:40.275+0000] {logging_mixin.py:188} INFO - [2024-03-14T16:34:40.274+0000] {dag.py:3834} INFO - Setting next_dagrun for example_subdag_operator to 2022-01-01 00:00:00+00:00, run_after=2022-01-01 00:00:00+00:00
[2024-03-14T16:34:40.277+0000] {logging_mixin.py:188} INFO - [2024-03-14T16:34:40.277+0000] {dag.py:3834} INFO - Setting next_dagrun for example_subdag_operator.section-1 to None, run_after=None
[2024-03-14T16:34:40.278+0000] {logging_mixin.py:188} INFO - [2024-03-14T16:34:40.278+0000] {dag.py:3834} INFO - Setting next_dagrun for example_subdag_operator.section-2 to None, run_after=None
[2024-03-14T16:34:40.283+0000] {logging_mixin.py:188} INFO - [2024-03-14T16:34:40.283+0000] {dag.py:3047} INFO - Sync 2 DAGs
[2024-03-14T16:34:40.286+0000] {logging_mixin.py:188} INFO - [2024-03-14T16:34:40.286+0000] {dag.py:3834} INFO - Setting next_dagrun for example_subdag_operator.section-1 to None, run_after=None
[2024-03-14T16:34:40.286+0000] {logging_mixin.py:188} INFO - [2024-03-14T16:34:40.286+0000] {dag.py:3834} INFO - Setting next_dagrun for example_subdag_operator.section-2 to None, run_after=None
[2024-03-14T16:34:40.406+0000] {processor.py:183} INFO - Processing /usr/local/lib/python3.8/dist-packages/airflow/example_dags/example_subdag_operator.py took 0.187 seconds
[2024-03-14T16:35:21.026+0000] {processor.py:161} INFO - Started process (PID=1901) to work on /usr/local/lib/python3.8/dist-packages/airflow/example_dags/example_subdag_operator.py
[2024-03-14T16:35:21.028+0000] {processor.py:830} INFO - Processing file /usr/local/lib/python3.8/dist-packages/airflow/example_dags/example_subdag_operator.py for tasks to queue
[2024-03-14T16:35:21.029+0000] {logging_mixin.py:188} INFO - [2024-03-14T16:35:21.028+0000] {dagbag.py:540} INFO - Filling up the DagBag from /usr/local/lib/python3.8/dist-packages/airflow/example_dags/example_subdag_operator.py
[2024-03-14T16:35:21.051+0000] {processor.py:840} INFO - DAG(s) 'example_subdag_operator.section-1', 'example_subdag_operator.section-2', 'example_subdag_operator' retrieved from /usr/local/lib/python3.8/dist-packages/airflow/example_dags/example_subdag_operator.py
[2024-03-14T16:35:21.067+0000] {logging_mixin.py:188} INFO - [2024-03-14T16:35:21.067+0000] {dag.py:3047} INFO - Sync 3 DAGs
[2024-03-14T16:35:21.086+0000] {logging_mixin.py:188} INFO - [2024-03-14T16:35:21.086+0000] {dag.py:3834} INFO - Setting next_dagrun for example_subdag_operator to 2022-01-01 00:00:00+00:00, run_after=2022-01-01 00:00:00+00:00
[2024-03-14T16:35:21.089+0000] {logging_mixin.py:188} INFO - [2024-03-14T16:35:21.088+0000] {dag.py:3834} INFO - Setting next_dagrun for example_subdag_operator.section-1 to None, run_after=None
[2024-03-14T16:35:21.089+0000] {logging_mixin.py:188} INFO - [2024-03-14T16:35:21.089+0000] {dag.py:3834} INFO - Setting next_dagrun for example_subdag_operator.section-2 to None, run_after=None
[2024-03-14T16:35:21.094+0000] {logging_mixin.py:188} INFO - [2024-03-14T16:35:21.094+0000] {dag.py:3047} INFO - Sync 2 DAGs
[2024-03-14T16:35:21.097+0000] {logging_mixin.py:188} INFO - [2024-03-14T16:35:21.097+0000] {dag.py:3834} INFO - Setting next_dagrun for example_subdag_operator.section-1 to None, run_after=None
[2024-03-14T16:35:21.098+0000] {logging_mixin.py:188} INFO - [2024-03-14T16:35:21.098+0000] {dag.py:3834} INFO - Setting next_dagrun for example_subdag_operator.section-2 to None, run_after=None
[2024-03-14T16:35:21.117+0000] {processor.py:183} INFO - Processing /usr/local/lib/python3.8/dist-packages/airflow/example_dags/example_subdag_operator.py took 0.094 seconds
[2024-03-14T16:36:55.278+0000] {processor.py:161} INFO - Started process (PID=2077) to work on /usr/local/lib/python3.8/dist-packages/airflow/example_dags/example_subdag_operator.py
[2024-03-14T16:36:55.281+0000] {processor.py:830} INFO - Processing file /usr/local/lib/python3.8/dist-packages/airflow/example_dags/example_subdag_operator.py for tasks to queue
[2024-03-14T16:36:55.282+0000] {logging_mixin.py:188} INFO - [2024-03-14T16:36:55.281+0000] {dagbag.py:540} INFO - Filling up the DagBag from /usr/local/lib/python3.8/dist-packages/airflow/example_dags/example_subdag_operator.py
[2024-03-14T16:36:55.303+0000] {processor.py:840} INFO - DAG(s) 'example_subdag_operator.section-1', 'example_subdag_operator.section-2', 'example_subdag_operator' retrieved from /usr/local/lib/python3.8/dist-packages/airflow/example_dags/example_subdag_operator.py
[2024-03-14T16:36:55.320+0000] {logging_mixin.py:188} INFO - [2024-03-14T16:36:55.319+0000] {dag.py:3047} INFO - Sync 3 DAGs
[2024-03-14T16:36:55.341+0000] {logging_mixin.py:188} INFO - [2024-03-14T16:36:55.341+0000] {dag.py:3834} INFO - Setting next_dagrun for example_subdag_operator to 2022-01-01 00:00:00+00:00, run_after=2022-01-01 00:00:00+00:00
[2024-03-14T16:36:55.345+0000] {logging_mixin.py:188} INFO - [2024-03-14T16:36:55.344+0000] {dag.py:3834} INFO - Setting next_dagrun for example_subdag_operator.section-1 to None, run_after=None
[2024-03-14T16:36:55.346+0000] {logging_mixin.py:188} INFO - [2024-03-14T16:36:55.345+0000] {dag.py:3834} INFO - Setting next_dagrun for example_subdag_operator.section-2 to None, run_after=None
[2024-03-14T16:36:55.352+0000] {logging_mixin.py:188} INFO - [2024-03-14T16:36:55.351+0000] {dag.py:3047} INFO - Sync 2 DAGs
[2024-03-14T16:36:55.356+0000] {logging_mixin.py:188} INFO - [2024-03-14T16:36:55.356+0000] {dag.py:3834} INFO - Setting next_dagrun for example_subdag_operator.section-1 to None, run_after=None
[2024-03-14T16:36:55.357+0000] {logging_mixin.py:188} INFO - [2024-03-14T16:36:55.356+0000] {dag.py:3834} INFO - Setting next_dagrun for example_subdag_operator.section-2 to None, run_after=None
[2024-03-14T16:36:55.378+0000] {processor.py:183} INFO - Processing /usr/local/lib/python3.8/dist-packages/airflow/example_dags/example_subdag_operator.py took 0.102 seconds
[2024-03-14T16:38:27.887+0000] {processor.py:161} INFO - Started process (PID=2255) to work on /usr/local/lib/python3.8/dist-packages/airflow/example_dags/example_subdag_operator.py
[2024-03-14T16:38:27.891+0000] {processor.py:830} INFO - Processing file /usr/local/lib/python3.8/dist-packages/airflow/example_dags/example_subdag_operator.py for tasks to queue
[2024-03-14T16:38:27.892+0000] {logging_mixin.py:188} INFO - [2024-03-14T16:38:27.891+0000] {dagbag.py:540} INFO - Filling up the DagBag from /usr/local/lib/python3.8/dist-packages/airflow/example_dags/example_subdag_operator.py
[2024-03-14T16:38:27.913+0000] {processor.py:840} INFO - DAG(s) 'example_subdag_operator.section-1', 'example_subdag_operator.section-2', 'example_subdag_operator' retrieved from /usr/local/lib/python3.8/dist-packages/airflow/example_dags/example_subdag_operator.py
[2024-03-14T16:38:27.930+0000] {logging_mixin.py:188} INFO - [2024-03-14T16:38:27.930+0000] {dag.py:3047} INFO - Sync 3 DAGs
[2024-03-14T16:38:27.951+0000] {logging_mixin.py:188} INFO - [2024-03-14T16:38:27.951+0000] {dag.py:3834} INFO - Setting next_dagrun for example_subdag_operator to 2022-01-01 00:00:00+00:00, run_after=2022-01-01 00:00:00+00:00
[2024-03-14T16:38:27.955+0000] {logging_mixin.py:188} INFO - [2024-03-14T16:38:27.954+0000] {dag.py:3834} INFO - Setting next_dagrun for example_subdag_operator.section-1 to None, run_after=None
[2024-03-14T16:38:27.956+0000] {logging_mixin.py:188} INFO - [2024-03-14T16:38:27.956+0000] {dag.py:3834} INFO - Setting next_dagrun for example_subdag_operator.section-2 to None, run_after=None
[2024-03-14T16:38:27.962+0000] {logging_mixin.py:188} INFO - [2024-03-14T16:38:27.962+0000] {dag.py:3047} INFO - Sync 2 DAGs
[2024-03-14T16:38:27.966+0000] {logging_mixin.py:188} INFO - [2024-03-14T16:38:27.966+0000] {dag.py:3834} INFO - Setting next_dagrun for example_subdag_operator.section-1 to None, run_after=None
[2024-03-14T16:38:27.967+0000] {logging_mixin.py:188} INFO - [2024-03-14T16:38:27.967+0000] {dag.py:3834} INFO - Setting next_dagrun for example_subdag_operator.section-2 to None, run_after=None
[2024-03-14T16:38:28.041+0000] {processor.py:183} INFO - Processing /usr/local/lib/python3.8/dist-packages/airflow/example_dags/example_subdag_operator.py took 0.157 seconds
[2024-03-14T16:39:08.558+0000] {processor.py:161} INFO - Started process (PID=2298) to work on /usr/local/lib/python3.8/dist-packages/airflow/example_dags/example_subdag_operator.py
[2024-03-14T16:39:08.560+0000] {processor.py:830} INFO - Processing file /usr/local/lib/python3.8/dist-packages/airflow/example_dags/example_subdag_operator.py for tasks to queue
[2024-03-14T16:39:08.561+0000] {logging_mixin.py:188} INFO - [2024-03-14T16:39:08.560+0000] {dagbag.py:540} INFO - Filling up the DagBag from /usr/local/lib/python3.8/dist-packages/airflow/example_dags/example_subdag_operator.py
[2024-03-14T16:39:08.582+0000] {processor.py:840} INFO - DAG(s) 'example_subdag_operator.section-1', 'example_subdag_operator.section-2', 'example_subdag_operator' retrieved from /usr/local/lib/python3.8/dist-packages/airflow/example_dags/example_subdag_operator.py
[2024-03-14T16:39:08.599+0000] {logging_mixin.py:188} INFO - [2024-03-14T16:39:08.599+0000] {dag.py:3047} INFO - Sync 3 DAGs
[2024-03-14T16:39:08.620+0000] {logging_mixin.py:188} INFO - [2024-03-14T16:39:08.620+0000] {dag.py:3834} INFO - Setting next_dagrun for example_subdag_operator to 2022-01-01 00:00:00+00:00, run_after=2022-01-01 00:00:00+00:00
[2024-03-14T16:39:08.624+0000] {logging_mixin.py:188} INFO - [2024-03-14T16:39:08.623+0000] {dag.py:3834} INFO - Setting next_dagrun for example_subdag_operator.section-1 to None, run_after=None
[2024-03-14T16:39:08.625+0000] {logging_mixin.py:188} INFO - [2024-03-14T16:39:08.624+0000] {dag.py:3834} INFO - Setting next_dagrun for example_subdag_operator.section-2 to None, run_after=None
[2024-03-14T16:39:08.631+0000] {logging_mixin.py:188} INFO - [2024-03-14T16:39:08.630+0000] {dag.py:3047} INFO - Sync 2 DAGs
[2024-03-14T16:39:08.635+0000] {logging_mixin.py:188} INFO - [2024-03-14T16:39:08.635+0000] {dag.py:3834} INFO - Setting next_dagrun for example_subdag_operator.section-1 to None, run_after=None
[2024-03-14T16:39:08.636+0000] {logging_mixin.py:188} INFO - [2024-03-14T16:39:08.635+0000] {dag.py:3834} INFO - Setting next_dagrun for example_subdag_operator.section-2 to None, run_after=None
[2024-03-14T16:39:08.667+0000] {processor.py:183} INFO - Processing /usr/local/lib/python3.8/dist-packages/airflow/example_dags/example_subdag_operator.py took 0.112 seconds
[2024-03-14T16:40:18.259+0000] {processor.py:161} INFO - Started process (PID=2412) to work on /usr/local/lib/python3.8/dist-packages/airflow/example_dags/example_subdag_operator.py
[2024-03-14T16:40:18.261+0000] {processor.py:830} INFO - Processing file /usr/local/lib/python3.8/dist-packages/airflow/example_dags/example_subdag_operator.py for tasks to queue
[2024-03-14T16:40:18.262+0000] {logging_mixin.py:188} INFO - [2024-03-14T16:40:18.261+0000] {dagbag.py:540} INFO - Filling up the DagBag from /usr/local/lib/python3.8/dist-packages/airflow/example_dags/example_subdag_operator.py
[2024-03-14T16:40:18.283+0000] {processor.py:840} INFO - DAG(s) 'example_subdag_operator.section-1', 'example_subdag_operator.section-2', 'example_subdag_operator' retrieved from /usr/local/lib/python3.8/dist-packages/airflow/example_dags/example_subdag_operator.py
[2024-03-14T16:40:18.300+0000] {logging_mixin.py:188} INFO - [2024-03-14T16:40:18.300+0000] {dag.py:3047} INFO - Sync 3 DAGs
[2024-03-14T16:40:18.321+0000] {logging_mixin.py:188} INFO - [2024-03-14T16:40:18.321+0000] {dag.py:3834} INFO - Setting next_dagrun for example_subdag_operator to 2022-01-01 00:00:00+00:00, run_after=2022-01-01 00:00:00+00:00
[2024-03-14T16:40:18.325+0000] {logging_mixin.py:188} INFO - [2024-03-14T16:40:18.324+0000] {dag.py:3834} INFO - Setting next_dagrun for example_subdag_operator.section-1 to None, run_after=None
[2024-03-14T16:40:18.326+0000] {logging_mixin.py:188} INFO - [2024-03-14T16:40:18.325+0000] {dag.py:3834} INFO - Setting next_dagrun for example_subdag_operator.section-2 to None, run_after=None
[2024-03-14T16:40:18.332+0000] {logging_mixin.py:188} INFO - [2024-03-14T16:40:18.331+0000] {dag.py:3047} INFO - Sync 2 DAGs
[2024-03-14T16:40:18.337+0000] {logging_mixin.py:188} INFO - [2024-03-14T16:40:18.337+0000] {dag.py:3834} INFO - Setting next_dagrun for example_subdag_operator.section-1 to None, run_after=None
[2024-03-14T16:40:18.338+0000] {logging_mixin.py:188} INFO - [2024-03-14T16:40:18.338+0000] {dag.py:3834} INFO - Setting next_dagrun for example_subdag_operator.section-2 to None, run_after=None
[2024-03-14T16:40:18.429+0000] {processor.py:183} INFO - Processing /usr/local/lib/python3.8/dist-packages/airflow/example_dags/example_subdag_operator.py took 0.173 seconds
[2024-03-14T16:41:28.294+0000] {processor.py:161} INFO - Started process (PID=2520) to work on /usr/local/lib/python3.8/dist-packages/airflow/example_dags/example_subdag_operator.py
[2024-03-14T16:41:28.297+0000] {processor.py:830} INFO - Processing file /usr/local/lib/python3.8/dist-packages/airflow/example_dags/example_subdag_operator.py for tasks to queue
[2024-03-14T16:41:28.298+0000] {logging_mixin.py:188} INFO - [2024-03-14T16:41:28.298+0000] {dagbag.py:540} INFO - Filling up the DagBag from /usr/local/lib/python3.8/dist-packages/airflow/example_dags/example_subdag_operator.py
[2024-03-14T16:41:28.320+0000] {processor.py:840} INFO - DAG(s) 'example_subdag_operator.section-1', 'example_subdag_operator.section-2', 'example_subdag_operator' retrieved from /usr/local/lib/python3.8/dist-packages/airflow/example_dags/example_subdag_operator.py
[2024-03-14T16:41:28.336+0000] {logging_mixin.py:188} INFO - [2024-03-14T16:41:28.336+0000] {dag.py:3047} INFO - Sync 3 DAGs
[2024-03-14T16:41:28.357+0000] {logging_mixin.py:188} INFO - [2024-03-14T16:41:28.357+0000] {dag.py:3834} INFO - Setting next_dagrun for example_subdag_operator to 2022-01-01 00:00:00+00:00, run_after=2022-01-01 00:00:00+00:00
[2024-03-14T16:41:28.362+0000] {logging_mixin.py:188} INFO - [2024-03-14T16:41:28.362+0000] {dag.py:3834} INFO - Setting next_dagrun for example_subdag_operator.section-1 to None, run_after=None
[2024-03-14T16:41:28.363+0000] {logging_mixin.py:188} INFO - [2024-03-14T16:41:28.363+0000] {dag.py:3834} INFO - Setting next_dagrun for example_subdag_operator.section-2 to None, run_after=None
[2024-03-14T16:41:28.368+0000] {logging_mixin.py:188} INFO - [2024-03-14T16:41:28.368+0000] {dag.py:3047} INFO - Sync 2 DAGs
[2024-03-14T16:41:28.372+0000] {logging_mixin.py:188} INFO - [2024-03-14T16:41:28.371+0000] {dag.py:3834} INFO - Setting next_dagrun for example_subdag_operator.section-1 to None, run_after=None
[2024-03-14T16:41:28.372+0000] {logging_mixin.py:188} INFO - [2024-03-14T16:41:28.372+0000] {dag.py:3834} INFO - Setting next_dagrun for example_subdag_operator.section-2 to None, run_after=None
[2024-03-14T16:41:28.391+0000] {processor.py:183} INFO - Processing /usr/local/lib/python3.8/dist-packages/airflow/example_dags/example_subdag_operator.py took 0.100 seconds
[2024-03-14T16:42:46.574+0000] {processor.py:161} INFO - Started process (PID=2636) to work on /usr/local/lib/python3.8/dist-packages/airflow/example_dags/example_subdag_operator.py
[2024-03-14T16:42:46.577+0000] {processor.py:830} INFO - Processing file /usr/local/lib/python3.8/dist-packages/airflow/example_dags/example_subdag_operator.py for tasks to queue
[2024-03-14T16:42:46.578+0000] {logging_mixin.py:188} INFO - [2024-03-14T16:42:46.577+0000] {dagbag.py:540} INFO - Filling up the DagBag from /usr/local/lib/python3.8/dist-packages/airflow/example_dags/example_subdag_operator.py
[2024-03-14T16:42:46.599+0000] {processor.py:840} INFO - DAG(s) 'example_subdag_operator.section-1', 'example_subdag_operator.section-2', 'example_subdag_operator' retrieved from /usr/local/lib/python3.8/dist-packages/airflow/example_dags/example_subdag_operator.py
[2024-03-14T16:42:46.616+0000] {logging_mixin.py:188} INFO - [2024-03-14T16:42:46.616+0000] {dag.py:3047} INFO - Sync 3 DAGs
[2024-03-14T16:42:46.638+0000] {logging_mixin.py:188} INFO - [2024-03-14T16:42:46.638+0000] {dag.py:3834} INFO - Setting next_dagrun for example_subdag_operator to 2022-01-01 00:00:00+00:00, run_after=2022-01-01 00:00:00+00:00
[2024-03-14T16:42:46.641+0000] {logging_mixin.py:188} INFO - [2024-03-14T16:42:46.641+0000] {dag.py:3834} INFO - Setting next_dagrun for example_subdag_operator.section-1 to None, run_after=None
[2024-03-14T16:42:46.643+0000] {logging_mixin.py:188} INFO - [2024-03-14T16:42:46.642+0000] {dag.py:3834} INFO - Setting next_dagrun for example_subdag_operator.section-2 to None, run_after=None
[2024-03-14T16:42:46.649+0000] {logging_mixin.py:188} INFO - [2024-03-14T16:42:46.648+0000] {dag.py:3047} INFO - Sync 2 DAGs
[2024-03-14T16:42:46.653+0000] {logging_mixin.py:188} INFO - [2024-03-14T16:42:46.653+0000] {dag.py:3834} INFO - Setting next_dagrun for example_subdag_operator.section-1 to None, run_after=None
[2024-03-14T16:42:46.654+0000] {logging_mixin.py:188} INFO - [2024-03-14T16:42:46.653+0000] {dag.py:3834} INFO - Setting next_dagrun for example_subdag_operator.section-2 to None, run_after=None
[2024-03-14T16:42:46.674+0000] {processor.py:183} INFO - Processing /usr/local/lib/python3.8/dist-packages/airflow/example_dags/example_subdag_operator.py took 0.103 seconds
[2024-03-14T16:43:27.154+0000] {processor.py:161} INFO - Started process (PID=2716) to work on /usr/local/lib/python3.8/dist-packages/airflow/example_dags/example_subdag_operator.py
[2024-03-14T16:43:27.157+0000] {processor.py:830} INFO - Processing file /usr/local/lib/python3.8/dist-packages/airflow/example_dags/example_subdag_operator.py for tasks to queue
[2024-03-14T16:43:27.158+0000] {logging_mixin.py:188} INFO - [2024-03-14T16:43:27.157+0000] {dagbag.py:540} INFO - Filling up the DagBag from /usr/local/lib/python3.8/dist-packages/airflow/example_dags/example_subdag_operator.py
[2024-03-14T16:43:27.179+0000] {processor.py:840} INFO - DAG(s) 'example_subdag_operator.section-1', 'example_subdag_operator.section-2', 'example_subdag_operator' retrieved from /usr/local/lib/python3.8/dist-packages/airflow/example_dags/example_subdag_operator.py
[2024-03-14T16:43:27.196+0000] {logging_mixin.py:188} INFO - [2024-03-14T16:43:27.195+0000] {dag.py:3047} INFO - Sync 3 DAGs
[2024-03-14T16:43:27.217+0000] {logging_mixin.py:188} INFO - [2024-03-14T16:43:27.216+0000] {dag.py:3834} INFO - Setting next_dagrun for example_subdag_operator to 2022-01-01 00:00:00+00:00, run_after=2022-01-01 00:00:00+00:00
[2024-03-14T16:43:27.220+0000] {logging_mixin.py:188} INFO - [2024-03-14T16:43:27.220+0000] {dag.py:3834} INFO - Setting next_dagrun for example_subdag_operator.section-1 to None, run_after=None
[2024-03-14T16:43:27.221+0000] {logging_mixin.py:188} INFO - [2024-03-14T16:43:27.221+0000] {dag.py:3834} INFO - Setting next_dagrun for example_subdag_operator.section-2 to None, run_after=None
[2024-03-14T16:43:27.227+0000] {logging_mixin.py:188} INFO - [2024-03-14T16:43:27.227+0000] {dag.py:3047} INFO - Sync 2 DAGs
[2024-03-14T16:43:27.232+0000] {logging_mixin.py:188} INFO - [2024-03-14T16:43:27.232+0000] {dag.py:3834} INFO - Setting next_dagrun for example_subdag_operator.section-1 to None, run_after=None
[2024-03-14T16:43:27.232+0000] {logging_mixin.py:188} INFO - [2024-03-14T16:43:27.232+0000] {dag.py:3834} INFO - Setting next_dagrun for example_subdag_operator.section-2 to None, run_after=None
[2024-03-14T16:43:27.252+0000] {processor.py:183} INFO - Processing /usr/local/lib/python3.8/dist-packages/airflow/example_dags/example_subdag_operator.py took 0.101 seconds
[2024-03-14T16:44:29.026+0000] {processor.py:161} INFO - Started process (PID=2816) to work on /usr/local/lib/python3.8/dist-packages/airflow/example_dags/example_subdag_operator.py
[2024-03-14T16:44:29.028+0000] {processor.py:830} INFO - Processing file /usr/local/lib/python3.8/dist-packages/airflow/example_dags/example_subdag_operator.py for tasks to queue
[2024-03-14T16:44:29.029+0000] {logging_mixin.py:188} INFO - [2024-03-14T16:44:29.029+0000] {dagbag.py:540} INFO - Filling up the DagBag from /usr/local/lib/python3.8/dist-packages/airflow/example_dags/example_subdag_operator.py
[2024-03-14T16:44:29.051+0000] {processor.py:840} INFO - DAG(s) 'example_subdag_operator.section-1', 'example_subdag_operator.section-2', 'example_subdag_operator' retrieved from /usr/local/lib/python3.8/dist-packages/airflow/example_dags/example_subdag_operator.py
[2024-03-14T16:44:29.067+0000] {logging_mixin.py:188} INFO - [2024-03-14T16:44:29.067+0000] {dag.py:3047} INFO - Sync 3 DAGs
[2024-03-14T16:44:29.088+0000] {logging_mixin.py:188} INFO - [2024-03-14T16:44:29.088+0000] {dag.py:3834} INFO - Setting next_dagrun for example_subdag_operator to 2022-01-01 00:00:00+00:00, run_after=2022-01-01 00:00:00+00:00
[2024-03-14T16:44:29.092+0000] {logging_mixin.py:188} INFO - [2024-03-14T16:44:29.092+0000] {dag.py:3834} INFO - Setting next_dagrun for example_subdag_operator.section-1 to None, run_after=None
[2024-03-14T16:44:29.093+0000] {logging_mixin.py:188} INFO - [2024-03-14T16:44:29.093+0000] {dag.py:3834} INFO - Setting next_dagrun for example_subdag_operator.section-2 to None, run_after=None
[2024-03-14T16:44:29.099+0000] {logging_mixin.py:188} INFO - [2024-03-14T16:44:29.099+0000] {dag.py:3047} INFO - Sync 2 DAGs
[2024-03-14T16:44:29.104+0000] {logging_mixin.py:188} INFO - [2024-03-14T16:44:29.103+0000] {dag.py:3834} INFO - Setting next_dagrun for example_subdag_operator.section-1 to None, run_after=None
[2024-03-14T16:44:29.104+0000] {logging_mixin.py:188} INFO - [2024-03-14T16:44:29.104+0000] {dag.py:3834} INFO - Setting next_dagrun for example_subdag_operator.section-2 to None, run_after=None
[2024-03-14T16:44:29.146+0000] {processor.py:183} INFO - Processing /usr/local/lib/python3.8/dist-packages/airflow/example_dags/example_subdag_operator.py took 0.123 seconds
[2024-03-14T16:45:07.810+0000] {processor.py:161} INFO - Started process (PID=2896) to work on /usr/local/lib/python3.8/dist-packages/airflow/example_dags/example_subdag_operator.py
[2024-03-14T16:45:07.812+0000] {processor.py:830} INFO - Processing file /usr/local/lib/python3.8/dist-packages/airflow/example_dags/example_subdag_operator.py for tasks to queue
[2024-03-14T16:45:07.813+0000] {logging_mixin.py:188} INFO - [2024-03-14T16:45:07.813+0000] {dagbag.py:540} INFO - Filling up the DagBag from /usr/local/lib/python3.8/dist-packages/airflow/example_dags/example_subdag_operator.py
[2024-03-14T16:45:07.835+0000] {processor.py:840} INFO - DAG(s) 'example_subdag_operator.section-1', 'example_subdag_operator.section-2', 'example_subdag_operator' retrieved from /usr/local/lib/python3.8/dist-packages/airflow/example_dags/example_subdag_operator.py
[2024-03-14T16:45:07.852+0000] {logging_mixin.py:188} INFO - [2024-03-14T16:45:07.851+0000] {dag.py:3047} INFO - Sync 3 DAGs
[2024-03-14T16:45:07.873+0000] {logging_mixin.py:188} INFO - [2024-03-14T16:45:07.872+0000] {dag.py:3834} INFO - Setting next_dagrun for example_subdag_operator to 2022-01-01 00:00:00+00:00, run_after=2022-01-01 00:00:00+00:00
[2024-03-14T16:45:07.877+0000] {logging_mixin.py:188} INFO - [2024-03-14T16:45:07.877+0000] {dag.py:3834} INFO - Setting next_dagrun for example_subdag_operator.section-1 to None, run_after=None
[2024-03-14T16:45:07.878+0000] {logging_mixin.py:188} INFO - [2024-03-14T16:45:07.878+0000] {dag.py:3834} INFO - Setting next_dagrun for example_subdag_operator.section-2 to None, run_after=None
[2024-03-14T16:45:07.883+0000] {logging_mixin.py:188} INFO - [2024-03-14T16:45:07.883+0000] {dag.py:3047} INFO - Sync 2 DAGs
[2024-03-14T16:45:07.886+0000] {logging_mixin.py:188} INFO - [2024-03-14T16:45:07.886+0000] {dag.py:3834} INFO - Setting next_dagrun for example_subdag_operator.section-1 to None, run_after=None
[2024-03-14T16:45:07.887+0000] {logging_mixin.py:188} INFO - [2024-03-14T16:45:07.886+0000] {dag.py:3834} INFO - Setting next_dagrun for example_subdag_operator.section-2 to None, run_after=None
[2024-03-14T16:45:07.931+0000] {processor.py:183} INFO - Processing /usr/local/lib/python3.8/dist-packages/airflow/example_dags/example_subdag_operator.py took 0.124 seconds
[2024-03-14T16:55:38.628+0000] {processor.py:161} INFO - Started process (PID=3113) to work on /usr/local/lib/python3.8/dist-packages/airflow/example_dags/example_subdag_operator.py
[2024-03-14T16:55:38.630+0000] {processor.py:830} INFO - Processing file /usr/local/lib/python3.8/dist-packages/airflow/example_dags/example_subdag_operator.py for tasks to queue
[2024-03-14T16:55:38.631+0000] {logging_mixin.py:188} INFO - [2024-03-14T16:55:38.631+0000] {dagbag.py:540} INFO - Filling up the DagBag from /usr/local/lib/python3.8/dist-packages/airflow/example_dags/example_subdag_operator.py
[2024-03-14T16:55:38.655+0000] {processor.py:840} INFO - DAG(s) 'example_subdag_operator.section-1', 'example_subdag_operator.section-2', 'example_subdag_operator' retrieved from /usr/local/lib/python3.8/dist-packages/airflow/example_dags/example_subdag_operator.py
[2024-03-14T16:55:38.684+0000] {logging_mixin.py:188} INFO - [2024-03-14T16:55:38.683+0000] {dag.py:3047} INFO - Sync 3 DAGs
[2024-03-14T16:55:38.701+0000] {logging_mixin.py:188} INFO - [2024-03-14T16:55:38.701+0000] {dag.py:3834} INFO - Setting next_dagrun for example_subdag_operator to 2022-01-01 00:00:00+00:00, run_after=2022-01-01 00:00:00+00:00
[2024-03-14T16:55:38.704+0000] {logging_mixin.py:188} INFO - [2024-03-14T16:55:38.704+0000] {dag.py:3834} INFO - Setting next_dagrun for example_subdag_operator.section-1 to None, run_after=None
[2024-03-14T16:55:38.705+0000] {logging_mixin.py:188} INFO - [2024-03-14T16:55:38.704+0000] {dag.py:3834} INFO - Setting next_dagrun for example_subdag_operator.section-2 to None, run_after=None
[2024-03-14T16:55:38.710+0000] {logging_mixin.py:188} INFO - [2024-03-14T16:55:38.709+0000] {dag.py:3047} INFO - Sync 2 DAGs
[2024-03-14T16:55:38.713+0000] {logging_mixin.py:188} INFO - [2024-03-14T16:55:38.713+0000] {dag.py:3834} INFO - Setting next_dagrun for example_subdag_operator.section-1 to None, run_after=None
[2024-03-14T16:55:38.713+0000] {logging_mixin.py:188} INFO - [2024-03-14T16:55:38.713+0000] {dag.py:3834} INFO - Setting next_dagrun for example_subdag_operator.section-2 to None, run_after=None
[2024-03-14T16:55:38.823+0000] {processor.py:183} INFO - Processing /usr/local/lib/python3.8/dist-packages/airflow/example_dags/example_subdag_operator.py took 0.199 seconds
[2024-03-14T16:56:49.264+0000] {processor.py:161} INFO - Started process (PID=3330) to work on /usr/local/lib/python3.8/dist-packages/airflow/example_dags/example_subdag_operator.py
[2024-03-14T16:56:49.267+0000] {processor.py:830} INFO - Processing file /usr/local/lib/python3.8/dist-packages/airflow/example_dags/example_subdag_operator.py for tasks to queue
[2024-03-14T16:56:49.268+0000] {logging_mixin.py:188} INFO - [2024-03-14T16:56:49.267+0000] {dagbag.py:540} INFO - Filling up the DagBag from /usr/local/lib/python3.8/dist-packages/airflow/example_dags/example_subdag_operator.py
[2024-03-14T16:56:49.292+0000] {processor.py:840} INFO - DAG(s) 'example_subdag_operator.section-1', 'example_subdag_operator.section-2', 'example_subdag_operator' retrieved from /usr/local/lib/python3.8/dist-packages/airflow/example_dags/example_subdag_operator.py
[2024-03-14T16:56:49.306+0000] {logging_mixin.py:188} INFO - [2024-03-14T16:56:49.306+0000] {dag.py:3047} INFO - Sync 3 DAGs
[2024-03-14T16:56:49.324+0000] {logging_mixin.py:188} INFO - [2024-03-14T16:56:49.324+0000] {dag.py:3834} INFO - Setting next_dagrun for example_subdag_operator to 2022-01-01 00:00:00+00:00, run_after=2022-01-01 00:00:00+00:00
[2024-03-14T16:56:49.327+0000] {logging_mixin.py:188} INFO - [2024-03-14T16:56:49.327+0000] {dag.py:3834} INFO - Setting next_dagrun for example_subdag_operator.section-1 to None, run_after=None
[2024-03-14T16:56:49.328+0000] {logging_mixin.py:188} INFO - [2024-03-14T16:56:49.328+0000] {dag.py:3834} INFO - Setting next_dagrun for example_subdag_operator.section-2 to None, run_after=None
[2024-03-14T16:56:49.333+0000] {logging_mixin.py:188} INFO - [2024-03-14T16:56:49.333+0000] {dag.py:3047} INFO - Sync 2 DAGs
[2024-03-14T16:56:49.336+0000] {logging_mixin.py:188} INFO - [2024-03-14T16:56:49.336+0000] {dag.py:3834} INFO - Setting next_dagrun for example_subdag_operator.section-1 to None, run_after=None
[2024-03-14T16:56:49.336+0000] {logging_mixin.py:188} INFO - [2024-03-14T16:56:49.336+0000] {dag.py:3834} INFO - Setting next_dagrun for example_subdag_operator.section-2 to None, run_after=None
[2024-03-14T16:56:49.354+0000] {processor.py:183} INFO - Processing /usr/local/lib/python3.8/dist-packages/airflow/example_dags/example_subdag_operator.py took 0.094 seconds
[2024-03-14T16:57:50.407+0000] {processor.py:161} INFO - Started process (PID=3431) to work on /usr/local/lib/python3.8/dist-packages/airflow/example_dags/example_subdag_operator.py
[2024-03-14T16:57:50.409+0000] {processor.py:830} INFO - Processing file /usr/local/lib/python3.8/dist-packages/airflow/example_dags/example_subdag_operator.py for tasks to queue
[2024-03-14T16:57:50.411+0000] {logging_mixin.py:188} INFO - [2024-03-14T16:57:50.410+0000] {dagbag.py:540} INFO - Filling up the DagBag from /usr/local/lib/python3.8/dist-packages/airflow/example_dags/example_subdag_operator.py
[2024-03-14T16:57:50.435+0000] {processor.py:840} INFO - DAG(s) 'example_subdag_operator.section-1', 'example_subdag_operator.section-2', 'example_subdag_operator' retrieved from /usr/local/lib/python3.8/dist-packages/airflow/example_dags/example_subdag_operator.py
[2024-03-14T16:57:50.453+0000] {logging_mixin.py:188} INFO - [2024-03-14T16:57:50.453+0000] {dag.py:3047} INFO - Sync 3 DAGs
[2024-03-14T16:57:50.470+0000] {logging_mixin.py:188} INFO - [2024-03-14T16:57:50.470+0000] {dag.py:3834} INFO - Setting next_dagrun for example_subdag_operator to 2022-01-01 00:00:00+00:00, run_after=2022-01-01 00:00:00+00:00
[2024-03-14T16:57:50.473+0000] {logging_mixin.py:188} INFO - [2024-03-14T16:57:50.473+0000] {dag.py:3834} INFO - Setting next_dagrun for example_subdag_operator.section-1 to None, run_after=None
[2024-03-14T16:57:50.474+0000] {logging_mixin.py:188} INFO - [2024-03-14T16:57:50.474+0000] {dag.py:3834} INFO - Setting next_dagrun for example_subdag_operator.section-2 to None, run_after=None
[2024-03-14T16:57:50.479+0000] {logging_mixin.py:188} INFO - [2024-03-14T16:57:50.479+0000] {dag.py:3047} INFO - Sync 2 DAGs
[2024-03-14T16:57:50.483+0000] {logging_mixin.py:188} INFO - [2024-03-14T16:57:50.483+0000] {dag.py:3834} INFO - Setting next_dagrun for example_subdag_operator.section-1 to None, run_after=None
[2024-03-14T16:57:50.483+0000] {logging_mixin.py:188} INFO - [2024-03-14T16:57:50.483+0000] {dag.py:3834} INFO - Setting next_dagrun for example_subdag_operator.section-2 to None, run_after=None
[2024-03-14T16:57:50.503+0000] {processor.py:183} INFO - Processing /usr/local/lib/python3.8/dist-packages/airflow/example_dags/example_subdag_operator.py took 0.100 seconds
