[2024-03-14T16:23:20.755+0000] {processor.py:161} INFO - Started process (PID=621) to work on /usr/local/lib/python3.8/dist-packages/airflow/example_dags/example_kubernetes_executor.py
[2024-03-14T16:23:20.757+0000] {processor.py:830} INFO - Processing file /usr/local/lib/python3.8/dist-packages/airflow/example_dags/example_kubernetes_executor.py for tasks to queue
[2024-03-14T16:23:20.758+0000] {logging_mixin.py:188} INFO - [2024-03-14T16:23:20.757+0000] {dagbag.py:540} INFO - Filling up the DagBag from /usr/local/lib/python3.8/dist-packages/airflow/example_dags/example_kubernetes_executor.py
[2024-03-14T16:23:20.761+0000] {logging_mixin.py:188} INFO - [2024-03-14T16:23:20.761+0000] {example_kubernetes_executor.py:38} WARNING - The example_kubernetes_executor example DAG requires the kubernetes provider. Please install it with: pip install apache-airflow[cncf.kubernetes]
[2024-03-14T16:23:20.761+0000] {processor.py:842} WARNING - No viable dags retrieved from /usr/local/lib/python3.8/dist-packages/airflow/example_dags/example_kubernetes_executor.py
[2024-03-14T16:23:20.772+0000] {processor.py:183} INFO - Processing /usr/local/lib/python3.8/dist-packages/airflow/example_dags/example_kubernetes_executor.py took 0.020 seconds
[2024-03-14T16:24:35.519+0000] {processor.py:161} INFO - Started process (PID=724) to work on /usr/local/lib/python3.8/dist-packages/airflow/example_dags/example_kubernetes_executor.py
[2024-03-14T16:24:35.521+0000] {processor.py:830} INFO - Processing file /usr/local/lib/python3.8/dist-packages/airflow/example_dags/example_kubernetes_executor.py for tasks to queue
[2024-03-14T16:24:35.522+0000] {logging_mixin.py:188} INFO - [2024-03-14T16:24:35.521+0000] {dagbag.py:540} INFO - Filling up the DagBag from /usr/local/lib/python3.8/dist-packages/airflow/example_dags/example_kubernetes_executor.py
[2024-03-14T16:24:35.525+0000] {logging_mixin.py:188} INFO - [2024-03-14T16:24:35.525+0000] {example_kubernetes_executor.py:38} WARNING - The example_kubernetes_executor example DAG requires the kubernetes provider. Please install it with: pip install apache-airflow[cncf.kubernetes]
[2024-03-14T16:24:35.525+0000] {processor.py:842} WARNING - No viable dags retrieved from /usr/local/lib/python3.8/dist-packages/airflow/example_dags/example_kubernetes_executor.py
[2024-03-14T16:24:35.535+0000] {processor.py:183} INFO - Processing /usr/local/lib/python3.8/dist-packages/airflow/example_dags/example_kubernetes_executor.py took 0.019 seconds
[2024-03-14T16:25:35.925+0000] {processor.py:161} INFO - Started process (PID=811) to work on /usr/local/lib/python3.8/dist-packages/airflow/example_dags/example_kubernetes_executor.py
[2024-03-14T16:25:35.927+0000] {processor.py:830} INFO - Processing file /usr/local/lib/python3.8/dist-packages/airflow/example_dags/example_kubernetes_executor.py for tasks to queue
[2024-03-14T16:25:35.928+0000] {logging_mixin.py:188} INFO - [2024-03-14T16:25:35.928+0000] {dagbag.py:540} INFO - Filling up the DagBag from /usr/local/lib/python3.8/dist-packages/airflow/example_dags/example_kubernetes_executor.py
[2024-03-14T16:25:35.933+0000] {logging_mixin.py:188} INFO - [2024-03-14T16:25:35.933+0000] {example_kubernetes_executor.py:38} WARNING - The example_kubernetes_executor example DAG requires the kubernetes provider. Please install it with: pip install apache-airflow[cncf.kubernetes]
[2024-03-14T16:25:35.934+0000] {processor.py:842} WARNING - No viable dags retrieved from /usr/local/lib/python3.8/dist-packages/airflow/example_dags/example_kubernetes_executor.py
[2024-03-14T16:25:35.944+0000] {processor.py:183} INFO - Processing /usr/local/lib/python3.8/dist-packages/airflow/example_dags/example_kubernetes_executor.py took 0.023 seconds
[2024-03-14T16:26:40.992+0000] {processor.py:161} INFO - Started process (PID=926) to work on /usr/local/lib/python3.8/dist-packages/airflow/example_dags/example_kubernetes_executor.py
[2024-03-14T16:26:40.994+0000] {processor.py:830} INFO - Processing file /usr/local/lib/python3.8/dist-packages/airflow/example_dags/example_kubernetes_executor.py for tasks to queue
[2024-03-14T16:26:40.995+0000] {logging_mixin.py:188} INFO - [2024-03-14T16:26:40.994+0000] {dagbag.py:540} INFO - Filling up the DagBag from /usr/local/lib/python3.8/dist-packages/airflow/example_dags/example_kubernetes_executor.py
[2024-03-14T16:26:41.000+0000] {logging_mixin.py:188} INFO - [2024-03-14T16:26:41.000+0000] {example_kubernetes_executor.py:38} WARNING - The example_kubernetes_executor example DAG requires the kubernetes provider. Please install it with: pip install apache-airflow[cncf.kubernetes]
[2024-03-14T16:26:41.000+0000] {processor.py:842} WARNING - No viable dags retrieved from /usr/local/lib/python3.8/dist-packages/airflow/example_dags/example_kubernetes_executor.py
[2024-03-14T16:26:41.011+0000] {processor.py:183} INFO - Processing /usr/local/lib/python3.8/dist-packages/airflow/example_dags/example_kubernetes_executor.py took 0.022 seconds
[2024-03-14T16:27:49.246+0000] {processor.py:161} INFO - Started process (PID=1041) to work on /usr/local/lib/python3.8/dist-packages/airflow/example_dags/example_kubernetes_executor.py
[2024-03-14T16:27:49.248+0000] {processor.py:830} INFO - Processing file /usr/local/lib/python3.8/dist-packages/airflow/example_dags/example_kubernetes_executor.py for tasks to queue
[2024-03-14T16:27:49.249+0000] {logging_mixin.py:188} INFO - [2024-03-14T16:27:49.248+0000] {dagbag.py:540} INFO - Filling up the DagBag from /usr/local/lib/python3.8/dist-packages/airflow/example_dags/example_kubernetes_executor.py
[2024-03-14T16:27:49.254+0000] {logging_mixin.py:188} INFO - [2024-03-14T16:27:49.253+0000] {example_kubernetes_executor.py:38} WARNING - The example_kubernetes_executor example DAG requires the kubernetes provider. Please install it with: pip install apache-airflow[cncf.kubernetes]
[2024-03-14T16:27:49.254+0000] {processor.py:842} WARNING - No viable dags retrieved from /usr/local/lib/python3.8/dist-packages/airflow/example_dags/example_kubernetes_executor.py
[2024-03-14T16:27:49.264+0000] {processor.py:183} INFO - Processing /usr/local/lib/python3.8/dist-packages/airflow/example_dags/example_kubernetes_executor.py took 0.022 seconds
[2024-03-14T16:29:00.091+0000] {processor.py:161} INFO - Started process (PID=1145) to work on /usr/local/lib/python3.8/dist-packages/airflow/example_dags/example_kubernetes_executor.py
[2024-03-14T16:29:00.093+0000] {processor.py:830} INFO - Processing file /usr/local/lib/python3.8/dist-packages/airflow/example_dags/example_kubernetes_executor.py for tasks to queue
[2024-03-14T16:29:00.094+0000] {logging_mixin.py:188} INFO - [2024-03-14T16:29:00.094+0000] {dagbag.py:540} INFO - Filling up the DagBag from /usr/local/lib/python3.8/dist-packages/airflow/example_dags/example_kubernetes_executor.py
[2024-03-14T16:29:00.100+0000] {logging_mixin.py:188} INFO - [2024-03-14T16:29:00.099+0000] {example_kubernetes_executor.py:38} WARNING - The example_kubernetes_executor example DAG requires the kubernetes provider. Please install it with: pip install apache-airflow[cncf.kubernetes]
[2024-03-14T16:29:00.100+0000] {processor.py:842} WARNING - No viable dags retrieved from /usr/local/lib/python3.8/dist-packages/airflow/example_dags/example_kubernetes_executor.py
[2024-03-14T16:29:00.110+0000] {processor.py:183} INFO - Processing /usr/local/lib/python3.8/dist-packages/airflow/example_dags/example_kubernetes_executor.py took 0.023 seconds
[2024-03-14T16:30:52.922+0000] {processor.py:161} INFO - Started process (PID=1340) to work on /usr/local/lib/python3.8/dist-packages/airflow/example_dags/example_kubernetes_executor.py
[2024-03-14T16:30:52.937+0000] {processor.py:830} INFO - Processing file /usr/local/lib/python3.8/dist-packages/airflow/example_dags/example_kubernetes_executor.py for tasks to queue
[2024-03-14T16:30:52.938+0000] {logging_mixin.py:188} INFO - [2024-03-14T16:30:52.938+0000] {dagbag.py:540} INFO - Filling up the DagBag from /usr/local/lib/python3.8/dist-packages/airflow/example_dags/example_kubernetes_executor.py
[2024-03-14T16:30:52.945+0000] {logging_mixin.py:188} INFO - [2024-03-14T16:30:52.945+0000] {example_kubernetes_executor.py:38} WARNING - The example_kubernetes_executor example DAG requires the kubernetes provider. Please install it with: pip install apache-airflow[cncf.kubernetes]
[2024-03-14T16:30:52.945+0000] {processor.py:842} WARNING - No viable dags retrieved from /usr/local/lib/python3.8/dist-packages/airflow/example_dags/example_kubernetes_executor.py
[2024-03-14T16:30:52.956+0000] {processor.py:183} INFO - Processing /usr/local/lib/python3.8/dist-packages/airflow/example_dags/example_kubernetes_executor.py took 0.037 seconds
[2024-03-14T16:32:01.759+0000] {processor.py:161} INFO - Started process (PID=1454) to work on /usr/local/lib/python3.8/dist-packages/airflow/example_dags/example_kubernetes_executor.py
[2024-03-14T16:32:01.761+0000] {processor.py:830} INFO - Processing file /usr/local/lib/python3.8/dist-packages/airflow/example_dags/example_kubernetes_executor.py for tasks to queue
[2024-03-14T16:32:01.762+0000] {logging_mixin.py:188} INFO - [2024-03-14T16:32:01.762+0000] {dagbag.py:540} INFO - Filling up the DagBag from /usr/local/lib/python3.8/dist-packages/airflow/example_dags/example_kubernetes_executor.py
[2024-03-14T16:32:01.767+0000] {logging_mixin.py:188} INFO - [2024-03-14T16:32:01.767+0000] {example_kubernetes_executor.py:38} WARNING - The example_kubernetes_executor example DAG requires the kubernetes provider. Please install it with: pip install apache-airflow[cncf.kubernetes]
[2024-03-14T16:32:01.767+0000] {processor.py:842} WARNING - No viable dags retrieved from /usr/local/lib/python3.8/dist-packages/airflow/example_dags/example_kubernetes_executor.py
[2024-03-14T16:32:01.778+0000] {processor.py:183} INFO - Processing /usr/local/lib/python3.8/dist-packages/airflow/example_dags/example_kubernetes_executor.py took 0.022 seconds
[2024-03-14T16:33:14.279+0000] {processor.py:161} INFO - Started process (PID=1643) to work on /usr/local/lib/python3.8/dist-packages/airflow/example_dags/example_kubernetes_executor.py
[2024-03-14T16:33:14.292+0000] {processor.py:830} INFO - Processing file /usr/local/lib/python3.8/dist-packages/airflow/example_dags/example_kubernetes_executor.py for tasks to queue
[2024-03-14T16:33:14.294+0000] {logging_mixin.py:188} INFO - [2024-03-14T16:33:14.293+0000] {dagbag.py:540} INFO - Filling up the DagBag from /usr/local/lib/python3.8/dist-packages/airflow/example_dags/example_kubernetes_executor.py
[2024-03-14T16:33:14.299+0000] {logging_mixin.py:188} INFO - [2024-03-14T16:33:14.299+0000] {example_kubernetes_executor.py:38} WARNING - The example_kubernetes_executor example DAG requires the kubernetes provider. Please install it with: pip install apache-airflow[cncf.kubernetes]
[2024-03-14T16:33:14.299+0000] {processor.py:842} WARNING - No viable dags retrieved from /usr/local/lib/python3.8/dist-packages/airflow/example_dags/example_kubernetes_executor.py
[2024-03-14T16:33:14.326+0000] {processor.py:183} INFO - Processing /usr/local/lib/python3.8/dist-packages/airflow/example_dags/example_kubernetes_executor.py took 0.050 seconds
[2024-03-14T16:34:54.859+0000] {processor.py:161} INFO - Started process (PID=1833) to work on /usr/local/lib/python3.8/dist-packages/airflow/example_dags/example_kubernetes_executor.py
[2024-03-14T16:34:54.861+0000] {processor.py:830} INFO - Processing file /usr/local/lib/python3.8/dist-packages/airflow/example_dags/example_kubernetes_executor.py for tasks to queue
[2024-03-14T16:34:54.862+0000] {logging_mixin.py:188} INFO - [2024-03-14T16:34:54.862+0000] {dagbag.py:540} INFO - Filling up the DagBag from /usr/local/lib/python3.8/dist-packages/airflow/example_dags/example_kubernetes_executor.py
[2024-03-14T16:34:54.868+0000] {logging_mixin.py:188} INFO - [2024-03-14T16:34:54.867+0000] {example_kubernetes_executor.py:38} WARNING - The example_kubernetes_executor example DAG requires the kubernetes provider. Please install it with: pip install apache-airflow[cncf.kubernetes]
[2024-03-14T16:34:54.868+0000] {processor.py:842} WARNING - No viable dags retrieved from /usr/local/lib/python3.8/dist-packages/airflow/example_dags/example_kubernetes_executor.py
[2024-03-14T16:34:54.878+0000] {processor.py:183} INFO - Processing /usr/local/lib/python3.8/dist-packages/airflow/example_dags/example_kubernetes_executor.py took 0.023 seconds
[2024-03-14T16:36:32.118+0000] {processor.py:161} INFO - Started process (PID=2010) to work on /usr/local/lib/python3.8/dist-packages/airflow/example_dags/example_kubernetes_executor.py
[2024-03-14T16:36:32.120+0000] {processor.py:830} INFO - Processing file /usr/local/lib/python3.8/dist-packages/airflow/example_dags/example_kubernetes_executor.py for tasks to queue
[2024-03-14T16:36:32.121+0000] {logging_mixin.py:188} INFO - [2024-03-14T16:36:32.121+0000] {dagbag.py:540} INFO - Filling up the DagBag from /usr/local/lib/python3.8/dist-packages/airflow/example_dags/example_kubernetes_executor.py
[2024-03-14T16:36:32.126+0000] {logging_mixin.py:188} INFO - [2024-03-14T16:36:32.126+0000] {example_kubernetes_executor.py:38} WARNING - The example_kubernetes_executor example DAG requires the kubernetes provider. Please install it with: pip install apache-airflow[cncf.kubernetes]
[2024-03-14T16:36:32.127+0000] {processor.py:842} WARNING - No viable dags retrieved from /usr/local/lib/python3.8/dist-packages/airflow/example_dags/example_kubernetes_executor.py
[2024-03-14T16:36:32.137+0000] {processor.py:183} INFO - Processing /usr/local/lib/python3.8/dist-packages/airflow/example_dags/example_kubernetes_executor.py took 0.022 seconds
[2024-03-14T16:38:02.350+0000] {processor.py:161} INFO - Started process (PID=2187) to work on /usr/local/lib/python3.8/dist-packages/airflow/example_dags/example_kubernetes_executor.py
[2024-03-14T16:38:02.352+0000] {processor.py:830} INFO - Processing file /usr/local/lib/python3.8/dist-packages/airflow/example_dags/example_kubernetes_executor.py for tasks to queue
[2024-03-14T16:38:02.353+0000] {logging_mixin.py:188} INFO - [2024-03-14T16:38:02.353+0000] {dagbag.py:540} INFO - Filling up the DagBag from /usr/local/lib/python3.8/dist-packages/airflow/example_dags/example_kubernetes_executor.py
[2024-03-14T16:38:02.359+0000] {logging_mixin.py:188} INFO - [2024-03-14T16:38:02.359+0000] {example_kubernetes_executor.py:38} WARNING - The example_kubernetes_executor example DAG requires the kubernetes provider. Please install it with: pip install apache-airflow[cncf.kubernetes]
[2024-03-14T16:38:02.359+0000] {processor.py:842} WARNING - No viable dags retrieved from /usr/local/lib/python3.8/dist-packages/airflow/example_dags/example_kubernetes_executor.py
[2024-03-14T16:38:02.370+0000] {processor.py:183} INFO - Processing /usr/local/lib/python3.8/dist-packages/airflow/example_dags/example_kubernetes_executor.py took 0.023 seconds
[2024-03-14T16:39:18.839+0000] {processor.py:161} INFO - Started process (PID=2307) to work on /usr/local/lib/python3.8/dist-packages/airflow/example_dags/example_kubernetes_executor.py
[2024-03-14T16:39:18.841+0000] {processor.py:830} INFO - Processing file /usr/local/lib/python3.8/dist-packages/airflow/example_dags/example_kubernetes_executor.py for tasks to queue
[2024-03-14T16:39:18.842+0000] {logging_mixin.py:188} INFO - [2024-03-14T16:39:18.842+0000] {dagbag.py:540} INFO - Filling up the DagBag from /usr/local/lib/python3.8/dist-packages/airflow/example_dags/example_kubernetes_executor.py
[2024-03-14T16:39:18.847+0000] {logging_mixin.py:188} INFO - [2024-03-14T16:39:18.847+0000] {example_kubernetes_executor.py:38} WARNING - The example_kubernetes_executor example DAG requires the kubernetes provider. Please install it with: pip install apache-airflow[cncf.kubernetes]
[2024-03-14T16:39:18.848+0000] {processor.py:842} WARNING - No viable dags retrieved from /usr/local/lib/python3.8/dist-packages/airflow/example_dags/example_kubernetes_executor.py
[2024-03-14T16:39:18.858+0000] {processor.py:183} INFO - Processing /usr/local/lib/python3.8/dist-packages/airflow/example_dags/example_kubernetes_executor.py took 0.022 seconds
[2024-03-14T16:40:27.262+0000] {processor.py:161} INFO - Started process (PID=2421) to work on /usr/local/lib/python3.8/dist-packages/airflow/example_dags/example_kubernetes_executor.py
[2024-03-14T16:40:27.264+0000] {processor.py:830} INFO - Processing file /usr/local/lib/python3.8/dist-packages/airflow/example_dags/example_kubernetes_executor.py for tasks to queue
[2024-03-14T16:40:27.265+0000] {logging_mixin.py:188} INFO - [2024-03-14T16:40:27.264+0000] {dagbag.py:540} INFO - Filling up the DagBag from /usr/local/lib/python3.8/dist-packages/airflow/example_dags/example_kubernetes_executor.py
[2024-03-14T16:40:27.270+0000] {logging_mixin.py:188} INFO - [2024-03-14T16:40:27.270+0000] {example_kubernetes_executor.py:38} WARNING - The example_kubernetes_executor example DAG requires the kubernetes provider. Please install it with: pip install apache-airflow[cncf.kubernetes]
[2024-03-14T16:40:27.270+0000] {processor.py:842} WARNING - No viable dags retrieved from /usr/local/lib/python3.8/dist-packages/airflow/example_dags/example_kubernetes_executor.py
[2024-03-14T16:40:27.280+0000] {processor.py:183} INFO - Processing /usr/local/lib/python3.8/dist-packages/airflow/example_dags/example_kubernetes_executor.py took 0.021 seconds
[2024-03-14T16:41:38.579+0000] {processor.py:161} INFO - Started process (PID=2531) to work on /usr/local/lib/python3.8/dist-packages/airflow/example_dags/example_kubernetes_executor.py
[2024-03-14T16:41:38.581+0000] {processor.py:830} INFO - Processing file /usr/local/lib/python3.8/dist-packages/airflow/example_dags/example_kubernetes_executor.py for tasks to queue
[2024-03-14T16:41:38.582+0000] {logging_mixin.py:188} INFO - [2024-03-14T16:41:38.582+0000] {dagbag.py:540} INFO - Filling up the DagBag from /usr/local/lib/python3.8/dist-packages/airflow/example_dags/example_kubernetes_executor.py
[2024-03-14T16:41:38.588+0000] {logging_mixin.py:188} INFO - [2024-03-14T16:41:38.587+0000] {example_kubernetes_executor.py:38} WARNING - The example_kubernetes_executor example DAG requires the kubernetes provider. Please install it with: pip install apache-airflow[cncf.kubernetes]
[2024-03-14T16:41:38.588+0000] {processor.py:842} WARNING - No viable dags retrieved from /usr/local/lib/python3.8/dist-packages/airflow/example_dags/example_kubernetes_executor.py
[2024-03-14T16:41:38.598+0000] {processor.py:183} INFO - Processing /usr/local/lib/python3.8/dist-packages/airflow/example_dags/example_kubernetes_executor.py took 0.022 seconds
[2024-03-14T16:42:59.258+0000] {processor.py:161} INFO - Started process (PID=2648) to work on /usr/local/lib/python3.8/dist-packages/airflow/example_dags/example_kubernetes_executor.py
[2024-03-14T16:42:59.260+0000] {processor.py:830} INFO - Processing file /usr/local/lib/python3.8/dist-packages/airflow/example_dags/example_kubernetes_executor.py for tasks to queue
[2024-03-14T16:42:59.261+0000] {logging_mixin.py:188} INFO - [2024-03-14T16:42:59.261+0000] {dagbag.py:540} INFO - Filling up the DagBag from /usr/local/lib/python3.8/dist-packages/airflow/example_dags/example_kubernetes_executor.py
[2024-03-14T16:42:59.267+0000] {logging_mixin.py:188} INFO - [2024-03-14T16:42:59.266+0000] {example_kubernetes_executor.py:38} WARNING - The example_kubernetes_executor example DAG requires the kubernetes provider. Please install it with: pip install apache-airflow[cncf.kubernetes]
[2024-03-14T16:42:59.267+0000] {processor.py:842} WARNING - No viable dags retrieved from /usr/local/lib/python3.8/dist-packages/airflow/example_dags/example_kubernetes_executor.py
[2024-03-14T16:42:59.277+0000] {processor.py:183} INFO - Processing /usr/local/lib/python3.8/dist-packages/airflow/example_dags/example_kubernetes_executor.py took 0.023 seconds
[2024-03-14T16:44:42.922+0000] {processor.py:161} INFO - Started process (PID=2828) to work on /usr/local/lib/python3.8/dist-packages/airflow/example_dags/example_kubernetes_executor.py
[2024-03-14T16:44:42.925+0000] {processor.py:830} INFO - Processing file /usr/local/lib/python3.8/dist-packages/airflow/example_dags/example_kubernetes_executor.py for tasks to queue
[2024-03-14T16:44:42.926+0000] {logging_mixin.py:188} INFO - [2024-03-14T16:44:42.926+0000] {dagbag.py:540} INFO - Filling up the DagBag from /usr/local/lib/python3.8/dist-packages/airflow/example_dags/example_kubernetes_executor.py
[2024-03-14T16:44:42.931+0000] {logging_mixin.py:188} INFO - [2024-03-14T16:44:42.931+0000] {example_kubernetes_executor.py:38} WARNING - The example_kubernetes_executor example DAG requires the kubernetes provider. Please install it with: pip install apache-airflow[cncf.kubernetes]
[2024-03-14T16:44:42.932+0000] {processor.py:842} WARNING - No viable dags retrieved from /usr/local/lib/python3.8/dist-packages/airflow/example_dags/example_kubernetes_executor.py
[2024-03-14T16:44:42.942+0000] {processor.py:183} INFO - Processing /usr/local/lib/python3.8/dist-packages/airflow/example_dags/example_kubernetes_executor.py took 0.023 seconds
[2024-03-14T16:56:23.435+0000] {processor.py:161} INFO - Started process (PID=3262) to work on /usr/local/lib/python3.8/dist-packages/airflow/example_dags/example_kubernetes_executor.py
[2024-03-14T16:56:23.437+0000] {processor.py:830} INFO - Processing file /usr/local/lib/python3.8/dist-packages/airflow/example_dags/example_kubernetes_executor.py for tasks to queue
[2024-03-14T16:56:23.438+0000] {logging_mixin.py:188} INFO - [2024-03-14T16:56:23.438+0000] {dagbag.py:540} INFO - Filling up the DagBag from /usr/local/lib/python3.8/dist-packages/airflow/example_dags/example_kubernetes_executor.py
[2024-03-14T16:56:23.442+0000] {logging_mixin.py:188} INFO - [2024-03-14T16:56:23.442+0000] {example_kubernetes_executor.py:38} WARNING - The example_kubernetes_executor example DAG requires the kubernetes provider. Please install it with: pip install apache-airflow[cncf.kubernetes]
[2024-03-14T16:56:23.442+0000] {processor.py:842} WARNING - No viable dags retrieved from /usr/local/lib/python3.8/dist-packages/airflow/example_dags/example_kubernetes_executor.py
[2024-03-14T16:56:23.453+0000] {processor.py:183} INFO - Processing /usr/local/lib/python3.8/dist-packages/airflow/example_dags/example_kubernetes_executor.py took 0.022 seconds
[2024-03-14T16:58:20.952+0000] {processor.py:161} INFO - Started process (PID=3457) to work on /usr/local/lib/python3.8/dist-packages/airflow/example_dags/example_kubernetes_executor.py
[2024-03-14T16:58:20.954+0000] {processor.py:830} INFO - Processing file /usr/local/lib/python3.8/dist-packages/airflow/example_dags/example_kubernetes_executor.py for tasks to queue
[2024-03-14T16:58:20.955+0000] {logging_mixin.py:188} INFO - [2024-03-14T16:58:20.955+0000] {dagbag.py:540} INFO - Filling up the DagBag from /usr/local/lib/python3.8/dist-packages/airflow/example_dags/example_kubernetes_executor.py
[2024-03-14T16:58:20.959+0000] {logging_mixin.py:188} INFO - [2024-03-14T16:58:20.959+0000] {example_kubernetes_executor.py:38} WARNING - The example_kubernetes_executor example DAG requires the kubernetes provider. Please install it with: pip install apache-airflow[cncf.kubernetes]
[2024-03-14T16:58:20.959+0000] {processor.py:842} WARNING - No viable dags retrieved from /usr/local/lib/python3.8/dist-packages/airflow/example_dags/example_kubernetes_executor.py
[2024-03-14T16:58:20.971+0000] {processor.py:183} INFO - Processing /usr/local/lib/python3.8/dist-packages/airflow/example_dags/example_kubernetes_executor.py took 0.024 seconds
