[2024-03-14T16:23:21.935+0000] {processor.py:161} INFO - Started process (PID=622) to work on /usr/local/lib/python3.8/dist-packages/airflow/example_dags/example_branch_day_of_week_operator.py
[2024-03-14T16:23:21.936+0000] {processor.py:830} INFO - Processing file /usr/local/lib/python3.8/dist-packages/airflow/example_dags/example_branch_day_of_week_operator.py for tasks to queue
[2024-03-14T16:23:21.937+0000] {logging_mixin.py:188} INFO - [2024-03-14T16:23:21.936+0000] {dagbag.py:540} INFO - Filling up the DagBag from /usr/local/lib/python3.8/dist-packages/airflow/example_dags/example_branch_day_of_week_operator.py
[2024-03-14T16:23:21.945+0000] {processor.py:840} INFO - DAG(s) 'example_weekday_branch_operator' retrieved from /usr/local/lib/python3.8/dist-packages/airflow/example_dags/example_branch_day_of_week_operator.py
[2024-03-14T16:23:22.047+0000] {logging_mixin.py:188} INFO - [2024-03-14T16:23:22.047+0000] {dag.py:3047} INFO - Sync 1 DAGs
[2024-03-14T16:23:22.063+0000] {logging_mixin.py:188} INFO - [2024-03-14T16:23:22.062+0000] {dag.py:3834} INFO - Setting next_dagrun for example_weekday_branch_operator to 2024-03-13 00:00:00+00:00, run_after=2024-03-14 00:00:00+00:00
[2024-03-14T16:23:22.158+0000] {processor.py:183} INFO - Processing /usr/local/lib/python3.8/dist-packages/airflow/example_dags/example_branch_day_of_week_operator.py took 0.227 seconds
[2024-03-14T16:24:36.796+0000] {processor.py:161} INFO - Started process (PID=725) to work on /usr/local/lib/python3.8/dist-packages/airflow/example_dags/example_branch_day_of_week_operator.py
[2024-03-14T16:24:36.798+0000] {processor.py:830} INFO - Processing file /usr/local/lib/python3.8/dist-packages/airflow/example_dags/example_branch_day_of_week_operator.py for tasks to queue
[2024-03-14T16:24:36.799+0000] {logging_mixin.py:188} INFO - [2024-03-14T16:24:36.799+0000] {dagbag.py:540} INFO - Filling up the DagBag from /usr/local/lib/python3.8/dist-packages/airflow/example_dags/example_branch_day_of_week_operator.py
[2024-03-14T16:24:36.808+0000] {processor.py:840} INFO - DAG(s) 'example_weekday_branch_operator' retrieved from /usr/local/lib/python3.8/dist-packages/airflow/example_dags/example_branch_day_of_week_operator.py
[2024-03-14T16:24:36.826+0000] {logging_mixin.py:188} INFO - [2024-03-14T16:24:36.826+0000] {dag.py:3047} INFO - Sync 1 DAGs
[2024-03-14T16:24:36.845+0000] {logging_mixin.py:188} INFO - [2024-03-14T16:24:36.844+0000] {dag.py:3834} INFO - Setting next_dagrun for example_weekday_branch_operator to 2024-03-13 00:00:00+00:00, run_after=2024-03-14 00:00:00+00:00
[2024-03-14T16:24:36.868+0000] {processor.py:183} INFO - Processing /usr/local/lib/python3.8/dist-packages/airflow/example_dags/example_branch_day_of_week_operator.py took 0.076 seconds
[2024-03-14T16:25:37.107+0000] {processor.py:161} INFO - Started process (PID=812) to work on /usr/local/lib/python3.8/dist-packages/airflow/example_dags/example_branch_day_of_week_operator.py
[2024-03-14T16:25:37.109+0000] {processor.py:830} INFO - Processing file /usr/local/lib/python3.8/dist-packages/airflow/example_dags/example_branch_day_of_week_operator.py for tasks to queue
[2024-03-14T16:25:37.110+0000] {logging_mixin.py:188} INFO - [2024-03-14T16:25:37.110+0000] {dagbag.py:540} INFO - Filling up the DagBag from /usr/local/lib/python3.8/dist-packages/airflow/example_dags/example_branch_day_of_week_operator.py
[2024-03-14T16:25:37.119+0000] {processor.py:840} INFO - DAG(s) 'example_weekday_branch_operator' retrieved from /usr/local/lib/python3.8/dist-packages/airflow/example_dags/example_branch_day_of_week_operator.py
[2024-03-14T16:25:37.137+0000] {logging_mixin.py:188} INFO - [2024-03-14T16:25:37.136+0000] {dag.py:3047} INFO - Sync 1 DAGs
[2024-03-14T16:25:37.160+0000] {logging_mixin.py:188} INFO - [2024-03-14T16:25:37.159+0000] {dag.py:3834} INFO - Setting next_dagrun for example_weekday_branch_operator to 2024-03-13 00:00:00+00:00, run_after=2024-03-14 00:00:00+00:00
[2024-03-14T16:25:37.217+0000] {processor.py:183} INFO - Processing /usr/local/lib/python3.8/dist-packages/airflow/example_dags/example_branch_day_of_week_operator.py took 0.113 seconds
[2024-03-14T16:26:42.167+0000] {processor.py:161} INFO - Started process (PID=927) to work on /usr/local/lib/python3.8/dist-packages/airflow/example_dags/example_branch_day_of_week_operator.py
[2024-03-14T16:26:42.169+0000] {processor.py:830} INFO - Processing file /usr/local/lib/python3.8/dist-packages/airflow/example_dags/example_branch_day_of_week_operator.py for tasks to queue
[2024-03-14T16:26:42.170+0000] {logging_mixin.py:188} INFO - [2024-03-14T16:26:42.170+0000] {dagbag.py:540} INFO - Filling up the DagBag from /usr/local/lib/python3.8/dist-packages/airflow/example_dags/example_branch_day_of_week_operator.py
[2024-03-14T16:26:42.179+0000] {processor.py:840} INFO - DAG(s) 'example_weekday_branch_operator' retrieved from /usr/local/lib/python3.8/dist-packages/airflow/example_dags/example_branch_day_of_week_operator.py
[2024-03-14T16:26:42.197+0000] {logging_mixin.py:188} INFO - [2024-03-14T16:26:42.197+0000] {dag.py:3047} INFO - Sync 1 DAGs
[2024-03-14T16:26:42.220+0000] {logging_mixin.py:188} INFO - [2024-03-14T16:26:42.220+0000] {dag.py:3834} INFO - Setting next_dagrun for example_weekday_branch_operator to 2024-03-13 00:00:00+00:00, run_after=2024-03-14 00:00:00+00:00
[2024-03-14T16:26:42.318+0000] {processor.py:183} INFO - Processing /usr/local/lib/python3.8/dist-packages/airflow/example_dags/example_branch_day_of_week_operator.py took 0.155 seconds
[2024-03-14T16:27:50.550+0000] {processor.py:161} INFO - Started process (PID=1042) to work on /usr/local/lib/python3.8/dist-packages/airflow/example_dags/example_branch_day_of_week_operator.py
[2024-03-14T16:27:50.552+0000] {processor.py:830} INFO - Processing file /usr/local/lib/python3.8/dist-packages/airflow/example_dags/example_branch_day_of_week_operator.py for tasks to queue
[2024-03-14T16:27:50.553+0000] {logging_mixin.py:188} INFO - [2024-03-14T16:27:50.553+0000] {dagbag.py:540} INFO - Filling up the DagBag from /usr/local/lib/python3.8/dist-packages/airflow/example_dags/example_branch_day_of_week_operator.py
[2024-03-14T16:27:50.562+0000] {processor.py:840} INFO - DAG(s) 'example_weekday_branch_operator' retrieved from /usr/local/lib/python3.8/dist-packages/airflow/example_dags/example_branch_day_of_week_operator.py
[2024-03-14T16:27:50.580+0000] {logging_mixin.py:188} INFO - [2024-03-14T16:27:50.580+0000] {dag.py:3047} INFO - Sync 1 DAGs
[2024-03-14T16:27:50.603+0000] {logging_mixin.py:188} INFO - [2024-03-14T16:27:50.603+0000] {dag.py:3834} INFO - Setting next_dagrun for example_weekday_branch_operator to 2024-03-13 00:00:00+00:00, run_after=2024-03-14 00:00:00+00:00
[2024-03-14T16:27:50.688+0000] {processor.py:183} INFO - Processing /usr/local/lib/python3.8/dist-packages/airflow/example_dags/example_branch_day_of_week_operator.py took 0.141 seconds
[2024-03-14T16:29:01.271+0000] {processor.py:161} INFO - Started process (PID=1146) to work on /usr/local/lib/python3.8/dist-packages/airflow/example_dags/example_branch_day_of_week_operator.py
[2024-03-14T16:29:01.273+0000] {processor.py:830} INFO - Processing file /usr/local/lib/python3.8/dist-packages/airflow/example_dags/example_branch_day_of_week_operator.py for tasks to queue
[2024-03-14T16:29:01.274+0000] {logging_mixin.py:188} INFO - [2024-03-14T16:29:01.273+0000] {dagbag.py:540} INFO - Filling up the DagBag from /usr/local/lib/python3.8/dist-packages/airflow/example_dags/example_branch_day_of_week_operator.py
[2024-03-14T16:29:01.282+0000] {processor.py:840} INFO - DAG(s) 'example_weekday_branch_operator' retrieved from /usr/local/lib/python3.8/dist-packages/airflow/example_dags/example_branch_day_of_week_operator.py
[2024-03-14T16:29:01.300+0000] {logging_mixin.py:188} INFO - [2024-03-14T16:29:01.300+0000] {dag.py:3047} INFO - Sync 1 DAGs
[2024-03-14T16:29:01.318+0000] {logging_mixin.py:188} INFO - [2024-03-14T16:29:01.318+0000] {dag.py:3834} INFO - Setting next_dagrun for example_weekday_branch_operator to 2024-03-13 00:00:00+00:00, run_after=2024-03-14 00:00:00+00:00
[2024-03-14T16:29:01.391+0000] {processor.py:183} INFO - Processing /usr/local/lib/python3.8/dist-packages/airflow/example_dags/example_branch_day_of_week_operator.py took 0.124 seconds
[2024-03-14T16:30:54.215+0000] {processor.py:161} INFO - Started process (PID=1341) to work on /usr/local/lib/python3.8/dist-packages/airflow/example_dags/example_branch_day_of_week_operator.py
[2024-03-14T16:30:54.217+0000] {processor.py:830} INFO - Processing file /usr/local/lib/python3.8/dist-packages/airflow/example_dags/example_branch_day_of_week_operator.py for tasks to queue
[2024-03-14T16:30:54.218+0000] {logging_mixin.py:188} INFO - [2024-03-14T16:30:54.217+0000] {dagbag.py:540} INFO - Filling up the DagBag from /usr/local/lib/python3.8/dist-packages/airflow/example_dags/example_branch_day_of_week_operator.py
[2024-03-14T16:30:54.227+0000] {processor.py:840} INFO - DAG(s) 'example_weekday_branch_operator' retrieved from /usr/local/lib/python3.8/dist-packages/airflow/example_dags/example_branch_day_of_week_operator.py
[2024-03-14T16:30:54.245+0000] {logging_mixin.py:188} INFO - [2024-03-14T16:30:54.244+0000] {dag.py:3047} INFO - Sync 1 DAGs
[2024-03-14T16:30:54.268+0000] {logging_mixin.py:188} INFO - [2024-03-14T16:30:54.268+0000] {dag.py:3834} INFO - Setting next_dagrun for example_weekday_branch_operator to 2024-03-13 00:00:00+00:00, run_after=2024-03-14 00:00:00+00:00
[2024-03-14T16:30:54.297+0000] {processor.py:183} INFO - Processing /usr/local/lib/python3.8/dist-packages/airflow/example_dags/example_branch_day_of_week_operator.py took 0.086 seconds
[2024-03-14T16:32:02.938+0000] {processor.py:161} INFO - Started process (PID=1455) to work on /usr/local/lib/python3.8/dist-packages/airflow/example_dags/example_branch_day_of_week_operator.py
[2024-03-14T16:32:02.940+0000] {processor.py:830} INFO - Processing file /usr/local/lib/python3.8/dist-packages/airflow/example_dags/example_branch_day_of_week_operator.py for tasks to queue
[2024-03-14T16:32:02.941+0000] {logging_mixin.py:188} INFO - [2024-03-14T16:32:02.941+0000] {dagbag.py:540} INFO - Filling up the DagBag from /usr/local/lib/python3.8/dist-packages/airflow/example_dags/example_branch_day_of_week_operator.py
[2024-03-14T16:32:02.950+0000] {processor.py:840} INFO - DAG(s) 'example_weekday_branch_operator' retrieved from /usr/local/lib/python3.8/dist-packages/airflow/example_dags/example_branch_day_of_week_operator.py
[2024-03-14T16:32:02.968+0000] {logging_mixin.py:188} INFO - [2024-03-14T16:32:02.968+0000] {dag.py:3047} INFO - Sync 1 DAGs
[2024-03-14T16:32:02.991+0000] {logging_mixin.py:188} INFO - [2024-03-14T16:32:02.990+0000] {dag.py:3834} INFO - Setting next_dagrun for example_weekday_branch_operator to 2024-03-13 00:00:00+00:00, run_after=2024-03-14 00:00:00+00:00
[2024-03-14T16:32:03.027+0000] {processor.py:183} INFO - Processing /usr/local/lib/python3.8/dist-packages/airflow/example_dags/example_branch_day_of_week_operator.py took 0.092 seconds
[2024-03-14T16:33:15.019+0000] {processor.py:161} INFO - Started process (PID=1668) to work on /usr/local/lib/python3.8/dist-packages/airflow/example_dags/example_branch_day_of_week_operator.py
[2024-03-14T16:33:15.021+0000] {processor.py:830} INFO - Processing file /usr/local/lib/python3.8/dist-packages/airflow/example_dags/example_branch_day_of_week_operator.py for tasks to queue
[2024-03-14T16:33:15.022+0000] {logging_mixin.py:188} INFO - [2024-03-14T16:33:15.021+0000] {dagbag.py:540} INFO - Filling up the DagBag from /usr/local/lib/python3.8/dist-packages/airflow/example_dags/example_branch_day_of_week_operator.py
[2024-03-14T16:33:15.029+0000] {processor.py:840} INFO - DAG(s) 'example_weekday_branch_operator' retrieved from /usr/local/lib/python3.8/dist-packages/airflow/example_dags/example_branch_day_of_week_operator.py
[2024-03-14T16:33:15.043+0000] {logging_mixin.py:188} INFO - [2024-03-14T16:33:15.043+0000] {dag.py:3047} INFO - Sync 1 DAGs
[2024-03-14T16:33:15.061+0000] {logging_mixin.py:188} INFO - [2024-03-14T16:33:15.061+0000] {dag.py:3834} INFO - Setting next_dagrun for example_weekday_branch_operator to 2024-03-13 00:00:00+00:00, run_after=2024-03-14 00:00:00+00:00
[2024-03-14T16:33:15.139+0000] {processor.py:183} INFO - Processing /usr/local/lib/python3.8/dist-packages/airflow/example_dags/example_branch_day_of_week_operator.py took 0.123 seconds
[2024-03-14T16:34:55.507+0000] {processor.py:161} INFO - Started process (PID=1834) to work on /usr/local/lib/python3.8/dist-packages/airflow/example_dags/example_branch_day_of_week_operator.py
[2024-03-14T16:34:55.509+0000] {processor.py:830} INFO - Processing file /usr/local/lib/python3.8/dist-packages/airflow/example_dags/example_branch_day_of_week_operator.py for tasks to queue
[2024-03-14T16:34:55.510+0000] {logging_mixin.py:188} INFO - [2024-03-14T16:34:55.510+0000] {dagbag.py:540} INFO - Filling up the DagBag from /usr/local/lib/python3.8/dist-packages/airflow/example_dags/example_branch_day_of_week_operator.py
[2024-03-14T16:34:55.519+0000] {processor.py:840} INFO - DAG(s) 'example_weekday_branch_operator' retrieved from /usr/local/lib/python3.8/dist-packages/airflow/example_dags/example_branch_day_of_week_operator.py
[2024-03-14T16:34:55.537+0000] {logging_mixin.py:188} INFO - [2024-03-14T16:34:55.537+0000] {dag.py:3047} INFO - Sync 1 DAGs
[2024-03-14T16:34:55.560+0000] {logging_mixin.py:188} INFO - [2024-03-14T16:34:55.559+0000] {dag.py:3834} INFO - Setting next_dagrun for example_weekday_branch_operator to 2024-03-13 00:00:00+00:00, run_after=2024-03-14 00:00:00+00:00
[2024-03-14T16:34:55.585+0000] {processor.py:183} INFO - Processing /usr/local/lib/python3.8/dist-packages/airflow/example_dags/example_branch_day_of_week_operator.py took 0.082 seconds
[2024-03-14T16:36:33.295+0000] {processor.py:161} INFO - Started process (PID=2011) to work on /usr/local/lib/python3.8/dist-packages/airflow/example_dags/example_branch_day_of_week_operator.py
[2024-03-14T16:36:33.297+0000] {processor.py:830} INFO - Processing file /usr/local/lib/python3.8/dist-packages/airflow/example_dags/example_branch_day_of_week_operator.py for tasks to queue
[2024-03-14T16:36:33.298+0000] {logging_mixin.py:188} INFO - [2024-03-14T16:36:33.298+0000] {dagbag.py:540} INFO - Filling up the DagBag from /usr/local/lib/python3.8/dist-packages/airflow/example_dags/example_branch_day_of_week_operator.py
[2024-03-14T16:36:33.307+0000] {processor.py:840} INFO - DAG(s) 'example_weekday_branch_operator' retrieved from /usr/local/lib/python3.8/dist-packages/airflow/example_dags/example_branch_day_of_week_operator.py
[2024-03-14T16:36:33.325+0000] {logging_mixin.py:188} INFO - [2024-03-14T16:36:33.325+0000] {dag.py:3047} INFO - Sync 1 DAGs
[2024-03-14T16:36:33.348+0000] {logging_mixin.py:188} INFO - [2024-03-14T16:36:33.348+0000] {dag.py:3834} INFO - Setting next_dagrun for example_weekday_branch_operator to 2024-03-13 00:00:00+00:00, run_after=2024-03-14 00:00:00+00:00
[2024-03-14T16:36:33.452+0000] {processor.py:183} INFO - Processing /usr/local/lib/python3.8/dist-packages/airflow/example_dags/example_branch_day_of_week_operator.py took 0.160 seconds
[2024-03-14T16:38:03.527+0000] {processor.py:161} INFO - Started process (PID=2188) to work on /usr/local/lib/python3.8/dist-packages/airflow/example_dags/example_branch_day_of_week_operator.py
[2024-03-14T16:38:03.530+0000] {processor.py:830} INFO - Processing file /usr/local/lib/python3.8/dist-packages/airflow/example_dags/example_branch_day_of_week_operator.py for tasks to queue
[2024-03-14T16:38:03.531+0000] {logging_mixin.py:188} INFO - [2024-03-14T16:38:03.531+0000] {dagbag.py:540} INFO - Filling up the DagBag from /usr/local/lib/python3.8/dist-packages/airflow/example_dags/example_branch_day_of_week_operator.py
[2024-03-14T16:38:03.540+0000] {processor.py:840} INFO - DAG(s) 'example_weekday_branch_operator' retrieved from /usr/local/lib/python3.8/dist-packages/airflow/example_dags/example_branch_day_of_week_operator.py
[2024-03-14T16:38:03.558+0000] {logging_mixin.py:188} INFO - [2024-03-14T16:38:03.558+0000] {dag.py:3047} INFO - Sync 1 DAGs
[2024-03-14T16:38:03.581+0000] {logging_mixin.py:188} INFO - [2024-03-14T16:38:03.580+0000] {dag.py:3834} INFO - Setting next_dagrun for example_weekday_branch_operator to 2024-03-13 00:00:00+00:00, run_after=2024-03-14 00:00:00+00:00
[2024-03-14T16:38:03.609+0000] {processor.py:183} INFO - Processing /usr/local/lib/python3.8/dist-packages/airflow/example_dags/example_branch_day_of_week_operator.py took 0.085 seconds
[2024-03-14T16:39:19.090+0000] {processor.py:161} INFO - Started process (PID=2308) to work on /usr/local/lib/python3.8/dist-packages/airflow/example_dags/example_branch_day_of_week_operator.py
[2024-03-14T16:39:19.092+0000] {processor.py:830} INFO - Processing file /usr/local/lib/python3.8/dist-packages/airflow/example_dags/example_branch_day_of_week_operator.py for tasks to queue
[2024-03-14T16:39:19.093+0000] {logging_mixin.py:188} INFO - [2024-03-14T16:39:19.093+0000] {dagbag.py:540} INFO - Filling up the DagBag from /usr/local/lib/python3.8/dist-packages/airflow/example_dags/example_branch_day_of_week_operator.py
[2024-03-14T16:39:19.101+0000] {processor.py:840} INFO - DAG(s) 'example_weekday_branch_operator' retrieved from /usr/local/lib/python3.8/dist-packages/airflow/example_dags/example_branch_day_of_week_operator.py
[2024-03-14T16:39:19.120+0000] {logging_mixin.py:188} INFO - [2024-03-14T16:39:19.119+0000] {dag.py:3047} INFO - Sync 1 DAGs
[2024-03-14T16:39:19.143+0000] {logging_mixin.py:188} INFO - [2024-03-14T16:39:19.142+0000] {dag.py:3834} INFO - Setting next_dagrun for example_weekday_branch_operator to 2024-03-13 00:00:00+00:00, run_after=2024-03-14 00:00:00+00:00
[2024-03-14T16:39:19.243+0000] {processor.py:183} INFO - Processing /usr/local/lib/python3.8/dist-packages/airflow/example_dags/example_branch_day_of_week_operator.py took 0.156 seconds
[2024-03-14T16:40:28.500+0000] {processor.py:161} INFO - Started process (PID=2422) to work on /usr/local/lib/python3.8/dist-packages/airflow/example_dags/example_branch_day_of_week_operator.py
[2024-03-14T16:40:28.502+0000] {processor.py:830} INFO - Processing file /usr/local/lib/python3.8/dist-packages/airflow/example_dags/example_branch_day_of_week_operator.py for tasks to queue
[2024-03-14T16:40:28.503+0000] {logging_mixin.py:188} INFO - [2024-03-14T16:40:28.502+0000] {dagbag.py:540} INFO - Filling up the DagBag from /usr/local/lib/python3.8/dist-packages/airflow/example_dags/example_branch_day_of_week_operator.py
[2024-03-14T16:40:28.511+0000] {processor.py:840} INFO - DAG(s) 'example_weekday_branch_operator' retrieved from /usr/local/lib/python3.8/dist-packages/airflow/example_dags/example_branch_day_of_week_operator.py
[2024-03-14T16:40:28.530+0000] {logging_mixin.py:188} INFO - [2024-03-14T16:40:28.529+0000] {dag.py:3047} INFO - Sync 1 DAGs
[2024-03-14T16:40:28.553+0000] {logging_mixin.py:188} INFO - [2024-03-14T16:40:28.553+0000] {dag.py:3834} INFO - Setting next_dagrun for example_weekday_branch_operator to 2024-03-13 00:00:00+00:00, run_after=2024-03-14 00:00:00+00:00
[2024-03-14T16:40:28.582+0000] {processor.py:183} INFO - Processing /usr/local/lib/python3.8/dist-packages/airflow/example_dags/example_branch_day_of_week_operator.py took 0.085 seconds
[2024-03-14T16:41:39.764+0000] {processor.py:161} INFO - Started process (PID=2532) to work on /usr/local/lib/python3.8/dist-packages/airflow/example_dags/example_branch_day_of_week_operator.py
[2024-03-14T16:41:39.766+0000] {processor.py:830} INFO - Processing file /usr/local/lib/python3.8/dist-packages/airflow/example_dags/example_branch_day_of_week_operator.py for tasks to queue
[2024-03-14T16:41:39.767+0000] {logging_mixin.py:188} INFO - [2024-03-14T16:41:39.766+0000] {dagbag.py:540} INFO - Filling up the DagBag from /usr/local/lib/python3.8/dist-packages/airflow/example_dags/example_branch_day_of_week_operator.py
[2024-03-14T16:41:39.775+0000] {processor.py:840} INFO - DAG(s) 'example_weekday_branch_operator' retrieved from /usr/local/lib/python3.8/dist-packages/airflow/example_dags/example_branch_day_of_week_operator.py
[2024-03-14T16:41:39.794+0000] {logging_mixin.py:188} INFO - [2024-03-14T16:41:39.794+0000] {dag.py:3047} INFO - Sync 1 DAGs
[2024-03-14T16:41:39.818+0000] {logging_mixin.py:188} INFO - [2024-03-14T16:41:39.817+0000] {dag.py:3834} INFO - Setting next_dagrun for example_weekday_branch_operator to 2024-03-13 00:00:00+00:00, run_after=2024-03-14 00:00:00+00:00
[2024-03-14T16:41:39.846+0000] {processor.py:183} INFO - Processing /usr/local/lib/python3.8/dist-packages/airflow/example_dags/example_branch_day_of_week_operator.py took 0.086 seconds
[2024-03-14T16:43:00.574+0000] {processor.py:161} INFO - Started process (PID=2649) to work on /usr/local/lib/python3.8/dist-packages/airflow/example_dags/example_branch_day_of_week_operator.py
[2024-03-14T16:43:00.713+0000] {processor.py:830} INFO - Processing file /usr/local/lib/python3.8/dist-packages/airflow/example_dags/example_branch_day_of_week_operator.py for tasks to queue
[2024-03-14T16:43:00.714+0000] {logging_mixin.py:188} INFO - [2024-03-14T16:43:00.713+0000] {dagbag.py:540} INFO - Filling up the DagBag from /usr/local/lib/python3.8/dist-packages/airflow/example_dags/example_branch_day_of_week_operator.py
[2024-03-14T16:43:00.723+0000] {processor.py:840} INFO - DAG(s) 'example_weekday_branch_operator' retrieved from /usr/local/lib/python3.8/dist-packages/airflow/example_dags/example_branch_day_of_week_operator.py
[2024-03-14T16:43:00.741+0000] {logging_mixin.py:188} INFO - [2024-03-14T16:43:00.741+0000] {dag.py:3047} INFO - Sync 1 DAGs
[2024-03-14T16:43:00.764+0000] {logging_mixin.py:188} INFO - [2024-03-14T16:43:00.764+0000] {dag.py:3834} INFO - Setting next_dagrun for example_weekday_branch_operator to 2024-03-13 00:00:00+00:00, run_after=2024-03-14 00:00:00+00:00
[2024-03-14T16:43:01.146+0000] {processor.py:183} INFO - Processing /usr/local/lib/python3.8/dist-packages/airflow/example_dags/example_branch_day_of_week_operator.py took 0.575 seconds
[2024-03-14T16:44:43.382+0000] {processor.py:161} INFO - Started process (PID=2829) to work on /usr/local/lib/python3.8/dist-packages/airflow/example_dags/example_branch_day_of_week_operator.py
[2024-03-14T16:44:43.385+0000] {processor.py:830} INFO - Processing file /usr/local/lib/python3.8/dist-packages/airflow/example_dags/example_branch_day_of_week_operator.py for tasks to queue
[2024-03-14T16:44:43.386+0000] {logging_mixin.py:188} INFO - [2024-03-14T16:44:43.385+0000] {dagbag.py:540} INFO - Filling up the DagBag from /usr/local/lib/python3.8/dist-packages/airflow/example_dags/example_branch_day_of_week_operator.py
[2024-03-14T16:44:43.394+0000] {processor.py:840} INFO - DAG(s) 'example_weekday_branch_operator' retrieved from /usr/local/lib/python3.8/dist-packages/airflow/example_dags/example_branch_day_of_week_operator.py
[2024-03-14T16:44:43.413+0000] {logging_mixin.py:188} INFO - [2024-03-14T16:44:43.412+0000] {dag.py:3047} INFO - Sync 1 DAGs
[2024-03-14T16:44:43.436+0000] {logging_mixin.py:188} INFO - [2024-03-14T16:44:43.435+0000] {dag.py:3834} INFO - Setting next_dagrun for example_weekday_branch_operator to 2024-03-13 00:00:00+00:00, run_after=2024-03-14 00:00:00+00:00
[2024-03-14T16:44:43.533+0000] {processor.py:183} INFO - Processing /usr/local/lib/python3.8/dist-packages/airflow/example_dags/example_branch_day_of_week_operator.py took 0.154 seconds
[2024-03-14T16:56:24.608+0000] {processor.py:161} INFO - Started process (PID=3263) to work on /usr/local/lib/python3.8/dist-packages/airflow/example_dags/example_branch_day_of_week_operator.py
[2024-03-14T16:56:24.631+0000] {processor.py:830} INFO - Processing file /usr/local/lib/python3.8/dist-packages/airflow/example_dags/example_branch_day_of_week_operator.py for tasks to queue
[2024-03-14T16:56:24.633+0000] {logging_mixin.py:188} INFO - [2024-03-14T16:56:24.632+0000] {dagbag.py:540} INFO - Filling up the DagBag from /usr/local/lib/python3.8/dist-packages/airflow/example_dags/example_branch_day_of_week_operator.py
[2024-03-14T16:56:24.643+0000] {processor.py:840} INFO - DAG(s) 'example_weekday_branch_operator' retrieved from /usr/local/lib/python3.8/dist-packages/airflow/example_dags/example_branch_day_of_week_operator.py
[2024-03-14T16:56:24.662+0000] {logging_mixin.py:188} INFO - [2024-03-14T16:56:24.662+0000] {dag.py:3047} INFO - Sync 1 DAGs
[2024-03-14T16:56:24.682+0000] {logging_mixin.py:188} INFO - [2024-03-14T16:56:24.682+0000] {dag.py:3834} INFO - Setting next_dagrun for example_weekday_branch_operator to 2024-03-13 00:00:00+00:00, run_after=2024-03-14 00:00:00+00:00
[2024-03-14T16:56:25.302+0000] {processor.py:183} INFO - Processing /usr/local/lib/python3.8/dist-packages/airflow/example_dags/example_branch_day_of_week_operator.py took 0.698 seconds
[2024-03-14T16:58:21.249+0000] {processor.py:161} INFO - Started process (PID=3458) to work on /usr/local/lib/python3.8/dist-packages/airflow/example_dags/example_branch_day_of_week_operator.py
[2024-03-14T16:58:21.251+0000] {processor.py:830} INFO - Processing file /usr/local/lib/python3.8/dist-packages/airflow/example_dags/example_branch_day_of_week_operator.py for tasks to queue
[2024-03-14T16:58:21.252+0000] {logging_mixin.py:188} INFO - [2024-03-14T16:58:21.252+0000] {dagbag.py:540} INFO - Filling up the DagBag from /usr/local/lib/python3.8/dist-packages/airflow/example_dags/example_branch_day_of_week_operator.py
[2024-03-14T16:58:21.262+0000] {processor.py:840} INFO - DAG(s) 'example_weekday_branch_operator' retrieved from /usr/local/lib/python3.8/dist-packages/airflow/example_dags/example_branch_day_of_week_operator.py
[2024-03-14T16:58:21.282+0000] {logging_mixin.py:188} INFO - [2024-03-14T16:58:21.282+0000] {dag.py:3047} INFO - Sync 1 DAGs
[2024-03-14T16:58:21.306+0000] {logging_mixin.py:188} INFO - [2024-03-14T16:58:21.306+0000] {dag.py:3834} INFO - Setting next_dagrun for example_weekday_branch_operator to 2024-03-13 00:00:00+00:00, run_after=2024-03-14 00:00:00+00:00
[2024-03-14T16:58:21.466+0000] {processor.py:183} INFO - Processing /usr/local/lib/python3.8/dist-packages/airflow/example_dags/example_branch_day_of_week_operator.py took 0.221 seconds
