[2024-03-14T16:22:55.047+0000] {processor.py:161} INFO - Started process (PID=558) to work on /usr/local/lib/python3.8/dist-packages/airflow/example_dags/example_external_task_marker_dag.py
[2024-03-14T16:22:55.048+0000] {processor.py:830} INFO - Processing file /usr/local/lib/python3.8/dist-packages/airflow/example_dags/example_external_task_marker_dag.py for tasks to queue
[2024-03-14T16:22:55.049+0000] {logging_mixin.py:188} INFO - [2024-03-14T16:22:55.048+0000] {dagbag.py:540} INFO - Filling up the DagBag from /usr/local/lib/python3.8/dist-packages/airflow/example_dags/example_external_task_marker_dag.py
[2024-03-14T16:22:55.055+0000] {processor.py:840} INFO - DAG(s) 'example_external_task_marker_child', 'example_external_task_marker_parent' retrieved from /usr/local/lib/python3.8/dist-packages/airflow/example_dags/example_external_task_marker_dag.py
[2024-03-14T16:22:55.188+0000] {logging_mixin.py:188} INFO - [2024-03-14T16:22:55.187+0000] {dag.py:3047} INFO - Sync 2 DAGs
[2024-03-14T16:22:55.308+0000] {logging_mixin.py:188} INFO - [2024-03-14T16:22:55.308+0000] {dag.py:3834} INFO - Setting next_dagrun for example_external_task_marker_child to None, run_after=None
[2024-03-14T16:22:55.312+0000] {logging_mixin.py:188} INFO - [2024-03-14T16:22:55.311+0000] {dag.py:3834} INFO - Setting next_dagrun for example_external_task_marker_parent to None, run_after=None
[2024-03-14T16:22:55.405+0000] {processor.py:183} INFO - Processing /usr/local/lib/python3.8/dist-packages/airflow/example_dags/example_external_task_marker_dag.py took 0.362 seconds
[2024-03-14T16:24:14.587+0000] {processor.py:161} INFO - Started process (PID=686) to work on /usr/local/lib/python3.8/dist-packages/airflow/example_dags/example_external_task_marker_dag.py
[2024-03-14T16:24:14.600+0000] {processor.py:830} INFO - Processing file /usr/local/lib/python3.8/dist-packages/airflow/example_dags/example_external_task_marker_dag.py for tasks to queue
[2024-03-14T16:24:14.601+0000] {logging_mixin.py:188} INFO - [2024-03-14T16:24:14.601+0000] {dagbag.py:540} INFO - Filling up the DagBag from /usr/local/lib/python3.8/dist-packages/airflow/example_dags/example_external_task_marker_dag.py
[2024-03-14T16:24:14.608+0000] {processor.py:840} INFO - DAG(s) 'example_external_task_marker_child', 'example_external_task_marker_parent' retrieved from /usr/local/lib/python3.8/dist-packages/airflow/example_dags/example_external_task_marker_dag.py
[2024-03-14T16:24:14.626+0000] {logging_mixin.py:188} INFO - [2024-03-14T16:24:14.626+0000] {dag.py:3047} INFO - Sync 2 DAGs
[2024-03-14T16:24:14.637+0000] {logging_mixin.py:188} INFO - [2024-03-14T16:24:14.637+0000] {dag.py:3834} INFO - Setting next_dagrun for example_external_task_marker_child to None, run_after=None
[2024-03-14T16:24:14.640+0000] {logging_mixin.py:188} INFO - [2024-03-14T16:24:14.640+0000] {dag.py:3834} INFO - Setting next_dagrun for example_external_task_marker_parent to None, run_after=None
[2024-03-14T16:24:14.744+0000] {processor.py:183} INFO - Processing /usr/local/lib/python3.8/dist-packages/airflow/example_dags/example_external_task_marker_dag.py took 0.160 seconds
[2024-03-14T16:25:17.682+0000] {processor.py:161} INFO - Started process (PID=793) to work on /usr/local/lib/python3.8/dist-packages/airflow/example_dags/example_external_task_marker_dag.py
[2024-03-14T16:25:17.684+0000] {processor.py:830} INFO - Processing file /usr/local/lib/python3.8/dist-packages/airflow/example_dags/example_external_task_marker_dag.py for tasks to queue
[2024-03-14T16:25:17.685+0000] {logging_mixin.py:188} INFO - [2024-03-14T16:25:17.685+0000] {dagbag.py:540} INFO - Filling up the DagBag from /usr/local/lib/python3.8/dist-packages/airflow/example_dags/example_external_task_marker_dag.py
[2024-03-14T16:25:17.692+0000] {processor.py:840} INFO - DAG(s) 'example_external_task_marker_child', 'example_external_task_marker_parent' retrieved from /usr/local/lib/python3.8/dist-packages/airflow/example_dags/example_external_task_marker_dag.py
[2024-03-14T16:25:17.710+0000] {logging_mixin.py:188} INFO - [2024-03-14T16:25:17.709+0000] {dag.py:3047} INFO - Sync 2 DAGs
[2024-03-14T16:25:17.719+0000] {logging_mixin.py:188} INFO - [2024-03-14T16:25:17.719+0000] {dag.py:3834} INFO - Setting next_dagrun for example_external_task_marker_child to None, run_after=None
[2024-03-14T16:25:17.722+0000] {logging_mixin.py:188} INFO - [2024-03-14T16:25:17.722+0000] {dag.py:3834} INFO - Setting next_dagrun for example_external_task_marker_parent to None, run_after=None
[2024-03-14T16:25:17.820+0000] {processor.py:183} INFO - Processing /usr/local/lib/python3.8/dist-packages/airflow/example_dags/example_external_task_marker_dag.py took 0.142 seconds
[2024-03-14T16:26:20.994+0000] {processor.py:161} INFO - Started process (PID=887) to work on /usr/local/lib/python3.8/dist-packages/airflow/example_dags/example_external_task_marker_dag.py
[2024-03-14T16:26:20.996+0000] {processor.py:830} INFO - Processing file /usr/local/lib/python3.8/dist-packages/airflow/example_dags/example_external_task_marker_dag.py for tasks to queue
[2024-03-14T16:26:20.997+0000] {logging_mixin.py:188} INFO - [2024-03-14T16:26:20.996+0000] {dagbag.py:540} INFO - Filling up the DagBag from /usr/local/lib/python3.8/dist-packages/airflow/example_dags/example_external_task_marker_dag.py
[2024-03-14T16:26:21.003+0000] {processor.py:840} INFO - DAG(s) 'example_external_task_marker_parent', 'example_external_task_marker_child' retrieved from /usr/local/lib/python3.8/dist-packages/airflow/example_dags/example_external_task_marker_dag.py
[2024-03-14T16:26:21.021+0000] {logging_mixin.py:188} INFO - [2024-03-14T16:26:21.021+0000] {dag.py:3047} INFO - Sync 2 DAGs
[2024-03-14T16:26:21.031+0000] {logging_mixin.py:188} INFO - [2024-03-14T16:26:21.030+0000] {dag.py:3834} INFO - Setting next_dagrun for example_external_task_marker_child to None, run_after=None
[2024-03-14T16:26:21.033+0000] {logging_mixin.py:188} INFO - [2024-03-14T16:26:21.033+0000] {dag.py:3834} INFO - Setting next_dagrun for example_external_task_marker_parent to None, run_after=None
[2024-03-14T16:26:21.107+0000] {processor.py:183} INFO - Processing /usr/local/lib/python3.8/dist-packages/airflow/example_dags/example_external_task_marker_dag.py took 0.116 seconds
[2024-03-14T16:27:29.751+0000] {processor.py:161} INFO - Started process (PID=1004) to work on /usr/local/lib/python3.8/dist-packages/airflow/example_dags/example_external_task_marker_dag.py
[2024-03-14T16:27:29.754+0000] {processor.py:830} INFO - Processing file /usr/local/lib/python3.8/dist-packages/airflow/example_dags/example_external_task_marker_dag.py for tasks to queue
[2024-03-14T16:27:29.755+0000] {logging_mixin.py:188} INFO - [2024-03-14T16:27:29.754+0000] {dagbag.py:540} INFO - Filling up the DagBag from /usr/local/lib/python3.8/dist-packages/airflow/example_dags/example_external_task_marker_dag.py
[2024-03-14T16:27:29.762+0000] {processor.py:840} INFO - DAG(s) 'example_external_task_marker_parent', 'example_external_task_marker_child' retrieved from /usr/local/lib/python3.8/dist-packages/airflow/example_dags/example_external_task_marker_dag.py
[2024-03-14T16:27:29.782+0000] {logging_mixin.py:188} INFO - [2024-03-14T16:27:29.782+0000] {dag.py:3047} INFO - Sync 2 DAGs
[2024-03-14T16:27:29.793+0000] {logging_mixin.py:188} INFO - [2024-03-14T16:27:29.793+0000] {dag.py:3834} INFO - Setting next_dagrun for example_external_task_marker_child to None, run_after=None
[2024-03-14T16:27:29.796+0000] {logging_mixin.py:188} INFO - [2024-03-14T16:27:29.796+0000] {dag.py:3834} INFO - Setting next_dagrun for example_external_task_marker_parent to None, run_after=None
[2024-03-14T16:27:29.832+0000] {processor.py:183} INFO - Processing /usr/local/lib/python3.8/dist-packages/airflow/example_dags/example_external_task_marker_dag.py took 0.085 seconds
[2024-03-14T16:28:39.727+0000] {processor.py:161} INFO - Started process (PID=1120) to work on /usr/local/lib/python3.8/dist-packages/airflow/example_dags/example_external_task_marker_dag.py
[2024-03-14T16:28:39.729+0000] {processor.py:830} INFO - Processing file /usr/local/lib/python3.8/dist-packages/airflow/example_dags/example_external_task_marker_dag.py for tasks to queue
[2024-03-14T16:28:39.730+0000] {logging_mixin.py:188} INFO - [2024-03-14T16:28:39.730+0000] {dagbag.py:540} INFO - Filling up the DagBag from /usr/local/lib/python3.8/dist-packages/airflow/example_dags/example_external_task_marker_dag.py
[2024-03-14T16:28:39.737+0000] {processor.py:840} INFO - DAG(s) 'example_external_task_marker_child', 'example_external_task_marker_parent' retrieved from /usr/local/lib/python3.8/dist-packages/airflow/example_dags/example_external_task_marker_dag.py
[2024-03-14T16:28:39.754+0000] {logging_mixin.py:188} INFO - [2024-03-14T16:28:39.754+0000] {dag.py:3047} INFO - Sync 2 DAGs
[2024-03-14T16:28:39.764+0000] {logging_mixin.py:188} INFO - [2024-03-14T16:28:39.764+0000] {dag.py:3834} INFO - Setting next_dagrun for example_external_task_marker_child to None, run_after=None
[2024-03-14T16:28:39.767+0000] {logging_mixin.py:188} INFO - [2024-03-14T16:28:39.766+0000] {dag.py:3834} INFO - Setting next_dagrun for example_external_task_marker_parent to None, run_after=None
[2024-03-14T16:28:39.858+0000] {processor.py:183} INFO - Processing /usr/local/lib/python3.8/dist-packages/airflow/example_dags/example_external_task_marker_dag.py took 0.134 seconds
[2024-03-14T16:30:20.215+0000] {processor.py:161} INFO - Started process (PID=1282) to work on /usr/local/lib/python3.8/dist-packages/airflow/example_dags/example_external_task_marker_dag.py
[2024-03-14T16:30:20.217+0000] {processor.py:830} INFO - Processing file /usr/local/lib/python3.8/dist-packages/airflow/example_dags/example_external_task_marker_dag.py for tasks to queue
[2024-03-14T16:30:20.218+0000] {logging_mixin.py:188} INFO - [2024-03-14T16:30:20.218+0000] {dagbag.py:540} INFO - Filling up the DagBag from /usr/local/lib/python3.8/dist-packages/airflow/example_dags/example_external_task_marker_dag.py
[2024-03-14T16:30:20.225+0000] {processor.py:840} INFO - DAG(s) 'example_external_task_marker_parent', 'example_external_task_marker_child' retrieved from /usr/local/lib/python3.8/dist-packages/airflow/example_dags/example_external_task_marker_dag.py
[2024-03-14T16:30:20.245+0000] {logging_mixin.py:188} INFO - [2024-03-14T16:30:20.245+0000] {dag.py:3047} INFO - Sync 2 DAGs
[2024-03-14T16:30:20.258+0000] {logging_mixin.py:188} INFO - [2024-03-14T16:30:20.258+0000] {dag.py:3834} INFO - Setting next_dagrun for example_external_task_marker_child to None, run_after=None
[2024-03-14T16:30:20.262+0000] {logging_mixin.py:188} INFO - [2024-03-14T16:30:20.261+0000] {dag.py:3834} INFO - Setting next_dagrun for example_external_task_marker_parent to None, run_after=None
[2024-03-14T16:30:20.323+0000] {processor.py:183} INFO - Processing /usr/local/lib/python3.8/dist-packages/airflow/example_dags/example_external_task_marker_dag.py took 0.111 seconds
[2024-03-14T16:31:42.971+0000] {processor.py:161} INFO - Started process (PID=1430) to work on /usr/local/lib/python3.8/dist-packages/airflow/example_dags/example_external_task_marker_dag.py
[2024-03-14T16:31:42.973+0000] {processor.py:830} INFO - Processing file /usr/local/lib/python3.8/dist-packages/airflow/example_dags/example_external_task_marker_dag.py for tasks to queue
[2024-03-14T16:31:42.974+0000] {logging_mixin.py:188} INFO - [2024-03-14T16:31:42.974+0000] {dagbag.py:540} INFO - Filling up the DagBag from /usr/local/lib/python3.8/dist-packages/airflow/example_dags/example_external_task_marker_dag.py
[2024-03-14T16:31:42.981+0000] {processor.py:840} INFO - DAG(s) 'example_external_task_marker_parent', 'example_external_task_marker_child' retrieved from /usr/local/lib/python3.8/dist-packages/airflow/example_dags/example_external_task_marker_dag.py
[2024-03-14T16:31:43.001+0000] {logging_mixin.py:188} INFO - [2024-03-14T16:31:43.001+0000] {dag.py:3047} INFO - Sync 2 DAGs
[2024-03-14T16:31:43.013+0000] {logging_mixin.py:188} INFO - [2024-03-14T16:31:43.013+0000] {dag.py:3834} INFO - Setting next_dagrun for example_external_task_marker_child to None, run_after=None
[2024-03-14T16:31:43.017+0000] {logging_mixin.py:188} INFO - [2024-03-14T16:31:43.017+0000] {dag.py:3834} INFO - Setting next_dagrun for example_external_task_marker_parent to None, run_after=None
[2024-03-14T16:31:43.047+0000] {processor.py:183} INFO - Processing /usr/local/lib/python3.8/dist-packages/airflow/example_dags/example_external_task_marker_dag.py took 0.079 seconds
[2024-03-14T16:32:50.510+0000] {processor.py:161} INFO - Started process (PID=1543) to work on /usr/local/lib/python3.8/dist-packages/airflow/example_dags/example_external_task_marker_dag.py
[2024-03-14T16:32:50.512+0000] {processor.py:830} INFO - Processing file /usr/local/lib/python3.8/dist-packages/airflow/example_dags/example_external_task_marker_dag.py for tasks to queue
[2024-03-14T16:32:50.513+0000] {logging_mixin.py:188} INFO - [2024-03-14T16:32:50.513+0000] {dagbag.py:540} INFO - Filling up the DagBag from /usr/local/lib/python3.8/dist-packages/airflow/example_dags/example_external_task_marker_dag.py
[2024-03-14T16:32:50.520+0000] {processor.py:840} INFO - DAG(s) 'example_external_task_marker_child', 'example_external_task_marker_parent' retrieved from /usr/local/lib/python3.8/dist-packages/airflow/example_dags/example_external_task_marker_dag.py
[2024-03-14T16:32:50.540+0000] {logging_mixin.py:188} INFO - [2024-03-14T16:32:50.540+0000] {dag.py:3047} INFO - Sync 2 DAGs
[2024-03-14T16:32:50.553+0000] {logging_mixin.py:188} INFO - [2024-03-14T16:32:50.553+0000] {dag.py:3834} INFO - Setting next_dagrun for example_external_task_marker_child to None, run_after=None
[2024-03-14T16:32:50.556+0000] {logging_mixin.py:188} INFO - [2024-03-14T16:32:50.556+0000] {dag.py:3834} INFO - Setting next_dagrun for example_external_task_marker_parent to None, run_after=None
[2024-03-14T16:32:50.743+0000] {processor.py:183} INFO - Processing /usr/local/lib/python3.8/dist-packages/airflow/example_dags/example_external_task_marker_dag.py took 0.236 seconds
[2024-03-14T16:34:29.435+0000] {processor.py:161} INFO - Started process (PID=1804) to work on /usr/local/lib/python3.8/dist-packages/airflow/example_dags/example_external_task_marker_dag.py
[2024-03-14T16:34:29.438+0000] {processor.py:830} INFO - Processing file /usr/local/lib/python3.8/dist-packages/airflow/example_dags/example_external_task_marker_dag.py for tasks to queue
[2024-03-14T16:34:29.439+0000] {logging_mixin.py:188} INFO - [2024-03-14T16:34:29.439+0000] {dagbag.py:540} INFO - Filling up the DagBag from /usr/local/lib/python3.8/dist-packages/airflow/example_dags/example_external_task_marker_dag.py
[2024-03-14T16:34:29.446+0000] {processor.py:840} INFO - DAG(s) 'example_external_task_marker_child', 'example_external_task_marker_parent' retrieved from /usr/local/lib/python3.8/dist-packages/airflow/example_dags/example_external_task_marker_dag.py
[2024-03-14T16:34:29.466+0000] {logging_mixin.py:188} INFO - [2024-03-14T16:34:29.466+0000] {dag.py:3047} INFO - Sync 2 DAGs
[2024-03-14T16:34:29.479+0000] {logging_mixin.py:188} INFO - [2024-03-14T16:34:29.479+0000] {dag.py:3834} INFO - Setting next_dagrun for example_external_task_marker_child to None, run_after=None
[2024-03-14T16:34:29.482+0000] {logging_mixin.py:188} INFO - [2024-03-14T16:34:29.482+0000] {dag.py:3834} INFO - Setting next_dagrun for example_external_task_marker_parent to None, run_after=None
[2024-03-14T16:34:29.519+0000] {processor.py:183} INFO - Processing /usr/local/lib/python3.8/dist-packages/airflow/example_dags/example_external_task_marker_dag.py took 0.087 seconds
[2024-03-14T16:35:44.810+0000] {processor.py:161} INFO - Started process (PID=1924) to work on /usr/local/lib/python3.8/dist-packages/airflow/example_dags/example_external_task_marker_dag.py
[2024-03-14T16:35:44.811+0000] {processor.py:830} INFO - Processing file /usr/local/lib/python3.8/dist-packages/airflow/example_dags/example_external_task_marker_dag.py for tasks to queue
[2024-03-14T16:35:44.812+0000] {logging_mixin.py:188} INFO - [2024-03-14T16:35:44.812+0000] {dagbag.py:540} INFO - Filling up the DagBag from /usr/local/lib/python3.8/dist-packages/airflow/example_dags/example_external_task_marker_dag.py
[2024-03-14T16:35:44.819+0000] {processor.py:840} INFO - DAG(s) 'example_external_task_marker_parent', 'example_external_task_marker_child' retrieved from /usr/local/lib/python3.8/dist-packages/airflow/example_dags/example_external_task_marker_dag.py
[2024-03-14T16:35:44.836+0000] {logging_mixin.py:188} INFO - [2024-03-14T16:35:44.836+0000] {dag.py:3047} INFO - Sync 2 DAGs
[2024-03-14T16:35:44.846+0000] {logging_mixin.py:188} INFO - [2024-03-14T16:35:44.846+0000] {dag.py:3834} INFO - Setting next_dagrun for example_external_task_marker_child to None, run_after=None
[2024-03-14T16:35:44.849+0000] {logging_mixin.py:188} INFO - [2024-03-14T16:35:44.849+0000] {dag.py:3834} INFO - Setting next_dagrun for example_external_task_marker_parent to None, run_after=None
[2024-03-14T16:35:44.872+0000] {processor.py:183} INFO - Processing /usr/local/lib/python3.8/dist-packages/airflow/example_dags/example_external_task_marker_dag.py took 0.066 seconds
[2024-03-14T16:37:19.654+0000] {processor.py:161} INFO - Started process (PID=2100) to work on /usr/local/lib/python3.8/dist-packages/airflow/example_dags/example_external_task_marker_dag.py
[2024-03-14T16:37:19.656+0000] {processor.py:830} INFO - Processing file /usr/local/lib/python3.8/dist-packages/airflow/example_dags/example_external_task_marker_dag.py for tasks to queue
[2024-03-14T16:37:19.657+0000] {logging_mixin.py:188} INFO - [2024-03-14T16:37:19.657+0000] {dagbag.py:540} INFO - Filling up the DagBag from /usr/local/lib/python3.8/dist-packages/airflow/example_dags/example_external_task_marker_dag.py
[2024-03-14T16:37:19.664+0000] {processor.py:840} INFO - DAG(s) 'example_external_task_marker_child', 'example_external_task_marker_parent' retrieved from /usr/local/lib/python3.8/dist-packages/airflow/example_dags/example_external_task_marker_dag.py
[2024-03-14T16:37:19.681+0000] {logging_mixin.py:188} INFO - [2024-03-14T16:37:19.681+0000] {dag.py:3047} INFO - Sync 2 DAGs
[2024-03-14T16:37:19.691+0000] {logging_mixin.py:188} INFO - [2024-03-14T16:37:19.690+0000] {dag.py:3834} INFO - Setting next_dagrun for example_external_task_marker_child to None, run_after=None
[2024-03-14T16:37:19.693+0000] {logging_mixin.py:188} INFO - [2024-03-14T16:37:19.693+0000] {dag.py:3834} INFO - Setting next_dagrun for example_external_task_marker_parent to None, run_after=None
[2024-03-14T16:37:19.764+0000] {processor.py:183} INFO - Processing /usr/local/lib/python3.8/dist-packages/airflow/example_dags/example_external_task_marker_dag.py took 0.113 seconds
[2024-03-14T16:38:54.695+0000] {processor.py:161} INFO - Started process (PID=2280) to work on /usr/local/lib/python3.8/dist-packages/airflow/example_dags/example_external_task_marker_dag.py
[2024-03-14T16:38:54.697+0000] {processor.py:830} INFO - Processing file /usr/local/lib/python3.8/dist-packages/airflow/example_dags/example_external_task_marker_dag.py for tasks to queue
[2024-03-14T16:38:54.698+0000] {logging_mixin.py:188} INFO - [2024-03-14T16:38:54.698+0000] {dagbag.py:540} INFO - Filling up the DagBag from /usr/local/lib/python3.8/dist-packages/airflow/example_dags/example_external_task_marker_dag.py
[2024-03-14T16:38:54.705+0000] {processor.py:840} INFO - DAG(s) 'example_external_task_marker_child', 'example_external_task_marker_parent' retrieved from /usr/local/lib/python3.8/dist-packages/airflow/example_dags/example_external_task_marker_dag.py
[2024-03-14T16:38:54.722+0000] {logging_mixin.py:188} INFO - [2024-03-14T16:38:54.722+0000] {dag.py:3047} INFO - Sync 2 DAGs
[2024-03-14T16:38:54.732+0000] {logging_mixin.py:188} INFO - [2024-03-14T16:38:54.731+0000] {dag.py:3834} INFO - Setting next_dagrun for example_external_task_marker_child to None, run_after=None
[2024-03-14T16:38:54.734+0000] {logging_mixin.py:188} INFO - [2024-03-14T16:38:54.734+0000] {dag.py:3834} INFO - Setting next_dagrun for example_external_task_marker_parent to None, run_after=None
[2024-03-14T16:38:54.790+0000] {processor.py:183} INFO - Processing /usr/local/lib/python3.8/dist-packages/airflow/example_dags/example_external_task_marker_dag.py took 0.098 seconds
[2024-03-14T16:40:05.035+0000] {processor.py:161} INFO - Started process (PID=2395) to work on /usr/local/lib/python3.8/dist-packages/airflow/example_dags/example_external_task_marker_dag.py
[2024-03-14T16:40:05.037+0000] {processor.py:830} INFO - Processing file /usr/local/lib/python3.8/dist-packages/airflow/example_dags/example_external_task_marker_dag.py for tasks to queue
[2024-03-14T16:40:05.038+0000] {logging_mixin.py:188} INFO - [2024-03-14T16:40:05.037+0000] {dagbag.py:540} INFO - Filling up the DagBag from /usr/local/lib/python3.8/dist-packages/airflow/example_dags/example_external_task_marker_dag.py
[2024-03-14T16:40:05.044+0000] {processor.py:840} INFO - DAG(s) 'example_external_task_marker_child', 'example_external_task_marker_parent' retrieved from /usr/local/lib/python3.8/dist-packages/airflow/example_dags/example_external_task_marker_dag.py
[2024-03-14T16:40:05.062+0000] {logging_mixin.py:188} INFO - [2024-03-14T16:40:05.062+0000] {dag.py:3047} INFO - Sync 2 DAGs
[2024-03-14T16:40:05.072+0000] {logging_mixin.py:188} INFO - [2024-03-14T16:40:05.071+0000] {dag.py:3834} INFO - Setting next_dagrun for example_external_task_marker_child to None, run_after=None
[2024-03-14T16:40:05.074+0000] {logging_mixin.py:188} INFO - [2024-03-14T16:40:05.074+0000] {dag.py:3834} INFO - Setting next_dagrun for example_external_task_marker_parent to None, run_after=None
[2024-03-14T16:40:05.143+0000] {processor.py:183} INFO - Processing /usr/local/lib/python3.8/dist-packages/airflow/example_dags/example_external_task_marker_dag.py took 0.111 seconds
[2024-03-14T16:41:14.360+0000] {processor.py:161} INFO - Started process (PID=2502) to work on /usr/local/lib/python3.8/dist-packages/airflow/example_dags/example_external_task_marker_dag.py
[2024-03-14T16:41:14.362+0000] {processor.py:830} INFO - Processing file /usr/local/lib/python3.8/dist-packages/airflow/example_dags/example_external_task_marker_dag.py for tasks to queue
[2024-03-14T16:41:14.363+0000] {logging_mixin.py:188} INFO - [2024-03-14T16:41:14.363+0000] {dagbag.py:540} INFO - Filling up the DagBag from /usr/local/lib/python3.8/dist-packages/airflow/example_dags/example_external_task_marker_dag.py
[2024-03-14T16:41:14.370+0000] {processor.py:840} INFO - DAG(s) 'example_external_task_marker_parent', 'example_external_task_marker_child' retrieved from /usr/local/lib/python3.8/dist-packages/airflow/example_dags/example_external_task_marker_dag.py
[2024-03-14T16:41:14.390+0000] {logging_mixin.py:188} INFO - [2024-03-14T16:41:14.390+0000] {dag.py:3047} INFO - Sync 2 DAGs
[2024-03-14T16:41:14.403+0000] {logging_mixin.py:188} INFO - [2024-03-14T16:41:14.403+0000] {dag.py:3834} INFO - Setting next_dagrun for example_external_task_marker_child to None, run_after=None
[2024-03-14T16:41:14.406+0000] {logging_mixin.py:188} INFO - [2024-03-14T16:41:14.406+0000] {dag.py:3834} INFO - Setting next_dagrun for example_external_task_marker_parent to None, run_after=None
[2024-03-14T16:41:14.435+0000] {processor.py:183} INFO - Processing /usr/local/lib/python3.8/dist-packages/airflow/example_dags/example_external_task_marker_dag.py took 0.078 seconds
[2024-03-14T16:42:34.231+0000] {processor.py:161} INFO - Started process (PID=2618) to work on /usr/local/lib/python3.8/dist-packages/airflow/example_dags/example_external_task_marker_dag.py
[2024-03-14T16:42:34.299+0000] {processor.py:830} INFO - Processing file /usr/local/lib/python3.8/dist-packages/airflow/example_dags/example_external_task_marker_dag.py for tasks to queue
[2024-03-14T16:42:34.300+0000] {logging_mixin.py:188} INFO - [2024-03-14T16:42:34.299+0000] {dagbag.py:540} INFO - Filling up the DagBag from /usr/local/lib/python3.8/dist-packages/airflow/example_dags/example_external_task_marker_dag.py
[2024-03-14T16:42:34.307+0000] {processor.py:840} INFO - DAG(s) 'example_external_task_marker_child', 'example_external_task_marker_parent' retrieved from /usr/local/lib/python3.8/dist-packages/airflow/example_dags/example_external_task_marker_dag.py
[2024-03-14T16:42:34.327+0000] {logging_mixin.py:188} INFO - [2024-03-14T16:42:34.326+0000] {dag.py:3047} INFO - Sync 2 DAGs
[2024-03-14T16:42:34.339+0000] {logging_mixin.py:188} INFO - [2024-03-14T16:42:34.339+0000] {dag.py:3834} INFO - Setting next_dagrun for example_external_task_marker_child to None, run_after=None
[2024-03-14T16:42:34.343+0000] {logging_mixin.py:188} INFO - [2024-03-14T16:42:34.342+0000] {dag.py:3834} INFO - Setting next_dagrun for example_external_task_marker_parent to None, run_after=None
[2024-03-14T16:42:34.371+0000] {processor.py:183} INFO - Processing /usr/local/lib/python3.8/dist-packages/airflow/example_dags/example_external_task_marker_dag.py took 0.143 seconds
[2024-03-14T16:43:55.543+0000] {processor.py:161} INFO - Started process (PID=2738) to work on /usr/local/lib/python3.8/dist-packages/airflow/example_dags/example_external_task_marker_dag.py
[2024-03-14T16:43:55.545+0000] {processor.py:830} INFO - Processing file /usr/local/lib/python3.8/dist-packages/airflow/example_dags/example_external_task_marker_dag.py for tasks to queue
[2024-03-14T16:43:55.546+0000] {logging_mixin.py:188} INFO - [2024-03-14T16:43:55.546+0000] {dagbag.py:540} INFO - Filling up the DagBag from /usr/local/lib/python3.8/dist-packages/airflow/example_dags/example_external_task_marker_dag.py
[2024-03-14T16:43:55.553+0000] {processor.py:840} INFO - DAG(s) 'example_external_task_marker_parent', 'example_external_task_marker_child' retrieved from /usr/local/lib/python3.8/dist-packages/airflow/example_dags/example_external_task_marker_dag.py
[2024-03-14T16:43:55.573+0000] {logging_mixin.py:188} INFO - [2024-03-14T16:43:55.573+0000] {dag.py:3047} INFO - Sync 2 DAGs
[2024-03-14T16:43:55.585+0000] {logging_mixin.py:188} INFO - [2024-03-14T16:43:55.585+0000] {dag.py:3834} INFO - Setting next_dagrun for example_external_task_marker_child to None, run_after=None
[2024-03-14T16:43:55.589+0000] {logging_mixin.py:188} INFO - [2024-03-14T16:43:55.589+0000] {dag.py:3834} INFO - Setting next_dagrun for example_external_task_marker_parent to None, run_after=None
[2024-03-14T16:43:55.616+0000] {processor.py:183} INFO - Processing /usr/local/lib/python3.8/dist-packages/airflow/example_dags/example_external_task_marker_dag.py took 0.076 seconds
[2024-03-14T16:45:32.327+0000] {processor.py:161} INFO - Started process (PID=2917) to work on /usr/local/lib/python3.8/dist-packages/airflow/example_dags/example_external_task_marker_dag.py
[2024-03-14T16:45:32.330+0000] {processor.py:830} INFO - Processing file /usr/local/lib/python3.8/dist-packages/airflow/example_dags/example_external_task_marker_dag.py for tasks to queue
[2024-03-14T16:45:32.331+0000] {logging_mixin.py:188} INFO - [2024-03-14T16:45:32.330+0000] {dagbag.py:540} INFO - Filling up the DagBag from /usr/local/lib/python3.8/dist-packages/airflow/example_dags/example_external_task_marker_dag.py
[2024-03-14T16:45:32.338+0000] {processor.py:840} INFO - DAG(s) 'example_external_task_marker_child', 'example_external_task_marker_parent' retrieved from /usr/local/lib/python3.8/dist-packages/airflow/example_dags/example_external_task_marker_dag.py
[2024-03-14T16:45:32.358+0000] {logging_mixin.py:188} INFO - [2024-03-14T16:45:32.358+0000] {dag.py:3047} INFO - Sync 2 DAGs
[2024-03-14T16:45:32.371+0000] {logging_mixin.py:188} INFO - [2024-03-14T16:45:32.371+0000] {dag.py:3834} INFO - Setting next_dagrun for example_external_task_marker_child to None, run_after=None
[2024-03-14T16:45:32.375+0000] {logging_mixin.py:188} INFO - [2024-03-14T16:45:32.374+0000] {dag.py:3834} INFO - Setting next_dagrun for example_external_task_marker_parent to None, run_after=None
[2024-03-14T16:45:32.402+0000] {processor.py:183} INFO - Processing /usr/local/lib/python3.8/dist-packages/airflow/example_dags/example_external_task_marker_dag.py took 0.078 seconds
[2024-03-14T16:56:10.844+0000] {processor.py:161} INFO - Started process (PID=3253) to work on /usr/local/lib/python3.8/dist-packages/airflow/example_dags/example_external_task_marker_dag.py
[2024-03-14T16:56:10.846+0000] {processor.py:830} INFO - Processing file /usr/local/lib/python3.8/dist-packages/airflow/example_dags/example_external_task_marker_dag.py for tasks to queue
[2024-03-14T16:56:10.847+0000] {logging_mixin.py:188} INFO - [2024-03-14T16:56:10.847+0000] {dagbag.py:540} INFO - Filling up the DagBag from /usr/local/lib/python3.8/dist-packages/airflow/example_dags/example_external_task_marker_dag.py
[2024-03-14T16:56:10.854+0000] {processor.py:840} INFO - DAG(s) 'example_external_task_marker_parent', 'example_external_task_marker_child' retrieved from /usr/local/lib/python3.8/dist-packages/airflow/example_dags/example_external_task_marker_dag.py
[2024-03-14T16:56:10.964+0000] {logging_mixin.py:188} INFO - [2024-03-14T16:56:10.964+0000] {dag.py:3047} INFO - Sync 2 DAGs
[2024-03-14T16:56:10.972+0000] {logging_mixin.py:188} INFO - [2024-03-14T16:56:10.972+0000] {dag.py:3834} INFO - Setting next_dagrun for example_external_task_marker_child to None, run_after=None
[2024-03-14T16:56:10.975+0000] {logging_mixin.py:188} INFO - [2024-03-14T16:56:10.974+0000] {dag.py:3834} INFO - Setting next_dagrun for example_external_task_marker_parent to None, run_after=None
[2024-03-14T16:56:11.102+0000] {processor.py:183} INFO - Processing /usr/local/lib/python3.8/dist-packages/airflow/example_dags/example_external_task_marker_dag.py took 0.261 seconds
[2024-03-14T16:58:10.535+0000] {processor.py:161} INFO - Started process (PID=3448) to work on /usr/local/lib/python3.8/dist-packages/airflow/example_dags/example_external_task_marker_dag.py
[2024-03-14T16:58:10.538+0000] {processor.py:830} INFO - Processing file /usr/local/lib/python3.8/dist-packages/airflow/example_dags/example_external_task_marker_dag.py for tasks to queue
[2024-03-14T16:58:10.539+0000] {logging_mixin.py:188} INFO - [2024-03-14T16:58:10.539+0000] {dagbag.py:540} INFO - Filling up the DagBag from /usr/local/lib/python3.8/dist-packages/airflow/example_dags/example_external_task_marker_dag.py
[2024-03-14T16:58:10.547+0000] {processor.py:840} INFO - DAG(s) 'example_external_task_marker_child', 'example_external_task_marker_parent' retrieved from /usr/local/lib/python3.8/dist-packages/airflow/example_dags/example_external_task_marker_dag.py
[2024-03-14T16:58:10.570+0000] {logging_mixin.py:188} INFO - [2024-03-14T16:58:10.570+0000] {dag.py:3047} INFO - Sync 2 DAGs
[2024-03-14T16:58:10.584+0000] {logging_mixin.py:188} INFO - [2024-03-14T16:58:10.583+0000] {dag.py:3834} INFO - Setting next_dagrun for example_external_task_marker_child to None, run_after=None
[2024-03-14T16:58:10.588+0000] {logging_mixin.py:188} INFO - [2024-03-14T16:58:10.587+0000] {dag.py:3834} INFO - Setting next_dagrun for example_external_task_marker_parent to None, run_after=None
[2024-03-14T16:58:10.661+0000] {processor.py:183} INFO - Processing /usr/local/lib/python3.8/dist-packages/airflow/example_dags/example_external_task_marker_dag.py took 0.130 seconds
