[2024-03-14T16:23:17.194+0000] {processor.py:161} INFO - Started process (PID=618) to work on /usr/local/lib/python3.8/dist-packages/airflow/example_dags/example_branch_datetime_operator.py
[2024-03-14T16:23:17.195+0000] {processor.py:830} INFO - Processing file /usr/local/lib/python3.8/dist-packages/airflow/example_dags/example_branch_datetime_operator.py for tasks to queue
[2024-03-14T16:23:17.196+0000] {logging_mixin.py:188} INFO - [2024-03-14T16:23:17.196+0000] {dagbag.py:540} INFO - Filling up the DagBag from /usr/local/lib/python3.8/dist-packages/airflow/example_dags/example_branch_datetime_operator.py
[2024-03-14T16:23:17.207+0000] {processor.py:840} INFO - DAG(s) 'example_branch_datetime_operator', 'example_branch_datetime_operator_2', 'example_branch_datetime_operator_3' retrieved from /usr/local/lib/python3.8/dist-packages/airflow/example_dags/example_branch_datetime_operator.py
[2024-03-14T16:23:17.330+0000] {logging_mixin.py:188} INFO - [2024-03-14T16:23:17.330+0000] {dag.py:3047} INFO - Sync 3 DAGs
[2024-03-14T16:23:17.345+0000] {logging_mixin.py:188} INFO - [2024-03-14T16:23:17.345+0000] {dag.py:3834} INFO - Setting next_dagrun for example_branch_datetime_operator to 2024-03-13 00:00:00+00:00, run_after=2024-03-14 00:00:00+00:00
[2024-03-14T16:23:17.349+0000] {logging_mixin.py:188} INFO - [2024-03-14T16:23:17.349+0000] {dag.py:3834} INFO - Setting next_dagrun for example_branch_datetime_operator_2 to 2024-03-13 00:00:00+00:00, run_after=2024-03-14 00:00:00+00:00
[2024-03-14T16:23:17.351+0000] {logging_mixin.py:188} INFO - [2024-03-14T16:23:17.351+0000] {dag.py:3834} INFO - Setting next_dagrun for example_branch_datetime_operator_3 to 2024-03-13 00:00:00+00:00, run_after=2024-03-14 00:00:00+00:00
[2024-03-14T16:23:17.379+0000] {processor.py:183} INFO - Processing /usr/local/lib/python3.8/dist-packages/airflow/example_dags/example_branch_datetime_operator.py took 0.188 seconds
[2024-03-14T16:24:32.896+0000] {processor.py:161} INFO - Started process (PID=721) to work on /usr/local/lib/python3.8/dist-packages/airflow/example_dags/example_branch_datetime_operator.py
[2024-03-14T16:24:32.897+0000] {processor.py:830} INFO - Processing file /usr/local/lib/python3.8/dist-packages/airflow/example_dags/example_branch_datetime_operator.py for tasks to queue
[2024-03-14T16:24:32.898+0000] {logging_mixin.py:188} INFO - [2024-03-14T16:24:32.898+0000] {dagbag.py:540} INFO - Filling up the DagBag from /usr/local/lib/python3.8/dist-packages/airflow/example_dags/example_branch_datetime_operator.py
[2024-03-14T16:24:32.909+0000] {processor.py:840} INFO - DAG(s) 'example_branch_datetime_operator', 'example_branch_datetime_operator_2', 'example_branch_datetime_operator_3' retrieved from /usr/local/lib/python3.8/dist-packages/airflow/example_dags/example_branch_datetime_operator.py
[2024-03-14T16:24:32.934+0000] {logging_mixin.py:188} INFO - [2024-03-14T16:24:32.934+0000] {dag.py:3047} INFO - Sync 3 DAGs
[2024-03-14T16:24:32.957+0000] {logging_mixin.py:188} INFO - [2024-03-14T16:24:32.957+0000] {dag.py:3834} INFO - Setting next_dagrun for example_branch_datetime_operator to 2024-03-13 00:00:00+00:00, run_after=2024-03-14 00:00:00+00:00
[2024-03-14T16:24:32.962+0000] {logging_mixin.py:188} INFO - [2024-03-14T16:24:32.962+0000] {dag.py:3834} INFO - Setting next_dagrun for example_branch_datetime_operator_2 to 2024-03-13 00:00:00+00:00, run_after=2024-03-14 00:00:00+00:00
[2024-03-14T16:24:32.965+0000] {logging_mixin.py:188} INFO - [2024-03-14T16:24:32.964+0000] {dag.py:3834} INFO - Setting next_dagrun for example_branch_datetime_operator_3 to 2024-03-13 00:00:00+00:00, run_after=2024-03-14 00:00:00+00:00
[2024-03-14T16:24:33.066+0000] {processor.py:183} INFO - Processing /usr/local/lib/python3.8/dist-packages/airflow/example_dags/example_branch_datetime_operator.py took 0.174 seconds
[2024-03-14T16:25:33.523+0000] {processor.py:161} INFO - Started process (PID=808) to work on /usr/local/lib/python3.8/dist-packages/airflow/example_dags/example_branch_datetime_operator.py
[2024-03-14T16:25:33.525+0000] {processor.py:830} INFO - Processing file /usr/local/lib/python3.8/dist-packages/airflow/example_dags/example_branch_datetime_operator.py for tasks to queue
[2024-03-14T16:25:33.526+0000] {logging_mixin.py:188} INFO - [2024-03-14T16:25:33.525+0000] {dagbag.py:540} INFO - Filling up the DagBag from /usr/local/lib/python3.8/dist-packages/airflow/example_dags/example_branch_datetime_operator.py
[2024-03-14T16:25:33.537+0000] {processor.py:840} INFO - DAG(s) 'example_branch_datetime_operator', 'example_branch_datetime_operator_3', 'example_branch_datetime_operator_2' retrieved from /usr/local/lib/python3.8/dist-packages/airflow/example_dags/example_branch_datetime_operator.py
[2024-03-14T16:25:33.557+0000] {logging_mixin.py:188} INFO - [2024-03-14T16:25:33.557+0000] {dag.py:3047} INFO - Sync 3 DAGs
[2024-03-14T16:25:33.575+0000] {logging_mixin.py:188} INFO - [2024-03-14T16:25:33.575+0000] {dag.py:3834} INFO - Setting next_dagrun for example_branch_datetime_operator to 2024-03-13 00:00:00+00:00, run_after=2024-03-14 00:00:00+00:00
[2024-03-14T16:25:33.578+0000] {logging_mixin.py:188} INFO - [2024-03-14T16:25:33.578+0000] {dag.py:3834} INFO - Setting next_dagrun for example_branch_datetime_operator_2 to 2024-03-13 00:00:00+00:00, run_after=2024-03-14 00:00:00+00:00
[2024-03-14T16:25:33.580+0000] {logging_mixin.py:188} INFO - [2024-03-14T16:25:33.580+0000] {dag.py:3834} INFO - Setting next_dagrun for example_branch_datetime_operator_3 to 2024-03-13 00:00:00+00:00, run_after=2024-03-14 00:00:00+00:00
[2024-03-14T16:25:33.651+0000] {processor.py:183} INFO - Processing /usr/local/lib/python3.8/dist-packages/airflow/example_dags/example_branch_datetime_operator.py took 0.132 seconds
[2024-03-14T16:26:37.466+0000] {processor.py:161} INFO - Started process (PID=923) to work on /usr/local/lib/python3.8/dist-packages/airflow/example_dags/example_branch_datetime_operator.py
[2024-03-14T16:26:37.469+0000] {processor.py:830} INFO - Processing file /usr/local/lib/python3.8/dist-packages/airflow/example_dags/example_branch_datetime_operator.py for tasks to queue
[2024-03-14T16:26:37.470+0000] {logging_mixin.py:188} INFO - [2024-03-14T16:26:37.469+0000] {dagbag.py:540} INFO - Filling up the DagBag from /usr/local/lib/python3.8/dist-packages/airflow/example_dags/example_branch_datetime_operator.py
[2024-03-14T16:26:37.480+0000] {processor.py:840} INFO - DAG(s) 'example_branch_datetime_operator', 'example_branch_datetime_operator_2', 'example_branch_datetime_operator_3' retrieved from /usr/local/lib/python3.8/dist-packages/airflow/example_dags/example_branch_datetime_operator.py
[2024-03-14T16:26:37.501+0000] {logging_mixin.py:188} INFO - [2024-03-14T16:26:37.501+0000] {dag.py:3047} INFO - Sync 3 DAGs
[2024-03-14T16:26:37.519+0000] {logging_mixin.py:188} INFO - [2024-03-14T16:26:37.519+0000] {dag.py:3834} INFO - Setting next_dagrun for example_branch_datetime_operator to 2024-03-13 00:00:00+00:00, run_after=2024-03-14 00:00:00+00:00
[2024-03-14T16:26:37.523+0000] {logging_mixin.py:188} INFO - [2024-03-14T16:26:37.523+0000] {dag.py:3834} INFO - Setting next_dagrun for example_branch_datetime_operator_2 to 2024-03-13 00:00:00+00:00, run_after=2024-03-14 00:00:00+00:00
[2024-03-14T16:26:37.525+0000] {logging_mixin.py:188} INFO - [2024-03-14T16:26:37.525+0000] {dag.py:3834} INFO - Setting next_dagrun for example_branch_datetime_operator_3 to 2024-03-13 00:00:00+00:00, run_after=2024-03-14 00:00:00+00:00
[2024-03-14T16:26:37.546+0000] {processor.py:183} INFO - Processing /usr/local/lib/python3.8/dist-packages/airflow/example_dags/example_branch_datetime_operator.py took 0.082 seconds
[2024-03-14T16:27:46.419+0000] {processor.py:161} INFO - Started process (PID=1038) to work on /usr/local/lib/python3.8/dist-packages/airflow/example_dags/example_branch_datetime_operator.py
[2024-03-14T16:27:46.420+0000] {processor.py:830} INFO - Processing file /usr/local/lib/python3.8/dist-packages/airflow/example_dags/example_branch_datetime_operator.py for tasks to queue
[2024-03-14T16:27:46.421+0000] {logging_mixin.py:188} INFO - [2024-03-14T16:27:46.420+0000] {dagbag.py:540} INFO - Filling up the DagBag from /usr/local/lib/python3.8/dist-packages/airflow/example_dags/example_branch_datetime_operator.py
[2024-03-14T16:27:46.432+0000] {processor.py:840} INFO - DAG(s) 'example_branch_datetime_operator_3', 'example_branch_datetime_operator', 'example_branch_datetime_operator_2' retrieved from /usr/local/lib/python3.8/dist-packages/airflow/example_dags/example_branch_datetime_operator.py
[2024-03-14T16:27:46.457+0000] {logging_mixin.py:188} INFO - [2024-03-14T16:27:46.456+0000] {dag.py:3047} INFO - Sync 3 DAGs
[2024-03-14T16:27:46.480+0000] {logging_mixin.py:188} INFO - [2024-03-14T16:27:46.480+0000] {dag.py:3834} INFO - Setting next_dagrun for example_branch_datetime_operator to 2024-03-13 00:00:00+00:00, run_after=2024-03-14 00:00:00+00:00
[2024-03-14T16:27:46.485+0000] {logging_mixin.py:188} INFO - [2024-03-14T16:27:46.485+0000] {dag.py:3834} INFO - Setting next_dagrun for example_branch_datetime_operator_2 to 2024-03-13 00:00:00+00:00, run_after=2024-03-14 00:00:00+00:00
[2024-03-14T16:27:46.488+0000] {logging_mixin.py:188} INFO - [2024-03-14T16:27:46.488+0000] {dag.py:3834} INFO - Setting next_dagrun for example_branch_datetime_operator_3 to 2024-03-13 00:00:00+00:00, run_after=2024-03-14 00:00:00+00:00
[2024-03-14T16:27:46.544+0000] {processor.py:183} INFO - Processing /usr/local/lib/python3.8/dist-packages/airflow/example_dags/example_branch_datetime_operator.py took 0.128 seconds
[2024-03-14T16:28:57.344+0000] {processor.py:161} INFO - Started process (PID=1142) to work on /usr/local/lib/python3.8/dist-packages/airflow/example_dags/example_branch_datetime_operator.py
[2024-03-14T16:28:57.346+0000] {processor.py:830} INFO - Processing file /usr/local/lib/python3.8/dist-packages/airflow/example_dags/example_branch_datetime_operator.py for tasks to queue
[2024-03-14T16:28:57.347+0000] {logging_mixin.py:188} INFO - [2024-03-14T16:28:57.346+0000] {dagbag.py:540} INFO - Filling up the DagBag from /usr/local/lib/python3.8/dist-packages/airflow/example_dags/example_branch_datetime_operator.py
[2024-03-14T16:28:57.358+0000] {processor.py:840} INFO - DAG(s) 'example_branch_datetime_operator_3', 'example_branch_datetime_operator_2', 'example_branch_datetime_operator' retrieved from /usr/local/lib/python3.8/dist-packages/airflow/example_dags/example_branch_datetime_operator.py
[2024-03-14T16:28:57.383+0000] {logging_mixin.py:188} INFO - [2024-03-14T16:28:57.382+0000] {dag.py:3047} INFO - Sync 3 DAGs
[2024-03-14T16:28:57.406+0000] {logging_mixin.py:188} INFO - [2024-03-14T16:28:57.406+0000] {dag.py:3834} INFO - Setting next_dagrun for example_branch_datetime_operator to 2024-03-13 00:00:00+00:00, run_after=2024-03-14 00:00:00+00:00
[2024-03-14T16:28:57.411+0000] {logging_mixin.py:188} INFO - [2024-03-14T16:28:57.411+0000] {dag.py:3834} INFO - Setting next_dagrun for example_branch_datetime_operator_2 to 2024-03-13 00:00:00+00:00, run_after=2024-03-14 00:00:00+00:00
[2024-03-14T16:28:57.414+0000] {logging_mixin.py:188} INFO - [2024-03-14T16:28:57.414+0000] {dag.py:3834} INFO - Setting next_dagrun for example_branch_datetime_operator_3 to 2024-03-13 00:00:00+00:00, run_after=2024-03-14 00:00:00+00:00
[2024-03-14T16:28:57.441+0000] {processor.py:183} INFO - Processing /usr/local/lib/python3.8/dist-packages/airflow/example_dags/example_branch_datetime_operator.py took 0.101 seconds
[2024-03-14T16:30:50.096+0000] {processor.py:161} INFO - Started process (PID=1337) to work on /usr/local/lib/python3.8/dist-packages/airflow/example_dags/example_branch_datetime_operator.py
[2024-03-14T16:30:50.098+0000] {processor.py:830} INFO - Processing file /usr/local/lib/python3.8/dist-packages/airflow/example_dags/example_branch_datetime_operator.py for tasks to queue
[2024-03-14T16:30:50.099+0000] {logging_mixin.py:188} INFO - [2024-03-14T16:30:50.099+0000] {dagbag.py:540} INFO - Filling up the DagBag from /usr/local/lib/python3.8/dist-packages/airflow/example_dags/example_branch_datetime_operator.py
[2024-03-14T16:30:50.110+0000] {processor.py:840} INFO - DAG(s) 'example_branch_datetime_operator_2', 'example_branch_datetime_operator_3', 'example_branch_datetime_operator' retrieved from /usr/local/lib/python3.8/dist-packages/airflow/example_dags/example_branch_datetime_operator.py
[2024-03-14T16:30:50.135+0000] {logging_mixin.py:188} INFO - [2024-03-14T16:30:50.135+0000] {dag.py:3047} INFO - Sync 3 DAGs
[2024-03-14T16:30:50.159+0000] {logging_mixin.py:188} INFO - [2024-03-14T16:30:50.158+0000] {dag.py:3834} INFO - Setting next_dagrun for example_branch_datetime_operator to 2024-03-13 00:00:00+00:00, run_after=2024-03-14 00:00:00+00:00
[2024-03-14T16:30:50.164+0000] {logging_mixin.py:188} INFO - [2024-03-14T16:30:50.164+0000] {dag.py:3834} INFO - Setting next_dagrun for example_branch_datetime_operator_2 to 2024-03-13 00:00:00+00:00, run_after=2024-03-14 00:00:00+00:00
[2024-03-14T16:30:50.166+0000] {logging_mixin.py:188} INFO - [2024-03-14T16:30:50.166+0000] {dag.py:3834} INFO - Setting next_dagrun for example_branch_datetime_operator_3 to 2024-03-13 00:00:00+00:00, run_after=2024-03-14 00:00:00+00:00
[2024-03-14T16:30:50.231+0000] {processor.py:183} INFO - Processing /usr/local/lib/python3.8/dist-packages/airflow/example_dags/example_branch_datetime_operator.py took 0.139 seconds
[2024-03-14T16:31:57.930+0000] {processor.py:161} INFO - Started process (PID=1451) to work on /usr/local/lib/python3.8/dist-packages/airflow/example_dags/example_branch_datetime_operator.py
[2024-03-14T16:31:57.932+0000] {processor.py:830} INFO - Processing file /usr/local/lib/python3.8/dist-packages/airflow/example_dags/example_branch_datetime_operator.py for tasks to queue
[2024-03-14T16:31:57.933+0000] {logging_mixin.py:188} INFO - [2024-03-14T16:31:57.932+0000] {dagbag.py:540} INFO - Filling up the DagBag from /usr/local/lib/python3.8/dist-packages/airflow/example_dags/example_branch_datetime_operator.py
[2024-03-14T16:31:57.944+0000] {processor.py:840} INFO - DAG(s) 'example_branch_datetime_operator_3', 'example_branch_datetime_operator_2', 'example_branch_datetime_operator' retrieved from /usr/local/lib/python3.8/dist-packages/airflow/example_dags/example_branch_datetime_operator.py
[2024-03-14T16:31:57.964+0000] {logging_mixin.py:188} INFO - [2024-03-14T16:31:57.964+0000] {dag.py:3047} INFO - Sync 3 DAGs
[2024-03-14T16:31:57.983+0000] {logging_mixin.py:188} INFO - [2024-03-14T16:31:57.982+0000] {dag.py:3834} INFO - Setting next_dagrun for example_branch_datetime_operator to 2024-03-13 00:00:00+00:00, run_after=2024-03-14 00:00:00+00:00
[2024-03-14T16:31:57.987+0000] {logging_mixin.py:188} INFO - [2024-03-14T16:31:57.986+0000] {dag.py:3834} INFO - Setting next_dagrun for example_branch_datetime_operator_2 to 2024-03-13 00:00:00+00:00, run_after=2024-03-14 00:00:00+00:00
[2024-03-14T16:31:57.988+0000] {logging_mixin.py:188} INFO - [2024-03-14T16:31:57.988+0000] {dag.py:3834} INFO - Setting next_dagrun for example_branch_datetime_operator_3 to 2024-03-13 00:00:00+00:00, run_after=2024-03-14 00:00:00+00:00
[2024-03-14T16:31:58.113+0000] {processor.py:183} INFO - Processing /usr/local/lib/python3.8/dist-packages/airflow/example_dags/example_branch_datetime_operator.py took 0.187 seconds
[2024-03-14T16:33:11.531+0000] {processor.py:161} INFO - Started process (PID=1610) to work on /usr/local/lib/python3.8/dist-packages/airflow/example_dags/example_branch_datetime_operator.py
[2024-03-14T16:33:11.533+0000] {processor.py:830} INFO - Processing file /usr/local/lib/python3.8/dist-packages/airflow/example_dags/example_branch_datetime_operator.py for tasks to queue
[2024-03-14T16:33:11.534+0000] {logging_mixin.py:188} INFO - [2024-03-14T16:33:11.534+0000] {dagbag.py:540} INFO - Filling up the DagBag from /usr/local/lib/python3.8/dist-packages/airflow/example_dags/example_branch_datetime_operator.py
[2024-03-14T16:33:11.546+0000] {processor.py:840} INFO - DAG(s) 'example_branch_datetime_operator', 'example_branch_datetime_operator_2', 'example_branch_datetime_operator_3' retrieved from /usr/local/lib/python3.8/dist-packages/airflow/example_dags/example_branch_datetime_operator.py
[2024-03-14T16:33:11.570+0000] {logging_mixin.py:188} INFO - [2024-03-14T16:33:11.570+0000] {dag.py:3047} INFO - Sync 3 DAGs
[2024-03-14T16:33:11.593+0000] {logging_mixin.py:188} INFO - [2024-03-14T16:33:11.593+0000] {dag.py:3834} INFO - Setting next_dagrun for example_branch_datetime_operator to 2024-03-13 00:00:00+00:00, run_after=2024-03-14 00:00:00+00:00
[2024-03-14T16:33:11.599+0000] {logging_mixin.py:188} INFO - [2024-03-14T16:33:11.598+0000] {dag.py:3834} INFO - Setting next_dagrun for example_branch_datetime_operator_2 to 2024-03-13 00:00:00+00:00, run_after=2024-03-14 00:00:00+00:00
[2024-03-14T16:33:11.601+0000] {logging_mixin.py:188} INFO - [2024-03-14T16:33:11.601+0000] {dag.py:3834} INFO - Setting next_dagrun for example_branch_datetime_operator_3 to 2024-03-13 00:00:00+00:00, run_after=2024-03-14 00:00:00+00:00
[2024-03-14T16:33:11.722+0000] {processor.py:183} INFO - Processing /usr/local/lib/python3.8/dist-packages/airflow/example_dags/example_branch_datetime_operator.py took 0.194 seconds
[2024-03-14T16:34:51.059+0000] {processor.py:161} INFO - Started process (PID=1830) to work on /usr/local/lib/python3.8/dist-packages/airflow/example_dags/example_branch_datetime_operator.py
[2024-03-14T16:34:51.061+0000] {processor.py:830} INFO - Processing file /usr/local/lib/python3.8/dist-packages/airflow/example_dags/example_branch_datetime_operator.py for tasks to queue
[2024-03-14T16:34:51.062+0000] {logging_mixin.py:188} INFO - [2024-03-14T16:34:51.062+0000] {dagbag.py:540} INFO - Filling up the DagBag from /usr/local/lib/python3.8/dist-packages/airflow/example_dags/example_branch_datetime_operator.py
[2024-03-14T16:34:51.074+0000] {processor.py:840} INFO - DAG(s) 'example_branch_datetime_operator', 'example_branch_datetime_operator_3', 'example_branch_datetime_operator_2' retrieved from /usr/local/lib/python3.8/dist-packages/airflow/example_dags/example_branch_datetime_operator.py
[2024-03-14T16:34:51.099+0000] {logging_mixin.py:188} INFO - [2024-03-14T16:34:51.098+0000] {dag.py:3047} INFO - Sync 3 DAGs
[2024-03-14T16:34:51.122+0000] {logging_mixin.py:188} INFO - [2024-03-14T16:34:51.122+0000] {dag.py:3834} INFO - Setting next_dagrun for example_branch_datetime_operator to 2024-03-13 00:00:00+00:00, run_after=2024-03-14 00:00:00+00:00
[2024-03-14T16:34:51.127+0000] {logging_mixin.py:188} INFO - [2024-03-14T16:34:51.127+0000] {dag.py:3834} INFO - Setting next_dagrun for example_branch_datetime_operator_2 to 2024-03-13 00:00:00+00:00, run_after=2024-03-14 00:00:00+00:00
[2024-03-14T16:34:51.130+0000] {logging_mixin.py:188} INFO - [2024-03-14T16:34:51.130+0000] {dag.py:3834} INFO - Setting next_dagrun for example_branch_datetime_operator_3 to 2024-03-13 00:00:00+00:00, run_after=2024-03-14 00:00:00+00:00
[2024-03-14T16:34:51.173+0000] {processor.py:183} INFO - Processing /usr/local/lib/python3.8/dist-packages/airflow/example_dags/example_branch_datetime_operator.py took 0.117 seconds
[2024-03-14T16:36:28.026+0000] {processor.py:161} INFO - Started process (PID=2007) to work on /usr/local/lib/python3.8/dist-packages/airflow/example_dags/example_branch_datetime_operator.py
[2024-03-14T16:36:28.029+0000] {processor.py:830} INFO - Processing file /usr/local/lib/python3.8/dist-packages/airflow/example_dags/example_branch_datetime_operator.py for tasks to queue
[2024-03-14T16:36:28.030+0000] {logging_mixin.py:188} INFO - [2024-03-14T16:36:28.029+0000] {dagbag.py:540} INFO - Filling up the DagBag from /usr/local/lib/python3.8/dist-packages/airflow/example_dags/example_branch_datetime_operator.py
[2024-03-14T16:36:28.041+0000] {processor.py:840} INFO - DAG(s) 'example_branch_datetime_operator_3', 'example_branch_datetime_operator', 'example_branch_datetime_operator_2' retrieved from /usr/local/lib/python3.8/dist-packages/airflow/example_dags/example_branch_datetime_operator.py
[2024-03-14T16:36:28.066+0000] {logging_mixin.py:188} INFO - [2024-03-14T16:36:28.066+0000] {dag.py:3047} INFO - Sync 3 DAGs
[2024-03-14T16:36:28.087+0000] {logging_mixin.py:188} INFO - [2024-03-14T16:36:28.087+0000] {dag.py:3834} INFO - Setting next_dagrun for example_branch_datetime_operator to 2024-03-13 00:00:00+00:00, run_after=2024-03-14 00:00:00+00:00
[2024-03-14T16:36:28.091+0000] {logging_mixin.py:188} INFO - [2024-03-14T16:36:28.091+0000] {dag.py:3834} INFO - Setting next_dagrun for example_branch_datetime_operator_2 to 2024-03-13 00:00:00+00:00, run_after=2024-03-14 00:00:00+00:00
[2024-03-14T16:36:28.093+0000] {logging_mixin.py:188} INFO - [2024-03-14T16:36:28.093+0000] {dag.py:3834} INFO - Setting next_dagrun for example_branch_datetime_operator_3 to 2024-03-13 00:00:00+00:00, run_after=2024-03-14 00:00:00+00:00
[2024-03-14T16:36:28.149+0000] {processor.py:183} INFO - Processing /usr/local/lib/python3.8/dist-packages/airflow/example_dags/example_branch_datetime_operator.py took 0.127 seconds
[2024-03-14T16:37:58.511+0000] {processor.py:161} INFO - Started process (PID=2184) to work on /usr/local/lib/python3.8/dist-packages/airflow/example_dags/example_branch_datetime_operator.py
[2024-03-14T16:37:58.513+0000] {processor.py:830} INFO - Processing file /usr/local/lib/python3.8/dist-packages/airflow/example_dags/example_branch_datetime_operator.py for tasks to queue
[2024-03-14T16:37:58.514+0000] {logging_mixin.py:188} INFO - [2024-03-14T16:37:58.513+0000] {dagbag.py:540} INFO - Filling up the DagBag from /usr/local/lib/python3.8/dist-packages/airflow/example_dags/example_branch_datetime_operator.py
[2024-03-14T16:37:58.526+0000] {processor.py:840} INFO - DAG(s) 'example_branch_datetime_operator_2', 'example_branch_datetime_operator_3', 'example_branch_datetime_operator' retrieved from /usr/local/lib/python3.8/dist-packages/airflow/example_dags/example_branch_datetime_operator.py
[2024-03-14T16:37:58.550+0000] {logging_mixin.py:188} INFO - [2024-03-14T16:37:58.550+0000] {dag.py:3047} INFO - Sync 3 DAGs
[2024-03-14T16:37:58.573+0000] {logging_mixin.py:188} INFO - [2024-03-14T16:37:58.572+0000] {dag.py:3834} INFO - Setting next_dagrun for example_branch_datetime_operator to 2024-03-13 00:00:00+00:00, run_after=2024-03-14 00:00:00+00:00
[2024-03-14T16:37:58.578+0000] {logging_mixin.py:188} INFO - [2024-03-14T16:37:58.578+0000] {dag.py:3834} INFO - Setting next_dagrun for example_branch_datetime_operator_2 to 2024-03-13 00:00:00+00:00, run_after=2024-03-14 00:00:00+00:00
[2024-03-14T16:37:58.580+0000] {logging_mixin.py:188} INFO - [2024-03-14T16:37:58.580+0000] {dag.py:3834} INFO - Setting next_dagrun for example_branch_datetime_operator_3 to 2024-03-13 00:00:00+00:00, run_after=2024-03-14 00:00:00+00:00
[2024-03-14T16:37:58.682+0000] {processor.py:183} INFO - Processing /usr/local/lib/python3.8/dist-packages/airflow/example_dags/example_branch_datetime_operator.py took 0.175 seconds
[2024-03-14T16:39:15.092+0000] {processor.py:161} INFO - Started process (PID=2304) to work on /usr/local/lib/python3.8/dist-packages/airflow/example_dags/example_branch_datetime_operator.py
[2024-03-14T16:39:15.094+0000] {processor.py:830} INFO - Processing file /usr/local/lib/python3.8/dist-packages/airflow/example_dags/example_branch_datetime_operator.py for tasks to queue
[2024-03-14T16:39:15.095+0000] {logging_mixin.py:188} INFO - [2024-03-14T16:39:15.094+0000] {dagbag.py:540} INFO - Filling up the DagBag from /usr/local/lib/python3.8/dist-packages/airflow/example_dags/example_branch_datetime_operator.py
[2024-03-14T16:39:15.107+0000] {processor.py:840} INFO - DAG(s) 'example_branch_datetime_operator', 'example_branch_datetime_operator_3', 'example_branch_datetime_operator_2' retrieved from /usr/local/lib/python3.8/dist-packages/airflow/example_dags/example_branch_datetime_operator.py
[2024-03-14T16:39:15.131+0000] {logging_mixin.py:188} INFO - [2024-03-14T16:39:15.131+0000] {dag.py:3047} INFO - Sync 3 DAGs
[2024-03-14T16:39:15.149+0000] {logging_mixin.py:188} INFO - [2024-03-14T16:39:15.148+0000] {dag.py:3834} INFO - Setting next_dagrun for example_branch_datetime_operator to 2024-03-13 00:00:00+00:00, run_after=2024-03-14 00:00:00+00:00
[2024-03-14T16:39:15.153+0000] {logging_mixin.py:188} INFO - [2024-03-14T16:39:15.152+0000] {dag.py:3834} INFO - Setting next_dagrun for example_branch_datetime_operator_2 to 2024-03-13 00:00:00+00:00, run_after=2024-03-14 00:00:00+00:00
[2024-03-14T16:39:15.154+0000] {logging_mixin.py:188} INFO - [2024-03-14T16:39:15.154+0000] {dag.py:3834} INFO - Setting next_dagrun for example_branch_datetime_operator_3 to 2024-03-13 00:00:00+00:00, run_after=2024-03-14 00:00:00+00:00
[2024-03-14T16:39:15.201+0000] {processor.py:183} INFO - Processing /usr/local/lib/python3.8/dist-packages/airflow/example_dags/example_branch_datetime_operator.py took 0.113 seconds
[2024-03-14T16:40:24.615+0000] {processor.py:161} INFO - Started process (PID=2418) to work on /usr/local/lib/python3.8/dist-packages/airflow/example_dags/example_branch_datetime_operator.py
[2024-03-14T16:40:24.618+0000] {processor.py:830} INFO - Processing file /usr/local/lib/python3.8/dist-packages/airflow/example_dags/example_branch_datetime_operator.py for tasks to queue
[2024-03-14T16:40:24.619+0000] {logging_mixin.py:188} INFO - [2024-03-14T16:40:24.618+0000] {dagbag.py:540} INFO - Filling up the DagBag from /usr/local/lib/python3.8/dist-packages/airflow/example_dags/example_branch_datetime_operator.py
[2024-03-14T16:40:24.630+0000] {processor.py:840} INFO - DAG(s) 'example_branch_datetime_operator_3', 'example_branch_datetime_operator', 'example_branch_datetime_operator_2' retrieved from /usr/local/lib/python3.8/dist-packages/airflow/example_dags/example_branch_datetime_operator.py
[2024-03-14T16:40:24.655+0000] {logging_mixin.py:188} INFO - [2024-03-14T16:40:24.654+0000] {dag.py:3047} INFO - Sync 3 DAGs
[2024-03-14T16:40:24.678+0000] {logging_mixin.py:188} INFO - [2024-03-14T16:40:24.678+0000] {dag.py:3834} INFO - Setting next_dagrun for example_branch_datetime_operator to 2024-03-13 00:00:00+00:00, run_after=2024-03-14 00:00:00+00:00
[2024-03-14T16:40:24.683+0000] {logging_mixin.py:188} INFO - [2024-03-14T16:40:24.683+0000] {dag.py:3834} INFO - Setting next_dagrun for example_branch_datetime_operator_2 to 2024-03-13 00:00:00+00:00, run_after=2024-03-14 00:00:00+00:00
[2024-03-14T16:40:24.686+0000] {logging_mixin.py:188} INFO - [2024-03-14T16:40:24.685+0000] {dag.py:3834} INFO - Setting next_dagrun for example_branch_datetime_operator_3 to 2024-03-13 00:00:00+00:00, run_after=2024-03-14 00:00:00+00:00
[2024-03-14T16:40:24.768+0000] {processor.py:183} INFO - Processing /usr/local/lib/python3.8/dist-packages/airflow/example_dags/example_branch_datetime_operator.py took 0.156 seconds
[2024-03-14T16:41:36.618+0000] {processor.py:161} INFO - Started process (PID=2528) to work on /usr/local/lib/python3.8/dist-packages/airflow/example_dags/example_branch_datetime_operator.py
[2024-03-14T16:41:36.621+0000] {processor.py:830} INFO - Processing file /usr/local/lib/python3.8/dist-packages/airflow/example_dags/example_branch_datetime_operator.py for tasks to queue
[2024-03-14T16:41:36.622+0000] {logging_mixin.py:188} INFO - [2024-03-14T16:41:36.621+0000] {dagbag.py:540} INFO - Filling up the DagBag from /usr/local/lib/python3.8/dist-packages/airflow/example_dags/example_branch_datetime_operator.py
[2024-03-14T16:41:36.633+0000] {processor.py:840} INFO - DAG(s) 'example_branch_datetime_operator_3', 'example_branch_datetime_operator', 'example_branch_datetime_operator_2' retrieved from /usr/local/lib/python3.8/dist-packages/airflow/example_dags/example_branch_datetime_operator.py
[2024-03-14T16:41:36.658+0000] {logging_mixin.py:188} INFO - [2024-03-14T16:41:36.657+0000] {dag.py:3047} INFO - Sync 3 DAGs
[2024-03-14T16:41:36.682+0000] {logging_mixin.py:188} INFO - [2024-03-14T16:41:36.681+0000] {dag.py:3834} INFO - Setting next_dagrun for example_branch_datetime_operator to 2024-03-13 00:00:00+00:00, run_after=2024-03-14 00:00:00+00:00
[2024-03-14T16:41:36.687+0000] {logging_mixin.py:188} INFO - [2024-03-14T16:41:36.687+0000] {dag.py:3834} INFO - Setting next_dagrun for example_branch_datetime_operator_2 to 2024-03-13 00:00:00+00:00, run_after=2024-03-14 00:00:00+00:00
[2024-03-14T16:41:36.689+0000] {logging_mixin.py:188} INFO - [2024-03-14T16:41:36.689+0000] {dag.py:3834} INFO - Setting next_dagrun for example_branch_datetime_operator_3 to 2024-03-13 00:00:00+00:00, run_after=2024-03-14 00:00:00+00:00
[2024-03-14T16:41:36.772+0000] {processor.py:183} INFO - Processing /usr/local/lib/python3.8/dist-packages/airflow/example_dags/example_branch_datetime_operator.py took 0.157 seconds
[2024-03-14T16:42:56.406+0000] {processor.py:161} INFO - Started process (PID=2645) to work on /usr/local/lib/python3.8/dist-packages/airflow/example_dags/example_branch_datetime_operator.py
[2024-03-14T16:42:56.408+0000] {processor.py:830} INFO - Processing file /usr/local/lib/python3.8/dist-packages/airflow/example_dags/example_branch_datetime_operator.py for tasks to queue
[2024-03-14T16:42:56.409+0000] {logging_mixin.py:188} INFO - [2024-03-14T16:42:56.409+0000] {dagbag.py:540} INFO - Filling up the DagBag from /usr/local/lib/python3.8/dist-packages/airflow/example_dags/example_branch_datetime_operator.py
[2024-03-14T16:42:56.421+0000] {processor.py:840} INFO - DAG(s) 'example_branch_datetime_operator_3', 'example_branch_datetime_operator', 'example_branch_datetime_operator_2' retrieved from /usr/local/lib/python3.8/dist-packages/airflow/example_dags/example_branch_datetime_operator.py
[2024-03-14T16:42:56.445+0000] {logging_mixin.py:188} INFO - [2024-03-14T16:42:56.445+0000] {dag.py:3047} INFO - Sync 3 DAGs
[2024-03-14T16:42:56.469+0000] {logging_mixin.py:188} INFO - [2024-03-14T16:42:56.469+0000] {dag.py:3834} INFO - Setting next_dagrun for example_branch_datetime_operator to 2024-03-13 00:00:00+00:00, run_after=2024-03-14 00:00:00+00:00
[2024-03-14T16:42:56.474+0000] {logging_mixin.py:188} INFO - [2024-03-14T16:42:56.474+0000] {dag.py:3834} INFO - Setting next_dagrun for example_branch_datetime_operator_2 to 2024-03-13 00:00:00+00:00, run_after=2024-03-14 00:00:00+00:00
[2024-03-14T16:42:56.477+0000] {logging_mixin.py:188} INFO - [2024-03-14T16:42:56.477+0000] {dag.py:3834} INFO - Setting next_dagrun for example_branch_datetime_operator_3 to 2024-03-13 00:00:00+00:00, run_after=2024-03-14 00:00:00+00:00
[2024-03-14T16:42:56.505+0000] {processor.py:183} INFO - Processing /usr/local/lib/python3.8/dist-packages/airflow/example_dags/example_branch_datetime_operator.py took 0.102 seconds
[2024-03-14T16:44:39.026+0000] {processor.py:161} INFO - Started process (PID=2825) to work on /usr/local/lib/python3.8/dist-packages/airflow/example_dags/example_branch_datetime_operator.py
[2024-03-14T16:44:39.029+0000] {processor.py:830} INFO - Processing file /usr/local/lib/python3.8/dist-packages/airflow/example_dags/example_branch_datetime_operator.py for tasks to queue
[2024-03-14T16:44:39.030+0000] {logging_mixin.py:188} INFO - [2024-03-14T16:44:39.029+0000] {dagbag.py:540} INFO - Filling up the DagBag from /usr/local/lib/python3.8/dist-packages/airflow/example_dags/example_branch_datetime_operator.py
[2024-03-14T16:44:39.041+0000] {processor.py:840} INFO - DAG(s) 'example_branch_datetime_operator', 'example_branch_datetime_operator_3', 'example_branch_datetime_operator_2' retrieved from /usr/local/lib/python3.8/dist-packages/airflow/example_dags/example_branch_datetime_operator.py
[2024-03-14T16:44:39.065+0000] {logging_mixin.py:188} INFO - [2024-03-14T16:44:39.065+0000] {dag.py:3047} INFO - Sync 3 DAGs
[2024-03-14T16:44:39.089+0000] {logging_mixin.py:188} INFO - [2024-03-14T16:44:39.089+0000] {dag.py:3834} INFO - Setting next_dagrun for example_branch_datetime_operator to 2024-03-13 00:00:00+00:00, run_after=2024-03-14 00:00:00+00:00
[2024-03-14T16:44:39.094+0000] {logging_mixin.py:188} INFO - [2024-03-14T16:44:39.094+0000] {dag.py:3834} INFO - Setting next_dagrun for example_branch_datetime_operator_2 to 2024-03-13 00:00:00+00:00, run_after=2024-03-14 00:00:00+00:00
[2024-03-14T16:44:39.097+0000] {logging_mixin.py:188} INFO - [2024-03-14T16:44:39.096+0000] {dag.py:3834} INFO - Setting next_dagrun for example_branch_datetime_operator_3 to 2024-03-13 00:00:00+00:00, run_after=2024-03-14 00:00:00+00:00
[2024-03-14T16:44:39.194+0000] {processor.py:183} INFO - Processing /usr/local/lib/python3.8/dist-packages/airflow/example_dags/example_branch_datetime_operator.py took 0.170 seconds
[2024-03-14T16:45:55.369+0000] {processor.py:161} INFO - Started process (PID=2943) to work on /usr/local/lib/python3.8/dist-packages/airflow/example_dags/example_branch_datetime_operator.py
[2024-03-14T16:45:55.371+0000] {processor.py:830} INFO - Processing file /usr/local/lib/python3.8/dist-packages/airflow/example_dags/example_branch_datetime_operator.py for tasks to queue
[2024-03-14T16:45:55.372+0000] {logging_mixin.py:188} INFO - [2024-03-14T16:45:55.371+0000] {dagbag.py:540} INFO - Filling up the DagBag from /usr/local/lib/python3.8/dist-packages/airflow/example_dags/example_branch_datetime_operator.py
[2024-03-14T16:45:55.383+0000] {processor.py:840} INFO - DAG(s) 'example_branch_datetime_operator_2', 'example_branch_datetime_operator_3', 'example_branch_datetime_operator' retrieved from /usr/local/lib/python3.8/dist-packages/airflow/example_dags/example_branch_datetime_operator.py
[2024-03-14T16:45:55.408+0000] {logging_mixin.py:188} INFO - [2024-03-14T16:45:55.407+0000] {dag.py:3047} INFO - Sync 3 DAGs
[2024-03-14T16:45:55.431+0000] {logging_mixin.py:188} INFO - [2024-03-14T16:45:55.430+0000] {dag.py:3834} INFO - Setting next_dagrun for example_branch_datetime_operator to 2024-03-13 00:00:00+00:00, run_after=2024-03-14 00:00:00+00:00
[2024-03-14T16:45:55.436+0000] {logging_mixin.py:188} INFO - [2024-03-14T16:45:55.436+0000] {dag.py:3834} INFO - Setting next_dagrun for example_branch_datetime_operator_2 to 2024-03-13 00:00:00+00:00, run_after=2024-03-14 00:00:00+00:00
[2024-03-14T16:45:55.439+0000] {logging_mixin.py:188} INFO - [2024-03-14T16:45:55.438+0000] {dag.py:3834} INFO - Setting next_dagrun for example_branch_datetime_operator_3 to 2024-03-13 00:00:00+00:00, run_after=2024-03-14 00:00:00+00:00
[2024-03-14T16:45:55.522+0000] {processor.py:183} INFO - Processing /usr/local/lib/python3.8/dist-packages/airflow/example_dags/example_branch_datetime_operator.py took 0.156 seconds
[2024-03-14T16:56:19.575+0000] {processor.py:161} INFO - Started process (PID=3259) to work on /usr/local/lib/python3.8/dist-packages/airflow/example_dags/example_branch_datetime_operator.py
[2024-03-14T16:56:19.611+0000] {processor.py:830} INFO - Processing file /usr/local/lib/python3.8/dist-packages/airflow/example_dags/example_branch_datetime_operator.py for tasks to queue
[2024-03-14T16:56:19.612+0000] {logging_mixin.py:188} INFO - [2024-03-14T16:56:19.612+0000] {dagbag.py:540} INFO - Filling up the DagBag from /usr/local/lib/python3.8/dist-packages/airflow/example_dags/example_branch_datetime_operator.py
[2024-03-14T16:56:19.625+0000] {processor.py:840} INFO - DAG(s) 'example_branch_datetime_operator_2', 'example_branch_datetime_operator_3', 'example_branch_datetime_operator' retrieved from /usr/local/lib/python3.8/dist-packages/airflow/example_dags/example_branch_datetime_operator.py
[2024-03-14T16:56:19.757+0000] {logging_mixin.py:188} INFO - [2024-03-14T16:56:19.756+0000] {dag.py:3047} INFO - Sync 3 DAGs
[2024-03-14T16:56:19.772+0000] {logging_mixin.py:188} INFO - [2024-03-14T16:56:19.771+0000] {dag.py:3834} INFO - Setting next_dagrun for example_branch_datetime_operator to 2024-03-13 00:00:00+00:00, run_after=2024-03-14 00:00:00+00:00
[2024-03-14T16:56:19.775+0000] {logging_mixin.py:188} INFO - [2024-03-14T16:56:19.775+0000] {dag.py:3834} INFO - Setting next_dagrun for example_branch_datetime_operator_2 to 2024-03-13 00:00:00+00:00, run_after=2024-03-14 00:00:00+00:00
[2024-03-14T16:56:19.777+0000] {logging_mixin.py:188} INFO - [2024-03-14T16:56:19.777+0000] {dag.py:3834} INFO - Setting next_dagrun for example_branch_datetime_operator_3 to 2024-03-13 00:00:00+00:00, run_after=2024-03-14 00:00:00+00:00
[2024-03-14T16:56:19.889+0000] {processor.py:183} INFO - Processing /usr/local/lib/python3.8/dist-packages/airflow/example_dags/example_branch_datetime_operator.py took 0.318 seconds
[2024-03-14T16:58:17.173+0000] {processor.py:161} INFO - Started process (PID=3454) to work on /usr/local/lib/python3.8/dist-packages/airflow/example_dags/example_branch_datetime_operator.py
[2024-03-14T16:58:17.176+0000] {processor.py:830} INFO - Processing file /usr/local/lib/python3.8/dist-packages/airflow/example_dags/example_branch_datetime_operator.py for tasks to queue
[2024-03-14T16:58:17.177+0000] {logging_mixin.py:188} INFO - [2024-03-14T16:58:17.176+0000] {dagbag.py:540} INFO - Filling up the DagBag from /usr/local/lib/python3.8/dist-packages/airflow/example_dags/example_branch_datetime_operator.py
[2024-03-14T16:58:17.190+0000] {processor.py:840} INFO - DAG(s) 'example_branch_datetime_operator_2', 'example_branch_datetime_operator', 'example_branch_datetime_operator_3' retrieved from /usr/local/lib/python3.8/dist-packages/airflow/example_dags/example_branch_datetime_operator.py
[2024-03-14T16:58:17.217+0000] {logging_mixin.py:188} INFO - [2024-03-14T16:58:17.217+0000] {dag.py:3047} INFO - Sync 3 DAGs
[2024-03-14T16:58:17.242+0000] {logging_mixin.py:188} INFO - [2024-03-14T16:58:17.242+0000] {dag.py:3834} INFO - Setting next_dagrun for example_branch_datetime_operator to 2024-03-13 00:00:00+00:00, run_after=2024-03-14 00:00:00+00:00
[2024-03-14T16:58:17.248+0000] {logging_mixin.py:188} INFO - [2024-03-14T16:58:17.247+0000] {dag.py:3834} INFO - Setting next_dagrun for example_branch_datetime_operator_2 to 2024-03-13 00:00:00+00:00, run_after=2024-03-14 00:00:00+00:00
[2024-03-14T16:58:17.251+0000] {logging_mixin.py:188} INFO - [2024-03-14T16:58:17.250+0000] {dag.py:3834} INFO - Setting next_dagrun for example_branch_datetime_operator_3 to 2024-03-13 00:00:00+00:00, run_after=2024-03-14 00:00:00+00:00
[2024-03-14T16:58:17.279+0000] {processor.py:183} INFO - Processing /usr/local/lib/python3.8/dist-packages/airflow/example_dags/example_branch_datetime_operator.py took 0.110 seconds
