[2024-03-14T16:22:26.311+0000] {processor.py:161} INFO - Started process (PID=526) to work on /usr/local/lib/python3.8/dist-packages/airflow/example_dags/example_trigger_target_dag.py
[2024-03-14T16:22:26.312+0000] {processor.py:830} INFO - Processing file /usr/local/lib/python3.8/dist-packages/airflow/example_dags/example_trigger_target_dag.py for tasks to queue
[2024-03-14T16:22:26.313+0000] {logging_mixin.py:188} INFO - [2024-03-14T16:22:26.312+0000] {dagbag.py:540} INFO - Filling up the DagBag from /usr/local/lib/python3.8/dist-packages/airflow/example_dags/example_trigger_target_dag.py
[2024-03-14T16:22:26.319+0000] {processor.py:840} INFO - DAG(s) 'example_trigger_target_dag' retrieved from /usr/local/lib/python3.8/dist-packages/airflow/example_dags/example_trigger_target_dag.py
[2024-03-14T16:22:26.343+0000] {logging_mixin.py:188} INFO - [2024-03-14T16:22:26.343+0000] {dag.py:3047} INFO - Sync 1 DAGs
[2024-03-14T16:22:26.353+0000] {logging_mixin.py:188} INFO - [2024-03-14T16:22:26.352+0000] {dag.py:3834} INFO - Setting next_dagrun for example_trigger_target_dag to None, run_after=None
[2024-03-14T16:22:26.378+0000] {processor.py:183} INFO - Processing /usr/local/lib/python3.8/dist-packages/airflow/example_dags/example_trigger_target_dag.py took 0.070 seconds
[2024-03-14T16:23:48.559+0000] {processor.py:161} INFO - Started process (PID=663) to work on /usr/local/lib/python3.8/dist-packages/airflow/example_dags/example_trigger_target_dag.py
[2024-03-14T16:23:48.562+0000] {processor.py:830} INFO - Processing file /usr/local/lib/python3.8/dist-packages/airflow/example_dags/example_trigger_target_dag.py for tasks to queue
[2024-03-14T16:23:48.563+0000] {logging_mixin.py:188} INFO - [2024-03-14T16:23:48.562+0000] {dagbag.py:540} INFO - Filling up the DagBag from /usr/local/lib/python3.8/dist-packages/airflow/example_dags/example_trigger_target_dag.py
[2024-03-14T16:23:48.569+0000] {processor.py:840} INFO - DAG(s) 'example_trigger_target_dag' retrieved from /usr/local/lib/python3.8/dist-packages/airflow/example_dags/example_trigger_target_dag.py
[2024-03-14T16:23:48.586+0000] {logging_mixin.py:188} INFO - [2024-03-14T16:23:48.585+0000] {dag.py:3047} INFO - Sync 1 DAGs
[2024-03-14T16:23:48.598+0000] {logging_mixin.py:188} INFO - [2024-03-14T16:23:48.598+0000] {dag.py:3834} INFO - Setting next_dagrun for example_trigger_target_dag to None, run_after=None
[2024-03-14T16:23:48.630+0000] {processor.py:183} INFO - Processing /usr/local/lib/python3.8/dist-packages/airflow/example_dags/example_trigger_target_dag.py took 0.074 seconds
[2024-03-14T16:24:30.316+0000] {processor.py:161} INFO - Started process (PID=706) to work on /usr/local/lib/python3.8/dist-packages/airflow/example_dags/example_trigger_target_dag.py
[2024-03-14T16:24:30.317+0000] {processor.py:830} INFO - Processing file /usr/local/lib/python3.8/dist-packages/airflow/example_dags/example_trigger_target_dag.py for tasks to queue
[2024-03-14T16:24:30.318+0000] {logging_mixin.py:188} INFO - [2024-03-14T16:24:30.317+0000] {dagbag.py:540} INFO - Filling up the DagBag from /usr/local/lib/python3.8/dist-packages/airflow/example_dags/example_trigger_target_dag.py
[2024-03-14T16:24:30.325+0000] {processor.py:840} INFO - DAG(s) 'example_trigger_target_dag' retrieved from /usr/local/lib/python3.8/dist-packages/airflow/example_dags/example_trigger_target_dag.py
[2024-03-14T16:24:30.341+0000] {logging_mixin.py:188} INFO - [2024-03-14T16:24:30.340+0000] {dag.py:3047} INFO - Sync 1 DAGs
[2024-03-14T16:24:30.353+0000] {logging_mixin.py:188} INFO - [2024-03-14T16:24:30.353+0000] {dag.py:3834} INFO - Setting next_dagrun for example_trigger_target_dag to None, run_after=None
[2024-03-14T16:24:30.381+0000] {processor.py:183} INFO - Processing /usr/local/lib/python3.8/dist-packages/airflow/example_dags/example_trigger_target_dag.py took 0.069 seconds
[2024-03-14T16:25:30.802+0000] {processor.py:161} INFO - Started process (PID=805) to work on /usr/local/lib/python3.8/dist-packages/airflow/example_dags/example_trigger_target_dag.py
[2024-03-14T16:25:30.804+0000] {processor.py:830} INFO - Processing file /usr/local/lib/python3.8/dist-packages/airflow/example_dags/example_trigger_target_dag.py for tasks to queue
[2024-03-14T16:25:30.805+0000] {logging_mixin.py:188} INFO - [2024-03-14T16:25:30.805+0000] {dagbag.py:540} INFO - Filling up the DagBag from /usr/local/lib/python3.8/dist-packages/airflow/example_dags/example_trigger_target_dag.py
[2024-03-14T16:25:30.812+0000] {processor.py:840} INFO - DAG(s) 'example_trigger_target_dag' retrieved from /usr/local/lib/python3.8/dist-packages/airflow/example_dags/example_trigger_target_dag.py
[2024-03-14T16:25:30.828+0000] {logging_mixin.py:188} INFO - [2024-03-14T16:25:30.828+0000] {dag.py:3047} INFO - Sync 1 DAGs
[2024-03-14T16:25:30.841+0000] {logging_mixin.py:188} INFO - [2024-03-14T16:25:30.840+0000] {dag.py:3834} INFO - Setting next_dagrun for example_trigger_target_dag to None, run_after=None
[2024-03-14T16:25:30.955+0000] {processor.py:183} INFO - Processing /usr/local/lib/python3.8/dist-packages/airflow/example_dags/example_trigger_target_dag.py took 0.156 seconds
[2024-03-14T16:26:33.439+0000] {processor.py:161} INFO - Started process (PID=905) to work on /usr/local/lib/python3.8/dist-packages/airflow/example_dags/example_trigger_target_dag.py
[2024-03-14T16:26:33.441+0000] {processor.py:830} INFO - Processing file /usr/local/lib/python3.8/dist-packages/airflow/example_dags/example_trigger_target_dag.py for tasks to queue
[2024-03-14T16:26:33.442+0000] {logging_mixin.py:188} INFO - [2024-03-14T16:26:33.442+0000] {dagbag.py:540} INFO - Filling up the DagBag from /usr/local/lib/python3.8/dist-packages/airflow/example_dags/example_trigger_target_dag.py
[2024-03-14T16:26:33.449+0000] {processor.py:840} INFO - DAG(s) 'example_trigger_target_dag' retrieved from /usr/local/lib/python3.8/dist-packages/airflow/example_dags/example_trigger_target_dag.py
[2024-03-14T16:26:33.465+0000] {logging_mixin.py:188} INFO - [2024-03-14T16:26:33.465+0000] {dag.py:3047} INFO - Sync 1 DAGs
[2024-03-14T16:26:33.477+0000] {logging_mixin.py:188} INFO - [2024-03-14T16:26:33.477+0000] {dag.py:3834} INFO - Setting next_dagrun for example_trigger_target_dag to None, run_after=None
[2024-03-14T16:26:33.562+0000] {processor.py:183} INFO - Processing /usr/local/lib/python3.8/dist-packages/airflow/example_dags/example_trigger_target_dag.py took 0.126 seconds
[2024-03-14T16:27:42.615+0000] {processor.py:161} INFO - Started process (PID=1034) to work on /usr/local/lib/python3.8/dist-packages/airflow/example_dags/example_trigger_target_dag.py
[2024-03-14T16:27:42.616+0000] {processor.py:830} INFO - Processing file /usr/local/lib/python3.8/dist-packages/airflow/example_dags/example_trigger_target_dag.py for tasks to queue
[2024-03-14T16:27:42.617+0000] {logging_mixin.py:188} INFO - [2024-03-14T16:27:42.617+0000] {dagbag.py:540} INFO - Filling up the DagBag from /usr/local/lib/python3.8/dist-packages/airflow/example_dags/example_trigger_target_dag.py
[2024-03-14T16:27:42.624+0000] {processor.py:840} INFO - DAG(s) 'example_trigger_target_dag' retrieved from /usr/local/lib/python3.8/dist-packages/airflow/example_dags/example_trigger_target_dag.py
[2024-03-14T16:27:42.640+0000] {logging_mixin.py:188} INFO - [2024-03-14T16:27:42.640+0000] {dag.py:3047} INFO - Sync 1 DAGs
[2024-03-14T16:27:42.652+0000] {logging_mixin.py:188} INFO - [2024-03-14T16:27:42.652+0000] {dag.py:3834} INFO - Setting next_dagrun for example_trigger_target_dag to None, run_after=None
[2024-03-14T16:27:42.797+0000] {processor.py:183} INFO - Processing /usr/local/lib/python3.8/dist-packages/airflow/example_dags/example_trigger_target_dag.py took 0.184 seconds
[2024-03-14T16:28:53.608+0000] {processor.py:161} INFO - Started process (PID=1139) to work on /usr/local/lib/python3.8/dist-packages/airflow/example_dags/example_trigger_target_dag.py
[2024-03-14T16:28:53.608+0000] {processor.py:830} INFO - Processing file /usr/local/lib/python3.8/dist-packages/airflow/example_dags/example_trigger_target_dag.py for tasks to queue
[2024-03-14T16:28:53.609+0000] {logging_mixin.py:188} INFO - [2024-03-14T16:28:53.609+0000] {dagbag.py:540} INFO - Filling up the DagBag from /usr/local/lib/python3.8/dist-packages/airflow/example_dags/example_trigger_target_dag.py
[2024-03-14T16:28:53.616+0000] {processor.py:840} INFO - DAG(s) 'example_trigger_target_dag' retrieved from /usr/local/lib/python3.8/dist-packages/airflow/example_dags/example_trigger_target_dag.py
[2024-03-14T16:28:53.633+0000] {logging_mixin.py:188} INFO - [2024-03-14T16:28:53.633+0000] {dag.py:3047} INFO - Sync 1 DAGs
[2024-03-14T16:28:53.645+0000] {logging_mixin.py:188} INFO - [2024-03-14T16:28:53.645+0000] {dag.py:3834} INFO - Setting next_dagrun for example_trigger_target_dag to None, run_after=None
[2024-03-14T16:28:53.770+0000] {processor.py:183} INFO - Processing /usr/local/lib/python3.8/dist-packages/airflow/example_dags/example_trigger_target_dag.py took 0.166 seconds
[2024-03-14T16:30:35.698+0000] {processor.py:161} INFO - Started process (PID=1323) to work on /usr/local/lib/python3.8/dist-packages/airflow/example_dags/example_trigger_target_dag.py
[2024-03-14T16:30:35.700+0000] {processor.py:830} INFO - Processing file /usr/local/lib/python3.8/dist-packages/airflow/example_dags/example_trigger_target_dag.py for tasks to queue
[2024-03-14T16:30:35.701+0000] {logging_mixin.py:188} INFO - [2024-03-14T16:30:35.701+0000] {dagbag.py:540} INFO - Filling up the DagBag from /usr/local/lib/python3.8/dist-packages/airflow/example_dags/example_trigger_target_dag.py
[2024-03-14T16:30:35.708+0000] {processor.py:840} INFO - DAG(s) 'example_trigger_target_dag' retrieved from /usr/local/lib/python3.8/dist-packages/airflow/example_dags/example_trigger_target_dag.py
[2024-03-14T16:30:35.724+0000] {logging_mixin.py:188} INFO - [2024-03-14T16:30:35.724+0000] {dag.py:3047} INFO - Sync 1 DAGs
[2024-03-14T16:30:35.737+0000] {logging_mixin.py:188} INFO - [2024-03-14T16:30:35.736+0000] {dag.py:3834} INFO - Setting next_dagrun for example_trigger_target_dag to None, run_after=None
[2024-03-14T16:30:35.766+0000] {processor.py:183} INFO - Processing /usr/local/lib/python3.8/dist-packages/airflow/example_dags/example_trigger_target_dag.py took 0.071 seconds
[2024-03-14T16:31:23.882+0000] {processor.py:161} INFO - Started process (PID=1412) to work on /usr/local/lib/python3.8/dist-packages/airflow/example_dags/example_trigger_target_dag.py
[2024-03-14T16:31:23.885+0000] {processor.py:830} INFO - Processing file /usr/local/lib/python3.8/dist-packages/airflow/example_dags/example_trigger_target_dag.py for tasks to queue
[2024-03-14T16:31:23.885+0000] {logging_mixin.py:188} INFO - [2024-03-14T16:31:23.885+0000] {dagbag.py:540} INFO - Filling up the DagBag from /usr/local/lib/python3.8/dist-packages/airflow/example_dags/example_trigger_target_dag.py
[2024-03-14T16:31:23.892+0000] {processor.py:840} INFO - DAG(s) 'example_trigger_target_dag' retrieved from /usr/local/lib/python3.8/dist-packages/airflow/example_dags/example_trigger_target_dag.py
[2024-03-14T16:31:23.907+0000] {logging_mixin.py:188} INFO - [2024-03-14T16:31:23.907+0000] {dag.py:3047} INFO - Sync 1 DAGs
[2024-03-14T16:31:23.917+0000] {logging_mixin.py:188} INFO - [2024-03-14T16:31:23.917+0000] {dag.py:3834} INFO - Setting next_dagrun for example_trigger_target_dag to None, run_after=None
[2024-03-14T16:31:23.941+0000] {processor.py:183} INFO - Processing /usr/local/lib/python3.8/dist-packages/airflow/example_dags/example_trigger_target_dag.py took 0.062 seconds
[2024-03-14T16:32:30.451+0000] {processor.py:161} INFO - Started process (PID=1525) to work on /usr/local/lib/python3.8/dist-packages/airflow/example_dags/example_trigger_target_dag.py
[2024-03-14T16:32:30.454+0000] {processor.py:830} INFO - Processing file /usr/local/lib/python3.8/dist-packages/airflow/example_dags/example_trigger_target_dag.py for tasks to queue
[2024-03-14T16:32:30.455+0000] {logging_mixin.py:188} INFO - [2024-03-14T16:32:30.454+0000] {dagbag.py:540} INFO - Filling up the DagBag from /usr/local/lib/python3.8/dist-packages/airflow/example_dags/example_trigger_target_dag.py
[2024-03-14T16:32:30.461+0000] {processor.py:840} INFO - DAG(s) 'example_trigger_target_dag' retrieved from /usr/local/lib/python3.8/dist-packages/airflow/example_dags/example_trigger_target_dag.py
[2024-03-14T16:32:30.477+0000] {logging_mixin.py:188} INFO - [2024-03-14T16:32:30.477+0000] {dag.py:3047} INFO - Sync 1 DAGs
[2024-03-14T16:32:30.490+0000] {logging_mixin.py:188} INFO - [2024-03-14T16:32:30.490+0000] {dag.py:3834} INFO - Setting next_dagrun for example_trigger_target_dag to None, run_after=None
[2024-03-14T16:32:30.617+0000] {processor.py:183} INFO - Processing /usr/local/lib/python3.8/dist-packages/airflow/example_dags/example_trigger_target_dag.py took 0.169 seconds
[2024-03-14T16:33:58.482+0000] {processor.py:161} INFO - Started process (PID=1769) to work on /usr/local/lib/python3.8/dist-packages/airflow/example_dags/example_trigger_target_dag.py
[2024-03-14T16:33:58.484+0000] {processor.py:830} INFO - Processing file /usr/local/lib/python3.8/dist-packages/airflow/example_dags/example_trigger_target_dag.py for tasks to queue
[2024-03-14T16:33:58.485+0000] {logging_mixin.py:188} INFO - [2024-03-14T16:33:58.485+0000] {dagbag.py:540} INFO - Filling up the DagBag from /usr/local/lib/python3.8/dist-packages/airflow/example_dags/example_trigger_target_dag.py
[2024-03-14T16:33:58.493+0000] {processor.py:840} INFO - DAG(s) 'example_trigger_target_dag' retrieved from /usr/local/lib/python3.8/dist-packages/airflow/example_dags/example_trigger_target_dag.py
[2024-03-14T16:33:58.509+0000] {logging_mixin.py:188} INFO - [2024-03-14T16:33:58.509+0000] {dag.py:3047} INFO - Sync 1 DAGs
[2024-03-14T16:33:58.523+0000] {logging_mixin.py:188} INFO - [2024-03-14T16:33:58.522+0000] {dag.py:3834} INFO - Setting next_dagrun for example_trigger_target_dag to None, run_after=None
[2024-03-14T16:33:58.598+0000] {processor.py:183} INFO - Processing /usr/local/lib/python3.8/dist-packages/airflow/example_dags/example_trigger_target_dag.py took 0.119 seconds
[2024-03-14T16:34:44.643+0000] {processor.py:161} INFO - Started process (PID=1824) to work on /usr/local/lib/python3.8/dist-packages/airflow/example_dags/example_trigger_target_dag.py
[2024-03-14T16:34:44.645+0000] {processor.py:830} INFO - Processing file /usr/local/lib/python3.8/dist-packages/airflow/example_dags/example_trigger_target_dag.py for tasks to queue
[2024-03-14T16:34:44.646+0000] {logging_mixin.py:188} INFO - [2024-03-14T16:34:44.645+0000] {dagbag.py:540} INFO - Filling up the DagBag from /usr/local/lib/python3.8/dist-packages/airflow/example_dags/example_trigger_target_dag.py
[2024-03-14T16:34:44.652+0000] {processor.py:840} INFO - DAG(s) 'example_trigger_target_dag' retrieved from /usr/local/lib/python3.8/dist-packages/airflow/example_dags/example_trigger_target_dag.py
[2024-03-14T16:34:44.666+0000] {logging_mixin.py:188} INFO - [2024-03-14T16:34:44.666+0000] {dag.py:3047} INFO - Sync 1 DAGs
[2024-03-14T16:34:44.676+0000] {logging_mixin.py:188} INFO - [2024-03-14T16:34:44.676+0000] {dag.py:3834} INFO - Setting next_dagrun for example_trigger_target_dag to None, run_after=None
[2024-03-14T16:34:44.703+0000] {processor.py:183} INFO - Processing /usr/local/lib/python3.8/dist-packages/airflow/example_dags/example_trigger_target_dag.py took 0.064 seconds
[2024-03-14T16:36:21.114+0000] {processor.py:161} INFO - Started process (PID=2001) to work on /usr/local/lib/python3.8/dist-packages/airflow/example_dags/example_trigger_target_dag.py
[2024-03-14T16:36:21.116+0000] {processor.py:830} INFO - Processing file /usr/local/lib/python3.8/dist-packages/airflow/example_dags/example_trigger_target_dag.py for tasks to queue
[2024-03-14T16:36:21.117+0000] {logging_mixin.py:188} INFO - [2024-03-14T16:36:21.117+0000] {dagbag.py:540} INFO - Filling up the DagBag from /usr/local/lib/python3.8/dist-packages/airflow/example_dags/example_trigger_target_dag.py
[2024-03-14T16:36:21.124+0000] {processor.py:840} INFO - DAG(s) 'example_trigger_target_dag' retrieved from /usr/local/lib/python3.8/dist-packages/airflow/example_dags/example_trigger_target_dag.py
[2024-03-14T16:36:21.140+0000] {logging_mixin.py:188} INFO - [2024-03-14T16:36:21.140+0000] {dag.py:3047} INFO - Sync 1 DAGs
[2024-03-14T16:36:21.153+0000] {logging_mixin.py:188} INFO - [2024-03-14T16:36:21.153+0000] {dag.py:3834} INFO - Setting next_dagrun for example_trigger_target_dag to None, run_after=None
[2024-03-14T16:36:21.216+0000] {processor.py:183} INFO - Processing /usr/local/lib/python3.8/dist-packages/airflow/example_dags/example_trigger_target_dag.py took 0.105 seconds
[2024-03-14T16:37:41.538+0000] {processor.py:161} INFO - Started process (PID=2148) to work on /usr/local/lib/python3.8/dist-packages/airflow/example_dags/example_trigger_target_dag.py
[2024-03-14T16:37:41.541+0000] {processor.py:830} INFO - Processing file /usr/local/lib/python3.8/dist-packages/airflow/example_dags/example_trigger_target_dag.py for tasks to queue
[2024-03-14T16:37:41.542+0000] {logging_mixin.py:188} INFO - [2024-03-14T16:37:41.541+0000] {dagbag.py:540} INFO - Filling up the DagBag from /usr/local/lib/python3.8/dist-packages/airflow/example_dags/example_trigger_target_dag.py
[2024-03-14T16:37:41.548+0000] {processor.py:840} INFO - DAG(s) 'example_trigger_target_dag' retrieved from /usr/local/lib/python3.8/dist-packages/airflow/example_dags/example_trigger_target_dag.py
[2024-03-14T16:37:41.564+0000] {logging_mixin.py:188} INFO - [2024-03-14T16:37:41.564+0000] {dag.py:3047} INFO - Sync 1 DAGs
[2024-03-14T16:37:41.576+0000] {logging_mixin.py:188} INFO - [2024-03-14T16:37:41.576+0000] {dag.py:3834} INFO - Setting next_dagrun for example_trigger_target_dag to None, run_after=None
[2024-03-14T16:37:41.632+0000] {processor.py:183} INFO - Processing /usr/local/lib/python3.8/dist-packages/airflow/example_dags/example_trigger_target_dag.py took 0.097 seconds
[2024-03-14T16:38:31.886+0000] {processor.py:161} INFO - Started process (PID=2259) to work on /usr/local/lib/python3.8/dist-packages/airflow/example_dags/example_trigger_target_dag.py
[2024-03-14T16:38:31.888+0000] {processor.py:830} INFO - Processing file /usr/local/lib/python3.8/dist-packages/airflow/example_dags/example_trigger_target_dag.py for tasks to queue
[2024-03-14T16:38:31.889+0000] {logging_mixin.py:188} INFO - [2024-03-14T16:38:31.889+0000] {dagbag.py:540} INFO - Filling up the DagBag from /usr/local/lib/python3.8/dist-packages/airflow/example_dags/example_trigger_target_dag.py
[2024-03-14T16:38:31.896+0000] {processor.py:840} INFO - DAG(s) 'example_trigger_target_dag' retrieved from /usr/local/lib/python3.8/dist-packages/airflow/example_dags/example_trigger_target_dag.py
[2024-03-14T16:38:31.912+0000] {logging_mixin.py:188} INFO - [2024-03-14T16:38:31.912+0000] {dag.py:3047} INFO - Sync 1 DAGs
[2024-03-14T16:38:31.924+0000] {logging_mixin.py:188} INFO - [2024-03-14T16:38:31.924+0000] {dag.py:3834} INFO - Setting next_dagrun for example_trigger_target_dag to None, run_after=None
[2024-03-14T16:38:32.006+0000] {processor.py:183} INFO - Processing /usr/local/lib/python3.8/dist-packages/airflow/example_dags/example_trigger_target_dag.py took 0.124 seconds
[2024-03-14T16:39:41.819+0000] {processor.py:161} INFO - Started process (PID=2374) to work on /usr/local/lib/python3.8/dist-packages/airflow/example_dags/example_trigger_target_dag.py
[2024-03-14T16:39:41.821+0000] {processor.py:830} INFO - Processing file /usr/local/lib/python3.8/dist-packages/airflow/example_dags/example_trigger_target_dag.py for tasks to queue
[2024-03-14T16:39:41.822+0000] {logging_mixin.py:188} INFO - [2024-03-14T16:39:41.822+0000] {dagbag.py:540} INFO - Filling up the DagBag from /usr/local/lib/python3.8/dist-packages/airflow/example_dags/example_trigger_target_dag.py
[2024-03-14T16:39:41.829+0000] {processor.py:840} INFO - DAG(s) 'example_trigger_target_dag' retrieved from /usr/local/lib/python3.8/dist-packages/airflow/example_dags/example_trigger_target_dag.py
[2024-03-14T16:39:41.845+0000] {logging_mixin.py:188} INFO - [2024-03-14T16:39:41.845+0000] {dag.py:3047} INFO - Sync 1 DAGs
[2024-03-14T16:39:41.857+0000] {logging_mixin.py:188} INFO - [2024-03-14T16:39:41.857+0000] {dag.py:3834} INFO - Setting next_dagrun for example_trigger_target_dag to None, run_after=None
[2024-03-14T16:39:41.900+0000] {processor.py:183} INFO - Processing /usr/local/lib/python3.8/dist-packages/airflow/example_dags/example_trigger_target_dag.py took 0.085 seconds
[2024-03-14T16:40:49.534+0000] {processor.py:161} INFO - Started process (PID=2481) to work on /usr/local/lib/python3.8/dist-packages/airflow/example_dags/example_trigger_target_dag.py
[2024-03-14T16:40:49.536+0000] {processor.py:830} INFO - Processing file /usr/local/lib/python3.8/dist-packages/airflow/example_dags/example_trigger_target_dag.py for tasks to queue
[2024-03-14T16:40:49.537+0000] {logging_mixin.py:188} INFO - [2024-03-14T16:40:49.536+0000] {dagbag.py:540} INFO - Filling up the DagBag from /usr/local/lib/python3.8/dist-packages/airflow/example_dags/example_trigger_target_dag.py
[2024-03-14T16:40:49.543+0000] {processor.py:840} INFO - DAG(s) 'example_trigger_target_dag' retrieved from /usr/local/lib/python3.8/dist-packages/airflow/example_dags/example_trigger_target_dag.py
[2024-03-14T16:40:49.560+0000] {logging_mixin.py:188} INFO - [2024-03-14T16:40:49.559+0000] {dag.py:3047} INFO - Sync 1 DAGs
[2024-03-14T16:40:49.572+0000] {logging_mixin.py:188} INFO - [2024-03-14T16:40:49.572+0000] {dag.py:3834} INFO - Setting next_dagrun for example_trigger_target_dag to None, run_after=None
[2024-03-14T16:40:49.600+0000] {processor.py:183} INFO - Processing /usr/local/lib/python3.8/dist-packages/airflow/example_dags/example_trigger_target_dag.py took 0.070 seconds
[2024-03-14T16:42:07.239+0000] {processor.py:161} INFO - Started process (PID=2597) to work on /usr/local/lib/python3.8/dist-packages/airflow/example_dags/example_trigger_target_dag.py
[2024-03-14T16:42:07.241+0000] {processor.py:830} INFO - Processing file /usr/local/lib/python3.8/dist-packages/airflow/example_dags/example_trigger_target_dag.py for tasks to queue
[2024-03-14T16:42:07.242+0000] {logging_mixin.py:188} INFO - [2024-03-14T16:42:07.242+0000] {dagbag.py:540} INFO - Filling up the DagBag from /usr/local/lib/python3.8/dist-packages/airflow/example_dags/example_trigger_target_dag.py
[2024-03-14T16:42:07.249+0000] {processor.py:840} INFO - DAG(s) 'example_trigger_target_dag' retrieved from /usr/local/lib/python3.8/dist-packages/airflow/example_dags/example_trigger_target_dag.py
[2024-03-14T16:42:07.265+0000] {logging_mixin.py:188} INFO - [2024-03-14T16:42:07.265+0000] {dag.py:3047} INFO - Sync 1 DAGs
[2024-03-14T16:42:07.332+0000] {logging_mixin.py:188} INFO - [2024-03-14T16:42:07.331+0000] {dag.py:3834} INFO - Setting next_dagrun for example_trigger_target_dag to None, run_after=None
[2024-03-14T16:42:07.433+0000] {processor.py:183} INFO - Processing /usr/local/lib/python3.8/dist-packages/airflow/example_dags/example_trigger_target_dag.py took 0.197 seconds
[2024-03-14T16:42:51.333+0000] {processor.py:161} INFO - Started process (PID=2640) to work on /usr/local/lib/python3.8/dist-packages/airflow/example_dags/example_trigger_target_dag.py
[2024-03-14T16:42:51.336+0000] {processor.py:830} INFO - Processing file /usr/local/lib/python3.8/dist-packages/airflow/example_dags/example_trigger_target_dag.py for tasks to queue
[2024-03-14T16:42:51.337+0000] {logging_mixin.py:188} INFO - [2024-03-14T16:42:51.336+0000] {dagbag.py:540} INFO - Filling up the DagBag from /usr/local/lib/python3.8/dist-packages/airflow/example_dags/example_trigger_target_dag.py
[2024-03-14T16:42:51.344+0000] {processor.py:840} INFO - DAG(s) 'example_trigger_target_dag' retrieved from /usr/local/lib/python3.8/dist-packages/airflow/example_dags/example_trigger_target_dag.py
[2024-03-14T16:42:51.360+0000] {logging_mixin.py:188} INFO - [2024-03-14T16:42:51.359+0000] {dag.py:3047} INFO - Sync 1 DAGs
[2024-03-14T16:42:51.372+0000] {logging_mixin.py:188} INFO - [2024-03-14T16:42:51.372+0000] {dag.py:3834} INFO - Setting next_dagrun for example_trigger_target_dag to None, run_after=None
[2024-03-14T16:42:51.465+0000] {processor.py:183} INFO - Processing /usr/local/lib/python3.8/dist-packages/airflow/example_dags/example_trigger_target_dag.py took 0.135 seconds
[2024-03-14T16:44:34.026+0000] {processor.py:161} INFO - Started process (PID=2820) to work on /usr/local/lib/python3.8/dist-packages/airflow/example_dags/example_trigger_target_dag.py
[2024-03-14T16:44:34.029+0000] {processor.py:830} INFO - Processing file /usr/local/lib/python3.8/dist-packages/airflow/example_dags/example_trigger_target_dag.py for tasks to queue
[2024-03-14T16:44:34.030+0000] {logging_mixin.py:188} INFO - [2024-03-14T16:44:34.029+0000] {dagbag.py:540} INFO - Filling up the DagBag from /usr/local/lib/python3.8/dist-packages/airflow/example_dags/example_trigger_target_dag.py
[2024-03-14T16:44:34.037+0000] {processor.py:840} INFO - DAG(s) 'example_trigger_target_dag' retrieved from /usr/local/lib/python3.8/dist-packages/airflow/example_dags/example_trigger_target_dag.py
[2024-03-14T16:44:34.052+0000] {logging_mixin.py:188} INFO - [2024-03-14T16:44:34.052+0000] {dag.py:3047} INFO - Sync 1 DAGs
[2024-03-14T16:44:34.065+0000] {logging_mixin.py:188} INFO - [2024-03-14T16:44:34.065+0000] {dag.py:3834} INFO - Setting next_dagrun for example_trigger_target_dag to None, run_after=None
[2024-03-14T16:44:34.099+0000] {processor.py:183} INFO - Processing /usr/local/lib/python3.8/dist-packages/airflow/example_dags/example_trigger_target_dag.py took 0.076 seconds
[2024-03-14T16:45:50.171+0000] {processor.py:161} INFO - Started process (PID=2938) to work on /usr/local/lib/python3.8/dist-packages/airflow/example_dags/example_trigger_target_dag.py
[2024-03-14T16:45:50.173+0000] {processor.py:830} INFO - Processing file /usr/local/lib/python3.8/dist-packages/airflow/example_dags/example_trigger_target_dag.py for tasks to queue
[2024-03-14T16:45:50.174+0000] {logging_mixin.py:188} INFO - [2024-03-14T16:45:50.174+0000] {dagbag.py:540} INFO - Filling up the DagBag from /usr/local/lib/python3.8/dist-packages/airflow/example_dags/example_trigger_target_dag.py
[2024-03-14T16:45:50.181+0000] {processor.py:840} INFO - DAG(s) 'example_trigger_target_dag' retrieved from /usr/local/lib/python3.8/dist-packages/airflow/example_dags/example_trigger_target_dag.py
[2024-03-14T16:45:50.195+0000] {logging_mixin.py:188} INFO - [2024-03-14T16:45:50.195+0000] {dag.py:3047} INFO - Sync 1 DAGs
[2024-03-14T16:45:50.205+0000] {logging_mixin.py:188} INFO - [2024-03-14T16:45:50.205+0000] {dag.py:3834} INFO - Setting next_dagrun for example_trigger_target_dag to None, run_after=None
[2024-03-14T16:45:50.315+0000] {processor.py:183} INFO - Processing /usr/local/lib/python3.8/dist-packages/airflow/example_dags/example_trigger_target_dag.py took 0.147 seconds
[2024-03-14T16:55:43.619+0000] {processor.py:161} INFO - Started process (PID=3117) to work on /usr/local/lib/python3.8/dist-packages/airflow/example_dags/example_trigger_target_dag.py
[2024-03-14T16:55:43.621+0000] {processor.py:830} INFO - Processing file /usr/local/lib/python3.8/dist-packages/airflow/example_dags/example_trigger_target_dag.py for tasks to queue
[2024-03-14T16:55:43.622+0000] {logging_mixin.py:188} INFO - [2024-03-14T16:55:43.621+0000] {dagbag.py:540} INFO - Filling up the DagBag from /usr/local/lib/python3.8/dist-packages/airflow/example_dags/example_trigger_target_dag.py
[2024-03-14T16:55:43.629+0000] {processor.py:840} INFO - DAG(s) 'example_trigger_target_dag' retrieved from /usr/local/lib/python3.8/dist-packages/airflow/example_dags/example_trigger_target_dag.py
[2024-03-14T16:55:43.657+0000] {logging_mixin.py:188} INFO - [2024-03-14T16:55:43.657+0000] {dag.py:3047} INFO - Sync 1 DAGs
[2024-03-14T16:55:43.668+0000] {logging_mixin.py:188} INFO - [2024-03-14T16:55:43.667+0000] {dag.py:3834} INFO - Setting next_dagrun for example_trigger_target_dag to None, run_after=None
[2024-03-14T16:55:43.732+0000] {processor.py:183} INFO - Processing /usr/local/lib/python3.8/dist-packages/airflow/example_dags/example_trigger_target_dag.py took 0.117 seconds
[2024-03-14T16:56:54.460+0000] {processor.py:161} INFO - Started process (PID=3334) to work on /usr/local/lib/python3.8/dist-packages/airflow/example_dags/example_trigger_target_dag.py
[2024-03-14T16:56:54.509+0000] {processor.py:830} INFO - Processing file /usr/local/lib/python3.8/dist-packages/airflow/example_dags/example_trigger_target_dag.py for tasks to queue
[2024-03-14T16:56:54.510+0000] {logging_mixin.py:188} INFO - [2024-03-14T16:56:54.509+0000] {dagbag.py:540} INFO - Filling up the DagBag from /usr/local/lib/python3.8/dist-packages/airflow/example_dags/example_trigger_target_dag.py
[2024-03-14T16:56:54.518+0000] {processor.py:840} INFO - DAG(s) 'example_trigger_target_dag' retrieved from /usr/local/lib/python3.8/dist-packages/airflow/example_dags/example_trigger_target_dag.py
[2024-03-14T16:56:54.885+0000] {logging_mixin.py:188} INFO - [2024-03-14T16:56:54.884+0000] {dag.py:3047} INFO - Sync 1 DAGs
[2024-03-14T16:56:54.994+0000] {logging_mixin.py:188} INFO - [2024-03-14T16:56:54.993+0000] {dag.py:3834} INFO - Setting next_dagrun for example_trigger_target_dag to None, run_after=None
[2024-03-14T16:56:55.131+0000] {processor.py:183} INFO - Processing /usr/local/lib/python3.8/dist-packages/airflow/example_dags/example_trigger_target_dag.py took 0.675 seconds
[2024-03-14T16:57:55.716+0000] {processor.py:161} INFO - Started process (PID=3435) to work on /usr/local/lib/python3.8/dist-packages/airflow/example_dags/example_trigger_target_dag.py
[2024-03-14T16:57:55.718+0000] {processor.py:830} INFO - Processing file /usr/local/lib/python3.8/dist-packages/airflow/example_dags/example_trigger_target_dag.py for tasks to queue
[2024-03-14T16:57:55.719+0000] {logging_mixin.py:188} INFO - [2024-03-14T16:57:55.719+0000] {dagbag.py:540} INFO - Filling up the DagBag from /usr/local/lib/python3.8/dist-packages/airflow/example_dags/example_trigger_target_dag.py
[2024-03-14T16:57:55.728+0000] {processor.py:840} INFO - DAG(s) 'example_trigger_target_dag' retrieved from /usr/local/lib/python3.8/dist-packages/airflow/example_dags/example_trigger_target_dag.py
[2024-03-14T16:57:55.746+0000] {logging_mixin.py:188} INFO - [2024-03-14T16:57:55.746+0000] {dag.py:3047} INFO - Sync 1 DAGs
[2024-03-14T16:57:55.760+0000] {logging_mixin.py:188} INFO - [2024-03-14T16:57:55.760+0000] {dag.py:3834} INFO - Setting next_dagrun for example_trigger_target_dag to None, run_after=None
[2024-03-14T16:57:55.906+0000] {processor.py:183} INFO - Processing /usr/local/lib/python3.8/dist-packages/airflow/example_dags/example_trigger_target_dag.py took 0.194 seconds
