[2024-03-14T16:22:24.670+0000] {processor.py:161} INFO - Started process (PID=524) to work on /usr/local/lib/python3.8/dist-packages/airflow/example_dags/example_xcom.py
[2024-03-14T16:22:24.671+0000] {processor.py:830} INFO - Processing file /usr/local/lib/python3.8/dist-packages/airflow/example_dags/example_xcom.py for tasks to queue
[2024-03-14T16:22:24.672+0000] {logging_mixin.py:188} INFO - [2024-03-14T16:22:24.672+0000] {dagbag.py:540} INFO - Filling up the DagBag from /usr/local/lib/python3.8/dist-packages/airflow/example_dags/example_xcom.py
[2024-03-14T16:22:24.681+0000] {processor.py:840} INFO - DAG(s) 'example_xcom' retrieved from /usr/local/lib/python3.8/dist-packages/airflow/example_dags/example_xcom.py
[2024-03-14T16:22:24.708+0000] {logging_mixin.py:188} INFO - [2024-03-14T16:22:24.708+0000] {dag.py:3047} INFO - Sync 1 DAGs
[2024-03-14T16:22:24.729+0000] {logging_mixin.py:188} INFO - [2024-03-14T16:22:24.728+0000] {dag.py:3834} INFO - Setting next_dagrun for example_xcom to 2021-01-01 00:00:00+00:00, run_after=2021-01-01 00:00:00+00:00
[2024-03-14T16:22:24.760+0000] {processor.py:183} INFO - Processing /usr/local/lib/python3.8/dist-packages/airflow/example_dags/example_xcom.py took 0.092 seconds
[2024-03-14T16:23:45.994+0000] {processor.py:161} INFO - Started process (PID=661) to work on /usr/local/lib/python3.8/dist-packages/airflow/example_dags/example_xcom.py
[2024-03-14T16:23:45.996+0000] {processor.py:830} INFO - Processing file /usr/local/lib/python3.8/dist-packages/airflow/example_dags/example_xcom.py for tasks to queue
[2024-03-14T16:23:45.997+0000] {logging_mixin.py:188} INFO - [2024-03-14T16:23:45.997+0000] {dagbag.py:540} INFO - Filling up the DagBag from /usr/local/lib/python3.8/dist-packages/airflow/example_dags/example_xcom.py
[2024-03-14T16:23:46.005+0000] {processor.py:840} INFO - DAG(s) 'example_xcom' retrieved from /usr/local/lib/python3.8/dist-packages/airflow/example_dags/example_xcom.py
[2024-03-14T16:23:46.021+0000] {logging_mixin.py:188} INFO - [2024-03-14T16:23:46.020+0000] {dag.py:3047} INFO - Sync 1 DAGs
[2024-03-14T16:23:46.038+0000] {logging_mixin.py:188} INFO - [2024-03-14T16:23:46.038+0000] {dag.py:3834} INFO - Setting next_dagrun for example_xcom to 2021-01-01 00:00:00+00:00, run_after=2021-01-01 00:00:00+00:00
[2024-03-14T16:23:46.122+0000] {processor.py:183} INFO - Processing /usr/local/lib/python3.8/dist-packages/airflow/example_dags/example_xcom.py took 0.131 seconds
[2024-03-14T16:24:27.767+0000] {processor.py:161} INFO - Started process (PID=704) to work on /usr/local/lib/python3.8/dist-packages/airflow/example_dags/example_xcom.py
[2024-03-14T16:24:27.770+0000] {processor.py:830} INFO - Processing file /usr/local/lib/python3.8/dist-packages/airflow/example_dags/example_xcom.py for tasks to queue
[2024-03-14T16:24:27.771+0000] {logging_mixin.py:188} INFO - [2024-03-14T16:24:27.770+0000] {dagbag.py:540} INFO - Filling up the DagBag from /usr/local/lib/python3.8/dist-packages/airflow/example_dags/example_xcom.py
[2024-03-14T16:24:27.780+0000] {processor.py:840} INFO - DAG(s) 'example_xcom' retrieved from /usr/local/lib/python3.8/dist-packages/airflow/example_dags/example_xcom.py
[2024-03-14T16:24:27.797+0000] {logging_mixin.py:188} INFO - [2024-03-14T16:24:27.797+0000] {dag.py:3047} INFO - Sync 1 DAGs
[2024-03-14T16:24:27.817+0000] {logging_mixin.py:188} INFO - [2024-03-14T16:24:27.817+0000] {dag.py:3834} INFO - Setting next_dagrun for example_xcom to 2021-01-01 00:00:00+00:00, run_after=2021-01-01 00:00:00+00:00
[2024-03-14T16:24:27.904+0000] {processor.py:183} INFO - Processing /usr/local/lib/python3.8/dist-packages/airflow/example_dags/example_xcom.py took 0.141 seconds
[2024-03-14T16:25:28.214+0000] {processor.py:161} INFO - Started process (PID=803) to work on /usr/local/lib/python3.8/dist-packages/airflow/example_dags/example_xcom.py
[2024-03-14T16:25:28.216+0000] {processor.py:830} INFO - Processing file /usr/local/lib/python3.8/dist-packages/airflow/example_dags/example_xcom.py for tasks to queue
[2024-03-14T16:25:28.217+0000] {logging_mixin.py:188} INFO - [2024-03-14T16:25:28.217+0000] {dagbag.py:540} INFO - Filling up the DagBag from /usr/local/lib/python3.8/dist-packages/airflow/example_dags/example_xcom.py
[2024-03-14T16:25:28.226+0000] {processor.py:840} INFO - DAG(s) 'example_xcom' retrieved from /usr/local/lib/python3.8/dist-packages/airflow/example_dags/example_xcom.py
[2024-03-14T16:25:28.243+0000] {logging_mixin.py:188} INFO - [2024-03-14T16:25:28.243+0000] {dag.py:3047} INFO - Sync 1 DAGs
[2024-03-14T16:25:28.265+0000] {logging_mixin.py:188} INFO - [2024-03-14T16:25:28.264+0000] {dag.py:3834} INFO - Setting next_dagrun for example_xcom to 2021-01-01 00:00:00+00:00, run_after=2021-01-01 00:00:00+00:00
[2024-03-14T16:25:28.329+0000] {processor.py:183} INFO - Processing /usr/local/lib/python3.8/dist-packages/airflow/example_dags/example_xcom.py took 0.118 seconds
[2024-03-14T16:26:31.867+0000] {processor.py:161} INFO - Started process (PID=903) to work on /usr/local/lib/python3.8/dist-packages/airflow/example_dags/example_xcom.py
[2024-03-14T16:26:31.869+0000] {processor.py:830} INFO - Processing file /usr/local/lib/python3.8/dist-packages/airflow/example_dags/example_xcom.py for tasks to queue
[2024-03-14T16:26:31.870+0000] {logging_mixin.py:188} INFO - [2024-03-14T16:26:31.870+0000] {dagbag.py:540} INFO - Filling up the DagBag from /usr/local/lib/python3.8/dist-packages/airflow/example_dags/example_xcom.py
[2024-03-14T16:26:31.878+0000] {processor.py:840} INFO - DAG(s) 'example_xcom' retrieved from /usr/local/lib/python3.8/dist-packages/airflow/example_dags/example_xcom.py
[2024-03-14T16:26:31.894+0000] {logging_mixin.py:188} INFO - [2024-03-14T16:26:31.893+0000] {dag.py:3047} INFO - Sync 1 DAGs
[2024-03-14T16:26:31.910+0000] {logging_mixin.py:188} INFO - [2024-03-14T16:26:31.910+0000] {dag.py:3834} INFO - Setting next_dagrun for example_xcom to 2021-01-01 00:00:00+00:00, run_after=2021-01-01 00:00:00+00:00
[2024-03-14T16:26:31.934+0000] {processor.py:183} INFO - Processing /usr/local/lib/python3.8/dist-packages/airflow/example_dags/example_xcom.py took 0.070 seconds
[2024-03-14T16:27:40.059+0000] {processor.py:161} INFO - Started process (PID=1032) to work on /usr/local/lib/python3.8/dist-packages/airflow/example_dags/example_xcom.py
[2024-03-14T16:27:40.061+0000] {processor.py:830} INFO - Processing file /usr/local/lib/python3.8/dist-packages/airflow/example_dags/example_xcom.py for tasks to queue
[2024-03-14T16:27:40.062+0000] {logging_mixin.py:188} INFO - [2024-03-14T16:27:40.061+0000] {dagbag.py:540} INFO - Filling up the DagBag from /usr/local/lib/python3.8/dist-packages/airflow/example_dags/example_xcom.py
[2024-03-14T16:27:40.070+0000] {processor.py:840} INFO - DAG(s) 'example_xcom' retrieved from /usr/local/lib/python3.8/dist-packages/airflow/example_dags/example_xcom.py
[2024-03-14T16:27:40.088+0000] {logging_mixin.py:188} INFO - [2024-03-14T16:27:40.088+0000] {dag.py:3047} INFO - Sync 1 DAGs
[2024-03-14T16:27:40.109+0000] {logging_mixin.py:188} INFO - [2024-03-14T16:27:40.109+0000] {dag.py:3834} INFO - Setting next_dagrun for example_xcom to 2021-01-01 00:00:00+00:00, run_after=2021-01-01 00:00:00+00:00
[2024-03-14T16:27:40.200+0000] {processor.py:183} INFO - Processing /usr/local/lib/python3.8/dist-packages/airflow/example_dags/example_xcom.py took 0.144 seconds
[2024-03-14T16:28:51.082+0000] {processor.py:161} INFO - Started process (PID=1137) to work on /usr/local/lib/python3.8/dist-packages/airflow/example_dags/example_xcom.py
[2024-03-14T16:28:51.084+0000] {processor.py:830} INFO - Processing file /usr/local/lib/python3.8/dist-packages/airflow/example_dags/example_xcom.py for tasks to queue
[2024-03-14T16:28:51.085+0000] {logging_mixin.py:188} INFO - [2024-03-14T16:28:51.085+0000] {dagbag.py:540} INFO - Filling up the DagBag from /usr/local/lib/python3.8/dist-packages/airflow/example_dags/example_xcom.py
[2024-03-14T16:28:51.094+0000] {processor.py:840} INFO - DAG(s) 'example_xcom' retrieved from /usr/local/lib/python3.8/dist-packages/airflow/example_dags/example_xcom.py
[2024-03-14T16:28:51.111+0000] {logging_mixin.py:188} INFO - [2024-03-14T16:28:51.111+0000] {dag.py:3047} INFO - Sync 1 DAGs
[2024-03-14T16:28:51.128+0000] {logging_mixin.py:188} INFO - [2024-03-14T16:28:51.128+0000] {dag.py:3834} INFO - Setting next_dagrun for example_xcom to 2021-01-01 00:00:00+00:00, run_after=2021-01-01 00:00:00+00:00
[2024-03-14T16:28:51.153+0000] {processor.py:183} INFO - Processing /usr/local/lib/python3.8/dist-packages/airflow/example_dags/example_xcom.py took 0.074 seconds
[2024-03-14T16:30:33.242+0000] {processor.py:161} INFO - Started process (PID=1321) to work on /usr/local/lib/python3.8/dist-packages/airflow/example_dags/example_xcom.py
[2024-03-14T16:30:33.244+0000] {processor.py:830} INFO - Processing file /usr/local/lib/python3.8/dist-packages/airflow/example_dags/example_xcom.py for tasks to queue
[2024-03-14T16:30:33.245+0000] {logging_mixin.py:188} INFO - [2024-03-14T16:30:33.245+0000] {dagbag.py:540} INFO - Filling up the DagBag from /usr/local/lib/python3.8/dist-packages/airflow/example_dags/example_xcom.py
[2024-03-14T16:30:33.254+0000] {processor.py:840} INFO - DAG(s) 'example_xcom' retrieved from /usr/local/lib/python3.8/dist-packages/airflow/example_dags/example_xcom.py
[2024-03-14T16:30:33.271+0000] {logging_mixin.py:188} INFO - [2024-03-14T16:30:33.271+0000] {dag.py:3047} INFO - Sync 1 DAGs
[2024-03-14T16:30:33.291+0000] {logging_mixin.py:188} INFO - [2024-03-14T16:30:33.291+0000] {dag.py:3834} INFO - Setting next_dagrun for example_xcom to 2021-01-01 00:00:00+00:00, run_after=2021-01-01 00:00:00+00:00
[2024-03-14T16:30:33.398+0000] {processor.py:183} INFO - Processing /usr/local/lib/python3.8/dist-packages/airflow/example_dags/example_xcom.py took 0.160 seconds
[2024-03-14T16:31:21.755+0000] {processor.py:161} INFO - Started process (PID=1410) to work on /usr/local/lib/python3.8/dist-packages/airflow/example_dags/example_xcom.py
[2024-03-14T16:31:21.757+0000] {processor.py:830} INFO - Processing file /usr/local/lib/python3.8/dist-packages/airflow/example_dags/example_xcom.py for tasks to queue
[2024-03-14T16:31:21.758+0000] {logging_mixin.py:188} INFO - [2024-03-14T16:31:21.758+0000] {dagbag.py:540} INFO - Filling up the DagBag from /usr/local/lib/python3.8/dist-packages/airflow/example_dags/example_xcom.py
[2024-03-14T16:31:21.767+0000] {processor.py:840} INFO - DAG(s) 'example_xcom' retrieved from /usr/local/lib/python3.8/dist-packages/airflow/example_dags/example_xcom.py
[2024-03-14T16:31:21.784+0000] {logging_mixin.py:188} INFO - [2024-03-14T16:31:21.784+0000] {dag.py:3047} INFO - Sync 1 DAGs
[2024-03-14T16:31:21.801+0000] {logging_mixin.py:188} INFO - [2024-03-14T16:31:21.801+0000] {dag.py:3834} INFO - Setting next_dagrun for example_xcom to 2021-01-01 00:00:00+00:00, run_after=2021-01-01 00:00:00+00:00
[2024-03-14T16:31:21.826+0000] {processor.py:183} INFO - Processing /usr/local/lib/python3.8/dist-packages/airflow/example_dags/example_xcom.py took 0.075 seconds
[2024-03-14T16:32:27.996+0000] {processor.py:161} INFO - Started process (PID=1523) to work on /usr/local/lib/python3.8/dist-packages/airflow/example_dags/example_xcom.py
[2024-03-14T16:32:27.998+0000] {processor.py:830} INFO - Processing file /usr/local/lib/python3.8/dist-packages/airflow/example_dags/example_xcom.py for tasks to queue
[2024-03-14T16:32:27.999+0000] {logging_mixin.py:188} INFO - [2024-03-14T16:32:27.998+0000] {dagbag.py:540} INFO - Filling up the DagBag from /usr/local/lib/python3.8/dist-packages/airflow/example_dags/example_xcom.py
[2024-03-14T16:32:28.008+0000] {processor.py:840} INFO - DAG(s) 'example_xcom' retrieved from /usr/local/lib/python3.8/dist-packages/airflow/example_dags/example_xcom.py
[2024-03-14T16:32:28.025+0000] {logging_mixin.py:188} INFO - [2024-03-14T16:32:28.025+0000] {dag.py:3047} INFO - Sync 1 DAGs
[2024-03-14T16:32:28.045+0000] {logging_mixin.py:188} INFO - [2024-03-14T16:32:28.044+0000] {dag.py:3834} INFO - Setting next_dagrun for example_xcom to 2021-01-01 00:00:00+00:00, run_after=2021-01-01 00:00:00+00:00
[2024-03-14T16:32:28.072+0000] {processor.py:183} INFO - Processing /usr/local/lib/python3.8/dist-packages/airflow/example_dags/example_xcom.py took 0.080 seconds
[2024-03-14T16:33:55.934+0000] {processor.py:161} INFO - Started process (PID=1767) to work on /usr/local/lib/python3.8/dist-packages/airflow/example_dags/example_xcom.py
[2024-03-14T16:33:55.936+0000] {processor.py:830} INFO - Processing file /usr/local/lib/python3.8/dist-packages/airflow/example_dags/example_xcom.py for tasks to queue
[2024-03-14T16:33:55.937+0000] {logging_mixin.py:188} INFO - [2024-03-14T16:33:55.937+0000] {dagbag.py:540} INFO - Filling up the DagBag from /usr/local/lib/python3.8/dist-packages/airflow/example_dags/example_xcom.py
[2024-03-14T16:33:55.946+0000] {processor.py:840} INFO - DAG(s) 'example_xcom' retrieved from /usr/local/lib/python3.8/dist-packages/airflow/example_dags/example_xcom.py
[2024-03-14T16:33:55.963+0000] {logging_mixin.py:188} INFO - [2024-03-14T16:33:55.963+0000] {dag.py:3047} INFO - Sync 1 DAGs
[2024-03-14T16:33:55.985+0000] {logging_mixin.py:188} INFO - [2024-03-14T16:33:55.985+0000] {dag.py:3834} INFO - Setting next_dagrun for example_xcom to 2021-01-01 00:00:00+00:00, run_after=2021-01-01 00:00:00+00:00
[2024-03-14T16:33:56.016+0000] {processor.py:183} INFO - Processing /usr/local/lib/python3.8/dist-packages/airflow/example_dags/example_xcom.py took 0.085 seconds
[2024-03-14T16:34:42.178+0000] {processor.py:161} INFO - Started process (PID=1822) to work on /usr/local/lib/python3.8/dist-packages/airflow/example_dags/example_xcom.py
[2024-03-14T16:34:42.180+0000] {processor.py:830} INFO - Processing file /usr/local/lib/python3.8/dist-packages/airflow/example_dags/example_xcom.py for tasks to queue
[2024-03-14T16:34:42.181+0000] {logging_mixin.py:188} INFO - [2024-03-14T16:34:42.180+0000] {dagbag.py:540} INFO - Filling up the DagBag from /usr/local/lib/python3.8/dist-packages/airflow/example_dags/example_xcom.py
[2024-03-14T16:34:42.189+0000] {processor.py:840} INFO - DAG(s) 'example_xcom' retrieved from /usr/local/lib/python3.8/dist-packages/airflow/example_dags/example_xcom.py
[2024-03-14T16:34:42.207+0000] {logging_mixin.py:188} INFO - [2024-03-14T16:34:42.207+0000] {dag.py:3047} INFO - Sync 1 DAGs
[2024-03-14T16:34:42.228+0000] {logging_mixin.py:188} INFO - [2024-03-14T16:34:42.227+0000] {dag.py:3834} INFO - Setting next_dagrun for example_xcom to 2021-01-01 00:00:00+00:00, run_after=2021-01-01 00:00:00+00:00
[2024-03-14T16:34:42.278+0000] {processor.py:183} INFO - Processing /usr/local/lib/python3.8/dist-packages/airflow/example_dags/example_xcom.py took 0.104 seconds
[2024-03-14T16:35:22.930+0000] {processor.py:161} INFO - Started process (PID=1903) to work on /usr/local/lib/python3.8/dist-packages/airflow/example_dags/example_xcom.py
[2024-03-14T16:35:22.932+0000] {processor.py:830} INFO - Processing file /usr/local/lib/python3.8/dist-packages/airflow/example_dags/example_xcom.py for tasks to queue
[2024-03-14T16:35:22.933+0000] {logging_mixin.py:188} INFO - [2024-03-14T16:35:22.933+0000] {dagbag.py:540} INFO - Filling up the DagBag from /usr/local/lib/python3.8/dist-packages/airflow/example_dags/example_xcom.py
[2024-03-14T16:35:22.941+0000] {processor.py:840} INFO - DAG(s) 'example_xcom' retrieved from /usr/local/lib/python3.8/dist-packages/airflow/example_dags/example_xcom.py
[2024-03-14T16:35:22.956+0000] {logging_mixin.py:188} INFO - [2024-03-14T16:35:22.956+0000] {dag.py:3047} INFO - Sync 1 DAGs
[2024-03-14T16:35:22.973+0000] {logging_mixin.py:188} INFO - [2024-03-14T16:35:22.973+0000] {dag.py:3834} INFO - Setting next_dagrun for example_xcom to 2021-01-01 00:00:00+00:00, run_after=2021-01-01 00:00:00+00:00
[2024-03-14T16:35:22.998+0000] {processor.py:183} INFO - Processing /usr/local/lib/python3.8/dist-packages/airflow/example_dags/example_xcom.py took 0.071 seconds
[2024-03-14T16:36:56.819+0000] {processor.py:161} INFO - Started process (PID=2079) to work on /usr/local/lib/python3.8/dist-packages/airflow/example_dags/example_xcom.py
[2024-03-14T16:36:56.822+0000] {processor.py:830} INFO - Processing file /usr/local/lib/python3.8/dist-packages/airflow/example_dags/example_xcom.py for tasks to queue
[2024-03-14T16:36:56.823+0000] {logging_mixin.py:188} INFO - [2024-03-14T16:36:56.823+0000] {dagbag.py:540} INFO - Filling up the DagBag from /usr/local/lib/python3.8/dist-packages/airflow/example_dags/example_xcom.py
[2024-03-14T16:36:56.831+0000] {processor.py:840} INFO - DAG(s) 'example_xcom' retrieved from /usr/local/lib/python3.8/dist-packages/airflow/example_dags/example_xcom.py
[2024-03-14T16:36:56.849+0000] {logging_mixin.py:188} INFO - [2024-03-14T16:36:56.848+0000] {dag.py:3047} INFO - Sync 1 DAGs
[2024-03-14T16:36:56.870+0000] {logging_mixin.py:188} INFO - [2024-03-14T16:36:56.870+0000] {dag.py:3834} INFO - Setting next_dagrun for example_xcom to 2021-01-01 00:00:00+00:00, run_after=2021-01-01 00:00:00+00:00
[2024-03-14T16:36:56.898+0000] {processor.py:183} INFO - Processing /usr/local/lib/python3.8/dist-packages/airflow/example_dags/example_xcom.py took 0.082 seconds
[2024-03-14T16:38:30.346+0000] {processor.py:161} INFO - Started process (PID=2257) to work on /usr/local/lib/python3.8/dist-packages/airflow/example_dags/example_xcom.py
[2024-03-14T16:38:30.348+0000] {processor.py:830} INFO - Processing file /usr/local/lib/python3.8/dist-packages/airflow/example_dags/example_xcom.py for tasks to queue
[2024-03-14T16:38:30.349+0000] {logging_mixin.py:188} INFO - [2024-03-14T16:38:30.349+0000] {dagbag.py:540} INFO - Filling up the DagBag from /usr/local/lib/python3.8/dist-packages/airflow/example_dags/example_xcom.py
[2024-03-14T16:38:30.358+0000] {processor.py:840} INFO - DAG(s) 'example_xcom' retrieved from /usr/local/lib/python3.8/dist-packages/airflow/example_dags/example_xcom.py
[2024-03-14T16:38:30.375+0000] {logging_mixin.py:188} INFO - [2024-03-14T16:38:30.375+0000] {dag.py:3047} INFO - Sync 1 DAGs
[2024-03-14T16:38:30.397+0000] {logging_mixin.py:188} INFO - [2024-03-14T16:38:30.397+0000] {dag.py:3834} INFO - Setting next_dagrun for example_xcom to 2021-01-01 00:00:00+00:00, run_after=2021-01-01 00:00:00+00:00
[2024-03-14T16:38:30.425+0000] {processor.py:183} INFO - Processing /usr/local/lib/python3.8/dist-packages/airflow/example_dags/example_xcom.py took 0.082 seconds
[2024-03-14T16:39:40.195+0000] {processor.py:161} INFO - Started process (PID=2372) to work on /usr/local/lib/python3.8/dist-packages/airflow/example_dags/example_xcom.py
[2024-03-14T16:39:40.197+0000] {processor.py:830} INFO - Processing file /usr/local/lib/python3.8/dist-packages/airflow/example_dags/example_xcom.py for tasks to queue
[2024-03-14T16:39:40.198+0000] {logging_mixin.py:188} INFO - [2024-03-14T16:39:40.198+0000] {dagbag.py:540} INFO - Filling up the DagBag from /usr/local/lib/python3.8/dist-packages/airflow/example_dags/example_xcom.py
[2024-03-14T16:39:40.206+0000] {processor.py:840} INFO - DAG(s) 'example_xcom' retrieved from /usr/local/lib/python3.8/dist-packages/airflow/example_dags/example_xcom.py
[2024-03-14T16:39:40.222+0000] {logging_mixin.py:188} INFO - [2024-03-14T16:39:40.222+0000] {dag.py:3047} INFO - Sync 1 DAGs
[2024-03-14T16:39:40.239+0000] {logging_mixin.py:188} INFO - [2024-03-14T16:39:40.238+0000] {dag.py:3834} INFO - Setting next_dagrun for example_xcom to 2021-01-01 00:00:00+00:00, run_after=2021-01-01 00:00:00+00:00
[2024-03-14T16:39:40.318+0000] {processor.py:183} INFO - Processing /usr/local/lib/python3.8/dist-packages/airflow/example_dags/example_xcom.py took 0.126 seconds
[2024-03-14T16:40:47.679+0000] {processor.py:161} INFO - Started process (PID=2479) to work on /usr/local/lib/python3.8/dist-packages/airflow/example_dags/example_xcom.py
[2024-03-14T16:40:47.681+0000] {processor.py:830} INFO - Processing file /usr/local/lib/python3.8/dist-packages/airflow/example_dags/example_xcom.py for tasks to queue
[2024-03-14T16:40:47.682+0000] {logging_mixin.py:188} INFO - [2024-03-14T16:40:47.681+0000] {dagbag.py:540} INFO - Filling up the DagBag from /usr/local/lib/python3.8/dist-packages/airflow/example_dags/example_xcom.py
[2024-03-14T16:40:47.690+0000] {processor.py:840} INFO - DAG(s) 'example_xcom' retrieved from /usr/local/lib/python3.8/dist-packages/airflow/example_dags/example_xcom.py
[2024-03-14T16:40:47.708+0000] {logging_mixin.py:188} INFO - [2024-03-14T16:40:47.708+0000] {dag.py:3047} INFO - Sync 1 DAGs
[2024-03-14T16:40:47.729+0000] {logging_mixin.py:188} INFO - [2024-03-14T16:40:47.729+0000] {dag.py:3834} INFO - Setting next_dagrun for example_xcom to 2021-01-01 00:00:00+00:00, run_after=2021-01-01 00:00:00+00:00
[2024-03-14T16:40:47.761+0000] {processor.py:183} INFO - Processing /usr/local/lib/python3.8/dist-packages/airflow/example_dags/example_xcom.py took 0.086 seconds
[2024-03-14T16:41:29.998+0000] {processor.py:161} INFO - Started process (PID=2522) to work on /usr/local/lib/python3.8/dist-packages/airflow/example_dags/example_xcom.py
[2024-03-14T16:41:30.000+0000] {processor.py:830} INFO - Processing file /usr/local/lib/python3.8/dist-packages/airflow/example_dags/example_xcom.py for tasks to queue
[2024-03-14T16:41:30.001+0000] {logging_mixin.py:188} INFO - [2024-03-14T16:41:30.001+0000] {dagbag.py:540} INFO - Filling up the DagBag from /usr/local/lib/python3.8/dist-packages/airflow/example_dags/example_xcom.py
[2024-03-14T16:41:30.010+0000] {processor.py:840} INFO - DAG(s) 'example_xcom' retrieved from /usr/local/lib/python3.8/dist-packages/airflow/example_dags/example_xcom.py
[2024-03-14T16:41:30.028+0000] {logging_mixin.py:188} INFO - [2024-03-14T16:41:30.027+0000] {dag.py:3047} INFO - Sync 1 DAGs
[2024-03-14T16:41:30.049+0000] {logging_mixin.py:188} INFO - [2024-03-14T16:41:30.049+0000] {dag.py:3834} INFO - Setting next_dagrun for example_xcom to 2021-01-01 00:00:00+00:00, run_after=2021-01-01 00:00:00+00:00
[2024-03-14T16:41:30.129+0000] {processor.py:183} INFO - Processing /usr/local/lib/python3.8/dist-packages/airflow/example_dags/example_xcom.py took 0.133 seconds
[2024-03-14T16:42:48.699+0000] {processor.py:161} INFO - Started process (PID=2638) to work on /usr/local/lib/python3.8/dist-packages/airflow/example_dags/example_xcom.py
[2024-03-14T16:42:48.701+0000] {processor.py:830} INFO - Processing file /usr/local/lib/python3.8/dist-packages/airflow/example_dags/example_xcom.py for tasks to queue
[2024-03-14T16:42:48.702+0000] {logging_mixin.py:188} INFO - [2024-03-14T16:42:48.702+0000] {dagbag.py:540} INFO - Filling up the DagBag from /usr/local/lib/python3.8/dist-packages/airflow/example_dags/example_xcom.py
[2024-03-14T16:42:48.711+0000] {processor.py:840} INFO - DAG(s) 'example_xcom' retrieved from /usr/local/lib/python3.8/dist-packages/airflow/example_dags/example_xcom.py
[2024-03-14T16:42:48.729+0000] {logging_mixin.py:188} INFO - [2024-03-14T16:42:48.729+0000] {dag.py:3047} INFO - Sync 1 DAGs
[2024-03-14T16:42:48.751+0000] {logging_mixin.py:188} INFO - [2024-03-14T16:42:48.750+0000] {dag.py:3834} INFO - Setting next_dagrun for example_xcom to 2021-01-01 00:00:00+00:00, run_after=2021-01-01 00:00:00+00:00
[2024-03-14T16:42:48.841+0000] {processor.py:183} INFO - Processing /usr/local/lib/python3.8/dist-packages/airflow/example_dags/example_xcom.py took 0.145 seconds
[2024-03-14T16:44:31.599+0000] {processor.py:161} INFO - Started process (PID=2818) to work on /usr/local/lib/python3.8/dist-packages/airflow/example_dags/example_xcom.py
[2024-03-14T16:44:31.602+0000] {processor.py:830} INFO - Processing file /usr/local/lib/python3.8/dist-packages/airflow/example_dags/example_xcom.py for tasks to queue
[2024-03-14T16:44:31.603+0000] {logging_mixin.py:188} INFO - [2024-03-14T16:44:31.602+0000] {dagbag.py:540} INFO - Filling up the DagBag from /usr/local/lib/python3.8/dist-packages/airflow/example_dags/example_xcom.py
[2024-03-14T16:44:31.611+0000] {processor.py:840} INFO - DAG(s) 'example_xcom' retrieved from /usr/local/lib/python3.8/dist-packages/airflow/example_dags/example_xcom.py
[2024-03-14T16:44:31.629+0000] {logging_mixin.py:188} INFO - [2024-03-14T16:44:31.629+0000] {dag.py:3047} INFO - Sync 1 DAGs
[2024-03-14T16:44:31.780+0000] {logging_mixin.py:188} INFO - [2024-03-14T16:44:31.780+0000] {dag.py:3834} INFO - Setting next_dagrun for example_xcom to 2021-01-01 00:00:00+00:00, run_after=2021-01-01 00:00:00+00:00
[2024-03-14T16:44:31.925+0000] {processor.py:183} INFO - Processing /usr/local/lib/python3.8/dist-packages/airflow/example_dags/example_xcom.py took 0.329 seconds
[2024-03-14T16:45:47.679+0000] {processor.py:161} INFO - Started process (PID=2936) to work on /usr/local/lib/python3.8/dist-packages/airflow/example_dags/example_xcom.py
[2024-03-14T16:45:47.681+0000] {processor.py:830} INFO - Processing file /usr/local/lib/python3.8/dist-packages/airflow/example_dags/example_xcom.py for tasks to queue
[2024-03-14T16:45:47.682+0000] {logging_mixin.py:188} INFO - [2024-03-14T16:45:47.682+0000] {dagbag.py:540} INFO - Filling up the DagBag from /usr/local/lib/python3.8/dist-packages/airflow/example_dags/example_xcom.py
[2024-03-14T16:45:47.690+0000] {processor.py:840} INFO - DAG(s) 'example_xcom' retrieved from /usr/local/lib/python3.8/dist-packages/airflow/example_dags/example_xcom.py
[2024-03-14T16:45:47.706+0000] {logging_mixin.py:188} INFO - [2024-03-14T16:45:47.705+0000] {dag.py:3047} INFO - Sync 1 DAGs
[2024-03-14T16:45:47.722+0000] {logging_mixin.py:188} INFO - [2024-03-14T16:45:47.722+0000] {dag.py:3834} INFO - Setting next_dagrun for example_xcom to 2021-01-01 00:00:00+00:00, run_after=2021-01-01 00:00:00+00:00
[2024-03-14T16:45:47.746+0000] {processor.py:183} INFO - Processing /usr/local/lib/python3.8/dist-packages/airflow/example_dags/example_xcom.py took 0.070 seconds
[2024-03-14T16:55:41.228+0000] {processor.py:161} INFO - Started process (PID=3115) to work on /usr/local/lib/python3.8/dist-packages/airflow/example_dags/example_xcom.py
[2024-03-14T16:55:41.238+0000] {processor.py:830} INFO - Processing file /usr/local/lib/python3.8/dist-packages/airflow/example_dags/example_xcom.py for tasks to queue
[2024-03-14T16:55:41.239+0000] {logging_mixin.py:188} INFO - [2024-03-14T16:55:41.239+0000] {dagbag.py:540} INFO - Filling up the DagBag from /usr/local/lib/python3.8/dist-packages/airflow/example_dags/example_xcom.py
[2024-03-14T16:55:41.249+0000] {processor.py:840} INFO - DAG(s) 'example_xcom' retrieved from /usr/local/lib/python3.8/dist-packages/airflow/example_dags/example_xcom.py
[2024-03-14T16:55:41.276+0000] {logging_mixin.py:188} INFO - [2024-03-14T16:55:41.276+0000] {dag.py:3047} INFO - Sync 1 DAGs
[2024-03-14T16:55:41.293+0000] {logging_mixin.py:188} INFO - [2024-03-14T16:55:41.293+0000] {dag.py:3834} INFO - Setting next_dagrun for example_xcom to 2021-01-01 00:00:00+00:00, run_after=2021-01-01 00:00:00+00:00
[2024-03-14T16:55:41.318+0000] {processor.py:183} INFO - Processing /usr/local/lib/python3.8/dist-packages/airflow/example_dags/example_xcom.py took 0.094 seconds
[2024-03-14T16:56:51.240+0000] {processor.py:161} INFO - Started process (PID=3332) to work on /usr/local/lib/python3.8/dist-packages/airflow/example_dags/example_xcom.py
[2024-03-14T16:56:51.242+0000] {processor.py:830} INFO - Processing file /usr/local/lib/python3.8/dist-packages/airflow/example_dags/example_xcom.py for tasks to queue
[2024-03-14T16:56:51.243+0000] {logging_mixin.py:188} INFO - [2024-03-14T16:56:51.243+0000] {dagbag.py:540} INFO - Filling up the DagBag from /usr/local/lib/python3.8/dist-packages/airflow/example_dags/example_xcom.py
[2024-03-14T16:56:51.253+0000] {processor.py:840} INFO - DAG(s) 'example_xcom' retrieved from /usr/local/lib/python3.8/dist-packages/airflow/example_dags/example_xcom.py
[2024-03-14T16:56:51.273+0000] {logging_mixin.py:188} INFO - [2024-03-14T16:56:51.273+0000] {dag.py:3047} INFO - Sync 1 DAGs
[2024-03-14T16:56:51.297+0000] {logging_mixin.py:188} INFO - [2024-03-14T16:56:51.297+0000] {dag.py:3834} INFO - Setting next_dagrun for example_xcom to 2021-01-01 00:00:00+00:00, run_after=2021-01-01 00:00:00+00:00
[2024-03-14T16:56:51.506+0000] {processor.py:183} INFO - Processing /usr/local/lib/python3.8/dist-packages/airflow/example_dags/example_xcom.py took 0.270 seconds
[2024-03-14T16:57:52.991+0000] {processor.py:161} INFO - Started process (PID=3433) to work on /usr/local/lib/python3.8/dist-packages/airflow/example_dags/example_xcom.py
[2024-03-14T16:57:52.994+0000] {processor.py:830} INFO - Processing file /usr/local/lib/python3.8/dist-packages/airflow/example_dags/example_xcom.py for tasks to queue
[2024-03-14T16:57:52.995+0000] {logging_mixin.py:188} INFO - [2024-03-14T16:57:52.994+0000] {dagbag.py:540} INFO - Filling up the DagBag from /usr/local/lib/python3.8/dist-packages/airflow/example_dags/example_xcom.py
[2024-03-14T16:57:53.004+0000] {processor.py:840} INFO - DAG(s) 'example_xcom' retrieved from /usr/local/lib/python3.8/dist-packages/airflow/example_dags/example_xcom.py
[2024-03-14T16:57:53.021+0000] {logging_mixin.py:188} INFO - [2024-03-14T16:57:53.020+0000] {dag.py:3047} INFO - Sync 1 DAGs
[2024-03-14T16:57:53.038+0000] {logging_mixin.py:188} INFO - [2024-03-14T16:57:53.038+0000] {dag.py:3834} INFO - Setting next_dagrun for example_xcom to 2021-01-01 00:00:00+00:00, run_after=2021-01-01 00:00:00+00:00
[2024-03-14T16:57:53.115+0000] {processor.py:183} INFO - Processing /usr/local/lib/python3.8/dist-packages/airflow/example_dags/example_xcom.py took 0.127 seconds
