[2024-03-14T16:22:34.686+0000] {processor.py:161} INFO - Started process (PID=534) to work on /usr/local/lib/python3.8/dist-packages/airflow/example_dags/example_trigger_controller_dag.py
[2024-03-14T16:22:34.687+0000] {processor.py:830} INFO - Processing file /usr/local/lib/python3.8/dist-packages/airflow/example_dags/example_trigger_controller_dag.py for tasks to queue
[2024-03-14T16:22:34.688+0000] {logging_mixin.py:188} INFO - [2024-03-14T16:22:34.688+0000] {dagbag.py:540} INFO - Filling up the DagBag from /usr/local/lib/python3.8/dist-packages/airflow/example_dags/example_trigger_controller_dag.py
[2024-03-14T16:22:34.693+0000] {processor.py:840} INFO - DAG(s) 'example_trigger_controller_dag' retrieved from /usr/local/lib/python3.8/dist-packages/airflow/example_dags/example_trigger_controller_dag.py
[2024-03-14T16:22:34.712+0000] {logging_mixin.py:188} INFO - [2024-03-14T16:22:34.712+0000] {dag.py:3047} INFO - Sync 1 DAGs
[2024-03-14T16:22:34.733+0000] {logging_mixin.py:188} INFO - [2024-03-14T16:22:34.732+0000] {dag.py:3834} INFO - Setting next_dagrun for example_trigger_controller_dag to 2021-01-01 00:00:00+00:00, run_after=2021-01-01 00:00:00+00:00
[2024-03-14T16:22:34.954+0000] {processor.py:183} INFO - Processing /usr/local/lib/python3.8/dist-packages/airflow/example_dags/example_trigger_controller_dag.py took 0.271 seconds
[2024-03-14T16:23:57.499+0000] {processor.py:161} INFO - Started process (PID=671) to work on /usr/local/lib/python3.8/dist-packages/airflow/example_dags/example_trigger_controller_dag.py
[2024-03-14T16:23:57.501+0000] {processor.py:830} INFO - Processing file /usr/local/lib/python3.8/dist-packages/airflow/example_dags/example_trigger_controller_dag.py for tasks to queue
[2024-03-14T16:23:57.502+0000] {logging_mixin.py:188} INFO - [2024-03-14T16:23:57.502+0000] {dagbag.py:540} INFO - Filling up the DagBag from /usr/local/lib/python3.8/dist-packages/airflow/example_dags/example_trigger_controller_dag.py
[2024-03-14T16:23:57.508+0000] {processor.py:840} INFO - DAG(s) 'example_trigger_controller_dag' retrieved from /usr/local/lib/python3.8/dist-packages/airflow/example_dags/example_trigger_controller_dag.py
[2024-03-14T16:23:57.524+0000] {logging_mixin.py:188} INFO - [2024-03-14T16:23:57.524+0000] {dag.py:3047} INFO - Sync 1 DAGs
[2024-03-14T16:23:57.546+0000] {logging_mixin.py:188} INFO - [2024-03-14T16:23:57.546+0000] {dag.py:3834} INFO - Setting next_dagrun for example_trigger_controller_dag to 2021-01-01 00:00:00+00:00, run_after=2021-01-01 00:00:00+00:00
[2024-03-14T16:23:57.667+0000] {processor.py:183} INFO - Processing /usr/local/lib/python3.8/dist-packages/airflow/example_dags/example_trigger_controller_dag.py took 0.171 seconds
[2024-03-14T16:25:01.094+0000] {processor.py:161} INFO - Started process (PID=778) to work on /usr/local/lib/python3.8/dist-packages/airflow/example_dags/example_trigger_controller_dag.py
[2024-03-14T16:25:01.096+0000] {processor.py:830} INFO - Processing file /usr/local/lib/python3.8/dist-packages/airflow/example_dags/example_trigger_controller_dag.py for tasks to queue
[2024-03-14T16:25:01.097+0000] {logging_mixin.py:188} INFO - [2024-03-14T16:25:01.096+0000] {dagbag.py:540} INFO - Filling up the DagBag from /usr/local/lib/python3.8/dist-packages/airflow/example_dags/example_trigger_controller_dag.py
[2024-03-14T16:25:01.102+0000] {processor.py:840} INFO - DAG(s) 'example_trigger_controller_dag' retrieved from /usr/local/lib/python3.8/dist-packages/airflow/example_dags/example_trigger_controller_dag.py
[2024-03-14T16:25:01.118+0000] {logging_mixin.py:188} INFO - [2024-03-14T16:25:01.118+0000] {dag.py:3047} INFO - Sync 1 DAGs
[2024-03-14T16:25:01.141+0000] {logging_mixin.py:188} INFO - [2024-03-14T16:25:01.141+0000] {dag.py:3834} INFO - Setting next_dagrun for example_trigger_controller_dag to 2021-01-01 00:00:00+00:00, run_after=2021-01-01 00:00:00+00:00
[2024-03-14T16:25:01.243+0000] {processor.py:183} INFO - Processing /usr/local/lib/python3.8/dist-packages/airflow/example_dags/example_trigger_controller_dag.py took 0.153 seconds
[2024-03-14T16:26:04.230+0000] {processor.py:161} INFO - Started process (PID=872) to work on /usr/local/lib/python3.8/dist-packages/airflow/example_dags/example_trigger_controller_dag.py
[2024-03-14T16:26:04.232+0000] {processor.py:830} INFO - Processing file /usr/local/lib/python3.8/dist-packages/airflow/example_dags/example_trigger_controller_dag.py for tasks to queue
[2024-03-14T16:26:04.234+0000] {logging_mixin.py:188} INFO - [2024-03-14T16:26:04.233+0000] {dagbag.py:540} INFO - Filling up the DagBag from /usr/local/lib/python3.8/dist-packages/airflow/example_dags/example_trigger_controller_dag.py
[2024-03-14T16:26:04.239+0000] {processor.py:840} INFO - DAG(s) 'example_trigger_controller_dag' retrieved from /usr/local/lib/python3.8/dist-packages/airflow/example_dags/example_trigger_controller_dag.py
[2024-03-14T16:26:04.255+0000] {logging_mixin.py:188} INFO - [2024-03-14T16:26:04.255+0000] {dag.py:3047} INFO - Sync 1 DAGs
[2024-03-14T16:26:04.277+0000] {logging_mixin.py:188} INFO - [2024-03-14T16:26:04.276+0000] {dag.py:3834} INFO - Setting next_dagrun for example_trigger_controller_dag to 2021-01-01 00:00:00+00:00, run_after=2021-01-01 00:00:00+00:00
[2024-03-14T16:26:04.323+0000] {processor.py:183} INFO - Processing /usr/local/lib/python3.8/dist-packages/airflow/example_dags/example_trigger_controller_dag.py took 0.096 seconds
[2024-03-14T16:27:13.626+0000] {processor.py:161} INFO - Started process (PID=989) to work on /usr/local/lib/python3.8/dist-packages/airflow/example_dags/example_trigger_controller_dag.py
[2024-03-14T16:27:13.628+0000] {processor.py:830} INFO - Processing file /usr/local/lib/python3.8/dist-packages/airflow/example_dags/example_trigger_controller_dag.py for tasks to queue
[2024-03-14T16:27:13.629+0000] {logging_mixin.py:188} INFO - [2024-03-14T16:27:13.628+0000] {dagbag.py:540} INFO - Filling up the DagBag from /usr/local/lib/python3.8/dist-packages/airflow/example_dags/example_trigger_controller_dag.py
[2024-03-14T16:27:13.634+0000] {processor.py:840} INFO - DAG(s) 'example_trigger_controller_dag' retrieved from /usr/local/lib/python3.8/dist-packages/airflow/example_dags/example_trigger_controller_dag.py
[2024-03-14T16:27:13.649+0000] {logging_mixin.py:188} INFO - [2024-03-14T16:27:13.649+0000] {dag.py:3047} INFO - Sync 1 DAGs
[2024-03-14T16:27:13.666+0000] {logging_mixin.py:188} INFO - [2024-03-14T16:27:13.666+0000] {dag.py:3834} INFO - Setting next_dagrun for example_trigger_controller_dag to 2021-01-01 00:00:00+00:00, run_after=2021-01-01 00:00:00+00:00
[2024-03-14T16:27:13.742+0000] {processor.py:183} INFO - Processing /usr/local/lib/python3.8/dist-packages/airflow/example_dags/example_trigger_controller_dag.py took 0.119 seconds
[2024-03-14T16:28:24.327+0000] {processor.py:161} INFO - Started process (PID=1105) to work on /usr/local/lib/python3.8/dist-packages/airflow/example_dags/example_trigger_controller_dag.py
[2024-03-14T16:28:24.329+0000] {processor.py:830} INFO - Processing file /usr/local/lib/python3.8/dist-packages/airflow/example_dags/example_trigger_controller_dag.py for tasks to queue
[2024-03-14T16:28:24.330+0000] {logging_mixin.py:188} INFO - [2024-03-14T16:28:24.330+0000] {dagbag.py:540} INFO - Filling up the DagBag from /usr/local/lib/python3.8/dist-packages/airflow/example_dags/example_trigger_controller_dag.py
[2024-03-14T16:28:24.335+0000] {processor.py:840} INFO - DAG(s) 'example_trigger_controller_dag' retrieved from /usr/local/lib/python3.8/dist-packages/airflow/example_dags/example_trigger_controller_dag.py
[2024-03-14T16:28:24.351+0000] {logging_mixin.py:188} INFO - [2024-03-14T16:28:24.351+0000] {dag.py:3047} INFO - Sync 1 DAGs
[2024-03-14T16:28:24.372+0000] {logging_mixin.py:188} INFO - [2024-03-14T16:28:24.371+0000] {dag.py:3834} INFO - Setting next_dagrun for example_trigger_controller_dag to 2021-01-01 00:00:00+00:00, run_after=2021-01-01 00:00:00+00:00
[2024-03-14T16:28:24.400+0000] {processor.py:183} INFO - Processing /usr/local/lib/python3.8/dist-packages/airflow/example_dags/example_trigger_controller_dag.py took 0.077 seconds
[2024-03-14T16:29:39.955+0000] {processor.py:161} INFO - Started process (PID=1222) to work on /usr/local/lib/python3.8/dist-packages/airflow/example_dags/example_trigger_controller_dag.py
[2024-03-14T16:29:39.957+0000] {processor.py:830} INFO - Processing file /usr/local/lib/python3.8/dist-packages/airflow/example_dags/example_trigger_controller_dag.py for tasks to queue
[2024-03-14T16:29:39.958+0000] {logging_mixin.py:188} INFO - [2024-03-14T16:29:39.957+0000] {dagbag.py:540} INFO - Filling up the DagBag from /usr/local/lib/python3.8/dist-packages/airflow/example_dags/example_trigger_controller_dag.py
[2024-03-14T16:29:39.964+0000] {processor.py:840} INFO - DAG(s) 'example_trigger_controller_dag' retrieved from /usr/local/lib/python3.8/dist-packages/airflow/example_dags/example_trigger_controller_dag.py
[2024-03-14T16:29:39.980+0000] {logging_mixin.py:188} INFO - [2024-03-14T16:29:39.980+0000] {dag.py:3047} INFO - Sync 1 DAGs
[2024-03-14T16:29:40.002+0000] {logging_mixin.py:188} INFO - [2024-03-14T16:29:40.001+0000] {dag.py:3834} INFO - Setting next_dagrun for example_trigger_controller_dag to 2021-01-01 00:00:00+00:00, run_after=2021-01-01 00:00:00+00:00
[2024-03-14T16:29:40.091+0000] {processor.py:183} INFO - Processing /usr/local/lib/python3.8/dist-packages/airflow/example_dags/example_trigger_controller_dag.py took 0.140 seconds
[2024-03-14T16:30:43.006+0000] {processor.py:161} INFO - Started process (PID=1331) to work on /usr/local/lib/python3.8/dist-packages/airflow/example_dags/example_trigger_controller_dag.py
[2024-03-14T16:30:43.008+0000] {processor.py:830} INFO - Processing file /usr/local/lib/python3.8/dist-packages/airflow/example_dags/example_trigger_controller_dag.py for tasks to queue
[2024-03-14T16:30:43.009+0000] {logging_mixin.py:188} INFO - [2024-03-14T16:30:43.009+0000] {dagbag.py:540} INFO - Filling up the DagBag from /usr/local/lib/python3.8/dist-packages/airflow/example_dags/example_trigger_controller_dag.py
[2024-03-14T16:30:43.015+0000] {processor.py:840} INFO - DAG(s) 'example_trigger_controller_dag' retrieved from /usr/local/lib/python3.8/dist-packages/airflow/example_dags/example_trigger_controller_dag.py
[2024-03-14T16:30:43.031+0000] {logging_mixin.py:188} INFO - [2024-03-14T16:30:43.031+0000] {dag.py:3047} INFO - Sync 1 DAGs
[2024-03-14T16:30:43.052+0000] {logging_mixin.py:188} INFO - [2024-03-14T16:30:43.052+0000] {dag.py:3834} INFO - Setting next_dagrun for example_trigger_controller_dag to 2021-01-01 00:00:00+00:00, run_after=2021-01-01 00:00:00+00:00
[2024-03-14T16:30:43.081+0000] {processor.py:183} INFO - Processing /usr/local/lib/python3.8/dist-packages/airflow/example_dags/example_trigger_controller_dag.py took 0.078 seconds
[2024-03-14T16:31:52.094+0000] {processor.py:161} INFO - Started process (PID=1445) to work on /usr/local/lib/python3.8/dist-packages/airflow/example_dags/example_trigger_controller_dag.py
[2024-03-14T16:31:52.096+0000] {processor.py:830} INFO - Processing file /usr/local/lib/python3.8/dist-packages/airflow/example_dags/example_trigger_controller_dag.py for tasks to queue
[2024-03-14T16:31:52.097+0000] {logging_mixin.py:188} INFO - [2024-03-14T16:31:52.097+0000] {dagbag.py:540} INFO - Filling up the DagBag from /usr/local/lib/python3.8/dist-packages/airflow/example_dags/example_trigger_controller_dag.py
[2024-03-14T16:31:52.102+0000] {processor.py:840} INFO - DAG(s) 'example_trigger_controller_dag' retrieved from /usr/local/lib/python3.8/dist-packages/airflow/example_dags/example_trigger_controller_dag.py
[2024-03-14T16:31:52.118+0000] {logging_mixin.py:188} INFO - [2024-03-14T16:31:52.118+0000] {dag.py:3047} INFO - Sync 1 DAGs
[2024-03-14T16:31:52.140+0000] {logging_mixin.py:188} INFO - [2024-03-14T16:31:52.139+0000] {dag.py:3834} INFO - Setting next_dagrun for example_trigger_controller_dag to 2021-01-01 00:00:00+00:00, run_after=2021-01-01 00:00:00+00:00
[2024-03-14T16:31:52.236+0000] {processor.py:183} INFO - Processing /usr/local/lib/python3.8/dist-packages/airflow/example_dags/example_trigger_controller_dag.py took 0.145 seconds
[2024-03-14T16:33:04.738+0000] {processor.py:161} INFO - Started process (PID=1562) to work on /usr/local/lib/python3.8/dist-packages/airflow/example_dags/example_trigger_controller_dag.py
[2024-03-14T16:33:04.740+0000] {processor.py:830} INFO - Processing file /usr/local/lib/python3.8/dist-packages/airflow/example_dags/example_trigger_controller_dag.py for tasks to queue
[2024-03-14T16:33:04.741+0000] {logging_mixin.py:188} INFO - [2024-03-14T16:33:04.741+0000] {dagbag.py:540} INFO - Filling up the DagBag from /usr/local/lib/python3.8/dist-packages/airflow/example_dags/example_trigger_controller_dag.py
[2024-03-14T16:33:04.747+0000] {processor.py:840} INFO - DAG(s) 'example_trigger_controller_dag' retrieved from /usr/local/lib/python3.8/dist-packages/airflow/example_dags/example_trigger_controller_dag.py
[2024-03-14T16:33:04.763+0000] {logging_mixin.py:188} INFO - [2024-03-14T16:33:04.763+0000] {dag.py:3047} INFO - Sync 1 DAGs
[2024-03-14T16:33:04.785+0000] {logging_mixin.py:188} INFO - [2024-03-14T16:33:04.784+0000] {dag.py:3834} INFO - Setting next_dagrun for example_trigger_controller_dag to 2021-01-01 00:00:00+00:00, run_after=2021-01-01 00:00:00+00:00
[2024-03-14T16:33:04.893+0000] {processor.py:183} INFO - Processing /usr/local/lib/python3.8/dist-packages/airflow/example_dags/example_trigger_controller_dag.py took 0.158 seconds
[2024-03-14T16:34:16.640+0000] {processor.py:161} INFO - Started process (PID=1792) to work on /usr/local/lib/python3.8/dist-packages/airflow/example_dags/example_trigger_controller_dag.py
[2024-03-14T16:34:16.642+0000] {processor.py:830} INFO - Processing file /usr/local/lib/python3.8/dist-packages/airflow/example_dags/example_trigger_controller_dag.py for tasks to queue
[2024-03-14T16:34:16.643+0000] {logging_mixin.py:188} INFO - [2024-03-14T16:34:16.643+0000] {dagbag.py:540} INFO - Filling up the DagBag from /usr/local/lib/python3.8/dist-packages/airflow/example_dags/example_trigger_controller_dag.py
[2024-03-14T16:34:16.649+0000] {processor.py:840} INFO - DAG(s) 'example_trigger_controller_dag' retrieved from /usr/local/lib/python3.8/dist-packages/airflow/example_dags/example_trigger_controller_dag.py
[2024-03-14T16:34:16.665+0000] {logging_mixin.py:188} INFO - [2024-03-14T16:34:16.665+0000] {dag.py:3047} INFO - Sync 1 DAGs
[2024-03-14T16:34:16.686+0000] {logging_mixin.py:188} INFO - [2024-03-14T16:34:16.686+0000] {dag.py:3834} INFO - Setting next_dagrun for example_trigger_controller_dag to 2021-01-01 00:00:00+00:00, run_after=2021-01-01 00:00:00+00:00
[2024-03-14T16:34:16.715+0000] {processor.py:183} INFO - Processing /usr/local/lib/python3.8/dist-packages/airflow/example_dags/example_trigger_controller_dag.py took 0.079 seconds
[2024-03-14T16:35:31.926+0000] {processor.py:161} INFO - Started process (PID=1912) to work on /usr/local/lib/python3.8/dist-packages/airflow/example_dags/example_trigger_controller_dag.py
[2024-03-14T16:35:31.930+0000] {processor.py:830} INFO - Processing file /usr/local/lib/python3.8/dist-packages/airflow/example_dags/example_trigger_controller_dag.py for tasks to queue
[2024-03-14T16:35:31.931+0000] {logging_mixin.py:188} INFO - [2024-03-14T16:35:31.930+0000] {dagbag.py:540} INFO - Filling up the DagBag from /usr/local/lib/python3.8/dist-packages/airflow/example_dags/example_trigger_controller_dag.py
[2024-03-14T16:35:31.936+0000] {processor.py:840} INFO - DAG(s) 'example_trigger_controller_dag' retrieved from /usr/local/lib/python3.8/dist-packages/airflow/example_dags/example_trigger_controller_dag.py
[2024-03-14T16:35:31.950+0000] {logging_mixin.py:188} INFO - [2024-03-14T16:35:31.950+0000] {dag.py:3047} INFO - Sync 1 DAGs
[2024-03-14T16:35:31.968+0000] {logging_mixin.py:188} INFO - [2024-03-14T16:35:31.968+0000] {dag.py:3834} INFO - Setting next_dagrun for example_trigger_controller_dag to 2021-01-01 00:00:00+00:00, run_after=2021-01-01 00:00:00+00:00
[2024-03-14T16:35:31.992+0000] {processor.py:183} INFO - Processing /usr/local/lib/python3.8/dist-packages/airflow/example_dags/example_trigger_controller_dag.py took 0.068 seconds
[2024-03-14T16:37:06.935+0000] {processor.py:161} INFO - Started process (PID=2088) to work on /usr/local/lib/python3.8/dist-packages/airflow/example_dags/example_trigger_controller_dag.py
[2024-03-14T16:37:06.937+0000] {processor.py:830} INFO - Processing file /usr/local/lib/python3.8/dist-packages/airflow/example_dags/example_trigger_controller_dag.py for tasks to queue
[2024-03-14T16:37:06.938+0000] {logging_mixin.py:188} INFO - [2024-03-14T16:37:06.937+0000] {dagbag.py:540} INFO - Filling up the DagBag from /usr/local/lib/python3.8/dist-packages/airflow/example_dags/example_trigger_controller_dag.py
[2024-03-14T16:37:06.943+0000] {processor.py:840} INFO - DAG(s) 'example_trigger_controller_dag' retrieved from /usr/local/lib/python3.8/dist-packages/airflow/example_dags/example_trigger_controller_dag.py
[2024-03-14T16:37:06.959+0000] {logging_mixin.py:188} INFO - [2024-03-14T16:37:06.959+0000] {dag.py:3047} INFO - Sync 1 DAGs
[2024-03-14T16:37:06.980+0000] {logging_mixin.py:188} INFO - [2024-03-14T16:37:06.980+0000] {dag.py:3834} INFO - Setting next_dagrun for example_trigger_controller_dag to 2021-01-01 00:00:00+00:00, run_after=2021-01-01 00:00:00+00:00
[2024-03-14T16:37:07.042+0000] {processor.py:183} INFO - Processing /usr/local/lib/python3.8/dist-packages/airflow/example_dags/example_trigger_controller_dag.py took 0.111 seconds
[2024-03-14T16:38:40.910+0000] {processor.py:161} INFO - Started process (PID=2267) to work on /usr/local/lib/python3.8/dist-packages/airflow/example_dags/example_trigger_controller_dag.py
[2024-03-14T16:38:40.912+0000] {processor.py:830} INFO - Processing file /usr/local/lib/python3.8/dist-packages/airflow/example_dags/example_trigger_controller_dag.py for tasks to queue
[2024-03-14T16:38:40.913+0000] {logging_mixin.py:188} INFO - [2024-03-14T16:38:40.913+0000] {dagbag.py:540} INFO - Filling up the DagBag from /usr/local/lib/python3.8/dist-packages/airflow/example_dags/example_trigger_controller_dag.py
[2024-03-14T16:38:40.919+0000] {processor.py:840} INFO - DAG(s) 'example_trigger_controller_dag' retrieved from /usr/local/lib/python3.8/dist-packages/airflow/example_dags/example_trigger_controller_dag.py
[2024-03-14T16:38:40.935+0000] {logging_mixin.py:188} INFO - [2024-03-14T16:38:40.935+0000] {dag.py:3047} INFO - Sync 1 DAGs
[2024-03-14T16:38:40.956+0000] {logging_mixin.py:188} INFO - [2024-03-14T16:38:40.956+0000] {dag.py:3834} INFO - Setting next_dagrun for example_trigger_controller_dag to 2021-01-01 00:00:00+00:00, run_after=2021-01-01 00:00:00+00:00
[2024-03-14T16:38:41.074+0000] {processor.py:183} INFO - Processing /usr/local/lib/python3.8/dist-packages/airflow/example_dags/example_trigger_controller_dag.py took 0.167 seconds
[2024-03-14T16:39:50.839+0000] {processor.py:161} INFO - Started process (PID=2382) to work on /usr/local/lib/python3.8/dist-packages/airflow/example_dags/example_trigger_controller_dag.py
[2024-03-14T16:39:50.841+0000] {processor.py:830} INFO - Processing file /usr/local/lib/python3.8/dist-packages/airflow/example_dags/example_trigger_controller_dag.py for tasks to queue
[2024-03-14T16:39:50.842+0000] {logging_mixin.py:188} INFO - [2024-03-14T16:39:50.842+0000] {dagbag.py:540} INFO - Filling up the DagBag from /usr/local/lib/python3.8/dist-packages/airflow/example_dags/example_trigger_controller_dag.py
[2024-03-14T16:39:50.848+0000] {processor.py:840} INFO - DAG(s) 'example_trigger_controller_dag' retrieved from /usr/local/lib/python3.8/dist-packages/airflow/example_dags/example_trigger_controller_dag.py
[2024-03-14T16:39:50.864+0000] {logging_mixin.py:188} INFO - [2024-03-14T16:39:50.863+0000] {dag.py:3047} INFO - Sync 1 DAGs
[2024-03-14T16:39:50.885+0000] {logging_mixin.py:188} INFO - [2024-03-14T16:39:50.885+0000] {dag.py:3834} INFO - Setting next_dagrun for example_trigger_controller_dag to 2021-01-01 00:00:00+00:00, run_after=2021-01-01 00:00:00+00:00
[2024-03-14T16:39:50.972+0000] {processor.py:183} INFO - Processing /usr/local/lib/python3.8/dist-packages/airflow/example_dags/example_trigger_controller_dag.py took 0.137 seconds
[2024-03-14T16:40:58.666+0000] {processor.py:161} INFO - Started process (PID=2489) to work on /usr/local/lib/python3.8/dist-packages/airflow/example_dags/example_trigger_controller_dag.py
[2024-03-14T16:40:58.668+0000] {processor.py:830} INFO - Processing file /usr/local/lib/python3.8/dist-packages/airflow/example_dags/example_trigger_controller_dag.py for tasks to queue
[2024-03-14T16:40:58.669+0000] {logging_mixin.py:188} INFO - [2024-03-14T16:40:58.669+0000] {dagbag.py:540} INFO - Filling up the DagBag from /usr/local/lib/python3.8/dist-packages/airflow/example_dags/example_trigger_controller_dag.py
[2024-03-14T16:40:58.675+0000] {processor.py:840} INFO - DAG(s) 'example_trigger_controller_dag' retrieved from /usr/local/lib/python3.8/dist-packages/airflow/example_dags/example_trigger_controller_dag.py
[2024-03-14T16:40:58.691+0000] {logging_mixin.py:188} INFO - [2024-03-14T16:40:58.690+0000] {dag.py:3047} INFO - Sync 1 DAGs
[2024-03-14T16:40:58.712+0000] {logging_mixin.py:188} INFO - [2024-03-14T16:40:58.711+0000] {dag.py:3834} INFO - Setting next_dagrun for example_trigger_controller_dag to 2021-01-01 00:00:00+00:00, run_after=2021-01-01 00:00:00+00:00
[2024-03-14T16:40:58.814+0000] {processor.py:183} INFO - Processing /usr/local/lib/python3.8/dist-packages/airflow/example_dags/example_trigger_controller_dag.py took 0.151 seconds
[2024-03-14T16:42:19.707+0000] {processor.py:161} INFO - Started process (PID=2605) to work on /usr/local/lib/python3.8/dist-packages/airflow/example_dags/example_trigger_controller_dag.py
[2024-03-14T16:42:19.709+0000] {processor.py:830} INFO - Processing file /usr/local/lib/python3.8/dist-packages/airflow/example_dags/example_trigger_controller_dag.py for tasks to queue
[2024-03-14T16:42:19.710+0000] {logging_mixin.py:188} INFO - [2024-03-14T16:42:19.710+0000] {dagbag.py:540} INFO - Filling up the DagBag from /usr/local/lib/python3.8/dist-packages/airflow/example_dags/example_trigger_controller_dag.py
[2024-03-14T16:42:19.716+0000] {processor.py:840} INFO - DAG(s) 'example_trigger_controller_dag' retrieved from /usr/local/lib/python3.8/dist-packages/airflow/example_dags/example_trigger_controller_dag.py
[2024-03-14T16:42:19.732+0000] {logging_mixin.py:188} INFO - [2024-03-14T16:42:19.732+0000] {dag.py:3047} INFO - Sync 1 DAGs
[2024-03-14T16:42:19.753+0000] {logging_mixin.py:188} INFO - [2024-03-14T16:42:19.753+0000] {dag.py:3834} INFO - Setting next_dagrun for example_trigger_controller_dag to 2021-01-01 00:00:00+00:00, run_after=2021-01-01 00:00:00+00:00
[2024-03-14T16:42:19.797+0000] {processor.py:183} INFO - Processing /usr/local/lib/python3.8/dist-packages/airflow/example_dags/example_trigger_controller_dag.py took 0.093 seconds
[2024-03-14T16:43:38.175+0000] {processor.py:161} INFO - Started process (PID=2725) to work on /usr/local/lib/python3.8/dist-packages/airflow/example_dags/example_trigger_controller_dag.py
[2024-03-14T16:43:38.177+0000] {processor.py:830} INFO - Processing file /usr/local/lib/python3.8/dist-packages/airflow/example_dags/example_trigger_controller_dag.py for tasks to queue
[2024-03-14T16:43:38.178+0000] {logging_mixin.py:188} INFO - [2024-03-14T16:43:38.178+0000] {dagbag.py:540} INFO - Filling up the DagBag from /usr/local/lib/python3.8/dist-packages/airflow/example_dags/example_trigger_controller_dag.py
[2024-03-14T16:43:38.184+0000] {processor.py:840} INFO - DAG(s) 'example_trigger_controller_dag' retrieved from /usr/local/lib/python3.8/dist-packages/airflow/example_dags/example_trigger_controller_dag.py
[2024-03-14T16:43:38.200+0000] {logging_mixin.py:188} INFO - [2024-03-14T16:43:38.200+0000] {dag.py:3047} INFO - Sync 1 DAGs
[2024-03-14T16:43:38.221+0000] {logging_mixin.py:188} INFO - [2024-03-14T16:43:38.221+0000] {dag.py:3834} INFO - Setting next_dagrun for example_trigger_controller_dag to 2021-01-01 00:00:00+00:00, run_after=2021-01-01 00:00:00+00:00
[2024-03-14T16:43:38.370+0000] {processor.py:183} INFO - Processing /usr/local/lib/python3.8/dist-packages/airflow/example_dags/example_trigger_controller_dag.py took 0.199 seconds
[2024-03-14T16:45:16.754+0000] {processor.py:161} INFO - Started process (PID=2904) to work on /usr/local/lib/python3.8/dist-packages/airflow/example_dags/example_trigger_controller_dag.py
[2024-03-14T16:45:16.756+0000] {processor.py:830} INFO - Processing file /usr/local/lib/python3.8/dist-packages/airflow/example_dags/example_trigger_controller_dag.py for tasks to queue
[2024-03-14T16:45:16.757+0000] {logging_mixin.py:188} INFO - [2024-03-14T16:45:16.757+0000] {dagbag.py:540} INFO - Filling up the DagBag from /usr/local/lib/python3.8/dist-packages/airflow/example_dags/example_trigger_controller_dag.py
[2024-03-14T16:45:16.762+0000] {processor.py:840} INFO - DAG(s) 'example_trigger_controller_dag' retrieved from /usr/local/lib/python3.8/dist-packages/airflow/example_dags/example_trigger_controller_dag.py
[2024-03-14T16:45:16.779+0000] {logging_mixin.py:188} INFO - [2024-03-14T16:45:16.778+0000] {dag.py:3047} INFO - Sync 1 DAGs
[2024-03-14T16:45:16.800+0000] {logging_mixin.py:188} INFO - [2024-03-14T16:45:16.800+0000] {dag.py:3834} INFO - Setting next_dagrun for example_trigger_controller_dag to 2021-01-01 00:00:00+00:00, run_after=2021-01-01 00:00:00+00:00
[2024-03-14T16:45:16.975+0000] {processor.py:183} INFO - Processing /usr/local/lib/python3.8/dist-packages/airflow/example_dags/example_trigger_controller_dag.py took 0.224 seconds
[2024-03-14T16:55:52.123+0000] {processor.py:161} INFO - Started process (PID=3163) to work on /usr/local/lib/python3.8/dist-packages/airflow/example_dags/example_trigger_controller_dag.py
[2024-03-14T16:55:52.125+0000] {processor.py:830} INFO - Processing file /usr/local/lib/python3.8/dist-packages/airflow/example_dags/example_trigger_controller_dag.py for tasks to queue
[2024-03-14T16:55:52.126+0000] {logging_mixin.py:188} INFO - [2024-03-14T16:55:52.126+0000] {dagbag.py:540} INFO - Filling up the DagBag from /usr/local/lib/python3.8/dist-packages/airflow/example_dags/example_trigger_controller_dag.py
[2024-03-14T16:55:52.132+0000] {processor.py:840} INFO - DAG(s) 'example_trigger_controller_dag' retrieved from /usr/local/lib/python3.8/dist-packages/airflow/example_dags/example_trigger_controller_dag.py
[2024-03-14T16:55:52.153+0000] {logging_mixin.py:188} INFO - [2024-03-14T16:55:52.153+0000] {dag.py:3047} INFO - Sync 1 DAGs
[2024-03-14T16:55:52.173+0000] {logging_mixin.py:188} INFO - [2024-03-14T16:55:52.173+0000] {dag.py:3834} INFO - Setting next_dagrun for example_trigger_controller_dag to 2021-01-01 00:00:00+00:00, run_after=2021-01-01 00:00:00+00:00
[2024-03-14T16:55:52.455+0000] {processor.py:183} INFO - Processing /usr/local/lib/python3.8/dist-packages/airflow/example_dags/example_trigger_controller_dag.py took 0.336 seconds
[2024-03-14T16:57:03.903+0000] {processor.py:161} INFO - Started process (PID=3342) to work on /usr/local/lib/python3.8/dist-packages/airflow/example_dags/example_trigger_controller_dag.py
[2024-03-14T16:57:03.906+0000] {processor.py:830} INFO - Processing file /usr/local/lib/python3.8/dist-packages/airflow/example_dags/example_trigger_controller_dag.py for tasks to queue
[2024-03-14T16:57:03.907+0000] {logging_mixin.py:188} INFO - [2024-03-14T16:57:03.906+0000] {dagbag.py:540} INFO - Filling up the DagBag from /usr/local/lib/python3.8/dist-packages/airflow/example_dags/example_trigger_controller_dag.py
[2024-03-14T16:57:03.913+0000] {processor.py:840} INFO - DAG(s) 'example_trigger_controller_dag' retrieved from /usr/local/lib/python3.8/dist-packages/airflow/example_dags/example_trigger_controller_dag.py
[2024-03-14T16:57:03.932+0000] {logging_mixin.py:188} INFO - [2024-03-14T16:57:03.932+0000] {dag.py:3047} INFO - Sync 1 DAGs
[2024-03-14T16:57:03.956+0000] {logging_mixin.py:188} INFO - [2024-03-14T16:57:03.955+0000] {dag.py:3834} INFO - Setting next_dagrun for example_trigger_controller_dag to 2021-01-01 00:00:00+00:00, run_after=2021-01-01 00:00:00+00:00
[2024-03-14T16:57:04.059+0000] {processor.py:183} INFO - Processing /usr/local/lib/python3.8/dist-packages/airflow/example_dags/example_trigger_controller_dag.py took 0.160 seconds
[2024-03-14T16:58:04.587+0000] {processor.py:161} INFO - Started process (PID=3443) to work on /usr/local/lib/python3.8/dist-packages/airflow/example_dags/example_trigger_controller_dag.py
[2024-03-14T16:58:04.589+0000] {processor.py:830} INFO - Processing file /usr/local/lib/python3.8/dist-packages/airflow/example_dags/example_trigger_controller_dag.py for tasks to queue
[2024-03-14T16:58:04.590+0000] {logging_mixin.py:188} INFO - [2024-03-14T16:58:04.590+0000] {dagbag.py:540} INFO - Filling up the DagBag from /usr/local/lib/python3.8/dist-packages/airflow/example_dags/example_trigger_controller_dag.py
[2024-03-14T16:58:04.596+0000] {processor.py:840} INFO - DAG(s) 'example_trigger_controller_dag' retrieved from /usr/local/lib/python3.8/dist-packages/airflow/example_dags/example_trigger_controller_dag.py
[2024-03-14T16:58:04.612+0000] {logging_mixin.py:188} INFO - [2024-03-14T16:58:04.612+0000] {dag.py:3047} INFO - Sync 1 DAGs
[2024-03-14T16:58:04.630+0000] {logging_mixin.py:188} INFO - [2024-03-14T16:58:04.629+0000] {dag.py:3834} INFO - Setting next_dagrun for example_trigger_controller_dag to 2021-01-01 00:00:00+00:00, run_after=2021-01-01 00:00:00+00:00
[2024-03-14T16:58:04.660+0000] {processor.py:183} INFO - Processing /usr/local/lib/python3.8/dist-packages/airflow/example_dags/example_trigger_controller_dag.py took 0.076 seconds
