[2024-03-14T16:23:27.295+0000] {processor.py:161} INFO - Started process (PID=626) to work on /usr/local/lib/python3.8/dist-packages/airflow/example_dags/example_params_trigger_ui.py
[2024-03-14T16:23:27.296+0000] {processor.py:830} INFO - Processing file /usr/local/lib/python3.8/dist-packages/airflow/example_dags/example_params_trigger_ui.py for tasks to queue
[2024-03-14T16:23:27.297+0000] {logging_mixin.py:188} INFO - [2024-03-14T16:23:27.296+0000] {dagbag.py:540} INFO - Filling up the DagBag from /usr/local/lib/python3.8/dist-packages/airflow/example_dags/example_params_trigger_ui.py
[2024-03-14T16:23:27.312+0000] {processor.py:840} INFO - DAG(s) 'example_params_trigger_ui' retrieved from /usr/local/lib/python3.8/dist-packages/airflow/example_dags/example_params_trigger_ui.py
[2024-03-14T16:23:27.364+0000] {logging_mixin.py:188} INFO - [2024-03-14T16:23:27.364+0000] {dag.py:3047} INFO - Sync 1 DAGs
[2024-03-14T16:23:27.375+0000] {logging_mixin.py:188} INFO - [2024-03-14T16:23:27.375+0000] {dag.py:3834} INFO - Setting next_dagrun for example_params_trigger_ui to None, run_after=None
[2024-03-14T16:23:27.470+0000] {processor.py:183} INFO - Processing /usr/local/lib/python3.8/dist-packages/airflow/example_dags/example_params_trigger_ui.py took 0.179 seconds
[2024-03-14T16:24:40.791+0000] {processor.py:161} INFO - Started process (PID=729) to work on /usr/local/lib/python3.8/dist-packages/airflow/example_dags/example_params_trigger_ui.py
[2024-03-14T16:24:40.793+0000] {processor.py:830} INFO - Processing file /usr/local/lib/python3.8/dist-packages/airflow/example_dags/example_params_trigger_ui.py for tasks to queue
[2024-03-14T16:24:40.794+0000] {logging_mixin.py:188} INFO - [2024-03-14T16:24:40.793+0000] {dagbag.py:540} INFO - Filling up the DagBag from /usr/local/lib/python3.8/dist-packages/airflow/example_dags/example_params_trigger_ui.py
[2024-03-14T16:24:40.808+0000] {processor.py:840} INFO - DAG(s) 'example_params_trigger_ui' retrieved from /usr/local/lib/python3.8/dist-packages/airflow/example_dags/example_params_trigger_ui.py
[2024-03-14T16:24:40.847+0000] {logging_mixin.py:188} INFO - [2024-03-14T16:24:40.847+0000] {dag.py:3047} INFO - Sync 1 DAGs
[2024-03-14T16:24:40.856+0000] {logging_mixin.py:188} INFO - [2024-03-14T16:24:40.856+0000] {dag.py:3834} INFO - Setting next_dagrun for example_params_trigger_ui to None, run_after=None
[2024-03-14T16:24:40.940+0000] {processor.py:183} INFO - Processing /usr/local/lib/python3.8/dist-packages/airflow/example_dags/example_params_trigger_ui.py took 0.153 seconds
[2024-03-14T16:25:41.547+0000] {processor.py:161} INFO - Started process (PID=816) to work on /usr/local/lib/python3.8/dist-packages/airflow/example_dags/example_params_trigger_ui.py
[2024-03-14T16:25:41.550+0000] {processor.py:830} INFO - Processing file /usr/local/lib/python3.8/dist-packages/airflow/example_dags/example_params_trigger_ui.py for tasks to queue
[2024-03-14T16:25:41.551+0000] {logging_mixin.py:188} INFO - [2024-03-14T16:25:41.550+0000] {dagbag.py:540} INFO - Filling up the DagBag from /usr/local/lib/python3.8/dist-packages/airflow/example_dags/example_params_trigger_ui.py
[2024-03-14T16:25:41.566+0000] {processor.py:840} INFO - DAG(s) 'example_params_trigger_ui' retrieved from /usr/local/lib/python3.8/dist-packages/airflow/example_dags/example_params_trigger_ui.py
[2024-03-14T16:25:41.614+0000] {logging_mixin.py:188} INFO - [2024-03-14T16:25:41.613+0000] {dag.py:3047} INFO - Sync 1 DAGs
[2024-03-14T16:25:41.623+0000] {logging_mixin.py:188} INFO - [2024-03-14T16:25:41.623+0000] {dag.py:3834} INFO - Setting next_dagrun for example_params_trigger_ui to None, run_after=None
[2024-03-14T16:25:41.703+0000] {processor.py:183} INFO - Processing /usr/local/lib/python3.8/dist-packages/airflow/example_dags/example_params_trigger_ui.py took 0.159 seconds
[2024-03-14T16:26:46.195+0000] {processor.py:161} INFO - Started process (PID=931) to work on /usr/local/lib/python3.8/dist-packages/airflow/example_dags/example_params_trigger_ui.py
[2024-03-14T16:26:46.197+0000] {processor.py:830} INFO - Processing file /usr/local/lib/python3.8/dist-packages/airflow/example_dags/example_params_trigger_ui.py for tasks to queue
[2024-03-14T16:26:46.198+0000] {logging_mixin.py:188} INFO - [2024-03-14T16:26:46.198+0000] {dagbag.py:540} INFO - Filling up the DagBag from /usr/local/lib/python3.8/dist-packages/airflow/example_dags/example_params_trigger_ui.py
[2024-03-14T16:26:46.214+0000] {processor.py:840} INFO - DAG(s) 'example_params_trigger_ui' retrieved from /usr/local/lib/python3.8/dist-packages/airflow/example_dags/example_params_trigger_ui.py
[2024-03-14T16:26:46.263+0000] {logging_mixin.py:188} INFO - [2024-03-14T16:26:46.263+0000] {dag.py:3047} INFO - Sync 1 DAGs
[2024-03-14T16:26:46.273+0000] {logging_mixin.py:188} INFO - [2024-03-14T16:26:46.273+0000] {dag.py:3834} INFO - Setting next_dagrun for example_params_trigger_ui to None, run_after=None
[2024-03-14T16:26:46.391+0000] {processor.py:183} INFO - Processing /usr/local/lib/python3.8/dist-packages/airflow/example_dags/example_params_trigger_ui.py took 0.199 seconds
[2024-03-14T16:27:54.550+0000] {processor.py:161} INFO - Started process (PID=1046) to work on /usr/local/lib/python3.8/dist-packages/airflow/example_dags/example_params_trigger_ui.py
[2024-03-14T16:27:54.553+0000] {processor.py:830} INFO - Processing file /usr/local/lib/python3.8/dist-packages/airflow/example_dags/example_params_trigger_ui.py for tasks to queue
[2024-03-14T16:27:54.553+0000] {logging_mixin.py:188} INFO - [2024-03-14T16:27:54.553+0000] {dagbag.py:540} INFO - Filling up the DagBag from /usr/local/lib/python3.8/dist-packages/airflow/example_dags/example_params_trigger_ui.py
[2024-03-14T16:27:54.568+0000] {processor.py:840} INFO - DAG(s) 'example_params_trigger_ui' retrieved from /usr/local/lib/python3.8/dist-packages/airflow/example_dags/example_params_trigger_ui.py
[2024-03-14T16:27:54.607+0000] {logging_mixin.py:188} INFO - [2024-03-14T16:27:54.607+0000] {dag.py:3047} INFO - Sync 1 DAGs
[2024-03-14T16:27:54.617+0000] {logging_mixin.py:188} INFO - [2024-03-14T16:27:54.617+0000] {dag.py:3834} INFO - Setting next_dagrun for example_params_trigger_ui to None, run_after=None
[2024-03-14T16:27:54.729+0000] {processor.py:183} INFO - Processing /usr/local/lib/python3.8/dist-packages/airflow/example_dags/example_params_trigger_ui.py took 0.181 seconds
[2024-03-14T16:29:06.211+0000] {processor.py:161} INFO - Started process (PID=1150) to work on /usr/local/lib/python3.8/dist-packages/airflow/example_dags/example_params_trigger_ui.py
[2024-03-14T16:29:06.214+0000] {processor.py:830} INFO - Processing file /usr/local/lib/python3.8/dist-packages/airflow/example_dags/example_params_trigger_ui.py for tasks to queue
[2024-03-14T16:29:06.215+0000] {logging_mixin.py:188} INFO - [2024-03-14T16:29:06.214+0000] {dagbag.py:540} INFO - Filling up the DagBag from /usr/local/lib/python3.8/dist-packages/airflow/example_dags/example_params_trigger_ui.py
[2024-03-14T16:29:06.229+0000] {processor.py:840} INFO - DAG(s) 'example_params_trigger_ui' retrieved from /usr/local/lib/python3.8/dist-packages/airflow/example_dags/example_params_trigger_ui.py
[2024-03-14T16:29:06.268+0000] {logging_mixin.py:188} INFO - [2024-03-14T16:29:06.268+0000] {dag.py:3047} INFO - Sync 1 DAGs
[2024-03-14T16:29:06.277+0000] {logging_mixin.py:188} INFO - [2024-03-14T16:29:06.277+0000] {dag.py:3834} INFO - Setting next_dagrun for example_params_trigger_ui to None, run_after=None
[2024-03-14T16:29:06.342+0000] {processor.py:183} INFO - Processing /usr/local/lib/python3.8/dist-packages/airflow/example_dags/example_params_trigger_ui.py took 0.134 seconds
[2024-03-14T16:30:58.190+0000] {processor.py:161} INFO - Started process (PID=1345) to work on /usr/local/lib/python3.8/dist-packages/airflow/example_dags/example_params_trigger_ui.py
[2024-03-14T16:30:58.192+0000] {processor.py:830} INFO - Processing file /usr/local/lib/python3.8/dist-packages/airflow/example_dags/example_params_trigger_ui.py for tasks to queue
[2024-03-14T16:30:58.193+0000] {logging_mixin.py:188} INFO - [2024-03-14T16:30:58.193+0000] {dagbag.py:540} INFO - Filling up the DagBag from /usr/local/lib/python3.8/dist-packages/airflow/example_dags/example_params_trigger_ui.py
[2024-03-14T16:30:58.209+0000] {processor.py:840} INFO - DAG(s) 'example_params_trigger_ui' retrieved from /usr/local/lib/python3.8/dist-packages/airflow/example_dags/example_params_trigger_ui.py
[2024-03-14T16:30:58.260+0000] {logging_mixin.py:188} INFO - [2024-03-14T16:30:58.260+0000] {dag.py:3047} INFO - Sync 1 DAGs
[2024-03-14T16:30:58.272+0000] {logging_mixin.py:188} INFO - [2024-03-14T16:30:58.272+0000] {dag.py:3834} INFO - Setting next_dagrun for example_params_trigger_ui to None, run_after=None
[2024-03-14T16:30:58.388+0000] {processor.py:183} INFO - Processing /usr/local/lib/python3.8/dist-packages/airflow/example_dags/example_params_trigger_ui.py took 0.201 seconds
[2024-03-14T16:32:06.102+0000] {processor.py:161} INFO - Started process (PID=1459) to work on /usr/local/lib/python3.8/dist-packages/airflow/example_dags/example_params_trigger_ui.py
[2024-03-14T16:32:06.104+0000] {processor.py:830} INFO - Processing file /usr/local/lib/python3.8/dist-packages/airflow/example_dags/example_params_trigger_ui.py for tasks to queue
[2024-03-14T16:32:06.105+0000] {logging_mixin.py:188} INFO - [2024-03-14T16:32:06.105+0000] {dagbag.py:540} INFO - Filling up the DagBag from /usr/local/lib/python3.8/dist-packages/airflow/example_dags/example_params_trigger_ui.py
[2024-03-14T16:32:06.121+0000] {processor.py:840} INFO - DAG(s) 'example_params_trigger_ui' retrieved from /usr/local/lib/python3.8/dist-packages/airflow/example_dags/example_params_trigger_ui.py
[2024-03-14T16:32:06.172+0000] {logging_mixin.py:188} INFO - [2024-03-14T16:32:06.172+0000] {dag.py:3047} INFO - Sync 1 DAGs
[2024-03-14T16:32:06.184+0000] {logging_mixin.py:188} INFO - [2024-03-14T16:32:06.184+0000] {dag.py:3834} INFO - Setting next_dagrun for example_params_trigger_ui to None, run_after=None
[2024-03-14T16:32:06.311+0000] {processor.py:183} INFO - Processing /usr/local/lib/python3.8/dist-packages/airflow/example_dags/example_params_trigger_ui.py took 0.213 seconds
[2024-03-14T16:33:19.466+0000] {processor.py:161} INFO - Started process (PID=1672) to work on /usr/local/lib/python3.8/dist-packages/airflow/example_dags/example_params_trigger_ui.py
[2024-03-14T16:33:19.468+0000] {processor.py:830} INFO - Processing file /usr/local/lib/python3.8/dist-packages/airflow/example_dags/example_params_trigger_ui.py for tasks to queue
[2024-03-14T16:33:19.469+0000] {logging_mixin.py:188} INFO - [2024-03-14T16:33:19.468+0000] {dagbag.py:540} INFO - Filling up the DagBag from /usr/local/lib/python3.8/dist-packages/airflow/example_dags/example_params_trigger_ui.py
[2024-03-14T16:33:19.484+0000] {processor.py:840} INFO - DAG(s) 'example_params_trigger_ui' retrieved from /usr/local/lib/python3.8/dist-packages/airflow/example_dags/example_params_trigger_ui.py
[2024-03-14T16:33:19.535+0000] {logging_mixin.py:188} INFO - [2024-03-14T16:33:19.535+0000] {dag.py:3047} INFO - Sync 1 DAGs
[2024-03-14T16:33:19.547+0000] {logging_mixin.py:188} INFO - [2024-03-14T16:33:19.547+0000] {dag.py:3834} INFO - Setting next_dagrun for example_params_trigger_ui to None, run_after=None
[2024-03-14T16:33:19.593+0000] {processor.py:183} INFO - Processing /usr/local/lib/python3.8/dist-packages/airflow/example_dags/example_params_trigger_ui.py took 0.131 seconds
[2024-03-14T16:35:00.059+0000] {processor.py:161} INFO - Started process (PID=1838) to work on /usr/local/lib/python3.8/dist-packages/airflow/example_dags/example_params_trigger_ui.py
[2024-03-14T16:35:00.061+0000] {processor.py:830} INFO - Processing file /usr/local/lib/python3.8/dist-packages/airflow/example_dags/example_params_trigger_ui.py for tasks to queue
[2024-03-14T16:35:00.062+0000] {logging_mixin.py:188} INFO - [2024-03-14T16:35:00.062+0000] {dagbag.py:540} INFO - Filling up the DagBag from /usr/local/lib/python3.8/dist-packages/airflow/example_dags/example_params_trigger_ui.py
[2024-03-14T16:35:00.078+0000] {processor.py:840} INFO - DAG(s) 'example_params_trigger_ui' retrieved from /usr/local/lib/python3.8/dist-packages/airflow/example_dags/example_params_trigger_ui.py
[2024-03-14T16:35:00.129+0000] {logging_mixin.py:188} INFO - [2024-03-14T16:35:00.129+0000] {dag.py:3047} INFO - Sync 1 DAGs
[2024-03-14T16:35:00.142+0000] {logging_mixin.py:188} INFO - [2024-03-14T16:35:00.142+0000] {dag.py:3834} INFO - Setting next_dagrun for example_params_trigger_ui to None, run_after=None
[2024-03-14T16:35:00.247+0000] {processor.py:183} INFO - Processing /usr/local/lib/python3.8/dist-packages/airflow/example_dags/example_params_trigger_ui.py took 0.191 seconds
[2024-03-14T16:36:37.026+0000] {processor.py:161} INFO - Started process (PID=2015) to work on /usr/local/lib/python3.8/dist-packages/airflow/example_dags/example_params_trigger_ui.py
[2024-03-14T16:36:37.028+0000] {processor.py:830} INFO - Processing file /usr/local/lib/python3.8/dist-packages/airflow/example_dags/example_params_trigger_ui.py for tasks to queue
[2024-03-14T16:36:37.029+0000] {logging_mixin.py:188} INFO - [2024-03-14T16:36:37.029+0000] {dagbag.py:540} INFO - Filling up the DagBag from /usr/local/lib/python3.8/dist-packages/airflow/example_dags/example_params_trigger_ui.py
[2024-03-14T16:36:37.044+0000] {processor.py:840} INFO - DAG(s) 'example_params_trigger_ui' retrieved from /usr/local/lib/python3.8/dist-packages/airflow/example_dags/example_params_trigger_ui.py
[2024-03-14T16:36:37.096+0000] {logging_mixin.py:188} INFO - [2024-03-14T16:36:37.096+0000] {dag.py:3047} INFO - Sync 1 DAGs
[2024-03-14T16:36:37.108+0000] {logging_mixin.py:188} INFO - [2024-03-14T16:36:37.108+0000] {dag.py:3834} INFO - Setting next_dagrun for example_params_trigger_ui to None, run_after=None
[2024-03-14T16:36:37.137+0000] {processor.py:183} INFO - Processing /usr/local/lib/python3.8/dist-packages/airflow/example_dags/example_params_trigger_ui.py took 0.114 seconds
[2024-03-14T16:38:07.646+0000] {processor.py:161} INFO - Started process (PID=2192) to work on /usr/local/lib/python3.8/dist-packages/airflow/example_dags/example_params_trigger_ui.py
[2024-03-14T16:38:07.648+0000] {processor.py:830} INFO - Processing file /usr/local/lib/python3.8/dist-packages/airflow/example_dags/example_params_trigger_ui.py for tasks to queue
[2024-03-14T16:38:07.649+0000] {logging_mixin.py:188} INFO - [2024-03-14T16:38:07.649+0000] {dagbag.py:540} INFO - Filling up the DagBag from /usr/local/lib/python3.8/dist-packages/airflow/example_dags/example_params_trigger_ui.py
[2024-03-14T16:38:07.665+0000] {processor.py:840} INFO - DAG(s) 'example_params_trigger_ui' retrieved from /usr/local/lib/python3.8/dist-packages/airflow/example_dags/example_params_trigger_ui.py
[2024-03-14T16:38:07.716+0000] {logging_mixin.py:188} INFO - [2024-03-14T16:38:07.716+0000] {dag.py:3047} INFO - Sync 1 DAGs
[2024-03-14T16:38:07.726+0000] {logging_mixin.py:188} INFO - [2024-03-14T16:38:07.726+0000] {dag.py:3834} INFO - Setting next_dagrun for example_params_trigger_ui to None, run_after=None
[2024-03-14T16:38:07.801+0000] {processor.py:183} INFO - Processing /usr/local/lib/python3.8/dist-packages/airflow/example_dags/example_params_trigger_ui.py took 0.158 seconds
[2024-03-14T16:39:24.175+0000] {processor.py:161} INFO - Started process (PID=2312) to work on /usr/local/lib/python3.8/dist-packages/airflow/example_dags/example_params_trigger_ui.py
[2024-03-14T16:39:24.177+0000] {processor.py:830} INFO - Processing file /usr/local/lib/python3.8/dist-packages/airflow/example_dags/example_params_trigger_ui.py for tasks to queue
[2024-03-14T16:39:24.178+0000] {logging_mixin.py:188} INFO - [2024-03-14T16:39:24.177+0000] {dagbag.py:540} INFO - Filling up the DagBag from /usr/local/lib/python3.8/dist-packages/airflow/example_dags/example_params_trigger_ui.py
[2024-03-14T16:39:24.193+0000] {processor.py:840} INFO - DAG(s) 'example_params_trigger_ui' retrieved from /usr/local/lib/python3.8/dist-packages/airflow/example_dags/example_params_trigger_ui.py
[2024-03-14T16:39:24.245+0000] {logging_mixin.py:188} INFO - [2024-03-14T16:39:24.244+0000] {dag.py:3047} INFO - Sync 1 DAGs
[2024-03-14T16:39:24.257+0000] {logging_mixin.py:188} INFO - [2024-03-14T16:39:24.257+0000] {dag.py:3834} INFO - Setting next_dagrun for example_params_trigger_ui to None, run_after=None
[2024-03-14T16:39:24.384+0000] {processor.py:183} INFO - Processing /usr/local/lib/python3.8/dist-packages/airflow/example_dags/example_params_trigger_ui.py took 0.213 seconds
[2024-03-14T16:40:32.502+0000] {processor.py:161} INFO - Started process (PID=2426) to work on /usr/local/lib/python3.8/dist-packages/airflow/example_dags/example_params_trigger_ui.py
[2024-03-14T16:40:32.505+0000] {processor.py:830} INFO - Processing file /usr/local/lib/python3.8/dist-packages/airflow/example_dags/example_params_trigger_ui.py for tasks to queue
[2024-03-14T16:40:32.512+0000] {logging_mixin.py:188} INFO - [2024-03-14T16:40:32.512+0000] {dagbag.py:540} INFO - Filling up the DagBag from /usr/local/lib/python3.8/dist-packages/airflow/example_dags/example_params_trigger_ui.py
[2024-03-14T16:40:32.528+0000] {processor.py:840} INFO - DAG(s) 'example_params_trigger_ui' retrieved from /usr/local/lib/python3.8/dist-packages/airflow/example_dags/example_params_trigger_ui.py
[2024-03-14T16:40:32.579+0000] {logging_mixin.py:188} INFO - [2024-03-14T16:40:32.579+0000] {dag.py:3047} INFO - Sync 1 DAGs
[2024-03-14T16:40:32.592+0000] {logging_mixin.py:188} INFO - [2024-03-14T16:40:32.591+0000] {dag.py:3834} INFO - Setting next_dagrun for example_params_trigger_ui to None, run_after=None
[2024-03-14T16:40:32.675+0000] {processor.py:183} INFO - Processing /usr/local/lib/python3.8/dist-packages/airflow/example_dags/example_params_trigger_ui.py took 0.176 seconds
[2024-03-14T16:41:43.586+0000] {processor.py:161} INFO - Started process (PID=2536) to work on /usr/local/lib/python3.8/dist-packages/airflow/example_dags/example_params_trigger_ui.py
[2024-03-14T16:41:43.588+0000] {processor.py:830} INFO - Processing file /usr/local/lib/python3.8/dist-packages/airflow/example_dags/example_params_trigger_ui.py for tasks to queue
[2024-03-14T16:41:43.589+0000] {logging_mixin.py:188} INFO - [2024-03-14T16:41:43.589+0000] {dagbag.py:540} INFO - Filling up the DagBag from /usr/local/lib/python3.8/dist-packages/airflow/example_dags/example_params_trigger_ui.py
[2024-03-14T16:41:43.605+0000] {processor.py:840} INFO - DAG(s) 'example_params_trigger_ui' retrieved from /usr/local/lib/python3.8/dist-packages/airflow/example_dags/example_params_trigger_ui.py
[2024-03-14T16:41:43.657+0000] {logging_mixin.py:188} INFO - [2024-03-14T16:41:43.656+0000] {dag.py:3047} INFO - Sync 1 DAGs
[2024-03-14T16:41:43.667+0000] {logging_mixin.py:188} INFO - [2024-03-14T16:41:43.667+0000] {dag.py:3834} INFO - Setting next_dagrun for example_params_trigger_ui to None, run_after=None
[2024-03-14T16:41:43.770+0000] {processor.py:183} INFO - Processing /usr/local/lib/python3.8/dist-packages/airflow/example_dags/example_params_trigger_ui.py took 0.188 seconds
[2024-03-14T16:43:05.190+0000] {processor.py:161} INFO - Started process (PID=2653) to work on /usr/local/lib/python3.8/dist-packages/airflow/example_dags/example_params_trigger_ui.py
[2024-03-14T16:43:05.193+0000] {processor.py:830} INFO - Processing file /usr/local/lib/python3.8/dist-packages/airflow/example_dags/example_params_trigger_ui.py for tasks to queue
[2024-03-14T16:43:05.194+0000] {logging_mixin.py:188} INFO - [2024-03-14T16:43:05.193+0000] {dagbag.py:540} INFO - Filling up the DagBag from /usr/local/lib/python3.8/dist-packages/airflow/example_dags/example_params_trigger_ui.py
[2024-03-14T16:43:05.209+0000] {processor.py:840} INFO - DAG(s) 'example_params_trigger_ui' retrieved from /usr/local/lib/python3.8/dist-packages/airflow/example_dags/example_params_trigger_ui.py
[2024-03-14T16:43:05.260+0000] {logging_mixin.py:188} INFO - [2024-03-14T16:43:05.260+0000] {dag.py:3047} INFO - Sync 1 DAGs
[2024-03-14T16:43:05.273+0000] {logging_mixin.py:188} INFO - [2024-03-14T16:43:05.273+0000] {dag.py:3834} INFO - Setting next_dagrun for example_params_trigger_ui to None, run_after=None
[2024-03-14T16:43:06.092+0000] {processor.py:183} INFO - Processing /usr/local/lib/python3.8/dist-packages/airflow/example_dags/example_params_trigger_ui.py took 0.905 seconds
[2024-03-14T16:44:48.163+0000] {processor.py:161} INFO - Started process (PID=2833) to work on /usr/local/lib/python3.8/dist-packages/airflow/example_dags/example_params_trigger_ui.py
[2024-03-14T16:44:48.165+0000] {processor.py:830} INFO - Processing file /usr/local/lib/python3.8/dist-packages/airflow/example_dags/example_params_trigger_ui.py for tasks to queue
[2024-03-14T16:44:48.166+0000] {logging_mixin.py:188} INFO - [2024-03-14T16:44:48.165+0000] {dagbag.py:540} INFO - Filling up the DagBag from /usr/local/lib/python3.8/dist-packages/airflow/example_dags/example_params_trigger_ui.py
[2024-03-14T16:44:48.181+0000] {processor.py:840} INFO - DAG(s) 'example_params_trigger_ui' retrieved from /usr/local/lib/python3.8/dist-packages/airflow/example_dags/example_params_trigger_ui.py
[2024-03-14T16:44:48.233+0000] {logging_mixin.py:188} INFO - [2024-03-14T16:44:48.232+0000] {dag.py:3047} INFO - Sync 1 DAGs
[2024-03-14T16:44:48.245+0000] {logging_mixin.py:188} INFO - [2024-03-14T16:44:48.245+0000] {dag.py:3834} INFO - Setting next_dagrun for example_params_trigger_ui to None, run_after=None
[2024-03-14T16:44:48.290+0000] {processor.py:183} INFO - Processing /usr/local/lib/python3.8/dist-packages/airflow/example_dags/example_params_trigger_ui.py took 0.131 seconds
[2024-03-14T16:56:29.104+0000] {processor.py:161} INFO - Started process (PID=3267) to work on /usr/local/lib/python3.8/dist-packages/airflow/example_dags/example_params_trigger_ui.py
[2024-03-14T16:56:29.110+0000] {processor.py:830} INFO - Processing file /usr/local/lib/python3.8/dist-packages/airflow/example_dags/example_params_trigger_ui.py for tasks to queue
[2024-03-14T16:56:29.111+0000] {logging_mixin.py:188} INFO - [2024-03-14T16:56:29.110+0000] {dagbag.py:540} INFO - Filling up the DagBag from /usr/local/lib/python3.8/dist-packages/airflow/example_dags/example_params_trigger_ui.py
[2024-03-14T16:56:29.128+0000] {processor.py:840} INFO - DAG(s) 'example_params_trigger_ui' retrieved from /usr/local/lib/python3.8/dist-packages/airflow/example_dags/example_params_trigger_ui.py
[2024-03-14T16:56:29.182+0000] {logging_mixin.py:188} INFO - [2024-03-14T16:56:29.182+0000] {dag.py:3047} INFO - Sync 1 DAGs
[2024-03-14T16:56:29.195+0000] {logging_mixin.py:188} INFO - [2024-03-14T16:56:29.195+0000] {dag.py:3834} INFO - Setting next_dagrun for example_params_trigger_ui to None, run_after=None
[2024-03-14T16:56:29.470+0000] {processor.py:183} INFO - Processing /usr/local/lib/python3.8/dist-packages/airflow/example_dags/example_params_trigger_ui.py took 0.370 seconds
[2024-03-14T16:58:26.285+0000] {processor.py:161} INFO - Started process (PID=3462) to work on /usr/local/lib/python3.8/dist-packages/airflow/example_dags/example_params_trigger_ui.py
[2024-03-14T16:58:26.288+0000] {processor.py:830} INFO - Processing file /usr/local/lib/python3.8/dist-packages/airflow/example_dags/example_params_trigger_ui.py for tasks to queue
[2024-03-14T16:58:26.289+0000] {logging_mixin.py:188} INFO - [2024-03-14T16:58:26.288+0000] {dagbag.py:540} INFO - Filling up the DagBag from /usr/local/lib/python3.8/dist-packages/airflow/example_dags/example_params_trigger_ui.py
[2024-03-14T16:58:26.306+0000] {processor.py:840} INFO - DAG(s) 'example_params_trigger_ui' retrieved from /usr/local/lib/python3.8/dist-packages/airflow/example_dags/example_params_trigger_ui.py
[2024-03-14T16:58:26.357+0000] {logging_mixin.py:188} INFO - [2024-03-14T16:58:26.357+0000] {dag.py:3047} INFO - Sync 1 DAGs
[2024-03-14T16:58:26.368+0000] {logging_mixin.py:188} INFO - [2024-03-14T16:58:26.368+0000] {dag.py:3834} INFO - Setting next_dagrun for example_params_trigger_ui to None, run_after=None
[2024-03-14T16:58:26.484+0000] {processor.py:183} INFO - Processing /usr/local/lib/python3.8/dist-packages/airflow/example_dags/example_params_trigger_ui.py took 0.203 seconds
