[2024-03-14T16:22:20.008+0000] {processor.py:161} INFO - Started process (PID=514) to work on /usr/local/lib/python3.8/dist-packages/airflow/example_dags/example_skip_dag.py
[2024-03-14T16:22:20.009+0000] {processor.py:830} INFO - Processing file /usr/local/lib/python3.8/dist-packages/airflow/example_dags/example_skip_dag.py for tasks to queue
[2024-03-14T16:22:20.010+0000] {logging_mixin.py:188} INFO - [2024-03-14T16:22:20.010+0000] {dagbag.py:540} INFO - Filling up the DagBag from /usr/local/lib/python3.8/dist-packages/airflow/example_dags/example_skip_dag.py
[2024-03-14T16:22:20.018+0000] {processor.py:840} INFO - DAG(s) 'example_skip_dag' retrieved from /usr/local/lib/python3.8/dist-packages/airflow/example_dags/example_skip_dag.py
[2024-03-14T16:22:20.045+0000] {logging_mixin.py:188} INFO - [2024-03-14T16:22:20.045+0000] {dag.py:3047} INFO - Sync 1 DAGs
[2024-03-14T16:22:20.066+0000] {logging_mixin.py:188} INFO - [2024-03-14T16:22:20.066+0000] {dag.py:3834} INFO - Setting next_dagrun for example_skip_dag to 2024-03-13 00:00:00+00:00, run_after=2024-03-14 00:00:00+00:00
[2024-03-14T16:22:20.096+0000] {processor.py:183} INFO - Processing /usr/local/lib/python3.8/dist-packages/airflow/example_dags/example_skip_dag.py took 0.091 seconds
[2024-03-14T16:23:44.711+0000] {processor.py:161} INFO - Started process (PID=660) to work on /usr/local/lib/python3.8/dist-packages/airflow/example_dags/example_skip_dag.py
[2024-03-14T16:23:44.714+0000] {processor.py:830} INFO - Processing file /usr/local/lib/python3.8/dist-packages/airflow/example_dags/example_skip_dag.py for tasks to queue
[2024-03-14T16:23:44.715+0000] {logging_mixin.py:188} INFO - [2024-03-14T16:23:44.714+0000] {dagbag.py:540} INFO - Filling up the DagBag from /usr/local/lib/python3.8/dist-packages/airflow/example_dags/example_skip_dag.py
[2024-03-14T16:23:44.722+0000] {processor.py:840} INFO - DAG(s) 'example_skip_dag' retrieved from /usr/local/lib/python3.8/dist-packages/airflow/example_dags/example_skip_dag.py
[2024-03-14T16:23:44.737+0000] {logging_mixin.py:188} INFO - [2024-03-14T16:23:44.737+0000] {dag.py:3047} INFO - Sync 1 DAGs
[2024-03-14T16:23:44.755+0000] {logging_mixin.py:188} INFO - [2024-03-14T16:23:44.755+0000] {dag.py:3834} INFO - Setting next_dagrun for example_skip_dag to 2024-03-13 00:00:00+00:00, run_after=2024-03-14 00:00:00+00:00
[2024-03-14T16:23:44.832+0000] {processor.py:183} INFO - Processing /usr/local/lib/python3.8/dist-packages/airflow/example_dags/example_skip_dag.py took 0.124 seconds
[2024-03-14T16:24:26.488+0000] {processor.py:161} INFO - Started process (PID=703) to work on /usr/local/lib/python3.8/dist-packages/airflow/example_dags/example_skip_dag.py
[2024-03-14T16:24:26.488+0000] {processor.py:830} INFO - Processing file /usr/local/lib/python3.8/dist-packages/airflow/example_dags/example_skip_dag.py for tasks to queue
[2024-03-14T16:24:26.489+0000] {logging_mixin.py:188} INFO - [2024-03-14T16:24:26.489+0000] {dagbag.py:540} INFO - Filling up the DagBag from /usr/local/lib/python3.8/dist-packages/airflow/example_dags/example_skip_dag.py
[2024-03-14T16:24:26.497+0000] {processor.py:840} INFO - DAG(s) 'example_skip_dag' retrieved from /usr/local/lib/python3.8/dist-packages/airflow/example_dags/example_skip_dag.py
[2024-03-14T16:24:26.513+0000] {logging_mixin.py:188} INFO - [2024-03-14T16:24:26.513+0000] {dag.py:3047} INFO - Sync 1 DAGs
[2024-03-14T16:24:26.530+0000] {logging_mixin.py:188} INFO - [2024-03-14T16:24:26.530+0000] {dag.py:3834} INFO - Setting next_dagrun for example_skip_dag to 2024-03-13 00:00:00+00:00, run_after=2024-03-14 00:00:00+00:00
[2024-03-14T16:24:26.593+0000] {processor.py:183} INFO - Processing /usr/local/lib/python3.8/dist-packages/airflow/example_dags/example_skip_dag.py took 0.109 seconds
[2024-03-14T16:25:26.934+0000] {processor.py:161} INFO - Started process (PID=802) to work on /usr/local/lib/python3.8/dist-packages/airflow/example_dags/example_skip_dag.py
[2024-03-14T16:25:26.936+0000] {processor.py:830} INFO - Processing file /usr/local/lib/python3.8/dist-packages/airflow/example_dags/example_skip_dag.py for tasks to queue
[2024-03-14T16:25:26.937+0000] {logging_mixin.py:188} INFO - [2024-03-14T16:25:26.937+0000] {dagbag.py:540} INFO - Filling up the DagBag from /usr/local/lib/python3.8/dist-packages/airflow/example_dags/example_skip_dag.py
[2024-03-14T16:25:26.944+0000] {processor.py:840} INFO - DAG(s) 'example_skip_dag' retrieved from /usr/local/lib/python3.8/dist-packages/airflow/example_dags/example_skip_dag.py
[2024-03-14T16:25:26.960+0000] {logging_mixin.py:188} INFO - [2024-03-14T16:25:26.960+0000] {dag.py:3047} INFO - Sync 1 DAGs
[2024-03-14T16:25:26.977+0000] {logging_mixin.py:188} INFO - [2024-03-14T16:25:26.977+0000] {dag.py:3834} INFO - Setting next_dagrun for example_skip_dag to 2024-03-13 00:00:00+00:00, run_after=2024-03-14 00:00:00+00:00
[2024-03-14T16:25:27.072+0000] {processor.py:183} INFO - Processing /usr/local/lib/python3.8/dist-packages/airflow/example_dags/example_skip_dag.py took 0.141 seconds
[2024-03-14T16:26:30.719+0000] {processor.py:161} INFO - Started process (PID=902) to work on /usr/local/lib/python3.8/dist-packages/airflow/example_dags/example_skip_dag.py
[2024-03-14T16:26:30.721+0000] {processor.py:830} INFO - Processing file /usr/local/lib/python3.8/dist-packages/airflow/example_dags/example_skip_dag.py for tasks to queue
[2024-03-14T16:26:30.722+0000] {logging_mixin.py:188} INFO - [2024-03-14T16:26:30.722+0000] {dagbag.py:540} INFO - Filling up the DagBag from /usr/local/lib/python3.8/dist-packages/airflow/example_dags/example_skip_dag.py
[2024-03-14T16:26:30.730+0000] {processor.py:840} INFO - DAG(s) 'example_skip_dag' retrieved from /usr/local/lib/python3.8/dist-packages/airflow/example_dags/example_skip_dag.py
[2024-03-14T16:26:30.748+0000] {logging_mixin.py:188} INFO - [2024-03-14T16:26:30.748+0000] {dag.py:3047} INFO - Sync 1 DAGs
[2024-03-14T16:26:30.770+0000] {logging_mixin.py:188} INFO - [2024-03-14T16:26:30.769+0000] {dag.py:3834} INFO - Setting next_dagrun for example_skip_dag to 2024-03-13 00:00:00+00:00, run_after=2024-03-14 00:00:00+00:00
[2024-03-14T16:26:30.797+0000] {processor.py:183} INFO - Processing /usr/local/lib/python3.8/dist-packages/airflow/example_dags/example_skip_dag.py took 0.082 seconds
[2024-03-14T16:27:38.714+0000] {processor.py:161} INFO - Started process (PID=1031) to work on /usr/local/lib/python3.8/dist-packages/airflow/example_dags/example_skip_dag.py
[2024-03-14T16:27:38.716+0000] {processor.py:830} INFO - Processing file /usr/local/lib/python3.8/dist-packages/airflow/example_dags/example_skip_dag.py for tasks to queue
[2024-03-14T16:27:38.717+0000] {logging_mixin.py:188} INFO - [2024-03-14T16:27:38.717+0000] {dagbag.py:540} INFO - Filling up the DagBag from /usr/local/lib/python3.8/dist-packages/airflow/example_dags/example_skip_dag.py
[2024-03-14T16:27:38.725+0000] {processor.py:840} INFO - DAG(s) 'example_skip_dag' retrieved from /usr/local/lib/python3.8/dist-packages/airflow/example_dags/example_skip_dag.py
[2024-03-14T16:27:38.743+0000] {logging_mixin.py:188} INFO - [2024-03-14T16:27:38.743+0000] {dag.py:3047} INFO - Sync 1 DAGs
[2024-03-14T16:27:38.765+0000] {logging_mixin.py:188} INFO - [2024-03-14T16:27:38.764+0000] {dag.py:3834} INFO - Setting next_dagrun for example_skip_dag to 2024-03-13 00:00:00+00:00, run_after=2024-03-14 00:00:00+00:00
[2024-03-14T16:27:38.813+0000] {processor.py:183} INFO - Processing /usr/local/lib/python3.8/dist-packages/airflow/example_dags/example_skip_dag.py took 0.102 seconds
[2024-03-14T16:28:49.903+0000] {processor.py:161} INFO - Started process (PID=1136) to work on /usr/local/lib/python3.8/dist-packages/airflow/example_dags/example_skip_dag.py
[2024-03-14T16:28:49.906+0000] {processor.py:830} INFO - Processing file /usr/local/lib/python3.8/dist-packages/airflow/example_dags/example_skip_dag.py for tasks to queue
[2024-03-14T16:28:49.907+0000] {logging_mixin.py:188} INFO - [2024-03-14T16:28:49.906+0000] {dagbag.py:540} INFO - Filling up the DagBag from /usr/local/lib/python3.8/dist-packages/airflow/example_dags/example_skip_dag.py
[2024-03-14T16:28:49.915+0000] {processor.py:840} INFO - DAG(s) 'example_skip_dag' retrieved from /usr/local/lib/python3.8/dist-packages/airflow/example_dags/example_skip_dag.py
[2024-03-14T16:28:49.933+0000] {logging_mixin.py:188} INFO - [2024-03-14T16:28:49.932+0000] {dag.py:3047} INFO - Sync 1 DAGs
[2024-03-14T16:28:49.954+0000] {logging_mixin.py:188} INFO - [2024-03-14T16:28:49.954+0000] {dag.py:3834} INFO - Setting next_dagrun for example_skip_dag to 2024-03-13 00:00:00+00:00, run_after=2024-03-14 00:00:00+00:00
[2024-03-14T16:28:49.983+0000] {processor.py:183} INFO - Processing /usr/local/lib/python3.8/dist-packages/airflow/example_dags/example_skip_dag.py took 0.083 seconds
[2024-03-14T16:29:27.993+0000] {processor.py:161} INFO - Started process (PID=1214) to work on /usr/local/lib/python3.8/dist-packages/airflow/example_dags/example_skip_dag.py
[2024-03-14T16:29:27.997+0000] {processor.py:830} INFO - Processing file /usr/local/lib/python3.8/dist-packages/airflow/example_dags/example_skip_dag.py for tasks to queue
[2024-03-14T16:29:27.998+0000] {logging_mixin.py:188} INFO - [2024-03-14T16:29:27.997+0000] {dagbag.py:540} INFO - Filling up the DagBag from /usr/local/lib/python3.8/dist-packages/airflow/example_dags/example_skip_dag.py
[2024-03-14T16:29:28.006+0000] {processor.py:840} INFO - DAG(s) 'example_skip_dag' retrieved from /usr/local/lib/python3.8/dist-packages/airflow/example_dags/example_skip_dag.py
[2024-03-14T16:29:29.005+0000] {logging_mixin.py:188} INFO - [2024-03-14T16:29:29.004+0000] {dag.py:3047} INFO - Sync 1 DAGs
[2024-03-14T16:29:29.422+0000] {logging_mixin.py:188} INFO - [2024-03-14T16:29:29.421+0000] {dag.py:3834} INFO - Setting next_dagrun for example_skip_dag to 2024-03-13 00:00:00+00:00, run_after=2024-03-14 00:00:00+00:00
[2024-03-14T16:29:29.666+0000] {processor.py:183} INFO - Processing /usr/local/lib/python3.8/dist-packages/airflow/example_dags/example_skip_dag.py took 1.675 seconds
[2024-03-14T16:30:31.851+0000] {processor.py:161} INFO - Started process (PID=1320) to work on /usr/local/lib/python3.8/dist-packages/airflow/example_dags/example_skip_dag.py
[2024-03-14T16:30:31.853+0000] {processor.py:830} INFO - Processing file /usr/local/lib/python3.8/dist-packages/airflow/example_dags/example_skip_dag.py for tasks to queue
[2024-03-14T16:30:31.853+0000] {logging_mixin.py:188} INFO - [2024-03-14T16:30:31.853+0000] {dagbag.py:540} INFO - Filling up the DagBag from /usr/local/lib/python3.8/dist-packages/airflow/example_dags/example_skip_dag.py
[2024-03-14T16:30:31.861+0000] {processor.py:840} INFO - DAG(s) 'example_skip_dag' retrieved from /usr/local/lib/python3.8/dist-packages/airflow/example_dags/example_skip_dag.py
[2024-03-14T16:30:31.877+0000] {logging_mixin.py:188} INFO - [2024-03-14T16:30:31.876+0000] {dag.py:3047} INFO - Sync 1 DAGs
[2024-03-14T16:30:31.893+0000] {logging_mixin.py:188} INFO - [2024-03-14T16:30:31.893+0000] {dag.py:3834} INFO - Setting next_dagrun for example_skip_dag to 2024-03-13 00:00:00+00:00, run_after=2024-03-14 00:00:00+00:00
[2024-03-14T16:30:31.985+0000] {processor.py:183} INFO - Processing /usr/local/lib/python3.8/dist-packages/airflow/example_dags/example_skip_dag.py took 0.137 seconds
[2024-03-14T16:31:20.354+0000] {processor.py:161} INFO - Started process (PID=1409) to work on /usr/local/lib/python3.8/dist-packages/airflow/example_dags/example_skip_dag.py
[2024-03-14T16:31:20.356+0000] {processor.py:830} INFO - Processing file /usr/local/lib/python3.8/dist-packages/airflow/example_dags/example_skip_dag.py for tasks to queue
[2024-03-14T16:31:20.357+0000] {logging_mixin.py:188} INFO - [2024-03-14T16:31:20.356+0000] {dagbag.py:540} INFO - Filling up the DagBag from /usr/local/lib/python3.8/dist-packages/airflow/example_dags/example_skip_dag.py
[2024-03-14T16:31:20.365+0000] {processor.py:840} INFO - DAG(s) 'example_skip_dag' retrieved from /usr/local/lib/python3.8/dist-packages/airflow/example_dags/example_skip_dag.py
[2024-03-14T16:31:20.383+0000] {logging_mixin.py:188} INFO - [2024-03-14T16:31:20.382+0000] {dag.py:3047} INFO - Sync 1 DAGs
[2024-03-14T16:31:20.404+0000] {logging_mixin.py:188} INFO - [2024-03-14T16:31:20.404+0000] {dag.py:3834} INFO - Setting next_dagrun for example_skip_dag to 2024-03-13 00:00:00+00:00, run_after=2024-03-14 00:00:00+00:00
[2024-03-14T16:31:20.495+0000] {processor.py:183} INFO - Processing /usr/local/lib/python3.8/dist-packages/airflow/example_dags/example_skip_dag.py took 0.145 seconds
[2024-03-14T16:32:26.623+0000] {processor.py:161} INFO - Started process (PID=1522) to work on /usr/local/lib/python3.8/dist-packages/airflow/example_dags/example_skip_dag.py
[2024-03-14T16:32:26.625+0000] {processor.py:830} INFO - Processing file /usr/local/lib/python3.8/dist-packages/airflow/example_dags/example_skip_dag.py for tasks to queue
[2024-03-14T16:32:26.626+0000] {logging_mixin.py:188} INFO - [2024-03-14T16:32:26.625+0000] {dagbag.py:540} INFO - Filling up the DagBag from /usr/local/lib/python3.8/dist-packages/airflow/example_dags/example_skip_dag.py
[2024-03-14T16:32:26.634+0000] {processor.py:840} INFO - DAG(s) 'example_skip_dag' retrieved from /usr/local/lib/python3.8/dist-packages/airflow/example_dags/example_skip_dag.py
[2024-03-14T16:32:26.651+0000] {logging_mixin.py:188} INFO - [2024-03-14T16:32:26.651+0000] {dag.py:3047} INFO - Sync 1 DAGs
[2024-03-14T16:32:26.673+0000] {logging_mixin.py:188} INFO - [2024-03-14T16:32:26.673+0000] {dag.py:3834} INFO - Setting next_dagrun for example_skip_dag to 2024-03-13 00:00:00+00:00, run_after=2024-03-14 00:00:00+00:00
[2024-03-14T16:32:26.773+0000] {processor.py:183} INFO - Processing /usr/local/lib/python3.8/dist-packages/airflow/example_dags/example_skip_dag.py took 0.154 seconds
[2024-03-14T16:33:54.526+0000] {processor.py:161} INFO - Started process (PID=1766) to work on /usr/local/lib/python3.8/dist-packages/airflow/example_dags/example_skip_dag.py
[2024-03-14T16:33:54.528+0000] {processor.py:830} INFO - Processing file /usr/local/lib/python3.8/dist-packages/airflow/example_dags/example_skip_dag.py for tasks to queue
[2024-03-14T16:33:54.529+0000] {logging_mixin.py:188} INFO - [2024-03-14T16:33:54.529+0000] {dagbag.py:540} INFO - Filling up the DagBag from /usr/local/lib/python3.8/dist-packages/airflow/example_dags/example_skip_dag.py
[2024-03-14T16:33:54.537+0000] {processor.py:840} INFO - DAG(s) 'example_skip_dag' retrieved from /usr/local/lib/python3.8/dist-packages/airflow/example_dags/example_skip_dag.py
[2024-03-14T16:33:54.555+0000] {logging_mixin.py:188} INFO - [2024-03-14T16:33:54.555+0000] {dag.py:3047} INFO - Sync 1 DAGs
[2024-03-14T16:33:54.577+0000] {logging_mixin.py:188} INFO - [2024-03-14T16:33:54.577+0000] {dag.py:3834} INFO - Setting next_dagrun for example_skip_dag to 2024-03-13 00:00:00+00:00, run_after=2024-03-14 00:00:00+00:00
[2024-03-14T16:33:54.710+0000] {processor.py:183} INFO - Processing /usr/local/lib/python3.8/dist-packages/airflow/example_dags/example_skip_dag.py took 0.187 seconds
[2024-03-14T16:34:40.691+0000] {processor.py:161} INFO - Started process (PID=1821) to work on /usr/local/lib/python3.8/dist-packages/airflow/example_dags/example_skip_dag.py
[2024-03-14T16:34:40.693+0000] {processor.py:830} INFO - Processing file /usr/local/lib/python3.8/dist-packages/airflow/example_dags/example_skip_dag.py for tasks to queue
[2024-03-14T16:34:40.694+0000] {logging_mixin.py:188} INFO - [2024-03-14T16:34:40.694+0000] {dagbag.py:540} INFO - Filling up the DagBag from /usr/local/lib/python3.8/dist-packages/airflow/example_dags/example_skip_dag.py
[2024-03-14T16:34:40.702+0000] {processor.py:840} INFO - DAG(s) 'example_skip_dag' retrieved from /usr/local/lib/python3.8/dist-packages/airflow/example_dags/example_skip_dag.py
[2024-03-14T16:34:40.718+0000] {logging_mixin.py:188} INFO - [2024-03-14T16:34:40.718+0000] {dag.py:3047} INFO - Sync 1 DAGs
[2024-03-14T16:34:40.736+0000] {logging_mixin.py:188} INFO - [2024-03-14T16:34:40.736+0000] {dag.py:3834} INFO - Setting next_dagrun for example_skip_dag to 2024-03-13 00:00:00+00:00, run_after=2024-03-14 00:00:00+00:00
[2024-03-14T16:34:40.903+0000] {processor.py:183} INFO - Processing /usr/local/lib/python3.8/dist-packages/airflow/example_dags/example_skip_dag.py took 0.215 seconds
[2024-03-14T16:35:21.743+0000] {processor.py:161} INFO - Started process (PID=1902) to work on /usr/local/lib/python3.8/dist-packages/airflow/example_dags/example_skip_dag.py
[2024-03-14T16:35:21.745+0000] {processor.py:830} INFO - Processing file /usr/local/lib/python3.8/dist-packages/airflow/example_dags/example_skip_dag.py for tasks to queue
[2024-03-14T16:35:21.746+0000] {logging_mixin.py:188} INFO - [2024-03-14T16:35:21.746+0000] {dagbag.py:540} INFO - Filling up the DagBag from /usr/local/lib/python3.8/dist-packages/airflow/example_dags/example_skip_dag.py
[2024-03-14T16:35:21.754+0000] {processor.py:840} INFO - DAG(s) 'example_skip_dag' retrieved from /usr/local/lib/python3.8/dist-packages/airflow/example_dags/example_skip_dag.py
[2024-03-14T16:35:21.769+0000] {logging_mixin.py:188} INFO - [2024-03-14T16:35:21.769+0000] {dag.py:3047} INFO - Sync 1 DAGs
[2024-03-14T16:35:21.786+0000] {logging_mixin.py:188} INFO - [2024-03-14T16:35:21.786+0000] {dag.py:3834} INFO - Setting next_dagrun for example_skip_dag to 2024-03-13 00:00:00+00:00, run_after=2024-03-14 00:00:00+00:00
[2024-03-14T16:35:21.811+0000] {processor.py:183} INFO - Processing /usr/local/lib/python3.8/dist-packages/airflow/example_dags/example_skip_dag.py took 0.071 seconds
[2024-03-14T16:36:56.558+0000] {processor.py:161} INFO - Started process (PID=2078) to work on /usr/local/lib/python3.8/dist-packages/airflow/example_dags/example_skip_dag.py
[2024-03-14T16:36:56.560+0000] {processor.py:830} INFO - Processing file /usr/local/lib/python3.8/dist-packages/airflow/example_dags/example_skip_dag.py for tasks to queue
[2024-03-14T16:36:56.561+0000] {logging_mixin.py:188} INFO - [2024-03-14T16:36:56.561+0000] {dagbag.py:540} INFO - Filling up the DagBag from /usr/local/lib/python3.8/dist-packages/airflow/example_dags/example_skip_dag.py
[2024-03-14T16:36:56.569+0000] {processor.py:840} INFO - DAG(s) 'example_skip_dag' retrieved from /usr/local/lib/python3.8/dist-packages/airflow/example_dags/example_skip_dag.py
[2024-03-14T16:36:56.586+0000] {logging_mixin.py:188} INFO - [2024-03-14T16:36:56.586+0000] {dag.py:3047} INFO - Sync 1 DAGs
[2024-03-14T16:36:56.608+0000] {logging_mixin.py:188} INFO - [2024-03-14T16:36:56.608+0000] {dag.py:3834} INFO - Setting next_dagrun for example_skip_dag to 2024-03-13 00:00:00+00:00, run_after=2024-03-14 00:00:00+00:00
[2024-03-14T16:36:56.637+0000] {processor.py:183} INFO - Processing /usr/local/lib/python3.8/dist-packages/airflow/example_dags/example_skip_dag.py took 0.082 seconds
[2024-03-14T16:38:29.166+0000] {processor.py:161} INFO - Started process (PID=2256) to work on /usr/local/lib/python3.8/dist-packages/airflow/example_dags/example_skip_dag.py
[2024-03-14T16:38:29.169+0000] {processor.py:830} INFO - Processing file /usr/local/lib/python3.8/dist-packages/airflow/example_dags/example_skip_dag.py for tasks to queue
[2024-03-14T16:38:29.170+0000] {logging_mixin.py:188} INFO - [2024-03-14T16:38:29.170+0000] {dagbag.py:540} INFO - Filling up the DagBag from /usr/local/lib/python3.8/dist-packages/airflow/example_dags/example_skip_dag.py
[2024-03-14T16:38:29.178+0000] {processor.py:840} INFO - DAG(s) 'example_skip_dag' retrieved from /usr/local/lib/python3.8/dist-packages/airflow/example_dags/example_skip_dag.py
[2024-03-14T16:38:29.196+0000] {logging_mixin.py:188} INFO - [2024-03-14T16:38:29.196+0000] {dag.py:3047} INFO - Sync 1 DAGs
[2024-03-14T16:38:29.218+0000] {logging_mixin.py:188} INFO - [2024-03-14T16:38:29.218+0000] {dag.py:3834} INFO - Setting next_dagrun for example_skip_dag to 2024-03-13 00:00:00+00:00, run_after=2024-03-14 00:00:00+00:00
[2024-03-14T16:38:29.248+0000] {processor.py:183} INFO - Processing /usr/local/lib/python3.8/dist-packages/airflow/example_dags/example_skip_dag.py took 0.085 seconds
[2024-03-14T16:39:09.875+0000] {processor.py:161} INFO - Started process (PID=2299) to work on /usr/local/lib/python3.8/dist-packages/airflow/example_dags/example_skip_dag.py
[2024-03-14T16:39:09.877+0000] {processor.py:830} INFO - Processing file /usr/local/lib/python3.8/dist-packages/airflow/example_dags/example_skip_dag.py for tasks to queue
[2024-03-14T16:39:09.878+0000] {logging_mixin.py:188} INFO - [2024-03-14T16:39:09.877+0000] {dagbag.py:540} INFO - Filling up the DagBag from /usr/local/lib/python3.8/dist-packages/airflow/example_dags/example_skip_dag.py
[2024-03-14T16:39:09.886+0000] {processor.py:840} INFO - DAG(s) 'example_skip_dag' retrieved from /usr/local/lib/python3.8/dist-packages/airflow/example_dags/example_skip_dag.py
[2024-03-14T16:39:09.903+0000] {logging_mixin.py:188} INFO - [2024-03-14T16:39:09.903+0000] {dag.py:3047} INFO - Sync 1 DAGs
[2024-03-14T16:39:09.925+0000] {logging_mixin.py:188} INFO - [2024-03-14T16:39:09.925+0000] {dag.py:3834} INFO - Setting next_dagrun for example_skip_dag to 2024-03-13 00:00:00+00:00, run_after=2024-03-14 00:00:00+00:00
[2024-03-14T16:39:10.037+0000] {processor.py:183} INFO - Processing /usr/local/lib/python3.8/dist-packages/airflow/example_dags/example_skip_dag.py took 0.165 seconds
[2024-03-14T16:40:19.538+0000] {processor.py:161} INFO - Started process (PID=2413) to work on /usr/local/lib/python3.8/dist-packages/airflow/example_dags/example_skip_dag.py
[2024-03-14T16:40:19.540+0000] {processor.py:830} INFO - Processing file /usr/local/lib/python3.8/dist-packages/airflow/example_dags/example_skip_dag.py for tasks to queue
[2024-03-14T16:40:19.541+0000] {logging_mixin.py:188} INFO - [2024-03-14T16:40:19.541+0000] {dagbag.py:540} INFO - Filling up the DagBag from /usr/local/lib/python3.8/dist-packages/airflow/example_dags/example_skip_dag.py
[2024-03-14T16:40:19.549+0000] {processor.py:840} INFO - DAG(s) 'example_skip_dag' retrieved from /usr/local/lib/python3.8/dist-packages/airflow/example_dags/example_skip_dag.py
[2024-03-14T16:40:19.567+0000] {logging_mixin.py:188} INFO - [2024-03-14T16:40:19.567+0000] {dag.py:3047} INFO - Sync 1 DAGs
[2024-03-14T16:40:19.589+0000] {logging_mixin.py:188} INFO - [2024-03-14T16:40:19.588+0000] {dag.py:3834} INFO - Setting next_dagrun for example_skip_dag to 2024-03-13 00:00:00+00:00, run_after=2024-03-14 00:00:00+00:00
[2024-03-14T16:40:19.698+0000] {processor.py:183} INFO - Processing /usr/local/lib/python3.8/dist-packages/airflow/example_dags/example_skip_dag.py took 0.164 seconds
[2024-03-14T16:41:29.583+0000] {processor.py:161} INFO - Started process (PID=2521) to work on /usr/local/lib/python3.8/dist-packages/airflow/example_dags/example_skip_dag.py
[2024-03-14T16:41:29.585+0000] {processor.py:830} INFO - Processing file /usr/local/lib/python3.8/dist-packages/airflow/example_dags/example_skip_dag.py for tasks to queue
[2024-03-14T16:41:29.586+0000] {logging_mixin.py:188} INFO - [2024-03-14T16:41:29.586+0000] {dagbag.py:540} INFO - Filling up the DagBag from /usr/local/lib/python3.8/dist-packages/airflow/example_dags/example_skip_dag.py
[2024-03-14T16:41:29.594+0000] {processor.py:840} INFO - DAG(s) 'example_skip_dag' retrieved from /usr/local/lib/python3.8/dist-packages/airflow/example_dags/example_skip_dag.py
[2024-03-14T16:41:29.612+0000] {logging_mixin.py:188} INFO - [2024-03-14T16:41:29.612+0000] {dag.py:3047} INFO - Sync 1 DAGs
[2024-03-14T16:41:29.634+0000] {logging_mixin.py:188} INFO - [2024-03-14T16:41:29.634+0000] {dag.py:3834} INFO - Setting next_dagrun for example_skip_dag to 2024-03-13 00:00:00+00:00, run_after=2024-03-14 00:00:00+00:00
[2024-03-14T16:41:29.720+0000] {processor.py:183} INFO - Processing /usr/local/lib/python3.8/dist-packages/airflow/example_dags/example_skip_dag.py took 0.140 seconds
[2024-03-14T16:42:47.854+0000] {processor.py:161} INFO - Started process (PID=2637) to work on /usr/local/lib/python3.8/dist-packages/airflow/example_dags/example_skip_dag.py
[2024-03-14T16:42:47.856+0000] {processor.py:830} INFO - Processing file /usr/local/lib/python3.8/dist-packages/airflow/example_dags/example_skip_dag.py for tasks to queue
[2024-03-14T16:42:47.857+0000] {logging_mixin.py:188} INFO - [2024-03-14T16:42:47.857+0000] {dagbag.py:540} INFO - Filling up the DagBag from /usr/local/lib/python3.8/dist-packages/airflow/example_dags/example_skip_dag.py
[2024-03-14T16:42:47.865+0000] {processor.py:840} INFO - DAG(s) 'example_skip_dag' retrieved from /usr/local/lib/python3.8/dist-packages/airflow/example_dags/example_skip_dag.py
[2024-03-14T16:42:47.883+0000] {logging_mixin.py:188} INFO - [2024-03-14T16:42:47.883+0000] {dag.py:3047} INFO - Sync 1 DAGs
[2024-03-14T16:42:47.905+0000] {logging_mixin.py:188} INFO - [2024-03-14T16:42:47.905+0000] {dag.py:3834} INFO - Setting next_dagrun for example_skip_dag to 2024-03-13 00:00:00+00:00, run_after=2024-03-14 00:00:00+00:00
[2024-03-14T16:42:47.936+0000] {processor.py:183} INFO - Processing /usr/local/lib/python3.8/dist-packages/airflow/example_dags/example_skip_dag.py took 0.085 seconds
[2024-03-14T16:43:28.455+0000] {processor.py:161} INFO - Started process (PID=2717) to work on /usr/local/lib/python3.8/dist-packages/airflow/example_dags/example_skip_dag.py
[2024-03-14T16:43:28.457+0000] {processor.py:830} INFO - Processing file /usr/local/lib/python3.8/dist-packages/airflow/example_dags/example_skip_dag.py for tasks to queue
[2024-03-14T16:43:28.458+0000] {logging_mixin.py:188} INFO - [2024-03-14T16:43:28.458+0000] {dagbag.py:540} INFO - Filling up the DagBag from /usr/local/lib/python3.8/dist-packages/airflow/example_dags/example_skip_dag.py
[2024-03-14T16:43:28.467+0000] {processor.py:840} INFO - DAG(s) 'example_skip_dag' retrieved from /usr/local/lib/python3.8/dist-packages/airflow/example_dags/example_skip_dag.py
[2024-03-14T16:43:28.484+0000] {logging_mixin.py:188} INFO - [2024-03-14T16:43:28.484+0000] {dag.py:3047} INFO - Sync 1 DAGs
[2024-03-14T16:43:28.505+0000] {logging_mixin.py:188} INFO - [2024-03-14T16:43:28.505+0000] {dag.py:3834} INFO - Setting next_dagrun for example_skip_dag to 2024-03-13 00:00:00+00:00, run_after=2024-03-14 00:00:00+00:00
[2024-03-14T16:43:28.613+0000] {processor.py:183} INFO - Processing /usr/local/lib/python3.8/dist-packages/airflow/example_dags/example_skip_dag.py took 0.162 seconds
[2024-03-14T16:44:30.343+0000] {processor.py:161} INFO - Started process (PID=2817) to work on /usr/local/lib/python3.8/dist-packages/airflow/example_dags/example_skip_dag.py
[2024-03-14T16:44:30.345+0000] {processor.py:830} INFO - Processing file /usr/local/lib/python3.8/dist-packages/airflow/example_dags/example_skip_dag.py for tasks to queue
[2024-03-14T16:44:30.346+0000] {logging_mixin.py:188} INFO - [2024-03-14T16:44:30.346+0000] {dagbag.py:540} INFO - Filling up the DagBag from /usr/local/lib/python3.8/dist-packages/airflow/example_dags/example_skip_dag.py
[2024-03-14T16:44:30.354+0000] {processor.py:840} INFO - DAG(s) 'example_skip_dag' retrieved from /usr/local/lib/python3.8/dist-packages/airflow/example_dags/example_skip_dag.py
[2024-03-14T16:44:30.372+0000] {logging_mixin.py:188} INFO - [2024-03-14T16:44:30.372+0000] {dag.py:3047} INFO - Sync 1 DAGs
[2024-03-14T16:44:30.394+0000] {logging_mixin.py:188} INFO - [2024-03-14T16:44:30.394+0000] {dag.py:3834} INFO - Setting next_dagrun for example_skip_dag to 2024-03-13 00:00:00+00:00, run_after=2024-03-14 00:00:00+00:00
[2024-03-14T16:44:30.527+0000] {processor.py:183} INFO - Processing /usr/local/lib/python3.8/dist-packages/airflow/example_dags/example_skip_dag.py took 0.188 seconds
[2024-03-14T16:45:46.530+0000] {processor.py:161} INFO - Started process (PID=2935) to work on /usr/local/lib/python3.8/dist-packages/airflow/example_dags/example_skip_dag.py
[2024-03-14T16:45:46.532+0000] {processor.py:830} INFO - Processing file /usr/local/lib/python3.8/dist-packages/airflow/example_dags/example_skip_dag.py for tasks to queue
[2024-03-14T16:45:46.533+0000] {logging_mixin.py:188} INFO - [2024-03-14T16:45:46.533+0000] {dagbag.py:540} INFO - Filling up the DagBag from /usr/local/lib/python3.8/dist-packages/airflow/example_dags/example_skip_dag.py
[2024-03-14T16:45:46.541+0000] {processor.py:840} INFO - DAG(s) 'example_skip_dag' retrieved from /usr/local/lib/python3.8/dist-packages/airflow/example_dags/example_skip_dag.py
[2024-03-14T16:45:46.559+0000] {logging_mixin.py:188} INFO - [2024-03-14T16:45:46.559+0000] {dag.py:3047} INFO - Sync 1 DAGs
[2024-03-14T16:45:46.581+0000] {logging_mixin.py:188} INFO - [2024-03-14T16:45:46.581+0000] {dag.py:3834} INFO - Setting next_dagrun for example_skip_dag to 2024-03-13 00:00:00+00:00, run_after=2024-03-14 00:00:00+00:00
[2024-03-14T16:45:46.609+0000] {processor.py:183} INFO - Processing /usr/local/lib/python3.8/dist-packages/airflow/example_dags/example_skip_dag.py took 0.082 seconds
[2024-03-14T16:55:40.043+0000] {processor.py:161} INFO - Started process (PID=3114) to work on /usr/local/lib/python3.8/dist-packages/airflow/example_dags/example_skip_dag.py
[2024-03-14T16:55:40.045+0000] {processor.py:830} INFO - Processing file /usr/local/lib/python3.8/dist-packages/airflow/example_dags/example_skip_dag.py for tasks to queue
[2024-03-14T16:55:40.046+0000] {logging_mixin.py:188} INFO - [2024-03-14T16:55:40.046+0000] {dagbag.py:540} INFO - Filling up the DagBag from /usr/local/lib/python3.8/dist-packages/airflow/example_dags/example_skip_dag.py
[2024-03-14T16:55:40.055+0000] {processor.py:840} INFO - DAG(s) 'example_skip_dag' retrieved from /usr/local/lib/python3.8/dist-packages/airflow/example_dags/example_skip_dag.py
[2024-03-14T16:55:40.084+0000] {logging_mixin.py:188} INFO - [2024-03-14T16:55:40.084+0000] {dag.py:3047} INFO - Sync 1 DAGs
[2024-03-14T16:55:40.101+0000] {logging_mixin.py:188} INFO - [2024-03-14T16:55:40.101+0000] {dag.py:3834} INFO - Setting next_dagrun for example_skip_dag to 2024-03-13 00:00:00+00:00, run_after=2024-03-14 00:00:00+00:00
[2024-03-14T16:55:40.131+0000] {processor.py:183} INFO - Processing /usr/local/lib/python3.8/dist-packages/airflow/example_dags/example_skip_dag.py took 0.092 seconds
[2024-03-14T16:56:50.452+0000] {processor.py:161} INFO - Started process (PID=3331) to work on /usr/local/lib/python3.8/dist-packages/airflow/example_dags/example_skip_dag.py
[2024-03-14T16:56:50.455+0000] {processor.py:830} INFO - Processing file /usr/local/lib/python3.8/dist-packages/airflow/example_dags/example_skip_dag.py for tasks to queue
[2024-03-14T16:56:50.456+0000] {logging_mixin.py:188} INFO - [2024-03-14T16:56:50.455+0000] {dagbag.py:540} INFO - Filling up the DagBag from /usr/local/lib/python3.8/dist-packages/airflow/example_dags/example_skip_dag.py
[2024-03-14T16:56:50.465+0000] {processor.py:840} INFO - DAG(s) 'example_skip_dag' retrieved from /usr/local/lib/python3.8/dist-packages/airflow/example_dags/example_skip_dag.py
[2024-03-14T16:56:50.485+0000] {logging_mixin.py:188} INFO - [2024-03-14T16:56:50.485+0000] {dag.py:3047} INFO - Sync 1 DAGs
[2024-03-14T16:56:50.510+0000] {logging_mixin.py:188} INFO - [2024-03-14T16:56:50.510+0000] {dag.py:3834} INFO - Setting next_dagrun for example_skip_dag to 2024-03-13 00:00:00+00:00, run_after=2024-03-14 00:00:00+00:00
[2024-03-14T16:56:50.935+0000] {processor.py:183} INFO - Processing /usr/local/lib/python3.8/dist-packages/airflow/example_dags/example_skip_dag.py took 0.487 seconds
[2024-03-14T16:57:51.717+0000] {processor.py:161} INFO - Started process (PID=3432) to work on /usr/local/lib/python3.8/dist-packages/airflow/example_dags/example_skip_dag.py
[2024-03-14T16:57:51.719+0000] {processor.py:830} INFO - Processing file /usr/local/lib/python3.8/dist-packages/airflow/example_dags/example_skip_dag.py for tasks to queue
[2024-03-14T16:57:51.720+0000] {logging_mixin.py:188} INFO - [2024-03-14T16:57:51.720+0000] {dagbag.py:540} INFO - Filling up the DagBag from /usr/local/lib/python3.8/dist-packages/airflow/example_dags/example_skip_dag.py
[2024-03-14T16:57:51.729+0000] {processor.py:840} INFO - DAG(s) 'example_skip_dag' retrieved from /usr/local/lib/python3.8/dist-packages/airflow/example_dags/example_skip_dag.py
[2024-03-14T16:57:51.746+0000] {logging_mixin.py:188} INFO - [2024-03-14T16:57:51.746+0000] {dag.py:3047} INFO - Sync 1 DAGs
[2024-03-14T16:57:51.764+0000] {logging_mixin.py:188} INFO - [2024-03-14T16:57:51.763+0000] {dag.py:3834} INFO - Setting next_dagrun for example_skip_dag to 2024-03-13 00:00:00+00:00, run_after=2024-03-14 00:00:00+00:00
[2024-03-14T16:57:51.811+0000] {processor.py:183} INFO - Processing /usr/local/lib/python3.8/dist-packages/airflow/example_dags/example_skip_dag.py took 0.097 seconds
