[2024-03-14T16:23:02.434+0000] {processor.py:161} INFO - Started process (PID=578) to work on /usr/local/lib/python3.8/dist-packages/airflow/example_dags/example_dynamic_task_mapping_with_no_taskflow_operators.py
[2024-03-14T16:23:02.436+0000] {processor.py:830} INFO - Processing file /usr/local/lib/python3.8/dist-packages/airflow/example_dags/example_dynamic_task_mapping_with_no_taskflow_operators.py for tasks to queue
[2024-03-14T16:23:02.437+0000] {logging_mixin.py:188} INFO - [2024-03-14T16:23:02.436+0000] {dagbag.py:540} INFO - Filling up the DagBag from /usr/local/lib/python3.8/dist-packages/airflow/example_dags/example_dynamic_task_mapping_with_no_taskflow_operators.py
[2024-03-14T16:23:02.444+0000] {processor.py:840} INFO - DAG(s) 'example_dynamic_task_mapping_with_no_taskflow_operators' retrieved from /usr/local/lib/python3.8/dist-packages/airflow/example_dags/example_dynamic_task_mapping_with_no_taskflow_operators.py
[2024-03-14T16:23:02.461+0000] {logging_mixin.py:188} INFO - [2024-03-14T16:23:02.461+0000] {dag.py:3047} INFO - Sync 1 DAGs
[2024-03-14T16:23:02.583+0000] {logging_mixin.py:188} INFO - [2024-03-14T16:23:02.583+0000] {dag.py:3834} INFO - Setting next_dagrun for example_dynamic_task_mapping_with_no_taskflow_operators to 2024-03-13 00:00:00+00:00, run_after=2024-03-14 00:00:00+00:00
[2024-03-14T16:23:02.696+0000] {processor.py:183} INFO - Processing /usr/local/lib/python3.8/dist-packages/airflow/example_dags/example_dynamic_task_mapping_with_no_taskflow_operators.py took 0.265 seconds
[2024-03-14T16:24:17.275+0000] {processor.py:161} INFO - Started process (PID=688) to work on /usr/local/lib/python3.8/dist-packages/airflow/example_dags/example_dynamic_task_mapping_with_no_taskflow_operators.py
[2024-03-14T16:24:17.277+0000] {processor.py:830} INFO - Processing file /usr/local/lib/python3.8/dist-packages/airflow/example_dags/example_dynamic_task_mapping_with_no_taskflow_operators.py for tasks to queue
[2024-03-14T16:24:17.278+0000] {logging_mixin.py:188} INFO - [2024-03-14T16:24:17.277+0000] {dagbag.py:540} INFO - Filling up the DagBag from /usr/local/lib/python3.8/dist-packages/airflow/example_dags/example_dynamic_task_mapping_with_no_taskflow_operators.py
[2024-03-14T16:24:17.285+0000] {processor.py:840} INFO - DAG(s) 'example_dynamic_task_mapping_with_no_taskflow_operators' retrieved from /usr/local/lib/python3.8/dist-packages/airflow/example_dags/example_dynamic_task_mapping_with_no_taskflow_operators.py
[2024-03-14T16:24:17.299+0000] {logging_mixin.py:188} INFO - [2024-03-14T16:24:17.299+0000] {dag.py:3047} INFO - Sync 1 DAGs
[2024-03-14T16:24:17.316+0000] {logging_mixin.py:188} INFO - [2024-03-14T16:24:17.316+0000] {dag.py:3834} INFO - Setting next_dagrun for example_dynamic_task_mapping_with_no_taskflow_operators to 2024-03-13 00:00:00+00:00, run_after=2024-03-14 00:00:00+00:00
[2024-03-14T16:24:17.339+0000] {processor.py:183} INFO - Processing /usr/local/lib/python3.8/dist-packages/airflow/example_dags/example_dynamic_task_mapping_with_no_taskflow_operators.py took 0.068 seconds
[2024-03-14T16:25:19.982+0000] {processor.py:161} INFO - Started process (PID=795) to work on /usr/local/lib/python3.8/dist-packages/airflow/example_dags/example_dynamic_task_mapping_with_no_taskflow_operators.py
[2024-03-14T16:25:19.984+0000] {processor.py:830} INFO - Processing file /usr/local/lib/python3.8/dist-packages/airflow/example_dags/example_dynamic_task_mapping_with_no_taskflow_operators.py for tasks to queue
[2024-03-14T16:25:19.985+0000] {logging_mixin.py:188} INFO - [2024-03-14T16:25:19.984+0000] {dagbag.py:540} INFO - Filling up the DagBag from /usr/local/lib/python3.8/dist-packages/airflow/example_dags/example_dynamic_task_mapping_with_no_taskflow_operators.py
[2024-03-14T16:25:19.992+0000] {processor.py:840} INFO - DAG(s) 'example_dynamic_task_mapping_with_no_taskflow_operators' retrieved from /usr/local/lib/python3.8/dist-packages/airflow/example_dags/example_dynamic_task_mapping_with_no_taskflow_operators.py
[2024-03-14T16:25:20.008+0000] {logging_mixin.py:188} INFO - [2024-03-14T16:25:20.008+0000] {dag.py:3047} INFO - Sync 1 DAGs
[2024-03-14T16:25:20.030+0000] {logging_mixin.py:188} INFO - [2024-03-14T16:25:20.029+0000] {dag.py:3834} INFO - Setting next_dagrun for example_dynamic_task_mapping_with_no_taskflow_operators to 2024-03-13 00:00:00+00:00, run_after=2024-03-14 00:00:00+00:00
[2024-03-14T16:25:20.142+0000] {processor.py:183} INFO - Processing /usr/local/lib/python3.8/dist-packages/airflow/example_dags/example_dynamic_task_mapping_with_no_taskflow_operators.py took 0.163 seconds
[2024-03-14T16:26:22.714+0000] {processor.py:161} INFO - Started process (PID=889) to work on /usr/local/lib/python3.8/dist-packages/airflow/example_dags/example_dynamic_task_mapping_with_no_taskflow_operators.py
[2024-03-14T16:26:22.716+0000] {processor.py:830} INFO - Processing file /usr/local/lib/python3.8/dist-packages/airflow/example_dags/example_dynamic_task_mapping_with_no_taskflow_operators.py for tasks to queue
[2024-03-14T16:26:22.717+0000] {logging_mixin.py:188} INFO - [2024-03-14T16:26:22.717+0000] {dagbag.py:540} INFO - Filling up the DagBag from /usr/local/lib/python3.8/dist-packages/airflow/example_dags/example_dynamic_task_mapping_with_no_taskflow_operators.py
[2024-03-14T16:26:22.724+0000] {processor.py:840} INFO - DAG(s) 'example_dynamic_task_mapping_with_no_taskflow_operators' retrieved from /usr/local/lib/python3.8/dist-packages/airflow/example_dags/example_dynamic_task_mapping_with_no_taskflow_operators.py
[2024-03-14T16:26:22.738+0000] {logging_mixin.py:188} INFO - [2024-03-14T16:26:22.738+0000] {dag.py:3047} INFO - Sync 1 DAGs
[2024-03-14T16:26:22.755+0000] {logging_mixin.py:188} INFO - [2024-03-14T16:26:22.755+0000] {dag.py:3834} INFO - Setting next_dagrun for example_dynamic_task_mapping_with_no_taskflow_operators to 2024-03-13 00:00:00+00:00, run_after=2024-03-14 00:00:00+00:00
[2024-03-14T16:26:22.857+0000] {processor.py:183} INFO - Processing /usr/local/lib/python3.8/dist-packages/airflow/example_dags/example_dynamic_task_mapping_with_no_taskflow_operators.py took 0.147 seconds
[2024-03-14T16:27:32.111+0000] {processor.py:161} INFO - Started process (PID=1006) to work on /usr/local/lib/python3.8/dist-packages/airflow/example_dags/example_dynamic_task_mapping_with_no_taskflow_operators.py
[2024-03-14T16:27:32.113+0000] {processor.py:830} INFO - Processing file /usr/local/lib/python3.8/dist-packages/airflow/example_dags/example_dynamic_task_mapping_with_no_taskflow_operators.py for tasks to queue
[2024-03-14T16:27:32.114+0000] {logging_mixin.py:188} INFO - [2024-03-14T16:27:32.113+0000] {dagbag.py:540} INFO - Filling up the DagBag from /usr/local/lib/python3.8/dist-packages/airflow/example_dags/example_dynamic_task_mapping_with_no_taskflow_operators.py
[2024-03-14T16:27:32.122+0000] {processor.py:840} INFO - DAG(s) 'example_dynamic_task_mapping_with_no_taskflow_operators' retrieved from /usr/local/lib/python3.8/dist-packages/airflow/example_dags/example_dynamic_task_mapping_with_no_taskflow_operators.py
[2024-03-14T16:27:32.137+0000] {logging_mixin.py:188} INFO - [2024-03-14T16:27:32.137+0000] {dag.py:3047} INFO - Sync 1 DAGs
[2024-03-14T16:27:32.159+0000] {logging_mixin.py:188} INFO - [2024-03-14T16:27:32.159+0000] {dag.py:3834} INFO - Setting next_dagrun for example_dynamic_task_mapping_with_no_taskflow_operators to 2024-03-13 00:00:00+00:00, run_after=2024-03-14 00:00:00+00:00
[2024-03-14T16:27:32.191+0000] {processor.py:183} INFO - Processing /usr/local/lib/python3.8/dist-packages/airflow/example_dags/example_dynamic_task_mapping_with_no_taskflow_operators.py took 0.083 seconds
[2024-03-14T16:28:41.738+0000] {processor.py:161} INFO - Started process (PID=1122) to work on /usr/local/lib/python3.8/dist-packages/airflow/example_dags/example_dynamic_task_mapping_with_no_taskflow_operators.py
[2024-03-14T16:28:41.740+0000] {processor.py:830} INFO - Processing file /usr/local/lib/python3.8/dist-packages/airflow/example_dags/example_dynamic_task_mapping_with_no_taskflow_operators.py for tasks to queue
[2024-03-14T16:28:41.741+0000] {logging_mixin.py:188} INFO - [2024-03-14T16:28:41.741+0000] {dagbag.py:540} INFO - Filling up the DagBag from /usr/local/lib/python3.8/dist-packages/airflow/example_dags/example_dynamic_task_mapping_with_no_taskflow_operators.py
[2024-03-14T16:28:41.749+0000] {processor.py:840} INFO - DAG(s) 'example_dynamic_task_mapping_with_no_taskflow_operators' retrieved from /usr/local/lib/python3.8/dist-packages/airflow/example_dags/example_dynamic_task_mapping_with_no_taskflow_operators.py
[2024-03-14T16:28:41.762+0000] {logging_mixin.py:188} INFO - [2024-03-14T16:28:41.762+0000] {dag.py:3047} INFO - Sync 1 DAGs
[2024-03-14T16:28:41.780+0000] {logging_mixin.py:188} INFO - [2024-03-14T16:28:41.779+0000] {dag.py:3834} INFO - Setting next_dagrun for example_dynamic_task_mapping_with_no_taskflow_operators to 2024-03-13 00:00:00+00:00, run_after=2024-03-14 00:00:00+00:00
[2024-03-14T16:28:41.856+0000] {processor.py:183} INFO - Processing /usr/local/lib/python3.8/dist-packages/airflow/example_dags/example_dynamic_task_mapping_with_no_taskflow_operators.py took 0.121 seconds
[2024-03-14T16:30:22.594+0000] {processor.py:161} INFO - Started process (PID=1284) to work on /usr/local/lib/python3.8/dist-packages/airflow/example_dags/example_dynamic_task_mapping_with_no_taskflow_operators.py
[2024-03-14T16:30:22.596+0000] {processor.py:830} INFO - Processing file /usr/local/lib/python3.8/dist-packages/airflow/example_dags/example_dynamic_task_mapping_with_no_taskflow_operators.py for tasks to queue
[2024-03-14T16:30:22.597+0000] {logging_mixin.py:188} INFO - [2024-03-14T16:30:22.597+0000] {dagbag.py:540} INFO - Filling up the DagBag from /usr/local/lib/python3.8/dist-packages/airflow/example_dags/example_dynamic_task_mapping_with_no_taskflow_operators.py
[2024-03-14T16:30:22.604+0000] {processor.py:840} INFO - DAG(s) 'example_dynamic_task_mapping_with_no_taskflow_operators' retrieved from /usr/local/lib/python3.8/dist-packages/airflow/example_dags/example_dynamic_task_mapping_with_no_taskflow_operators.py
[2024-03-14T16:30:22.618+0000] {logging_mixin.py:188} INFO - [2024-03-14T16:30:22.618+0000] {dag.py:3047} INFO - Sync 1 DAGs
[2024-03-14T16:30:22.636+0000] {logging_mixin.py:188} INFO - [2024-03-14T16:30:22.636+0000] {dag.py:3834} INFO - Setting next_dagrun for example_dynamic_task_mapping_with_no_taskflow_operators to 2024-03-13 00:00:00+00:00, run_after=2024-03-14 00:00:00+00:00
[2024-03-14T16:30:22.658+0000] {processor.py:183} INFO - Processing /usr/local/lib/python3.8/dist-packages/airflow/example_dags/example_dynamic_task_mapping_with_no_taskflow_operators.py took 0.068 seconds
[2024-03-14T16:31:44.107+0000] {processor.py:161} INFO - Started process (PID=1432) to work on /usr/local/lib/python3.8/dist-packages/airflow/example_dags/example_dynamic_task_mapping_with_no_taskflow_operators.py
[2024-03-14T16:31:44.109+0000] {processor.py:830} INFO - Processing file /usr/local/lib/python3.8/dist-packages/airflow/example_dags/example_dynamic_task_mapping_with_no_taskflow_operators.py for tasks to queue
[2024-03-14T16:31:44.110+0000] {logging_mixin.py:188} INFO - [2024-03-14T16:31:44.109+0000] {dagbag.py:540} INFO - Filling up the DagBag from /usr/local/lib/python3.8/dist-packages/airflow/example_dags/example_dynamic_task_mapping_with_no_taskflow_operators.py
[2024-03-14T16:31:44.117+0000] {processor.py:840} INFO - DAG(s) 'example_dynamic_task_mapping_with_no_taskflow_operators' retrieved from /usr/local/lib/python3.8/dist-packages/airflow/example_dags/example_dynamic_task_mapping_with_no_taskflow_operators.py
[2024-03-14T16:31:44.131+0000] {logging_mixin.py:188} INFO - [2024-03-14T16:31:44.131+0000] {dag.py:3047} INFO - Sync 1 DAGs
[2024-03-14T16:31:44.149+0000] {logging_mixin.py:188} INFO - [2024-03-14T16:31:44.149+0000] {dag.py:3834} INFO - Setting next_dagrun for example_dynamic_task_mapping_with_no_taskflow_operators to 2024-03-13 00:00:00+00:00, run_after=2024-03-14 00:00:00+00:00
[2024-03-14T16:31:44.172+0000] {processor.py:183} INFO - Processing /usr/local/lib/python3.8/dist-packages/airflow/example_dags/example_dynamic_task_mapping_with_no_taskflow_operators.py took 0.068 seconds
[2024-03-14T16:32:53.131+0000] {processor.py:161} INFO - Started process (PID=1545) to work on /usr/local/lib/python3.8/dist-packages/airflow/example_dags/example_dynamic_task_mapping_with_no_taskflow_operators.py
[2024-03-14T16:32:53.133+0000] {processor.py:830} INFO - Processing file /usr/local/lib/python3.8/dist-packages/airflow/example_dags/example_dynamic_task_mapping_with_no_taskflow_operators.py for tasks to queue
[2024-03-14T16:32:53.134+0000] {logging_mixin.py:188} INFO - [2024-03-14T16:32:53.134+0000] {dagbag.py:540} INFO - Filling up the DagBag from /usr/local/lib/python3.8/dist-packages/airflow/example_dags/example_dynamic_task_mapping_with_no_taskflow_operators.py
[2024-03-14T16:32:53.142+0000] {processor.py:840} INFO - DAG(s) 'example_dynamic_task_mapping_with_no_taskflow_operators' retrieved from /usr/local/lib/python3.8/dist-packages/airflow/example_dags/example_dynamic_task_mapping_with_no_taskflow_operators.py
[2024-03-14T16:32:53.157+0000] {logging_mixin.py:188} INFO - [2024-03-14T16:32:53.157+0000] {dag.py:3047} INFO - Sync 1 DAGs
[2024-03-14T16:32:53.180+0000] {logging_mixin.py:188} INFO - [2024-03-14T16:32:53.180+0000] {dag.py:3834} INFO - Setting next_dagrun for example_dynamic_task_mapping_with_no_taskflow_operators to 2024-03-13 00:00:00+00:00, run_after=2024-03-14 00:00:00+00:00
[2024-03-14T16:32:53.242+0000] {processor.py:183} INFO - Processing /usr/local/lib/python3.8/dist-packages/airflow/example_dags/example_dynamic_task_mapping_with_no_taskflow_operators.py took 0.114 seconds
[2024-03-14T16:34:31.599+0000] {processor.py:161} INFO - Started process (PID=1806) to work on /usr/local/lib/python3.8/dist-packages/airflow/example_dags/example_dynamic_task_mapping_with_no_taskflow_operators.py
[2024-03-14T16:34:31.601+0000] {processor.py:830} INFO - Processing file /usr/local/lib/python3.8/dist-packages/airflow/example_dags/example_dynamic_task_mapping_with_no_taskflow_operators.py for tasks to queue
[2024-03-14T16:34:31.602+0000] {logging_mixin.py:188} INFO - [2024-03-14T16:34:31.602+0000] {dagbag.py:540} INFO - Filling up the DagBag from /usr/local/lib/python3.8/dist-packages/airflow/example_dags/example_dynamic_task_mapping_with_no_taskflow_operators.py
[2024-03-14T16:34:31.610+0000] {processor.py:840} INFO - DAG(s) 'example_dynamic_task_mapping_with_no_taskflow_operators' retrieved from /usr/local/lib/python3.8/dist-packages/airflow/example_dags/example_dynamic_task_mapping_with_no_taskflow_operators.py
[2024-03-14T16:34:31.626+0000] {logging_mixin.py:188} INFO - [2024-03-14T16:34:31.626+0000] {dag.py:3047} INFO - Sync 1 DAGs
[2024-03-14T16:34:31.648+0000] {logging_mixin.py:188} INFO - [2024-03-14T16:34:31.648+0000] {dag.py:3834} INFO - Setting next_dagrun for example_dynamic_task_mapping_with_no_taskflow_operators to 2024-03-13 00:00:00+00:00, run_after=2024-03-14 00:00:00+00:00
[2024-03-14T16:34:31.757+0000] {processor.py:183} INFO - Processing /usr/local/lib/python3.8/dist-packages/airflow/example_dags/example_dynamic_task_mapping_with_no_taskflow_operators.py took 0.161 seconds
[2024-03-14T16:35:47.288+0000] {processor.py:161} INFO - Started process (PID=1926) to work on /usr/local/lib/python3.8/dist-packages/airflow/example_dags/example_dynamic_task_mapping_with_no_taskflow_operators.py
[2024-03-14T16:35:47.290+0000] {processor.py:830} INFO - Processing file /usr/local/lib/python3.8/dist-packages/airflow/example_dags/example_dynamic_task_mapping_with_no_taskflow_operators.py for tasks to queue
[2024-03-14T16:35:47.291+0000] {logging_mixin.py:188} INFO - [2024-03-14T16:35:47.290+0000] {dagbag.py:540} INFO - Filling up the DagBag from /usr/local/lib/python3.8/dist-packages/airflow/example_dags/example_dynamic_task_mapping_with_no_taskflow_operators.py
[2024-03-14T16:35:47.298+0000] {processor.py:840} INFO - DAG(s) 'example_dynamic_task_mapping_with_no_taskflow_operators' retrieved from /usr/local/lib/python3.8/dist-packages/airflow/example_dags/example_dynamic_task_mapping_with_no_taskflow_operators.py
[2024-03-14T16:35:47.313+0000] {logging_mixin.py:188} INFO - [2024-03-14T16:35:47.313+0000] {dag.py:3047} INFO - Sync 1 DAGs
[2024-03-14T16:35:47.335+0000] {logging_mixin.py:188} INFO - [2024-03-14T16:35:47.335+0000] {dag.py:3834} INFO - Setting next_dagrun for example_dynamic_task_mapping_with_no_taskflow_operators to 2024-03-13 00:00:00+00:00, run_after=2024-03-14 00:00:00+00:00
[2024-03-14T16:35:47.425+0000] {processor.py:183} INFO - Processing /usr/local/lib/python3.8/dist-packages/airflow/example_dags/example_dynamic_task_mapping_with_no_taskflow_operators.py took 0.141 seconds
[2024-03-14T16:37:22.971+0000] {processor.py:161} INFO - Started process (PID=2102) to work on /usr/local/lib/python3.8/dist-packages/airflow/example_dags/example_dynamic_task_mapping_with_no_taskflow_operators.py
[2024-03-14T16:37:22.973+0000] {processor.py:830} INFO - Processing file /usr/local/lib/python3.8/dist-packages/airflow/example_dags/example_dynamic_task_mapping_with_no_taskflow_operators.py for tasks to queue
[2024-03-14T16:37:22.974+0000] {logging_mixin.py:188} INFO - [2024-03-14T16:37:22.974+0000] {dagbag.py:540} INFO - Filling up the DagBag from /usr/local/lib/python3.8/dist-packages/airflow/example_dags/example_dynamic_task_mapping_with_no_taskflow_operators.py
[2024-03-14T16:37:22.982+0000] {processor.py:840} INFO - DAG(s) 'example_dynamic_task_mapping_with_no_taskflow_operators' retrieved from /usr/local/lib/python3.8/dist-packages/airflow/example_dags/example_dynamic_task_mapping_with_no_taskflow_operators.py
[2024-03-14T16:37:22.997+0000] {logging_mixin.py:188} INFO - [2024-03-14T16:37:22.997+0000] {dag.py:3047} INFO - Sync 1 DAGs
[2024-03-14T16:37:23.019+0000] {logging_mixin.py:188} INFO - [2024-03-14T16:37:23.019+0000] {dag.py:3834} INFO - Setting next_dagrun for example_dynamic_task_mapping_with_no_taskflow_operators to 2024-03-13 00:00:00+00:00, run_after=2024-03-14 00:00:00+00:00
[2024-03-14T16:37:23.050+0000] {processor.py:183} INFO - Processing /usr/local/lib/python3.8/dist-packages/airflow/example_dags/example_dynamic_task_mapping_with_no_taskflow_operators.py took 0.081 seconds
[2024-03-14T16:38:57.263+0000] {processor.py:161} INFO - Started process (PID=2282) to work on /usr/local/lib/python3.8/dist-packages/airflow/example_dags/example_dynamic_task_mapping_with_no_taskflow_operators.py
[2024-03-14T16:38:57.265+0000] {processor.py:830} INFO - Processing file /usr/local/lib/python3.8/dist-packages/airflow/example_dags/example_dynamic_task_mapping_with_no_taskflow_operators.py for tasks to queue
[2024-03-14T16:38:57.266+0000] {logging_mixin.py:188} INFO - [2024-03-14T16:38:57.265+0000] {dagbag.py:540} INFO - Filling up the DagBag from /usr/local/lib/python3.8/dist-packages/airflow/example_dags/example_dynamic_task_mapping_with_no_taskflow_operators.py
[2024-03-14T16:38:57.274+0000] {processor.py:840} INFO - DAG(s) 'example_dynamic_task_mapping_with_no_taskflow_operators' retrieved from /usr/local/lib/python3.8/dist-packages/airflow/example_dags/example_dynamic_task_mapping_with_no_taskflow_operators.py
[2024-03-14T16:38:57.289+0000] {logging_mixin.py:188} INFO - [2024-03-14T16:38:57.289+0000] {dag.py:3047} INFO - Sync 1 DAGs
[2024-03-14T16:38:57.311+0000] {logging_mixin.py:188} INFO - [2024-03-14T16:38:57.311+0000] {dag.py:3834} INFO - Setting next_dagrun for example_dynamic_task_mapping_with_no_taskflow_operators to 2024-03-13 00:00:00+00:00, run_after=2024-03-14 00:00:00+00:00
[2024-03-14T16:38:57.451+0000] {processor.py:183} INFO - Processing /usr/local/lib/python3.8/dist-packages/airflow/example_dags/example_dynamic_task_mapping_with_no_taskflow_operators.py took 0.191 seconds
[2024-03-14T16:40:06.903+0000] {processor.py:161} INFO - Started process (PID=2397) to work on /usr/local/lib/python3.8/dist-packages/airflow/example_dags/example_dynamic_task_mapping_with_no_taskflow_operators.py
[2024-03-14T16:40:06.905+0000] {processor.py:830} INFO - Processing file /usr/local/lib/python3.8/dist-packages/airflow/example_dags/example_dynamic_task_mapping_with_no_taskflow_operators.py for tasks to queue
[2024-03-14T16:40:06.906+0000] {logging_mixin.py:188} INFO - [2024-03-14T16:40:06.905+0000] {dagbag.py:540} INFO - Filling up the DagBag from /usr/local/lib/python3.8/dist-packages/airflow/example_dags/example_dynamic_task_mapping_with_no_taskflow_operators.py
[2024-03-14T16:40:06.913+0000] {processor.py:840} INFO - DAG(s) 'example_dynamic_task_mapping_with_no_taskflow_operators' retrieved from /usr/local/lib/python3.8/dist-packages/airflow/example_dags/example_dynamic_task_mapping_with_no_taskflow_operators.py
[2024-03-14T16:40:06.929+0000] {logging_mixin.py:188} INFO - [2024-03-14T16:40:06.929+0000] {dag.py:3047} INFO - Sync 1 DAGs
[2024-03-14T16:40:06.948+0000] {logging_mixin.py:188} INFO - [2024-03-14T16:40:06.948+0000] {dag.py:3834} INFO - Setting next_dagrun for example_dynamic_task_mapping_with_no_taskflow_operators to 2024-03-13 00:00:00+00:00, run_after=2024-03-14 00:00:00+00:00
[2024-03-14T16:40:06.972+0000] {processor.py:183} INFO - Processing /usr/local/lib/python3.8/dist-packages/airflow/example_dags/example_dynamic_task_mapping_with_no_taskflow_operators.py took 0.073 seconds
[2024-03-14T16:41:16.745+0000] {processor.py:161} INFO - Started process (PID=2504) to work on /usr/local/lib/python3.8/dist-packages/airflow/example_dags/example_dynamic_task_mapping_with_no_taskflow_operators.py
[2024-03-14T16:41:16.747+0000] {processor.py:830} INFO - Processing file /usr/local/lib/python3.8/dist-packages/airflow/example_dags/example_dynamic_task_mapping_with_no_taskflow_operators.py for tasks to queue
[2024-03-14T16:41:16.748+0000] {logging_mixin.py:188} INFO - [2024-03-14T16:41:16.748+0000] {dagbag.py:540} INFO - Filling up the DagBag from /usr/local/lib/python3.8/dist-packages/airflow/example_dags/example_dynamic_task_mapping_with_no_taskflow_operators.py
[2024-03-14T16:41:16.756+0000] {processor.py:840} INFO - DAG(s) 'example_dynamic_task_mapping_with_no_taskflow_operators' retrieved from /usr/local/lib/python3.8/dist-packages/airflow/example_dags/example_dynamic_task_mapping_with_no_taskflow_operators.py
[2024-03-14T16:41:16.772+0000] {logging_mixin.py:188} INFO - [2024-03-14T16:41:16.772+0000] {dag.py:3047} INFO - Sync 1 DAGs
[2024-03-14T16:41:16.795+0000] {logging_mixin.py:188} INFO - [2024-03-14T16:41:16.794+0000] {dag.py:3834} INFO - Setting next_dagrun for example_dynamic_task_mapping_with_no_taskflow_operators to 2024-03-13 00:00:00+00:00, run_after=2024-03-14 00:00:00+00:00
[2024-03-14T16:41:16.873+0000] {processor.py:183} INFO - Processing /usr/local/lib/python3.8/dist-packages/airflow/example_dags/example_dynamic_task_mapping_with_no_taskflow_operators.py took 0.132 seconds
[2024-03-14T16:42:36.788+0000] {processor.py:161} INFO - Started process (PID=2620) to work on /usr/local/lib/python3.8/dist-packages/airflow/example_dags/example_dynamic_task_mapping_with_no_taskflow_operators.py
[2024-03-14T16:42:36.790+0000] {processor.py:830} INFO - Processing file /usr/local/lib/python3.8/dist-packages/airflow/example_dags/example_dynamic_task_mapping_with_no_taskflow_operators.py for tasks to queue
[2024-03-14T16:42:36.791+0000] {logging_mixin.py:188} INFO - [2024-03-14T16:42:36.790+0000] {dagbag.py:540} INFO - Filling up the DagBag from /usr/local/lib/python3.8/dist-packages/airflow/example_dags/example_dynamic_task_mapping_with_no_taskflow_operators.py
[2024-03-14T16:42:36.799+0000] {processor.py:840} INFO - DAG(s) 'example_dynamic_task_mapping_with_no_taskflow_operators' retrieved from /usr/local/lib/python3.8/dist-packages/airflow/example_dags/example_dynamic_task_mapping_with_no_taskflow_operators.py
[2024-03-14T16:42:36.814+0000] {logging_mixin.py:188} INFO - [2024-03-14T16:42:36.814+0000] {dag.py:3047} INFO - Sync 1 DAGs
[2024-03-14T16:42:36.836+0000] {logging_mixin.py:188} INFO - [2024-03-14T16:42:36.836+0000] {dag.py:3834} INFO - Setting next_dagrun for example_dynamic_task_mapping_with_no_taskflow_operators to 2024-03-13 00:00:00+00:00, run_after=2024-03-14 00:00:00+00:00
[2024-03-14T16:42:36.948+0000] {processor.py:183} INFO - Processing /usr/local/lib/python3.8/dist-packages/airflow/example_dags/example_dynamic_task_mapping_with_no_taskflow_operators.py took 0.164 seconds
[2024-03-14T16:43:57.899+0000] {processor.py:161} INFO - Started process (PID=2740) to work on /usr/local/lib/python3.8/dist-packages/airflow/example_dags/example_dynamic_task_mapping_with_no_taskflow_operators.py
[2024-03-14T16:43:57.901+0000] {processor.py:830} INFO - Processing file /usr/local/lib/python3.8/dist-packages/airflow/example_dags/example_dynamic_task_mapping_with_no_taskflow_operators.py for tasks to queue
[2024-03-14T16:43:57.902+0000] {logging_mixin.py:188} INFO - [2024-03-14T16:43:57.902+0000] {dagbag.py:540} INFO - Filling up the DagBag from /usr/local/lib/python3.8/dist-packages/airflow/example_dags/example_dynamic_task_mapping_with_no_taskflow_operators.py
[2024-03-14T16:43:57.910+0000] {processor.py:840} INFO - DAG(s) 'example_dynamic_task_mapping_with_no_taskflow_operators' retrieved from /usr/local/lib/python3.8/dist-packages/airflow/example_dags/example_dynamic_task_mapping_with_no_taskflow_operators.py
[2024-03-14T16:43:57.925+0000] {logging_mixin.py:188} INFO - [2024-03-14T16:43:57.925+0000] {dag.py:3047} INFO - Sync 1 DAGs
[2024-03-14T16:43:57.944+0000] {logging_mixin.py:188} INFO - [2024-03-14T16:43:57.944+0000] {dag.py:3834} INFO - Setting next_dagrun for example_dynamic_task_mapping_with_no_taskflow_operators to 2024-03-13 00:00:00+00:00, run_after=2024-03-14 00:00:00+00:00
[2024-03-14T16:43:58.096+0000] {processor.py:183} INFO - Processing /usr/local/lib/python3.8/dist-packages/airflow/example_dags/example_dynamic_task_mapping_with_no_taskflow_operators.py took 0.200 seconds
[2024-03-14T16:45:34.707+0000] {processor.py:161} INFO - Started process (PID=2919) to work on /usr/local/lib/python3.8/dist-packages/airflow/example_dags/example_dynamic_task_mapping_with_no_taskflow_operators.py
[2024-03-14T16:45:34.709+0000] {processor.py:830} INFO - Processing file /usr/local/lib/python3.8/dist-packages/airflow/example_dags/example_dynamic_task_mapping_with_no_taskflow_operators.py for tasks to queue
[2024-03-14T16:45:34.710+0000] {logging_mixin.py:188} INFO - [2024-03-14T16:45:34.709+0000] {dagbag.py:540} INFO - Filling up the DagBag from /usr/local/lib/python3.8/dist-packages/airflow/example_dags/example_dynamic_task_mapping_with_no_taskflow_operators.py
[2024-03-14T16:45:34.717+0000] {processor.py:840} INFO - DAG(s) 'example_dynamic_task_mapping_with_no_taskflow_operators' retrieved from /usr/local/lib/python3.8/dist-packages/airflow/example_dags/example_dynamic_task_mapping_with_no_taskflow_operators.py
[2024-03-14T16:45:34.733+0000] {logging_mixin.py:188} INFO - [2024-03-14T16:45:34.732+0000] {dag.py:3047} INFO - Sync 1 DAGs
[2024-03-14T16:45:34.755+0000] {logging_mixin.py:188} INFO - [2024-03-14T16:45:34.755+0000] {dag.py:3834} INFO - Setting next_dagrun for example_dynamic_task_mapping_with_no_taskflow_operators to 2024-03-13 00:00:00+00:00, run_after=2024-03-14 00:00:00+00:00
[2024-03-14T16:45:34.846+0000] {processor.py:183} INFO - Processing /usr/local/lib/python3.8/dist-packages/airflow/example_dags/example_dynamic_task_mapping_with_no_taskflow_operators.py took 0.142 seconds
[2024-03-14T16:56:13.840+0000] {processor.py:161} INFO - Started process (PID=3255) to work on /usr/local/lib/python3.8/dist-packages/airflow/example_dags/example_dynamic_task_mapping_with_no_taskflow_operators.py
[2024-03-14T16:56:13.842+0000] {processor.py:830} INFO - Processing file /usr/local/lib/python3.8/dist-packages/airflow/example_dags/example_dynamic_task_mapping_with_no_taskflow_operators.py for tasks to queue
[2024-03-14T16:56:13.844+0000] {logging_mixin.py:188} INFO - [2024-03-14T16:56:13.843+0000] {dagbag.py:540} INFO - Filling up the DagBag from /usr/local/lib/python3.8/dist-packages/airflow/example_dags/example_dynamic_task_mapping_with_no_taskflow_operators.py
[2024-03-14T16:56:13.852+0000] {processor.py:840} INFO - DAG(s) 'example_dynamic_task_mapping_with_no_taskflow_operators' retrieved from /usr/local/lib/python3.8/dist-packages/airflow/example_dags/example_dynamic_task_mapping_with_no_taskflow_operators.py
[2024-03-14T16:56:13.968+0000] {logging_mixin.py:188} INFO - [2024-03-14T16:56:13.968+0000] {dag.py:3047} INFO - Sync 1 DAGs
[2024-03-14T16:56:13.982+0000] {logging_mixin.py:188} INFO - [2024-03-14T16:56:13.982+0000] {dag.py:3834} INFO - Setting next_dagrun for example_dynamic_task_mapping_with_no_taskflow_operators to 2024-03-13 00:00:00+00:00, run_after=2024-03-14 00:00:00+00:00
[2024-03-14T16:56:14.006+0000] {processor.py:183} INFO - Processing /usr/local/lib/python3.8/dist-packages/airflow/example_dags/example_dynamic_task_mapping_with_no_taskflow_operators.py took 0.169 seconds
[2024-03-14T16:58:11.968+0000] {processor.py:161} INFO - Started process (PID=3450) to work on /usr/local/lib/python3.8/dist-packages/airflow/example_dags/example_dynamic_task_mapping_with_no_taskflow_operators.py
[2024-03-14T16:58:11.970+0000] {processor.py:830} INFO - Processing file /usr/local/lib/python3.8/dist-packages/airflow/example_dags/example_dynamic_task_mapping_with_no_taskflow_operators.py for tasks to queue
[2024-03-14T16:58:11.972+0000] {logging_mixin.py:188} INFO - [2024-03-14T16:58:11.971+0000] {dagbag.py:540} INFO - Filling up the DagBag from /usr/local/lib/python3.8/dist-packages/airflow/example_dags/example_dynamic_task_mapping_with_no_taskflow_operators.py
[2024-03-14T16:58:11.980+0000] {processor.py:840} INFO - DAG(s) 'example_dynamic_task_mapping_with_no_taskflow_operators' retrieved from /usr/local/lib/python3.8/dist-packages/airflow/example_dags/example_dynamic_task_mapping_with_no_taskflow_operators.py
[2024-03-14T16:58:11.998+0000] {logging_mixin.py:188} INFO - [2024-03-14T16:58:11.998+0000] {dag.py:3047} INFO - Sync 1 DAGs
[2024-03-14T16:58:12.021+0000] {logging_mixin.py:188} INFO - [2024-03-14T16:58:12.021+0000] {dag.py:3834} INFO - Setting next_dagrun for example_dynamic_task_mapping_with_no_taskflow_operators to 2024-03-13 00:00:00+00:00, run_after=2024-03-14 00:00:00+00:00
[2024-03-14T16:58:12.053+0000] {processor.py:183} INFO - Processing /usr/local/lib/python3.8/dist-packages/airflow/example_dags/example_dynamic_task_mapping_with_no_taskflow_operators.py took 0.088 seconds
