[2024-03-14T16:22:40.695+0000] {processor.py:161} INFO - Started process (PID=538) to work on /usr/local/lib/python3.8/dist-packages/airflow/example_dags/example_short_circuit_decorator.py
[2024-03-14T16:22:40.696+0000] {processor.py:830} INFO - Processing file /usr/local/lib/python3.8/dist-packages/airflow/example_dags/example_short_circuit_decorator.py for tasks to queue
[2024-03-14T16:22:40.697+0000] {logging_mixin.py:188} INFO - [2024-03-14T16:22:40.697+0000] {dagbag.py:540} INFO - Filling up the DagBag from /usr/local/lib/python3.8/dist-packages/airflow/example_dags/example_short_circuit_decorator.py
[2024-03-14T16:22:40.708+0000] {processor.py:840} INFO - DAG(s) 'example_short_circuit_decorator' retrieved from /usr/local/lib/python3.8/dist-packages/airflow/example_dags/example_short_circuit_decorator.py
[2024-03-14T16:22:40.730+0000] {logging_mixin.py:188} INFO - [2024-03-14T16:22:40.730+0000] {dag.py:3047} INFO - Sync 1 DAGs
[2024-03-14T16:22:40.850+0000] {logging_mixin.py:188} INFO - [2024-03-14T16:22:40.850+0000] {dag.py:3834} INFO - Setting next_dagrun for example_short_circuit_decorator to 2024-03-13 00:00:00+00:00, run_after=2024-03-14 00:00:00+00:00
[2024-03-14T16:22:40.943+0000] {processor.py:183} INFO - Processing /usr/local/lib/python3.8/dist-packages/airflow/example_dags/example_short_circuit_decorator.py took 0.251 seconds
[2024-03-14T16:24:02.527+0000] {processor.py:161} INFO - Started process (PID=675) to work on /usr/local/lib/python3.8/dist-packages/airflow/example_dags/example_short_circuit_decorator.py
[2024-03-14T16:24:02.530+0000] {processor.py:830} INFO - Processing file /usr/local/lib/python3.8/dist-packages/airflow/example_dags/example_short_circuit_decorator.py for tasks to queue
[2024-03-14T16:24:02.531+0000] {logging_mixin.py:188} INFO - [2024-03-14T16:24:02.530+0000] {dagbag.py:540} INFO - Filling up the DagBag from /usr/local/lib/python3.8/dist-packages/airflow/example_dags/example_short_circuit_decorator.py
[2024-03-14T16:24:02.542+0000] {processor.py:840} INFO - DAG(s) 'example_short_circuit_decorator' retrieved from /usr/local/lib/python3.8/dist-packages/airflow/example_dags/example_short_circuit_decorator.py
[2024-03-14T16:24:02.561+0000] {logging_mixin.py:188} INFO - [2024-03-14T16:24:02.561+0000] {dag.py:3047} INFO - Sync 1 DAGs
[2024-03-14T16:24:02.581+0000] {logging_mixin.py:188} INFO - [2024-03-14T16:24:02.581+0000] {dag.py:3834} INFO - Setting next_dagrun for example_short_circuit_decorator to 2024-03-13 00:00:00+00:00, run_after=2024-03-14 00:00:00+00:00
[2024-03-14T16:24:02.607+0000] {processor.py:183} INFO - Processing /usr/local/lib/python3.8/dist-packages/airflow/example_dags/example_short_circuit_decorator.py took 0.083 seconds
[2024-03-14T16:25:04.695+0000] {processor.py:161} INFO - Started process (PID=782) to work on /usr/local/lib/python3.8/dist-packages/airflow/example_dags/example_short_circuit_decorator.py
[2024-03-14T16:25:04.697+0000] {processor.py:830} INFO - Processing file /usr/local/lib/python3.8/dist-packages/airflow/example_dags/example_short_circuit_decorator.py for tasks to queue
[2024-03-14T16:25:04.698+0000] {logging_mixin.py:188} INFO - [2024-03-14T16:25:04.698+0000] {dagbag.py:540} INFO - Filling up the DagBag from /usr/local/lib/python3.8/dist-packages/airflow/example_dags/example_short_circuit_decorator.py
[2024-03-14T16:25:04.709+0000] {processor.py:840} INFO - DAG(s) 'example_short_circuit_decorator' retrieved from /usr/local/lib/python3.8/dist-packages/airflow/example_dags/example_short_circuit_decorator.py
[2024-03-14T16:25:04.728+0000] {logging_mixin.py:188} INFO - [2024-03-14T16:25:04.728+0000] {dag.py:3047} INFO - Sync 1 DAGs
[2024-03-14T16:25:04.750+0000] {logging_mixin.py:188} INFO - [2024-03-14T16:25:04.750+0000] {dag.py:3834} INFO - Setting next_dagrun for example_short_circuit_decorator to 2024-03-13 00:00:00+00:00, run_after=2024-03-14 00:00:00+00:00
[2024-03-14T16:25:04.831+0000] {processor.py:183} INFO - Processing /usr/local/lib/python3.8/dist-packages/airflow/example_dags/example_short_circuit_decorator.py took 0.139 seconds
[2024-03-14T16:26:08.168+0000] {processor.py:161} INFO - Started process (PID=876) to work on /usr/local/lib/python3.8/dist-packages/airflow/example_dags/example_short_circuit_decorator.py
[2024-03-14T16:26:08.170+0000] {processor.py:830} INFO - Processing file /usr/local/lib/python3.8/dist-packages/airflow/example_dags/example_short_circuit_decorator.py for tasks to queue
[2024-03-14T16:26:08.171+0000] {logging_mixin.py:188} INFO - [2024-03-14T16:26:08.171+0000] {dagbag.py:540} INFO - Filling up the DagBag from /usr/local/lib/python3.8/dist-packages/airflow/example_dags/example_short_circuit_decorator.py
[2024-03-14T16:26:08.182+0000] {processor.py:840} INFO - DAG(s) 'example_short_circuit_decorator' retrieved from /usr/local/lib/python3.8/dist-packages/airflow/example_dags/example_short_circuit_decorator.py
[2024-03-14T16:26:08.202+0000] {logging_mixin.py:188} INFO - [2024-03-14T16:26:08.201+0000] {dag.py:3047} INFO - Sync 1 DAGs
[2024-03-14T16:26:08.221+0000] {logging_mixin.py:188} INFO - [2024-03-14T16:26:08.221+0000] {dag.py:3834} INFO - Setting next_dagrun for example_short_circuit_decorator to 2024-03-13 00:00:00+00:00, run_after=2024-03-14 00:00:00+00:00
[2024-03-14T16:26:08.363+0000] {processor.py:183} INFO - Processing /usr/local/lib/python3.8/dist-packages/airflow/example_dags/example_short_circuit_decorator.py took 0.199 seconds
[2024-03-14T16:27:17.626+0000] {processor.py:161} INFO - Started process (PID=993) to work on /usr/local/lib/python3.8/dist-packages/airflow/example_dags/example_short_circuit_decorator.py
[2024-03-14T16:27:17.633+0000] {processor.py:830} INFO - Processing file /usr/local/lib/python3.8/dist-packages/airflow/example_dags/example_short_circuit_decorator.py for tasks to queue
[2024-03-14T16:27:17.634+0000] {logging_mixin.py:188} INFO - [2024-03-14T16:27:17.633+0000] {dagbag.py:540} INFO - Filling up the DagBag from /usr/local/lib/python3.8/dist-packages/airflow/example_dags/example_short_circuit_decorator.py
[2024-03-14T16:27:17.645+0000] {processor.py:840} INFO - DAG(s) 'example_short_circuit_decorator' retrieved from /usr/local/lib/python3.8/dist-packages/airflow/example_dags/example_short_circuit_decorator.py
[2024-03-14T16:27:17.665+0000] {logging_mixin.py:188} INFO - [2024-03-14T16:27:17.664+0000] {dag.py:3047} INFO - Sync 1 DAGs
[2024-03-14T16:27:17.687+0000] {logging_mixin.py:188} INFO - [2024-03-14T16:27:17.686+0000] {dag.py:3834} INFO - Setting next_dagrun for example_short_circuit_decorator to 2024-03-13 00:00:00+00:00, run_after=2024-03-14 00:00:00+00:00
[2024-03-14T16:27:17.738+0000] {processor.py:183} INFO - Processing /usr/local/lib/python3.8/dist-packages/airflow/example_dags/example_short_circuit_decorator.py took 0.115 seconds
[2024-03-14T16:28:28.199+0000] {processor.py:161} INFO - Started process (PID=1109) to work on /usr/local/lib/python3.8/dist-packages/airflow/example_dags/example_short_circuit_decorator.py
[2024-03-14T16:28:28.201+0000] {processor.py:830} INFO - Processing file /usr/local/lib/python3.8/dist-packages/airflow/example_dags/example_short_circuit_decorator.py for tasks to queue
[2024-03-14T16:28:28.202+0000] {logging_mixin.py:188} INFO - [2024-03-14T16:28:28.201+0000] {dagbag.py:540} INFO - Filling up the DagBag from /usr/local/lib/python3.8/dist-packages/airflow/example_dags/example_short_circuit_decorator.py
[2024-03-14T16:28:28.213+0000] {processor.py:840} INFO - DAG(s) 'example_short_circuit_decorator' retrieved from /usr/local/lib/python3.8/dist-packages/airflow/example_dags/example_short_circuit_decorator.py
[2024-03-14T16:28:28.232+0000] {logging_mixin.py:188} INFO - [2024-03-14T16:28:28.232+0000] {dag.py:3047} INFO - Sync 1 DAGs
[2024-03-14T16:28:28.254+0000] {logging_mixin.py:188} INFO - [2024-03-14T16:28:28.254+0000] {dag.py:3834} INFO - Setting next_dagrun for example_short_circuit_decorator to 2024-03-13 00:00:00+00:00, run_after=2024-03-14 00:00:00+00:00
[2024-03-14T16:28:28.382+0000] {processor.py:183} INFO - Processing /usr/local/lib/python3.8/dist-packages/airflow/example_dags/example_short_circuit_decorator.py took 0.186 seconds
[2024-03-14T16:29:57.775+0000] {processor.py:161} INFO - Started process (PID=1256) to work on /usr/local/lib/python3.8/dist-packages/airflow/example_dags/example_short_circuit_decorator.py
[2024-03-14T16:29:57.776+0000] {processor.py:830} INFO - Processing file /usr/local/lib/python3.8/dist-packages/airflow/example_dags/example_short_circuit_decorator.py for tasks to queue
[2024-03-14T16:29:57.777+0000] {logging_mixin.py:188} INFO - [2024-03-14T16:29:57.777+0000] {dagbag.py:540} INFO - Filling up the DagBag from /usr/local/lib/python3.8/dist-packages/airflow/example_dags/example_short_circuit_decorator.py
[2024-03-14T16:29:57.788+0000] {processor.py:840} INFO - DAG(s) 'example_short_circuit_decorator' retrieved from /usr/local/lib/python3.8/dist-packages/airflow/example_dags/example_short_circuit_decorator.py
[2024-03-14T16:29:57.808+0000] {logging_mixin.py:188} INFO - [2024-03-14T16:29:57.808+0000] {dag.py:3047} INFO - Sync 1 DAGs
[2024-03-14T16:29:57.830+0000] {logging_mixin.py:188} INFO - [2024-03-14T16:29:57.829+0000] {dag.py:3834} INFO - Setting next_dagrun for example_short_circuit_decorator to 2024-03-13 00:00:00+00:00, run_after=2024-03-14 00:00:00+00:00
[2024-03-14T16:29:57.885+0000] {processor.py:183} INFO - Processing /usr/local/lib/python3.8/dist-packages/airflow/example_dags/example_short_circuit_decorator.py took 0.113 seconds
[2024-03-14T16:31:31.130+0000] {processor.py:161} INFO - Started process (PID=1419) to work on /usr/local/lib/python3.8/dist-packages/airflow/example_dags/example_short_circuit_decorator.py
[2024-03-14T16:31:31.132+0000] {processor.py:830} INFO - Processing file /usr/local/lib/python3.8/dist-packages/airflow/example_dags/example_short_circuit_decorator.py for tasks to queue
[2024-03-14T16:31:31.133+0000] {logging_mixin.py:188} INFO - [2024-03-14T16:31:31.133+0000] {dagbag.py:540} INFO - Filling up the DagBag from /usr/local/lib/python3.8/dist-packages/airflow/example_dags/example_short_circuit_decorator.py
[2024-03-14T16:31:31.144+0000] {processor.py:840} INFO - DAG(s) 'example_short_circuit_decorator' retrieved from /usr/local/lib/python3.8/dist-packages/airflow/example_dags/example_short_circuit_decorator.py
[2024-03-14T16:31:31.164+0000] {logging_mixin.py:188} INFO - [2024-03-14T16:31:31.164+0000] {dag.py:3047} INFO - Sync 1 DAGs
[2024-03-14T16:31:31.186+0000] {logging_mixin.py:188} INFO - [2024-03-14T16:31:31.186+0000] {dag.py:3834} INFO - Setting next_dagrun for example_short_circuit_decorator to 2024-03-13 00:00:00+00:00, run_after=2024-03-14 00:00:00+00:00
[2024-03-14T16:31:31.275+0000] {processor.py:183} INFO - Processing /usr/local/lib/python3.8/dist-packages/airflow/example_dags/example_short_circuit_decorator.py took 0.148 seconds
[2024-03-14T16:32:37.378+0000] {processor.py:161} INFO - Started process (PID=1532) to work on /usr/local/lib/python3.8/dist-packages/airflow/example_dags/example_short_circuit_decorator.py
[2024-03-14T16:32:37.383+0000] {processor.py:830} INFO - Processing file /usr/local/lib/python3.8/dist-packages/airflow/example_dags/example_short_circuit_decorator.py for tasks to queue
[2024-03-14T16:32:37.384+0000] {logging_mixin.py:188} INFO - [2024-03-14T16:32:37.384+0000] {dagbag.py:540} INFO - Filling up the DagBag from /usr/local/lib/python3.8/dist-packages/airflow/example_dags/example_short_circuit_decorator.py
[2024-03-14T16:32:37.395+0000] {processor.py:840} INFO - DAG(s) 'example_short_circuit_decorator' retrieved from /usr/local/lib/python3.8/dist-packages/airflow/example_dags/example_short_circuit_decorator.py
[2024-03-14T16:32:37.415+0000] {logging_mixin.py:188} INFO - [2024-03-14T16:32:37.414+0000] {dag.py:3047} INFO - Sync 1 DAGs
[2024-03-14T16:32:37.435+0000] {logging_mixin.py:188} INFO - [2024-03-14T16:32:37.435+0000] {dag.py:3834} INFO - Setting next_dagrun for example_short_circuit_decorator to 2024-03-13 00:00:00+00:00, run_after=2024-03-14 00:00:00+00:00
[2024-03-14T16:32:37.564+0000] {processor.py:183} INFO - Processing /usr/local/lib/python3.8/dist-packages/airflow/example_dags/example_short_circuit_decorator.py took 0.189 seconds
[2024-03-14T16:34:17.826+0000] {processor.py:161} INFO - Started process (PID=1793) to work on /usr/local/lib/python3.8/dist-packages/airflow/example_dags/example_short_circuit_decorator.py
[2024-03-14T16:34:17.828+0000] {processor.py:830} INFO - Processing file /usr/local/lib/python3.8/dist-packages/airflow/example_dags/example_short_circuit_decorator.py for tasks to queue
[2024-03-14T16:34:17.829+0000] {logging_mixin.py:188} INFO - [2024-03-14T16:34:17.829+0000] {dagbag.py:540} INFO - Filling up the DagBag from /usr/local/lib/python3.8/dist-packages/airflow/example_dags/example_short_circuit_decorator.py
[2024-03-14T16:34:17.840+0000] {processor.py:840} INFO - DAG(s) 'example_short_circuit_decorator' retrieved from /usr/local/lib/python3.8/dist-packages/airflow/example_dags/example_short_circuit_decorator.py
[2024-03-14T16:34:17.860+0000] {logging_mixin.py:188} INFO - [2024-03-14T16:34:17.859+0000] {dag.py:3047} INFO - Sync 1 DAGs
[2024-03-14T16:34:17.882+0000] {logging_mixin.py:188} INFO - [2024-03-14T16:34:17.882+0000] {dag.py:3834} INFO - Setting next_dagrun for example_short_circuit_decorator to 2024-03-13 00:00:00+00:00, run_after=2024-03-14 00:00:00+00:00
[2024-03-14T16:34:17.973+0000] {processor.py:183} INFO - Processing /usr/local/lib/python3.8/dist-packages/airflow/example_dags/example_short_circuit_decorator.py took 0.150 seconds
[2024-03-14T16:35:33.078+0000] {processor.py:161} INFO - Started process (PID=1913) to work on /usr/local/lib/python3.8/dist-packages/airflow/example_dags/example_short_circuit_decorator.py
[2024-03-14T16:35:33.081+0000] {processor.py:830} INFO - Processing file /usr/local/lib/python3.8/dist-packages/airflow/example_dags/example_short_circuit_decorator.py for tasks to queue
[2024-03-14T16:35:33.082+0000] {logging_mixin.py:188} INFO - [2024-03-14T16:35:33.082+0000] {dagbag.py:540} INFO - Filling up the DagBag from /usr/local/lib/python3.8/dist-packages/airflow/example_dags/example_short_circuit_decorator.py
[2024-03-14T16:35:33.093+0000] {processor.py:840} INFO - DAG(s) 'example_short_circuit_decorator' retrieved from /usr/local/lib/python3.8/dist-packages/airflow/example_dags/example_short_circuit_decorator.py
[2024-03-14T16:35:33.113+0000] {logging_mixin.py:188} INFO - [2024-03-14T16:35:33.113+0000] {dag.py:3047} INFO - Sync 1 DAGs
[2024-03-14T16:35:33.136+0000] {logging_mixin.py:188} INFO - [2024-03-14T16:35:33.136+0000] {dag.py:3834} INFO - Setting next_dagrun for example_short_circuit_decorator to 2024-03-13 00:00:00+00:00, run_after=2024-03-14 00:00:00+00:00
[2024-03-14T16:35:33.222+0000] {processor.py:183} INFO - Processing /usr/local/lib/python3.8/dist-packages/airflow/example_dags/example_short_circuit_decorator.py took 0.147 seconds
[2024-03-14T16:37:08.306+0000] {processor.py:161} INFO - Started process (PID=2089) to work on /usr/local/lib/python3.8/dist-packages/airflow/example_dags/example_short_circuit_decorator.py
[2024-03-14T16:37:08.307+0000] {processor.py:830} INFO - Processing file /usr/local/lib/python3.8/dist-packages/airflow/example_dags/example_short_circuit_decorator.py for tasks to queue
[2024-03-14T16:37:08.308+0000] {logging_mixin.py:188} INFO - [2024-03-14T16:37:08.308+0000] {dagbag.py:540} INFO - Filling up the DagBag from /usr/local/lib/python3.8/dist-packages/airflow/example_dags/example_short_circuit_decorator.py
[2024-03-14T16:37:08.319+0000] {processor.py:840} INFO - DAG(s) 'example_short_circuit_decorator' retrieved from /usr/local/lib/python3.8/dist-packages/airflow/example_dags/example_short_circuit_decorator.py
[2024-03-14T16:37:08.338+0000] {logging_mixin.py:188} INFO - [2024-03-14T16:37:08.338+0000] {dag.py:3047} INFO - Sync 1 DAGs
[2024-03-14T16:37:08.360+0000] {logging_mixin.py:188} INFO - [2024-03-14T16:37:08.360+0000] {dag.py:3834} INFO - Setting next_dagrun for example_short_circuit_decorator to 2024-03-13 00:00:00+00:00, run_after=2024-03-14 00:00:00+00:00
[2024-03-14T16:37:08.390+0000] {processor.py:183} INFO - Processing /usr/local/lib/python3.8/dist-packages/airflow/example_dags/example_short_circuit_decorator.py took 0.087 seconds
[2024-03-14T16:38:42.367+0000] {processor.py:161} INFO - Started process (PID=2269) to work on /usr/local/lib/python3.8/dist-packages/airflow/example_dags/example_short_circuit_decorator.py
[2024-03-14T16:38:42.370+0000] {processor.py:830} INFO - Processing file /usr/local/lib/python3.8/dist-packages/airflow/example_dags/example_short_circuit_decorator.py for tasks to queue
[2024-03-14T16:38:42.371+0000] {logging_mixin.py:188} INFO - [2024-03-14T16:38:42.370+0000] {dagbag.py:540} INFO - Filling up the DagBag from /usr/local/lib/python3.8/dist-packages/airflow/example_dags/example_short_circuit_decorator.py
[2024-03-14T16:38:42.381+0000] {processor.py:840} INFO - DAG(s) 'example_short_circuit_decorator' retrieved from /usr/local/lib/python3.8/dist-packages/airflow/example_dags/example_short_circuit_decorator.py
[2024-03-14T16:38:42.401+0000] {logging_mixin.py:188} INFO - [2024-03-14T16:38:42.401+0000] {dag.py:3047} INFO - Sync 1 DAGs
[2024-03-14T16:38:42.423+0000] {logging_mixin.py:188} INFO - [2024-03-14T16:38:42.423+0000] {dag.py:3834} INFO - Setting next_dagrun for example_short_circuit_decorator to 2024-03-13 00:00:00+00:00, run_after=2024-03-14 00:00:00+00:00
[2024-03-14T16:38:42.461+0000] {processor.py:183} INFO - Processing /usr/local/lib/python3.8/dist-packages/airflow/example_dags/example_short_circuit_decorator.py took 0.096 seconds
[2024-03-14T16:39:53.504+0000] {processor.py:161} INFO - Started process (PID=2384) to work on /usr/local/lib/python3.8/dist-packages/airflow/example_dags/example_short_circuit_decorator.py
[2024-03-14T16:39:53.506+0000] {processor.py:830} INFO - Processing file /usr/local/lib/python3.8/dist-packages/airflow/example_dags/example_short_circuit_decorator.py for tasks to queue
[2024-03-14T16:39:53.507+0000] {logging_mixin.py:188} INFO - [2024-03-14T16:39:53.507+0000] {dagbag.py:540} INFO - Filling up the DagBag from /usr/local/lib/python3.8/dist-packages/airflow/example_dags/example_short_circuit_decorator.py
[2024-03-14T16:39:53.518+0000] {processor.py:840} INFO - DAG(s) 'example_short_circuit_decorator' retrieved from /usr/local/lib/python3.8/dist-packages/airflow/example_dags/example_short_circuit_decorator.py
[2024-03-14T16:39:53.538+0000] {logging_mixin.py:188} INFO - [2024-03-14T16:39:53.537+0000] {dag.py:3047} INFO - Sync 1 DAGs
[2024-03-14T16:39:53.559+0000] {logging_mixin.py:188} INFO - [2024-03-14T16:39:53.559+0000] {dag.py:3834} INFO - Setting next_dagrun for example_short_circuit_decorator to 2024-03-13 00:00:00+00:00, run_after=2024-03-14 00:00:00+00:00
[2024-03-14T16:39:53.682+0000] {processor.py:183} INFO - Processing /usr/local/lib/python3.8/dist-packages/airflow/example_dags/example_short_circuit_decorator.py took 0.181 seconds
[2024-03-14T16:41:01.318+0000] {processor.py:161} INFO - Started process (PID=2491) to work on /usr/local/lib/python3.8/dist-packages/airflow/example_dags/example_short_circuit_decorator.py
[2024-03-14T16:41:01.320+0000] {processor.py:830} INFO - Processing file /usr/local/lib/python3.8/dist-packages/airflow/example_dags/example_short_circuit_decorator.py for tasks to queue
[2024-03-14T16:41:01.321+0000] {logging_mixin.py:188} INFO - [2024-03-14T16:41:01.321+0000] {dagbag.py:540} INFO - Filling up the DagBag from /usr/local/lib/python3.8/dist-packages/airflow/example_dags/example_short_circuit_decorator.py
[2024-03-14T16:41:01.332+0000] {processor.py:840} INFO - DAG(s) 'example_short_circuit_decorator' retrieved from /usr/local/lib/python3.8/dist-packages/airflow/example_dags/example_short_circuit_decorator.py
[2024-03-14T16:41:01.352+0000] {logging_mixin.py:188} INFO - [2024-03-14T16:41:01.352+0000] {dag.py:3047} INFO - Sync 1 DAGs
[2024-03-14T16:41:01.374+0000] {logging_mixin.py:188} INFO - [2024-03-14T16:41:01.374+0000] {dag.py:3834} INFO - Setting next_dagrun for example_short_circuit_decorator to 2024-03-13 00:00:00+00:00, run_after=2024-03-14 00:00:00+00:00
[2024-03-14T16:41:01.403+0000] {processor.py:183} INFO - Processing /usr/local/lib/python3.8/dist-packages/airflow/example_dags/example_short_circuit_decorator.py took 0.088 seconds
[2024-03-14T16:42:22.006+0000] {processor.py:161} INFO - Started process (PID=2607) to work on /usr/local/lib/python3.8/dist-packages/airflow/example_dags/example_short_circuit_decorator.py
[2024-03-14T16:42:22.008+0000] {processor.py:830} INFO - Processing file /usr/local/lib/python3.8/dist-packages/airflow/example_dags/example_short_circuit_decorator.py for tasks to queue
[2024-03-14T16:42:22.009+0000] {logging_mixin.py:188} INFO - [2024-03-14T16:42:22.009+0000] {dagbag.py:540} INFO - Filling up the DagBag from /usr/local/lib/python3.8/dist-packages/airflow/example_dags/example_short_circuit_decorator.py
[2024-03-14T16:42:22.020+0000] {processor.py:840} INFO - DAG(s) 'example_short_circuit_decorator' retrieved from /usr/local/lib/python3.8/dist-packages/airflow/example_dags/example_short_circuit_decorator.py
[2024-03-14T16:42:22.039+0000] {logging_mixin.py:188} INFO - [2024-03-14T16:42:22.039+0000] {dag.py:3047} INFO - Sync 1 DAGs
[2024-03-14T16:42:22.055+0000] {logging_mixin.py:188} INFO - [2024-03-14T16:42:22.055+0000] {dag.py:3834} INFO - Setting next_dagrun for example_short_circuit_decorator to 2024-03-13 00:00:00+00:00, run_after=2024-03-14 00:00:00+00:00
[2024-03-14T16:42:22.079+0000] {processor.py:183} INFO - Processing /usr/local/lib/python3.8/dist-packages/airflow/example_dags/example_short_circuit_decorator.py took 0.076 seconds
[2024-03-14T16:43:40.970+0000] {processor.py:161} INFO - Started process (PID=2727) to work on /usr/local/lib/python3.8/dist-packages/airflow/example_dags/example_short_circuit_decorator.py
[2024-03-14T16:43:40.972+0000] {processor.py:830} INFO - Processing file /usr/local/lib/python3.8/dist-packages/airflow/example_dags/example_short_circuit_decorator.py for tasks to queue
[2024-03-14T16:43:40.973+0000] {logging_mixin.py:188} INFO - [2024-03-14T16:43:40.973+0000] {dagbag.py:540} INFO - Filling up the DagBag from /usr/local/lib/python3.8/dist-packages/airflow/example_dags/example_short_circuit_decorator.py
[2024-03-14T16:43:40.984+0000] {processor.py:840} INFO - DAG(s) 'example_short_circuit_decorator' retrieved from /usr/local/lib/python3.8/dist-packages/airflow/example_dags/example_short_circuit_decorator.py
[2024-03-14T16:43:41.004+0000] {logging_mixin.py:188} INFO - [2024-03-14T16:43:41.003+0000] {dag.py:3047} INFO - Sync 1 DAGs
[2024-03-14T16:43:41.025+0000] {logging_mixin.py:188} INFO - [2024-03-14T16:43:41.025+0000] {dag.py:3834} INFO - Setting next_dagrun for example_short_circuit_decorator to 2024-03-13 00:00:00+00:00, run_after=2024-03-14 00:00:00+00:00
[2024-03-14T16:43:41.155+0000] {processor.py:183} INFO - Processing /usr/local/lib/python3.8/dist-packages/airflow/example_dags/example_short_circuit_decorator.py took 0.188 seconds
[2024-03-14T16:45:19.503+0000] {processor.py:161} INFO - Started process (PID=2906) to work on /usr/local/lib/python3.8/dist-packages/airflow/example_dags/example_short_circuit_decorator.py
[2024-03-14T16:45:19.505+0000] {processor.py:830} INFO - Processing file /usr/local/lib/python3.8/dist-packages/airflow/example_dags/example_short_circuit_decorator.py for tasks to queue
[2024-03-14T16:45:19.506+0000] {logging_mixin.py:188} INFO - [2024-03-14T16:45:19.506+0000] {dagbag.py:540} INFO - Filling up the DagBag from /usr/local/lib/python3.8/dist-packages/airflow/example_dags/example_short_circuit_decorator.py
[2024-03-14T16:45:19.517+0000] {processor.py:840} INFO - DAG(s) 'example_short_circuit_decorator' retrieved from /usr/local/lib/python3.8/dist-packages/airflow/example_dags/example_short_circuit_decorator.py
[2024-03-14T16:45:19.537+0000] {logging_mixin.py:188} INFO - [2024-03-14T16:45:19.537+0000] {dag.py:3047} INFO - Sync 1 DAGs
[2024-03-14T16:45:19.559+0000] {logging_mixin.py:188} INFO - [2024-03-14T16:45:19.559+0000] {dag.py:3834} INFO - Setting next_dagrun for example_short_circuit_decorator to 2024-03-13 00:00:00+00:00, run_after=2024-03-14 00:00:00+00:00
[2024-03-14T16:45:19.585+0000] {processor.py:183} INFO - Processing /usr/local/lib/python3.8/dist-packages/airflow/example_dags/example_short_circuit_decorator.py took 0.085 seconds
[2024-03-14T16:55:57.113+0000] {processor.py:161} INFO - Started process (PID=3167) to work on /usr/local/lib/python3.8/dist-packages/airflow/example_dags/example_short_circuit_decorator.py
[2024-03-14T16:55:57.115+0000] {processor.py:830} INFO - Processing file /usr/local/lib/python3.8/dist-packages/airflow/example_dags/example_short_circuit_decorator.py for tasks to queue
[2024-03-14T16:55:57.116+0000] {logging_mixin.py:188} INFO - [2024-03-14T16:55:57.116+0000] {dagbag.py:540} INFO - Filling up the DagBag from /usr/local/lib/python3.8/dist-packages/airflow/example_dags/example_short_circuit_decorator.py
[2024-03-14T16:55:57.128+0000] {processor.py:840} INFO - DAG(s) 'example_short_circuit_decorator' retrieved from /usr/local/lib/python3.8/dist-packages/airflow/example_dags/example_short_circuit_decorator.py
[2024-03-14T16:55:57.152+0000] {logging_mixin.py:188} INFO - [2024-03-14T16:55:57.152+0000] {dag.py:3047} INFO - Sync 1 DAGs
[2024-03-14T16:55:57.264+0000] {logging_mixin.py:188} INFO - [2024-03-14T16:55:57.264+0000] {dag.py:3834} INFO - Setting next_dagrun for example_short_circuit_decorator to 2024-03-13 00:00:00+00:00, run_after=2024-03-14 00:00:00+00:00
[2024-03-14T16:55:57.429+0000] {processor.py:183} INFO - Processing /usr/local/lib/python3.8/dist-packages/airflow/example_dags/example_short_circuit_decorator.py took 0.320 seconds
[2024-03-14T16:57:09.047+0000] {processor.py:161} INFO - Started process (PID=3346) to work on /usr/local/lib/python3.8/dist-packages/airflow/example_dags/example_short_circuit_decorator.py
[2024-03-14T16:57:09.050+0000] {processor.py:830} INFO - Processing file /usr/local/lib/python3.8/dist-packages/airflow/example_dags/example_short_circuit_decorator.py for tasks to queue
[2024-03-14T16:57:09.051+0000] {logging_mixin.py:188} INFO - [2024-03-14T16:57:09.051+0000] {dagbag.py:540} INFO - Filling up the DagBag from /usr/local/lib/python3.8/dist-packages/airflow/example_dags/example_short_circuit_decorator.py
[2024-03-14T16:57:09.063+0000] {processor.py:840} INFO - DAG(s) 'example_short_circuit_decorator' retrieved from /usr/local/lib/python3.8/dist-packages/airflow/example_dags/example_short_circuit_decorator.py
[2024-03-14T16:57:09.083+0000] {logging_mixin.py:188} INFO - [2024-03-14T16:57:09.082+0000] {dag.py:3047} INFO - Sync 1 DAGs
[2024-03-14T16:57:09.101+0000] {logging_mixin.py:188} INFO - [2024-03-14T16:57:09.101+0000] {dag.py:3834} INFO - Setting next_dagrun for example_short_circuit_decorator to 2024-03-13 00:00:00+00:00, run_after=2024-03-14 00:00:00+00:00
[2024-03-14T16:57:09.128+0000] {processor.py:183} INFO - Processing /usr/local/lib/python3.8/dist-packages/airflow/example_dags/example_short_circuit_decorator.py took 0.084 seconds
[2024-03-14T16:58:09.253+0000] {processor.py:161} INFO - Started process (PID=3447) to work on /usr/local/lib/python3.8/dist-packages/airflow/example_dags/example_short_circuit_decorator.py
[2024-03-14T16:58:09.255+0000] {processor.py:830} INFO - Processing file /usr/local/lib/python3.8/dist-packages/airflow/example_dags/example_short_circuit_decorator.py for tasks to queue
[2024-03-14T16:58:09.256+0000] {logging_mixin.py:188} INFO - [2024-03-14T16:58:09.256+0000] {dagbag.py:540} INFO - Filling up the DagBag from /usr/local/lib/python3.8/dist-packages/airflow/example_dags/example_short_circuit_decorator.py
[2024-03-14T16:58:09.268+0000] {processor.py:840} INFO - DAG(s) 'example_short_circuit_decorator' retrieved from /usr/local/lib/python3.8/dist-packages/airflow/example_dags/example_short_circuit_decorator.py
[2024-03-14T16:58:09.290+0000] {logging_mixin.py:188} INFO - [2024-03-14T16:58:09.289+0000] {dag.py:3047} INFO - Sync 1 DAGs
[2024-03-14T16:58:09.312+0000] {logging_mixin.py:188} INFO - [2024-03-14T16:58:09.312+0000] {dag.py:3834} INFO - Setting next_dagrun for example_short_circuit_decorator to 2024-03-13 00:00:00+00:00, run_after=2024-03-14 00:00:00+00:00
[2024-03-14T16:58:09.431+0000] {processor.py:183} INFO - Processing /usr/local/lib/python3.8/dist-packages/airflow/example_dags/example_short_circuit_decorator.py took 0.182 seconds
