[2024-03-14T16:22:27.487+0000] {processor.py:161} INFO - Started process (PID=527) to work on /usr/local/lib/python3.8/dist-packages/airflow/example_dags/example_setup_teardown.py
[2024-03-14T16:22:27.488+0000] {processor.py:830} INFO - Processing file /usr/local/lib/python3.8/dist-packages/airflow/example_dags/example_setup_teardown.py for tasks to queue
[2024-03-14T16:22:27.489+0000] {logging_mixin.py:188} INFO - [2024-03-14T16:22:27.489+0000] {dagbag.py:540} INFO - Filling up the DagBag from /usr/local/lib/python3.8/dist-packages/airflow/example_dags/example_setup_teardown.py
[2024-03-14T16:22:27.497+0000] {processor.py:840} INFO - DAG(s) 'example_setup_teardown' retrieved from /usr/local/lib/python3.8/dist-packages/airflow/example_dags/example_setup_teardown.py
[2024-03-14T16:22:27.524+0000] {logging_mixin.py:188} INFO - [2024-03-14T16:22:27.523+0000] {dag.py:3047} INFO - Sync 1 DAGs
[2024-03-14T16:22:27.541+0000] {logging_mixin.py:188} INFO - [2024-03-14T16:22:27.541+0000] {dag.py:3834} INFO - Setting next_dagrun for example_setup_teardown to 2024-03-13 00:00:00+00:00, run_after=2024-03-14 00:00:00+00:00
[2024-03-14T16:22:27.646+0000] {processor.py:183} INFO - Processing /usr/local/lib/python3.8/dist-packages/airflow/example_dags/example_setup_teardown.py took 0.161 seconds
[2024-03-14T16:23:49.766+0000] {processor.py:161} INFO - Started process (PID=664) to work on /usr/local/lib/python3.8/dist-packages/airflow/example_dags/example_setup_teardown.py
[2024-03-14T16:23:49.769+0000] {processor.py:830} INFO - Processing file /usr/local/lib/python3.8/dist-packages/airflow/example_dags/example_setup_teardown.py for tasks to queue
[2024-03-14T16:23:49.770+0000] {logging_mixin.py:188} INFO - [2024-03-14T16:23:49.769+0000] {dagbag.py:540} INFO - Filling up the DagBag from /usr/local/lib/python3.8/dist-packages/airflow/example_dags/example_setup_teardown.py
[2024-03-14T16:23:49.778+0000] {processor.py:840} INFO - DAG(s) 'example_setup_teardown' retrieved from /usr/local/lib/python3.8/dist-packages/airflow/example_dags/example_setup_teardown.py
[2024-03-14T16:23:49.795+0000] {logging_mixin.py:188} INFO - [2024-03-14T16:23:49.794+0000] {dag.py:3047} INFO - Sync 1 DAGs
[2024-03-14T16:23:49.813+0000] {logging_mixin.py:188} INFO - [2024-03-14T16:23:49.813+0000] {dag.py:3834} INFO - Setting next_dagrun for example_setup_teardown to 2024-03-13 00:00:00+00:00, run_after=2024-03-14 00:00:00+00:00
[2024-03-14T16:23:49.837+0000] {processor.py:183} INFO - Processing /usr/local/lib/python3.8/dist-packages/airflow/example_dags/example_setup_teardown.py took 0.074 seconds
[2024-03-14T16:24:53.819+0000] {processor.py:161} INFO - Started process (PID=759) to work on /usr/local/lib/python3.8/dist-packages/airflow/example_dags/example_setup_teardown.py
[2024-03-14T16:24:53.821+0000] {processor.py:830} INFO - Processing file /usr/local/lib/python3.8/dist-packages/airflow/example_dags/example_setup_teardown.py for tasks to queue
[2024-03-14T16:24:53.822+0000] {logging_mixin.py:188} INFO - [2024-03-14T16:24:53.822+0000] {dagbag.py:540} INFO - Filling up the DagBag from /usr/local/lib/python3.8/dist-packages/airflow/example_dags/example_setup_teardown.py
[2024-03-14T16:24:53.830+0000] {processor.py:840} INFO - DAG(s) 'example_setup_teardown' retrieved from /usr/local/lib/python3.8/dist-packages/airflow/example_dags/example_setup_teardown.py
[2024-03-14T16:24:53.847+0000] {logging_mixin.py:188} INFO - [2024-03-14T16:24:53.847+0000] {dag.py:3047} INFO - Sync 1 DAGs
[2024-03-14T16:24:53.865+0000] {logging_mixin.py:188} INFO - [2024-03-14T16:24:53.865+0000] {dag.py:3834} INFO - Setting next_dagrun for example_setup_teardown to 2024-03-13 00:00:00+00:00, run_after=2024-03-14 00:00:00+00:00
[2024-03-14T16:24:53.939+0000] {processor.py:183} INFO - Processing /usr/local/lib/python3.8/dist-packages/airflow/example_dags/example_setup_teardown.py took 0.123 seconds
[2024-03-14T16:25:57.439+0000] {processor.py:161} INFO - Started process (PID=865) to work on /usr/local/lib/python3.8/dist-packages/airflow/example_dags/example_setup_teardown.py
[2024-03-14T16:25:57.442+0000] {processor.py:830} INFO - Processing file /usr/local/lib/python3.8/dist-packages/airflow/example_dags/example_setup_teardown.py for tasks to queue
[2024-03-14T16:25:57.443+0000] {logging_mixin.py:188} INFO - [2024-03-14T16:25:57.442+0000] {dagbag.py:540} INFO - Filling up the DagBag from /usr/local/lib/python3.8/dist-packages/airflow/example_dags/example_setup_teardown.py
[2024-03-14T16:25:57.451+0000] {processor.py:840} INFO - DAG(s) 'example_setup_teardown' retrieved from /usr/local/lib/python3.8/dist-packages/airflow/example_dags/example_setup_teardown.py
[2024-03-14T16:25:57.467+0000] {logging_mixin.py:188} INFO - [2024-03-14T16:25:57.467+0000] {dag.py:3047} INFO - Sync 1 DAGs
[2024-03-14T16:25:57.490+0000] {logging_mixin.py:188} INFO - [2024-03-14T16:25:57.490+0000] {dag.py:3834} INFO - Setting next_dagrun for example_setup_teardown to 2024-03-13 00:00:00+00:00, run_after=2024-03-14 00:00:00+00:00
[2024-03-14T16:25:57.530+0000] {processor.py:183} INFO - Processing /usr/local/lib/python3.8/dist-packages/airflow/example_dags/example_setup_teardown.py took 0.094 seconds
[2024-03-14T16:27:05.835+0000] {processor.py:161} INFO - Started process (PID=982) to work on /usr/local/lib/python3.8/dist-packages/airflow/example_dags/example_setup_teardown.py
[2024-03-14T16:27:05.838+0000] {processor.py:830} INFO - Processing file /usr/local/lib/python3.8/dist-packages/airflow/example_dags/example_setup_teardown.py for tasks to queue
[2024-03-14T16:27:05.838+0000] {logging_mixin.py:188} INFO - [2024-03-14T16:27:05.838+0000] {dagbag.py:540} INFO - Filling up the DagBag from /usr/local/lib/python3.8/dist-packages/airflow/example_dags/example_setup_teardown.py
[2024-03-14T16:27:05.846+0000] {processor.py:840} INFO - DAG(s) 'example_setup_teardown' retrieved from /usr/local/lib/python3.8/dist-packages/airflow/example_dags/example_setup_teardown.py
[2024-03-14T16:27:05.860+0000] {logging_mixin.py:188} INFO - [2024-03-14T16:27:05.860+0000] {dag.py:3047} INFO - Sync 1 DAGs
[2024-03-14T16:27:05.878+0000] {logging_mixin.py:188} INFO - [2024-03-14T16:27:05.877+0000] {dag.py:3834} INFO - Setting next_dagrun for example_setup_teardown to 2024-03-13 00:00:00+00:00, run_after=2024-03-14 00:00:00+00:00
[2024-03-14T16:27:05.902+0000] {processor.py:183} INFO - Processing /usr/local/lib/python3.8/dist-packages/airflow/example_dags/example_setup_teardown.py took 0.070 seconds
[2024-03-14T16:28:16.730+0000] {processor.py:161} INFO - Started process (PID=1098) to work on /usr/local/lib/python3.8/dist-packages/airflow/example_dags/example_setup_teardown.py
[2024-03-14T16:28:16.732+0000] {processor.py:830} INFO - Processing file /usr/local/lib/python3.8/dist-packages/airflow/example_dags/example_setup_teardown.py for tasks to queue
[2024-03-14T16:28:16.733+0000] {logging_mixin.py:188} INFO - [2024-03-14T16:28:16.733+0000] {dagbag.py:540} INFO - Filling up the DagBag from /usr/local/lib/python3.8/dist-packages/airflow/example_dags/example_setup_teardown.py
[2024-03-14T16:28:16.741+0000] {processor.py:840} INFO - DAG(s) 'example_setup_teardown' retrieved from /usr/local/lib/python3.8/dist-packages/airflow/example_dags/example_setup_teardown.py
[2024-03-14T16:28:16.756+0000] {logging_mixin.py:188} INFO - [2024-03-14T16:28:16.755+0000] {dag.py:3047} INFO - Sync 1 DAGs
[2024-03-14T16:28:16.773+0000] {logging_mixin.py:188} INFO - [2024-03-14T16:28:16.772+0000] {dag.py:3834} INFO - Setting next_dagrun for example_setup_teardown to 2024-03-13 00:00:00+00:00, run_after=2024-03-14 00:00:00+00:00
[2024-03-14T16:28:16.799+0000] {processor.py:183} INFO - Processing /usr/local/lib/python3.8/dist-packages/airflow/example_dags/example_setup_teardown.py took 0.072 seconds
[2024-03-14T16:29:30.953+0000] {processor.py:161} INFO - Started process (PID=1215) to work on /usr/local/lib/python3.8/dist-packages/airflow/example_dags/example_setup_teardown.py
[2024-03-14T16:29:30.955+0000] {processor.py:830} INFO - Processing file /usr/local/lib/python3.8/dist-packages/airflow/example_dags/example_setup_teardown.py for tasks to queue
[2024-03-14T16:29:30.956+0000] {logging_mixin.py:188} INFO - [2024-03-14T16:29:30.956+0000] {dagbag.py:540} INFO - Filling up the DagBag from /usr/local/lib/python3.8/dist-packages/airflow/example_dags/example_setup_teardown.py
[2024-03-14T16:29:30.965+0000] {processor.py:840} INFO - DAG(s) 'example_setup_teardown' retrieved from /usr/local/lib/python3.8/dist-packages/airflow/example_dags/example_setup_teardown.py
[2024-03-14T16:29:30.982+0000] {logging_mixin.py:188} INFO - [2024-03-14T16:29:30.981+0000] {dag.py:3047} INFO - Sync 1 DAGs
[2024-03-14T16:29:31.003+0000] {logging_mixin.py:188} INFO - [2024-03-14T16:29:31.003+0000] {dag.py:3834} INFO - Setting next_dagrun for example_setup_teardown to 2024-03-13 00:00:00+00:00, run_after=2024-03-14 00:00:00+00:00
[2024-03-14T16:29:31.063+0000] {processor.py:183} INFO - Processing /usr/local/lib/python3.8/dist-packages/airflow/example_dags/example_setup_teardown.py took 0.113 seconds
[2024-03-14T16:30:35.942+0000] {processor.py:161} INFO - Started process (PID=1324) to work on /usr/local/lib/python3.8/dist-packages/airflow/example_dags/example_setup_teardown.py
[2024-03-14T16:30:35.945+0000] {processor.py:830} INFO - Processing file /usr/local/lib/python3.8/dist-packages/airflow/example_dags/example_setup_teardown.py for tasks to queue
[2024-03-14T16:30:35.946+0000] {logging_mixin.py:188} INFO - [2024-03-14T16:30:35.945+0000] {dagbag.py:540} INFO - Filling up the DagBag from /usr/local/lib/python3.8/dist-packages/airflow/example_dags/example_setup_teardown.py
[2024-03-14T16:30:35.954+0000] {processor.py:840} INFO - DAG(s) 'example_setup_teardown' retrieved from /usr/local/lib/python3.8/dist-packages/airflow/example_dags/example_setup_teardown.py
[2024-03-14T16:30:35.971+0000] {logging_mixin.py:188} INFO - [2024-03-14T16:30:35.970+0000] {dag.py:3047} INFO - Sync 1 DAGs
[2024-03-14T16:30:35.989+0000] {logging_mixin.py:188} INFO - [2024-03-14T16:30:35.989+0000] {dag.py:3834} INFO - Setting next_dagrun for example_setup_teardown to 2024-03-13 00:00:00+00:00, run_after=2024-03-14 00:00:00+00:00
[2024-03-14T16:30:36.013+0000] {processor.py:183} INFO - Processing /usr/local/lib/python3.8/dist-packages/airflow/example_dags/example_setup_teardown.py took 0.074 seconds
[2024-03-14T16:31:25.060+0000] {processor.py:161} INFO - Started process (PID=1413) to work on /usr/local/lib/python3.8/dist-packages/airflow/example_dags/example_setup_teardown.py
[2024-03-14T16:31:25.061+0000] {processor.py:830} INFO - Processing file /usr/local/lib/python3.8/dist-packages/airflow/example_dags/example_setup_teardown.py for tasks to queue
[2024-03-14T16:31:25.062+0000] {logging_mixin.py:188} INFO - [2024-03-14T16:31:25.062+0000] {dagbag.py:540} INFO - Filling up the DagBag from /usr/local/lib/python3.8/dist-packages/airflow/example_dags/example_setup_teardown.py
[2024-03-14T16:31:25.070+0000] {processor.py:840} INFO - DAG(s) 'example_setup_teardown' retrieved from /usr/local/lib/python3.8/dist-packages/airflow/example_dags/example_setup_teardown.py
[2024-03-14T16:31:25.085+0000] {logging_mixin.py:188} INFO - [2024-03-14T16:31:25.085+0000] {dag.py:3047} INFO - Sync 1 DAGs
[2024-03-14T16:31:25.102+0000] {logging_mixin.py:188} INFO - [2024-03-14T16:31:25.101+0000] {dag.py:3834} INFO - Setting next_dagrun for example_setup_teardown to 2024-03-13 00:00:00+00:00, run_after=2024-03-14 00:00:00+00:00
[2024-03-14T16:31:25.198+0000] {processor.py:183} INFO - Processing /usr/local/lib/python3.8/dist-packages/airflow/example_dags/example_setup_teardown.py took 0.142 seconds
[2024-03-14T16:32:31.422+0000] {processor.py:161} INFO - Started process (PID=1526) to work on /usr/local/lib/python3.8/dist-packages/airflow/example_dags/example_setup_teardown.py
[2024-03-14T16:32:31.424+0000] {processor.py:830} INFO - Processing file /usr/local/lib/python3.8/dist-packages/airflow/example_dags/example_setup_teardown.py for tasks to queue
[2024-03-14T16:32:31.425+0000] {logging_mixin.py:188} INFO - [2024-03-14T16:32:31.425+0000] {dagbag.py:540} INFO - Filling up the DagBag from /usr/local/lib/python3.8/dist-packages/airflow/example_dags/example_setup_teardown.py
[2024-03-14T16:32:31.433+0000] {processor.py:840} INFO - DAG(s) 'example_setup_teardown' retrieved from /usr/local/lib/python3.8/dist-packages/airflow/example_dags/example_setup_teardown.py
[2024-03-14T16:32:31.450+0000] {logging_mixin.py:188} INFO - [2024-03-14T16:32:31.450+0000] {dag.py:3047} INFO - Sync 1 DAGs
[2024-03-14T16:32:31.472+0000] {logging_mixin.py:188} INFO - [2024-03-14T16:32:31.472+0000] {dag.py:3834} INFO - Setting next_dagrun for example_setup_teardown to 2024-03-13 00:00:00+00:00, run_after=2024-03-14 00:00:00+00:00
[2024-03-14T16:32:31.591+0000] {processor.py:183} INFO - Processing /usr/local/lib/python3.8/dist-packages/airflow/example_dags/example_setup_teardown.py took 0.172 seconds
[2024-03-14T16:34:09.122+0000] {processor.py:161} INFO - Started process (PID=1785) to work on /usr/local/lib/python3.8/dist-packages/airflow/example_dags/example_setup_teardown.py
[2024-03-14T16:34:09.125+0000] {processor.py:830} INFO - Processing file /usr/local/lib/python3.8/dist-packages/airflow/example_dags/example_setup_teardown.py for tasks to queue
[2024-03-14T16:34:09.126+0000] {logging_mixin.py:188} INFO - [2024-03-14T16:34:09.125+0000] {dagbag.py:540} INFO - Filling up the DagBag from /usr/local/lib/python3.8/dist-packages/airflow/example_dags/example_setup_teardown.py
[2024-03-14T16:34:09.134+0000] {processor.py:840} INFO - DAG(s) 'example_setup_teardown' retrieved from /usr/local/lib/python3.8/dist-packages/airflow/example_dags/example_setup_teardown.py
[2024-03-14T16:34:09.151+0000] {logging_mixin.py:188} INFO - [2024-03-14T16:34:09.150+0000] {dag.py:3047} INFO - Sync 1 DAGs
[2024-03-14T16:34:09.169+0000] {logging_mixin.py:188} INFO - [2024-03-14T16:34:09.169+0000] {dag.py:3834} INFO - Setting next_dagrun for example_setup_teardown to 2024-03-13 00:00:00+00:00, run_after=2024-03-14 00:00:00+00:00
[2024-03-14T16:34:09.194+0000] {processor.py:183} INFO - Processing /usr/local/lib/python3.8/dist-packages/airflow/example_dags/example_setup_teardown.py took 0.075 seconds
[2024-03-14T16:35:25.011+0000] {processor.py:161} INFO - Started process (PID=1905) to work on /usr/local/lib/python3.8/dist-packages/airflow/example_dags/example_setup_teardown.py
[2024-03-14T16:35:25.013+0000] {processor.py:830} INFO - Processing file /usr/local/lib/python3.8/dist-packages/airflow/example_dags/example_setup_teardown.py for tasks to queue
[2024-03-14T16:35:25.014+0000] {logging_mixin.py:188} INFO - [2024-03-14T16:35:25.013+0000] {dagbag.py:540} INFO - Filling up the DagBag from /usr/local/lib/python3.8/dist-packages/airflow/example_dags/example_setup_teardown.py
[2024-03-14T16:35:25.022+0000] {processor.py:840} INFO - DAG(s) 'example_setup_teardown' retrieved from /usr/local/lib/python3.8/dist-packages/airflow/example_dags/example_setup_teardown.py
[2024-03-14T16:35:25.039+0000] {logging_mixin.py:188} INFO - [2024-03-14T16:35:25.039+0000] {dag.py:3047} INFO - Sync 1 DAGs
[2024-03-14T16:35:25.061+0000] {logging_mixin.py:188} INFO - [2024-03-14T16:35:25.061+0000] {dag.py:3834} INFO - Setting next_dagrun for example_setup_teardown to 2024-03-13 00:00:00+00:00, run_after=2024-03-14 00:00:00+00:00
[2024-03-14T16:35:25.152+0000] {processor.py:183} INFO - Processing /usr/local/lib/python3.8/dist-packages/airflow/example_dags/example_setup_teardown.py took 0.144 seconds
[2024-03-14T16:36:59.299+0000] {processor.py:161} INFO - Started process (PID=2081) to work on /usr/local/lib/python3.8/dist-packages/airflow/example_dags/example_setup_teardown.py
[2024-03-14T16:36:59.302+0000] {processor.py:830} INFO - Processing file /usr/local/lib/python3.8/dist-packages/airflow/example_dags/example_setup_teardown.py for tasks to queue
[2024-03-14T16:36:59.303+0000] {logging_mixin.py:188} INFO - [2024-03-14T16:36:59.303+0000] {dagbag.py:540} INFO - Filling up the DagBag from /usr/local/lib/python3.8/dist-packages/airflow/example_dags/example_setup_teardown.py
[2024-03-14T16:36:59.311+0000] {processor.py:840} INFO - DAG(s) 'example_setup_teardown' retrieved from /usr/local/lib/python3.8/dist-packages/airflow/example_dags/example_setup_teardown.py
[2024-03-14T16:36:59.328+0000] {logging_mixin.py:188} INFO - [2024-03-14T16:36:59.327+0000] {dag.py:3047} INFO - Sync 1 DAGs
[2024-03-14T16:36:59.350+0000] {logging_mixin.py:188} INFO - [2024-03-14T16:36:59.350+0000] {dag.py:3834} INFO - Setting next_dagrun for example_setup_teardown to 2024-03-13 00:00:00+00:00, run_after=2024-03-14 00:00:00+00:00
[2024-03-14T16:36:59.425+0000] {processor.py:183} INFO - Processing /usr/local/lib/python3.8/dist-packages/airflow/example_dags/example_setup_teardown.py took 0.129 seconds
[2024-03-14T16:38:33.170+0000] {processor.py:161} INFO - Started process (PID=2260) to work on /usr/local/lib/python3.8/dist-packages/airflow/example_dags/example_setup_teardown.py
[2024-03-14T16:38:33.172+0000] {processor.py:830} INFO - Processing file /usr/local/lib/python3.8/dist-packages/airflow/example_dags/example_setup_teardown.py for tasks to queue
[2024-03-14T16:38:33.173+0000] {logging_mixin.py:188} INFO - [2024-03-14T16:38:33.173+0000] {dagbag.py:540} INFO - Filling up the DagBag from /usr/local/lib/python3.8/dist-packages/airflow/example_dags/example_setup_teardown.py
[2024-03-14T16:38:33.182+0000] {processor.py:840} INFO - DAG(s) 'example_setup_teardown' retrieved from /usr/local/lib/python3.8/dist-packages/airflow/example_dags/example_setup_teardown.py
[2024-03-14T16:38:33.198+0000] {logging_mixin.py:188} INFO - [2024-03-14T16:38:33.198+0000] {dag.py:3047} INFO - Sync 1 DAGs
[2024-03-14T16:38:33.220+0000] {logging_mixin.py:188} INFO - [2024-03-14T16:38:33.220+0000] {dag.py:3834} INFO - Setting next_dagrun for example_setup_teardown to 2024-03-13 00:00:00+00:00, run_after=2024-03-14 00:00:00+00:00
[2024-03-14T16:38:33.304+0000] {processor.py:183} INFO - Processing /usr/local/lib/python3.8/dist-packages/airflow/example_dags/example_setup_teardown.py took 0.137 seconds
[2024-03-14T16:39:42.978+0000] {processor.py:161} INFO - Started process (PID=2375) to work on /usr/local/lib/python3.8/dist-packages/airflow/example_dags/example_setup_teardown.py
[2024-03-14T16:39:42.980+0000] {processor.py:830} INFO - Processing file /usr/local/lib/python3.8/dist-packages/airflow/example_dags/example_setup_teardown.py for tasks to queue
[2024-03-14T16:39:42.981+0000] {logging_mixin.py:188} INFO - [2024-03-14T16:39:42.981+0000] {dagbag.py:540} INFO - Filling up the DagBag from /usr/local/lib/python3.8/dist-packages/airflow/example_dags/example_setup_teardown.py
[2024-03-14T16:39:42.989+0000] {processor.py:840} INFO - DAG(s) 'example_setup_teardown' retrieved from /usr/local/lib/python3.8/dist-packages/airflow/example_dags/example_setup_teardown.py
[2024-03-14T16:39:43.007+0000] {logging_mixin.py:188} INFO - [2024-03-14T16:39:43.006+0000] {dag.py:3047} INFO - Sync 1 DAGs
[2024-03-14T16:39:43.028+0000] {logging_mixin.py:188} INFO - [2024-03-14T16:39:43.028+0000] {dag.py:3834} INFO - Setting next_dagrun for example_setup_teardown to 2024-03-13 00:00:00+00:00, run_after=2024-03-14 00:00:00+00:00
[2024-03-14T16:39:43.058+0000] {processor.py:183} INFO - Processing /usr/local/lib/python3.8/dist-packages/airflow/example_dags/example_setup_teardown.py took 0.083 seconds
[2024-03-14T16:40:50.714+0000] {processor.py:161} INFO - Started process (PID=2482) to work on /usr/local/lib/python3.8/dist-packages/airflow/example_dags/example_setup_teardown.py
[2024-03-14T16:40:50.716+0000] {processor.py:830} INFO - Processing file /usr/local/lib/python3.8/dist-packages/airflow/example_dags/example_setup_teardown.py for tasks to queue
[2024-03-14T16:40:50.717+0000] {logging_mixin.py:188} INFO - [2024-03-14T16:40:50.717+0000] {dagbag.py:540} INFO - Filling up the DagBag from /usr/local/lib/python3.8/dist-packages/airflow/example_dags/example_setup_teardown.py
[2024-03-14T16:40:50.725+0000] {processor.py:840} INFO - DAG(s) 'example_setup_teardown' retrieved from /usr/local/lib/python3.8/dist-packages/airflow/example_dags/example_setup_teardown.py
[2024-03-14T16:40:50.742+0000] {logging_mixin.py:188} INFO - [2024-03-14T16:40:50.742+0000] {dag.py:3047} INFO - Sync 1 DAGs
[2024-03-14T16:40:50.764+0000] {logging_mixin.py:188} INFO - [2024-03-14T16:40:50.763+0000] {dag.py:3834} INFO - Setting next_dagrun for example_setup_teardown to 2024-03-13 00:00:00+00:00, run_after=2024-03-14 00:00:00+00:00
[2024-03-14T16:40:50.865+0000] {processor.py:183} INFO - Processing /usr/local/lib/python3.8/dist-packages/airflow/example_dags/example_setup_teardown.py took 0.154 seconds
[2024-03-14T16:42:08.707+0000] {processor.py:161} INFO - Started process (PID=2598) to work on /usr/local/lib/python3.8/dist-packages/airflow/example_dags/example_setup_teardown.py
[2024-03-14T16:42:08.709+0000] {processor.py:830} INFO - Processing file /usr/local/lib/python3.8/dist-packages/airflow/example_dags/example_setup_teardown.py for tasks to queue
[2024-03-14T16:42:08.710+0000] {logging_mixin.py:188} INFO - [2024-03-14T16:42:08.710+0000] {dagbag.py:540} INFO - Filling up the DagBag from /usr/local/lib/python3.8/dist-packages/airflow/example_dags/example_setup_teardown.py
[2024-03-14T16:42:08.718+0000] {processor.py:840} INFO - DAG(s) 'example_setup_teardown' retrieved from /usr/local/lib/python3.8/dist-packages/airflow/example_dags/example_setup_teardown.py
[2024-03-14T16:42:08.817+0000] {logging_mixin.py:188} INFO - [2024-03-14T16:42:08.817+0000] {dag.py:3047} INFO - Sync 1 DAGs
[2024-03-14T16:42:09.029+0000] {logging_mixin.py:188} INFO - [2024-03-14T16:42:09.029+0000] {dag.py:3834} INFO - Setting next_dagrun for example_setup_teardown to 2024-03-13 00:00:00+00:00, run_after=2024-03-14 00:00:00+00:00
[2024-03-14T16:42:09.447+0000] {processor.py:183} INFO - Processing /usr/local/lib/python3.8/dist-packages/airflow/example_dags/example_setup_teardown.py took 0.743 seconds
[2024-03-14T16:43:29.736+0000] {processor.py:161} INFO - Started process (PID=2718) to work on /usr/local/lib/python3.8/dist-packages/airflow/example_dags/example_setup_teardown.py
[2024-03-14T16:43:29.738+0000] {processor.py:830} INFO - Processing file /usr/local/lib/python3.8/dist-packages/airflow/example_dags/example_setup_teardown.py for tasks to queue
[2024-03-14T16:43:29.739+0000] {logging_mixin.py:188} INFO - [2024-03-14T16:43:29.738+0000] {dagbag.py:540} INFO - Filling up the DagBag from /usr/local/lib/python3.8/dist-packages/airflow/example_dags/example_setup_teardown.py
[2024-03-14T16:43:29.747+0000] {processor.py:840} INFO - DAG(s) 'example_setup_teardown' retrieved from /usr/local/lib/python3.8/dist-packages/airflow/example_dags/example_setup_teardown.py
[2024-03-14T16:43:29.764+0000] {logging_mixin.py:188} INFO - [2024-03-14T16:43:29.764+0000] {dag.py:3047} INFO - Sync 1 DAGs
[2024-03-14T16:43:29.786+0000] {logging_mixin.py:188} INFO - [2024-03-14T16:43:29.786+0000] {dag.py:3834} INFO - Setting next_dagrun for example_setup_teardown to 2024-03-13 00:00:00+00:00, run_after=2024-03-14 00:00:00+00:00
[2024-03-14T16:43:30.280+0000] {processor.py:183} INFO - Processing /usr/local/lib/python3.8/dist-packages/airflow/example_dags/example_setup_teardown.py took 0.548 seconds
[2024-03-14T16:45:09.127+0000] {processor.py:161} INFO - Started process (PID=2897) to work on /usr/local/lib/python3.8/dist-packages/airflow/example_dags/example_setup_teardown.py
[2024-03-14T16:45:09.129+0000] {processor.py:830} INFO - Processing file /usr/local/lib/python3.8/dist-packages/airflow/example_dags/example_setup_teardown.py for tasks to queue
[2024-03-14T16:45:09.130+0000] {logging_mixin.py:188} INFO - [2024-03-14T16:45:09.130+0000] {dagbag.py:540} INFO - Filling up the DagBag from /usr/local/lib/python3.8/dist-packages/airflow/example_dags/example_setup_teardown.py
[2024-03-14T16:45:09.139+0000] {processor.py:840} INFO - DAG(s) 'example_setup_teardown' retrieved from /usr/local/lib/python3.8/dist-packages/airflow/example_dags/example_setup_teardown.py
[2024-03-14T16:45:09.155+0000] {logging_mixin.py:188} INFO - [2024-03-14T16:45:09.155+0000] {dag.py:3047} INFO - Sync 1 DAGs
[2024-03-14T16:45:09.177+0000] {logging_mixin.py:188} INFO - [2024-03-14T16:45:09.177+0000] {dag.py:3834} INFO - Setting next_dagrun for example_setup_teardown to 2024-03-13 00:00:00+00:00, run_after=2024-03-14 00:00:00+00:00
[2024-03-14T16:45:09.237+0000] {processor.py:183} INFO - Processing /usr/local/lib/python3.8/dist-packages/airflow/example_dags/example_setup_teardown.py took 0.113 seconds
[2024-03-14T16:55:44.040+0000] {processor.py:161} INFO - Started process (PID=3118) to work on /usr/local/lib/python3.8/dist-packages/airflow/example_dags/example_setup_teardown.py
[2024-03-14T16:55:44.043+0000] {processor.py:830} INFO - Processing file /usr/local/lib/python3.8/dist-packages/airflow/example_dags/example_setup_teardown.py for tasks to queue
[2024-03-14T16:55:44.044+0000] {logging_mixin.py:188} INFO - [2024-03-14T16:55:44.043+0000] {dagbag.py:540} INFO - Filling up the DagBag from /usr/local/lib/python3.8/dist-packages/airflow/example_dags/example_setup_teardown.py
[2024-03-14T16:55:44.053+0000] {processor.py:840} INFO - DAG(s) 'example_setup_teardown' retrieved from /usr/local/lib/python3.8/dist-packages/airflow/example_dags/example_setup_teardown.py
[2024-03-14T16:55:44.080+0000] {logging_mixin.py:188} INFO - [2024-03-14T16:55:44.080+0000] {dag.py:3047} INFO - Sync 1 DAGs
[2024-03-14T16:55:44.098+0000] {logging_mixin.py:188} INFO - [2024-03-14T16:55:44.098+0000] {dag.py:3834} INFO - Setting next_dagrun for example_setup_teardown to 2024-03-13 00:00:00+00:00, run_after=2024-03-14 00:00:00+00:00
[2024-03-14T16:55:44.157+0000] {processor.py:183} INFO - Processing /usr/local/lib/python3.8/dist-packages/airflow/example_dags/example_setup_teardown.py took 0.121 seconds
[2024-03-14T16:56:56.248+0000] {processor.py:161} INFO - Started process (PID=3335) to work on /usr/local/lib/python3.8/dist-packages/airflow/example_dags/example_setup_teardown.py
[2024-03-14T16:56:56.251+0000] {processor.py:830} INFO - Processing file /usr/local/lib/python3.8/dist-packages/airflow/example_dags/example_setup_teardown.py for tasks to queue
[2024-03-14T16:56:56.252+0000] {logging_mixin.py:188} INFO - [2024-03-14T16:56:56.251+0000] {dagbag.py:540} INFO - Filling up the DagBag from /usr/local/lib/python3.8/dist-packages/airflow/example_dags/example_setup_teardown.py
[2024-03-14T16:56:56.261+0000] {processor.py:840} INFO - DAG(s) 'example_setup_teardown' retrieved from /usr/local/lib/python3.8/dist-packages/airflow/example_dags/example_setup_teardown.py
[2024-03-14T16:56:56.280+0000] {logging_mixin.py:188} INFO - [2024-03-14T16:56:56.280+0000] {dag.py:3047} INFO - Sync 1 DAGs
[2024-03-14T16:56:56.305+0000] {logging_mixin.py:188} INFO - [2024-03-14T16:56:56.305+0000] {dag.py:3834} INFO - Setting next_dagrun for example_setup_teardown to 2024-03-13 00:00:00+00:00, run_after=2024-03-14 00:00:00+00:00
[2024-03-14T16:56:56.335+0000] {processor.py:183} INFO - Processing /usr/local/lib/python3.8/dist-packages/airflow/example_dags/example_setup_teardown.py took 0.091 seconds
[2024-03-14T16:57:57.099+0000] {processor.py:161} INFO - Started process (PID=3436) to work on /usr/local/lib/python3.8/dist-packages/airflow/example_dags/example_setup_teardown.py
[2024-03-14T16:57:57.102+0000] {processor.py:830} INFO - Processing file /usr/local/lib/python3.8/dist-packages/airflow/example_dags/example_setup_teardown.py for tasks to queue
[2024-03-14T16:57:57.103+0000] {logging_mixin.py:188} INFO - [2024-03-14T16:57:57.102+0000] {dagbag.py:540} INFO - Filling up the DagBag from /usr/local/lib/python3.8/dist-packages/airflow/example_dags/example_setup_teardown.py
[2024-03-14T16:57:57.111+0000] {processor.py:840} INFO - DAG(s) 'example_setup_teardown' retrieved from /usr/local/lib/python3.8/dist-packages/airflow/example_dags/example_setup_teardown.py
[2024-03-14T16:57:57.129+0000] {logging_mixin.py:188} INFO - [2024-03-14T16:57:57.128+0000] {dag.py:3047} INFO - Sync 1 DAGs
[2024-03-14T16:57:57.150+0000] {logging_mixin.py:188} INFO - [2024-03-14T16:57:57.150+0000] {dag.py:3834} INFO - Setting next_dagrun for example_setup_teardown to 2024-03-13 00:00:00+00:00, run_after=2024-03-14 00:00:00+00:00
[2024-03-14T16:57:57.600+0000] {processor.py:183} INFO - Processing /usr/local/lib/python3.8/dist-packages/airflow/example_dags/example_setup_teardown.py took 0.504 seconds
