[2024-03-14T16:23:25.914+0000] {processor.py:161} INFO - Started process (PID=625) to work on /usr/local/lib/python3.8/dist-packages/airflow/example_dags/example_complex.py
[2024-03-14T16:23:25.915+0000] {processor.py:830} INFO - Processing file /usr/local/lib/python3.8/dist-packages/airflow/example_dags/example_complex.py for tasks to queue
[2024-03-14T16:23:25.916+0000] {logging_mixin.py:188} INFO - [2024-03-14T16:23:25.916+0000] {dagbag.py:540} INFO - Filling up the DagBag from /usr/local/lib/python3.8/dist-packages/airflow/example_dags/example_complex.py
[2024-03-14T16:23:25.929+0000] {processor.py:840} INFO - DAG(s) 'example_complex' retrieved from /usr/local/lib/python3.8/dist-packages/airflow/example_dags/example_complex.py
[2024-03-14T16:23:25.958+0000] {logging_mixin.py:188} INFO - [2024-03-14T16:23:25.957+0000] {dag.py:3047} INFO - Sync 1 DAGs
[2024-03-14T16:23:25.970+0000] {logging_mixin.py:188} INFO - [2024-03-14T16:23:25.970+0000] {dag.py:3834} INFO - Setting next_dagrun for example_complex to None, run_after=None
[2024-03-14T16:23:26.108+0000] {processor.py:183} INFO - Processing /usr/local/lib/python3.8/dist-packages/airflow/example_dags/example_complex.py took 0.197 seconds
[2024-03-14T16:24:40.435+0000] {processor.py:161} INFO - Started process (PID=728) to work on /usr/local/lib/python3.8/dist-packages/airflow/example_dags/example_complex.py
[2024-03-14T16:24:40.437+0000] {processor.py:830} INFO - Processing file /usr/local/lib/python3.8/dist-packages/airflow/example_dags/example_complex.py for tasks to queue
[2024-03-14T16:24:40.438+0000] {logging_mixin.py:188} INFO - [2024-03-14T16:24:40.438+0000] {dagbag.py:540} INFO - Filling up the DagBag from /usr/local/lib/python3.8/dist-packages/airflow/example_dags/example_complex.py
[2024-03-14T16:24:40.450+0000] {processor.py:840} INFO - DAG(s) 'example_complex' retrieved from /usr/local/lib/python3.8/dist-packages/airflow/example_dags/example_complex.py
[2024-03-14T16:24:40.473+0000] {logging_mixin.py:188} INFO - [2024-03-14T16:24:40.473+0000] {dag.py:3047} INFO - Sync 1 DAGs
[2024-03-14T16:24:40.483+0000] {logging_mixin.py:188} INFO - [2024-03-14T16:24:40.482+0000] {dag.py:3834} INFO - Setting next_dagrun for example_complex to None, run_after=None
[2024-03-14T16:24:40.564+0000] {processor.py:183} INFO - Processing /usr/local/lib/python3.8/dist-packages/airflow/example_dags/example_complex.py took 0.132 seconds
[2024-03-14T16:25:40.267+0000] {processor.py:161} INFO - Started process (PID=815) to work on /usr/local/lib/python3.8/dist-packages/airflow/example_dags/example_complex.py
[2024-03-14T16:25:40.270+0000] {processor.py:830} INFO - Processing file /usr/local/lib/python3.8/dist-packages/airflow/example_dags/example_complex.py for tasks to queue
[2024-03-14T16:25:40.271+0000] {logging_mixin.py:188} INFO - [2024-03-14T16:25:40.270+0000] {dagbag.py:540} INFO - Filling up the DagBag from /usr/local/lib/python3.8/dist-packages/airflow/example_dags/example_complex.py
[2024-03-14T16:25:40.283+0000] {processor.py:840} INFO - DAG(s) 'example_complex' retrieved from /usr/local/lib/python3.8/dist-packages/airflow/example_dags/example_complex.py
[2024-03-14T16:25:40.312+0000] {logging_mixin.py:188} INFO - [2024-03-14T16:25:40.311+0000] {dag.py:3047} INFO - Sync 1 DAGs
[2024-03-14T16:25:40.323+0000] {logging_mixin.py:188} INFO - [2024-03-14T16:25:40.323+0000] {dag.py:3834} INFO - Setting next_dagrun for example_complex to None, run_after=None
[2024-03-14T16:25:40.445+0000] {processor.py:183} INFO - Processing /usr/local/lib/python3.8/dist-packages/airflow/example_dags/example_complex.py took 0.181 seconds
[2024-03-14T16:26:45.014+0000] {processor.py:161} INFO - Started process (PID=930) to work on /usr/local/lib/python3.8/dist-packages/airflow/example_dags/example_complex.py
[2024-03-14T16:26:45.016+0000] {processor.py:830} INFO - Processing file /usr/local/lib/python3.8/dist-packages/airflow/example_dags/example_complex.py for tasks to queue
[2024-03-14T16:26:45.017+0000] {logging_mixin.py:188} INFO - [2024-03-14T16:26:45.017+0000] {dagbag.py:540} INFO - Filling up the DagBag from /usr/local/lib/python3.8/dist-packages/airflow/example_dags/example_complex.py
[2024-03-14T16:26:45.030+0000] {processor.py:840} INFO - DAG(s) 'example_complex' retrieved from /usr/local/lib/python3.8/dist-packages/airflow/example_dags/example_complex.py
[2024-03-14T16:26:45.059+0000] {logging_mixin.py:188} INFO - [2024-03-14T16:26:45.058+0000] {dag.py:3047} INFO - Sync 1 DAGs
[2024-03-14T16:26:45.071+0000] {logging_mixin.py:188} INFO - [2024-03-14T16:26:45.071+0000] {dag.py:3834} INFO - Setting next_dagrun for example_complex to None, run_after=None
[2024-03-14T16:26:45.096+0000] {processor.py:183} INFO - Processing /usr/local/lib/python3.8/dist-packages/airflow/example_dags/example_complex.py took 0.085 seconds
[2024-03-14T16:27:53.794+0000] {processor.py:161} INFO - Started process (PID=1045) to work on /usr/local/lib/python3.8/dist-packages/airflow/example_dags/example_complex.py
[2024-03-14T16:27:53.796+0000] {processor.py:830} INFO - Processing file /usr/local/lib/python3.8/dist-packages/airflow/example_dags/example_complex.py for tasks to queue
[2024-03-14T16:27:53.797+0000] {logging_mixin.py:188} INFO - [2024-03-14T16:27:53.797+0000] {dagbag.py:540} INFO - Filling up the DagBag from /usr/local/lib/python3.8/dist-packages/airflow/example_dags/example_complex.py
[2024-03-14T16:27:53.810+0000] {processor.py:840} INFO - DAG(s) 'example_complex' retrieved from /usr/local/lib/python3.8/dist-packages/airflow/example_dags/example_complex.py
[2024-03-14T16:27:53.834+0000] {logging_mixin.py:188} INFO - [2024-03-14T16:27:53.834+0000] {dag.py:3047} INFO - Sync 1 DAGs
[2024-03-14T16:27:53.843+0000] {logging_mixin.py:188} INFO - [2024-03-14T16:27:53.843+0000] {dag.py:3834} INFO - Setting next_dagrun for example_complex to None, run_after=None
[2024-03-14T16:27:53.932+0000] {processor.py:183} INFO - Processing /usr/local/lib/python3.8/dist-packages/airflow/example_dags/example_complex.py took 0.141 seconds
[2024-03-14T16:29:04.932+0000] {processor.py:161} INFO - Started process (PID=1149) to work on /usr/local/lib/python3.8/dist-packages/airflow/example_dags/example_complex.py
[2024-03-14T16:29:04.934+0000] {processor.py:830} INFO - Processing file /usr/local/lib/python3.8/dist-packages/airflow/example_dags/example_complex.py for tasks to queue
[2024-03-14T16:29:04.935+0000] {logging_mixin.py:188} INFO - [2024-03-14T16:29:04.934+0000] {dagbag.py:540} INFO - Filling up the DagBag from /usr/local/lib/python3.8/dist-packages/airflow/example_dags/example_complex.py
[2024-03-14T16:29:04.947+0000] {processor.py:840} INFO - DAG(s) 'example_complex' retrieved from /usr/local/lib/python3.8/dist-packages/airflow/example_dags/example_complex.py
[2024-03-14T16:29:04.976+0000] {logging_mixin.py:188} INFO - [2024-03-14T16:29:04.976+0000] {dag.py:3047} INFO - Sync 1 DAGs
[2024-03-14T16:29:04.987+0000] {logging_mixin.py:188} INFO - [2024-03-14T16:29:04.987+0000] {dag.py:3834} INFO - Setting next_dagrun for example_complex to None, run_after=None
[2024-03-14T16:29:05.062+0000] {processor.py:183} INFO - Processing /usr/local/lib/python3.8/dist-packages/airflow/example_dags/example_complex.py took 0.134 seconds
[2024-03-14T16:30:57.858+0000] {processor.py:161} INFO - Started process (PID=1344) to work on /usr/local/lib/python3.8/dist-packages/airflow/example_dags/example_complex.py
[2024-03-14T16:30:57.861+0000] {processor.py:830} INFO - Processing file /usr/local/lib/python3.8/dist-packages/airflow/example_dags/example_complex.py for tasks to queue
[2024-03-14T16:30:57.862+0000] {logging_mixin.py:188} INFO - [2024-03-14T16:30:57.861+0000] {dagbag.py:540} INFO - Filling up the DagBag from /usr/local/lib/python3.8/dist-packages/airflow/example_dags/example_complex.py
[2024-03-14T16:30:57.874+0000] {processor.py:840} INFO - DAG(s) 'example_complex' retrieved from /usr/local/lib/python3.8/dist-packages/airflow/example_dags/example_complex.py
[2024-03-14T16:30:57.902+0000] {logging_mixin.py:188} INFO - [2024-03-14T16:30:57.901+0000] {dag.py:3047} INFO - Sync 1 DAGs
[2024-03-14T16:30:57.911+0000] {logging_mixin.py:188} INFO - [2024-03-14T16:30:57.911+0000] {dag.py:3834} INFO - Setting next_dagrun for example_complex to None, run_after=None
[2024-03-14T16:30:58.015+0000] {processor.py:183} INFO - Processing /usr/local/lib/python3.8/dist-packages/airflow/example_dags/example_complex.py took 0.159 seconds
[2024-03-14T16:32:04.814+0000] {processor.py:161} INFO - Started process (PID=1458) to work on /usr/local/lib/python3.8/dist-packages/airflow/example_dags/example_complex.py
[2024-03-14T16:32:04.817+0000] {processor.py:830} INFO - Processing file /usr/local/lib/python3.8/dist-packages/airflow/example_dags/example_complex.py for tasks to queue
[2024-03-14T16:32:04.818+0000] {logging_mixin.py:188} INFO - [2024-03-14T16:32:04.817+0000] {dagbag.py:540} INFO - Filling up the DagBag from /usr/local/lib/python3.8/dist-packages/airflow/example_dags/example_complex.py
[2024-03-14T16:32:04.830+0000] {processor.py:840} INFO - DAG(s) 'example_complex' retrieved from /usr/local/lib/python3.8/dist-packages/airflow/example_dags/example_complex.py
[2024-03-14T16:32:04.859+0000] {logging_mixin.py:188} INFO - [2024-03-14T16:32:04.858+0000] {dag.py:3047} INFO - Sync 1 DAGs
[2024-03-14T16:32:04.871+0000] {logging_mixin.py:188} INFO - [2024-03-14T16:32:04.871+0000] {dag.py:3834} INFO - Setting next_dagrun for example_complex to None, run_after=None
[2024-03-14T16:32:05.009+0000] {processor.py:183} INFO - Processing /usr/local/lib/python3.8/dist-packages/airflow/example_dags/example_complex.py took 0.197 seconds
[2024-03-14T16:33:18.399+0000] {processor.py:161} INFO - Started process (PID=1671) to work on /usr/local/lib/python3.8/dist-packages/airflow/example_dags/example_complex.py
[2024-03-14T16:33:18.401+0000] {processor.py:830} INFO - Processing file /usr/local/lib/python3.8/dist-packages/airflow/example_dags/example_complex.py for tasks to queue
[2024-03-14T16:33:18.402+0000] {logging_mixin.py:188} INFO - [2024-03-14T16:33:18.402+0000] {dagbag.py:540} INFO - Filling up the DagBag from /usr/local/lib/python3.8/dist-packages/airflow/example_dags/example_complex.py
[2024-03-14T16:33:18.414+0000] {processor.py:840} INFO - DAG(s) 'example_complex' retrieved from /usr/local/lib/python3.8/dist-packages/airflow/example_dags/example_complex.py
[2024-03-14T16:33:18.443+0000] {logging_mixin.py:188} INFO - [2024-03-14T16:33:18.443+0000] {dag.py:3047} INFO - Sync 1 DAGs
[2024-03-14T16:33:18.455+0000] {logging_mixin.py:188} INFO - [2024-03-14T16:33:18.455+0000] {dag.py:3834} INFO - Setting next_dagrun for example_complex to None, run_after=None
[2024-03-14T16:33:18.615+0000] {processor.py:183} INFO - Processing /usr/local/lib/python3.8/dist-packages/airflow/example_dags/example_complex.py took 0.219 seconds
[2024-03-14T16:34:58.779+0000] {processor.py:161} INFO - Started process (PID=1837) to work on /usr/local/lib/python3.8/dist-packages/airflow/example_dags/example_complex.py
[2024-03-14T16:34:58.781+0000] {processor.py:830} INFO - Processing file /usr/local/lib/python3.8/dist-packages/airflow/example_dags/example_complex.py for tasks to queue
[2024-03-14T16:34:58.782+0000] {logging_mixin.py:188} INFO - [2024-03-14T16:34:58.782+0000] {dagbag.py:540} INFO - Filling up the DagBag from /usr/local/lib/python3.8/dist-packages/airflow/example_dags/example_complex.py
[2024-03-14T16:34:58.795+0000] {processor.py:840} INFO - DAG(s) 'example_complex' retrieved from /usr/local/lib/python3.8/dist-packages/airflow/example_dags/example_complex.py
[2024-03-14T16:34:58.823+0000] {logging_mixin.py:188} INFO - [2024-03-14T16:34:58.823+0000] {dag.py:3047} INFO - Sync 1 DAGs
[2024-03-14T16:34:58.836+0000] {logging_mixin.py:188} INFO - [2024-03-14T16:34:58.835+0000] {dag.py:3834} INFO - Setting next_dagrun for example_complex to None, run_after=None
[2024-03-14T16:34:58.925+0000] {processor.py:183} INFO - Processing /usr/local/lib/python3.8/dist-packages/airflow/example_dags/example_complex.py took 0.149 seconds
[2024-03-14T16:36:36.451+0000] {processor.py:161} INFO - Started process (PID=2014) to work on /usr/local/lib/python3.8/dist-packages/airflow/example_dags/example_complex.py
[2024-03-14T16:36:36.453+0000] {processor.py:830} INFO - Processing file /usr/local/lib/python3.8/dist-packages/airflow/example_dags/example_complex.py for tasks to queue
[2024-03-14T16:36:36.454+0000] {logging_mixin.py:188} INFO - [2024-03-14T16:36:36.453+0000] {dagbag.py:540} INFO - Filling up the DagBag from /usr/local/lib/python3.8/dist-packages/airflow/example_dags/example_complex.py
[2024-03-14T16:36:36.466+0000] {processor.py:840} INFO - DAG(s) 'example_complex' retrieved from /usr/local/lib/python3.8/dist-packages/airflow/example_dags/example_complex.py
[2024-03-14T16:36:36.495+0000] {logging_mixin.py:188} INFO - [2024-03-14T16:36:36.495+0000] {dag.py:3047} INFO - Sync 1 DAGs
[2024-03-14T16:36:36.507+0000] {logging_mixin.py:188} INFO - [2024-03-14T16:36:36.507+0000] {dag.py:3834} INFO - Setting next_dagrun for example_complex to None, run_after=None
[2024-03-14T16:36:36.544+0000] {processor.py:183} INFO - Processing /usr/local/lib/python3.8/dist-packages/airflow/example_dags/example_complex.py took 0.096 seconds
[2024-03-14T16:38:06.367+0000] {processor.py:161} INFO - Started process (PID=2191) to work on /usr/local/lib/python3.8/dist-packages/airflow/example_dags/example_complex.py
[2024-03-14T16:38:06.369+0000] {processor.py:830} INFO - Processing file /usr/local/lib/python3.8/dist-packages/airflow/example_dags/example_complex.py for tasks to queue
[2024-03-14T16:38:06.370+0000] {logging_mixin.py:188} INFO - [2024-03-14T16:38:06.370+0000] {dagbag.py:540} INFO - Filling up the DagBag from /usr/local/lib/python3.8/dist-packages/airflow/example_dags/example_complex.py
[2024-03-14T16:38:06.383+0000] {processor.py:840} INFO - DAG(s) 'example_complex' retrieved from /usr/local/lib/python3.8/dist-packages/airflow/example_dags/example_complex.py
[2024-03-14T16:38:06.411+0000] {logging_mixin.py:188} INFO - [2024-03-14T16:38:06.411+0000] {dag.py:3047} INFO - Sync 1 DAGs
[2024-03-14T16:38:06.424+0000] {logging_mixin.py:188} INFO - [2024-03-14T16:38:06.423+0000] {dag.py:3834} INFO - Setting next_dagrun for example_complex to None, run_after=None
[2024-03-14T16:38:06.517+0000] {processor.py:183} INFO - Processing /usr/local/lib/python3.8/dist-packages/airflow/example_dags/example_complex.py took 0.154 seconds
[2024-03-14T16:39:22.887+0000] {processor.py:161} INFO - Started process (PID=2311) to work on /usr/local/lib/python3.8/dist-packages/airflow/example_dags/example_complex.py
[2024-03-14T16:39:22.890+0000] {processor.py:830} INFO - Processing file /usr/local/lib/python3.8/dist-packages/airflow/example_dags/example_complex.py for tasks to queue
[2024-03-14T16:39:22.891+0000] {logging_mixin.py:188} INFO - [2024-03-14T16:39:22.890+0000] {dagbag.py:540} INFO - Filling up the DagBag from /usr/local/lib/python3.8/dist-packages/airflow/example_dags/example_complex.py
[2024-03-14T16:39:22.903+0000] {processor.py:840} INFO - DAG(s) 'example_complex' retrieved from /usr/local/lib/python3.8/dist-packages/airflow/example_dags/example_complex.py
[2024-03-14T16:39:22.932+0000] {logging_mixin.py:188} INFO - [2024-03-14T16:39:22.932+0000] {dag.py:3047} INFO - Sync 1 DAGs
[2024-03-14T16:39:22.945+0000] {logging_mixin.py:188} INFO - [2024-03-14T16:39:22.945+0000] {dag.py:3834} INFO - Setting next_dagrun for example_complex to None, run_after=None
[2024-03-14T16:39:23.081+0000] {processor.py:183} INFO - Processing /usr/local/lib/python3.8/dist-packages/airflow/example_dags/example_complex.py took 0.196 seconds
[2024-03-14T16:40:32.038+0000] {processor.py:161} INFO - Started process (PID=2425) to work on /usr/local/lib/python3.8/dist-packages/airflow/example_dags/example_complex.py
[2024-03-14T16:40:32.041+0000] {processor.py:830} INFO - Processing file /usr/local/lib/python3.8/dist-packages/airflow/example_dags/example_complex.py for tasks to queue
[2024-03-14T16:40:32.042+0000] {logging_mixin.py:188} INFO - [2024-03-14T16:40:32.041+0000] {dagbag.py:540} INFO - Filling up the DagBag from /usr/local/lib/python3.8/dist-packages/airflow/example_dags/example_complex.py
[2024-03-14T16:40:32.054+0000] {processor.py:840} INFO - DAG(s) 'example_complex' retrieved from /usr/local/lib/python3.8/dist-packages/airflow/example_dags/example_complex.py
[2024-03-14T16:40:32.083+0000] {logging_mixin.py:188} INFO - [2024-03-14T16:40:32.083+0000] {dag.py:3047} INFO - Sync 1 DAGs
[2024-03-14T16:40:32.096+0000] {logging_mixin.py:188} INFO - [2024-03-14T16:40:32.095+0000] {dag.py:3834} INFO - Setting next_dagrun for example_complex to None, run_after=None
[2024-03-14T16:40:32.171+0000] {processor.py:183} INFO - Processing /usr/local/lib/python3.8/dist-packages/airflow/example_dags/example_complex.py took 0.136 seconds
[2024-03-14T16:41:42.763+0000] {processor.py:161} INFO - Started process (PID=2535) to work on /usr/local/lib/python3.8/dist-packages/airflow/example_dags/example_complex.py
[2024-03-14T16:41:42.765+0000] {processor.py:830} INFO - Processing file /usr/local/lib/python3.8/dist-packages/airflow/example_dags/example_complex.py for tasks to queue
[2024-03-14T16:41:42.766+0000] {logging_mixin.py:188} INFO - [2024-03-14T16:41:42.766+0000] {dagbag.py:540} INFO - Filling up the DagBag from /usr/local/lib/python3.8/dist-packages/airflow/example_dags/example_complex.py
[2024-03-14T16:41:42.779+0000] {processor.py:840} INFO - DAG(s) 'example_complex' retrieved from /usr/local/lib/python3.8/dist-packages/airflow/example_dags/example_complex.py
[2024-03-14T16:41:42.807+0000] {logging_mixin.py:188} INFO - [2024-03-14T16:41:42.807+0000] {dag.py:3047} INFO - Sync 1 DAGs
[2024-03-14T16:41:42.820+0000] {logging_mixin.py:188} INFO - [2024-03-14T16:41:42.819+0000] {dag.py:3834} INFO - Setting next_dagrun for example_complex to None, run_after=None
[2024-03-14T16:41:42.901+0000] {processor.py:183} INFO - Processing /usr/local/lib/python3.8/dist-packages/airflow/example_dags/example_complex.py took 0.142 seconds
[2024-03-14T16:43:04.451+0000] {processor.py:161} INFO - Started process (PID=2652) to work on /usr/local/lib/python3.8/dist-packages/airflow/example_dags/example_complex.py
[2024-03-14T16:43:04.453+0000] {processor.py:830} INFO - Processing file /usr/local/lib/python3.8/dist-packages/airflow/example_dags/example_complex.py for tasks to queue
[2024-03-14T16:43:04.455+0000] {logging_mixin.py:188} INFO - [2024-03-14T16:43:04.454+0000] {dagbag.py:540} INFO - Filling up the DagBag from /usr/local/lib/python3.8/dist-packages/airflow/example_dags/example_complex.py
[2024-03-14T16:43:04.467+0000] {processor.py:840} INFO - DAG(s) 'example_complex' retrieved from /usr/local/lib/python3.8/dist-packages/airflow/example_dags/example_complex.py
[2024-03-14T16:43:04.496+0000] {logging_mixin.py:188} INFO - [2024-03-14T16:43:04.496+0000] {dag.py:3047} INFO - Sync 1 DAGs
[2024-03-14T16:43:04.508+0000] {logging_mixin.py:188} INFO - [2024-03-14T16:43:04.508+0000] {dag.py:3834} INFO - Setting next_dagrun for example_complex to None, run_after=None
[2024-03-14T16:43:04.605+0000] {processor.py:183} INFO - Processing /usr/local/lib/python3.8/dist-packages/airflow/example_dags/example_complex.py took 0.157 seconds
[2024-03-14T16:44:46.979+0000] {processor.py:161} INFO - Started process (PID=2832) to work on /usr/local/lib/python3.8/dist-packages/airflow/example_dags/example_complex.py
[2024-03-14T16:44:46.981+0000] {processor.py:830} INFO - Processing file /usr/local/lib/python3.8/dist-packages/airflow/example_dags/example_complex.py for tasks to queue
[2024-03-14T16:44:46.982+0000] {logging_mixin.py:188} INFO - [2024-03-14T16:44:46.982+0000] {dagbag.py:540} INFO - Filling up the DagBag from /usr/local/lib/python3.8/dist-packages/airflow/example_dags/example_complex.py
[2024-03-14T16:44:46.995+0000] {processor.py:840} INFO - DAG(s) 'example_complex' retrieved from /usr/local/lib/python3.8/dist-packages/airflow/example_dags/example_complex.py
[2024-03-14T16:44:47.023+0000] {logging_mixin.py:188} INFO - [2024-03-14T16:44:47.023+0000] {dag.py:3047} INFO - Sync 1 DAGs
[2024-03-14T16:44:47.036+0000] {logging_mixin.py:188} INFO - [2024-03-14T16:44:47.035+0000] {dag.py:3834} INFO - Setting next_dagrun for example_complex to None, run_after=None
[2024-03-14T16:44:47.069+0000] {processor.py:183} INFO - Processing /usr/local/lib/python3.8/dist-packages/airflow/example_dags/example_complex.py took 0.093 seconds
[2024-03-14T16:56:28.623+0000] {processor.py:161} INFO - Started process (PID=3266) to work on /usr/local/lib/python3.8/dist-packages/airflow/example_dags/example_complex.py
[2024-03-14T16:56:28.626+0000] {processor.py:830} INFO - Processing file /usr/local/lib/python3.8/dist-packages/airflow/example_dags/example_complex.py for tasks to queue
[2024-03-14T16:56:28.627+0000] {logging_mixin.py:188} INFO - [2024-03-14T16:56:28.626+0000] {dagbag.py:540} INFO - Filling up the DagBag from /usr/local/lib/python3.8/dist-packages/airflow/example_dags/example_complex.py
[2024-03-14T16:56:28.640+0000] {processor.py:840} INFO - DAG(s) 'example_complex' retrieved from /usr/local/lib/python3.8/dist-packages/airflow/example_dags/example_complex.py
[2024-03-14T16:56:28.671+0000] {logging_mixin.py:188} INFO - [2024-03-14T16:56:28.671+0000] {dag.py:3047} INFO - Sync 1 DAGs
[2024-03-14T16:56:28.685+0000] {logging_mixin.py:188} INFO - [2024-03-14T16:56:28.685+0000] {dag.py:3834} INFO - Setting next_dagrun for example_complex to None, run_after=None
[2024-03-14T16:56:28.820+0000] {processor.py:183} INFO - Processing /usr/local/lib/python3.8/dist-packages/airflow/example_dags/example_complex.py took 0.201 seconds
[2024-03-14T16:58:25.004+0000] {processor.py:161} INFO - Started process (PID=3461) to work on /usr/local/lib/python3.8/dist-packages/airflow/example_dags/example_complex.py
[2024-03-14T16:58:25.034+0000] {processor.py:830} INFO - Processing file /usr/local/lib/python3.8/dist-packages/airflow/example_dags/example_complex.py for tasks to queue
[2024-03-14T16:58:25.035+0000] {logging_mixin.py:188} INFO - [2024-03-14T16:58:25.035+0000] {dagbag.py:540} INFO - Filling up the DagBag from /usr/local/lib/python3.8/dist-packages/airflow/example_dags/example_complex.py
[2024-03-14T16:58:25.049+0000] {processor.py:840} INFO - DAG(s) 'example_complex' retrieved from /usr/local/lib/python3.8/dist-packages/airflow/example_dags/example_complex.py
[2024-03-14T16:58:25.080+0000] {logging_mixin.py:188} INFO - [2024-03-14T16:58:25.079+0000] {dag.py:3047} INFO - Sync 1 DAGs
[2024-03-14T16:58:25.093+0000] {logging_mixin.py:188} INFO - [2024-03-14T16:58:25.093+0000] {dag.py:3834} INFO - Setting next_dagrun for example_complex to None, run_after=None
[2024-03-14T16:58:25.129+0000] {processor.py:183} INFO - Processing /usr/local/lib/python3.8/dist-packages/airflow/example_dags/example_complex.py took 0.129 seconds
