[2024-03-14T16:22:29.418+0000] {processor.py:161} INFO - Started process (PID=529) to work on /usr/local/lib/python3.8/dist-packages/airflow/example_dags/example_sla_dag.py
[2024-03-14T16:22:29.419+0000] {processor.py:830} INFO - Processing file /usr/local/lib/python3.8/dist-packages/airflow/example_dags/example_sla_dag.py for tasks to queue
[2024-03-14T16:22:29.420+0000] {logging_mixin.py:188} INFO - [2024-03-14T16:22:29.420+0000] {dagbag.py:540} INFO - Filling up the DagBag from /usr/local/lib/python3.8/dist-packages/airflow/example_dags/example_sla_dag.py
[2024-03-14T16:22:29.430+0000] {processor.py:840} INFO - DAG(s) 'example_sla_dag' retrieved from /usr/local/lib/python3.8/dist-packages/airflow/example_dags/example_sla_dag.py
[2024-03-14T16:22:29.453+0000] {logging_mixin.py:188} INFO - [2024-03-14T16:22:29.453+0000] {dag.py:3047} INFO - Sync 1 DAGs
[2024-03-14T16:22:29.478+0000] {logging_mixin.py:188} INFO - [2024-03-14T16:22:29.477+0000] {dag.py:3834} INFO - Setting next_dagrun for example_sla_dag to 2024-03-14 16:20:00+00:00, run_after=2024-03-14 16:22:00+00:00
[2024-03-14T16:22:29.662+0000] {processor.py:183} INFO - Processing /usr/local/lib/python3.8/dist-packages/airflow/example_dags/example_sla_dag.py took 0.247 seconds
[2024-03-14T16:23:51.327+0000] {processor.py:161} INFO - Started process (PID=666) to work on /usr/local/lib/python3.8/dist-packages/airflow/example_dags/example_sla_dag.py
[2024-03-14T16:23:51.329+0000] {processor.py:830} INFO - Processing file /usr/local/lib/python3.8/dist-packages/airflow/example_dags/example_sla_dag.py for tasks to queue
[2024-03-14T16:23:51.330+0000] {logging_mixin.py:188} INFO - [2024-03-14T16:23:51.330+0000] {dagbag.py:540} INFO - Filling up the DagBag from /usr/local/lib/python3.8/dist-packages/airflow/example_dags/example_sla_dag.py
[2024-03-14T16:23:51.340+0000] {processor.py:840} INFO - DAG(s) 'example_sla_dag' retrieved from /usr/local/lib/python3.8/dist-packages/airflow/example_dags/example_sla_dag.py
[2024-03-14T16:23:51.356+0000] {logging_mixin.py:188} INFO - [2024-03-14T16:23:51.356+0000] {dag.py:3047} INFO - Sync 1 DAGs
[2024-03-14T16:23:51.382+0000] {logging_mixin.py:188} INFO - [2024-03-14T16:23:51.382+0000] {dag.py:3834} INFO - Setting next_dagrun for example_sla_dag to 2024-03-14 16:20:00+00:00, run_after=2024-03-14 16:22:00+00:00
[2024-03-14T16:23:51.472+0000] {processor.py:183} INFO - Processing /usr/local/lib/python3.8/dist-packages/airflow/example_dags/example_sla_dag.py took 0.148 seconds
[2024-03-14T16:24:56.378+0000] {processor.py:161} INFO - Started process (PID=761) to work on /usr/local/lib/python3.8/dist-packages/airflow/example_dags/example_sla_dag.py
[2024-03-14T16:24:56.381+0000] {processor.py:830} INFO - Processing file /usr/local/lib/python3.8/dist-packages/airflow/example_dags/example_sla_dag.py for tasks to queue
[2024-03-14T16:24:56.382+0000] {logging_mixin.py:188} INFO - [2024-03-14T16:24:56.381+0000] {dagbag.py:540} INFO - Filling up the DagBag from /usr/local/lib/python3.8/dist-packages/airflow/example_dags/example_sla_dag.py
[2024-03-14T16:24:56.392+0000] {processor.py:840} INFO - DAG(s) 'example_sla_dag' retrieved from /usr/local/lib/python3.8/dist-packages/airflow/example_dags/example_sla_dag.py
[2024-03-14T16:24:56.407+0000] {logging_mixin.py:188} INFO - [2024-03-14T16:24:56.407+0000] {dag.py:3047} INFO - Sync 1 DAGs
[2024-03-14T16:24:56.433+0000] {logging_mixin.py:188} INFO - [2024-03-14T16:24:56.433+0000] {dag.py:3834} INFO - Setting next_dagrun for example_sla_dag to 2024-03-14 16:22:00+00:00, run_after=2024-03-14 16:24:00+00:00
[2024-03-14T16:24:56.462+0000] {processor.py:183} INFO - Processing /usr/local/lib/python3.8/dist-packages/airflow/example_dags/example_sla_dag.py took 0.087 seconds
[2024-03-14T16:25:59.770+0000] {processor.py:161} INFO - Started process (PID=867) to work on /usr/local/lib/python3.8/dist-packages/airflow/example_dags/example_sla_dag.py
[2024-03-14T16:25:59.773+0000] {processor.py:830} INFO - Processing file /usr/local/lib/python3.8/dist-packages/airflow/example_dags/example_sla_dag.py for tasks to queue
[2024-03-14T16:25:59.774+0000] {logging_mixin.py:188} INFO - [2024-03-14T16:25:59.773+0000] {dagbag.py:540} INFO - Filling up the DagBag from /usr/local/lib/python3.8/dist-packages/airflow/example_dags/example_sla_dag.py
[2024-03-14T16:25:59.783+0000] {processor.py:840} INFO - DAG(s) 'example_sla_dag' retrieved from /usr/local/lib/python3.8/dist-packages/airflow/example_dags/example_sla_dag.py
[2024-03-14T16:25:59.799+0000] {logging_mixin.py:188} INFO - [2024-03-14T16:25:59.799+0000] {dag.py:3047} INFO - Sync 1 DAGs
[2024-03-14T16:25:59.824+0000] {logging_mixin.py:188} INFO - [2024-03-14T16:25:59.823+0000] {dag.py:3834} INFO - Setting next_dagrun for example_sla_dag to 2024-03-14 16:22:00+00:00, run_after=2024-03-14 16:24:00+00:00
[2024-03-14T16:25:59.927+0000] {processor.py:183} INFO - Processing /usr/local/lib/python3.8/dist-packages/airflow/example_dags/example_sla_dag.py took 0.160 seconds
[2024-03-14T16:27:08.419+0000] {processor.py:161} INFO - Started process (PID=984) to work on /usr/local/lib/python3.8/dist-packages/airflow/example_dags/example_sla_dag.py
[2024-03-14T16:27:08.422+0000] {processor.py:830} INFO - Processing file /usr/local/lib/python3.8/dist-packages/airflow/example_dags/example_sla_dag.py for tasks to queue
[2024-03-14T16:27:08.423+0000] {logging_mixin.py:188} INFO - [2024-03-14T16:27:08.422+0000] {dagbag.py:540} INFO - Filling up the DagBag from /usr/local/lib/python3.8/dist-packages/airflow/example_dags/example_sla_dag.py
[2024-03-14T16:27:08.433+0000] {processor.py:840} INFO - DAG(s) 'example_sla_dag' retrieved from /usr/local/lib/python3.8/dist-packages/airflow/example_dags/example_sla_dag.py
[2024-03-14T16:27:08.449+0000] {logging_mixin.py:188} INFO - [2024-03-14T16:27:08.449+0000] {dag.py:3047} INFO - Sync 1 DAGs
[2024-03-14T16:27:08.473+0000] {logging_mixin.py:188} INFO - [2024-03-14T16:27:08.473+0000] {dag.py:3834} INFO - Setting next_dagrun for example_sla_dag to 2024-03-14 16:24:00+00:00, run_after=2024-03-14 16:26:00+00:00
[2024-03-14T16:27:08.548+0000] {processor.py:183} INFO - Processing /usr/local/lib/python3.8/dist-packages/airflow/example_dags/example_sla_dag.py took 0.132 seconds
[2024-03-14T16:28:19.093+0000] {processor.py:161} INFO - Started process (PID=1100) to work on /usr/local/lib/python3.8/dist-packages/airflow/example_dags/example_sla_dag.py
[2024-03-14T16:28:19.096+0000] {processor.py:830} INFO - Processing file /usr/local/lib/python3.8/dist-packages/airflow/example_dags/example_sla_dag.py for tasks to queue
[2024-03-14T16:28:19.096+0000] {logging_mixin.py:188} INFO - [2024-03-14T16:28:19.096+0000] {dagbag.py:540} INFO - Filling up the DagBag from /usr/local/lib/python3.8/dist-packages/airflow/example_dags/example_sla_dag.py
[2024-03-14T16:28:19.106+0000] {processor.py:840} INFO - DAG(s) 'example_sla_dag' retrieved from /usr/local/lib/python3.8/dist-packages/airflow/example_dags/example_sla_dag.py
[2024-03-14T16:28:19.122+0000] {logging_mixin.py:188} INFO - [2024-03-14T16:28:19.122+0000] {dag.py:3047} INFO - Sync 1 DAGs
[2024-03-14T16:28:19.147+0000] {logging_mixin.py:188} INFO - [2024-03-14T16:28:19.147+0000] {dag.py:3834} INFO - Setting next_dagrun for example_sla_dag to 2024-03-14 16:26:00+00:00, run_after=2024-03-14 16:28:00+00:00
[2024-03-14T16:28:19.177+0000] {processor.py:183} INFO - Processing /usr/local/lib/python3.8/dist-packages/airflow/example_dags/example_sla_dag.py took 0.087 seconds
[2024-03-14T16:29:33.411+0000] {processor.py:161} INFO - Started process (PID=1217) to work on /usr/local/lib/python3.8/dist-packages/airflow/example_dags/example_sla_dag.py
[2024-03-14T16:29:33.414+0000] {processor.py:830} INFO - Processing file /usr/local/lib/python3.8/dist-packages/airflow/example_dags/example_sla_dag.py for tasks to queue
[2024-03-14T16:29:33.415+0000] {logging_mixin.py:188} INFO - [2024-03-14T16:29:33.414+0000] {dagbag.py:540} INFO - Filling up the DagBag from /usr/local/lib/python3.8/dist-packages/airflow/example_dags/example_sla_dag.py
[2024-03-14T16:29:33.424+0000] {processor.py:840} INFO - DAG(s) 'example_sla_dag' retrieved from /usr/local/lib/python3.8/dist-packages/airflow/example_dags/example_sla_dag.py
[2024-03-14T16:29:33.440+0000] {logging_mixin.py:188} INFO - [2024-03-14T16:29:33.440+0000] {dag.py:3047} INFO - Sync 1 DAGs
[2024-03-14T16:29:33.462+0000] {logging_mixin.py:188} INFO - [2024-03-14T16:29:33.462+0000] {dag.py:3834} INFO - Setting next_dagrun for example_sla_dag to 2024-03-14 16:26:00+00:00, run_after=2024-03-14 16:28:00+00:00
[2024-03-14T16:29:33.531+0000] {processor.py:183} INFO - Processing /usr/local/lib/python3.8/dist-packages/airflow/example_dags/example_sla_dag.py took 0.123 seconds
[2024-03-14T16:30:38.514+0000] {processor.py:161} INFO - Started process (PID=1326) to work on /usr/local/lib/python3.8/dist-packages/airflow/example_dags/example_sla_dag.py
[2024-03-14T16:30:38.517+0000] {processor.py:830} INFO - Processing file /usr/local/lib/python3.8/dist-packages/airflow/example_dags/example_sla_dag.py for tasks to queue
[2024-03-14T16:30:38.518+0000] {logging_mixin.py:188} INFO - [2024-03-14T16:30:38.517+0000] {dagbag.py:540} INFO - Filling up the DagBag from /usr/local/lib/python3.8/dist-packages/airflow/example_dags/example_sla_dag.py
[2024-03-14T16:30:38.527+0000] {processor.py:840} INFO - DAG(s) 'example_sla_dag' retrieved from /usr/local/lib/python3.8/dist-packages/airflow/example_dags/example_sla_dag.py
[2024-03-14T16:30:38.543+0000] {logging_mixin.py:188} INFO - [2024-03-14T16:30:38.543+0000] {dag.py:3047} INFO - Sync 1 DAGs
[2024-03-14T16:30:38.568+0000] {logging_mixin.py:188} INFO - [2024-03-14T16:30:38.568+0000] {dag.py:3834} INFO - Setting next_dagrun for example_sla_dag to 2024-03-14 16:28:00+00:00, run_after=2024-03-14 16:30:00+00:00
[2024-03-14T16:30:38.683+0000] {processor.py:183} INFO - Processing /usr/local/lib/python3.8/dist-packages/airflow/example_dags/example_sla_dag.py took 0.172 seconds
[2024-03-14T16:31:27.127+0000] {processor.py:161} INFO - Started process (PID=1415) to work on /usr/local/lib/python3.8/dist-packages/airflow/example_dags/example_sla_dag.py
[2024-03-14T16:31:27.130+0000] {processor.py:830} INFO - Processing file /usr/local/lib/python3.8/dist-packages/airflow/example_dags/example_sla_dag.py for tasks to queue
[2024-03-14T16:31:27.131+0000] {logging_mixin.py:188} INFO - [2024-03-14T16:31:27.130+0000] {dagbag.py:540} INFO - Filling up the DagBag from /usr/local/lib/python3.8/dist-packages/airflow/example_dags/example_sla_dag.py
[2024-03-14T16:31:27.140+0000] {processor.py:840} INFO - DAG(s) 'example_sla_dag' retrieved from /usr/local/lib/python3.8/dist-packages/airflow/example_dags/example_sla_dag.py
[2024-03-14T16:31:27.156+0000] {logging_mixin.py:188} INFO - [2024-03-14T16:31:27.156+0000] {dag.py:3047} INFO - Sync 1 DAGs
[2024-03-14T16:31:27.181+0000] {logging_mixin.py:188} INFO - [2024-03-14T16:31:27.181+0000] {dag.py:3834} INFO - Setting next_dagrun for example_sla_dag to 2024-03-14 16:28:00+00:00, run_after=2024-03-14 16:30:00+00:00
[2024-03-14T16:31:27.293+0000] {processor.py:183} INFO - Processing /usr/local/lib/python3.8/dist-packages/airflow/example_dags/example_sla_dag.py took 0.169 seconds
[2024-03-14T16:32:33.380+0000] {processor.py:161} INFO - Started process (PID=1528) to work on /usr/local/lib/python3.8/dist-packages/airflow/example_dags/example_sla_dag.py
[2024-03-14T16:32:33.382+0000] {processor.py:830} INFO - Processing file /usr/local/lib/python3.8/dist-packages/airflow/example_dags/example_sla_dag.py for tasks to queue
[2024-03-14T16:32:33.382+0000] {logging_mixin.py:188} INFO - [2024-03-14T16:32:33.382+0000] {dagbag.py:540} INFO - Filling up the DagBag from /usr/local/lib/python3.8/dist-packages/airflow/example_dags/example_sla_dag.py
[2024-03-14T16:32:33.392+0000] {processor.py:840} INFO - DAG(s) 'example_sla_dag' retrieved from /usr/local/lib/python3.8/dist-packages/airflow/example_dags/example_sla_dag.py
[2024-03-14T16:32:33.408+0000] {logging_mixin.py:188} INFO - [2024-03-14T16:32:33.408+0000] {dag.py:3047} INFO - Sync 1 DAGs
[2024-03-14T16:32:33.433+0000] {logging_mixin.py:188} INFO - [2024-03-14T16:32:33.433+0000] {dag.py:3834} INFO - Setting next_dagrun for example_sla_dag to 2024-03-14 16:30:00+00:00, run_after=2024-03-14 16:32:00+00:00
[2024-03-14T16:32:33.537+0000] {processor.py:183} INFO - Processing /usr/local/lib/python3.8/dist-packages/airflow/example_dags/example_sla_dag.py took 0.160 seconds
[2024-03-14T16:34:10.807+0000] {processor.py:161} INFO - Started process (PID=1787) to work on /usr/local/lib/python3.8/dist-packages/airflow/example_dags/example_sla_dag.py
[2024-03-14T16:34:10.823+0000] {processor.py:830} INFO - Processing file /usr/local/lib/python3.8/dist-packages/airflow/example_dags/example_sla_dag.py for tasks to queue
[2024-03-14T16:34:10.824+0000] {logging_mixin.py:188} INFO - [2024-03-14T16:34:10.823+0000] {dagbag.py:540} INFO - Filling up the DagBag from /usr/local/lib/python3.8/dist-packages/airflow/example_dags/example_sla_dag.py
[2024-03-14T16:34:10.834+0000] {processor.py:840} INFO - DAG(s) 'example_sla_dag' retrieved from /usr/local/lib/python3.8/dist-packages/airflow/example_dags/example_sla_dag.py
[2024-03-14T16:34:10.850+0000] {logging_mixin.py:188} INFO - [2024-03-14T16:34:10.849+0000] {dag.py:3047} INFO - Sync 1 DAGs
[2024-03-14T16:34:10.875+0000] {logging_mixin.py:188} INFO - [2024-03-14T16:34:10.875+0000] {dag.py:3834} INFO - Setting next_dagrun for example_sla_dag to 2024-03-14 16:32:00+00:00, run_after=2024-03-14 16:34:00+00:00
[2024-03-14T16:34:11.000+0000] {processor.py:183} INFO - Processing /usr/local/lib/python3.8/dist-packages/airflow/example_dags/example_sla_dag.py took 0.197 seconds
[2024-03-14T16:35:26.747+0000] {processor.py:161} INFO - Started process (PID=1907) to work on /usr/local/lib/python3.8/dist-packages/airflow/example_dags/example_sla_dag.py
[2024-03-14T16:35:26.749+0000] {processor.py:830} INFO - Processing file /usr/local/lib/python3.8/dist-packages/airflow/example_dags/example_sla_dag.py for tasks to queue
[2024-03-14T16:35:26.750+0000] {logging_mixin.py:188} INFO - [2024-03-14T16:35:26.750+0000] {dagbag.py:540} INFO - Filling up the DagBag from /usr/local/lib/python3.8/dist-packages/airflow/example_dags/example_sla_dag.py
[2024-03-14T16:35:26.760+0000] {processor.py:840} INFO - DAG(s) 'example_sla_dag' retrieved from /usr/local/lib/python3.8/dist-packages/airflow/example_dags/example_sla_dag.py
[2024-03-14T16:35:26.774+0000] {logging_mixin.py:188} INFO - [2024-03-14T16:35:26.773+0000] {dag.py:3047} INFO - Sync 1 DAGs
[2024-03-14T16:35:26.793+0000] {logging_mixin.py:188} INFO - [2024-03-14T16:35:26.793+0000] {dag.py:3834} INFO - Setting next_dagrun for example_sla_dag to 2024-03-14 16:32:00+00:00, run_after=2024-03-14 16:34:00+00:00
[2024-03-14T16:35:26.879+0000] {processor.py:183} INFO - Processing /usr/local/lib/python3.8/dist-packages/airflow/example_dags/example_sla_dag.py took 0.135 seconds
[2024-03-14T16:37:01.390+0000] {processor.py:161} INFO - Started process (PID=2083) to work on /usr/local/lib/python3.8/dist-packages/airflow/example_dags/example_sla_dag.py
[2024-03-14T16:37:01.392+0000] {processor.py:830} INFO - Processing file /usr/local/lib/python3.8/dist-packages/airflow/example_dags/example_sla_dag.py for tasks to queue
[2024-03-14T16:37:01.392+0000] {logging_mixin.py:188} INFO - [2024-03-14T16:37:01.392+0000] {dagbag.py:540} INFO - Filling up the DagBag from /usr/local/lib/python3.8/dist-packages/airflow/example_dags/example_sla_dag.py
[2024-03-14T16:37:01.402+0000] {processor.py:840} INFO - DAG(s) 'example_sla_dag' retrieved from /usr/local/lib/python3.8/dist-packages/airflow/example_dags/example_sla_dag.py
[2024-03-14T16:37:01.415+0000] {logging_mixin.py:188} INFO - [2024-03-14T16:37:01.415+0000] {dag.py:3047} INFO - Sync 1 DAGs
[2024-03-14T16:37:01.435+0000] {logging_mixin.py:188} INFO - [2024-03-14T16:37:01.435+0000] {dag.py:3834} INFO - Setting next_dagrun for example_sla_dag to 2024-03-14 16:34:00+00:00, run_after=2024-03-14 16:36:00+00:00
[2024-03-14T16:37:01.457+0000] {processor.py:183} INFO - Processing /usr/local/lib/python3.8/dist-packages/airflow/example_dags/example_sla_dag.py took 0.071 seconds
[2024-03-14T16:38:35.414+0000] {processor.py:161} INFO - Started process (PID=2262) to work on /usr/local/lib/python3.8/dist-packages/airflow/example_dags/example_sla_dag.py
[2024-03-14T16:38:35.416+0000] {processor.py:830} INFO - Processing file /usr/local/lib/python3.8/dist-packages/airflow/example_dags/example_sla_dag.py for tasks to queue
[2024-03-14T16:38:35.417+0000] {logging_mixin.py:188} INFO - [2024-03-14T16:38:35.417+0000] {dagbag.py:540} INFO - Filling up the DagBag from /usr/local/lib/python3.8/dist-packages/airflow/example_dags/example_sla_dag.py
[2024-03-14T16:38:35.427+0000] {processor.py:840} INFO - DAG(s) 'example_sla_dag' retrieved from /usr/local/lib/python3.8/dist-packages/airflow/example_dags/example_sla_dag.py
[2024-03-14T16:38:35.443+0000] {logging_mixin.py:188} INFO - [2024-03-14T16:38:35.443+0000] {dag.py:3047} INFO - Sync 1 DAGs
[2024-03-14T16:38:35.468+0000] {logging_mixin.py:188} INFO - [2024-03-14T16:38:35.468+0000] {dag.py:3834} INFO - Setting next_dagrun for example_sla_dag to 2024-03-14 16:36:00+00:00, run_after=2024-03-14 16:38:00+00:00
[2024-03-14T16:38:35.497+0000] {processor.py:183} INFO - Processing /usr/local/lib/python3.8/dist-packages/airflow/example_dags/example_sla_dag.py took 0.086 seconds
[2024-03-14T16:39:45.434+0000] {processor.py:161} INFO - Started process (PID=2377) to work on /usr/local/lib/python3.8/dist-packages/airflow/example_dags/example_sla_dag.py
[2024-03-14T16:39:45.437+0000] {processor.py:830} INFO - Processing file /usr/local/lib/python3.8/dist-packages/airflow/example_dags/example_sla_dag.py for tasks to queue
[2024-03-14T16:39:45.438+0000] {logging_mixin.py:188} INFO - [2024-03-14T16:39:45.437+0000] {dagbag.py:540} INFO - Filling up the DagBag from /usr/local/lib/python3.8/dist-packages/airflow/example_dags/example_sla_dag.py
[2024-03-14T16:39:45.448+0000] {processor.py:840} INFO - DAG(s) 'example_sla_dag' retrieved from /usr/local/lib/python3.8/dist-packages/airflow/example_dags/example_sla_dag.py
[2024-03-14T16:39:45.464+0000] {logging_mixin.py:188} INFO - [2024-03-14T16:39:45.464+0000] {dag.py:3047} INFO - Sync 1 DAGs
[2024-03-14T16:39:45.487+0000] {logging_mixin.py:188} INFO - [2024-03-14T16:39:45.486+0000] {dag.py:3834} INFO - Setting next_dagrun for example_sla_dag to 2024-03-14 16:36:00+00:00, run_after=2024-03-14 16:38:00+00:00
[2024-03-14T16:39:45.592+0000] {processor.py:183} INFO - Processing /usr/local/lib/python3.8/dist-packages/airflow/example_dags/example_sla_dag.py took 0.161 seconds
[2024-03-14T16:40:53.270+0000] {processor.py:161} INFO - Started process (PID=2484) to work on /usr/local/lib/python3.8/dist-packages/airflow/example_dags/example_sla_dag.py
[2024-03-14T16:40:53.272+0000] {processor.py:830} INFO - Processing file /usr/local/lib/python3.8/dist-packages/airflow/example_dags/example_sla_dag.py for tasks to queue
[2024-03-14T16:40:53.273+0000] {logging_mixin.py:188} INFO - [2024-03-14T16:40:53.273+0000] {dagbag.py:540} INFO - Filling up the DagBag from /usr/local/lib/python3.8/dist-packages/airflow/example_dags/example_sla_dag.py
[2024-03-14T16:40:53.283+0000] {processor.py:840} INFO - DAG(s) 'example_sla_dag' retrieved from /usr/local/lib/python3.8/dist-packages/airflow/example_dags/example_sla_dag.py
[2024-03-14T16:40:53.299+0000] {logging_mixin.py:188} INFO - [2024-03-14T16:40:53.299+0000] {dag.py:3047} INFO - Sync 1 DAGs
[2024-03-14T16:40:53.325+0000] {logging_mixin.py:188} INFO - [2024-03-14T16:40:53.324+0000] {dag.py:3834} INFO - Setting next_dagrun for example_sla_dag to 2024-03-14 16:38:00+00:00, run_after=2024-03-14 16:40:00+00:00
[2024-03-14T16:40:53.461+0000] {processor.py:183} INFO - Processing /usr/local/lib/python3.8/dist-packages/airflow/example_dags/example_sla_dag.py took 0.194 seconds
[2024-03-14T16:42:14.191+0000] {processor.py:161} INFO - Started process (PID=2600) to work on /usr/local/lib/python3.8/dist-packages/airflow/example_dags/example_sla_dag.py
[2024-03-14T16:42:14.193+0000] {processor.py:830} INFO - Processing file /usr/local/lib/python3.8/dist-packages/airflow/example_dags/example_sla_dag.py for tasks to queue
[2024-03-14T16:42:14.194+0000] {logging_mixin.py:188} INFO - [2024-03-14T16:42:14.193+0000] {dagbag.py:540} INFO - Filling up the DagBag from /usr/local/lib/python3.8/dist-packages/airflow/example_dags/example_sla_dag.py
[2024-03-14T16:42:14.204+0000] {processor.py:840} INFO - DAG(s) 'example_sla_dag' retrieved from /usr/local/lib/python3.8/dist-packages/airflow/example_dags/example_sla_dag.py
[2024-03-14T16:42:14.220+0000] {logging_mixin.py:188} INFO - [2024-03-14T16:42:14.220+0000] {dag.py:3047} INFO - Sync 1 DAGs
[2024-03-14T16:42:14.245+0000] {logging_mixin.py:188} INFO - [2024-03-14T16:42:14.245+0000] {dag.py:3834} INFO - Setting next_dagrun for example_sla_dag to 2024-03-14 16:40:00+00:00, run_after=2024-03-14 16:42:00+00:00
[2024-03-14T16:42:14.276+0000] {processor.py:183} INFO - Processing /usr/local/lib/python3.8/dist-packages/airflow/example_dags/example_sla_dag.py took 0.089 seconds
[2024-03-14T16:43:32.014+0000] {processor.py:161} INFO - Started process (PID=2720) to work on /usr/local/lib/python3.8/dist-packages/airflow/example_dags/example_sla_dag.py
[2024-03-14T16:43:32.016+0000] {processor.py:830} INFO - Processing file /usr/local/lib/python3.8/dist-packages/airflow/example_dags/example_sla_dag.py for tasks to queue
[2024-03-14T16:43:32.017+0000] {logging_mixin.py:188} INFO - [2024-03-14T16:43:32.017+0000] {dagbag.py:540} INFO - Filling up the DagBag from /usr/local/lib/python3.8/dist-packages/airflow/example_dags/example_sla_dag.py
[2024-03-14T16:43:32.027+0000] {processor.py:840} INFO - DAG(s) 'example_sla_dag' retrieved from /usr/local/lib/python3.8/dist-packages/airflow/example_dags/example_sla_dag.py
[2024-03-14T16:43:32.043+0000] {logging_mixin.py:188} INFO - [2024-03-14T16:43:32.043+0000] {dag.py:3047} INFO - Sync 1 DAGs
[2024-03-14T16:43:32.068+0000] {logging_mixin.py:188} INFO - [2024-03-14T16:43:32.068+0000] {dag.py:3834} INFO - Setting next_dagrun for example_sla_dag to 2024-03-14 16:40:00+00:00, run_after=2024-03-14 16:42:00+00:00
[2024-03-14T16:43:32.169+0000] {processor.py:183} INFO - Processing /usr/local/lib/python3.8/dist-packages/airflow/example_dags/example_sla_dag.py took 0.158 seconds
[2024-03-14T16:45:10.818+0000] {processor.py:161} INFO - Started process (PID=2899) to work on /usr/local/lib/python3.8/dist-packages/airflow/example_dags/example_sla_dag.py
[2024-03-14T16:45:10.820+0000] {processor.py:830} INFO - Processing file /usr/local/lib/python3.8/dist-packages/airflow/example_dags/example_sla_dag.py for tasks to queue
[2024-03-14T16:45:10.821+0000] {logging_mixin.py:188} INFO - [2024-03-14T16:45:10.821+0000] {dagbag.py:540} INFO - Filling up the DagBag from /usr/local/lib/python3.8/dist-packages/airflow/example_dags/example_sla_dag.py
[2024-03-14T16:45:10.831+0000] {processor.py:840} INFO - DAG(s) 'example_sla_dag' retrieved from /usr/local/lib/python3.8/dist-packages/airflow/example_dags/example_sla_dag.py
[2024-03-14T16:45:10.845+0000] {logging_mixin.py:188} INFO - [2024-03-14T16:45:10.845+0000] {dag.py:3047} INFO - Sync 1 DAGs
[2024-03-14T16:45:10.865+0000] {logging_mixin.py:188} INFO - [2024-03-14T16:45:10.865+0000] {dag.py:3834} INFO - Setting next_dagrun for example_sla_dag to 2024-03-14 16:42:00+00:00, run_after=2024-03-14 16:44:00+00:00
[2024-03-14T16:45:10.941+0000] {processor.py:183} INFO - Processing /usr/local/lib/python3.8/dist-packages/airflow/example_dags/example_sla_dag.py took 0.126 seconds
[2024-03-14T16:55:46.870+0000] {processor.py:161} INFO - Started process (PID=3129) to work on /usr/local/lib/python3.8/dist-packages/airflow/example_dags/example_sla_dag.py
[2024-03-14T16:55:46.872+0000] {processor.py:830} INFO - Processing file /usr/local/lib/python3.8/dist-packages/airflow/example_dags/example_sla_dag.py for tasks to queue
[2024-03-14T16:55:46.873+0000] {logging_mixin.py:188} INFO - [2024-03-14T16:55:46.873+0000] {dagbag.py:540} INFO - Filling up the DagBag from /usr/local/lib/python3.8/dist-packages/airflow/example_dags/example_sla_dag.py
[2024-03-14T16:55:46.883+0000] {processor.py:840} INFO - DAG(s) 'example_sla_dag' retrieved from /usr/local/lib/python3.8/dist-packages/airflow/example_dags/example_sla_dag.py
[2024-03-14T16:55:46.906+0000] {logging_mixin.py:188} INFO - [2024-03-14T16:55:46.906+0000] {dag.py:3047} INFO - Sync 1 DAGs
[2024-03-14T16:55:46.929+0000] {logging_mixin.py:188} INFO - [2024-03-14T16:55:46.929+0000] {dag.py:3834} INFO - Setting next_dagrun for example_sla_dag to 2024-03-14 16:52:00+00:00, run_after=2024-03-14 16:54:00+00:00
[2024-03-14T16:55:47.307+0000] {processor.py:183} INFO - Processing /usr/local/lib/python3.8/dist-packages/airflow/example_dags/example_sla_dag.py took 0.441 seconds
[2024-03-14T16:56:58.816+0000] {processor.py:161} INFO - Started process (PID=3337) to work on /usr/local/lib/python3.8/dist-packages/airflow/example_dags/example_sla_dag.py
[2024-03-14T16:56:58.818+0000] {processor.py:830} INFO - Processing file /usr/local/lib/python3.8/dist-packages/airflow/example_dags/example_sla_dag.py for tasks to queue
[2024-03-14T16:56:58.819+0000] {logging_mixin.py:188} INFO - [2024-03-14T16:56:58.819+0000] {dagbag.py:540} INFO - Filling up the DagBag from /usr/local/lib/python3.8/dist-packages/airflow/example_dags/example_sla_dag.py
[2024-03-14T16:56:58.830+0000] {processor.py:840} INFO - DAG(s) 'example_sla_dag' retrieved from /usr/local/lib/python3.8/dist-packages/airflow/example_dags/example_sla_dag.py
[2024-03-14T16:56:58.849+0000] {logging_mixin.py:188} INFO - [2024-03-14T16:56:58.848+0000] {dag.py:3047} INFO - Sync 1 DAGs
[2024-03-14T16:56:58.874+0000] {logging_mixin.py:188} INFO - [2024-03-14T16:56:58.873+0000] {dag.py:3834} INFO - Setting next_dagrun for example_sla_dag to 2024-03-14 16:54:00+00:00, run_after=2024-03-14 16:56:00+00:00
[2024-03-14T16:56:58.953+0000] {processor.py:183} INFO - Processing /usr/local/lib/python3.8/dist-packages/airflow/example_dags/example_sla_dag.py took 0.142 seconds
[2024-03-14T16:57:59.969+0000] {processor.py:161} INFO - Started process (PID=3438) to work on /usr/local/lib/python3.8/dist-packages/airflow/example_dags/example_sla_dag.py
[2024-03-14T16:57:59.971+0000] {processor.py:830} INFO - Processing file /usr/local/lib/python3.8/dist-packages/airflow/example_dags/example_sla_dag.py for tasks to queue
[2024-03-14T16:57:59.972+0000] {logging_mixin.py:188} INFO - [2024-03-14T16:57:59.972+0000] {dagbag.py:540} INFO - Filling up the DagBag from /usr/local/lib/python3.8/dist-packages/airflow/example_dags/example_sla_dag.py
[2024-03-14T16:57:59.983+0000] {processor.py:840} INFO - DAG(s) 'example_sla_dag' retrieved from /usr/local/lib/python3.8/dist-packages/airflow/example_dags/example_sla_dag.py
[2024-03-14T16:58:00.001+0000] {logging_mixin.py:188} INFO - [2024-03-14T16:58:00.001+0000] {dag.py:3047} INFO - Sync 1 DAGs
[2024-03-14T16:58:00.028+0000] {logging_mixin.py:188} INFO - [2024-03-14T16:58:00.028+0000] {dag.py:3834} INFO - Setting next_dagrun for example_sla_dag to 2024-03-14 16:56:00+00:00, run_after=2024-03-14 16:58:00+00:00
[2024-03-14T16:58:00.124+0000] {processor.py:183} INFO - Processing /usr/local/lib/python3.8/dist-packages/airflow/example_dags/example_sla_dag.py took 0.159 seconds
