[2024-03-14T16:22:35.635+0000] {processor.py:161} INFO - Started process (PID=535) to work on /usr/local/lib/python3.8/dist-packages/airflow/example_dags/example_sensors.py
[2024-03-14T16:22:35.637+0000] {processor.py:830} INFO - Processing file /usr/local/lib/python3.8/dist-packages/airflow/example_dags/example_sensors.py for tasks to queue
[2024-03-14T16:22:35.638+0000] {logging_mixin.py:188} INFO - [2024-03-14T16:22:35.637+0000] {dagbag.py:540} INFO - Filling up the DagBag from /usr/local/lib/python3.8/dist-packages/airflow/example_dags/example_sensors.py
[2024-03-14T16:22:35.648+0000] {processor.py:840} INFO - DAG(s) 'example_sensors' retrieved from /usr/local/lib/python3.8/dist-packages/airflow/example_dags/example_sensors.py
[2024-03-14T16:22:35.672+0000] {logging_mixin.py:188} INFO - [2024-03-14T16:22:35.672+0000] {dag.py:3047} INFO - Sync 1 DAGs
[2024-03-14T16:22:35.686+0000] {logging_mixin.py:188} INFO - [2024-03-14T16:22:35.685+0000] {dag.py:3834} INFO - Setting next_dagrun for example_sensors to None, run_after=None
[2024-03-14T16:22:35.934+0000] {processor.py:183} INFO - Processing /usr/local/lib/python3.8/dist-packages/airflow/example_dags/example_sensors.py took 0.302 seconds
[2024-03-14T16:23:58.780+0000] {processor.py:161} INFO - Started process (PID=672) to work on /usr/local/lib/python3.8/dist-packages/airflow/example_dags/example_sensors.py
[2024-03-14T16:23:58.782+0000] {processor.py:830} INFO - Processing file /usr/local/lib/python3.8/dist-packages/airflow/example_dags/example_sensors.py for tasks to queue
[2024-03-14T16:23:58.783+0000] {logging_mixin.py:188} INFO - [2024-03-14T16:23:58.782+0000] {dagbag.py:540} INFO - Filling up the DagBag from /usr/local/lib/python3.8/dist-packages/airflow/example_dags/example_sensors.py
[2024-03-14T16:23:58.793+0000] {processor.py:840} INFO - DAG(s) 'example_sensors' retrieved from /usr/local/lib/python3.8/dist-packages/airflow/example_dags/example_sensors.py
[2024-03-14T16:23:58.815+0000] {logging_mixin.py:188} INFO - [2024-03-14T16:23:58.815+0000] {dag.py:3047} INFO - Sync 1 DAGs
[2024-03-14T16:23:58.828+0000] {logging_mixin.py:188} INFO - [2024-03-14T16:23:58.828+0000] {dag.py:3834} INFO - Setting next_dagrun for example_sensors to None, run_after=None
[2024-03-14T16:23:58.904+0000] {processor.py:183} INFO - Processing /usr/local/lib/python3.8/dist-packages/airflow/example_dags/example_sensors.py took 0.128 seconds
[2024-03-14T16:25:01.826+0000] {processor.py:161} INFO - Started process (PID=779) to work on /usr/local/lib/python3.8/dist-packages/airflow/example_dags/example_sensors.py
[2024-03-14T16:25:01.829+0000] {processor.py:830} INFO - Processing file /usr/local/lib/python3.8/dist-packages/airflow/example_dags/example_sensors.py for tasks to queue
[2024-03-14T16:25:01.830+0000] {logging_mixin.py:188} INFO - [2024-03-14T16:25:01.829+0000] {dagbag.py:540} INFO - Filling up the DagBag from /usr/local/lib/python3.8/dist-packages/airflow/example_dags/example_sensors.py
[2024-03-14T16:25:01.840+0000] {processor.py:840} INFO - DAG(s) 'example_sensors' retrieved from /usr/local/lib/python3.8/dist-packages/airflow/example_dags/example_sensors.py
[2024-03-14T16:25:01.862+0000] {logging_mixin.py:188} INFO - [2024-03-14T16:25:01.862+0000] {dag.py:3047} INFO - Sync 1 DAGs
[2024-03-14T16:25:01.875+0000] {logging_mixin.py:188} INFO - [2024-03-14T16:25:01.875+0000] {dag.py:3834} INFO - Setting next_dagrun for example_sensors to None, run_after=None
[2024-03-14T16:25:01.909+0000] {processor.py:183} INFO - Processing /usr/local/lib/python3.8/dist-packages/airflow/example_dags/example_sensors.py took 0.086 seconds
[2024-03-14T16:26:04.423+0000] {processor.py:161} INFO - Started process (PID=873) to work on /usr/local/lib/python3.8/dist-packages/airflow/example_dags/example_sensors.py
[2024-03-14T16:26:04.426+0000] {processor.py:830} INFO - Processing file /usr/local/lib/python3.8/dist-packages/airflow/example_dags/example_sensors.py for tasks to queue
[2024-03-14T16:26:04.427+0000] {logging_mixin.py:188} INFO - [2024-03-14T16:26:04.427+0000] {dagbag.py:540} INFO - Filling up the DagBag from /usr/local/lib/python3.8/dist-packages/airflow/example_dags/example_sensors.py
[2024-03-14T16:26:04.438+0000] {processor.py:840} INFO - DAG(s) 'example_sensors' retrieved from /usr/local/lib/python3.8/dist-packages/airflow/example_dags/example_sensors.py
[2024-03-14T16:26:04.459+0000] {logging_mixin.py:188} INFO - [2024-03-14T16:26:04.459+0000] {dag.py:3047} INFO - Sync 1 DAGs
[2024-03-14T16:26:04.472+0000] {logging_mixin.py:188} INFO - [2024-03-14T16:26:04.472+0000] {dag.py:3834} INFO - Setting next_dagrun for example_sensors to None, run_after=None
[2024-03-14T16:26:04.521+0000] {processor.py:183} INFO - Processing /usr/local/lib/python3.8/dist-packages/airflow/example_dags/example_sensors.py took 0.100 seconds
[2024-03-14T16:27:14.379+0000] {processor.py:161} INFO - Started process (PID=990) to work on /usr/local/lib/python3.8/dist-packages/airflow/example_dags/example_sensors.py
[2024-03-14T16:27:14.382+0000] {processor.py:830} INFO - Processing file /usr/local/lib/python3.8/dist-packages/airflow/example_dags/example_sensors.py for tasks to queue
[2024-03-14T16:27:14.383+0000] {logging_mixin.py:188} INFO - [2024-03-14T16:27:14.382+0000] {dagbag.py:540} INFO - Filling up the DagBag from /usr/local/lib/python3.8/dist-packages/airflow/example_dags/example_sensors.py
[2024-03-14T16:27:14.393+0000] {processor.py:840} INFO - DAG(s) 'example_sensors' retrieved from /usr/local/lib/python3.8/dist-packages/airflow/example_dags/example_sensors.py
[2024-03-14T16:27:14.415+0000] {logging_mixin.py:188} INFO - [2024-03-14T16:27:14.415+0000] {dag.py:3047} INFO - Sync 1 DAGs
[2024-03-14T16:27:14.427+0000] {logging_mixin.py:188} INFO - [2024-03-14T16:27:14.427+0000] {dag.py:3834} INFO - Setting next_dagrun for example_sensors to None, run_after=None
[2024-03-14T16:27:14.591+0000] {processor.py:183} INFO - Processing /usr/local/lib/python3.8/dist-packages/airflow/example_dags/example_sensors.py took 0.215 seconds
[2024-03-14T16:28:25.506+0000] {processor.py:161} INFO - Started process (PID=1106) to work on /usr/local/lib/python3.8/dist-packages/airflow/example_dags/example_sensors.py
[2024-03-14T16:28:25.513+0000] {processor.py:830} INFO - Processing file /usr/local/lib/python3.8/dist-packages/airflow/example_dags/example_sensors.py for tasks to queue
[2024-03-14T16:28:25.514+0000] {logging_mixin.py:188} INFO - [2024-03-14T16:28:25.514+0000] {dagbag.py:540} INFO - Filling up the DagBag from /usr/local/lib/python3.8/dist-packages/airflow/example_dags/example_sensors.py
[2024-03-14T16:28:25.525+0000] {processor.py:840} INFO - DAG(s) 'example_sensors' retrieved from /usr/local/lib/python3.8/dist-packages/airflow/example_dags/example_sensors.py
[2024-03-14T16:28:25.547+0000] {logging_mixin.py:188} INFO - [2024-03-14T16:28:25.546+0000] {dag.py:3047} INFO - Sync 1 DAGs
[2024-03-14T16:28:25.559+0000] {logging_mixin.py:188} INFO - [2024-03-14T16:28:25.559+0000] {dag.py:3834} INFO - Setting next_dagrun for example_sensors to None, run_after=None
[2024-03-14T16:28:25.588+0000] {processor.py:183} INFO - Processing /usr/local/lib/python3.8/dist-packages/airflow/example_dags/example_sensors.py took 0.085 seconds
[2024-03-14T16:29:40.939+0000] {processor.py:161} INFO - Started process (PID=1223) to work on /usr/local/lib/python3.8/dist-packages/airflow/example_dags/example_sensors.py
[2024-03-14T16:29:40.941+0000] {processor.py:830} INFO - Processing file /usr/local/lib/python3.8/dist-packages/airflow/example_dags/example_sensors.py for tasks to queue
[2024-03-14T16:29:40.942+0000] {logging_mixin.py:188} INFO - [2024-03-14T16:29:40.942+0000] {dagbag.py:540} INFO - Filling up the DagBag from /usr/local/lib/python3.8/dist-packages/airflow/example_dags/example_sensors.py
[2024-03-14T16:29:40.952+0000] {processor.py:840} INFO - DAG(s) 'example_sensors' retrieved from /usr/local/lib/python3.8/dist-packages/airflow/example_dags/example_sensors.py
[2024-03-14T16:29:40.974+0000] {logging_mixin.py:188} INFO - [2024-03-14T16:29:40.974+0000] {dag.py:3047} INFO - Sync 1 DAGs
[2024-03-14T16:29:40.987+0000] {logging_mixin.py:188} INFO - [2024-03-14T16:29:40.986+0000] {dag.py:3834} INFO - Setting next_dagrun for example_sensors to None, run_after=None
[2024-03-14T16:29:41.075+0000] {processor.py:183} INFO - Processing /usr/local/lib/python3.8/dist-packages/airflow/example_dags/example_sensors.py took 0.140 seconds
[2024-03-14T16:30:44.191+0000] {processor.py:161} INFO - Started process (PID=1332) to work on /usr/local/lib/python3.8/dist-packages/airflow/example_dags/example_sensors.py
[2024-03-14T16:30:44.193+0000] {processor.py:830} INFO - Processing file /usr/local/lib/python3.8/dist-packages/airflow/example_dags/example_sensors.py for tasks to queue
[2024-03-14T16:30:44.194+0000] {logging_mixin.py:188} INFO - [2024-03-14T16:30:44.194+0000] {dagbag.py:540} INFO - Filling up the DagBag from /usr/local/lib/python3.8/dist-packages/airflow/example_dags/example_sensors.py
[2024-03-14T16:30:44.205+0000] {processor.py:840} INFO - DAG(s) 'example_sensors' retrieved from /usr/local/lib/python3.8/dist-packages/airflow/example_dags/example_sensors.py
[2024-03-14T16:30:44.227+0000] {logging_mixin.py:188} INFO - [2024-03-14T16:30:44.227+0000] {dag.py:3047} INFO - Sync 1 DAGs
[2024-03-14T16:30:44.240+0000] {logging_mixin.py:188} INFO - [2024-03-14T16:30:44.240+0000] {dag.py:3834} INFO - Setting next_dagrun for example_sensors to None, run_after=None
[2024-03-14T16:30:44.345+0000] {processor.py:183} INFO - Processing /usr/local/lib/python3.8/dist-packages/airflow/example_dags/example_sensors.py took 0.158 seconds
[2024-03-14T16:31:52.535+0000] {processor.py:161} INFO - Started process (PID=1446) to work on /usr/local/lib/python3.8/dist-packages/airflow/example_dags/example_sensors.py
[2024-03-14T16:31:52.538+0000] {processor.py:830} INFO - Processing file /usr/local/lib/python3.8/dist-packages/airflow/example_dags/example_sensors.py for tasks to queue
[2024-03-14T16:31:52.539+0000] {logging_mixin.py:188} INFO - [2024-03-14T16:31:52.538+0000] {dagbag.py:540} INFO - Filling up the DagBag from /usr/local/lib/python3.8/dist-packages/airflow/example_dags/example_sensors.py
[2024-03-14T16:31:52.549+0000] {processor.py:840} INFO - DAG(s) 'example_sensors' retrieved from /usr/local/lib/python3.8/dist-packages/airflow/example_dags/example_sensors.py
[2024-03-14T16:31:52.571+0000] {logging_mixin.py:188} INFO - [2024-03-14T16:31:52.571+0000] {dag.py:3047} INFO - Sync 1 DAGs
[2024-03-14T16:31:52.584+0000] {logging_mixin.py:188} INFO - [2024-03-14T16:31:52.584+0000] {dag.py:3834} INFO - Setting next_dagrun for example_sensors to None, run_after=None
[2024-03-14T16:31:52.693+0000] {processor.py:183} INFO - Processing /usr/local/lib/python3.8/dist-packages/airflow/example_dags/example_sensors.py took 0.161 seconds
[2024-03-14T16:33:06.023+0000] {processor.py:161} INFO - Started process (PID=1584) to work on /usr/local/lib/python3.8/dist-packages/airflow/example_dags/example_sensors.py
[2024-03-14T16:33:06.025+0000] {processor.py:830} INFO - Processing file /usr/local/lib/python3.8/dist-packages/airflow/example_dags/example_sensors.py for tasks to queue
[2024-03-14T16:33:06.026+0000] {logging_mixin.py:188} INFO - [2024-03-14T16:33:06.026+0000] {dagbag.py:540} INFO - Filling up the DagBag from /usr/local/lib/python3.8/dist-packages/airflow/example_dags/example_sensors.py
[2024-03-14T16:33:06.036+0000] {processor.py:840} INFO - DAG(s) 'example_sensors' retrieved from /usr/local/lib/python3.8/dist-packages/airflow/example_dags/example_sensors.py
[2024-03-14T16:33:06.055+0000] {logging_mixin.py:188} INFO - [2024-03-14T16:33:06.054+0000] {dag.py:3047} INFO - Sync 1 DAGs
[2024-03-14T16:33:06.064+0000] {logging_mixin.py:188} INFO - [2024-03-14T16:33:06.064+0000] {dag.py:3834} INFO - Setting next_dagrun for example_sensors to None, run_after=None
[2024-03-14T16:33:06.089+0000] {processor.py:183} INFO - Processing /usr/local/lib/python3.8/dist-packages/airflow/example_dags/example_sensors.py took 0.069 seconds
[2024-03-14T16:34:45.823+0000] {processor.py:161} INFO - Started process (PID=1825) to work on /usr/local/lib/python3.8/dist-packages/airflow/example_dags/example_sensors.py
[2024-03-14T16:34:45.825+0000] {processor.py:830} INFO - Processing file /usr/local/lib/python3.8/dist-packages/airflow/example_dags/example_sensors.py for tasks to queue
[2024-03-14T16:34:45.826+0000] {logging_mixin.py:188} INFO - [2024-03-14T16:34:45.825+0000] {dagbag.py:540} INFO - Filling up the DagBag from /usr/local/lib/python3.8/dist-packages/airflow/example_dags/example_sensors.py
[2024-03-14T16:34:45.836+0000] {processor.py:840} INFO - DAG(s) 'example_sensors' retrieved from /usr/local/lib/python3.8/dist-packages/airflow/example_dags/example_sensors.py
[2024-03-14T16:34:45.858+0000] {logging_mixin.py:188} INFO - [2024-03-14T16:34:45.858+0000] {dag.py:3047} INFO - Sync 1 DAGs
[2024-03-14T16:34:45.871+0000] {logging_mixin.py:188} INFO - [2024-03-14T16:34:45.870+0000] {dag.py:3834} INFO - Setting next_dagrun for example_sensors to None, run_after=None
[2024-03-14T16:34:45.966+0000] {processor.py:183} INFO - Processing /usr/local/lib/python3.8/dist-packages/airflow/example_dags/example_sensors.py took 0.147 seconds
[2024-03-14T16:36:22.394+0000] {processor.py:161} INFO - Started process (PID=2002) to work on /usr/local/lib/python3.8/dist-packages/airflow/example_dags/example_sensors.py
[2024-03-14T16:36:22.396+0000] {processor.py:830} INFO - Processing file /usr/local/lib/python3.8/dist-packages/airflow/example_dags/example_sensors.py for tasks to queue
[2024-03-14T16:36:22.397+0000] {logging_mixin.py:188} INFO - [2024-03-14T16:36:22.397+0000] {dagbag.py:540} INFO - Filling up the DagBag from /usr/local/lib/python3.8/dist-packages/airflow/example_dags/example_sensors.py
[2024-03-14T16:36:22.408+0000] {processor.py:840} INFO - DAG(s) 'example_sensors' retrieved from /usr/local/lib/python3.8/dist-packages/airflow/example_dags/example_sensors.py
[2024-03-14T16:36:22.430+0000] {logging_mixin.py:188} INFO - [2024-03-14T16:36:22.429+0000] {dag.py:3047} INFO - Sync 1 DAGs
[2024-03-14T16:36:22.442+0000] {logging_mixin.py:188} INFO - [2024-03-14T16:36:22.442+0000] {dag.py:3834} INFO - Setting next_dagrun for example_sensors to None, run_after=None
[2024-03-14T16:36:22.470+0000] {processor.py:183} INFO - Processing /usr/local/lib/python3.8/dist-packages/airflow/example_dags/example_sensors.py took 0.079 seconds
[2024-03-14T16:37:45.195+0000] {processor.py:161} INFO - Started process (PID=2164) to work on /usr/local/lib/python3.8/dist-packages/airflow/example_dags/example_sensors.py
[2024-03-14T16:37:45.197+0000] {processor.py:830} INFO - Processing file /usr/local/lib/python3.8/dist-packages/airflow/example_dags/example_sensors.py for tasks to queue
[2024-03-14T16:37:45.198+0000] {logging_mixin.py:188} INFO - [2024-03-14T16:37:45.197+0000] {dagbag.py:540} INFO - Filling up the DagBag from /usr/local/lib/python3.8/dist-packages/airflow/example_dags/example_sensors.py
[2024-03-14T16:37:45.207+0000] {processor.py:840} INFO - DAG(s) 'example_sensors' retrieved from /usr/local/lib/python3.8/dist-packages/airflow/example_dags/example_sensors.py
[2024-03-14T16:37:45.226+0000] {logging_mixin.py:188} INFO - [2024-03-14T16:37:45.226+0000] {dag.py:3047} INFO - Sync 1 DAGs
[2024-03-14T16:37:45.235+0000] {logging_mixin.py:188} INFO - [2024-03-14T16:37:45.235+0000] {dag.py:3834} INFO - Setting next_dagrun for example_sensors to None, run_after=None
[2024-03-14T16:37:45.412+0000] {processor.py:183} INFO - Processing /usr/local/lib/python3.8/dist-packages/airflow/example_dags/example_sensors.py took 0.220 seconds
[2024-03-14T16:38:41.535+0000] {processor.py:161} INFO - Started process (PID=2268) to work on /usr/local/lib/python3.8/dist-packages/airflow/example_dags/example_sensors.py
[2024-03-14T16:38:41.537+0000] {processor.py:830} INFO - Processing file /usr/local/lib/python3.8/dist-packages/airflow/example_dags/example_sensors.py for tasks to queue
[2024-03-14T16:38:41.538+0000] {logging_mixin.py:188} INFO - [2024-03-14T16:38:41.538+0000] {dagbag.py:540} INFO - Filling up the DagBag from /usr/local/lib/python3.8/dist-packages/airflow/example_dags/example_sensors.py
[2024-03-14T16:38:41.549+0000] {processor.py:840} INFO - DAG(s) 'example_sensors' retrieved from /usr/local/lib/python3.8/dist-packages/airflow/example_dags/example_sensors.py
[2024-03-14T16:38:41.571+0000] {logging_mixin.py:188} INFO - [2024-03-14T16:38:41.570+0000] {dag.py:3047} INFO - Sync 1 DAGs
[2024-03-14T16:38:41.583+0000] {logging_mixin.py:188} INFO - [2024-03-14T16:38:41.583+0000] {dag.py:3834} INFO - Setting next_dagrun for example_sensors to None, run_after=None
[2024-03-14T16:38:41.629+0000] {processor.py:183} INFO - Processing /usr/local/lib/python3.8/dist-packages/airflow/example_dags/example_sensors.py took 0.097 seconds
[2024-03-14T16:39:52.226+0000] {processor.py:161} INFO - Started process (PID=2383) to work on /usr/local/lib/python3.8/dist-packages/airflow/example_dags/example_sensors.py
[2024-03-14T16:39:52.228+0000] {processor.py:830} INFO - Processing file /usr/local/lib/python3.8/dist-packages/airflow/example_dags/example_sensors.py for tasks to queue
[2024-03-14T16:39:52.229+0000] {logging_mixin.py:188} INFO - [2024-03-14T16:39:52.229+0000] {dagbag.py:540} INFO - Filling up the DagBag from /usr/local/lib/python3.8/dist-packages/airflow/example_dags/example_sensors.py
[2024-03-14T16:39:52.240+0000] {processor.py:840} INFO - DAG(s) 'example_sensors' retrieved from /usr/local/lib/python3.8/dist-packages/airflow/example_dags/example_sensors.py
[2024-03-14T16:39:52.262+0000] {logging_mixin.py:188} INFO - [2024-03-14T16:39:52.261+0000] {dag.py:3047} INFO - Sync 1 DAGs
[2024-03-14T16:39:52.274+0000] {logging_mixin.py:188} INFO - [2024-03-14T16:39:52.274+0000] {dag.py:3834} INFO - Setting next_dagrun for example_sensors to None, run_after=None
[2024-03-14T16:39:52.370+0000] {processor.py:183} INFO - Processing /usr/local/lib/python3.8/dist-packages/airflow/example_dags/example_sensors.py took 0.147 seconds
[2024-03-14T16:41:00.038+0000] {processor.py:161} INFO - Started process (PID=2490) to work on /usr/local/lib/python3.8/dist-packages/airflow/example_dags/example_sensors.py
[2024-03-14T16:41:00.041+0000] {processor.py:830} INFO - Processing file /usr/local/lib/python3.8/dist-packages/airflow/example_dags/example_sensors.py for tasks to queue
[2024-03-14T16:41:00.042+0000] {logging_mixin.py:188} INFO - [2024-03-14T16:41:00.041+0000] {dagbag.py:540} INFO - Filling up the DagBag from /usr/local/lib/python3.8/dist-packages/airflow/example_dags/example_sensors.py
[2024-03-14T16:41:00.052+0000] {processor.py:840} INFO - DAG(s) 'example_sensors' retrieved from /usr/local/lib/python3.8/dist-packages/airflow/example_dags/example_sensors.py
[2024-03-14T16:41:00.074+0000] {logging_mixin.py:188} INFO - [2024-03-14T16:41:00.074+0000] {dag.py:3047} INFO - Sync 1 DAGs
[2024-03-14T16:41:00.086+0000] {logging_mixin.py:188} INFO - [2024-03-14T16:41:00.086+0000] {dag.py:3834} INFO - Setting next_dagrun for example_sensors to None, run_after=None
[2024-03-14T16:41:00.141+0000] {processor.py:183} INFO - Processing /usr/local/lib/python3.8/dist-packages/airflow/example_dags/example_sensors.py took 0.106 seconds
[2024-03-14T16:42:20.888+0000] {processor.py:161} INFO - Started process (PID=2606) to work on /usr/local/lib/python3.8/dist-packages/airflow/example_dags/example_sensors.py
[2024-03-14T16:42:20.890+0000] {processor.py:830} INFO - Processing file /usr/local/lib/python3.8/dist-packages/airflow/example_dags/example_sensors.py for tasks to queue
[2024-03-14T16:42:20.891+0000] {logging_mixin.py:188} INFO - [2024-03-14T16:42:20.891+0000] {dagbag.py:540} INFO - Filling up the DagBag from /usr/local/lib/python3.8/dist-packages/airflow/example_dags/example_sensors.py
[2024-03-14T16:42:20.901+0000] {processor.py:840} INFO - DAG(s) 'example_sensors' retrieved from /usr/local/lib/python3.8/dist-packages/airflow/example_dags/example_sensors.py
[2024-03-14T16:42:20.924+0000] {logging_mixin.py:188} INFO - [2024-03-14T16:42:20.923+0000] {dag.py:3047} INFO - Sync 1 DAGs
[2024-03-14T16:42:20.936+0000] {logging_mixin.py:188} INFO - [2024-03-14T16:42:20.936+0000] {dag.py:3834} INFO - Setting next_dagrun for example_sensors to None, run_after=None
[2024-03-14T16:42:20.966+0000] {processor.py:183} INFO - Processing /usr/local/lib/python3.8/dist-packages/airflow/example_dags/example_sensors.py took 0.082 seconds
[2024-03-14T16:43:39.690+0000] {processor.py:161} INFO - Started process (PID=2726) to work on /usr/local/lib/python3.8/dist-packages/airflow/example_dags/example_sensors.py
[2024-03-14T16:43:39.692+0000] {processor.py:830} INFO - Processing file /usr/local/lib/python3.8/dist-packages/airflow/example_dags/example_sensors.py for tasks to queue
[2024-03-14T16:43:39.693+0000] {logging_mixin.py:188} INFO - [2024-03-14T16:43:39.693+0000] {dagbag.py:540} INFO - Filling up the DagBag from /usr/local/lib/python3.8/dist-packages/airflow/example_dags/example_sensors.py
[2024-03-14T16:43:39.704+0000] {processor.py:840} INFO - DAG(s) 'example_sensors' retrieved from /usr/local/lib/python3.8/dist-packages/airflow/example_dags/example_sensors.py
[2024-03-14T16:43:39.725+0000] {logging_mixin.py:188} INFO - [2024-03-14T16:43:39.725+0000] {dag.py:3047} INFO - Sync 1 DAGs
[2024-03-14T16:43:39.738+0000] {logging_mixin.py:188} INFO - [2024-03-14T16:43:39.738+0000] {dag.py:3834} INFO - Setting next_dagrun for example_sensors to None, run_after=None
[2024-03-14T16:43:39.842+0000] {processor.py:183} INFO - Processing /usr/local/lib/python3.8/dist-packages/airflow/example_dags/example_sensors.py took 0.155 seconds
[2024-03-14T16:45:18.134+0000] {processor.py:161} INFO - Started process (PID=2905) to work on /usr/local/lib/python3.8/dist-packages/airflow/example_dags/example_sensors.py
[2024-03-14T16:45:18.136+0000] {processor.py:830} INFO - Processing file /usr/local/lib/python3.8/dist-packages/airflow/example_dags/example_sensors.py for tasks to queue
[2024-03-14T16:45:18.137+0000] {logging_mixin.py:188} INFO - [2024-03-14T16:45:18.137+0000] {dagbag.py:540} INFO - Filling up the DagBag from /usr/local/lib/python3.8/dist-packages/airflow/example_dags/example_sensors.py
[2024-03-14T16:45:18.148+0000] {processor.py:840} INFO - DAG(s) 'example_sensors' retrieved from /usr/local/lib/python3.8/dist-packages/airflow/example_dags/example_sensors.py
[2024-03-14T16:45:18.170+0000] {logging_mixin.py:188} INFO - [2024-03-14T16:45:18.169+0000] {dag.py:3047} INFO - Sync 1 DAGs
[2024-03-14T16:45:18.182+0000] {logging_mixin.py:188} INFO - [2024-03-14T16:45:18.182+0000] {dag.py:3834} INFO - Setting next_dagrun for example_sensors to None, run_after=None
[2024-03-14T16:45:18.311+0000] {processor.py:183} INFO - Processing /usr/local/lib/python3.8/dist-packages/airflow/example_dags/example_sensors.py took 0.181 seconds
[2024-03-14T16:55:53.612+0000] {processor.py:161} INFO - Started process (PID=3164) to work on /usr/local/lib/python3.8/dist-packages/airflow/example_dags/example_sensors.py
[2024-03-14T16:55:53.650+0000] {processor.py:830} INFO - Processing file /usr/local/lib/python3.8/dist-packages/airflow/example_dags/example_sensors.py for tasks to queue
[2024-03-14T16:55:53.651+0000] {logging_mixin.py:188} INFO - [2024-03-14T16:55:53.650+0000] {dagbag.py:540} INFO - Filling up the DagBag from /usr/local/lib/python3.8/dist-packages/airflow/example_dags/example_sensors.py
[2024-03-14T16:55:53.663+0000] {processor.py:840} INFO - DAG(s) 'example_sensors' retrieved from /usr/local/lib/python3.8/dist-packages/airflow/example_dags/example_sensors.py
[2024-03-14T16:55:53.689+0000] {logging_mixin.py:188} INFO - [2024-03-14T16:55:53.688+0000] {dag.py:3047} INFO - Sync 1 DAGs
[2024-03-14T16:55:53.799+0000] {logging_mixin.py:188} INFO - [2024-03-14T16:55:53.798+0000] {dag.py:3834} INFO - Setting next_dagrun for example_sensors to None, run_after=None
[2024-03-14T16:55:53.876+0000] {processor.py:183} INFO - Processing /usr/local/lib/python3.8/dist-packages/airflow/example_dags/example_sensors.py took 0.267 seconds
[2024-03-14T16:57:05.297+0000] {processor.py:161} INFO - Started process (PID=3343) to work on /usr/local/lib/python3.8/dist-packages/airflow/example_dags/example_sensors.py
[2024-03-14T16:57:05.299+0000] {processor.py:830} INFO - Processing file /usr/local/lib/python3.8/dist-packages/airflow/example_dags/example_sensors.py for tasks to queue
[2024-03-14T16:57:05.300+0000] {logging_mixin.py:188} INFO - [2024-03-14T16:57:05.300+0000] {dagbag.py:540} INFO - Filling up the DagBag from /usr/local/lib/python3.8/dist-packages/airflow/example_dags/example_sensors.py
[2024-03-14T16:57:05.312+0000] {processor.py:840} INFO - DAG(s) 'example_sensors' retrieved from /usr/local/lib/python3.8/dist-packages/airflow/example_dags/example_sensors.py
[2024-03-14T16:57:05.336+0000] {logging_mixin.py:188} INFO - [2024-03-14T16:57:05.336+0000] {dag.py:3047} INFO - Sync 1 DAGs
[2024-03-14T16:57:05.350+0000] {logging_mixin.py:188} INFO - [2024-03-14T16:57:05.350+0000] {dag.py:3834} INFO - Setting next_dagrun for example_sensors to None, run_after=None
[2024-03-14T16:57:05.484+0000] {processor.py:183} INFO - Processing /usr/local/lib/python3.8/dist-packages/airflow/example_dags/example_sensors.py took 0.191 seconds
[2024-03-14T16:58:05.725+0000] {processor.py:161} INFO - Started process (PID=3444) to work on /usr/local/lib/python3.8/dist-packages/airflow/example_dags/example_sensors.py
[2024-03-14T16:58:05.726+0000] {processor.py:830} INFO - Processing file /usr/local/lib/python3.8/dist-packages/airflow/example_dags/example_sensors.py for tasks to queue
[2024-03-14T16:58:05.727+0000] {logging_mixin.py:188} INFO - [2024-03-14T16:58:05.727+0000] {dagbag.py:540} INFO - Filling up the DagBag from /usr/local/lib/python3.8/dist-packages/airflow/example_dags/example_sensors.py
[2024-03-14T16:58:05.738+0000] {processor.py:840} INFO - DAG(s) 'example_sensors' retrieved from /usr/local/lib/python3.8/dist-packages/airflow/example_dags/example_sensors.py
[2024-03-14T16:58:05.760+0000] {logging_mixin.py:188} INFO - [2024-03-14T16:58:05.760+0000] {dag.py:3047} INFO - Sync 1 DAGs
[2024-03-14T16:58:05.773+0000] {logging_mixin.py:188} INFO - [2024-03-14T16:58:05.773+0000] {dag.py:3834} INFO - Setting next_dagrun for example_sensors to None, run_after=None
[2024-03-14T16:58:05.802+0000] {processor.py:183} INFO - Processing /usr/local/lib/python3.8/dist-packages/airflow/example_dags/example_sensors.py took 0.080 seconds
