[2024-03-14T16:22:28.034+0000] {processor.py:161} INFO - Started process (PID=528) to work on /usr/local/lib/python3.8/dist-packages/airflow/example_dags/tutorial_objectstorage.py
[2024-03-14T16:22:28.035+0000] {processor.py:830} INFO - Processing file /usr/local/lib/python3.8/dist-packages/airflow/example_dags/tutorial_objectstorage.py for tasks to queue
[2024-03-14T16:22:28.036+0000] {logging_mixin.py:188} INFO - [2024-03-14T16:22:28.036+0000] {dagbag.py:540} INFO - Filling up the DagBag from /usr/local/lib/python3.8/dist-packages/airflow/example_dags/tutorial_objectstorage.py
[2024-03-14T16:22:28.044+0000] {processor.py:840} INFO - DAG(s) 'tutorial_objectstorage' retrieved from /usr/local/lib/python3.8/dist-packages/airflow/example_dags/tutorial_objectstorage.py
[2024-03-14T16:22:28.066+0000] {logging_mixin.py:188} INFO - [2024-03-14T16:22:28.066+0000] {dag.py:3047} INFO - Sync 1 DAGs
[2024-03-14T16:22:28.079+0000] {logging_mixin.py:188} INFO - [2024-03-14T16:22:28.078+0000] {dag.py:3834} INFO - Setting next_dagrun for tutorial_objectstorage to None, run_after=None
[2024-03-14T16:22:28.230+0000] {processor.py:183} INFO - Processing /usr/local/lib/python3.8/dist-packages/airflow/example_dags/tutorial_objectstorage.py took 0.199 seconds
[2024-03-14T16:23:50.142+0000] {processor.py:161} INFO - Started process (PID=665) to work on /usr/local/lib/python3.8/dist-packages/airflow/example_dags/tutorial_objectstorage.py
[2024-03-14T16:23:50.144+0000] {processor.py:830} INFO - Processing file /usr/local/lib/python3.8/dist-packages/airflow/example_dags/tutorial_objectstorage.py for tasks to queue
[2024-03-14T16:23:50.145+0000] {logging_mixin.py:188} INFO - [2024-03-14T16:23:50.145+0000] {dagbag.py:540} INFO - Filling up the DagBag from /usr/local/lib/python3.8/dist-packages/airflow/example_dags/tutorial_objectstorage.py
[2024-03-14T16:23:50.153+0000] {processor.py:840} INFO - DAG(s) 'tutorial_objectstorage' retrieved from /usr/local/lib/python3.8/dist-packages/airflow/example_dags/tutorial_objectstorage.py
[2024-03-14T16:23:50.166+0000] {logging_mixin.py:188} INFO - [2024-03-14T16:23:50.166+0000] {dag.py:3047} INFO - Sync 1 DAGs
[2024-03-14T16:23:50.176+0000] {logging_mixin.py:188} INFO - [2024-03-14T16:23:50.176+0000] {dag.py:3834} INFO - Setting next_dagrun for tutorial_objectstorage to None, run_after=None
[2024-03-14T16:23:50.201+0000] {processor.py:183} INFO - Processing /usr/local/lib/python3.8/dist-packages/airflow/example_dags/tutorial_objectstorage.py took 0.061 seconds
[2024-03-14T16:24:55.098+0000] {processor.py:161} INFO - Started process (PID=760) to work on /usr/local/lib/python3.8/dist-packages/airflow/example_dags/tutorial_objectstorage.py
[2024-03-14T16:24:55.101+0000] {processor.py:830} INFO - Processing file /usr/local/lib/python3.8/dist-packages/airflow/example_dags/tutorial_objectstorage.py for tasks to queue
[2024-03-14T16:24:55.102+0000] {logging_mixin.py:188} INFO - [2024-03-14T16:24:55.101+0000] {dagbag.py:540} INFO - Filling up the DagBag from /usr/local/lib/python3.8/dist-packages/airflow/example_dags/tutorial_objectstorage.py
[2024-03-14T16:24:55.110+0000] {processor.py:840} INFO - DAG(s) 'tutorial_objectstorage' retrieved from /usr/local/lib/python3.8/dist-packages/airflow/example_dags/tutorial_objectstorage.py
[2024-03-14T16:24:55.125+0000] {logging_mixin.py:188} INFO - [2024-03-14T16:24:55.125+0000] {dag.py:3047} INFO - Sync 1 DAGs
[2024-03-14T16:24:55.138+0000] {logging_mixin.py:188} INFO - [2024-03-14T16:24:55.138+0000] {dag.py:3834} INFO - Setting next_dagrun for tutorial_objectstorage to None, run_after=None
[2024-03-14T16:24:55.237+0000] {processor.py:183} INFO - Processing /usr/local/lib/python3.8/dist-packages/airflow/example_dags/tutorial_objectstorage.py took 0.142 seconds
[2024-03-14T16:25:58.591+0000] {processor.py:161} INFO - Started process (PID=866) to work on /usr/local/lib/python3.8/dist-packages/airflow/example_dags/tutorial_objectstorage.py
[2024-03-14T16:25:58.594+0000] {processor.py:830} INFO - Processing file /usr/local/lib/python3.8/dist-packages/airflow/example_dags/tutorial_objectstorage.py for tasks to queue
[2024-03-14T16:25:58.595+0000] {logging_mixin.py:188} INFO - [2024-03-14T16:25:58.594+0000] {dagbag.py:540} INFO - Filling up the DagBag from /usr/local/lib/python3.8/dist-packages/airflow/example_dags/tutorial_objectstorage.py
[2024-03-14T16:25:58.603+0000] {processor.py:840} INFO - DAG(s) 'tutorial_objectstorage' retrieved from /usr/local/lib/python3.8/dist-packages/airflow/example_dags/tutorial_objectstorage.py
[2024-03-14T16:25:58.618+0000] {logging_mixin.py:188} INFO - [2024-03-14T16:25:58.618+0000] {dag.py:3047} INFO - Sync 1 DAGs
[2024-03-14T16:25:58.631+0000] {logging_mixin.py:188} INFO - [2024-03-14T16:25:58.631+0000] {dag.py:3834} INFO - Setting next_dagrun for tutorial_objectstorage to None, run_after=None
[2024-03-14T16:25:58.663+0000] {processor.py:183} INFO - Processing /usr/local/lib/python3.8/dist-packages/airflow/example_dags/tutorial_objectstorage.py took 0.074 seconds
[2024-03-14T16:27:07.022+0000] {processor.py:161} INFO - Started process (PID=983) to work on /usr/local/lib/python3.8/dist-packages/airflow/example_dags/tutorial_objectstorage.py
[2024-03-14T16:27:07.025+0000] {processor.py:830} INFO - Processing file /usr/local/lib/python3.8/dist-packages/airflow/example_dags/tutorial_objectstorage.py for tasks to queue
[2024-03-14T16:27:07.026+0000] {logging_mixin.py:188} INFO - [2024-03-14T16:27:07.025+0000] {dagbag.py:540} INFO - Filling up the DagBag from /usr/local/lib/python3.8/dist-packages/airflow/example_dags/tutorial_objectstorage.py
[2024-03-14T16:27:07.034+0000] {processor.py:840} INFO - DAG(s) 'tutorial_objectstorage' retrieved from /usr/local/lib/python3.8/dist-packages/airflow/example_dags/tutorial_objectstorage.py
[2024-03-14T16:27:07.049+0000] {logging_mixin.py:188} INFO - [2024-03-14T16:27:07.049+0000] {dag.py:3047} INFO - Sync 1 DAGs
[2024-03-14T16:27:07.062+0000] {logging_mixin.py:188} INFO - [2024-03-14T16:27:07.062+0000] {dag.py:3834} INFO - Setting next_dagrun for tutorial_objectstorage to None, run_after=None
[2024-03-14T16:27:07.132+0000] {processor.py:183} INFO - Processing /usr/local/lib/python3.8/dist-packages/airflow/example_dags/tutorial_objectstorage.py took 0.113 seconds
[2024-03-14T16:28:17.915+0000] {processor.py:161} INFO - Started process (PID=1099) to work on /usr/local/lib/python3.8/dist-packages/airflow/example_dags/tutorial_objectstorage.py
[2024-03-14T16:28:17.917+0000] {processor.py:830} INFO - Processing file /usr/local/lib/python3.8/dist-packages/airflow/example_dags/tutorial_objectstorage.py for tasks to queue
[2024-03-14T16:28:17.918+0000] {logging_mixin.py:188} INFO - [2024-03-14T16:28:17.917+0000] {dagbag.py:540} INFO - Filling up the DagBag from /usr/local/lib/python3.8/dist-packages/airflow/example_dags/tutorial_objectstorage.py
[2024-03-14T16:28:17.925+0000] {processor.py:840} INFO - DAG(s) 'tutorial_objectstorage' retrieved from /usr/local/lib/python3.8/dist-packages/airflow/example_dags/tutorial_objectstorage.py
[2024-03-14T16:28:17.939+0000] {logging_mixin.py:188} INFO - [2024-03-14T16:28:17.939+0000] {dag.py:3047} INFO - Sync 1 DAGs
[2024-03-14T16:28:17.949+0000] {logging_mixin.py:188} INFO - [2024-03-14T16:28:17.949+0000] {dag.py:3834} INFO - Setting next_dagrun for tutorial_objectstorage to None, run_after=None
[2024-03-14T16:28:17.973+0000] {processor.py:183} INFO - Processing /usr/local/lib/python3.8/dist-packages/airflow/example_dags/tutorial_objectstorage.py took 0.061 seconds
[2024-03-14T16:29:32.234+0000] {processor.py:161} INFO - Started process (PID=1216) to work on /usr/local/lib/python3.8/dist-packages/airflow/example_dags/tutorial_objectstorage.py
[2024-03-14T16:29:32.236+0000] {processor.py:830} INFO - Processing file /usr/local/lib/python3.8/dist-packages/airflow/example_dags/tutorial_objectstorage.py for tasks to queue
[2024-03-14T16:29:32.237+0000] {logging_mixin.py:188} INFO - [2024-03-14T16:29:32.237+0000] {dagbag.py:540} INFO - Filling up the DagBag from /usr/local/lib/python3.8/dist-packages/airflow/example_dags/tutorial_objectstorage.py
[2024-03-14T16:29:32.245+0000] {processor.py:840} INFO - DAG(s) 'tutorial_objectstorage' retrieved from /usr/local/lib/python3.8/dist-packages/airflow/example_dags/tutorial_objectstorage.py
[2024-03-14T16:29:32.260+0000] {logging_mixin.py:188} INFO - [2024-03-14T16:29:32.260+0000] {dag.py:3047} INFO - Sync 1 DAGs
[2024-03-14T16:29:32.271+0000] {logging_mixin.py:188} INFO - [2024-03-14T16:29:32.270+0000] {dag.py:3834} INFO - Setting next_dagrun for tutorial_objectstorage to None, run_after=None
[2024-03-14T16:29:32.315+0000] {processor.py:183} INFO - Processing /usr/local/lib/python3.8/dist-packages/airflow/example_dags/tutorial_objectstorage.py took 0.084 seconds
[2024-03-14T16:30:37.134+0000] {processor.py:161} INFO - Started process (PID=1325) to work on /usr/local/lib/python3.8/dist-packages/airflow/example_dags/tutorial_objectstorage.py
[2024-03-14T16:30:37.136+0000] {processor.py:830} INFO - Processing file /usr/local/lib/python3.8/dist-packages/airflow/example_dags/tutorial_objectstorage.py for tasks to queue
[2024-03-14T16:30:37.137+0000] {logging_mixin.py:188} INFO - [2024-03-14T16:30:37.137+0000] {dagbag.py:540} INFO - Filling up the DagBag from /usr/local/lib/python3.8/dist-packages/airflow/example_dags/tutorial_objectstorage.py
[2024-03-14T16:30:37.145+0000] {processor.py:840} INFO - DAG(s) 'tutorial_objectstorage' retrieved from /usr/local/lib/python3.8/dist-packages/airflow/example_dags/tutorial_objectstorage.py
[2024-03-14T16:30:37.160+0000] {logging_mixin.py:188} INFO - [2024-03-14T16:30:37.160+0000] {dag.py:3047} INFO - Sync 1 DAGs
[2024-03-14T16:30:37.173+0000] {logging_mixin.py:188} INFO - [2024-03-14T16:30:37.172+0000] {dag.py:3834} INFO - Setting next_dagrun for tutorial_objectstorage to None, run_after=None
[2024-03-14T16:30:37.274+0000] {processor.py:183} INFO - Processing /usr/local/lib/python3.8/dist-packages/airflow/example_dags/tutorial_objectstorage.py took 0.143 seconds
[2024-03-14T16:31:25.755+0000] {processor.py:161} INFO - Started process (PID=1414) to work on /usr/local/lib/python3.8/dist-packages/airflow/example_dags/tutorial_objectstorage.py
[2024-03-14T16:31:25.757+0000] {processor.py:830} INFO - Processing file /usr/local/lib/python3.8/dist-packages/airflow/example_dags/tutorial_objectstorage.py for tasks to queue
[2024-03-14T16:31:25.758+0000] {logging_mixin.py:188} INFO - [2024-03-14T16:31:25.758+0000] {dagbag.py:540} INFO - Filling up the DagBag from /usr/local/lib/python3.8/dist-packages/airflow/example_dags/tutorial_objectstorage.py
[2024-03-14T16:31:25.766+0000] {processor.py:840} INFO - DAG(s) 'tutorial_objectstorage' retrieved from /usr/local/lib/python3.8/dist-packages/airflow/example_dags/tutorial_objectstorage.py
[2024-03-14T16:31:25.782+0000] {logging_mixin.py:188} INFO - [2024-03-14T16:31:25.782+0000] {dag.py:3047} INFO - Sync 1 DAGs
[2024-03-14T16:31:25.794+0000] {logging_mixin.py:188} INFO - [2024-03-14T16:31:25.794+0000] {dag.py:3834} INFO - Setting next_dagrun for tutorial_objectstorage to None, run_after=None
[2024-03-14T16:31:25.873+0000] {processor.py:183} INFO - Processing /usr/local/lib/python3.8/dist-packages/airflow/example_dags/tutorial_objectstorage.py took 0.122 seconds
[2024-03-14T16:32:31.995+0000] {processor.py:161} INFO - Started process (PID=1527) to work on /usr/local/lib/python3.8/dist-packages/airflow/example_dags/tutorial_objectstorage.py
[2024-03-14T16:32:31.998+0000] {processor.py:830} INFO - Processing file /usr/local/lib/python3.8/dist-packages/airflow/example_dags/tutorial_objectstorage.py for tasks to queue
[2024-03-14T16:32:31.999+0000] {logging_mixin.py:188} INFO - [2024-03-14T16:32:31.998+0000] {dagbag.py:540} INFO - Filling up the DagBag from /usr/local/lib/python3.8/dist-packages/airflow/example_dags/tutorial_objectstorage.py
[2024-03-14T16:32:32.006+0000] {processor.py:840} INFO - DAG(s) 'tutorial_objectstorage' retrieved from /usr/local/lib/python3.8/dist-packages/airflow/example_dags/tutorial_objectstorage.py
[2024-03-14T16:32:32.022+0000] {logging_mixin.py:188} INFO - [2024-03-14T16:32:32.022+0000] {dag.py:3047} INFO - Sync 1 DAGs
[2024-03-14T16:32:32.034+0000] {logging_mixin.py:188} INFO - [2024-03-14T16:32:32.034+0000] {dag.py:3834} INFO - Setting next_dagrun for tutorial_objectstorage to None, run_after=None
[2024-03-14T16:32:32.126+0000] {processor.py:183} INFO - Processing /usr/local/lib/python3.8/dist-packages/airflow/example_dags/tutorial_objectstorage.py took 0.134 seconds
[2024-03-14T16:34:09.522+0000] {processor.py:161} INFO - Started process (PID=1786) to work on /usr/local/lib/python3.8/dist-packages/airflow/example_dags/tutorial_objectstorage.py
[2024-03-14T16:34:09.524+0000] {processor.py:830} INFO - Processing file /usr/local/lib/python3.8/dist-packages/airflow/example_dags/tutorial_objectstorage.py for tasks to queue
[2024-03-14T16:34:09.525+0000] {logging_mixin.py:188} INFO - [2024-03-14T16:34:09.525+0000] {dagbag.py:540} INFO - Filling up the DagBag from /usr/local/lib/python3.8/dist-packages/airflow/example_dags/tutorial_objectstorage.py
[2024-03-14T16:34:09.533+0000] {processor.py:840} INFO - DAG(s) 'tutorial_objectstorage' retrieved from /usr/local/lib/python3.8/dist-packages/airflow/example_dags/tutorial_objectstorage.py
[2024-03-14T16:34:09.549+0000] {logging_mixin.py:188} INFO - [2024-03-14T16:34:09.548+0000] {dag.py:3047} INFO - Sync 1 DAGs
[2024-03-14T16:34:09.561+0000] {logging_mixin.py:188} INFO - [2024-03-14T16:34:09.561+0000] {dag.py:3834} INFO - Setting next_dagrun for tutorial_objectstorage to None, run_after=None
[2024-03-14T16:34:09.669+0000] {processor.py:183} INFO - Processing /usr/local/lib/python3.8/dist-packages/airflow/example_dags/tutorial_objectstorage.py took 0.151 seconds
[2024-03-14T16:35:26.294+0000] {processor.py:161} INFO - Started process (PID=1906) to work on /usr/local/lib/python3.8/dist-packages/airflow/example_dags/tutorial_objectstorage.py
[2024-03-14T16:35:26.297+0000] {processor.py:830} INFO - Processing file /usr/local/lib/python3.8/dist-packages/airflow/example_dags/tutorial_objectstorage.py for tasks to queue
[2024-03-14T16:35:26.298+0000] {logging_mixin.py:188} INFO - [2024-03-14T16:35:26.298+0000] {dagbag.py:540} INFO - Filling up the DagBag from /usr/local/lib/python3.8/dist-packages/airflow/example_dags/tutorial_objectstorage.py
[2024-03-14T16:35:26.305+0000] {processor.py:840} INFO - DAG(s) 'tutorial_objectstorage' retrieved from /usr/local/lib/python3.8/dist-packages/airflow/example_dags/tutorial_objectstorage.py
[2024-03-14T16:35:26.320+0000] {logging_mixin.py:188} INFO - [2024-03-14T16:35:26.320+0000] {dag.py:3047} INFO - Sync 1 DAGs
[2024-03-14T16:35:26.330+0000] {logging_mixin.py:188} INFO - [2024-03-14T16:35:26.330+0000] {dag.py:3834} INFO - Setting next_dagrun for tutorial_objectstorage to None, run_after=None
[2024-03-14T16:35:26.394+0000] {processor.py:183} INFO - Processing /usr/local/lib/python3.8/dist-packages/airflow/example_dags/tutorial_objectstorage.py took 0.104 seconds
[2024-03-14T16:37:00.579+0000] {processor.py:161} INFO - Started process (PID=2082) to work on /usr/local/lib/python3.8/dist-packages/airflow/example_dags/tutorial_objectstorage.py
[2024-03-14T16:37:00.582+0000] {processor.py:830} INFO - Processing file /usr/local/lib/python3.8/dist-packages/airflow/example_dags/tutorial_objectstorage.py for tasks to queue
[2024-03-14T16:37:00.583+0000] {logging_mixin.py:188} INFO - [2024-03-14T16:37:00.582+0000] {dagbag.py:540} INFO - Filling up the DagBag from /usr/local/lib/python3.8/dist-packages/airflow/example_dags/tutorial_objectstorage.py
[2024-03-14T16:37:00.590+0000] {processor.py:840} INFO - DAG(s) 'tutorial_objectstorage' retrieved from /usr/local/lib/python3.8/dist-packages/airflow/example_dags/tutorial_objectstorage.py
[2024-03-14T16:37:00.604+0000] {logging_mixin.py:188} INFO - [2024-03-14T16:37:00.603+0000] {dag.py:3047} INFO - Sync 1 DAGs
[2024-03-14T16:37:00.614+0000] {logging_mixin.py:188} INFO - [2024-03-14T16:37:00.613+0000] {dag.py:3834} INFO - Setting next_dagrun for tutorial_objectstorage to None, run_after=None
[2024-03-14T16:37:00.648+0000] {processor.py:183} INFO - Processing /usr/local/lib/python3.8/dist-packages/airflow/example_dags/tutorial_objectstorage.py took 0.072 seconds
[2024-03-14T16:38:34.106+0000] {processor.py:161} INFO - Started process (PID=2261) to work on /usr/local/lib/python3.8/dist-packages/airflow/example_dags/tutorial_objectstorage.py
[2024-03-14T16:38:34.108+0000] {processor.py:830} INFO - Processing file /usr/local/lib/python3.8/dist-packages/airflow/example_dags/tutorial_objectstorage.py for tasks to queue
[2024-03-14T16:38:34.109+0000] {logging_mixin.py:188} INFO - [2024-03-14T16:38:34.109+0000] {dagbag.py:540} INFO - Filling up the DagBag from /usr/local/lib/python3.8/dist-packages/airflow/example_dags/tutorial_objectstorage.py
[2024-03-14T16:38:34.116+0000] {processor.py:840} INFO - DAG(s) 'tutorial_objectstorage' retrieved from /usr/local/lib/python3.8/dist-packages/airflow/example_dags/tutorial_objectstorage.py
[2024-03-14T16:38:34.130+0000] {logging_mixin.py:188} INFO - [2024-03-14T16:38:34.130+0000] {dag.py:3047} INFO - Sync 1 DAGs
[2024-03-14T16:38:34.140+0000] {logging_mixin.py:188} INFO - [2024-03-14T16:38:34.140+0000] {dag.py:3834} INFO - Setting next_dagrun for tutorial_objectstorage to None, run_after=None
[2024-03-14T16:38:34.222+0000] {processor.py:183} INFO - Processing /usr/local/lib/python3.8/dist-packages/airflow/example_dags/tutorial_objectstorage.py took 0.120 seconds
[2024-03-14T16:39:44.156+0000] {processor.py:161} INFO - Started process (PID=2376) to work on /usr/local/lib/python3.8/dist-packages/airflow/example_dags/tutorial_objectstorage.py
[2024-03-14T16:39:44.158+0000] {processor.py:830} INFO - Processing file /usr/local/lib/python3.8/dist-packages/airflow/example_dags/tutorial_objectstorage.py for tasks to queue
[2024-03-14T16:39:44.159+0000] {logging_mixin.py:188} INFO - [2024-03-14T16:39:44.159+0000] {dagbag.py:540} INFO - Filling up the DagBag from /usr/local/lib/python3.8/dist-packages/airflow/example_dags/tutorial_objectstorage.py
[2024-03-14T16:39:44.167+0000] {processor.py:840} INFO - DAG(s) 'tutorial_objectstorage' retrieved from /usr/local/lib/python3.8/dist-packages/airflow/example_dags/tutorial_objectstorage.py
[2024-03-14T16:39:44.183+0000] {logging_mixin.py:188} INFO - [2024-03-14T16:39:44.183+0000] {dag.py:3047} INFO - Sync 1 DAGs
[2024-03-14T16:39:44.195+0000] {logging_mixin.py:188} INFO - [2024-03-14T16:39:44.195+0000] {dag.py:3834} INFO - Setting next_dagrun for tutorial_objectstorage to None, run_after=None
[2024-03-14T16:39:44.273+0000] {processor.py:183} INFO - Processing /usr/local/lib/python3.8/dist-packages/airflow/example_dags/tutorial_objectstorage.py took 0.120 seconds
[2024-03-14T16:40:51.991+0000] {processor.py:161} INFO - Started process (PID=2483) to work on /usr/local/lib/python3.8/dist-packages/airflow/example_dags/tutorial_objectstorage.py
[2024-03-14T16:40:51.994+0000] {processor.py:830} INFO - Processing file /usr/local/lib/python3.8/dist-packages/airflow/example_dags/tutorial_objectstorage.py for tasks to queue
[2024-03-14T16:40:51.995+0000] {logging_mixin.py:188} INFO - [2024-03-14T16:40:51.994+0000] {dagbag.py:540} INFO - Filling up the DagBag from /usr/local/lib/python3.8/dist-packages/airflow/example_dags/tutorial_objectstorage.py
[2024-03-14T16:40:52.003+0000] {processor.py:840} INFO - DAG(s) 'tutorial_objectstorage' retrieved from /usr/local/lib/python3.8/dist-packages/airflow/example_dags/tutorial_objectstorage.py
[2024-03-14T16:40:52.019+0000] {logging_mixin.py:188} INFO - [2024-03-14T16:40:52.019+0000] {dag.py:3047} INFO - Sync 1 DAGs
[2024-03-14T16:40:52.032+0000] {logging_mixin.py:188} INFO - [2024-03-14T16:40:52.031+0000] {dag.py:3834} INFO - Setting next_dagrun for tutorial_objectstorage to None, run_after=None
[2024-03-14T16:40:52.122+0000] {processor.py:183} INFO - Processing /usr/local/lib/python3.8/dist-packages/airflow/example_dags/tutorial_objectstorage.py took 0.134 seconds
[2024-03-14T16:42:13.014+0000] {processor.py:161} INFO - Started process (PID=2599) to work on /usr/local/lib/python3.8/dist-packages/airflow/example_dags/tutorial_objectstorage.py
[2024-03-14T16:42:13.016+0000] {processor.py:830} INFO - Processing file /usr/local/lib/python3.8/dist-packages/airflow/example_dags/tutorial_objectstorage.py for tasks to queue
[2024-03-14T16:42:13.017+0000] {logging_mixin.py:188} INFO - [2024-03-14T16:42:13.017+0000] {dagbag.py:540} INFO - Filling up the DagBag from /usr/local/lib/python3.8/dist-packages/airflow/example_dags/tutorial_objectstorage.py
[2024-03-14T16:42:13.026+0000] {processor.py:840} INFO - DAG(s) 'tutorial_objectstorage' retrieved from /usr/local/lib/python3.8/dist-packages/airflow/example_dags/tutorial_objectstorage.py
[2024-03-14T16:42:13.042+0000] {logging_mixin.py:188} INFO - [2024-03-14T16:42:13.041+0000] {dag.py:3047} INFO - Sync 1 DAGs
[2024-03-14T16:42:13.054+0000] {logging_mixin.py:188} INFO - [2024-03-14T16:42:13.054+0000] {dag.py:3834} INFO - Setting next_dagrun for tutorial_objectstorage to None, run_after=None
[2024-03-14T16:42:13.083+0000] {processor.py:183} INFO - Processing /usr/local/lib/python3.8/dist-packages/airflow/example_dags/tutorial_objectstorage.py took 0.072 seconds
[2024-03-14T16:43:31.419+0000] {processor.py:161} INFO - Started process (PID=2719) to work on /usr/local/lib/python3.8/dist-packages/airflow/example_dags/tutorial_objectstorage.py
[2024-03-14T16:43:31.421+0000] {processor.py:830} INFO - Processing file /usr/local/lib/python3.8/dist-packages/airflow/example_dags/tutorial_objectstorage.py for tasks to queue
[2024-03-14T16:43:31.422+0000] {logging_mixin.py:188} INFO - [2024-03-14T16:43:31.422+0000] {dagbag.py:540} INFO - Filling up the DagBag from /usr/local/lib/python3.8/dist-packages/airflow/example_dags/tutorial_objectstorage.py
[2024-03-14T16:43:31.430+0000] {processor.py:840} INFO - DAG(s) 'tutorial_objectstorage' retrieved from /usr/local/lib/python3.8/dist-packages/airflow/example_dags/tutorial_objectstorage.py
[2024-03-14T16:43:31.446+0000] {logging_mixin.py:188} INFO - [2024-03-14T16:43:31.446+0000] {dag.py:3047} INFO - Sync 1 DAGs
[2024-03-14T16:43:31.458+0000] {logging_mixin.py:188} INFO - [2024-03-14T16:43:31.458+0000] {dag.py:3834} INFO - Setting next_dagrun for tutorial_objectstorage to None, run_after=None
[2024-03-14T16:43:31.610+0000] {processor.py:183} INFO - Processing /usr/local/lib/python3.8/dist-packages/airflow/example_dags/tutorial_objectstorage.py took 0.194 seconds
[2024-03-14T16:45:10.410+0000] {processor.py:161} INFO - Started process (PID=2898) to work on /usr/local/lib/python3.8/dist-packages/airflow/example_dags/tutorial_objectstorage.py
[2024-03-14T16:45:10.412+0000] {processor.py:830} INFO - Processing file /usr/local/lib/python3.8/dist-packages/airflow/example_dags/tutorial_objectstorage.py for tasks to queue
[2024-03-14T16:45:10.413+0000] {logging_mixin.py:188} INFO - [2024-03-14T16:45:10.413+0000] {dagbag.py:540} INFO - Filling up the DagBag from /usr/local/lib/python3.8/dist-packages/airflow/example_dags/tutorial_objectstorage.py
[2024-03-14T16:45:10.421+0000] {processor.py:840} INFO - DAG(s) 'tutorial_objectstorage' retrieved from /usr/local/lib/python3.8/dist-packages/airflow/example_dags/tutorial_objectstorage.py
[2024-03-14T16:45:10.437+0000] {logging_mixin.py:188} INFO - [2024-03-14T16:45:10.436+0000] {dag.py:3047} INFO - Sync 1 DAGs
[2024-03-14T16:45:10.449+0000] {logging_mixin.py:188} INFO - [2024-03-14T16:45:10.449+0000] {dag.py:3834} INFO - Setting next_dagrun for tutorial_objectstorage to None, run_after=None
[2024-03-14T16:45:10.583+0000] {processor.py:183} INFO - Processing /usr/local/lib/python3.8/dist-packages/airflow/example_dags/tutorial_objectstorage.py took 0.176 seconds
[2024-03-14T16:55:45.492+0000] {processor.py:161} INFO - Started process (PID=3119) to work on /usr/local/lib/python3.8/dist-packages/airflow/example_dags/tutorial_objectstorage.py
[2024-03-14T16:55:45.494+0000] {processor.py:830} INFO - Processing file /usr/local/lib/python3.8/dist-packages/airflow/example_dags/tutorial_objectstorage.py for tasks to queue
[2024-03-14T16:55:45.496+0000] {logging_mixin.py:188} INFO - [2024-03-14T16:55:45.495+0000] {dagbag.py:540} INFO - Filling up the DagBag from /usr/local/lib/python3.8/dist-packages/airflow/example_dags/tutorial_objectstorage.py
[2024-03-14T16:55:45.505+0000] {processor.py:840} INFO - DAG(s) 'tutorial_objectstorage' retrieved from /usr/local/lib/python3.8/dist-packages/airflow/example_dags/tutorial_objectstorage.py
[2024-03-14T16:55:45.530+0000] {logging_mixin.py:188} INFO - [2024-03-14T16:55:45.530+0000] {dag.py:3047} INFO - Sync 1 DAGs
[2024-03-14T16:55:45.542+0000] {logging_mixin.py:188} INFO - [2024-03-14T16:55:45.541+0000] {dag.py:3834} INFO - Setting next_dagrun for tutorial_objectstorage to None, run_after=None
[2024-03-14T16:55:45.778+0000] {processor.py:183} INFO - Processing /usr/local/lib/python3.8/dist-packages/airflow/example_dags/tutorial_objectstorage.py took 0.289 seconds
[2024-03-14T16:56:57.433+0000] {processor.py:161} INFO - Started process (PID=3336) to work on /usr/local/lib/python3.8/dist-packages/airflow/example_dags/tutorial_objectstorage.py
[2024-03-14T16:56:57.435+0000] {processor.py:830} INFO - Processing file /usr/local/lib/python3.8/dist-packages/airflow/example_dags/tutorial_objectstorage.py for tasks to queue
[2024-03-14T16:56:57.436+0000] {logging_mixin.py:188} INFO - [2024-03-14T16:56:57.436+0000] {dagbag.py:540} INFO - Filling up the DagBag from /usr/local/lib/python3.8/dist-packages/airflow/example_dags/tutorial_objectstorage.py
[2024-03-14T16:56:57.446+0000] {processor.py:840} INFO - DAG(s) 'tutorial_objectstorage' retrieved from /usr/local/lib/python3.8/dist-packages/airflow/example_dags/tutorial_objectstorage.py
[2024-03-14T16:56:57.463+0000] {logging_mixin.py:188} INFO - [2024-03-14T16:56:57.463+0000] {dag.py:3047} INFO - Sync 1 DAGs
[2024-03-14T16:56:57.477+0000] {logging_mixin.py:188} INFO - [2024-03-14T16:56:57.477+0000] {dag.py:3834} INFO - Setting next_dagrun for tutorial_objectstorage to None, run_after=None
[2024-03-14T16:56:57.634+0000] {processor.py:183} INFO - Processing /usr/local/lib/python3.8/dist-packages/airflow/example_dags/tutorial_objectstorage.py took 0.205 seconds
[2024-03-14T16:57:58.787+0000] {processor.py:161} INFO - Started process (PID=3437) to work on /usr/local/lib/python3.8/dist-packages/airflow/example_dags/tutorial_objectstorage.py
[2024-03-14T16:57:58.790+0000] {processor.py:830} INFO - Processing file /usr/local/lib/python3.8/dist-packages/airflow/example_dags/tutorial_objectstorage.py for tasks to queue
[2024-03-14T16:57:58.791+0000] {logging_mixin.py:188} INFO - [2024-03-14T16:57:58.790+0000] {dagbag.py:540} INFO - Filling up the DagBag from /usr/local/lib/python3.8/dist-packages/airflow/example_dags/tutorial_objectstorage.py
[2024-03-14T16:57:58.800+0000] {processor.py:840} INFO - DAG(s) 'tutorial_objectstorage' retrieved from /usr/local/lib/python3.8/dist-packages/airflow/example_dags/tutorial_objectstorage.py
[2024-03-14T16:57:58.817+0000] {logging_mixin.py:188} INFO - [2024-03-14T16:57:58.817+0000] {dag.py:3047} INFO - Sync 1 DAGs
[2024-03-14T16:57:58.831+0000] {logging_mixin.py:188} INFO - [2024-03-14T16:57:58.831+0000] {dag.py:3834} INFO - Setting next_dagrun for tutorial_objectstorage to None, run_after=None
[2024-03-14T16:57:58.862+0000] {processor.py:183} INFO - Processing /usr/local/lib/python3.8/dist-packages/airflow/example_dags/tutorial_objectstorage.py took 0.079 seconds
