[2024-03-14T16:22:41.266+0000] {processor.py:161} INFO - Started process (PID=539) to work on /usr/local/lib/python3.8/dist-packages/airflow/example_dags/tutorial_taskflow_api.py
[2024-03-14T16:22:41.267+0000] {processor.py:830} INFO - Processing file /usr/local/lib/python3.8/dist-packages/airflow/example_dags/tutorial_taskflow_api.py for tasks to queue
[2024-03-14T16:22:41.268+0000] {logging_mixin.py:188} INFO - [2024-03-14T16:22:41.268+0000] {dagbag.py:540} INFO - Filling up the DagBag from /usr/local/lib/python3.8/dist-packages/airflow/example_dags/tutorial_taskflow_api.py
[2024-03-14T16:22:41.276+0000] {processor.py:840} INFO - DAG(s) 'tutorial_taskflow_api' retrieved from /usr/local/lib/python3.8/dist-packages/airflow/example_dags/tutorial_taskflow_api.py
[2024-03-14T16:22:41.294+0000] {logging_mixin.py:188} INFO - [2024-03-14T16:22:41.294+0000] {dag.py:3047} INFO - Sync 1 DAGs
[2024-03-14T16:22:41.307+0000] {logging_mixin.py:188} INFO - [2024-03-14T16:22:41.306+0000] {dag.py:3834} INFO - Setting next_dagrun for tutorial_taskflow_api to None, run_after=None
[2024-03-14T16:22:41.536+0000] {processor.py:183} INFO - Processing /usr/local/lib/python3.8/dist-packages/airflow/example_dags/tutorial_taskflow_api.py took 0.273 seconds
[2024-03-14T16:24:03.711+0000] {processor.py:161} INFO - Started process (PID=676) to work on /usr/local/lib/python3.8/dist-packages/airflow/example_dags/tutorial_taskflow_api.py
[2024-03-14T16:24:03.713+0000] {processor.py:830} INFO - Processing file /usr/local/lib/python3.8/dist-packages/airflow/example_dags/tutorial_taskflow_api.py for tasks to queue
[2024-03-14T16:24:03.714+0000] {logging_mixin.py:188} INFO - [2024-03-14T16:24:03.713+0000] {dagbag.py:540} INFO - Filling up the DagBag from /usr/local/lib/python3.8/dist-packages/airflow/example_dags/tutorial_taskflow_api.py
[2024-03-14T16:24:03.721+0000] {processor.py:840} INFO - DAG(s) 'tutorial_taskflow_api' retrieved from /usr/local/lib/python3.8/dist-packages/airflow/example_dags/tutorial_taskflow_api.py
[2024-03-14T16:24:03.735+0000] {logging_mixin.py:188} INFO - [2024-03-14T16:24:03.735+0000] {dag.py:3047} INFO - Sync 1 DAGs
[2024-03-14T16:24:03.746+0000] {logging_mixin.py:188} INFO - [2024-03-14T16:24:03.745+0000] {dag.py:3834} INFO - Setting next_dagrun for tutorial_taskflow_api to None, run_after=None
[2024-03-14T16:24:03.770+0000] {processor.py:183} INFO - Processing /usr/local/lib/python3.8/dist-packages/airflow/example_dags/tutorial_taskflow_api.py took 0.062 seconds
[2024-03-14T16:25:05.974+0000] {processor.py:161} INFO - Started process (PID=783) to work on /usr/local/lib/python3.8/dist-packages/airflow/example_dags/tutorial_taskflow_api.py
[2024-03-14T16:25:05.976+0000] {processor.py:830} INFO - Processing file /usr/local/lib/python3.8/dist-packages/airflow/example_dags/tutorial_taskflow_api.py for tasks to queue
[2024-03-14T16:25:05.977+0000] {logging_mixin.py:188} INFO - [2024-03-14T16:25:05.977+0000] {dagbag.py:540} INFO - Filling up the DagBag from /usr/local/lib/python3.8/dist-packages/airflow/example_dags/tutorial_taskflow_api.py
[2024-03-14T16:25:05.984+0000] {processor.py:840} INFO - DAG(s) 'tutorial_taskflow_api' retrieved from /usr/local/lib/python3.8/dist-packages/airflow/example_dags/tutorial_taskflow_api.py
[2024-03-14T16:25:06.001+0000] {logging_mixin.py:188} INFO - [2024-03-14T16:25:06.001+0000] {dag.py:3047} INFO - Sync 1 DAGs
[2024-03-14T16:25:06.014+0000] {logging_mixin.py:188} INFO - [2024-03-14T16:25:06.013+0000] {dag.py:3834} INFO - Setting next_dagrun for tutorial_taskflow_api to None, run_after=None
[2024-03-14T16:25:06.113+0000] {processor.py:183} INFO - Processing /usr/local/lib/python3.8/dist-packages/airflow/example_dags/tutorial_taskflow_api.py took 0.142 seconds
[2024-03-14T16:26:09.547+0000] {processor.py:161} INFO - Started process (PID=877) to work on /usr/local/lib/python3.8/dist-packages/airflow/example_dags/tutorial_taskflow_api.py
[2024-03-14T16:26:09.549+0000] {processor.py:830} INFO - Processing file /usr/local/lib/python3.8/dist-packages/airflow/example_dags/tutorial_taskflow_api.py for tasks to queue
[2024-03-14T16:26:09.550+0000] {logging_mixin.py:188} INFO - [2024-03-14T16:26:09.550+0000] {dagbag.py:540} INFO - Filling up the DagBag from /usr/local/lib/python3.8/dist-packages/airflow/example_dags/tutorial_taskflow_api.py
[2024-03-14T16:26:09.558+0000] {processor.py:840} INFO - DAG(s) 'tutorial_taskflow_api' retrieved from /usr/local/lib/python3.8/dist-packages/airflow/example_dags/tutorial_taskflow_api.py
[2024-03-14T16:26:09.574+0000] {logging_mixin.py:188} INFO - [2024-03-14T16:26:09.574+0000] {dag.py:3047} INFO - Sync 1 DAGs
[2024-03-14T16:26:09.585+0000] {logging_mixin.py:188} INFO - [2024-03-14T16:26:09.585+0000] {dag.py:3834} INFO - Setting next_dagrun for tutorial_taskflow_api to None, run_after=None
[2024-03-14T16:26:09.643+0000] {processor.py:183} INFO - Processing /usr/local/lib/python3.8/dist-packages/airflow/example_dags/tutorial_taskflow_api.py took 0.099 seconds
[2024-03-14T16:27:18.948+0000] {processor.py:161} INFO - Started process (PID=994) to work on /usr/local/lib/python3.8/dist-packages/airflow/example_dags/tutorial_taskflow_api.py
[2024-03-14T16:27:18.950+0000] {processor.py:830} INFO - Processing file /usr/local/lib/python3.8/dist-packages/airflow/example_dags/tutorial_taskflow_api.py for tasks to queue
[2024-03-14T16:27:18.951+0000] {logging_mixin.py:188} INFO - [2024-03-14T16:27:18.951+0000] {dagbag.py:540} INFO - Filling up the DagBag from /usr/local/lib/python3.8/dist-packages/airflow/example_dags/tutorial_taskflow_api.py
[2024-03-14T16:27:18.959+0000] {processor.py:840} INFO - DAG(s) 'tutorial_taskflow_api' retrieved from /usr/local/lib/python3.8/dist-packages/airflow/example_dags/tutorial_taskflow_api.py
[2024-03-14T16:27:18.975+0000] {logging_mixin.py:188} INFO - [2024-03-14T16:27:18.975+0000] {dag.py:3047} INFO - Sync 1 DAGs
[2024-03-14T16:27:18.988+0000] {logging_mixin.py:188} INFO - [2024-03-14T16:27:18.987+0000] {dag.py:3834} INFO - Setting next_dagrun for tutorial_taskflow_api to None, run_after=None
[2024-03-14T16:27:19.038+0000] {processor.py:183} INFO - Processing /usr/local/lib/python3.8/dist-packages/airflow/example_dags/tutorial_taskflow_api.py took 0.094 seconds
[2024-03-14T16:28:29.479+0000] {processor.py:161} INFO - Started process (PID=1110) to work on /usr/local/lib/python3.8/dist-packages/airflow/example_dags/tutorial_taskflow_api.py
[2024-03-14T16:28:29.481+0000] {processor.py:830} INFO - Processing file /usr/local/lib/python3.8/dist-packages/airflow/example_dags/tutorial_taskflow_api.py for tasks to queue
[2024-03-14T16:28:29.482+0000] {logging_mixin.py:188} INFO - [2024-03-14T16:28:29.481+0000] {dagbag.py:540} INFO - Filling up the DagBag from /usr/local/lib/python3.8/dist-packages/airflow/example_dags/tutorial_taskflow_api.py
[2024-03-14T16:28:29.489+0000] {processor.py:840} INFO - DAG(s) 'tutorial_taskflow_api' retrieved from /usr/local/lib/python3.8/dist-packages/airflow/example_dags/tutorial_taskflow_api.py
[2024-03-14T16:28:29.506+0000] {logging_mixin.py:188} INFO - [2024-03-14T16:28:29.506+0000] {dag.py:3047} INFO - Sync 1 DAGs
[2024-03-14T16:28:29.519+0000] {logging_mixin.py:188} INFO - [2024-03-14T16:28:29.518+0000] {dag.py:3834} INFO - Setting next_dagrun for tutorial_taskflow_api to None, run_after=None
[2024-03-14T16:28:29.550+0000] {processor.py:183} INFO - Processing /usr/local/lib/python3.8/dist-packages/airflow/example_dags/tutorial_taskflow_api.py took 0.074 seconds
[2024-03-14T16:29:59.111+0000] {processor.py:161} INFO - Started process (PID=1257) to work on /usr/local/lib/python3.8/dist-packages/airflow/example_dags/tutorial_taskflow_api.py
[2024-03-14T16:29:59.112+0000] {processor.py:830} INFO - Processing file /usr/local/lib/python3.8/dist-packages/airflow/example_dags/tutorial_taskflow_api.py for tasks to queue
[2024-03-14T16:29:59.113+0000] {logging_mixin.py:188} INFO - [2024-03-14T16:29:59.113+0000] {dagbag.py:540} INFO - Filling up the DagBag from /usr/local/lib/python3.8/dist-packages/airflow/example_dags/tutorial_taskflow_api.py
[2024-03-14T16:29:59.121+0000] {processor.py:840} INFO - DAG(s) 'tutorial_taskflow_api' retrieved from /usr/local/lib/python3.8/dist-packages/airflow/example_dags/tutorial_taskflow_api.py
[2024-03-14T16:29:59.137+0000] {logging_mixin.py:188} INFO - [2024-03-14T16:29:59.137+0000] {dag.py:3047} INFO - Sync 1 DAGs
[2024-03-14T16:29:59.150+0000] {logging_mixin.py:188} INFO - [2024-03-14T16:29:59.149+0000] {dag.py:3834} INFO - Setting next_dagrun for tutorial_taskflow_api to None, run_after=None
[2024-03-14T16:29:59.293+0000] {processor.py:183} INFO - Processing /usr/local/lib/python3.8/dist-packages/airflow/example_dags/tutorial_taskflow_api.py took 0.185 seconds
[2024-03-14T16:31:32.518+0000] {processor.py:161} INFO - Started process (PID=1420) to work on /usr/local/lib/python3.8/dist-packages/airflow/example_dags/tutorial_taskflow_api.py
[2024-03-14T16:31:32.520+0000] {processor.py:830} INFO - Processing file /usr/local/lib/python3.8/dist-packages/airflow/example_dags/tutorial_taskflow_api.py for tasks to queue
[2024-03-14T16:31:32.521+0000] {logging_mixin.py:188} INFO - [2024-03-14T16:31:32.521+0000] {dagbag.py:540} INFO - Filling up the DagBag from /usr/local/lib/python3.8/dist-packages/airflow/example_dags/tutorial_taskflow_api.py
[2024-03-14T16:31:32.529+0000] {processor.py:840} INFO - DAG(s) 'tutorial_taskflow_api' retrieved from /usr/local/lib/python3.8/dist-packages/airflow/example_dags/tutorial_taskflow_api.py
[2024-03-14T16:31:32.545+0000] {logging_mixin.py:188} INFO - [2024-03-14T16:31:32.545+0000] {dag.py:3047} INFO - Sync 1 DAGs
[2024-03-14T16:31:32.558+0000] {logging_mixin.py:188} INFO - [2024-03-14T16:31:32.558+0000] {dag.py:3834} INFO - Setting next_dagrun for tutorial_taskflow_api to None, run_after=None
[2024-03-14T16:31:32.684+0000] {processor.py:183} INFO - Processing /usr/local/lib/python3.8/dist-packages/airflow/example_dags/tutorial_taskflow_api.py took 0.169 seconds
[2024-03-14T16:32:38.775+0000] {processor.py:161} INFO - Started process (PID=1533) to work on /usr/local/lib/python3.8/dist-packages/airflow/example_dags/tutorial_taskflow_api.py
[2024-03-14T16:32:38.778+0000] {processor.py:830} INFO - Processing file /usr/local/lib/python3.8/dist-packages/airflow/example_dags/tutorial_taskflow_api.py for tasks to queue
[2024-03-14T16:32:38.779+0000] {logging_mixin.py:188} INFO - [2024-03-14T16:32:38.778+0000] {dagbag.py:540} INFO - Filling up the DagBag from /usr/local/lib/python3.8/dist-packages/airflow/example_dags/tutorial_taskflow_api.py
[2024-03-14T16:32:38.786+0000] {processor.py:840} INFO - DAG(s) 'tutorial_taskflow_api' retrieved from /usr/local/lib/python3.8/dist-packages/airflow/example_dags/tutorial_taskflow_api.py
[2024-03-14T16:32:38.803+0000] {logging_mixin.py:188} INFO - [2024-03-14T16:32:38.803+0000] {dag.py:3047} INFO - Sync 1 DAGs
[2024-03-14T16:32:38.815+0000] {logging_mixin.py:188} INFO - [2024-03-14T16:32:38.815+0000] {dag.py:3834} INFO - Setting next_dagrun for tutorial_taskflow_api to None, run_after=None
[2024-03-14T16:32:38.972+0000] {processor.py:183} INFO - Processing /usr/local/lib/python3.8/dist-packages/airflow/example_dags/tutorial_taskflow_api.py took 0.200 seconds
[2024-03-14T16:34:19.111+0000] {processor.py:161} INFO - Started process (PID=1794) to work on /usr/local/lib/python3.8/dist-packages/airflow/example_dags/tutorial_taskflow_api.py
[2024-03-14T16:34:19.113+0000] {processor.py:830} INFO - Processing file /usr/local/lib/python3.8/dist-packages/airflow/example_dags/tutorial_taskflow_api.py for tasks to queue
[2024-03-14T16:34:19.114+0000] {logging_mixin.py:188} INFO - [2024-03-14T16:34:19.114+0000] {dagbag.py:540} INFO - Filling up the DagBag from /usr/local/lib/python3.8/dist-packages/airflow/example_dags/tutorial_taskflow_api.py
[2024-03-14T16:34:19.121+0000] {processor.py:840} INFO - DAG(s) 'tutorial_taskflow_api' retrieved from /usr/local/lib/python3.8/dist-packages/airflow/example_dags/tutorial_taskflow_api.py
[2024-03-14T16:34:19.138+0000] {logging_mixin.py:188} INFO - [2024-03-14T16:34:19.138+0000] {dag.py:3047} INFO - Sync 1 DAGs
[2024-03-14T16:34:19.150+0000] {logging_mixin.py:188} INFO - [2024-03-14T16:34:19.150+0000] {dag.py:3834} INFO - Setting next_dagrun for tutorial_taskflow_api to None, run_after=None
[2024-03-14T16:34:19.255+0000] {processor.py:183} INFO - Processing /usr/local/lib/python3.8/dist-packages/airflow/example_dags/tutorial_taskflow_api.py took 0.148 seconds
[2024-03-14T16:35:34.210+0000] {processor.py:161} INFO - Started process (PID=1914) to work on /usr/local/lib/python3.8/dist-packages/airflow/example_dags/tutorial_taskflow_api.py
[2024-03-14T16:35:34.214+0000] {processor.py:830} INFO - Processing file /usr/local/lib/python3.8/dist-packages/airflow/example_dags/tutorial_taskflow_api.py for tasks to queue
[2024-03-14T16:35:34.215+0000] {logging_mixin.py:188} INFO - [2024-03-14T16:35:34.215+0000] {dagbag.py:540} INFO - Filling up the DagBag from /usr/local/lib/python3.8/dist-packages/airflow/example_dags/tutorial_taskflow_api.py
[2024-03-14T16:35:34.223+0000] {processor.py:840} INFO - DAG(s) 'tutorial_taskflow_api' retrieved from /usr/local/lib/python3.8/dist-packages/airflow/example_dags/tutorial_taskflow_api.py
[2024-03-14T16:35:34.239+0000] {logging_mixin.py:188} INFO - [2024-03-14T16:35:34.239+0000] {dag.py:3047} INFO - Sync 1 DAGs
[2024-03-14T16:35:34.251+0000] {logging_mixin.py:188} INFO - [2024-03-14T16:35:34.251+0000] {dag.py:3834} INFO - Setting next_dagrun for tutorial_taskflow_api to None, run_after=None
[2024-03-14T16:35:34.335+0000] {processor.py:183} INFO - Processing /usr/local/lib/python3.8/dist-packages/airflow/example_dags/tutorial_taskflow_api.py took 0.128 seconds
[2024-03-14T16:37:09.483+0000] {processor.py:161} INFO - Started process (PID=2090) to work on /usr/local/lib/python3.8/dist-packages/airflow/example_dags/tutorial_taskflow_api.py
[2024-03-14T16:37:09.484+0000] {processor.py:830} INFO - Processing file /usr/local/lib/python3.8/dist-packages/airflow/example_dags/tutorial_taskflow_api.py for tasks to queue
[2024-03-14T16:37:09.485+0000] {logging_mixin.py:188} INFO - [2024-03-14T16:37:09.485+0000] {dagbag.py:540} INFO - Filling up the DagBag from /usr/local/lib/python3.8/dist-packages/airflow/example_dags/tutorial_taskflow_api.py
[2024-03-14T16:37:09.492+0000] {processor.py:840} INFO - DAG(s) 'tutorial_taskflow_api' retrieved from /usr/local/lib/python3.8/dist-packages/airflow/example_dags/tutorial_taskflow_api.py
[2024-03-14T16:37:09.509+0000] {logging_mixin.py:188} INFO - [2024-03-14T16:37:09.508+0000] {dag.py:3047} INFO - Sync 1 DAGs
[2024-03-14T16:37:09.521+0000] {logging_mixin.py:188} INFO - [2024-03-14T16:37:09.521+0000] {dag.py:3834} INFO - Setting next_dagrun for tutorial_taskflow_api to None, run_after=None
[2024-03-14T16:37:09.551+0000] {processor.py:183} INFO - Processing /usr/local/lib/python3.8/dist-packages/airflow/example_dags/tutorial_taskflow_api.py took 0.071 seconds
[2024-03-14T16:38:43.551+0000] {processor.py:161} INFO - Started process (PID=2270) to work on /usr/local/lib/python3.8/dist-packages/airflow/example_dags/tutorial_taskflow_api.py
[2024-03-14T16:38:43.553+0000] {processor.py:830} INFO - Processing file /usr/local/lib/python3.8/dist-packages/airflow/example_dags/tutorial_taskflow_api.py for tasks to queue
[2024-03-14T16:38:43.554+0000] {logging_mixin.py:188} INFO - [2024-03-14T16:38:43.554+0000] {dagbag.py:540} INFO - Filling up the DagBag from /usr/local/lib/python3.8/dist-packages/airflow/example_dags/tutorial_taskflow_api.py
[2024-03-14T16:38:43.562+0000] {processor.py:840} INFO - DAG(s) 'tutorial_taskflow_api' retrieved from /usr/local/lib/python3.8/dist-packages/airflow/example_dags/tutorial_taskflow_api.py
[2024-03-14T16:38:43.578+0000] {logging_mixin.py:188} INFO - [2024-03-14T16:38:43.578+0000] {dag.py:3047} INFO - Sync 1 DAGs
[2024-03-14T16:38:43.591+0000] {logging_mixin.py:188} INFO - [2024-03-14T16:38:43.591+0000] {dag.py:3834} INFO - Setting next_dagrun for tutorial_taskflow_api to None, run_after=None
[2024-03-14T16:38:43.640+0000] {processor.py:183} INFO - Processing /usr/local/lib/python3.8/dist-packages/airflow/example_dags/tutorial_taskflow_api.py took 0.091 seconds
[2024-03-14T16:39:54.790+0000] {processor.py:161} INFO - Started process (PID=2385) to work on /usr/local/lib/python3.8/dist-packages/airflow/example_dags/tutorial_taskflow_api.py
[2024-03-14T16:39:54.792+0000] {processor.py:830} INFO - Processing file /usr/local/lib/python3.8/dist-packages/airflow/example_dags/tutorial_taskflow_api.py for tasks to queue
[2024-03-14T16:39:54.793+0000] {logging_mixin.py:188} INFO - [2024-03-14T16:39:54.793+0000] {dagbag.py:540} INFO - Filling up the DagBag from /usr/local/lib/python3.8/dist-packages/airflow/example_dags/tutorial_taskflow_api.py
[2024-03-14T16:39:54.801+0000] {processor.py:840} INFO - DAG(s) 'tutorial_taskflow_api' retrieved from /usr/local/lib/python3.8/dist-packages/airflow/example_dags/tutorial_taskflow_api.py
[2024-03-14T16:39:54.817+0000] {logging_mixin.py:188} INFO - [2024-03-14T16:39:54.817+0000] {dag.py:3047} INFO - Sync 1 DAGs
[2024-03-14T16:39:54.829+0000] {logging_mixin.py:188} INFO - [2024-03-14T16:39:54.829+0000] {dag.py:3834} INFO - Setting next_dagrun for tutorial_taskflow_api to None, run_after=None
[2024-03-14T16:39:54.884+0000] {processor.py:183} INFO - Processing /usr/local/lib/python3.8/dist-packages/airflow/example_dags/tutorial_taskflow_api.py took 0.097 seconds
[2024-03-14T16:41:02.463+0000] {processor.py:161} INFO - Started process (PID=2492) to work on /usr/local/lib/python3.8/dist-packages/airflow/example_dags/tutorial_taskflow_api.py
[2024-03-14T16:41:02.465+0000] {processor.py:830} INFO - Processing file /usr/local/lib/python3.8/dist-packages/airflow/example_dags/tutorial_taskflow_api.py for tasks to queue
[2024-03-14T16:41:02.466+0000] {logging_mixin.py:188} INFO - [2024-03-14T16:41:02.466+0000] {dagbag.py:540} INFO - Filling up the DagBag from /usr/local/lib/python3.8/dist-packages/airflow/example_dags/tutorial_taskflow_api.py
[2024-03-14T16:41:02.473+0000] {processor.py:840} INFO - DAG(s) 'tutorial_taskflow_api' retrieved from /usr/local/lib/python3.8/dist-packages/airflow/example_dags/tutorial_taskflow_api.py
[2024-03-14T16:41:02.490+0000] {logging_mixin.py:188} INFO - [2024-03-14T16:41:02.490+0000] {dag.py:3047} INFO - Sync 1 DAGs
[2024-03-14T16:41:02.503+0000] {logging_mixin.py:188} INFO - [2024-03-14T16:41:02.502+0000] {dag.py:3834} INFO - Setting next_dagrun for tutorial_taskflow_api to None, run_after=None
[2024-03-14T16:41:02.532+0000] {processor.py:183} INFO - Processing /usr/local/lib/python3.8/dist-packages/airflow/example_dags/tutorial_taskflow_api.py took 0.072 seconds
[2024-03-14T16:42:22.430+0000] {processor.py:161} INFO - Started process (PID=2608) to work on /usr/local/lib/python3.8/dist-packages/airflow/example_dags/tutorial_taskflow_api.py
[2024-03-14T16:42:22.432+0000] {processor.py:830} INFO - Processing file /usr/local/lib/python3.8/dist-packages/airflow/example_dags/tutorial_taskflow_api.py for tasks to queue
[2024-03-14T16:42:22.433+0000] {logging_mixin.py:188} INFO - [2024-03-14T16:42:22.433+0000] {dagbag.py:540} INFO - Filling up the DagBag from /usr/local/lib/python3.8/dist-packages/airflow/example_dags/tutorial_taskflow_api.py
[2024-03-14T16:42:22.440+0000] {processor.py:840} INFO - DAG(s) 'tutorial_taskflow_api' retrieved from /usr/local/lib/python3.8/dist-packages/airflow/example_dags/tutorial_taskflow_api.py
[2024-03-14T16:42:22.457+0000] {logging_mixin.py:188} INFO - [2024-03-14T16:42:22.457+0000] {dag.py:3047} INFO - Sync 1 DAGs
[2024-03-14T16:42:22.469+0000] {logging_mixin.py:188} INFO - [2024-03-14T16:42:22.469+0000] {dag.py:3834} INFO - Setting next_dagrun for tutorial_taskflow_api to None, run_after=None
[2024-03-14T16:42:22.498+0000] {processor.py:183} INFO - Processing /usr/local/lib/python3.8/dist-packages/airflow/example_dags/tutorial_taskflow_api.py took 0.072 seconds
[2024-03-14T16:43:42.248+0000] {processor.py:161} INFO - Started process (PID=2728) to work on /usr/local/lib/python3.8/dist-packages/airflow/example_dags/tutorial_taskflow_api.py
[2024-03-14T16:43:42.250+0000] {processor.py:830} INFO - Processing file /usr/local/lib/python3.8/dist-packages/airflow/example_dags/tutorial_taskflow_api.py for tasks to queue
[2024-03-14T16:43:42.251+0000] {logging_mixin.py:188} INFO - [2024-03-14T16:43:42.251+0000] {dagbag.py:540} INFO - Filling up the DagBag from /usr/local/lib/python3.8/dist-packages/airflow/example_dags/tutorial_taskflow_api.py
[2024-03-14T16:43:42.258+0000] {processor.py:840} INFO - DAG(s) 'tutorial_taskflow_api' retrieved from /usr/local/lib/python3.8/dist-packages/airflow/example_dags/tutorial_taskflow_api.py
[2024-03-14T16:43:42.275+0000] {logging_mixin.py:188} INFO - [2024-03-14T16:43:42.275+0000] {dag.py:3047} INFO - Sync 1 DAGs
[2024-03-14T16:43:42.287+0000] {logging_mixin.py:188} INFO - [2024-03-14T16:43:42.287+0000] {dag.py:3834} INFO - Setting next_dagrun for tutorial_taskflow_api to None, run_after=None
[2024-03-14T16:43:42.332+0000] {processor.py:183} INFO - Processing /usr/local/lib/python3.8/dist-packages/airflow/example_dags/tutorial_taskflow_api.py took 0.088 seconds
[2024-03-14T16:45:20.651+0000] {processor.py:161} INFO - Started process (PID=2907) to work on /usr/local/lib/python3.8/dist-packages/airflow/example_dags/tutorial_taskflow_api.py
[2024-03-14T16:45:20.653+0000] {processor.py:830} INFO - Processing file /usr/local/lib/python3.8/dist-packages/airflow/example_dags/tutorial_taskflow_api.py for tasks to queue
[2024-03-14T16:45:20.654+0000] {logging_mixin.py:188} INFO - [2024-03-14T16:45:20.653+0000] {dagbag.py:540} INFO - Filling up the DagBag from /usr/local/lib/python3.8/dist-packages/airflow/example_dags/tutorial_taskflow_api.py
[2024-03-14T16:45:20.661+0000] {processor.py:840} INFO - DAG(s) 'tutorial_taskflow_api' retrieved from /usr/local/lib/python3.8/dist-packages/airflow/example_dags/tutorial_taskflow_api.py
[2024-03-14T16:45:20.675+0000] {logging_mixin.py:188} INFO - [2024-03-14T16:45:20.675+0000] {dag.py:3047} INFO - Sync 1 DAGs
[2024-03-14T16:45:20.685+0000] {logging_mixin.py:188} INFO - [2024-03-14T16:45:20.685+0000] {dag.py:3834} INFO - Setting next_dagrun for tutorial_taskflow_api to None, run_after=None
[2024-03-14T16:45:20.711+0000] {processor.py:183} INFO - Processing /usr/local/lib/python3.8/dist-packages/airflow/example_dags/tutorial_taskflow_api.py took 0.063 seconds
[2024-03-14T16:55:58.593+0000] {processor.py:161} INFO - Started process (PID=3168) to work on /usr/local/lib/python3.8/dist-packages/airflow/example_dags/tutorial_taskflow_api.py
[2024-03-14T16:55:58.627+0000] {processor.py:830} INFO - Processing file /usr/local/lib/python3.8/dist-packages/airflow/example_dags/tutorial_taskflow_api.py for tasks to queue
[2024-03-14T16:55:58.628+0000] {logging_mixin.py:188} INFO - [2024-03-14T16:55:58.628+0000] {dagbag.py:540} INFO - Filling up the DagBag from /usr/local/lib/python3.8/dist-packages/airflow/example_dags/tutorial_taskflow_api.py
[2024-03-14T16:55:58.636+0000] {processor.py:840} INFO - DAG(s) 'tutorial_taskflow_api' retrieved from /usr/local/lib/python3.8/dist-packages/airflow/example_dags/tutorial_taskflow_api.py
[2024-03-14T16:55:58.655+0000] {logging_mixin.py:188} INFO - [2024-03-14T16:55:58.654+0000] {dag.py:3047} INFO - Sync 1 DAGs
[2024-03-14T16:55:58.668+0000] {logging_mixin.py:188} INFO - [2024-03-14T16:55:58.668+0000] {dag.py:3834} INFO - Setting next_dagrun for tutorial_taskflow_api to None, run_after=None
[2024-03-14T16:55:58.869+0000] {processor.py:183} INFO - Processing /usr/local/lib/python3.8/dist-packages/airflow/example_dags/tutorial_taskflow_api.py took 0.280 seconds
[2024-03-14T16:57:10.247+0000] {processor.py:161} INFO - Started process (PID=3347) to work on /usr/local/lib/python3.8/dist-packages/airflow/example_dags/tutorial_taskflow_api.py
[2024-03-14T16:57:10.250+0000] {processor.py:830} INFO - Processing file /usr/local/lib/python3.8/dist-packages/airflow/example_dags/tutorial_taskflow_api.py for tasks to queue
[2024-03-14T16:57:10.251+0000] {logging_mixin.py:188} INFO - [2024-03-14T16:57:10.250+0000] {dagbag.py:540} INFO - Filling up the DagBag from /usr/local/lib/python3.8/dist-packages/airflow/example_dags/tutorial_taskflow_api.py
[2024-03-14T16:57:10.259+0000] {processor.py:840} INFO - DAG(s) 'tutorial_taskflow_api' retrieved from /usr/local/lib/python3.8/dist-packages/airflow/example_dags/tutorial_taskflow_api.py
[2024-03-14T16:57:10.279+0000] {logging_mixin.py:188} INFO - [2024-03-14T16:57:10.278+0000] {dag.py:3047} INFO - Sync 1 DAGs
[2024-03-14T16:57:10.294+0000] {logging_mixin.py:188} INFO - [2024-03-14T16:57:10.293+0000] {dag.py:3834} INFO - Setting next_dagrun for tutorial_taskflow_api to None, run_after=None
[2024-03-14T16:57:10.559+0000] {processor.py:183} INFO - Processing /usr/local/lib/python3.8/dist-packages/airflow/example_dags/tutorial_taskflow_api.py took 0.316 seconds
