[2024-03-14T16:22:32.907+0000] {processor.py:161} INFO - Started process (PID=532) to work on /usr/local/lib/python3.8/dist-packages/airflow/example_dags/tutorial_dag.py
[2024-03-14T16:22:32.908+0000] {processor.py:830} INFO - Processing file /usr/local/lib/python3.8/dist-packages/airflow/example_dags/tutorial_dag.py for tasks to queue
[2024-03-14T16:22:32.909+0000] {logging_mixin.py:188} INFO - [2024-03-14T16:22:32.908+0000] {dagbag.py:540} INFO - Filling up the DagBag from /usr/local/lib/python3.8/dist-packages/airflow/example_dags/tutorial_dag.py
[2024-03-14T16:22:32.915+0000] {processor.py:840} INFO - DAG(s) 'tutorial_dag' retrieved from /usr/local/lib/python3.8/dist-packages/airflow/example_dags/tutorial_dag.py
[2024-03-14T16:22:32.939+0000] {logging_mixin.py:188} INFO - [2024-03-14T16:22:32.939+0000] {dag.py:3047} INFO - Sync 1 DAGs
[2024-03-14T16:22:32.951+0000] {logging_mixin.py:188} INFO - [2024-03-14T16:22:32.951+0000] {dag.py:3834} INFO - Setting next_dagrun for tutorial_dag to None, run_after=None
[2024-03-14T16:22:33.001+0000] {processor.py:183} INFO - Processing /usr/local/lib/python3.8/dist-packages/airflow/example_dags/tutorial_dag.py took 0.097 seconds
[2024-03-14T16:23:55.143+0000] {processor.py:161} INFO - Started process (PID=669) to work on /usr/local/lib/python3.8/dist-packages/airflow/example_dags/tutorial_dag.py
[2024-03-14T16:23:55.146+0000] {processor.py:830} INFO - Processing file /usr/local/lib/python3.8/dist-packages/airflow/example_dags/tutorial_dag.py for tasks to queue
[2024-03-14T16:23:55.147+0000] {logging_mixin.py:188} INFO - [2024-03-14T16:23:55.146+0000] {dagbag.py:540} INFO - Filling up the DagBag from /usr/local/lib/python3.8/dist-packages/airflow/example_dags/tutorial_dag.py
[2024-03-14T16:23:55.153+0000] {processor.py:840} INFO - DAG(s) 'tutorial_dag' retrieved from /usr/local/lib/python3.8/dist-packages/airflow/example_dags/tutorial_dag.py
[2024-03-14T16:23:55.170+0000] {logging_mixin.py:188} INFO - [2024-03-14T16:23:55.169+0000] {dag.py:3047} INFO - Sync 1 DAGs
[2024-03-14T16:23:55.182+0000] {logging_mixin.py:188} INFO - [2024-03-14T16:23:55.182+0000] {dag.py:3834} INFO - Setting next_dagrun for tutorial_dag to None, run_after=None
[2024-03-14T16:23:55.210+0000] {processor.py:183} INFO - Processing /usr/local/lib/python3.8/dist-packages/airflow/example_dags/tutorial_dag.py took 0.070 seconds
[2024-03-14T16:24:59.003+0000] {processor.py:161} INFO - Started process (PID=764) to work on /usr/local/lib/python3.8/dist-packages/airflow/example_dags/tutorial_dag.py
[2024-03-14T16:24:59.006+0000] {processor.py:830} INFO - Processing file /usr/local/lib/python3.8/dist-packages/airflow/example_dags/tutorial_dag.py for tasks to queue
[2024-03-14T16:24:59.007+0000] {logging_mixin.py:188} INFO - [2024-03-14T16:24:59.006+0000] {dagbag.py:540} INFO - Filling up the DagBag from /usr/local/lib/python3.8/dist-packages/airflow/example_dags/tutorial_dag.py
[2024-03-14T16:24:59.013+0000] {processor.py:840} INFO - DAG(s) 'tutorial_dag' retrieved from /usr/local/lib/python3.8/dist-packages/airflow/example_dags/tutorial_dag.py
[2024-03-14T16:24:59.030+0000] {logging_mixin.py:188} INFO - [2024-03-14T16:24:59.029+0000] {dag.py:3047} INFO - Sync 1 DAGs
[2024-03-14T16:24:59.042+0000] {logging_mixin.py:188} INFO - [2024-03-14T16:24:59.042+0000] {dag.py:3834} INFO - Setting next_dagrun for tutorial_dag to None, run_after=None
[2024-03-14T16:24:59.126+0000] {processor.py:183} INFO - Processing /usr/local/lib/python3.8/dist-packages/airflow/example_dags/tutorial_dag.py took 0.126 seconds
[2024-03-14T16:26:02.787+0000] {processor.py:161} INFO - Started process (PID=870) to work on /usr/local/lib/python3.8/dist-packages/airflow/example_dags/tutorial_dag.py
[2024-03-14T16:26:02.790+0000] {processor.py:830} INFO - Processing file /usr/local/lib/python3.8/dist-packages/airflow/example_dags/tutorial_dag.py for tasks to queue
[2024-03-14T16:26:02.791+0000] {logging_mixin.py:188} INFO - [2024-03-14T16:26:02.791+0000] {dagbag.py:540} INFO - Filling up the DagBag from /usr/local/lib/python3.8/dist-packages/airflow/example_dags/tutorial_dag.py
[2024-03-14T16:26:02.797+0000] {processor.py:840} INFO - DAG(s) 'tutorial_dag' retrieved from /usr/local/lib/python3.8/dist-packages/airflow/example_dags/tutorial_dag.py
[2024-03-14T16:26:02.814+0000] {logging_mixin.py:188} INFO - [2024-03-14T16:26:02.814+0000] {dag.py:3047} INFO - Sync 1 DAGs
[2024-03-14T16:26:02.827+0000] {logging_mixin.py:188} INFO - [2024-03-14T16:26:02.827+0000] {dag.py:3834} INFO - Setting next_dagrun for tutorial_dag to None, run_after=None
[2024-03-14T16:26:02.871+0000] {processor.py:183} INFO - Processing /usr/local/lib/python3.8/dist-packages/airflow/example_dags/tutorial_dag.py took 0.087 seconds
[2024-03-14T16:27:12.158+0000] {processor.py:161} INFO - Started process (PID=987) to work on /usr/local/lib/python3.8/dist-packages/airflow/example_dags/tutorial_dag.py
[2024-03-14T16:27:12.161+0000] {processor.py:830} INFO - Processing file /usr/local/lib/python3.8/dist-packages/airflow/example_dags/tutorial_dag.py for tasks to queue
[2024-03-14T16:27:12.162+0000] {logging_mixin.py:188} INFO - [2024-03-14T16:27:12.161+0000] {dagbag.py:540} INFO - Filling up the DagBag from /usr/local/lib/python3.8/dist-packages/airflow/example_dags/tutorial_dag.py
[2024-03-14T16:27:12.168+0000] {processor.py:840} INFO - DAG(s) 'tutorial_dag' retrieved from /usr/local/lib/python3.8/dist-packages/airflow/example_dags/tutorial_dag.py
[2024-03-14T16:27:12.185+0000] {logging_mixin.py:188} INFO - [2024-03-14T16:27:12.184+0000] {dag.py:3047} INFO - Sync 1 DAGs
[2024-03-14T16:27:12.197+0000] {logging_mixin.py:188} INFO - [2024-03-14T16:27:12.197+0000] {dag.py:3834} INFO - Setting next_dagrun for tutorial_dag to None, run_after=None
[2024-03-14T16:27:12.227+0000] {processor.py:183} INFO - Processing /usr/local/lib/python3.8/dist-packages/airflow/example_dags/tutorial_dag.py took 0.072 seconds
[2024-03-14T16:28:21.866+0000] {processor.py:161} INFO - Started process (PID=1103) to work on /usr/local/lib/python3.8/dist-packages/airflow/example_dags/tutorial_dag.py
[2024-03-14T16:28:21.868+0000] {processor.py:830} INFO - Processing file /usr/local/lib/python3.8/dist-packages/airflow/example_dags/tutorial_dag.py for tasks to queue
[2024-03-14T16:28:21.869+0000] {logging_mixin.py:188} INFO - [2024-03-14T16:28:21.869+0000] {dagbag.py:540} INFO - Filling up the DagBag from /usr/local/lib/python3.8/dist-packages/airflow/example_dags/tutorial_dag.py
[2024-03-14T16:28:21.875+0000] {processor.py:840} INFO - DAG(s) 'tutorial_dag' retrieved from /usr/local/lib/python3.8/dist-packages/airflow/example_dags/tutorial_dag.py
[2024-03-14T16:28:21.890+0000] {logging_mixin.py:188} INFO - [2024-03-14T16:28:21.889+0000] {dag.py:3047} INFO - Sync 1 DAGs
[2024-03-14T16:28:21.900+0000] {logging_mixin.py:188} INFO - [2024-03-14T16:28:21.900+0000] {dag.py:3834} INFO - Setting next_dagrun for tutorial_dag to None, run_after=None
[2024-03-14T16:28:21.989+0000] {processor.py:183} INFO - Processing /usr/local/lib/python3.8/dist-packages/airflow/example_dags/tutorial_dag.py took 0.126 seconds
[2024-03-14T16:29:38.222+0000] {processor.py:161} INFO - Started process (PID=1220) to work on /usr/local/lib/python3.8/dist-packages/airflow/example_dags/tutorial_dag.py
[2024-03-14T16:29:38.224+0000] {processor.py:830} INFO - Processing file /usr/local/lib/python3.8/dist-packages/airflow/example_dags/tutorial_dag.py for tasks to queue
[2024-03-14T16:29:38.225+0000] {logging_mixin.py:188} INFO - [2024-03-14T16:29:38.225+0000] {dagbag.py:540} INFO - Filling up the DagBag from /usr/local/lib/python3.8/dist-packages/airflow/example_dags/tutorial_dag.py
[2024-03-14T16:29:38.231+0000] {processor.py:840} INFO - DAG(s) 'tutorial_dag' retrieved from /usr/local/lib/python3.8/dist-packages/airflow/example_dags/tutorial_dag.py
[2024-03-14T16:29:38.248+0000] {logging_mixin.py:188} INFO - [2024-03-14T16:29:38.248+0000] {dag.py:3047} INFO - Sync 1 DAGs
[2024-03-14T16:29:38.261+0000] {logging_mixin.py:188} INFO - [2024-03-14T16:29:38.261+0000] {dag.py:3834} INFO - Setting next_dagrun for tutorial_dag to None, run_after=None
[2024-03-14T16:29:38.290+0000] {processor.py:183} INFO - Processing /usr/local/lib/python3.8/dist-packages/airflow/example_dags/tutorial_dag.py took 0.071 seconds
[2024-03-14T16:30:41.650+0000] {processor.py:161} INFO - Started process (PID=1329) to work on /usr/local/lib/python3.8/dist-packages/airflow/example_dags/tutorial_dag.py
[2024-03-14T16:30:41.652+0000] {processor.py:830} INFO - Processing file /usr/local/lib/python3.8/dist-packages/airflow/example_dags/tutorial_dag.py for tasks to queue
[2024-03-14T16:30:41.653+0000] {logging_mixin.py:188} INFO - [2024-03-14T16:30:41.653+0000] {dagbag.py:540} INFO - Filling up the DagBag from /usr/local/lib/python3.8/dist-packages/airflow/example_dags/tutorial_dag.py
[2024-03-14T16:30:41.659+0000] {processor.py:840} INFO - DAG(s) 'tutorial_dag' retrieved from /usr/local/lib/python3.8/dist-packages/airflow/example_dags/tutorial_dag.py
[2024-03-14T16:30:41.676+0000] {logging_mixin.py:188} INFO - [2024-03-14T16:30:41.676+0000] {dag.py:3047} INFO - Sync 1 DAGs
[2024-03-14T16:30:41.689+0000] {logging_mixin.py:188} INFO - [2024-03-14T16:30:41.688+0000] {dag.py:3834} INFO - Setting next_dagrun for tutorial_dag to None, run_after=None
[2024-03-14T16:30:41.720+0000] {processor.py:183} INFO - Processing /usr/local/lib/python3.8/dist-packages/airflow/example_dags/tutorial_dag.py took 0.073 seconds
[2024-03-14T16:31:30.108+0000] {processor.py:161} INFO - Started process (PID=1418) to work on /usr/local/lib/python3.8/dist-packages/airflow/example_dags/tutorial_dag.py
[2024-03-14T16:31:30.110+0000] {processor.py:830} INFO - Processing file /usr/local/lib/python3.8/dist-packages/airflow/example_dags/tutorial_dag.py for tasks to queue
[2024-03-14T16:31:30.111+0000] {logging_mixin.py:188} INFO - [2024-03-14T16:31:30.111+0000] {dagbag.py:540} INFO - Filling up the DagBag from /usr/local/lib/python3.8/dist-packages/airflow/example_dags/tutorial_dag.py
[2024-03-14T16:31:30.117+0000] {processor.py:840} INFO - DAG(s) 'tutorial_dag' retrieved from /usr/local/lib/python3.8/dist-packages/airflow/example_dags/tutorial_dag.py
[2024-03-14T16:31:30.134+0000] {logging_mixin.py:188} INFO - [2024-03-14T16:31:30.134+0000] {dag.py:3047} INFO - Sync 1 DAGs
[2024-03-14T16:31:30.146+0000] {logging_mixin.py:188} INFO - [2024-03-14T16:31:30.146+0000] {dag.py:3834} INFO - Setting next_dagrun for tutorial_dag to None, run_after=None
[2024-03-14T16:31:30.177+0000] {processor.py:183} INFO - Processing /usr/local/lib/python3.8/dist-packages/airflow/example_dags/tutorial_dag.py took 0.073 seconds
[2024-03-14T16:32:36.187+0000] {processor.py:161} INFO - Started process (PID=1531) to work on /usr/local/lib/python3.8/dist-packages/airflow/example_dags/tutorial_dag.py
[2024-03-14T16:32:36.189+0000] {processor.py:830} INFO - Processing file /usr/local/lib/python3.8/dist-packages/airflow/example_dags/tutorial_dag.py for tasks to queue
[2024-03-14T16:32:36.190+0000] {logging_mixin.py:188} INFO - [2024-03-14T16:32:36.190+0000] {dagbag.py:540} INFO - Filling up the DagBag from /usr/local/lib/python3.8/dist-packages/airflow/example_dags/tutorial_dag.py
[2024-03-14T16:32:36.196+0000] {processor.py:840} INFO - DAG(s) 'tutorial_dag' retrieved from /usr/local/lib/python3.8/dist-packages/airflow/example_dags/tutorial_dag.py
[2024-03-14T16:32:36.211+0000] {logging_mixin.py:188} INFO - [2024-03-14T16:32:36.211+0000] {dag.py:3047} INFO - Sync 1 DAGs
[2024-03-14T16:32:36.221+0000] {logging_mixin.py:188} INFO - [2024-03-14T16:32:36.221+0000] {dag.py:3834} INFO - Setting next_dagrun for tutorial_dag to None, run_after=None
[2024-03-14T16:32:36.247+0000] {processor.py:183} INFO - Processing /usr/local/lib/python3.8/dist-packages/airflow/example_dags/tutorial_dag.py took 0.063 seconds
[2024-03-14T16:34:14.122+0000] {processor.py:161} INFO - Started process (PID=1790) to work on /usr/local/lib/python3.8/dist-packages/airflow/example_dags/tutorial_dag.py
[2024-03-14T16:34:14.125+0000] {processor.py:830} INFO - Processing file /usr/local/lib/python3.8/dist-packages/airflow/example_dags/tutorial_dag.py for tasks to queue
[2024-03-14T16:34:14.126+0000] {logging_mixin.py:188} INFO - [2024-03-14T16:34:14.125+0000] {dagbag.py:540} INFO - Filling up the DagBag from /usr/local/lib/python3.8/dist-packages/airflow/example_dags/tutorial_dag.py
[2024-03-14T16:34:14.131+0000] {processor.py:840} INFO - DAG(s) 'tutorial_dag' retrieved from /usr/local/lib/python3.8/dist-packages/airflow/example_dags/tutorial_dag.py
[2024-03-14T16:34:14.148+0000] {logging_mixin.py:188} INFO - [2024-03-14T16:34:14.148+0000] {dag.py:3047} INFO - Sync 1 DAGs
[2024-03-14T16:34:14.161+0000] {logging_mixin.py:188} INFO - [2024-03-14T16:34:14.160+0000] {dag.py:3834} INFO - Setting next_dagrun for tutorial_dag to None, run_after=None
[2024-03-14T16:34:14.284+0000] {processor.py:183} INFO - Processing /usr/local/lib/python3.8/dist-packages/airflow/example_dags/tutorial_dag.py took 0.165 seconds
[2024-03-14T16:35:30.211+0000] {processor.py:161} INFO - Started process (PID=1910) to work on /usr/local/lib/python3.8/dist-packages/airflow/example_dags/tutorial_dag.py
[2024-03-14T16:35:30.214+0000] {processor.py:830} INFO - Processing file /usr/local/lib/python3.8/dist-packages/airflow/example_dags/tutorial_dag.py for tasks to queue
[2024-03-14T16:35:30.215+0000] {logging_mixin.py:188} INFO - [2024-03-14T16:35:30.215+0000] {dagbag.py:540} INFO - Filling up the DagBag from /usr/local/lib/python3.8/dist-packages/airflow/example_dags/tutorial_dag.py
[2024-03-14T16:35:30.221+0000] {processor.py:840} INFO - DAG(s) 'tutorial_dag' retrieved from /usr/local/lib/python3.8/dist-packages/airflow/example_dags/tutorial_dag.py
[2024-03-14T16:35:30.238+0000] {logging_mixin.py:188} INFO - [2024-03-14T16:35:30.237+0000] {dag.py:3047} INFO - Sync 1 DAGs
[2024-03-14T16:35:30.250+0000] {logging_mixin.py:188} INFO - [2024-03-14T16:35:30.250+0000] {dag.py:3834} INFO - Setting next_dagrun for tutorial_dag to None, run_after=None
[2024-03-14T16:35:30.282+0000] {processor.py:183} INFO - Processing /usr/local/lib/python3.8/dist-packages/airflow/example_dags/tutorial_dag.py took 0.074 seconds
[2024-03-14T16:37:04.371+0000] {processor.py:161} INFO - Started process (PID=2086) to work on /usr/local/lib/python3.8/dist-packages/airflow/example_dags/tutorial_dag.py
[2024-03-14T16:37:04.373+0000] {processor.py:830} INFO - Processing file /usr/local/lib/python3.8/dist-packages/airflow/example_dags/tutorial_dag.py for tasks to queue
[2024-03-14T16:37:04.374+0000] {logging_mixin.py:188} INFO - [2024-03-14T16:37:04.374+0000] {dagbag.py:540} INFO - Filling up the DagBag from /usr/local/lib/python3.8/dist-packages/airflow/example_dags/tutorial_dag.py
[2024-03-14T16:37:04.380+0000] {processor.py:840} INFO - DAG(s) 'tutorial_dag' retrieved from /usr/local/lib/python3.8/dist-packages/airflow/example_dags/tutorial_dag.py
[2024-03-14T16:37:04.397+0000] {logging_mixin.py:188} INFO - [2024-03-14T16:37:04.397+0000] {dag.py:3047} INFO - Sync 1 DAGs
[2024-03-14T16:37:04.409+0000] {logging_mixin.py:188} INFO - [2024-03-14T16:37:04.409+0000] {dag.py:3834} INFO - Setting next_dagrun for tutorial_dag to None, run_after=None
[2024-03-14T16:37:04.550+0000] {processor.py:183} INFO - Processing /usr/local/lib/python3.8/dist-packages/airflow/example_dags/tutorial_dag.py took 0.182 seconds
[2024-03-14T16:38:38.370+0000] {processor.py:161} INFO - Started process (PID=2265) to work on /usr/local/lib/python3.8/dist-packages/airflow/example_dags/tutorial_dag.py
[2024-03-14T16:38:38.371+0000] {processor.py:830} INFO - Processing file /usr/local/lib/python3.8/dist-packages/airflow/example_dags/tutorial_dag.py for tasks to queue
[2024-03-14T16:38:38.372+0000] {logging_mixin.py:188} INFO - [2024-03-14T16:38:38.372+0000] {dagbag.py:540} INFO - Filling up the DagBag from /usr/local/lib/python3.8/dist-packages/airflow/example_dags/tutorial_dag.py
[2024-03-14T16:38:38.378+0000] {processor.py:840} INFO - DAG(s) 'tutorial_dag' retrieved from /usr/local/lib/python3.8/dist-packages/airflow/example_dags/tutorial_dag.py
[2024-03-14T16:38:38.395+0000] {logging_mixin.py:188} INFO - [2024-03-14T16:38:38.395+0000] {dag.py:3047} INFO - Sync 1 DAGs
[2024-03-14T16:38:38.408+0000] {logging_mixin.py:188} INFO - [2024-03-14T16:38:38.407+0000] {dag.py:3834} INFO - Setting next_dagrun for tutorial_dag to None, run_after=None
[2024-03-14T16:38:38.519+0000] {processor.py:183} INFO - Processing /usr/local/lib/python3.8/dist-packages/airflow/example_dags/tutorial_dag.py took 0.152 seconds
[2024-03-14T16:39:48.803+0000] {processor.py:161} INFO - Started process (PID=2380) to work on /usr/local/lib/python3.8/dist-packages/airflow/example_dags/tutorial_dag.py
[2024-03-14T16:39:48.806+0000] {processor.py:830} INFO - Processing file /usr/local/lib/python3.8/dist-packages/airflow/example_dags/tutorial_dag.py for tasks to queue
[2024-03-14T16:39:48.807+0000] {logging_mixin.py:188} INFO - [2024-03-14T16:39:48.806+0000] {dagbag.py:540} INFO - Filling up the DagBag from /usr/local/lib/python3.8/dist-packages/airflow/example_dags/tutorial_dag.py
[2024-03-14T16:39:48.813+0000] {processor.py:840} INFO - DAG(s) 'tutorial_dag' retrieved from /usr/local/lib/python3.8/dist-packages/airflow/example_dags/tutorial_dag.py
[2024-03-14T16:39:48.830+0000] {logging_mixin.py:188} INFO - [2024-03-14T16:39:48.830+0000] {dag.py:3047} INFO - Sync 1 DAGs
[2024-03-14T16:39:48.843+0000] {logging_mixin.py:188} INFO - [2024-03-14T16:39:48.842+0000] {dag.py:3834} INFO - Setting next_dagrun for tutorial_dag to None, run_after=None
[2024-03-14T16:39:48.875+0000] {processor.py:183} INFO - Processing /usr/local/lib/python3.8/dist-packages/airflow/example_dags/tutorial_dag.py took 0.075 seconds
[2024-03-14T16:40:57.030+0000] {processor.py:161} INFO - Started process (PID=2487) to work on /usr/local/lib/python3.8/dist-packages/airflow/example_dags/tutorial_dag.py
[2024-03-14T16:40:57.032+0000] {processor.py:830} INFO - Processing file /usr/local/lib/python3.8/dist-packages/airflow/example_dags/tutorial_dag.py for tasks to queue
[2024-03-14T16:40:57.033+0000] {logging_mixin.py:188} INFO - [2024-03-14T16:40:57.033+0000] {dagbag.py:540} INFO - Filling up the DagBag from /usr/local/lib/python3.8/dist-packages/airflow/example_dags/tutorial_dag.py
[2024-03-14T16:40:57.039+0000] {processor.py:840} INFO - DAG(s) 'tutorial_dag' retrieved from /usr/local/lib/python3.8/dist-packages/airflow/example_dags/tutorial_dag.py
[2024-03-14T16:40:57.055+0000] {logging_mixin.py:188} INFO - [2024-03-14T16:40:57.055+0000] {dag.py:3047} INFO - Sync 1 DAGs
[2024-03-14T16:40:57.065+0000] {logging_mixin.py:188} INFO - [2024-03-14T16:40:57.065+0000] {dag.py:3834} INFO - Setting next_dagrun for tutorial_dag to None, run_after=None
[2024-03-14T16:40:57.140+0000] {processor.py:183} INFO - Processing /usr/local/lib/python3.8/dist-packages/airflow/example_dags/tutorial_dag.py took 0.113 seconds
[2024-03-14T16:42:17.011+0000] {processor.py:161} INFO - Started process (PID=2603) to work on /usr/local/lib/python3.8/dist-packages/airflow/example_dags/tutorial_dag.py
[2024-03-14T16:42:17.014+0000] {processor.py:830} INFO - Processing file /usr/local/lib/python3.8/dist-packages/airflow/example_dags/tutorial_dag.py for tasks to queue
[2024-03-14T16:42:17.015+0000] {logging_mixin.py:188} INFO - [2024-03-14T16:42:17.014+0000] {dagbag.py:540} INFO - Filling up the DagBag from /usr/local/lib/python3.8/dist-packages/airflow/example_dags/tutorial_dag.py
[2024-03-14T16:42:17.021+0000] {processor.py:840} INFO - DAG(s) 'tutorial_dag' retrieved from /usr/local/lib/python3.8/dist-packages/airflow/example_dags/tutorial_dag.py
[2024-03-14T16:42:17.038+0000] {logging_mixin.py:188} INFO - [2024-03-14T16:42:17.038+0000] {dag.py:3047} INFO - Sync 1 DAGs
[2024-03-14T16:42:17.050+0000] {logging_mixin.py:188} INFO - [2024-03-14T16:42:17.050+0000] {dag.py:3834} INFO - Setting next_dagrun for tutorial_dag to None, run_after=None
[2024-03-14T16:42:17.154+0000] {processor.py:183} INFO - Processing /usr/local/lib/python3.8/dist-packages/airflow/example_dags/tutorial_dag.py took 0.146 seconds
[2024-03-14T16:43:35.452+0000] {processor.py:161} INFO - Started process (PID=2723) to work on /usr/local/lib/python3.8/dist-packages/airflow/example_dags/tutorial_dag.py
[2024-03-14T16:43:35.454+0000] {processor.py:830} INFO - Processing file /usr/local/lib/python3.8/dist-packages/airflow/example_dags/tutorial_dag.py for tasks to queue
[2024-03-14T16:43:35.455+0000] {logging_mixin.py:188} INFO - [2024-03-14T16:43:35.454+0000] {dagbag.py:540} INFO - Filling up the DagBag from /usr/local/lib/python3.8/dist-packages/airflow/example_dags/tutorial_dag.py
[2024-03-14T16:43:35.461+0000] {processor.py:840} INFO - DAG(s) 'tutorial_dag' retrieved from /usr/local/lib/python3.8/dist-packages/airflow/example_dags/tutorial_dag.py
[2024-03-14T16:43:35.478+0000] {logging_mixin.py:188} INFO - [2024-03-14T16:43:35.478+0000] {dag.py:3047} INFO - Sync 1 DAGs
[2024-03-14T16:43:35.621+0000] {logging_mixin.py:188} INFO - [2024-03-14T16:43:35.621+0000] {dag.py:3834} INFO - Setting next_dagrun for tutorial_dag to None, run_after=None
[2024-03-14T16:43:35.676+0000] {processor.py:183} INFO - Processing /usr/local/lib/python3.8/dist-packages/airflow/example_dags/tutorial_dag.py took 0.228 seconds
[2024-03-14T16:45:14.298+0000] {processor.py:161} INFO - Started process (PID=2902) to work on /usr/local/lib/python3.8/dist-packages/airflow/example_dags/tutorial_dag.py
[2024-03-14T16:45:14.300+0000] {processor.py:830} INFO - Processing file /usr/local/lib/python3.8/dist-packages/airflow/example_dags/tutorial_dag.py for tasks to queue
[2024-03-14T16:45:14.301+0000] {logging_mixin.py:188} INFO - [2024-03-14T16:45:14.300+0000] {dagbag.py:540} INFO - Filling up the DagBag from /usr/local/lib/python3.8/dist-packages/airflow/example_dags/tutorial_dag.py
[2024-03-14T16:45:14.306+0000] {processor.py:840} INFO - DAG(s) 'tutorial_dag' retrieved from /usr/local/lib/python3.8/dist-packages/airflow/example_dags/tutorial_dag.py
[2024-03-14T16:45:14.323+0000] {logging_mixin.py:188} INFO - [2024-03-14T16:45:14.323+0000] {dag.py:3047} INFO - Sync 1 DAGs
[2024-03-14T16:45:14.336+0000] {logging_mixin.py:188} INFO - [2024-03-14T16:45:14.336+0000] {dag.py:3834} INFO - Setting next_dagrun for tutorial_dag to None, run_after=None
[2024-03-14T16:45:14.365+0000] {processor.py:183} INFO - Processing /usr/local/lib/python3.8/dist-packages/airflow/example_dags/tutorial_dag.py took 0.070 seconds
[2024-03-14T16:55:49.416+0000] {processor.py:161} INFO - Started process (PID=3135) to work on /usr/local/lib/python3.8/dist-packages/airflow/example_dags/tutorial_dag.py
[2024-03-14T16:55:49.418+0000] {processor.py:830} INFO - Processing file /usr/local/lib/python3.8/dist-packages/airflow/example_dags/tutorial_dag.py for tasks to queue
[2024-03-14T16:55:49.419+0000] {logging_mixin.py:188} INFO - [2024-03-14T16:55:49.418+0000] {dagbag.py:540} INFO - Filling up the DagBag from /usr/local/lib/python3.8/dist-packages/airflow/example_dags/tutorial_dag.py
[2024-03-14T16:55:49.425+0000] {processor.py:840} INFO - DAG(s) 'tutorial_dag' retrieved from /usr/local/lib/python3.8/dist-packages/airflow/example_dags/tutorial_dag.py
[2024-03-14T16:55:49.447+0000] {logging_mixin.py:188} INFO - [2024-03-14T16:55:49.446+0000] {dag.py:3047} INFO - Sync 1 DAGs
[2024-03-14T16:55:49.456+0000] {logging_mixin.py:188} INFO - [2024-03-14T16:55:49.456+0000] {dag.py:3834} INFO - Setting next_dagrun for tutorial_dag to None, run_after=None
[2024-03-14T16:55:49.482+0000] {processor.py:183} INFO - Processing /usr/local/lib/python3.8/dist-packages/airflow/example_dags/tutorial_dag.py took 0.070 seconds
[2024-03-14T16:57:01.535+0000] {processor.py:161} INFO - Started process (PID=3340) to work on /usr/local/lib/python3.8/dist-packages/airflow/example_dags/tutorial_dag.py
[2024-03-14T16:57:01.538+0000] {processor.py:830} INFO - Processing file /usr/local/lib/python3.8/dist-packages/airflow/example_dags/tutorial_dag.py for tasks to queue
[2024-03-14T16:57:01.539+0000] {logging_mixin.py:188} INFO - [2024-03-14T16:57:01.538+0000] {dagbag.py:540} INFO - Filling up the DagBag from /usr/local/lib/python3.8/dist-packages/airflow/example_dags/tutorial_dag.py
[2024-03-14T16:57:01.546+0000] {processor.py:840} INFO - DAG(s) 'tutorial_dag' retrieved from /usr/local/lib/python3.8/dist-packages/airflow/example_dags/tutorial_dag.py
[2024-03-14T16:57:01.566+0000] {logging_mixin.py:188} INFO - [2024-03-14T16:57:01.565+0000] {dag.py:3047} INFO - Sync 1 DAGs
[2024-03-14T16:57:01.580+0000] {logging_mixin.py:188} INFO - [2024-03-14T16:57:01.579+0000] {dag.py:3834} INFO - Setting next_dagrun for tutorial_dag to None, run_after=None
[2024-03-14T16:57:01.611+0000] {processor.py:183} INFO - Processing /usr/local/lib/python3.8/dist-packages/airflow/example_dags/tutorial_dag.py took 0.079 seconds
[2024-03-14T16:58:02.689+0000] {processor.py:161} INFO - Started process (PID=3441) to work on /usr/local/lib/python3.8/dist-packages/airflow/example_dags/tutorial_dag.py
[2024-03-14T16:58:02.691+0000] {processor.py:830} INFO - Processing file /usr/local/lib/python3.8/dist-packages/airflow/example_dags/tutorial_dag.py for tasks to queue
[2024-03-14T16:58:02.692+0000] {logging_mixin.py:188} INFO - [2024-03-14T16:58:02.692+0000] {dagbag.py:540} INFO - Filling up the DagBag from /usr/local/lib/python3.8/dist-packages/airflow/example_dags/tutorial_dag.py
[2024-03-14T16:58:02.699+0000] {processor.py:840} INFO - DAG(s) 'tutorial_dag' retrieved from /usr/local/lib/python3.8/dist-packages/airflow/example_dags/tutorial_dag.py
[2024-03-14T16:58:02.719+0000] {logging_mixin.py:188} INFO - [2024-03-14T16:58:02.718+0000] {dag.py:3047} INFO - Sync 1 DAGs
[2024-03-14T16:58:02.732+0000] {logging_mixin.py:188} INFO - [2024-03-14T16:58:02.732+0000] {dag.py:3834} INFO - Setting next_dagrun for tutorial_dag to None, run_after=None
[2024-03-14T16:58:02.811+0000] {processor.py:183} INFO - Processing /usr/local/lib/python3.8/dist-packages/airflow/example_dags/tutorial_dag.py took 0.126 seconds
